#
# There is insufficient memory for the Java Runtime Environment to continue.
# Native memory allocation (malloc) failed to allocate 128656 bytes for Chunk::new
# Possible reasons:
#   The system is out of physical RAM or swap space
#   The process is running with CompressedOops enabled, and the Java Heap may be blocking the growth of the native heap
# Possible solutions:
#   Reduce memory load on the system
#   Increase physical memory or swap space
#   Check if swap backing store is full
#   Decrease Java heap size (-Xmx/-Xms)
#   Decrease number of Java threads
#   Decrease Java thread stack sizes (-Xss)
#   Set larger code cache with -XX:ReservedCodeCacheSize=
#   JVM is running with Zero Based Compressed Oops mode in which the Java heap is
#     placed in the first 32GB address space. The Java Heap base address is the
#     maximum limit for the native heap growth. Please use -XX:HeapBaseMinAddress
#     to set the Java Heap base and to place the Java Heap above 32GB virtual address.
# This output file may be truncated or incomplete.
#
#  Out of Memory Error (c:/cygwin64/tmp/openjdk-jdk13u-windows-x64-hotspot/workspace/build/src/src/hotspot/share/memory/arena.cpp:196), pid=32988, tid=23788
#
# JRE version: OpenJDK Runtime Environment (13.0.1+9) (build 13.0.1+9)
# Java VM: OpenJDK 64-Bit Server VM (13.0.1+9, mixed mode, sharing, tiered, compressed oops, g1 gc, windows-amd64)
# No core dump will be written. Minidumps are not enabled by default on client versions of Windows
#

---------------  S U M M A R Y ------------

Command Line: -Dfile.encoding=Cp1252 gameEngine.Start

Host: Intel(R) Core(TM) i7-7700HQ CPU @ 2.80GHz, 8 cores, 15G,  Windows 10 , 64 bit Build 18362 (10.0.18362.329)
Time: Thu Jan  9 22:35:38 2020 Pacific Standard Time elapsed time: 9 seconds (0d 0h 0m 9s)

---------------  T H R E A D  ---------------

Current thread (0x000002b6d8398800):  JavaThread "C2 CompilerThread0" daemon [_thread_in_native, id=23788, stack(0x000000bc36800000,0x000000bc36900000)]


Current CompileTask:
C2:   9476 1371       4       java.lang.AbstractStringBuilder::append (55 bytes)

Stack: [0x000000bc36800000,0x000000bc36900000]
Native frames: (J=compiled Java code, j=interpreted, Vv=VM code, C=native code)
V  [jvm.dll+0x62d39a]
V  [jvm.dll+0x7d62ba]
V  [jvm.dll+0x7d7a6f]
V  [jvm.dll+0x7d8073]
V  [jvm.dll+0x24f3a8]
V  [jvm.dll+0xc4bb7]
V  [jvm.dll+0xc513c]
V  [jvm.dll+0x2c1bf4]
V  [jvm.dll+0x54862d]
V  [jvm.dll+0x21164a]
V  [jvm.dll+0x20b060]
V  [jvm.dll+0x2082dd]
V  [jvm.dll+0x18cdcc]
V  [jvm.dll+0x2172dd]
V  [jvm.dll+0x21578b]
V  [jvm.dll+0x79bd26]
V  [jvm.dll+0x794e1a]
V  [jvm.dll+0x62c596]
C  [ucrtbase.dll+0x20e72]
C  [KERNEL32.DLL+0x17bd4]
C  [ntdll.dll+0x6ced1]


---------------  P R O C E S S  ---------------

Threads class SMR info:
_java_thread_list=0x000002b6d8d6b430, length=10, elements={
0x000002b6b1cf7800, 0x000002b6d7aef000, 0x000002b6d7af2800, 0x000002b6d8392800,
0x000002b6d8395800, 0x000002b6d8398800, 0x000002b6d839c800, 0x000002b6d83a6800,
0x000002b6d84db800, 0x000002b6d84eb800
}

Java Threads: ( => current thread )
  0x000002b6b1cf7800 JavaThread "main" [_thread_in_native, id=27664, stack(0x000000bc35d00000,0x000000bc35e00000)]
  0x000002b6d7aef000 JavaThread "Reference Handler" daemon [_thread_blocked, id=33440, stack(0x000000bc36400000,0x000000bc36500000)]
  0x000002b6d7af2800 JavaThread "Finalizer" daemon [_thread_blocked, id=25412, stack(0x000000bc36500000,0x000000bc36600000)]
  0x000002b6d8392800 JavaThread "Signal Dispatcher" daemon [_thread_blocked, id=28060, stack(0x000000bc36600000,0x000000bc36700000)]
  0x000002b6d8395800 JavaThread "Attach Listener" daemon [_thread_blocked, id=16028, stack(0x000000bc36700000,0x000000bc36800000)]
=>0x000002b6d8398800 JavaThread "C2 CompilerThread0" daemon [_thread_in_native, id=23788, stack(0x000000bc36800000,0x000000bc36900000)]
  0x000002b6d839c800 JavaThread "C1 CompilerThread0" daemon [_thread_blocked, id=29120, stack(0x000000bc36900000,0x000000bc36a00000)]
  0x000002b6d83a6800 JavaThread "Sweeper thread" daemon [_thread_blocked, id=24316, stack(0x000000bc36a00000,0x000000bc36b00000)]
  0x000002b6d84db800 JavaThread "Service Thread" daemon [_thread_blocked, id=17544, stack(0x000000bc36b00000,0x000000bc36c00000)]
  0x000002b6d84eb800 JavaThread "Common-Cleaner" daemon [_thread_blocked, id=33712, stack(0x000000bc36d00000,0x000000bc36e00000)]

Other Threads:
  0x000002b6d7aee800 VMThread "VM Thread" [stack: 0x000000bc36300000,0x000000bc36400000] [id=18896]
  0x000002b6d84de800 WatcherThread [stack: 0x000000bc36c00000,0x000000bc36d00000] [id=8864]
  0x000002b6b1d63000 GCTaskThread "GC Thread#0" [stack: 0x000000bc35e00000,0x000000bc35f00000] [id=27232]
  0x000002b6d9fb8000 GCTaskThread "GC Thread#1" [stack: 0x000000bc37900000,0x000000bc37a00000] [id=30104]
  0x000002b6d9f76800 GCTaskThread "GC Thread#2" [stack: 0x000000bc37a00000,0x000000bc37b00000] [id=33032]
  0x000002b6d9f77800 GCTaskThread "GC Thread#3" [stack: 0x000000bc37b00000,0x000000bc37c00000] [id=18844]
  0x000002b6d9d9a000 GCTaskThread "GC Thread#4" [stack: 0x000000bc37c00000,0x000000bc37d00000] [id=2496]
  0x000002b6d9d9b000 GCTaskThread "GC Thread#5" [stack: 0x000000bc37d00000,0x000000bc37e00000] [id=3456]
  0x000002b6b1d85000 ConcurrentGCThread "G1 Main Marker" [stack: 0x000000bc35f00000,0x000000bc36000000] [id=30212]
  0x000002b6b1d86800 ConcurrentGCThread "G1 Conc#0" [stack: 0x000000bc36000000,0x000000bc36100000] [id=13288]
  0x000002b6d79e3000 ConcurrentGCThread "G1 Refine#0" [stack: 0x000000bc36100000,0x000000bc36200000] [id=2556]
  0x000002b6d79e4800 ConcurrentGCThread "G1 Young RemSet Sampling" [stack: 0x000000bc36200000,0x000000bc36300000] [id=31020]

Threads with active compile tasks:
C2 CompilerThread0     9535 1371       4       java.lang.AbstractStringBuilder::append (55 bytes)

VM state:not at safepoint (normal execution)

VM Mutex/Monitor currently owned by a thread: None

Heap address: 0x0000000702200000, size: 4062 MB, Compressed Oops mode: Zero based, Oop shift amount: 3
Narrow klass base: 0x0000000800000000, Narrow klass shift: 3
Compressed class space size: 1073741824 Address: 0x0000000800b50000

Heap:
 garbage-first heap   total 260096K, used 74581K [0x0000000702200000, 0x0000000800000000)
  region size 1024K, 74 young (75776K), 3 survivors (3072K)
 Metaspace       used 7762K, capacity 10600K, committed 10752K, reserved 1058816K
  class space    used 376K, capacity 689K, committed 768K, reserved 1048576K
Heap Regions: E=young(eden), S=young(survivor), O=old, HS=humongous(starts), HC=humongous(continues), CS=collection set, F=free, A=archive, TAMS=top-at-mark-start (previous, next)
|   0|0x0000000702200000, 0x0000000702200000, 0x0000000702300000|  0%| F|  |TAMS 0x0000000702200000, 0x0000000702200000| Untracked 
|   1|0x0000000702300000, 0x0000000702300000, 0x0000000702400000|  0%| F|  |TAMS 0x0000000702300000, 0x0000000702300000| Untracked 
|   2|0x0000000702400000, 0x0000000702400000, 0x0000000702500000|  0%| F|  |TAMS 0x0000000702400000, 0x0000000702400000| Untracked 
|   3|0x0000000702500000, 0x0000000702500000, 0x0000000702600000|  0%| F|  |TAMS 0x0000000702500000, 0x0000000702500000| Untracked 
|   4|0x0000000702600000, 0x0000000702600000, 0x0000000702700000|  0%| F|  |TAMS 0x0000000702600000, 0x0000000702600000| Untracked 
|   5|0x0000000702700000, 0x0000000702700000, 0x0000000702800000|  0%| F|  |TAMS 0x0000000702700000, 0x0000000702700000| Untracked 
|   6|0x0000000702800000, 0x0000000702800000, 0x0000000702900000|  0%| F|  |TAMS 0x0000000702800000, 0x0000000702800000| Untracked 
|   7|0x0000000702900000, 0x0000000702900000, 0x0000000702a00000|  0%| F|  |TAMS 0x0000000702900000, 0x0000000702900000| Untracked 
|   8|0x0000000702a00000, 0x0000000702a00000, 0x0000000702b00000|  0%| F|  |TAMS 0x0000000702a00000, 0x0000000702a00000| Untracked 
|   9|0x0000000702b00000, 0x0000000702b00000, 0x0000000702c00000|  0%| F|  |TAMS 0x0000000702b00000, 0x0000000702b00000| Untracked 
|  10|0x0000000702c00000, 0x0000000702c00000, 0x0000000702d00000|  0%| F|  |TAMS 0x0000000702c00000, 0x0000000702c00000| Untracked 
|  11|0x0000000702d00000, 0x0000000702d00000, 0x0000000702e00000|  0%| F|  |TAMS 0x0000000702d00000, 0x0000000702d00000| Untracked 
|  12|0x0000000702e00000, 0x0000000702e00000, 0x0000000702f00000|  0%| F|  |TAMS 0x0000000702e00000, 0x0000000702e00000| Untracked 
|  13|0x0000000702f00000, 0x0000000702f00000, 0x0000000703000000|  0%| F|  |TAMS 0x0000000702f00000, 0x0000000702f00000| Untracked 
|  14|0x0000000703000000, 0x0000000703000000, 0x0000000703100000|  0%| F|  |TAMS 0x0000000703000000, 0x0000000703000000| Untracked 
|  15|0x0000000703100000, 0x0000000703100000, 0x0000000703200000|  0%| F|  |TAMS 0x0000000703100000, 0x0000000703100000| Untracked 
|  16|0x0000000703200000, 0x0000000703200000, 0x0000000703300000|  0%| F|  |TAMS 0x0000000703200000, 0x0000000703200000| Untracked 
|  17|0x0000000703300000, 0x0000000703300000, 0x0000000703400000|  0%| F|  |TAMS 0x0000000703300000, 0x0000000703300000| Untracked 
|  18|0x0000000703400000, 0x0000000703400000, 0x0000000703500000|  0%| F|  |TAMS 0x0000000703400000, 0x0000000703400000| Untracked 
|  19|0x0000000703500000, 0x0000000703500000, 0x0000000703600000|  0%| F|  |TAMS 0x0000000703500000, 0x0000000703500000| Untracked 
|  20|0x0000000703600000, 0x0000000703600000, 0x0000000703700000|  0%| F|  |TAMS 0x0000000703600000, 0x0000000703600000| Untracked 
|  21|0x0000000703700000, 0x0000000703700000, 0x0000000703800000|  0%| F|  |TAMS 0x0000000703700000, 0x0000000703700000| Untracked 
|  22|0x0000000703800000, 0x0000000703800000, 0x0000000703900000|  0%| F|  |TAMS 0x0000000703800000, 0x0000000703800000| Untracked 
|  23|0x0000000703900000, 0x0000000703900000, 0x0000000703a00000|  0%| F|  |TAMS 0x0000000703900000, 0x0000000703900000| Untracked 
|  24|0x0000000703a00000, 0x0000000703a00000, 0x0000000703b00000|  0%| F|  |TAMS 0x0000000703a00000, 0x0000000703a00000| Untracked 
|  25|0x0000000703b00000, 0x0000000703b00000, 0x0000000703c00000|  0%| F|  |TAMS 0x0000000703b00000, 0x0000000703b00000| Untracked 
|  26|0x0000000703c00000, 0x0000000703c00000, 0x0000000703d00000|  0%| F|  |TAMS 0x0000000703c00000, 0x0000000703c00000| Untracked 
|  27|0x0000000703d00000, 0x0000000703d00000, 0x0000000703e00000|  0%| F|  |TAMS 0x0000000703d00000, 0x0000000703d00000| Untracked 
|  28|0x0000000703e00000, 0x0000000703e00000, 0x0000000703f00000|  0%| F|  |TAMS 0x0000000703e00000, 0x0000000703e00000| Untracked 
|  29|0x0000000703f00000, 0x0000000703f00000, 0x0000000704000000|  0%| F|  |TAMS 0x0000000703f00000, 0x0000000703f00000| Untracked 
|  30|0x0000000704000000, 0x0000000704000000, 0x0000000704100000|  0%| F|  |TAMS 0x0000000704000000, 0x0000000704000000| Untracked 
|  31|0x0000000704100000, 0x0000000704100000, 0x0000000704200000|  0%| F|  |TAMS 0x0000000704100000, 0x0000000704100000| Untracked 
|  32|0x0000000704200000, 0x0000000704200000, 0x0000000704300000|  0%| F|  |TAMS 0x0000000704200000, 0x0000000704200000| Untracked 
|  33|0x0000000704300000, 0x0000000704300000, 0x0000000704400000|  0%| F|  |TAMS 0x0000000704300000, 0x0000000704300000| Untracked 
|  34|0x0000000704400000, 0x0000000704400000, 0x0000000704500000|  0%| F|  |TAMS 0x0000000704400000, 0x0000000704400000| Untracked 
|  35|0x0000000704500000, 0x0000000704500000, 0x0000000704600000|  0%| F|  |TAMS 0x0000000704500000, 0x0000000704500000| Untracked 
|  36|0x0000000704600000, 0x0000000704600000, 0x0000000704700000|  0%| F|  |TAMS 0x0000000704600000, 0x0000000704600000| Untracked 
|  37|0x0000000704700000, 0x0000000704700000, 0x0000000704800000|  0%| F|  |TAMS 0x0000000704700000, 0x0000000704700000| Untracked 
|  38|0x0000000704800000, 0x0000000704800000, 0x0000000704900000|  0%| F|  |TAMS 0x0000000704800000, 0x0000000704800000| Untracked 
|  39|0x0000000704900000, 0x0000000704900000, 0x0000000704a00000|  0%| F|  |TAMS 0x0000000704900000, 0x0000000704900000| Untracked 
|  40|0x0000000704a00000, 0x0000000704a00000, 0x0000000704b00000|  0%| F|  |TAMS 0x0000000704a00000, 0x0000000704a00000| Untracked 
|  41|0x0000000704b00000, 0x0000000704b00000, 0x0000000704c00000|  0%| F|  |TAMS 0x0000000704b00000, 0x0000000704b00000| Untracked 
|  42|0x0000000704c00000, 0x0000000704c00000, 0x0000000704d00000|  0%| F|  |TAMS 0x0000000704c00000, 0x0000000704c00000| Untracked 
|  43|0x0000000704d00000, 0x0000000704d00000, 0x0000000704e00000|  0%| F|  |TAMS 0x0000000704d00000, 0x0000000704d00000| Untracked 
|  44|0x0000000704e00000, 0x0000000704e00000, 0x0000000704f00000|  0%| F|  |TAMS 0x0000000704e00000, 0x0000000704e00000| Untracked 
|  45|0x0000000704f00000, 0x0000000704f00000, 0x0000000705000000|  0%| F|  |TAMS 0x0000000704f00000, 0x0000000704f00000| Untracked 
|  46|0x0000000705000000, 0x0000000705000000, 0x0000000705100000|  0%| F|  |TAMS 0x0000000705000000, 0x0000000705000000| Untracked 
|  47|0x0000000705100000, 0x0000000705100000, 0x0000000705200000|  0%| F|  |TAMS 0x0000000705100000, 0x0000000705100000| Untracked 
|  48|0x0000000705200000, 0x0000000705200000, 0x0000000705300000|  0%| F|  |TAMS 0x0000000705200000, 0x0000000705200000| Untracked 
|  49|0x0000000705300000, 0x0000000705300000, 0x0000000705400000|  0%| F|  |TAMS 0x0000000705300000, 0x0000000705300000| Untracked 
|  50|0x0000000705400000, 0x0000000705400000, 0x0000000705500000|  0%| F|  |TAMS 0x0000000705400000, 0x0000000705400000| Untracked 
|  51|0x0000000705500000, 0x0000000705500000, 0x0000000705600000|  0%| F|  |TAMS 0x0000000705500000, 0x0000000705500000| Untracked 
|  52|0x0000000705600000, 0x0000000705600000, 0x0000000705700000|  0%| F|  |TAMS 0x0000000705600000, 0x0000000705600000| Untracked 
|  53|0x0000000705700000, 0x0000000705700000, 0x0000000705800000|  0%| F|  |TAMS 0x0000000705700000, 0x0000000705700000| Untracked 
|  54|0x0000000705800000, 0x0000000705800000, 0x0000000705900000|  0%| F|  |TAMS 0x0000000705800000, 0x0000000705800000| Untracked 
|  55|0x0000000705900000, 0x0000000705900000, 0x0000000705a00000|  0%| F|  |TAMS 0x0000000705900000, 0x0000000705900000| Untracked 
|  56|0x0000000705a00000, 0x0000000705a00000, 0x0000000705b00000|  0%| F|  |TAMS 0x0000000705a00000, 0x0000000705a00000| Untracked 
|  57|0x0000000705b00000, 0x0000000705b00000, 0x0000000705c00000|  0%| F|  |TAMS 0x0000000705b00000, 0x0000000705b00000| Untracked 
|  58|0x0000000705c00000, 0x0000000705c00000, 0x0000000705d00000|  0%| F|  |TAMS 0x0000000705c00000, 0x0000000705c00000| Untracked 
|  59|0x0000000705d00000, 0x0000000705d00000, 0x0000000705e00000|  0%| F|  |TAMS 0x0000000705d00000, 0x0000000705d00000| Untracked 
|  60|0x0000000705e00000, 0x0000000705e00000, 0x0000000705f00000|  0%| F|  |TAMS 0x0000000705e00000, 0x0000000705e00000| Untracked 
|  61|0x0000000705f00000, 0x0000000705f00000, 0x0000000706000000|  0%| F|  |TAMS 0x0000000705f00000, 0x0000000705f00000| Untracked 
|  62|0x0000000706000000, 0x0000000706000000, 0x0000000706100000|  0%| F|  |TAMS 0x0000000706000000, 0x0000000706000000| Untracked 
|  63|0x0000000706100000, 0x0000000706100000, 0x0000000706200000|  0%| F|  |TAMS 0x0000000706100000, 0x0000000706100000| Untracked 
|  64|0x0000000706200000, 0x0000000706200000, 0x0000000706300000|  0%| F|  |TAMS 0x0000000706200000, 0x0000000706200000| Untracked 
|  65|0x0000000706300000, 0x0000000706300000, 0x0000000706400000|  0%| F|  |TAMS 0x0000000706300000, 0x0000000706300000| Untracked 
|  66|0x0000000706400000, 0x0000000706400000, 0x0000000706500000|  0%| F|  |TAMS 0x0000000706400000, 0x0000000706400000| Untracked 
|  67|0x0000000706500000, 0x0000000706500000, 0x0000000706600000|  0%| F|  |TAMS 0x0000000706500000, 0x0000000706500000| Untracked 
|  68|0x0000000706600000, 0x0000000706600000, 0x0000000706700000|  0%| F|  |TAMS 0x0000000706600000, 0x0000000706600000| Untracked 
|  69|0x0000000706700000, 0x0000000706700000, 0x0000000706800000|  0%| F|  |TAMS 0x0000000706700000, 0x0000000706700000| Untracked 
|  70|0x0000000706800000, 0x0000000706800000, 0x0000000706900000|  0%| F|  |TAMS 0x0000000706800000, 0x0000000706800000| Untracked 
|  71|0x0000000706900000, 0x0000000706900000, 0x0000000706a00000|  0%| F|  |TAMS 0x0000000706900000, 0x0000000706900000| Untracked 
|  72|0x0000000706a00000, 0x0000000706a00000, 0x0000000706b00000|  0%| F|  |TAMS 0x0000000706a00000, 0x0000000706a00000| Untracked 
|  73|0x0000000706b00000, 0x0000000706b00000, 0x0000000706c00000|  0%| F|  |TAMS 0x0000000706b00000, 0x0000000706b00000| Untracked 
|  74|0x0000000706c00000, 0x0000000706c00000, 0x0000000706d00000|  0%| F|  |TAMS 0x0000000706c00000, 0x0000000706c00000| Untracked 
|  75|0x0000000706d00000, 0x0000000706d00000, 0x0000000706e00000|  0%| F|  |TAMS 0x0000000706d00000, 0x0000000706d00000| Untracked 
|  76|0x0000000706e00000, 0x0000000706e00000, 0x0000000706f00000|  0%| F|  |TAMS 0x0000000706e00000, 0x0000000706e00000| Untracked 
|  77|0x0000000706f00000, 0x0000000706f00000, 0x0000000707000000|  0%| F|  |TAMS 0x0000000706f00000, 0x0000000706f00000| Untracked 
|  78|0x0000000707000000, 0x0000000707000000, 0x0000000707100000|  0%| F|  |TAMS 0x0000000707000000, 0x0000000707000000| Untracked 
|  79|0x0000000707100000, 0x0000000707100000, 0x0000000707200000|  0%| F|  |TAMS 0x0000000707100000, 0x0000000707100000| Untracked 
|  80|0x0000000707200000, 0x0000000707200000, 0x0000000707300000|  0%| F|  |TAMS 0x0000000707200000, 0x0000000707200000| Untracked 
|  81|0x0000000707300000, 0x0000000707300000, 0x0000000707400000|  0%| F|  |TAMS 0x0000000707300000, 0x0000000707300000| Untracked 
|  82|0x0000000707400000, 0x0000000707400000, 0x0000000707500000|  0%| F|  |TAMS 0x0000000707400000, 0x0000000707400000| Untracked 
|  83|0x0000000707500000, 0x0000000707500000, 0x0000000707600000|  0%| F|  |TAMS 0x0000000707500000, 0x0000000707500000| Untracked 
|  84|0x0000000707600000, 0x0000000707600000, 0x0000000707700000|  0%| F|  |TAMS 0x0000000707600000, 0x0000000707600000| Untracked 
|  85|0x0000000707700000, 0x0000000707700000, 0x0000000707800000|  0%| F|  |TAMS 0x0000000707700000, 0x0000000707700000| Untracked 
|  86|0x0000000707800000, 0x0000000707800000, 0x0000000707900000|  0%| F|  |TAMS 0x0000000707800000, 0x0000000707800000| Untracked 
|  87|0x0000000707900000, 0x0000000707900000, 0x0000000707a00000|  0%| F|  |TAMS 0x0000000707900000, 0x0000000707900000| Untracked 
|  88|0x0000000707a00000, 0x0000000707a00000, 0x0000000707b00000|  0%| F|  |TAMS 0x0000000707a00000, 0x0000000707a00000| Untracked 
|  89|0x0000000707b00000, 0x0000000707b00000, 0x0000000707c00000|  0%| F|  |TAMS 0x0000000707b00000, 0x0000000707b00000| Untracked 
|  90|0x0000000707c00000, 0x0000000707c00000, 0x0000000707d00000|  0%| F|  |TAMS 0x0000000707c00000, 0x0000000707c00000| Untracked 
|  91|0x0000000707d00000, 0x0000000707d00000, 0x0000000707e00000|  0%| F|  |TAMS 0x0000000707d00000, 0x0000000707d00000| Untracked 
|  92|0x0000000707e00000, 0x0000000707e00000, 0x0000000707f00000|  0%| F|  |TAMS 0x0000000707e00000, 0x0000000707e00000| Untracked 
|  93|0x0000000707f00000, 0x0000000707f00000, 0x0000000708000000|  0%| F|  |TAMS 0x0000000707f00000, 0x0000000707f00000| Untracked 
|  94|0x0000000708000000, 0x0000000708000000, 0x0000000708100000|  0%| F|  |TAMS 0x0000000708000000, 0x0000000708000000| Untracked 
|  95|0x0000000708100000, 0x0000000708100000, 0x0000000708200000|  0%| F|  |TAMS 0x0000000708100000, 0x0000000708100000| Untracked 
|  96|0x0000000708200000, 0x0000000708200000, 0x0000000708300000|  0%| F|  |TAMS 0x0000000708200000, 0x0000000708200000| Untracked 
|  97|0x0000000708300000, 0x0000000708300000, 0x0000000708400000|  0%| F|  |TAMS 0x0000000708300000, 0x0000000708300000| Untracked 
|  98|0x0000000708400000, 0x0000000708400000, 0x0000000708500000|  0%| F|  |TAMS 0x0000000708400000, 0x0000000708400000| Untracked 
|  99|0x0000000708500000, 0x0000000708500000, 0x0000000708600000|  0%| F|  |TAMS 0x0000000708500000, 0x0000000708500000| Untracked 
| 100|0x0000000708600000, 0x0000000708600000, 0x0000000708700000|  0%| F|  |TAMS 0x0000000708600000, 0x0000000708600000| Untracked 
| 101|0x0000000708700000, 0x0000000708700000, 0x0000000708800000|  0%| F|  |TAMS 0x0000000708700000, 0x0000000708700000| Untracked 
| 102|0x0000000708800000, 0x0000000708800000, 0x0000000708900000|  0%| F|  |TAMS 0x0000000708800000, 0x0000000708800000| Untracked 
| 103|0x0000000708900000, 0x0000000708900000, 0x0000000708a00000|  0%| F|  |TAMS 0x0000000708900000, 0x0000000708900000| Untracked 
| 104|0x0000000708a00000, 0x0000000708a00000, 0x0000000708b00000|  0%| F|  |TAMS 0x0000000708a00000, 0x0000000708a00000| Untracked 
| 105|0x0000000708b00000, 0x0000000708b00000, 0x0000000708c00000|  0%| F|  |TAMS 0x0000000708b00000, 0x0000000708b00000| Untracked 
| 106|0x0000000708c00000, 0x0000000708c00000, 0x0000000708d00000|  0%| F|  |TAMS 0x0000000708c00000, 0x0000000708c00000| Untracked 
| 107|0x0000000708d00000, 0x0000000708d00000, 0x0000000708e00000|  0%| F|  |TAMS 0x0000000708d00000, 0x0000000708d00000| Untracked 
| 108|0x0000000708e00000, 0x0000000708e00000, 0x0000000708f00000|  0%| F|  |TAMS 0x0000000708e00000, 0x0000000708e00000| Untracked 
| 109|0x0000000708f00000, 0x0000000708f00000, 0x0000000709000000|  0%| F|  |TAMS 0x0000000708f00000, 0x0000000708f00000| Untracked 
| 110|0x0000000709000000, 0x0000000709000000, 0x0000000709100000|  0%| F|  |TAMS 0x0000000709000000, 0x0000000709000000| Untracked 
| 111|0x0000000709100000, 0x0000000709100000, 0x0000000709200000|  0%| F|  |TAMS 0x0000000709100000, 0x0000000709100000| Untracked 
| 112|0x0000000709200000, 0x0000000709200000, 0x0000000709300000|  0%| F|  |TAMS 0x0000000709200000, 0x0000000709200000| Untracked 
| 113|0x0000000709300000, 0x0000000709300000, 0x0000000709400000|  0%| F|  |TAMS 0x0000000709300000, 0x0000000709300000| Untracked 
| 114|0x0000000709400000, 0x0000000709400000, 0x0000000709500000|  0%| F|  |TAMS 0x0000000709400000, 0x0000000709400000| Untracked 
| 115|0x0000000709500000, 0x0000000709500000, 0x0000000709600000|  0%| F|  |TAMS 0x0000000709500000, 0x0000000709500000| Untracked 
| 116|0x0000000709600000, 0x0000000709600000, 0x0000000709700000|  0%| F|  |TAMS 0x0000000709600000, 0x0000000709600000| Untracked 
| 117|0x0000000709700000, 0x0000000709700000, 0x0000000709800000|  0%| F|  |TAMS 0x0000000709700000, 0x0000000709700000| Untracked 
| 118|0x0000000709800000, 0x0000000709800000, 0x0000000709900000|  0%| F|  |TAMS 0x0000000709800000, 0x0000000709800000| Untracked 
| 119|0x0000000709900000, 0x0000000709900000, 0x0000000709a00000|  0%| F|  |TAMS 0x0000000709900000, 0x0000000709900000| Untracked 
| 120|0x0000000709a00000, 0x0000000709a00000, 0x0000000709b00000|  0%| F|  |TAMS 0x0000000709a00000, 0x0000000709a00000| Untracked 
| 121|0x0000000709b00000, 0x0000000709b00000, 0x0000000709c00000|  0%| F|  |TAMS 0x0000000709b00000, 0x0000000709b00000| Untracked 
| 122|0x0000000709c00000, 0x0000000709c00000, 0x0000000709d00000|  0%| F|  |TAMS 0x0000000709c00000, 0x0000000709c00000| Untracked 
| 123|0x0000000709d00000, 0x0000000709d00000, 0x0000000709e00000|  0%| F|  |TAMS 0x0000000709d00000, 0x0000000709d00000| Untracked 
| 124|0x0000000709e00000, 0x0000000709e00000, 0x0000000709f00000|  0%| F|  |TAMS 0x0000000709e00000, 0x0000000709e00000| Untracked 
| 125|0x0000000709f00000, 0x0000000709f00000, 0x000000070a000000|  0%| F|  |TAMS 0x0000000709f00000, 0x0000000709f00000| Untracked 
| 126|0x000000070a000000, 0x000000070a000000, 0x000000070a100000|  0%| F|  |TAMS 0x000000070a000000, 0x000000070a000000| Untracked 
| 127|0x000000070a100000, 0x000000070a100000, 0x000000070a200000|  0%| F|  |TAMS 0x000000070a100000, 0x000000070a100000| Untracked 
| 128|0x000000070a200000, 0x000000070a200000, 0x000000070a300000|  0%| F|  |TAMS 0x000000070a200000, 0x000000070a200000| Untracked 
| 129|0x000000070a300000, 0x000000070a300000, 0x000000070a400000|  0%| F|  |TAMS 0x000000070a300000, 0x000000070a300000| Untracked 
| 130|0x000000070a400000, 0x000000070a400000, 0x000000070a500000|  0%| F|  |TAMS 0x000000070a400000, 0x000000070a400000| Untracked 
| 131|0x000000070a500000, 0x000000070a500000, 0x000000070a600000|  0%| F|  |TAMS 0x000000070a500000, 0x000000070a500000| Untracked 
| 132|0x000000070a600000, 0x000000070a600000, 0x000000070a700000|  0%| F|  |TAMS 0x000000070a600000, 0x000000070a600000| Untracked 
| 133|0x000000070a700000, 0x000000070a700000, 0x000000070a800000|  0%| F|  |TAMS 0x000000070a700000, 0x000000070a700000| Untracked 
| 134|0x000000070a800000, 0x000000070a800000, 0x000000070a900000|  0%| F|  |TAMS 0x000000070a800000, 0x000000070a800000| Untracked 
| 135|0x000000070a900000, 0x000000070a900000, 0x000000070aa00000|  0%| F|  |TAMS 0x000000070a900000, 0x000000070a900000| Untracked 
| 136|0x000000070aa00000, 0x000000070aa00000, 0x000000070ab00000|  0%| F|  |TAMS 0x000000070aa00000, 0x000000070aa00000| Untracked 
| 137|0x000000070ab00000, 0x000000070ab00000, 0x000000070ac00000|  0%| F|  |TAMS 0x000000070ab00000, 0x000000070ab00000| Untracked 
| 138|0x000000070ac00000, 0x000000070ac00000, 0x000000070ad00000|  0%| F|  |TAMS 0x000000070ac00000, 0x000000070ac00000| Untracked 
| 139|0x000000070ad00000, 0x000000070ad00000, 0x000000070ae00000|  0%| F|  |TAMS 0x000000070ad00000, 0x000000070ad00000| Untracked 
| 140|0x000000070ae00000, 0x000000070ae00000, 0x000000070af00000|  0%| F|  |TAMS 0x000000070ae00000, 0x000000070ae00000| Untracked 
| 141|0x000000070af00000, 0x000000070af00000, 0x000000070b000000|  0%| F|  |TAMS 0x000000070af00000, 0x000000070af00000| Untracked 
| 142|0x000000070b000000, 0x000000070b000000, 0x000000070b100000|  0%| F|  |TAMS 0x000000070b000000, 0x000000070b000000| Untracked 
| 143|0x000000070b100000, 0x000000070b100000, 0x000000070b200000|  0%| F|  |TAMS 0x000000070b100000, 0x000000070b100000| Untracked 
| 144|0x000000070b200000, 0x000000070b200000, 0x000000070b300000|  0%| F|  |TAMS 0x000000070b200000, 0x000000070b200000| Untracked 
| 145|0x000000070b300000, 0x000000070b300000, 0x000000070b400000|  0%| F|  |TAMS 0x000000070b300000, 0x000000070b300000| Untracked 
| 146|0x000000070b400000, 0x000000070b400000, 0x000000070b500000|  0%| F|  |TAMS 0x000000070b400000, 0x000000070b400000| Untracked 
| 147|0x000000070b500000, 0x000000070b500000, 0x000000070b600000|  0%| F|  |TAMS 0x000000070b500000, 0x000000070b500000| Untracked 
| 148|0x000000070b600000, 0x000000070b600000, 0x000000070b700000|  0%| F|  |TAMS 0x000000070b600000, 0x000000070b600000| Untracked 
| 149|0x000000070b700000, 0x000000070b700000, 0x000000070b800000|  0%| F|  |TAMS 0x000000070b700000, 0x000000070b700000| Untracked 
| 150|0x000000070b800000, 0x000000070b800000, 0x000000070b900000|  0%| F|  |TAMS 0x000000070b800000, 0x000000070b800000| Untracked 
| 151|0x000000070b900000, 0x000000070b900000, 0x000000070ba00000|  0%| F|  |TAMS 0x000000070b900000, 0x000000070b900000| Untracked 
| 152|0x000000070ba00000, 0x000000070ba00000, 0x000000070bb00000|  0%| F|  |TAMS 0x000000070ba00000, 0x000000070ba00000| Untracked 
| 153|0x000000070bb00000, 0x000000070bb00000, 0x000000070bc00000|  0%| F|  |TAMS 0x000000070bb00000, 0x000000070bb00000| Untracked 
| 154|0x000000070bc00000, 0x000000070bc00000, 0x000000070bd00000|  0%| F|  |TAMS 0x000000070bc00000, 0x000000070bc00000| Untracked 
| 155|0x000000070bd00000, 0x000000070bd00000, 0x000000070be00000|  0%| F|  |TAMS 0x000000070bd00000, 0x000000070bd00000| Untracked 
| 156|0x000000070be00000, 0x000000070be00000, 0x000000070bf00000|  0%| F|  |TAMS 0x000000070be00000, 0x000000070be00000| Untracked 
| 157|0x000000070bf00000, 0x000000070bf00000, 0x000000070c000000|  0%| F|  |TAMS 0x000000070bf00000, 0x000000070bf00000| Untracked 
| 158|0x000000070c000000, 0x000000070c000000, 0x000000070c100000|  0%| F|  |TAMS 0x000000070c000000, 0x000000070c000000| Untracked 
| 159|0x000000070c100000, 0x000000070c100000, 0x000000070c200000|  0%| F|  |TAMS 0x000000070c100000, 0x000000070c100000| Untracked 
| 160|0x000000070c200000, 0x000000070c200000, 0x000000070c300000|  0%| F|  |TAMS 0x000000070c200000, 0x000000070c200000| Untracked 
| 161|0x000000070c300000, 0x000000070c300000, 0x000000070c400000|  0%| F|  |TAMS 0x000000070c300000, 0x000000070c300000| Untracked 
| 162|0x000000070c400000, 0x000000070c400000, 0x000000070c500000|  0%| F|  |TAMS 0x000000070c400000, 0x000000070c400000| Untracked 
| 163|0x000000070c500000, 0x000000070c500000, 0x000000070c600000|  0%| F|  |TAMS 0x000000070c500000, 0x000000070c500000| Untracked 
| 164|0x000000070c600000, 0x000000070c600000, 0x000000070c700000|  0%| F|  |TAMS 0x000000070c600000, 0x000000070c600000| Untracked 
| 165|0x000000070c700000, 0x000000070c700000, 0x000000070c800000|  0%| F|  |TAMS 0x000000070c700000, 0x000000070c700000| Untracked 
| 166|0x000000070c800000, 0x000000070c800000, 0x000000070c900000|  0%| F|  |TAMS 0x000000070c800000, 0x000000070c800000| Untracked 
| 167|0x000000070c900000, 0x000000070c900000, 0x000000070ca00000|  0%| F|  |TAMS 0x000000070c900000, 0x000000070c900000| Untracked 
| 168|0x000000070ca00000, 0x000000070ca00000, 0x000000070cb00000|  0%| F|  |TAMS 0x000000070ca00000, 0x000000070ca00000| Untracked 
| 169|0x000000070cb00000, 0x000000070cb00000, 0x000000070cc00000|  0%| F|  |TAMS 0x000000070cb00000, 0x000000070cb00000| Untracked 
| 170|0x000000070cc00000, 0x000000070cc00000, 0x000000070cd00000|  0%| F|  |TAMS 0x000000070cc00000, 0x000000070cc00000| Untracked 
| 171|0x000000070cd00000, 0x000000070cd00000, 0x000000070ce00000|  0%| F|  |TAMS 0x000000070cd00000, 0x000000070cd00000| Untracked 
| 172|0x000000070ce00000, 0x000000070ce00000, 0x000000070cf00000|  0%| F|  |TAMS 0x000000070ce00000, 0x000000070ce00000| Untracked 
| 173|0x000000070cf00000, 0x000000070cf00000, 0x000000070d000000|  0%| F|  |TAMS 0x000000070cf00000, 0x000000070cf00000| Untracked 
| 174|0x000000070d000000, 0x000000070d000000, 0x000000070d100000|  0%| F|  |TAMS 0x000000070d000000, 0x000000070d000000| Untracked 
| 175|0x000000070d100000, 0x000000070d100000, 0x000000070d200000|  0%| F|  |TAMS 0x000000070d100000, 0x000000070d100000| Untracked 
| 176|0x000000070d200000, 0x000000070d200000, 0x000000070d300000|  0%| F|  |TAMS 0x000000070d200000, 0x000000070d200000| Untracked 
| 177|0x000000070d300000, 0x000000070d300000, 0x000000070d400000|  0%| F|  |TAMS 0x000000070d300000, 0x000000070d300000| Untracked 
| 178|0x000000070d400000, 0x000000070d400000, 0x000000070d500000|  0%| F|  |TAMS 0x000000070d400000, 0x000000070d400000| Untracked 
| 179|0x000000070d500000, 0x000000070d500000, 0x000000070d600000|  0%| F|  |TAMS 0x000000070d500000, 0x000000070d500000| Untracked 
| 180|0x000000070d600000, 0x000000070d700000, 0x000000070d700000|100%| E|  |TAMS 0x000000070d600000, 0x000000070d600000| Complete 
| 181|0x000000070d700000, 0x000000070d800000, 0x000000070d800000|100%| E|CS|TAMS 0x000000070d700000, 0x000000070d700000| Complete 
| 182|0x000000070d800000, 0x000000070d900000, 0x000000070d900000|100%| E|CS|TAMS 0x000000070d800000, 0x000000070d800000| Complete 
| 183|0x000000070d900000, 0x000000070da00000, 0x000000070da00000|100%| E|CS|TAMS 0x000000070d900000, 0x000000070d900000| Complete 
| 184|0x000000070da00000, 0x000000070db00000, 0x000000070db00000|100%| E|CS|TAMS 0x000000070da00000, 0x000000070da00000| Complete 
| 185|0x000000070db00000, 0x000000070dc00000, 0x000000070dc00000|100%| E|CS|TAMS 0x000000070db00000, 0x000000070db00000| Complete 
| 186|0x000000070dc00000, 0x000000070dd00000, 0x000000070dd00000|100%| E|CS|TAMS 0x000000070dc00000, 0x000000070dc00000| Complete 
| 187|0x000000070dd00000, 0x000000070de00000, 0x000000070de00000|100%| E|CS|TAMS 0x000000070dd00000, 0x000000070dd00000| Complete 
| 188|0x000000070de00000, 0x000000070df00000, 0x000000070df00000|100%| E|CS|TAMS 0x000000070de00000, 0x000000070de00000| Complete 
| 189|0x000000070df00000, 0x000000070e000000, 0x000000070e000000|100%| E|CS|TAMS 0x000000070df00000, 0x000000070df00000| Complete 
| 190|0x000000070e000000, 0x000000070e100000, 0x000000070e100000|100%| E|CS|TAMS 0x000000070e000000, 0x000000070e000000| Complete 
| 191|0x000000070e100000, 0x000000070e200000, 0x000000070e200000|100%| E|CS|TAMS 0x000000070e100000, 0x000000070e100000| Complete 
| 192|0x000000070e200000, 0x000000070e300000, 0x000000070e300000|100%| E|CS|TAMS 0x000000070e200000, 0x000000070e200000| Complete 
| 193|0x000000070e300000, 0x000000070e400000, 0x000000070e400000|100%| E|CS|TAMS 0x000000070e300000, 0x000000070e300000| Complete 
| 194|0x000000070e400000, 0x000000070e500000, 0x000000070e500000|100%| E|CS|TAMS 0x000000070e400000, 0x000000070e400000| Complete 
| 195|0x000000070e500000, 0x000000070e600000, 0x000000070e600000|100%| E|CS|TAMS 0x000000070e500000, 0x000000070e500000| Complete 
| 196|0x000000070e600000, 0x000000070e700000, 0x000000070e700000|100%| E|CS|TAMS 0x000000070e600000, 0x000000070e600000| Complete 
| 197|0x000000070e700000, 0x000000070e800000, 0x000000070e800000|100%| E|CS|TAMS 0x000000070e700000, 0x000000070e700000| Complete 
| 198|0x000000070e800000, 0x000000070e900000, 0x000000070e900000|100%| E|CS|TAMS 0x000000070e800000, 0x000000070e800000| Complete 
| 199|0x000000070e900000, 0x000000070ea00000, 0x000000070ea00000|100%| E|CS|TAMS 0x000000070e900000, 0x000000070e900000| Complete 
| 200|0x000000070ea00000, 0x000000070eb00000, 0x000000070eb00000|100%| E|CS|TAMS 0x000000070ea00000, 0x000000070ea00000| Complete 
| 201|0x000000070eb00000, 0x000000070ec00000, 0x000000070ec00000|100%| E|CS|TAMS 0x000000070eb00000, 0x000000070eb00000| Complete 
| 202|0x000000070ec00000, 0x000000070ed00000, 0x000000070ed00000|100%| E|CS|TAMS 0x000000070ec00000, 0x000000070ec00000| Complete 
| 203|0x000000070ed00000, 0x000000070ee00000, 0x000000070ee00000|100%| E|CS|TAMS 0x000000070ed00000, 0x000000070ed00000| Complete 
| 204|0x000000070ee00000, 0x000000070ef00000, 0x000000070ef00000|100%| E|CS|TAMS 0x000000070ee00000, 0x000000070ee00000| Complete 
| 205|0x000000070ef00000, 0x000000070f000000, 0x000000070f000000|100%| E|CS|TAMS 0x000000070ef00000, 0x000000070ef00000| Complete 
| 206|0x000000070f000000, 0x000000070f100000, 0x000000070f100000|100%| E|CS|TAMS 0x000000070f000000, 0x000000070f000000| Complete 
| 207|0x000000070f100000, 0x000000070f200000, 0x000000070f200000|100%| E|CS|TAMS 0x000000070f100000, 0x000000070f100000| Complete 
| 208|0x000000070f200000, 0x000000070f300000, 0x000000070f300000|100%| E|CS|TAMS 0x000000070f200000, 0x000000070f200000| Complete 
| 209|0x000000070f300000, 0x000000070f400000, 0x000000070f400000|100%| E|CS|TAMS 0x000000070f300000, 0x000000070f300000| Complete 
| 210|0x000000070f400000, 0x000000070f500000, 0x000000070f500000|100%| E|CS|TAMS 0x000000070f400000, 0x000000070f400000| Complete 
| 211|0x000000070f500000, 0x000000070f600000, 0x000000070f600000|100%| E|CS|TAMS 0x000000070f500000, 0x000000070f500000| Complete 
| 212|0x000000070f600000, 0x000000070f700000, 0x000000070f700000|100%| E|CS|TAMS 0x000000070f600000, 0x000000070f600000| Complete 
| 213|0x000000070f700000, 0x000000070f800000, 0x000000070f800000|100%| E|CS|TAMS 0x000000070f700000, 0x000000070f700000| Complete 
| 214|0x000000070f800000, 0x000000070f900000, 0x000000070f900000|100%| E|CS|TAMS 0x000000070f800000, 0x000000070f800000| Complete 
| 215|0x000000070f900000, 0x000000070fa00000, 0x000000070fa00000|100%| E|CS|TAMS 0x000000070f900000, 0x000000070f900000| Complete 
| 216|0x000000070fa00000, 0x000000070fb00000, 0x000000070fb00000|100%| E|CS|TAMS 0x000000070fa00000, 0x000000070fa00000| Complete 
| 217|0x000000070fb00000, 0x000000070fc00000, 0x000000070fc00000|100%| E|CS|TAMS 0x000000070fb00000, 0x000000070fb00000| Complete 
| 218|0x000000070fc00000, 0x000000070fd00000, 0x000000070fd00000|100%| E|CS|TAMS 0x000000070fc00000, 0x000000070fc00000| Complete 
| 219|0x000000070fd00000, 0x000000070fe00000, 0x000000070fe00000|100%| E|CS|TAMS 0x000000070fd00000, 0x000000070fd00000| Complete 
| 220|0x000000070fe00000, 0x000000070ff00000, 0x000000070ff00000|100%| E|CS|TAMS 0x000000070fe00000, 0x000000070fe00000| Complete 
| 221|0x000000070ff00000, 0x0000000710000000, 0x0000000710000000|100%| E|CS|TAMS 0x000000070ff00000, 0x000000070ff00000| Complete 
| 222|0x0000000710000000, 0x0000000710100000, 0x0000000710100000|100%| E|CS|TAMS 0x0000000710000000, 0x0000000710000000| Complete 
| 223|0x0000000710100000, 0x0000000710200000, 0x0000000710200000|100%| E|CS|TAMS 0x0000000710100000, 0x0000000710100000| Complete 
| 224|0x0000000710200000, 0x0000000710300000, 0x0000000710300000|100%| E|CS|TAMS 0x0000000710200000, 0x0000000710200000| Complete 
| 225|0x0000000710300000, 0x0000000710400000, 0x0000000710400000|100%| E|CS|TAMS 0x0000000710300000, 0x0000000710300000| Complete 
| 226|0x0000000710400000, 0x0000000710500000, 0x0000000710500000|100%| E|CS|TAMS 0x0000000710400000, 0x0000000710400000| Complete 
| 227|0x0000000710500000, 0x00000007105d5658, 0x0000000710600000| 83%| S|CS|TAMS 0x0000000710500000, 0x0000000710500000| Complete 
| 228|0x0000000710600000, 0x0000000710700000, 0x0000000710700000|100%| S|CS|TAMS 0x0000000710600000, 0x0000000710600000| Complete 
| 229|0x0000000710700000, 0x0000000710800000, 0x0000000710800000|100%| S|CS|TAMS 0x0000000710700000, 0x0000000710700000| Complete 
| 230|0x0000000710800000, 0x0000000710900000, 0x0000000710900000|100%| E|CS|TAMS 0x0000000710800000, 0x0000000710800000| Complete 
| 231|0x0000000710900000, 0x0000000710a00000, 0x0000000710a00000|100%| E|CS|TAMS 0x0000000710900000, 0x0000000710900000| Complete 
| 232|0x0000000710a00000, 0x0000000710b00000, 0x0000000710b00000|100%| E|CS|TAMS 0x0000000710a00000, 0x0000000710a00000| Complete 
| 233|0x0000000710b00000, 0x0000000710c00000, 0x0000000710c00000|100%| E|CS|TAMS 0x0000000710b00000, 0x0000000710b00000| Complete 
| 234|0x0000000710c00000, 0x0000000710d00000, 0x0000000710d00000|100%| E|CS|TAMS 0x0000000710c00000, 0x0000000710c00000| Complete 
| 235|0x0000000710d00000, 0x0000000710e00000, 0x0000000710e00000|100%| E|CS|TAMS 0x0000000710d00000, 0x0000000710d00000| Complete 
| 236|0x0000000710e00000, 0x0000000710f00000, 0x0000000710f00000|100%| E|CS|TAMS 0x0000000710e00000, 0x0000000710e00000| Complete 
| 237|0x0000000710f00000, 0x0000000711000000, 0x0000000711000000|100%| E|CS|TAMS 0x0000000710f00000, 0x0000000710f00000| Complete 
| 238|0x0000000711000000, 0x0000000711100000, 0x0000000711100000|100%| E|CS|TAMS 0x0000000711000000, 0x0000000711000000| Complete 
| 239|0x0000000711100000, 0x0000000711200000, 0x0000000711200000|100%| E|CS|TAMS 0x0000000711100000, 0x0000000711100000| Complete 
| 240|0x0000000711200000, 0x0000000711300000, 0x0000000711300000|100%| E|CS|TAMS 0x0000000711200000, 0x0000000711200000| Complete 
| 241|0x0000000711300000, 0x0000000711400000, 0x0000000711400000|100%| E|CS|TAMS 0x0000000711300000, 0x0000000711300000| Complete 
| 242|0x0000000711400000, 0x0000000711500000, 0x0000000711500000|100%| E|CS|TAMS 0x0000000711400000, 0x0000000711400000| Complete 
| 243|0x0000000711500000, 0x0000000711600000, 0x0000000711600000|100%| E|CS|TAMS 0x0000000711500000, 0x0000000711500000| Complete 
| 244|0x0000000711600000, 0x0000000711700000, 0x0000000711700000|100%| E|CS|TAMS 0x0000000711600000, 0x0000000711600000| Complete 
| 245|0x0000000711700000, 0x0000000711800000, 0x0000000711800000|100%| E|CS|TAMS 0x0000000711700000, 0x0000000711700000| Complete 
| 246|0x0000000711800000, 0x0000000711900000, 0x0000000711900000|100%| E|CS|TAMS 0x0000000711800000, 0x0000000711800000| Complete 
| 247|0x0000000711900000, 0x0000000711a00000, 0x0000000711a00000|100%| E|CS|TAMS 0x0000000711900000, 0x0000000711900000| Complete 
| 248|0x0000000711a00000, 0x0000000711b00000, 0x0000000711b00000|100%| E|CS|TAMS 0x0000000711a00000, 0x0000000711a00000| Complete 
| 249|0x0000000711b00000, 0x0000000711c00000, 0x0000000711c00000|100%| E|CS|TAMS 0x0000000711b00000, 0x0000000711b00000| Complete 
| 250|0x0000000711c00000, 0x0000000711d00000, 0x0000000711d00000|100%| E|CS|TAMS 0x0000000711c00000, 0x0000000711c00000| Complete 
| 251|0x0000000711d00000, 0x0000000711e00000, 0x0000000711e00000|100%| E|CS|TAMS 0x0000000711d00000, 0x0000000711d00000| Complete 
| 252|0x0000000711e00000, 0x0000000711f00000, 0x0000000711f00000|100%| E|CS|TAMS 0x0000000711e00000, 0x0000000711e00000| Complete 
| 253|0x0000000711f00000, 0x0000000712000000, 0x0000000712000000|100%| E|CS|TAMS 0x0000000711f00000, 0x0000000711f00000| Complete 

Card table byte_map: [0x000002b6cc080000,0x000002b6cc870000] _byte_map_base: 0x000002b6c886f000

Marking Bits (Prev, Next): (CMBitMap*) 0x000002b6b1d63de8, (CMBitMap*) 0x000002b6b1d63e28
 Prev Bits: [0x000002b6cd060000, 0x000002b6d0fd8000)
 Next Bits: [0x000002b6d0fe0000, 0x000002b6d4f58000)

Polling page: 0x000002b6b1dc0000

Metaspace:

Usage:
  Non-class:      9.68 MB capacity,     7.21 MB ( 75%) used,     2.46 MB ( 25%) free+waste,     9.75 KB ( <1%) overhead. 
      Class:    689.00 KB capacity,   376.36 KB ( 55%) used,   309.33 KB ( 45%) free+waste,     3.31 KB ( <1%) overhead. 
       Both:     10.35 MB capacity,     7.58 MB ( 73%) used,     2.76 MB ( 27%) free+waste,    13.06 KB ( <1%) overhead. 

Virtual space:
  Non-class space:       10.00 MB reserved,       9.75 MB ( 98%) committed 
      Class space:        1.00 GB reserved,     768.00 KB ( <1%) committed 
             Both:        1.01 GB reserved,      10.50 MB (  1%) committed 

Chunk freelists:
   Non-Class:  73.00 KB
       Class:  15.00 KB
        Both:  88.00 KB

MaxMetaspaceSize: 17179869184.00 GB
CompressedClassSpaceSize: 1.00 GB

CodeHeap 'non-profiled nmethods': size=120000Kb used=549Kb max_used=549Kb free=119450Kb
 bounds [0x000002b6c37a0000, 0x000002b6c3a10000, 0x000002b6cacd0000]
CodeHeap 'profiled nmethods': size=120000Kb used=2678Kb max_used=2678Kb free=117321Kb
 bounds [0x000002b6bc270000, 0x000002b6bc510000, 0x000002b6c37a0000]
CodeHeap 'non-nmethods': size=5760Kb used=1625Kb max_used=1670Kb free=4134Kb
 bounds [0x000002b6bbcd0000, 0x000002b6bbf40000, 0x000002b6bc270000]
 total_blobs=3100 nmethods=1368 adapters=927
 compilation: enabled
              stopped_count=0, restarted_count=0
 full_count=0

Compilation events (20 events):
Event: 8.070 Thread 0x000002b6d8398800 nmethod 1361 0x000002b6c3826210 code [0x000002b6c38263a0, 0x000002b6c3826698]
Event: 8.133 Thread 0x000002b6d839c800 1362       3       guis.UIBox::show (70 bytes)
Event: 8.134 Thread 0x000002b6d839c800 nmethod 1362 0x000002b6bc4fee10 code [0x000002b6bc4ff020, 0x000002b6bc4ff7b0]
Event: 8.148 Thread 0x000002b6d839c800 1363       3       gameEngine.Start::battleupdate (1104 bytes)
Event: 8.156 Thread 0x000002b6d839c800 nmethod 1363 0x000002b6bc4ff990 code [0x000002b6bc500960, 0x000002b6bc50a840]
Event: 8.180 Thread 0x000002b6d8398800 1364       4       java.util.HashMap::getOrDefault (23 bytes)
Event: 8.186 Thread 0x000002b6d8398800 nmethod 1364 0x000002b6c3826910 code [0x000002b6c3826ac0, 0x000002b6c3826e48]
Event: 8.367 Thread 0x000002b6d8398800 1365       4       gameEngine.MatrixMath::getMatrix (48 bytes)
Event: 8.371 Thread 0x000002b6d8398800 nmethod 1365 0x000002b6c3827190 code [0x000002b6c38273c0, 0x000002b6c38277b8]
Event: 8.481 Thread 0x000002b6d8398800 1366       4       org.lwjgl.system.MemoryUtil::checkAlignment (38 bytes)
Event: 8.482 Thread 0x000002b6d8398800 nmethod 1366 0x000002b6c3827a90 code [0x000002b6c3827c20, 0x000002b6c3827c98]
Event: 8.482 Thread 0x000002b6d8398800 1367       4       org.lwjgl.system.MemoryUtil::memSet (38 bytes)
Event: 8.484 Thread 0x000002b6d8398800 nmethod 1367 0x000002b6c3827d90 code [0x000002b6c3827f20, 0x000002b6c3828098]
Event: 8.531 Thread 0x000002b6d8398800 1368   !   4       org.lwjgl.opengl.GL15C::glGenBuffers (46 bytes)
Event: 8.538 Thread 0x000002b6d8398800 nmethod 1368 0x000002b6c3828210 code [0x000002b6c38283e0, 0x000002b6c3828750]
Event: 8.734 Thread 0x000002b6d8398800 1369       4       java.lang.Integer::getChars (131 bytes)
Event: 8.739 Thread 0x000002b6d8398800 nmethod 1369 0x000002b6c3828d10 code [0x000002b6c3828ea0, 0x000002b6c3829278]
Event: 9.197 Thread 0x000002b6d8398800 1370       4       java.lang.Object::equals (11 bytes)
Event: 9.198 Thread 0x000002b6d8398800 nmethod 1370 0x000002b6c3829490 code [0x000002b6c3829620, 0x000002b6c3829698]
Event: 9.452 Thread 0x000002b6d8398800 1371       4       java.lang.AbstractStringBuilder::append (55 bytes)

GC Heap History (2 events):
Event: 2.039 GC heap before
{Heap before GC invocations=0 (full 0):
 garbage-first heap   total 260096K, used 23552K [0x0000000702200000, 0x0000000800000000)
  region size 1024K, 24 young (24576K), 0 survivors (0K)
 Metaspace       used 4217K, capacity 7463K, committed 7808K, reserved 1056768K
  class space    used 185K, capacity 517K, committed 640K, reserved 1048576K
}
Event: 2.043 GC heap after
{Heap after GC invocations=1 (full 0):
 garbage-first heap   total 260096K, used 2901K [0x0000000702200000, 0x0000000800000000)
  region size 1024K, 3 young (3072K), 3 survivors (3072K)
 Metaspace       used 4217K, capacity 7463K, committed 7808K, reserved 1056768K
  class space    used 185K, capacity 517K, committed 640K, reserved 1048576K
}

Deoptimization events (20 events):
Event: 3.183 Thread 0x000002b6b1cf7800 Uncommon trap: trap_request=0xffffff45 fr.pc=0x000002b6c37c4b88 relative=0x0000000000000648
Event: 3.183 Thread 0x000002b6b1cf7800 Uncommon trap: reason=unstable_if action=reinterpret pc=0x000002b6c37c4b88 method=java.lang.Integer.getChars(II[B)I @ 25 c2
Event: 3.183 Thread 0x000002b6b1cf7800 DEOPT PACKING pc=0x000002b6c37c4b88 sp=0x000000bc35dff160
Event: 3.183 Thread 0x000002b6b1cf7800 DEOPT UNPACKING pc=0x000002b6bbd1912f sp=0x000000bc35dff0a8 mode 2
Event: 5.498 Thread 0x000002b6b1cf7800 Uncommon trap: trap_request=0xffffff66 fr.pc=0x000002b6c381dd88 relative=0x0000000000000168
Event: 5.498 Thread 0x000002b6b1cf7800 Uncommon trap: reason=speculate_class_check action=maybe_recompile pc=0x000002b6c381dd88 method=org.lwjgl.system.MemoryAccess$MemoryAccessorUnsafe.setup(Ljava/lang/Class;JI)Ljava/nio/Buffer; @ 53 c2
Event: 5.498 Thread 0x000002b6b1cf7800 DEOPT PACKING pc=0x000002b6c381dd88 sp=0x000000bc35dfeff0
Event: 5.498 Thread 0x000002b6b1cf7800 DEOPT UNPACKING pc=0x000002b6bbd1912f sp=0x000000bc35dfef60 mode 2
Event: 5.498 Thread 0x000002b6b1cf7800 Uncommon trap: trap_request=0xffffff66 fr.pc=0x000002b6c381dd88 relative=0x0000000000000168
Event: 5.498 Thread 0x000002b6b1cf7800 Uncommon trap: reason=speculate_class_check action=maybe_recompile pc=0x000002b6c381dd88 method=org.lwjgl.system.MemoryAccess$MemoryAccessorUnsafe.setup(Ljava/lang/Class;JI)Ljava/nio/Buffer; @ 53 c2
Event: 5.498 Thread 0x000002b6b1cf7800 DEOPT PACKING pc=0x000002b6c381dd88 sp=0x000000bc35dfeff0
Event: 5.498 Thread 0x000002b6b1cf7800 DEOPT UNPACKING pc=0x000002b6bbd1912f sp=0x000000bc35dfef60 mode 2
Event: 5.498 Thread 0x000002b6b1cf7800 Uncommon trap: trap_request=0xffffff66 fr.pc=0x000002b6c381dd88 relative=0x0000000000000168
Event: 5.498 Thread 0x000002b6b1cf7800 Uncommon trap: reason=speculate_class_check action=maybe_recompile pc=0x000002b6c381dd88 method=org.lwjgl.system.MemoryAccess$MemoryAccessorUnsafe.setup(Ljava/lang/Class;JI)Ljava/nio/Buffer; @ 53 c2
Event: 5.498 Thread 0x000002b6b1cf7800 DEOPT PACKING pc=0x000002b6c381dd88 sp=0x000000bc35dfeff0
Event: 5.498 Thread 0x000002b6b1cf7800 DEOPT UNPACKING pc=0x000002b6bbd1912f sp=0x000000bc35dfef60 mode 2
Event: 5.499 Thread 0x000002b6b1cf7800 Uncommon trap: trap_request=0xffffff66 fr.pc=0x000002b6c381dd88 relative=0x0000000000000168
Event: 5.499 Thread 0x000002b6b1cf7800 Uncommon trap: reason=speculate_class_check action=maybe_recompile pc=0x000002b6c381dd88 method=org.lwjgl.system.MemoryAccess$MemoryAccessorUnsafe.setup(Ljava/lang/Class;JI)Ljava/nio/Buffer; @ 53 c2
Event: 5.499 Thread 0x000002b6b1cf7800 DEOPT PACKING pc=0x000002b6c381dd88 sp=0x000000bc35dfeff0
Event: 5.499 Thread 0x000002b6b1cf7800 DEOPT UNPACKING pc=0x000002b6bbd1912f sp=0x000000bc35dfef60 mode 2

Classes unloaded (0 events):
No events

Classes redefined (0 events):
No events

Internal exceptions (4 events):
Event: 0.438 Thread 0x000002b6b1cf7800 Exception <a 'java/lang/NoSuchMethodError'{0x0000000711633870}: 'void java.lang.invoke.DelegatingMethodHandle$Holder.delegate(java.lang.Object, java.lang.Object, int, java.lang.Object)'> (0x0000000711633870) 
thrown [c:/cygwin64/tmp/openjdk-jdk13u-windows-x64-hotspot/workspace/build/src/src/hotspot/share/interpreter/linkResolver.cpp, line 767]
Event: 0.439 Thread 0x000002b6b1cf7800 Exception <a 'java/lang/NoSuchMethodError'{0x000000071163a5c8}: 'java.lang.Object java.lang.invoke.DirectMethodHandle$Holder.invokeStaticInit(java.lang.Object, java.lang.Object, java.lang.Object)'> (0x000000071163a5c8) 
thrown [c:/cygwin64/tmp/openjdk-jdk13u-windows-x64-hotspot/workspace/build/src/src/hotspot/share/interpreter/linkResolver.cpp, line 767]
Event: 1.857 Thread 0x000002b6b1cf7800 Exception <a 'sun/nio/fs/WindowsException'{0x00000007110f85e8}> (0x00000007110f85e8) 
thrown [c:/cygwin64/tmp/openjdk-jdk13u-windows-x64-hotspot/workspace/build/src/src/hotspot/share/prims/jni.cpp, line 598]
Event: 1.858 Thread 0x000002b6b1cf7800 Exception <a 'sun/nio/fs/WindowsException'{0x00000007110f8ac8}> (0x00000007110f8ac8) 
thrown [c:/cygwin64/tmp/openjdk-jdk13u-windows-x64-hotspot/workspace/build/src/src/hotspot/share/prims/jni.cpp, line 598]

Events (20 events):
Event: 3.273 Loaded shared library C:\Users\jtkom\AppData\Local\Temp\lwjgljtkom\3.2.1-build-3\lwjgl_opengl.dll
Event: 3.280 Loaded shared library C:\Users\jtkom\AppData\Local\Temp\lwjgljtkom\3.2.1-build-3\lwjgl_opengl.dll
Event: 3.288 Loaded shared library C:\Users\jtkom\AppData\Local\Temp\lwjgljtkom\3.2.1-build-3\lwjgl_opengl.dll
Event: 3.295 Loaded shared library C:\Users\jtkom\AppData\Local\Temp\lwjgljtkom\3.2.1-build-3\lwjgl_opengl.dll
Event: 3.303 Loaded shared library C:\Users\jtkom\AppData\Local\Temp\lwjgljtkom\3.2.1-build-3\lwjgl_opengl.dll
Event: 3.311 Loaded shared library C:\Users\jtkom\AppData\Local\Temp\lwjgljtkom\3.2.1-build-3\lwjgl_opengl.dll
Event: 7.616 Loaded shared library C:\Users\jtkom\AppData\Local\Temp\lwjgljtkom\3.2.1-build-3\lwjgl.dll
Event: 7.619 Loaded shared library C:\Users\jtkom\AppData\Local\Temp\lwjgljtkom\3.2.1-build-3\lwjgl.dll
Event: 7.622 Loaded shared library C:\Users\jtkom\AppData\Local\Temp\lwjgljtkom\3.2.1-build-3\lwjgl.dll
Event: 7.624 Loaded shared library C:\Users\jtkom\AppData\Local\Temp\lwjgljtkom\3.2.1-build-3\lwjgl.dll
Event: 7.634 Loaded shared library C:\Users\jtkom\AppData\Local\Temp\lwjgljtkom\3.2.1-build-3\lwjgl.dll
Event: 7.637 Loaded shared library C:\Users\jtkom\AppData\Local\Temp\lwjgljtkom\3.2.1-build-3\lwjgl.dll
Event: 7.639 Loaded shared library C:\Users\jtkom\AppData\Local\Temp\lwjgljtkom\3.2.1-build-3\lwjgl.dll
Event: 7.641 Loaded shared library C:\Users\jtkom\AppData\Local\Temp\lwjgljtkom\3.2.1-build-3\lwjgl.dll
Event: 7.666 Loaded shared library C:\Users\jtkom\AppData\Local\Temp\lwjgljtkom\3.2.1-build-3\lwjgl.dll
Event: 7.668 Loaded shared library C:\Users\jtkom\AppData\Local\Temp\lwjgljtkom\3.2.1-build-3\lwjgl.dll
Event: 7.671 Loaded shared library C:\Users\jtkom\AppData\Local\Temp\lwjgljtkom\3.2.1-build-3\lwjgl.dll
Event: 7.673 Loaded shared library C:\Users\jtkom\AppData\Local\Temp\lwjgljtkom\3.2.1-build-3\lwjgl.dll
Event: 7.675 Loaded shared library C:\Users\jtkom\AppData\Local\Temp\lwjgljtkom\3.2.1-build-3\lwjgl.dll
Event: 7.677 Loaded shared library C:\Users\jtkom\AppData\Local\Temp\lwjgljtkom\3.2.1-build-3\lwjgl.dll


Dynamic libraries:
0x00007ff7b71d0000 - 0x00007ff7b71dd000 	C:\Program Files\AdoptOpenJDK\jdk-13.0.1.9-hotspot\bin\javaw.exe
0x00007ffd7e4c0000 - 0x00007ffd7e6b0000 	C:\WINDOWS\SYSTEM32\ntdll.dll
0x00007ffd7d740000 - 0x00007ffd7d7f2000 	C:\WINDOWS\System32\KERNEL32.DLL
0x00007ffd7c2c0000 - 0x00007ffd7c563000 	C:\WINDOWS\System32\KERNELBASE.dll
0x00007ffd7b670000 - 0x00007ffd7b76a000 	C:\WINDOWS\System32\ucrtbase.dll
0x00007ffd6eb10000 - 0x00007ffd6eb26000 	C:\Program Files\AdoptOpenJDK\jdk-13.0.1.9-hotspot\bin\VCRUNTIME140.dll
0x00007ffd71300000 - 0x00007ffd71318000 	C:\Program Files\AdoptOpenJDK\jdk-13.0.1.9-hotspot\bin\jli.dll
0x00007ffd7d480000 - 0x00007ffd7d614000 	C:\WINDOWS\System32\USER32.dll
0x00007ffd7b640000 - 0x00007ffd7b661000 	C:\WINDOWS\System32\win32u.dll
0x00007ffd7d980000 - 0x00007ffd7d9a6000 	C:\WINDOWS\System32\GDI32.dll
0x00007ffd6c8b0000 - 0x00007ffd6cb35000 	C:\WINDOWS\WinSxS\amd64_microsoft.windows.common-controls_6595b64144ccf1df_6.0.18362.535_none_e6c3b34713100821\COMCTL32.dll
0x00007ffd7b7f0000 - 0x00007ffd7b984000 	C:\WINDOWS\System32\gdi32full.dll
0x00007ffd7d6a0000 - 0x00007ffd7d73e000 	C:\WINDOWS\System32\msvcrt.dll
0x00007ffd7b5a0000 - 0x00007ffd7b63e000 	C:\WINDOWS\System32\msvcp_win.dll
0x00007ffd7c730000 - 0x00007ffd7ca66000 	C:\WINDOWS\System32\combase.dll
0x00007ffd7cc60000 - 0x00007ffd7cd80000 	C:\WINDOWS\System32\RPCRT4.dll
0x00007ffd7b770000 - 0x00007ffd7b7f0000 	C:\WINDOWS\System32\bcryptPrimitives.dll
0x00007ffd7ca80000 - 0x00007ffd7caae000 	C:\WINDOWS\System32\IMM32.DLL
0x00007ffd41770000 - 0x00007ffd4180b000 	C:\Program Files\AdoptOpenJDK\jdk-13.0.1.9-hotspot\bin\msvcp140.dll
0x00007ffd0e6b0000 - 0x00007ffd0f2a4000 	C:\Program Files\AdoptOpenJDK\jdk-13.0.1.9-hotspot\bin\server\jvm.dll
0x00007ffd7cd80000 - 0x00007ffd7ce23000 	C:\WINDOWS\System32\ADVAPI32.dll
0x00007ffd7d300000 - 0x00007ffd7d397000 	C:\WINDOWS\System32\sechost.dll
0x00007ffd7dcc0000 - 0x00007ffd7dcc8000 	C:\WINDOWS\System32\PSAPI.DLL
0x00007ffd57d20000 - 0x00007ffd57d29000 	C:\WINDOWS\SYSTEM32\WSOCK32.dll
0x00007ffd79080000 - 0x00007ffd790a4000 	C:\WINDOWS\SYSTEM32\WINMM.dll
0x00007ffd75240000 - 0x00007ffd7524a000 	C:\WINDOWS\SYSTEM32\VERSION.dll
0x00007ffd7d3a0000 - 0x00007ffd7d40f000 	C:\WINDOWS\System32\WS2_32.dll
0x00007ffd78c00000 - 0x00007ffd78c2d000 	C:\WINDOWS\SYSTEM32\winmmbase.dll
0x00007ffd7c190000 - 0x00007ffd7c1da000 	C:\WINDOWS\System32\cfgmgr32.dll
0x00007ffd7b430000 - 0x00007ffd7b441000 	C:\WINDOWS\System32\kernel.appcore.dll
0x00007ffd6eb00000 - 0x00007ffd6eb10000 	C:\Program Files\AdoptOpenJDK\jdk-13.0.1.9-hotspot\bin\verify.dll
0x00007ffd79d70000 - 0x00007ffd79f64000 	C:\WINDOWS\SYSTEM32\DBGHELP.DLL
0x00007ffd639c0000 - 0x00007ffd639ea000 	C:\WINDOWS\SYSTEM32\dbgcore.DLL
0x00007ffd54930000 - 0x00007ffd54956000 	C:\Program Files\AdoptOpenJDK\jdk-13.0.1.9-hotspot\bin\java.dll
0x00007ffd6bb60000 - 0x00007ffd6bb77000 	C:\Program Files\AdoptOpenJDK\jdk-13.0.1.9-hotspot\bin\zip.dll
0x00007ffd6eae0000 - 0x00007ffd6eaea000 	C:\Program Files\AdoptOpenJDK\jdk-13.0.1.9-hotspot\bin\jimage.dll
0x00007ffd7dcd0000 - 0x00007ffd7e3b5000 	C:\WINDOWS\System32\SHELL32.dll
0x00007ffd7da80000 - 0x00007ffd7db29000 	C:\WINDOWS\System32\shcore.dll
0x00007ffd7b9f0000 - 0x00007ffd7c16f000 	C:\WINDOWS\System32\windows.storage.dll
0x00007ffd7b3c0000 - 0x00007ffd7b3df000 	C:\WINDOWS\System32\profapi.dll
0x00007ffd7b3e0000 - 0x00007ffd7b42a000 	C:\WINDOWS\System32\powrprof.dll
0x00007ffd7b390000 - 0x00007ffd7b3a0000 	C:\WINDOWS\System32\UMPDC.dll
0x00007ffd7e3c0000 - 0x00007ffd7e412000 	C:\WINDOWS\System32\shlwapi.dll
0x00007ffd7c170000 - 0x00007ffd7c187000 	C:\WINDOWS\System32\cryptsp.dll
0x00007ffd54b00000 - 0x00007ffd54b19000 	C:\Program Files\AdoptOpenJDK\jdk-13.0.1.9-hotspot\bin\net.dll
0x00007ffd6e9e0000 - 0x00007ffd6ead0000 	C:\WINDOWS\SYSTEM32\WINHTTP.dll
0x00007ffd7ac00000 - 0x00007ffd7ac67000 	C:\WINDOWS\system32\mswsock.dll
0x00007ffd549e0000 - 0x00007ffd549f3000 	C:\Program Files\AdoptOpenJDK\jdk-13.0.1.9-hotspot\bin\nio.dll
0x00007ffd439c0000 - 0x00007ffd43a20000 	C:\Users\jtkom\AppData\Local\Temp\lwjgljtkom\3.2.1-build-3\lwjgl.dll
0x00007ffd42880000 - 0x00007ffd428de000 	C:\Users\jtkom\AppData\Local\Temp\lwjgljtkom\3.2.1-build-3\glfw.dll
0x00007ffd793b0000 - 0x00007ffd79449000 	C:\WINDOWS\system32\uxtheme.dll
0x00007ffd54a20000 - 0x00007ffd54a63000 	C:\WINDOWS\SYSTEM32\dinput8.dll
0x00007ffd2e820000 - 0x00007ffd2e831000 	C:\WINDOWS\SYSTEM32\xinput1_4.dll
0x00007ffd7b190000 - 0x00007ffd7b1ba000 	C:\WINDOWS\SYSTEM32\DEVOBJ.dll
0x00007ffd797d0000 - 0x00007ffd797fd000 	C:\WINDOWS\SYSTEM32\dwmapi.dll
0x00007ffd5a480000 - 0x00007ffd5a59a000 	C:\WINDOWS\SYSTEM32\inputhost.dll
0x00007ffd77030000 - 0x00007ffd77183000 	C:\WINDOWS\SYSTEM32\wintypes.dll
0x00007ffd779f0000 - 0x00007ffd77adf000 	C:\WINDOWS\SYSTEM32\PROPSYS.dll
0x00007ffd78fa0000 - 0x00007ffd79074000 	C:\WINDOWS\SYSTEM32\CoreMessaging.dll
0x00007ffd77190000 - 0x00007ffd774ba000 	C:\WINDOWS\SYSTEM32\CoreUIComponents.dll
0x00007ffd7d800000 - 0x00007ffd7d8c4000 	C:\WINDOWS\System32\OLEAUT32.dll
0x00007ffd7a3d0000 - 0x00007ffd7a401000 	C:\WINDOWS\SYSTEM32\ntmarta.dll
0x00007ffd7c5f0000 - 0x00007ffd7c725000 	C:\WINDOWS\System32\MSCTF.dll
0x00007ffd56400000 - 0x00007ffd5650d000 	C:\Program Files (x86)\Razer\Razer Cortex\x64\k_fps64.dll
0x00007ffd4f6b0000 - 0x00007ffd4f707000 	C:\Program Files (x86)\Razer\Razer Cortex\x64\EasyHook64.dll
0x00007ffd56380000 - 0x00007ffd563ff000 	C:\Program Files (x86)\Razer\Razer Cortex\x64\d3dx10_43.dll
0x00007ffd145e0000 - 0x00007ffd1484f000 	C:\Program Files (x86)\Razer\Razer Cortex\x64\D3DCOMPILER_43.dll
0x00007ffd7db40000 - 0x00007ffd7dc96000 	C:\WINDOWS\System32\ole32.dll
0x00007ffd51190000 - 0x00007ffd512e6000 	C:\WINDOWS\SYSTEM32\OPENGL32.dll
0x00007ffd14370000 - 0x00007ffd145d3000 	C:\Program Files (x86)\Razer\Razer Cortex\x64\d3dx9_43.dll
0x00007ffd5c060000 - 0x00007ffd5c08c000 	C:\WINDOWS\SYSTEM32\GLU32.dll
0x00007ffd79fe0000 - 0x00007ffd7a000000 	C:\WINDOWS\SYSTEM32\dxcore.dll
0x00007ffd79cb0000 - 0x00007ffd79cbe000 	C:\WINDOWS\SYSTEM32\HID.DLL
0x00007ffd7ce90000 - 0x00007ffd7d300000 	C:\WINDOWS\System32\SETUPAPI.DLL
0x00007ffd7c1e0000 - 0x00007ffd7c206000 	C:\WINDOWS\System32\bcrypt.dll
0x00007ffd7b990000 - 0x00007ffd7b9ec000 	C:\WINDOWS\System32\WINTRUST.dll
0x00007ffd7b3a0000 - 0x00007ffd7b3b2000 	C:\WINDOWS\System32\MSASN1.dll
0x00007ffd7b450000 - 0x00007ffd7b599000 	C:\WINDOWS\System32\CRYPT32.dll
0x0000000059b90000 - 0x000000005c1c9000 	C:\WINDOWS\System32\DriverStore\FileRepository\nvlti.inf_amd64_c0cfdefe088aa746\nvoglv64.dll
0x00007ffd77b10000 - 0x00007ffd77b23000 	C:\WINDOWS\SYSTEM32\WTSAPI32.dll
0x00007ffd30a90000 - 0x00007ffd30d52000 	C:\WINDOWS\system32\nvspcap64.dll
0x00007ffd7a440000 - 0x00007ffd7a49c000 	C:\WINDOWS\SYSTEM32\WINSTA.dll
0x00007ffd7a070000 - 0x00007ffd7a15b000 	C:\WINDOWS\SYSTEM32\dxgi.dll
0x00007ffd787c0000 - 0x00007ffd78a1b000 	C:\WINDOWS\SYSTEM32\d3d11.dll
0x00007ffd4c940000 - 0x00007ffd4ca2e000 	C:\WINDOWS\System32\DriverStore\FileRepository\nvlti.inf_amd64_c0cfdefe088aa746\nvldumdx.dll
0x00007ffd7dca0000 - 0x00007ffd7dcbd000 	C:\WINDOWS\System32\imagehlp.dll
0x00007ffd7a770000 - 0x00007ffd7a7a3000 	C:\WINDOWS\system32\rsaenh.dll
0x00007ffd7add0000 - 0x00007ffd7addc000 	C:\WINDOWS\SYSTEM32\CRYPTBASE.dll
0x00007ffd17a40000 - 0x00007ffd1a09b000 	C:\WINDOWS\System32\DriverStore\FileRepository\nvlti.inf_amd64_c0cfdefe088aa746\nvwgf2umx.dll
0x00007ffd6dd00000 - 0x00007ffd6e1f7000 	C:\WINDOWS\SYSTEM32\nvapi64.dll
0x00007ffd5a3e0000 - 0x00007ffd5a47e000 	C:\WINDOWS\System32\TextInputFramework.dll
0x00007ffd6cf40000 - 0x00007ffd6d1e6000 	C:\WINDOWS\System32\iertutil.dll
0x00007ffd42140000 - 0x00007ffd4219a000 	C:\Users\jtkom\AppData\Local\Temp\lwjgljtkom\3.2.1-build-3\lwjgl_opengl.dll
0x00007ffd76d20000 - 0x00007ffd76d23000 	C:\Users\jtkom\AppData\Local\Temp\jomljtkom\a2476102\joml.dll
0x00007ffd71cf0000 - 0x00007ffd72b40000 	C:\WINDOWS\System32\DriverStore\FileRepository\igdlh64.inf_amd64_ba34b5e302b5992f\igd10iumd64.dll
0x00007ffd7aed0000 - 0x00007ffd7aef6000 	C:\WINDOWS\SYSTEM32\ncrypt.dll
0x00007ffd7ae90000 - 0x00007ffd7aecb000 	C:\WINDOWS\SYSTEM32\NTASN1.dll
0x00007ffd71b80000 - 0x00007ffd71c9d000 	C:\WINDOWS\System32\DriverStore\FileRepository\igdlh64.inf_amd64_ba34b5e302b5992f\igdgmm64.dll
0x00007ffd6f050000 - 0x00007ffd712f5000 	C:\WINDOWS\System32\DriverStore\FileRepository\igdlh64.inf_amd64_ba34b5e302b5992f\igc64.dll

dbghelp: loaded successfully - version: 4.0.5 - missing functions: none
symbol engine: initialized successfully - sym options: 0x614 - pdb path: .;C:\Program Files\AdoptOpenJDK\jdk-13.0.1.9-hotspot\bin;C:\WINDOWS\SYSTEM32;C:\WINDOWS\WinSxS\amd64_microsoft.windows.common-controls_6595b64144ccf1df_6.0.18362.535_none_e6c3b34713100821;C:\Program Files\AdoptOpenJDK\jdk-13.0.1.9-hotspot\bin\server;C:\Users\jtkom\AppData\Local\Temp\lwjgljtkom\3.2.1-build-3;C:\Program Files (x86)\Razer\Razer Cortex\x64;C:\WINDOWS\System32\DriverStore\FileRepository\nvlti.inf_amd64_c0cfdefe088aa746;C:\Users\jtkom\AppData\Local\Temp\jomljtkom\a2476102;C:\WINDOWS\System32\DriverStore\FileRepository\igdlh64.inf_amd64_ba34b5e302b5992f

VM Arguments:
jvm_args: -Dfile.encoding=Cp1252 
java_command: gameEngine.Start
java_class_path (initial): D:\game3\Game\src;D:\game3\Game\libwin\joml-1.9.9-sources.jar;D:\game3\Game\libwin\joml-1.9.9.jar;D:\game3\Game\libwin\lwjgl-assimp-javadoc.jar;D:\game3\Game\libwin\lwjgl-assimp-natives-windows.jar;D:\game3\Game\libwin\lwjgl-assimp-sources.jar;D:\game3\Game\libwin\lwjgl-assimp.jar;D:\game3\Game\libwin\lwjgl-bgfx-javadoc.jar;D:\game3\Game\libwin\lwjgl-bgfx-natives-windows.jar;D:\game3\Game\libwin\lwjgl-bgfx-sources.jar;D:\game3\Game\libwin\lwjgl-bgfx.jar;D:\game3\Game\libwin\lwjgl-egl-javadoc.jar;D:\game3\Game\libwin\lwjgl-egl-sources.jar;D:\game3\Game\libwin\lwjgl-egl.jar;D:\game3\Game\libwin\lwjgl-glfw-javadoc.jar;D:\game3\Game\libwin\lwjgl-glfw-natives-windows.jar;D:\game3\Game\libwin\lwjgl-glfw-sources.jar;D:\game3\Game\libwin\lwjgl-glfw.jar;D:\game3\Game\libwin\lwjgl-javadoc.jar;D:\game3\Game\libwin\lwjgl-jawt-javadoc.jar;D:\game3\Game\libwin\lwjgl-jawt-sources.jar;D:\game3\Game\libwin\lwjgl-jawt.jar;D:\game3\Game\libwin\lwjgl-jemalloc-javadoc.jar;D:\game3\Game\libwin\lwjgl-jemalloc-natives-windows.jar;D:\game3\Game\libwin\lwjgl-jemalloc-sources.jar;D:\game3\Game\libwin\lwjgl-jemalloc.jar;D:\game3\Game\libwin\lwjgl-lmdb-javadoc.jar;D:\game3\Game\libwin\lwjgl-lmdb-natives-windows.jar;D:\game3\Game\libwin\lwjgl-lmdb-sources.jar;D:\game3\Game\libwin\lwjgl-lmdb.jar;D:\game3\Game\libwin\lwjgl-lz4-javadoc.jar;D:\game3\Game\libwin\lwjgl-lz4-natives-windows.jar;D:\game3\Game\libwin\lwjgl-lz4-sources.jar;D:\game3\Game\libwin\lwjgl-lz4.jar;D:\game3\Game\libwin\lwjgl-nanovg-javadoc.jar;D:\game3\Game\libwin\lwjgl-nanovg-natives-windows.jar;D:\game3\Game\libwin\lwjgl-nanovg-sources.jar;D:\game3\Game\libwin\lwjgl-nanovg.jar;D:\game3\Game\libwin\lwjgl-natives-windows.jar;D:\game3\Game\libwin\lwjgl-nfd-javadoc.jar;D:\game3\Game\libwin\lwjgl-nfd-natives-windows.jar;D:\game3\Game\libwin\lwjgl-nfd-sources.jar;D:\game3\Game\libwin\lwjgl-nfd.jar;D:\game3\Game\libwin\lwjgl-nuklear-javadoc.jar;D:\game3\Game\libwin\lwjgl-nuklear-natives-windows.jar;D:\game3
Launcher Type: SUN_STANDARD

[Global flags]
     intx CICompilerCount                          = 4                                         {product} {ergonomic}
     uint ConcGCThreads                            = 2                                         {product} {ergonomic}
     uint G1ConcRefinementThreads                  = 8                                         {product} {ergonomic}
   size_t G1HeapRegionSize                         = 1048576                                   {product} {ergonomic}
    uintx GCDrainStackTargetSize                   = 64                                        {product} {ergonomic}
   size_t InitialHeapSize                          = 266338304                                 {product} {ergonomic}
   size_t MarkStackSize                            = 4194304                                   {product} {ergonomic}
   size_t MaxHeapSize                              = 4259315712                                {product} {ergonomic}
   size_t MaxNewSize                               = 2555379712                                {product} {ergonomic}
   size_t MinHeapDeltaBytes                        = 1048576                                   {product} {ergonomic}
   size_t MinHeapSize                              = 8388608                                   {product} {ergonomic}
    uintx NonNMethodCodeHeapSize                   = 5836300                                {pd product} {ergonomic}
    uintx NonProfiledCodeHeapSize                  = 122910970                              {pd product} {ergonomic}
    uintx ProfiledCodeHeapSize                     = 122910970                              {pd product} {ergonomic}
    uintx ReservedCodeCacheSize                    = 251658240                              {pd product} {ergonomic}
     bool SegmentedCodeCache                       = true                                      {product} {ergonomic}
   size_t SoftMaxHeapSize                          = 4259315712                             {manageable} {ergonomic}
     bool UseCompressedClassPointers               = true                                 {lp64_product} {ergonomic}
     bool UseCompressedOops                        = true                                 {lp64_product} {ergonomic}
     bool UseG1GC                                  = true                                      {product} {ergonomic}
     bool UseLargePagesIndividualAllocation        = false                                  {pd product} {ergonomic}

Logging:
Log output configuration:
 #0: stdout all=warning uptime,level,tags
 #1: stderr all=off uptime,level,tags

Environment Variables:
JAVA_HOME=C:\Program Files\Java\jdk-10.0.2
PATH=C:/Program Files/AdoptOpenJDK/jdk-13.0.1.9-hotspot/bin/client;C:/Program Files/AdoptOpenJDK/jdk-13.0.1.9-hotspot/bin;C:\Program Files\AdoptOpenJDK\jdk-13.0.1.9-hotspot\bin;C:\Program Files\Python37\Scripts\;C:\Program Files\Python37\;C:\Program Files (x86)\Common Files\Oracle\Java\javapath;C:\Program Files\Intel\Intel(R) Management Engine Components\iCLS\;C:\Windows\system32;C:\Windows;C:\Windows\System32\Wbem;C:\Windows\System32\WindowsPowerShell\v1.0\;C:\Windows\System32\OpenSSH\;C:\Program Files (x86)\Intel\Intel(R) Management Engine Components\DAL;C:\Program Files\Intel\Intel(R) Management Engine Components\DAL;C:\Program Files (x86)\Intel\Intel(R) Management Engine Components\IPT;C:\Program Files\Intel\Intel(R) Management Engine Components\IPT;C:\android-sdk\tools;C:\android-sdk\platform-tools;C:\Users\jtkom\AppData\Local\Microsoft\WindowsApps;C:\adb;C:\Program Files\Microsoft VS Code\bin;C:\Program Files\Git\cmd;C:\Users\jtkom\eclipse\java-photon\eclipse.exe;C:\Program Files\NASM;C:\Program Files\Python37\Scripts;C:\Program Files (x86)\NVIDIA Corporation\PhysX\Common;C:\apache-maven-3.6.0\bin;C:\Program Files\dotnet\;C:\Program Files\Java\jdk-10.0.2;C:\eda\ghdl\GHDL\20181129-mingw32-mcode\bin;C:\eda\gtkwave\gtkwave\bin;C:\eda;C:\WINDOWS\system32;C:\WINDOWS;C:\WINDOWS\System32\Wbem;C:\WINDOWS\System32\WindowsPowerShell\v1.0\;C:\WINDOWS\System32\OpenSSH\;C:\Program Files\NVIDIA Corporation\NVIDIA NvDLISR;C:\Gradle\gradle-5.6.3-all;C:\Gradle\gradle-5.6.3-all\gradle-5.6.3\bin;C:\Users\jtkom\AppData\Local\Microsoft\WindowsApps;C:\Users\jtkom\AppData\Local\GitHubDesktop\bin;C:\Users\jtkom\AppData\Local\Programs\Microsoft VS Code\bin;C:\Users\jtkom\AppData\Local\Microsoft\WindowsApps;;C:\Program Files\JetBrains\IntelliJ IDEA Community Edition 2019.2.3\bin;;C:\CodeRepository\eclipse;
USERNAME=jtkom
OS=Windows_NT
PROCESSOR_IDENTIFIER=Intel64 Family 6 Model 158 Stepping 9, GenuineIntel



---------------  S Y S T E M  ---------------

OS: Windows 10 , 64 bit Build 18362 (10.0.18362.329)

CPU:total 8 (initial active 8) (4 cores per cpu, 2 threads per core) family 6 model 158 stepping 9, cmov, cx8, fxsr, mmx, sse, sse2, sse3, ssse3, sse4.1, sse4.2, popcnt, avx, avx2, aes, clmul, erms, 3dnowpref, lzcnt, ht, tsc, tscinvbit, bmi1, bmi2, adx, fma

Memory: 4k page, system-wide physical 16244M (3942M free)
TotalPageFile size 65396M (AvailPageFile size 153M)
current process WorkingSet (physical memory assigned to process): 299M, peak: 301M
current process commit charge ("private bytes"): 1066M, peak: 1066M

vm_info: OpenJDK 64-Bit Server VM (13.0.1+9) for windows-amd64 JRE (13.0.1+9), built on Oct 26 2019 10:16:33 by "" with MS VC++ 15.8 (VS2017)

END.
