#
# A fatal error has been detected by the Java Runtime Environment:
#
#  EXCEPTION_ACCESS_VIOLATION (0xc0000005) at pc=0x00007ffb777a8c4c, pid=8716, tid=8108
#
# JRE version: Java(TM) SE Runtime Environment (12.0.1+12) (build 12.0.1+12)
# Java VM: Java HotSpot(TM) 64-Bit Server VM (12.0.1+12, mixed mode, sharing, tiered, compressed oops, g1 gc, windows-amd64)
# Problematic frame:
# C  [ig9icd64.dll+0x38c4c]
#
# No core dump will be written. Minidumps are not enabled by default on client versions of Windows
#
# If you would like to submit a bug report, please visit:
#   http://bugreport.java.com/bugreport/crash.jsp
# The crash happened outside the Java Virtual Machine in native code.
# See problematic frame for where to report the bug.
#

---------------  S U M M A R Y ------------

Command Line: -Dfile.encoding=Cp1252 gameEngine.Start

Host: Intel(R) Core(TM) i5-7200U CPU @ 2.50GHz, 4 cores, 7G,  Windows 10 , 64 bit Build 17763 (10.0.17763.475)
Time: Thu Jan  2 14:59:51 2020 Pacific Standard Time elapsed time: 514 seconds (0d 0h 8m 34s)

---------------  T H R E A D  ---------------

Current thread (0x000001246a769000):  JavaThread "main" [_thread_in_native, id=8108, stack(0x0000000298300000,0x0000000298400000)]

Stack: [0x0000000298300000,0x0000000298400000],  sp=0x00000002983fe630,  free space=1017k
Native frames: (J=compiled Java code, j=interpreted, Vv=VM code, C=native code)
C  [ig9icd64.dll+0x38c4c]

Java frames: (J=compiled Java code, j=interpreted, Vv=VM code)
J 1330  org.lwjgl.system.JNI.invokePV(JJ)V (0 bytes) @ 0x0000012407b7eb14 [0x0000012407b7eac0+0x0000000000000054]
J 1517 c2 gameEngine.Window.render()V (8 bytes) @ 0x0000012407b23d94 [0x0000012407b23d40+0x0000000000000054]
J 1525% c2 gameEngine.Start.main([Ljava/lang/String;)V (3428 bytes) @ 0x0000012407b912e4 [0x0000012407b8f420+0x0000000000001ec4]
v  ~StubRoutines::call_stub

siginfo: EXCEPTION_ACCESS_VIOLATION (0xc0000005), reading address 0x0000000000000110


Register to memory mapping:

RIP=0x00007ffb777a8c4c ig9icd64.dll
RAX=0x0 is NULL
RBX=0x000001247affc800 points into unknown readable memory: 70 f1 96 93 27 01 00 00
RCX=0x000001247affc800 points into unknown readable memory: 70 f1 96 93 27 01 00 00
RDX=0x0000012b179fe350 points into unknown readable memory: c0 13 0d 7b 24 01 00 00
RSP=0x00000002983fe630 is pointing into the stack for thread: 0x000001246a769000
RBP=0x000001247b0d13c0 points into unknown readable memory: 00 00 00 00 24 01 00 00
RSI=0x0000012b179fe350 points into unknown readable memory: c0 13 0d 7b 24 01 00 00
RDI=0x000001247c123980 points into unknown readable memory: 00 00 00 00 00 00 00 00
R8 =0x0000012b179fe350 points into unknown readable memory: c0 13 0d 7b 24 01 00 00
R9 =0x0000000000008000 is an unknown value
R10=0x0 is NULL
R11=0x00000002983fe5f8 is pointing into the stack for thread: 0x000001246a769000
R12=0x00000000000000b0 is an unknown value
R13=0x00000000000b2867 is an unknown value
R14=0x000001247c123bd0 points into unknown readable memory: 00 00 00 00 00 00 00 00
R15=0x000001247c123ab0 points into unknown readable memory: 00 00 03 0f 24 01 00 00


Registers:
RAX=0x0000000000000000, RBX=0x000001247affc800, RCX=0x000001247affc800, RDX=0x0000012b179fe350
RSP=0x00000002983fe630, RBP=0x000001247b0d13c0, RSI=0x0000012b179fe350, RDI=0x000001247c123980
R8 =0x0000012b179fe350, R9 =0x0000000000008000, R10=0x0000000000000000, R11=0x00000002983fe5f8
R12=0x00000000000000b0, R13=0x00000000000b2867, R14=0x000001247c123bd0, R15=0x000001247c123ab0
RIP=0x00007ffb777a8c4c, EFLAGS=0x0000000000010202

Top of Stack: (sp=0x00000002983fe630)
0x00000002983fe630:   0000000000000000 0000000000000200
0x00000002983fe640:   000001247c123ab0 000001247c123bd0
0x00000002983fe650:   fffffffffffffffe 00000000000000b0
0x00000002983fe660:   0000012b179fe350 00007ffb77790487
0x00000002983fe670:   0000000000000000 000001247affc800
0x00000002983fe680:   000001247c123980 0000001000000003
0x00000002983fe690:   00000b20782a0001 00007ffb7787ac00
0x00000002983fe6a0:   0000000000000000 00007ffb77790271
0x00000002983fe6b0:   0000000000000001 000001247b0d13c0
0x00000002983fe6c0:   000001247c123980 0000012468450000
0x00000002983fe6d0:   ffff000378470001 0000000000000008
0x00000002983fe6e0:   0000000000000000 0000000000000000
0x00000002983fe6f0:   00000002983fe840 00007ffb777986a6
0x00000002983fe700:   000001247c123980 0000000000000000
0x00000002983fe710:   0000000000000000 000001247c123980
0x00000002983fe720:   00000002983fe740 000001247c123980 

Instructions: (pc=0x00007ffb777a8c4c)
0x00007ffb777a8c2c:   90 48 8b 87 38 03 00 00 48 89 86 00 04 00 00 48
0x00007ffb777a8c3c:   89 b7 38 03 00 00 ff 87 40 03 00 00 48 8b 46 08
0x00007ffb777a8c4c:   48 8b 88 10 01 00 00 48 01 8f 48 03 00 00 48 8b
0x00007ffb777a8c5c:   97 48 03 00 00 48 03 97 a8 03 00 00 48 8b 05 71 


Stack slot to memory mapping:
stack at sp + 0 slots: 0x0 is NULL
stack at sp + 1 slots: 0x0000000000000200 is an unknown value
stack at sp + 2 slots: 0x000001247c123ab0 points into unknown readable memory: 00 00 03 0f 24 01 00 00
stack at sp + 3 slots: 0x000001247c123bd0 points into unknown readable memory: 00 00 00 00 00 00 00 00
stack at sp + 4 slots: 0xfffffffffffffffe is an unknown value
stack at sp + 5 slots: 0x00000000000000b0 is an unknown value
stack at sp + 6 slots: 0x0000012b179fe350 points into unknown readable memory: c0 13 0d 7b 24 01 00 00
stack at sp + 7 slots: 0x00007ffb77790487 ig9icd64.dll


---------------  P R O C E S S  ---------------

Threads class SMR info:
_java_thread_list=0x000001247cbaa2f0, length=10, elements={
0x000001246a769000, 0x0000012479b85800, 0x0000012479b87800, 0x0000012479ba2800,
0x0000012479ba5000, 0x0000012479ba7800, 0x0000012479bb0000, 0x0000012479bb1800,
0x000001247a5fa800, 0x000001247a615000
}

Java Threads: ( => current thread )
=>0x000001246a769000 JavaThread "main" [_thread_in_native, id=8108, stack(0x0000000298300000,0x0000000298400000)]
  0x0000012479b85800 JavaThread "Reference Handler" daemon [_thread_blocked, id=9096, stack(0x0000000298a00000,0x0000000298b00000)]
  0x0000012479b87800 JavaThread "Finalizer" daemon [_thread_blocked, id=9092, stack(0x0000000298b00000,0x0000000298c00000)]
  0x0000012479ba2800 JavaThread "Signal Dispatcher" daemon [_thread_blocked, id=4372, stack(0x0000000298c00000,0x0000000298d00000)]
  0x0000012479ba5000 JavaThread "Attach Listener" daemon [_thread_blocked, id=4576, stack(0x0000000298d00000,0x0000000298e00000)]
  0x0000012479ba7800 JavaThread "C2 CompilerThread0" daemon [_thread_blocked, id=7724, stack(0x0000000298e00000,0x0000000298f00000)]
  0x0000012479bb0000 JavaThread "C1 CompilerThread0" daemon [_thread_blocked, id=6756, stack(0x0000000298f00000,0x0000000299000000)]
  0x0000012479bb1800 JavaThread "Sweeper thread" daemon [_thread_blocked, id=4132, stack(0x0000000299000000,0x0000000299100000)]
  0x000001247a5fa800 JavaThread "Service Thread" daemon [_thread_blocked, id=8504, stack(0x0000000299100000,0x0000000299200000)]
  0x000001247a615000 JavaThread "Common-Cleaner" daemon [_thread_blocked, id=5776, stack(0x0000000299300000,0x0000000299400000)]

Other Threads:
  0x0000012479b7d000 VMThread "VM Thread" [stack: 0x0000000298900000,0x0000000298a00000] [id=9116]
  0x000001247a5fc000 WatcherThread [stack: 0x0000000299200000,0x0000000299300000] [id=7764]
  0x000001246a7a9000 GCTaskThread "GC Thread#0" [stack: 0x0000000298400000,0x0000000298500000] [id=1668]
  0x000001247acb0800 GCTaskThread "GC Thread#1" [stack: 0x0000000299400000,0x0000000299500000] [id=4572]
  0x000001247acaf000 GCTaskThread "GC Thread#2" [stack: 0x0000000299500000,0x0000000299600000] [id=4624]
  0x000001246a7b6800 ConcurrentGCThread "G1 Main Marker" [stack: 0x0000000298500000,0x0000000298600000] [id=1868]
  0x000001246a7ba800 ConcurrentGCThread "G1 Conc#0" [stack: 0x0000000298600000,0x0000000298700000] [id=5036]
  0x0000012479a01800 ConcurrentGCThread "G1 Refine#0" [stack: 0x0000000298700000,0x0000000298800000] [id=9120]
  0x000001246a82b000 ConcurrentGCThread "G1 Young RemSet Sampling" [stack: 0x0000000298800000,0x0000000298900000] [id=9112]

Threads with active compile tasks:

VM state:not at safepoint (normal execution)

VM Mutex/Monitor currently owned by a thread: None

Heap address: 0x0000000081800000, size: 2024 MB, Compressed Oops mode: 32-bit
Narrow klass base: 0x0000000800000000, Narrow klass shift: 3
Compressed class space size: 1073741824 Address: 0x00000008011a0000

Heap:
 garbage-first heap   total 131072K, used 8727K [0x0000000081800000, 0x0000000100000000)
  region size 1024K, 5 young (5120K), 1 survivors (1024K)
 Metaspace       used 7194K, capacity 10109K, committed 10496K, reserved 1058816K
  class space    used 328K, capacity 652K, committed 768K, reserved 1048576K
Heap Regions: E=young(eden), S=young(survivor), O=old, HS=humongous(starts), HC=humongous(continues), CS=collection set, F=free, A=archive, TAMS=top-at-mark-start (previous, next)
|   0|0x0000000081800000, 0x0000000081900000, 0x0000000081900000|100%| O|  |TAMS 0x0000000081800000, 0x0000000081800000| Untracked 
|   1|0x0000000081900000, 0x0000000081a00000, 0x0000000081a00000|100%| O|  |TAMS 0x0000000081900000, 0x0000000081900000| Untracked 
|   2|0x0000000081a00000, 0x0000000081b00000, 0x0000000081b00000|100%| O|  |TAMS 0x0000000081a00000, 0x0000000081a00000| Untracked 
|   3|0x0000000081b00000, 0x0000000081c00000, 0x0000000081c00000|100%| O|  |TAMS 0x0000000081b00000, 0x0000000081b00000| Untracked 
|   4|0x0000000081c00000, 0x0000000081c85c00, 0x0000000081d00000| 52%| O|  |TAMS 0x0000000081c00000, 0x0000000081c00000| Untracked 
|   5|0x0000000081d00000, 0x0000000081d00000, 0x0000000081e00000|  0%| F|  |TAMS 0x0000000081d00000, 0x0000000081d00000| Untracked 
|   6|0x0000000081e00000, 0x0000000081e00000, 0x0000000081f00000|  0%| F|  |TAMS 0x0000000081e00000, 0x0000000081e00000| Untracked 
|   7|0x0000000081f00000, 0x0000000081f00000, 0x0000000082000000|  0%| F|  |TAMS 0x0000000081f00000, 0x0000000081f00000| Untracked 
|   8|0x0000000082000000, 0x0000000082000000, 0x0000000082100000|  0%| F|  |TAMS 0x0000000082000000, 0x0000000082000000| Untracked 
|   9|0x0000000082100000, 0x0000000082100000, 0x0000000082200000|  0%| F|  |TAMS 0x0000000082100000, 0x0000000082100000| Untracked 
|  10|0x0000000082200000, 0x0000000082200000, 0x0000000082300000|  0%| F|  |TAMS 0x0000000082200000, 0x0000000082200000| Untracked 
|  11|0x0000000082300000, 0x0000000082300000, 0x0000000082400000|  0%| F|  |TAMS 0x0000000082300000, 0x0000000082300000| Untracked 
|  12|0x0000000082400000, 0x0000000082400000, 0x0000000082500000|  0%| F|  |TAMS 0x0000000082400000, 0x0000000082400000| Untracked 
|  13|0x0000000082500000, 0x0000000082500000, 0x0000000082600000|  0%| F|  |TAMS 0x0000000082500000, 0x0000000082500000| Untracked 
|  14|0x0000000082600000, 0x0000000082600000, 0x0000000082700000|  0%| F|  |TAMS 0x0000000082600000, 0x0000000082600000| Untracked 
|  15|0x0000000082700000, 0x0000000082700000, 0x0000000082800000|  0%| F|  |TAMS 0x0000000082700000, 0x0000000082700000| Untracked 
|  16|0x0000000082800000, 0x0000000082800000, 0x0000000082900000|  0%| F|  |TAMS 0x0000000082800000, 0x0000000082800000| Untracked 
|  17|0x0000000082900000, 0x0000000082900000, 0x0000000082a00000|  0%| F|  |TAMS 0x0000000082900000, 0x0000000082900000| Untracked 
|  18|0x0000000082a00000, 0x0000000082a00000, 0x0000000082b00000|  0%| F|  |TAMS 0x0000000082a00000, 0x0000000082a00000| Untracked 
|  19|0x0000000082b00000, 0x0000000082b00000, 0x0000000082c00000|  0%| F|  |TAMS 0x0000000082b00000, 0x0000000082b00000| Untracked 
|  20|0x0000000082c00000, 0x0000000082c00000, 0x0000000082d00000|  0%| F|  |TAMS 0x0000000082c00000, 0x0000000082c00000| Untracked 
|  21|0x0000000082d00000, 0x0000000082d00000, 0x0000000082e00000|  0%| F|  |TAMS 0x0000000082d00000, 0x0000000082d00000| Untracked 
|  22|0x0000000082e00000, 0x0000000082e00000, 0x0000000082f00000|  0%| F|  |TAMS 0x0000000082e00000, 0x0000000082e00000| Untracked 
|  23|0x0000000082f00000, 0x0000000082f00000, 0x0000000083000000|  0%| F|  |TAMS 0x0000000082f00000, 0x0000000082f00000| Untracked 
|  24|0x0000000083000000, 0x0000000083000000, 0x0000000083100000|  0%| F|  |TAMS 0x0000000083000000, 0x0000000083000000| Untracked 
|  25|0x0000000083100000, 0x0000000083100000, 0x0000000083200000|  0%| F|  |TAMS 0x0000000083100000, 0x0000000083100000| Untracked 
|  26|0x0000000083200000, 0x0000000083200000, 0x0000000083300000|  0%| F|  |TAMS 0x0000000083200000, 0x0000000083200000| Untracked 
|  27|0x0000000083300000, 0x0000000083300000, 0x0000000083400000|  0%| F|  |TAMS 0x0000000083300000, 0x0000000083300000| Untracked 
|  28|0x0000000083400000, 0x0000000083400000, 0x0000000083500000|  0%| F|  |TAMS 0x0000000083400000, 0x0000000083400000| Untracked 
|  29|0x0000000083500000, 0x0000000083500000, 0x0000000083600000|  0%| F|  |TAMS 0x0000000083500000, 0x0000000083500000| Untracked 
|  30|0x0000000083600000, 0x0000000083600000, 0x0000000083700000|  0%| F|  |TAMS 0x0000000083600000, 0x0000000083600000| Untracked 
|  31|0x0000000083700000, 0x0000000083700000, 0x0000000083800000|  0%| F|  |TAMS 0x0000000083700000, 0x0000000083700000| Untracked 
|  32|0x0000000083800000, 0x0000000083800000, 0x0000000083900000|  0%| F|  |TAMS 0x0000000083800000, 0x0000000083800000| Untracked 
|  33|0x0000000083900000, 0x0000000083900000, 0x0000000083a00000|  0%| F|  |TAMS 0x0000000083900000, 0x0000000083900000| Untracked 
|  34|0x0000000083a00000, 0x0000000083a00000, 0x0000000083b00000|  0%| F|  |TAMS 0x0000000083a00000, 0x0000000083a00000| Untracked 
|  35|0x0000000083b00000, 0x0000000083b00000, 0x0000000083c00000|  0%| F|  |TAMS 0x0000000083b00000, 0x0000000083b00000| Untracked 
|  36|0x0000000083c00000, 0x0000000083c00000, 0x0000000083d00000|  0%| F|  |TAMS 0x0000000083c00000, 0x0000000083c00000| Untracked 
|  37|0x0000000083d00000, 0x0000000083d00000, 0x0000000083e00000|  0%| F|  |TAMS 0x0000000083d00000, 0x0000000083d00000| Untracked 
|  38|0x0000000083e00000, 0x0000000083e00000, 0x0000000083f00000|  0%| F|  |TAMS 0x0000000083e00000, 0x0000000083e00000| Untracked 
|  39|0x0000000083f00000, 0x0000000083f00000, 0x0000000084000000|  0%| F|  |TAMS 0x0000000083f00000, 0x0000000083f00000| Untracked 
|  40|0x0000000084000000, 0x0000000084000000, 0x0000000084100000|  0%| F|  |TAMS 0x0000000084000000, 0x0000000084000000| Untracked 
|  41|0x0000000084100000, 0x0000000084100000, 0x0000000084200000|  0%| F|  |TAMS 0x0000000084100000, 0x0000000084100000| Untracked 
|  42|0x0000000084200000, 0x0000000084200000, 0x0000000084300000|  0%| F|  |TAMS 0x0000000084200000, 0x0000000084200000| Untracked 
|  43|0x0000000084300000, 0x0000000084300000, 0x0000000084400000|  0%| F|  |TAMS 0x0000000084300000, 0x0000000084300000| Untracked 
|  44|0x0000000084400000, 0x0000000084400000, 0x0000000084500000|  0%| F|  |TAMS 0x0000000084400000, 0x0000000084400000| Untracked 
|  45|0x0000000084500000, 0x0000000084500000, 0x0000000084600000|  0%| F|  |TAMS 0x0000000084500000, 0x0000000084500000| Untracked 
|  46|0x0000000084600000, 0x0000000084600000, 0x0000000084700000|  0%| F|  |TAMS 0x0000000084600000, 0x0000000084600000| Untracked 
|  47|0x0000000084700000, 0x0000000084700000, 0x0000000084800000|  0%| F|  |TAMS 0x0000000084700000, 0x0000000084700000| Untracked 
|  48|0x0000000084800000, 0x0000000084800000, 0x0000000084900000|  0%| F|  |TAMS 0x0000000084800000, 0x0000000084800000| Untracked 
|  49|0x0000000084900000, 0x0000000084900000, 0x0000000084a00000|  0%| F|  |TAMS 0x0000000084900000, 0x0000000084900000| Untracked 
|  50|0x0000000084a00000, 0x0000000084a00000, 0x0000000084b00000|  0%| F|  |TAMS 0x0000000084a00000, 0x0000000084a00000| Untracked 
|  51|0x0000000084b00000, 0x0000000084c00000, 0x0000000084c00000|100%| S|CS|TAMS 0x0000000084b00000, 0x0000000084b00000| Complete 
|  52|0x0000000084c00000, 0x0000000084c00000, 0x0000000084d00000|  0%| F|  |TAMS 0x0000000084c00000, 0x0000000084c00000| Untracked 
|  53|0x0000000084d00000, 0x0000000084d00000, 0x0000000084e00000|  0%| F|  |TAMS 0x0000000084d00000, 0x0000000084d00000| Untracked 
|  54|0x0000000084e00000, 0x0000000084e00000, 0x0000000084f00000|  0%| F|  |TAMS 0x0000000084e00000, 0x0000000084e00000| Untracked 
|  55|0x0000000084f00000, 0x0000000084f00000, 0x0000000085000000|  0%| F|  |TAMS 0x0000000084f00000, 0x0000000084f00000| Untracked 
|  56|0x0000000085000000, 0x0000000085000000, 0x0000000085100000|  0%| F|  |TAMS 0x0000000085000000, 0x0000000085000000| Untracked 
|  57|0x0000000085100000, 0x0000000085100000, 0x0000000085200000|  0%| F|  |TAMS 0x0000000085100000, 0x0000000085100000| Untracked 
|  58|0x0000000085200000, 0x0000000085200000, 0x0000000085300000|  0%| F|  |TAMS 0x0000000085200000, 0x0000000085200000| Untracked 
|  59|0x0000000085300000, 0x0000000085300000, 0x0000000085400000|  0%| F|  |TAMS 0x0000000085300000, 0x0000000085300000| Untracked 
|  60|0x0000000085400000, 0x0000000085400000, 0x0000000085500000|  0%| F|  |TAMS 0x0000000085400000, 0x0000000085400000| Untracked 
|  61|0x0000000085500000, 0x0000000085500000, 0x0000000085600000|  0%| F|  |TAMS 0x0000000085500000, 0x0000000085500000| Untracked 
|  62|0x0000000085600000, 0x0000000085600000, 0x0000000085700000|  0%| F|  |TAMS 0x0000000085600000, 0x0000000085600000| Untracked 
|  63|0x0000000085700000, 0x0000000085700000, 0x0000000085800000|  0%| F|  |TAMS 0x0000000085700000, 0x0000000085700000| Untracked 
|  64|0x0000000085800000, 0x0000000085800000, 0x0000000085900000|  0%| F|  |TAMS 0x0000000085800000, 0x0000000085800000| Untracked 
|  65|0x0000000085900000, 0x0000000085900000, 0x0000000085a00000|  0%| F|  |TAMS 0x0000000085900000, 0x0000000085900000| Untracked 
|  66|0x0000000085a00000, 0x0000000085a00000, 0x0000000085b00000|  0%| F|  |TAMS 0x0000000085a00000, 0x0000000085a00000| Untracked 
|  67|0x0000000085b00000, 0x0000000085b00000, 0x0000000085c00000|  0%| F|  |TAMS 0x0000000085b00000, 0x0000000085b00000| Untracked 
|  68|0x0000000085c00000, 0x0000000085c00000, 0x0000000085d00000|  0%| F|  |TAMS 0x0000000085c00000, 0x0000000085c00000| Untracked 
|  69|0x0000000085d00000, 0x0000000085d00000, 0x0000000085e00000|  0%| F|  |TAMS 0x0000000085d00000, 0x0000000085d00000| Untracked 
|  70|0x0000000085e00000, 0x0000000085e00000, 0x0000000085f00000|  0%| F|  |TAMS 0x0000000085e00000, 0x0000000085e00000| Untracked 
|  71|0x0000000085f00000, 0x0000000085f00000, 0x0000000086000000|  0%| F|  |TAMS 0x0000000085f00000, 0x0000000085f00000| Untracked 
|  72|0x0000000086000000, 0x0000000086000000, 0x0000000086100000|  0%| F|  |TAMS 0x0000000086000000, 0x0000000086000000| Untracked 
|  73|0x0000000086100000, 0x0000000086100000, 0x0000000086200000|  0%| F|  |TAMS 0x0000000086100000, 0x0000000086100000| Untracked 
|  74|0x0000000086200000, 0x0000000086200000, 0x0000000086300000|  0%| F|  |TAMS 0x0000000086200000, 0x0000000086200000| Untracked 
|  75|0x0000000086300000, 0x0000000086300000, 0x0000000086400000|  0%| F|  |TAMS 0x0000000086300000, 0x0000000086300000| Untracked 
|  76|0x0000000086400000, 0x0000000086400000, 0x0000000086500000|  0%| F|  |TAMS 0x0000000086400000, 0x0000000086400000| Untracked 
|  77|0x0000000086500000, 0x0000000086500000, 0x0000000086600000|  0%| F|  |TAMS 0x0000000086500000, 0x0000000086500000| Untracked 
|  78|0x0000000086600000, 0x0000000086600000, 0x0000000086700000|  0%| F|  |TAMS 0x0000000086600000, 0x0000000086600000| Untracked 
|  79|0x0000000086700000, 0x0000000086700000, 0x0000000086800000|  0%| F|  |TAMS 0x0000000086700000, 0x0000000086700000| Untracked 
|  80|0x0000000086800000, 0x0000000086800000, 0x0000000086900000|  0%| F|  |TAMS 0x0000000086800000, 0x0000000086800000| Untracked 
|  81|0x0000000086900000, 0x0000000086900000, 0x0000000086a00000|  0%| F|  |TAMS 0x0000000086900000, 0x0000000086900000| Untracked 
|  82|0x0000000086a00000, 0x0000000086a00000, 0x0000000086b00000|  0%| F|  |TAMS 0x0000000086a00000, 0x0000000086a00000| Untracked 
|  83|0x0000000086b00000, 0x0000000086b00000, 0x0000000086c00000|  0%| F|  |TAMS 0x0000000086b00000, 0x0000000086b00000| Untracked 
|  84|0x0000000086c00000, 0x0000000086c00000, 0x0000000086d00000|  0%| F|  |TAMS 0x0000000086c00000, 0x0000000086c00000| Untracked 
|  85|0x0000000086d00000, 0x0000000086d00000, 0x0000000086e00000|  0%| F|  |TAMS 0x0000000086d00000, 0x0000000086d00000| Untracked 
|  86|0x0000000086e00000, 0x0000000086e00000, 0x0000000086f00000|  0%| F|  |TAMS 0x0000000086e00000, 0x0000000086e00000| Untracked 
|  87|0x0000000086f00000, 0x0000000086f00000, 0x0000000087000000|  0%| F|  |TAMS 0x0000000086f00000, 0x0000000086f00000| Untracked 
|  88|0x0000000087000000, 0x0000000087000000, 0x0000000087100000|  0%| F|  |TAMS 0x0000000087000000, 0x0000000087000000| Untracked 
|  89|0x0000000087100000, 0x0000000087100000, 0x0000000087200000|  0%| F|  |TAMS 0x0000000087100000, 0x0000000087100000| Untracked 
|  90|0x0000000087200000, 0x0000000087200000, 0x0000000087300000|  0%| F|  |TAMS 0x0000000087200000, 0x0000000087200000| Untracked 
|  91|0x0000000087300000, 0x0000000087300000, 0x0000000087400000|  0%| F|  |TAMS 0x0000000087300000, 0x0000000087300000| Untracked 
|  92|0x0000000087400000, 0x0000000087400000, 0x0000000087500000|  0%| F|  |TAMS 0x0000000087400000, 0x0000000087400000| Untracked 
|  93|0x0000000087500000, 0x0000000087500000, 0x0000000087600000|  0%| F|  |TAMS 0x0000000087500000, 0x0000000087500000| Untracked 
|  94|0x0000000087600000, 0x0000000087600000, 0x0000000087700000|  0%| F|  |TAMS 0x0000000087600000, 0x0000000087600000| Untracked 
|  95|0x0000000087700000, 0x0000000087700000, 0x0000000087800000|  0%| F|  |TAMS 0x0000000087700000, 0x0000000087700000| Untracked 
|  96|0x0000000087800000, 0x0000000087800000, 0x0000000087900000|  0%| F|  |TAMS 0x0000000087800000, 0x0000000087800000| Untracked 
|  97|0x0000000087900000, 0x0000000087900000, 0x0000000087a00000|  0%| F|  |TAMS 0x0000000087900000, 0x0000000087900000| Untracked 
|  98|0x0000000087a00000, 0x0000000087a00000, 0x0000000087b00000|  0%| F|  |TAMS 0x0000000087a00000, 0x0000000087a00000| Untracked 
|  99|0x0000000087b00000, 0x0000000087b00000, 0x0000000087c00000|  0%| F|  |TAMS 0x0000000087b00000, 0x0000000087b00000| Untracked 
| 100|0x0000000087c00000, 0x0000000087c00000, 0x0000000087d00000|  0%| F|  |TAMS 0x0000000087c00000, 0x0000000087c00000| Untracked 
| 101|0x0000000087d00000, 0x0000000087d00000, 0x0000000087e00000|  0%| F|  |TAMS 0x0000000087d00000, 0x0000000087d00000| Untracked 
| 102|0x0000000087e00000, 0x0000000087e00000, 0x0000000087f00000|  0%| F|  |TAMS 0x0000000087e00000, 0x0000000087e00000| Untracked 
| 103|0x0000000087f00000, 0x0000000087f00000, 0x0000000088000000|  0%| F|  |TAMS 0x0000000087f00000, 0x0000000087f00000| Untracked 
| 104|0x0000000088000000, 0x0000000088000000, 0x0000000088100000|  0%| F|  |TAMS 0x0000000088000000, 0x0000000088000000| Untracked 
| 105|0x0000000088100000, 0x0000000088100000, 0x0000000088200000|  0%| F|  |TAMS 0x0000000088100000, 0x0000000088100000| Untracked 
| 106|0x0000000088200000, 0x0000000088200000, 0x0000000088300000|  0%| F|  |TAMS 0x0000000088200000, 0x0000000088200000| Untracked 
| 107|0x0000000088300000, 0x0000000088300000, 0x0000000088400000|  0%| F|  |TAMS 0x0000000088300000, 0x0000000088300000| Untracked 
| 108|0x0000000088400000, 0x0000000088400000, 0x0000000088500000|  0%| F|  |TAMS 0x0000000088400000, 0x0000000088400000| Untracked 
| 109|0x0000000088500000, 0x0000000088500000, 0x0000000088600000|  0%| F|  |TAMS 0x0000000088500000, 0x0000000088500000| Untracked 
| 110|0x0000000088600000, 0x0000000088600000, 0x0000000088700000|  0%| F|  |TAMS 0x0000000088600000, 0x0000000088600000| Untracked 
| 111|0x0000000088700000, 0x0000000088700000, 0x0000000088800000|  0%| F|  |TAMS 0x0000000088700000, 0x0000000088700000| Untracked 
| 112|0x0000000088800000, 0x0000000088800000, 0x0000000088900000|  0%| F|  |TAMS 0x0000000088800000, 0x0000000088800000| Untracked 
| 113|0x0000000088900000, 0x0000000088900000, 0x0000000088a00000|  0%| F|  |TAMS 0x0000000088900000, 0x0000000088900000| Untracked 
| 114|0x0000000088a00000, 0x0000000088a00000, 0x0000000088b00000|  0%| F|  |TAMS 0x0000000088a00000, 0x0000000088a00000| Untracked 
| 115|0x0000000088b00000, 0x0000000088b00000, 0x0000000088c00000|  0%| F|  |TAMS 0x0000000088b00000, 0x0000000088b00000| Untracked 
| 116|0x0000000088c00000, 0x0000000088c00000, 0x0000000088d00000|  0%| F|  |TAMS 0x0000000088c00000, 0x0000000088c00000| Untracked 
| 117|0x0000000088d00000, 0x0000000088d00000, 0x0000000088e00000|  0%| F|  |TAMS 0x0000000088d00000, 0x0000000088d00000| Untracked 
| 118|0x0000000088e00000, 0x0000000088e00000, 0x0000000088f00000|  0%| F|  |TAMS 0x0000000088e00000, 0x0000000088e00000| Untracked 
| 119|0x0000000088f00000, 0x0000000088f00000, 0x0000000089000000|  0%| F|  |TAMS 0x0000000088f00000, 0x0000000088f00000| Untracked 
| 120|0x0000000089000000, 0x0000000089000000, 0x0000000089100000|  0%| F|  |TAMS 0x0000000089000000, 0x0000000089000000| Untracked 
| 121|0x0000000089100000, 0x0000000089100000, 0x0000000089200000|  0%| F|  |TAMS 0x0000000089100000, 0x0000000089100000| Untracked 
| 122|0x0000000089200000, 0x0000000089200000, 0x0000000089300000|  0%| F|  |TAMS 0x0000000089200000, 0x0000000089200000| Untracked 
| 123|0x0000000089300000, 0x0000000089300000, 0x0000000089400000|  0%| F|  |TAMS 0x0000000089300000, 0x0000000089300000| Untracked 
| 124|0x0000000089400000, 0x0000000089480800, 0x0000000089500000| 50%| E|  |TAMS 0x0000000089400000, 0x0000000089400000| Complete 
| 125|0x0000000089500000, 0x0000000089600000, 0x0000000089600000|100%| E|CS|TAMS 0x0000000089500000, 0x0000000089500000| Complete 
| 126|0x0000000089600000, 0x0000000089700000, 0x0000000089700000|100%| E|CS|TAMS 0x0000000089600000, 0x0000000089600000| Complete 
| 127|0x0000000089700000, 0x0000000089800000, 0x0000000089800000|100%| E|CS|TAMS 0x0000000089700000, 0x0000000089700000| Complete 

Card table byte_map: [0x0000012472f60000,0x0000012473360000] _byte_map_base: 0x0000012472b54000

Marking Bits (Prev, Next): (CMBitMap*) 0x000001246a7a9eb8, (CMBitMap*) 0x000001246a7a9ef8
 Prev Bits: [0x0000012473760000, 0x0000012475700000)
 Next Bits: [0x0000012475700000, 0x00000124776a0000)

Polling page: 0x00000124686b0000

Metaspace:

Usage:
  Non-class:      9.24 MB capacity,     6.71 MB ( 73%) used,     2.52 MB ( 27%) free+waste,     8.94 KB ( <1%) overhead. 
      Class:    652.00 KB capacity,   328.77 KB ( 50%) used,   320.29 KB ( 49%) free+waste,     2.94 KB ( <1%) overhead. 
       Both:      9.87 MB capacity,     7.03 MB ( 71%) used,     2.83 MB ( 29%) free+waste,    11.88 KB ( <1%) overhead. 

Virtual space:
  Non-class space:       10.00 MB reserved,       9.50 MB ( 95%) committed 
      Class space:        1.00 GB reserved,     768.00 KB ( <1%) committed 
             Both:        1.01 GB reserved,      10.25 MB ( <1%) committed 

Chunk freelists:
   Non-Class:  9.88 KB
       Class:  2.50 KB
        Both:  12.38 KB

CodeHeap 'non-profiled nmethods': size=120064Kb used=965Kb max_used=1220Kb free=119098Kb
 bounds [0x0000012407ac0000, 0x0000012407d30000, 0x000001240f000000]
CodeHeap 'profiled nmethods': size=120000Kb used=1974Kb max_used=3636Kb free=118025Kb
 bounds [0x0000012400590000, 0x0000012400920000, 0x0000012407ac0000]
CodeHeap 'non-nmethods': size=5696Kb used=1468Kb max_used=1531Kb free=4227Kb
 bounds [0x0000012400000000, 0x0000012400270000, 0x0000012400590000]
 total_blobs=3198 nmethods=1202 adapters=882
 compilation: enabled
              stopped_count=0, restarted_count=0
 full_count=0

Compilation events (10 events):
Event: 434.418 Thread 0x0000012479ba7800 1565       4       guis.UIBox::Update (110 bytes)
Event: 434.420 Thread 0x0000012479ba7800 nmethod 1565 0x0000012407b80790 code [0x0000012407b80980, 0x0000012407b80c30]
Event: 455.436 Thread 0x0000012479ba7800 1566       4       guis.UIBoxState::loadList (365 bytes)
Event: 455.508 Thread 0x0000012479ba7800 nmethod 1566 0x0000012407baf590 code [0x0000012407baf8c0, 0x0000012407bb2070]
Event: 477.035 Thread 0x0000012479ba7800 1567       4       gameEngine.Start::Inputupdate (1786 bytes)
Event: 477.099 Thread 0x0000012479ba7800 nmethod 1567 0x0000012407bab310 code [0x0000012407bab8a0, 0x0000012407bad888]
Event: 498.701 Thread 0x0000012479ba7800 1568       4       org.lwjgl.system.dyncall.DynCallback::dcbArgInt (16 bytes)
Event: 498.702 Thread 0x0000012479ba7800 nmethod 1568 0x0000012407aee410 code [0x0000012407aee5c0, 0x0000012407aee648]
Event: 510.518 Thread 0x0000012479ba7800 1569       4       org.lwjgl.glfw.GLFWKeyCallbackI::callback (27 bytes)
Event: 510.520 Thread 0x0000012479ba7800 nmethod 1569 0x0000012407af5510 code [0x0000012407af5700, 0x0000012407af5900]

GC Heap History (10 events):
Event: 511.894 GC heap before
{Heap before GC invocations=1248 (full 0):
 garbage-first heap   total 131072K, used 81675K [0x0000000081800000, 0x0000000100000000)
  region size 1024K, 76 young (77824K), 2 survivors (2048K)
 Metaspace       used 7194K, capacity 10109K, committed 10496K, reserved 1058816K
  class space    used 328K, capacity 652K, committed 768K, reserved 1048576K
}
Event: 511.897 GC heap after
{Heap after GC invocations=1249 (full 0):
 garbage-first heap   total 131072K, used 5654K [0x0000000081800000, 0x0000000100000000)
  region size 1024K, 1 young (1024K), 1 survivors (1024K)
 Metaspace       used 7194K, capacity 10109K, committed 10496K, reserved 1058816K
  class space    used 328K, capacity 652K, committed 768K, reserved 1048576K
}
Event: 512.299 GC heap before
{Heap before GC invocations=1249 (full 0):
 garbage-first heap   total 131072K, used 82454K [0x0000000081800000, 0x0000000100000000)
  region size 1024K, 76 young (77824K), 1 survivors (1024K)
 Metaspace       used 7194K, capacity 10109K, committed 10496K, reserved 1058816K
  class space    used 328K, capacity 652K, committed 768K, reserved 1048576K
}
Event: 512.301 GC heap after
{Heap after GC invocations=1250 (full 0):
 garbage-first heap   total 131072K, used 5655K [0x0000000081800000, 0x0000000100000000)
  region size 1024K, 1 young (1024K), 1 survivors (1024K)
 Metaspace       used 7194K, capacity 10109K, committed 10496K, reserved 1058816K
  class space    used 328K, capacity 652K, committed 768K, reserved 1048576K
}
Event: 512.706 GC heap before
{Heap before GC invocations=1250 (full 0):
 garbage-first heap   total 131072K, used 82455K [0x0000000081800000, 0x0000000100000000)
  region size 1024K, 76 young (77824K), 1 survivors (1024K)
 Metaspace       used 7194K, capacity 10109K, committed 10496K, reserved 1058816K
  class space    used 328K, capacity 652K, committed 768K, reserved 1048576K
}
Event: 512.709 GC heap after
{Heap after GC invocations=1251 (full 0):
 garbage-first heap   total 131072K, used 5717K [0x0000000081800000, 0x0000000100000000)
  region size 1024K, 2 young (2048K), 2 survivors (2048K)
 Metaspace       used 7194K, capacity 10109K, committed 10496K, reserved 1058816K
  class space    used 328K, capacity 652K, committed 768K, reserved 1048576K
}
Event: 513.105 GC heap before
{Heap before GC invocations=1251 (full 0):
 garbage-first heap   total 131072K, used 81493K [0x0000000081800000, 0x0000000100000000)
  region size 1024K, 76 young (77824K), 2 survivors (2048K)
 Metaspace       used 7194K, capacity 10109K, committed 10496K, reserved 1058816K
  class space    used 328K, capacity 652K, committed 768K, reserved 1048576K
}
Event: 513.108 GC heap after
{Heap after GC invocations=1252 (full 0):
 garbage-first heap   total 131072K, used 5599K [0x0000000081800000, 0x0000000100000000)
  region size 1024K, 1 young (1024K), 1 survivors (1024K)
 Metaspace       used 7194K, capacity 10109K, committed 10496K, reserved 1058816K
  class space    used 328K, capacity 652K, committed 768K, reserved 1048576K
}
Event: 513.514 GC heap before
{Heap before GC invocations=1252 (full 0):
 garbage-first heap   total 131072K, used 82399K [0x0000000081800000, 0x0000000100000000)
  region size 1024K, 76 young (77824K), 1 survivors (1024K)
 Metaspace       used 7194K, capacity 10109K, committed 10496K, reserved 1058816K
  class space    used 328K, capacity 652K, committed 768K, reserved 1048576K
}
Event: 513.517 GC heap after
{Heap after GC invocations=1253 (full 0):
 garbage-first heap   total 131072K, used 5655K [0x0000000081800000, 0x0000000100000000)
  region size 1024K, 1 young (1024K), 1 survivors (1024K)
 Metaspace       used 7194K, capacity 10109K, committed 10496K, reserved 1058816K
  class space    used 328K, capacity 652K, committed 768K, reserved 1048576K
}

Deoptimization events (10 events):
Event: 391.735 Thread 0x000001246a769000 Uncommon trap: reason=unstable_if action=reinterpret pc=0x0000012407aee314 method=input.InputHandler.EnableButton(I)V @ 12 c2
Event: 391.736 Thread 0x000001246a769000 Uncommon trap: reason=unstable_if action=reinterpret pc=0x0000012407be1fe4 method=gameEngine.Start.main([Ljava/lang/String;)V @ 2625 c2
Event: 391.738 Thread 0x000001246a769000 Uncommon trap: reason=unstable_if action=reinterpret pc=0x0000012407b86628 method=java.util.HashMap.clear()V @ 16 c2
Event: 391.738 Thread 0x000001246a769000 Uncommon trap: reason=unstable_if action=reinterpret pc=0x0000012407af4154 method=guis.UIBoxState.loadList([Lguis/UIElement;)V @ 333 c2
Event: 391.738 Thread 0x000001246a769000 Uncommon trap: reason=class_check action=maybe_recompile pc=0x0000012407b883b0 method=gameEngine.Render.draw(LgameEngine/ModelFramwork;Lorg/joml/Vector2f;FFLgameEngine/Texture;Lorg/joml/Vector4f;)V @ 118 c2
Event: 391.738 Thread 0x000001246a769000 Uncommon trap: reason=class_check action=maybe_recompile pc=0x0000012407b883b0 method=gameEngine.Render.draw(LgameEngine/ModelFramwork;Lorg/joml/Vector2f;FFLgameEngine/Texture;Lorg/joml/Vector4f;)V @ 118 c2
Event: 391.738 Thread 0x000001246a769000 Uncommon trap: reason=class_check action=maybe_recompile pc=0x0000012407b883b0 method=gameEngine.Render.draw(LgameEngine/ModelFramwork;Lorg/joml/Vector2f;FFLgameEngine/Texture;Lorg/joml/Vector4f;)V @ 118 c2
Event: 391.739 Thread 0x000001246a769000 Uncommon trap: reason=class_check action=maybe_recompile pc=0x0000012407b883b0 method=gameEngine.Render.draw(LgameEngine/ModelFramwork;Lorg/joml/Vector2f;FFLgameEngine/Texture;Lorg/joml/Vector4f;)V @ 118 c2
Event: 391.751 Thread 0x000001246a769000 Uncommon trap: reason=unstable_if action=reinterpret pc=0x0000012407bed908 method=guis.UIBox.Update()V @ 4 c2
Event: 391.751 Thread 0x000001246a769000 Uncommon trap: reason=unstable_if action=reinterpret pc=0x0000012407bc84f4 method=input.GetInput.getStateofButton(I)B @ 10 c2

Classes redefined (0 events):
No events

Internal exceptions (6 events):
Event: 0.322 Thread 0x000001246a769000 Exception <a 'java/lang/NoSuchMethodError'{0x0000000088e36490}: java.lang.invoke.DelegatingMethodHandle$Holder.delegate(Ljava/lang/Object;Ljava/lang/Object;ILjava/lang/Object;)V> (0x0000000088e36490) thrown at [t:/workspace/open/src/hotspot/share/interpre
Event: 0.323 Thread 0x000001246a769000 Exception <a 'java/lang/NoSuchMethodError'{0x0000000088e3d228}: java.lang.invoke.DirectMethodHandle$Holder.invokeStaticInit(Ljava/lang/Object;Ljava/lang/Object;Ljava/lang/Object;)Ljava/lang/Object;> (0x0000000088e3d228) thrown at [t:/workspace/open/src/ho
Event: 4.443 Thread 0x000001246a769000 Exception <a 'sun/nio/fs/WindowsException'{0x00000000896b0748}> (0x00000000896b0748) thrown at [t:/workspace/open/src/hotspot/share/prims/jni.cpp, line 615]
Event: 4.443 Thread 0x000001246a769000 Exception <a 'sun/nio/fs/WindowsException'{0x00000000896b0c18}> (0x00000000896b0c18) thrown at [t:/workspace/open/src/hotspot/share/prims/jni.cpp, line 615]
Event: 391.738 Thread 0x000001246a769000 Implicit null exception at 0x0000012407b86406 to 0x0000012407b86614
Event: 391.751 Thread 0x000001246a769000 Implicit null exception at 0x0000012407bc8123 to 0x0000012407bc84e5

Events (10 events):
Event: 511.894 Executing VM operation: G1CollectForAllocation
Event: 511.897 Executing VM operation: G1CollectForAllocation done
Event: 512.299 Executing VM operation: G1CollectForAllocation
Event: 512.301 Executing VM operation: G1CollectForAllocation done
Event: 512.706 Executing VM operation: G1CollectForAllocation
Event: 512.709 Executing VM operation: G1CollectForAllocation done
Event: 513.105 Executing VM operation: G1CollectForAllocation
Event: 513.108 Executing VM operation: G1CollectForAllocation done
Event: 513.514 Executing VM operation: G1CollectForAllocation
Event: 513.517 Executing VM operation: G1CollectForAllocation done


Dynamic libraries:
0x00007ff700cc0000 - 0x00007ff700ccf000 	C:\Program Files\Java\jdk-12.0.1\bin\javaw.exe
0x00007ffbae3d0000 - 0x00007ffbae5bd000 	C:\WINDOWS\SYSTEM32\ntdll.dll
0x00007ffbabbd0000 - 0x00007ffbabc83000 	C:\WINDOWS\System32\KERNEL32.DLL
0x00007ffbaa7d0000 - 0x00007ffbaaa63000 	C:\WINDOWS\System32\KERNELBASE.dll
0x00007ffbaa4e0000 - 0x00007ffbaa5da000 	C:\WINDOWS\System32\ucrtbase.dll
0x00007ffb84b70000 - 0x00007ffb84b86000 	C:\Program Files\Java\jdk-12.0.1\bin\VCRUNTIME140.dll
0x00007ffb8f0f0000 - 0x00007ffb8f108000 	C:\Program Files\Java\jdk-12.0.1\bin\jli.dll
0x00007ffbabf90000 - 0x00007ffbac033000 	C:\WINDOWS\System32\ADVAPI32.dll
0x00007ffbabcf0000 - 0x00007ffbabd8e000 	C:\WINDOWS\System32\msvcrt.dll
0x00007ffbac640000 - 0x00007ffbac6de000 	C:\WINDOWS\System32\sechost.dll
0x00007ffbabe60000 - 0x00007ffbabf82000 	C:\WINDOWS\System32\RPCRT4.dll
0x00007ffbac6e0000 - 0x00007ffbac877000 	C:\WINDOWS\System32\USER32.dll
0x00007ffbab3d0000 - 0x00007ffbab3f0000 	C:\WINDOWS\System32\win32u.dll
0x00007ffb9b850000 - 0x00007ffb9bac9000 	C:\WINDOWS\WinSxS\amd64_microsoft.windows.common-controls_6595b64144ccf1df_6.0.17763.914_none_05b346b2072102f2\COMCTL32.dll
0x00007ffbac310000 - 0x00007ffbac63c000 	C:\WINDOWS\System32\combase.dll
0x00007ffbac880000 - 0x00007ffbac8a9000 	C:\WINDOWS\System32\GDI32.dll
0x00007ffbab450000 - 0x00007ffbab5e9000 	C:\WINDOWS\System32\gdi32full.dll
0x00007ffbaa730000 - 0x00007ffbaa7ae000 	C:\WINDOWS\System32\bcryptPrimitives.dll
0x00007ffbaa5e0000 - 0x00007ffbaa680000 	C:\WINDOWS\System32\msvcp_win.dll
0x00007ffb9d510000 - 0x00007ffb9d51a000 	C:\WINDOWS\SYSTEM32\VERSION.dll
0x00007ffbac170000 - 0x00007ffbac19e000 	C:\WINDOWS\System32\IMM32.DLL
0x00007ffb7bbc0000 - 0x00007ffb7bc6a000 	C:\Program Files\Java\jdk-12.0.1\bin\msvcp140.dll
0x00007ffb7cc30000 - 0x00007ffb7d7a4000 	C:\Program Files\Java\jdk-12.0.1\bin\server\jvm.dll
0x00007ffbabb40000 - 0x00007ffbabb48000 	C:\WINDOWS\System32\PSAPI.DLL
0x00007ffb98050000 - 0x00007ffb98059000 	C:\WINDOWS\SYSTEM32\WSOCK32.dll
0x00007ffba5d10000 - 0x00007ffba5d34000 	C:\WINDOWS\SYSTEM32\WINMM.dll
0x00007ffbac8b0000 - 0x00007ffbac91d000 	C:\WINDOWS\System32\WS2_32.dll
0x00007ffba5bf0000 - 0x00007ffba5c1d000 	C:\WINDOWS\SYSTEM32\WINMMBASE.dll
0x00007ffbaa490000 - 0x00007ffbaa4da000 	C:\WINDOWS\System32\cfgmgr32.dll
0x00007ffbaa470000 - 0x00007ffbaa481000 	C:\WINDOWS\System32\kernel.appcore.dll
0x00007ffb7e630000 - 0x00007ffb7e641000 	C:\Program Files\Java\jdk-12.0.1\bin\verify.dll
0x00007ffba8be0000 - 0x00007ffba8dcd000 	C:\WINDOWS\SYSTEM32\DBGHELP.DLL
0x00007ffb937c0000 - 0x00007ffb937ea000 	C:\WINDOWS\SYSTEM32\dbgcore.DLL
0x00007ffb7e600000 - 0x00007ffb7e626000 	C:\Program Files\Java\jdk-12.0.1\bin\java.dll
0x00007ffb7e480000 - 0x00007ffb7e497000 	C:\Program Files\Java\jdk-12.0.1\bin\zip.dll
0x00007ffb93920000 - 0x00007ffb9392a000 	C:\Program Files\Java\jdk-12.0.1\bin\jimage.dll
0x00007ffbac920000 - 0x00007ffbade14000 	C:\WINDOWS\System32\SHELL32.dll
0x00007ffbade40000 - 0x00007ffbadee8000 	C:\WINDOWS\System32\shcore.dll
0x00007ffbaac80000 - 0x00007ffbab3cd000 	C:\WINDOWS\System32\windows.storage.dll
0x00007ffbaa440000 - 0x00007ffbaa464000 	C:\WINDOWS\System32\profapi.dll
0x00007ffbaa3e0000 - 0x00007ffbaa43d000 	C:\WINDOWS\System32\powrprof.dll
0x00007ffbab5f0000 - 0x00007ffbab642000 	C:\WINDOWS\System32\shlwapi.dll
0x00007ffbaa7b0000 - 0x00007ffbaa7c7000 	C:\WINDOWS\System32\cryptsp.dll
0x00007ffb7e3c0000 - 0x00007ffb7e3d9000 	C:\Program Files\Java\jdk-12.0.1\bin\net.dll
0x00007ffba4690000 - 0x00007ffba4782000 	C:\WINDOWS\SYSTEM32\WINHTTP.dll
0x00007ffba3000000 - 0x00007ffba31d7000 	C:\WINDOWS\SYSTEM32\urlmon.dll
0x00007ffb99c80000 - 0x00007ffb99f28000 	C:\WINDOWS\SYSTEM32\iertutil.dll
0x00007ffbaa2e0000 - 0x00007ffbaa2ec000 	C:\WINDOWS\SYSTEM32\CRYPTBASE.DLL
0x00007ffba9bd0000 - 0x00007ffba9c37000 	C:\WINDOWS\system32\mswsock.dll
0x00007ffb7e3a0000 - 0x00007ffb7e3b3000 	C:\Program Files\Java\jdk-12.0.1\bin\nio.dll
0x00007ffb7ee70000 - 0x00007ffb7eed0000 	C:\Users\rasks\AppData\Local\Temp\lwjglrasks\3.2.1-build-3\lwjgl.dll
0x00007ffb7bb60000 - 0x00007ffb7bbbe000 	C:\Users\rasks\AppData\Local\Temp\lwjglrasks\3.2.1-build-3\glfw.dll
0x00007ffba7cf0000 - 0x00007ffba7d8c000 	C:\WINDOWS\system32\uxtheme.dll
0x00007ffb7bb10000 - 0x00007ffb7bb54000 	C:\WINDOWS\SYSTEM32\dinput8.dll
0x00007ffb7e9e0000 - 0x00007ffb7e9f1000 	C:\WINDOWS\SYSTEM32\xinput1_4.dll
0x00007ffbaa160000 - 0x00007ffbaa189000 	C:\WINDOWS\SYSTEM32\DEVOBJ.dll
0x00007ffba7f30000 - 0x00007ffba7f5e000 	C:\WINDOWS\SYSTEM32\dwmapi.dll
0x00007ffbaaaa0000 - 0x00007ffbaac7b000 	C:\WINDOWS\System32\CRYPT32.dll
0x00007ffbaa3c0000 - 0x00007ffbaa3d2000 	C:\WINDOWS\System32\MSASN1.dll
0x00007ffb9b420000 - 0x00007ffb9b4ec000 	C:\WINDOWS\SYSTEM32\inputhost.dll
0x00007ffba5c20000 - 0x00007ffba5d02000 	C:\WINDOWS\SYSTEM32\CoreMessaging.dll
0x00007ffba7f60000 - 0x00007ffba816d000 	C:\WINDOWS\SYSTEM32\twinapi.appcore.dll
0x00007ffba3ad0000 - 0x00007ffba3df2000 	C:\WINDOWS\SYSTEM32\CoreUIComponents.dll
0x00007ffba5100000 - 0x00007ffba56be000 	C:\WINDOWS\SYSTEM32\d2d1.dll
0x00007ffba6c50000 - 0x00007ffba6ece000 	C:\WINDOWS\SYSTEM32\d3d11.dll
0x00007ffba8730000 - 0x00007ffba88d9000 	C:\WINDOWS\SYSTEM32\PROPSYS.dll
0x00007ffba6ed0000 - 0x00007ffba7023000 	C:\WINDOWS\SYSTEM32\wintypes.dll
0x00007ffbabd90000 - 0x00007ffbabe54000 	C:\WINDOWS\System32\OLEAUT32.dll
0x00007ffba8420000 - 0x00007ffba8448000 	C:\WINDOWS\SYSTEM32\RMCLIENT.dll
0x00007ffba93a0000 - 0x00007ffba93d1000 	C:\WINDOWS\SYSTEM32\ntmarta.dll
0x00007ffba90f0000 - 0x00007ffba91b2000 	C:\WINDOWS\SYSTEM32\dxgi.dll
0x00007ffbae180000 - 0x00007ffbae2ec000 	C:\WINDOWS\System32\MSCTF.dll
0x00007ffba9040000 - 0x00007ffba904e000 	C:\WINDOWS\SYSTEM32\HID.DLL
0x00007ffbab6b0000 - 0x00007ffbabb26000 	C:\WINDOWS\System32\SETUPAPI.DLL
0x00007ffbaaa70000 - 0x00007ffbaaa96000 	C:\WINDOWS\System32\bcrypt.dll
0x00007ffbab3f0000 - 0x00007ffbab449000 	C:\WINDOWS\System32\WINTRUST.dll
0x00007ffb96080000 - 0x00007ffb961a7000 	C:\WINDOWS\SYSTEM32\opengl32.dll
0x00007ffb96050000 - 0x00007ffb9607c000 	C:\WINDOWS\SYSTEM32\GLU32.dll
0x00007ffb77770000 - 0x00007ffb7862f000 	C:\WINDOWS\System32\DriverStore\FileRepository\k127153.inf_amd64_3f3936d8dec668b8\ig9icd64.dll
0x00007ffba8dd0000 - 0x00007ffba8de3000 	C:\WINDOWS\SYSTEM32\WTSAPI32.dll
0x00007ffb9ec60000 - 0x00007ffba09f5000 	C:\WINDOWS\System32\DriverStore\FileRepository\k127153.inf_amd64_3f3936d8dec668b8\igc64.dll
0x00007ffb9b4f0000 - 0x00007ffb9b585000 	C:\WINDOWS\System32\TextInputFramework.dll
0x00007ffbac1b0000 - 0x00007ffbac305000 	C:\WINDOWS\System32\ole32.dll
0x00007ffbae2f0000 - 0x00007ffbae392000 	C:\WINDOWS\System32\clbcatq.dll
0x00007ffb7a350000 - 0x00007ffb7a3aa000 	C:\Users\rasks\AppData\Local\Temp\lwjglrasks\3.2.1-build-3\lwjgl_opengl.dll
0x00007ffba73f0000 - 0x00007ffba73f3000 	C:\Users\rasks\AppData\Local\Temp\jomlrasks\a2476102\joml.dll

dbghelp: loaded successfully - version: 4.0.5 - missing functions: none
symbol engine: initialized successfully - sym options: 0x614 - pdb path: .;C:\Program Files\Java\jdk-12.0.1\bin;C:\WINDOWS\SYSTEM32;C:\WINDOWS\WinSxS\amd64_microsoft.windows.common-controls_6595b64144ccf1df_6.0.17763.914_none_05b346b2072102f2;C:\Program Files\Java\jdk-12.0.1\bin\server;C:\Users\rasks\AppData\Local\Temp\lwjglrasks\3.2.1-build-3;C:\WINDOWS\System32\DriverStore\FileRepository\k127153.inf_amd64_3f3936d8dec668b8;C:\Users\rasks\AppData\Local\Temp\jomlrasks\a2476102

VM Arguments:
jvm_args: -Dfile.encoding=Cp1252 
java_command: gameEngine.Start
java_class_path (initial): C:\Users\rasks\OneDrive\Documents\GitHub\game\Game\src;C:\Users\rasks\OneDrive\Documents\GitHub\game\Game\libwin\joml-1.9.9-sources.jar;C:\Users\rasks\OneDrive\Documents\GitHub\game\Game\libwin\joml-1.9.9.jar;C:\Users\rasks\OneDrive\Documents\GitHub\game\Game\libwin\lwjgl-assimp-javadoc.jar;C:\Users\rasks\OneDrive\Documents\GitHub\game\Game\libwin\lwjgl-assimp-natives-windows.jar;C:\Users\rasks\OneDrive\Documents\GitHub\game\Game\libwin\lwjgl-assimp-sources.jar;C:\Users\rasks\OneDrive\Documents\GitHub\game\Game\libwin\lwjgl-assimp.jar;C:\Users\rasks\OneDrive\Documents\GitHub\game\Game\libwin\lwjgl-bgfx-javadoc.jar;C:\Users\rasks\OneDrive\Documents\GitHub\game\Game\libwin\lwjgl-bgfx-natives-windows.jar;C:\Users\rasks\OneDrive\Documents\GitHub\game\Game\libwin\lwjgl-bgfx-sources.jar;C:\Users\rasks\OneDrive\Documents\GitHub\game\Game\libwin\lwjgl-bgfx.jar;C:\Users\rasks\OneDrive\Documents\GitHub\game\Game\libwin\lwjgl-egl-javadoc.jar;C:\Users\rasks\OneDrive\Documents\GitHub\game\Game\libwin\lwjgl-egl-sources.jar;C:\Users\rasks\OneDrive\Documents\GitHub\game\Game\libwin\lwjgl-egl.jar;C:\Users\rasks\OneDrive\Documents\GitHub\game\Game\libwin\lwjgl-glfw-javadoc.jar;C:\Users\rasks\OneDrive\Documents\GitHub\game\Game\libwin\lwjgl-glfw-natives-windows.jar;C:\Users\rasks\OneDrive\Documents\GitHub\game\Game\libwin\lwjgl-glfw-sources.jar;C:\Users\rasks\OneDrive\Documents\GitHub\game\Game\libwin\lwjgl-glfw.jar;C:\Users\rasks\OneDrive\Documents\GitHub\game\Game\libwin\lwjgl-javadoc.jar;C:\Users\rasks\OneDrive\Documents\GitHub\game\Game\libwin\lwjgl-jawt-javadoc.jar;C:\Users\rasks\OneDrive\Documents\GitHub\game\Game\libwin\lwjgl-jawt-sources.jar;C:\Users\rasks\OneDrive\Documents\GitHub\game\Game\libwin\lwjgl-jawt.jar;C:\Users\rasks\OneDrive\Documents\GitHub\game\Game\libwin\lwjgl-jemalloc-javadoc.jar;C:\Users\rasks\OneDrive\Documents\GitHub\game\Game\libwin\lwjgl-jemalloc-natives-windows.jar;C:\Users\rasks\OneDrive\Documents\GitHub\game\Game\libwin\lwj
Launcher Type: SUN_STANDARD

[Global flags]
     intx CICompilerCount                          = 3                                         {product} {ergonomic}
     uint ConcGCThreads                            = 1                                         {product} {ergonomic}
     uint G1ConcRefinementThreads                  = 4                                         {product} {ergonomic}
   size_t G1HeapRegionSize                         = 1048576                                   {product} {ergonomic}
    uintx GCDrainStackTargetSize                   = 64                                        {product} {ergonomic}
   size_t InitialHeapSize                          = 134217728                                 {product} {ergonomic}
   size_t MarkStackSize                            = 4194304                                   {product} {ergonomic}
   size_t MaxHeapSize                              = 2122317824                                {product} {ergonomic}
   size_t MaxNewSize                               = 1272971264                                {product} {ergonomic}
   size_t MinHeapDeltaBytes                        = 1048576                                   {product} {ergonomic}
    uintx NonNMethodCodeHeapSize                   = 5830732                                {pd product} {ergonomic}
    uintx NonProfiledCodeHeapSize                  = 122913754                              {pd product} {ergonomic}
    uintx ProfiledCodeHeapSize                     = 122913754                              {pd product} {ergonomic}
    uintx ReservedCodeCacheSize                    = 251658240                              {pd product} {ergonomic}
     bool SegmentedCodeCache                       = true                                      {product} {ergonomic}
     bool UseCompressedClassPointers               = true                                 {lp64_product} {ergonomic}
     bool UseCompressedOops                        = true                                 {lp64_product} {ergonomic}
     bool UseG1GC                                  = true                                      {product} {ergonomic}
     bool UseLargePagesIndividualAllocation        = false                                  {pd product} {ergonomic}

Logging:
Log output configuration:
 #0: stdout all=warning uptime,level,tags
 #1: stderr all=off uptime,level,tags

Environment Variables:
PATH=C:/Program Files/Java/jdk-12.0.1/bin/server;C:/Program Files/Java/jdk-12.0.1/bin;C:\Program Files (x86)\Common Files\Oracle\Java\javapath;C:\Program Files (x86)\NVIDIA Corporation\PhysX\Common;C:\WINDOWS\system32;C:\WINDOWS;C:\WINDOWS\System32\Wbem;C:\WINDOWS\System32\WindowsPowerShell\v1.0\;C:\WINDOWS\System32\OpenSSH\;C:\Program Files (x86)\Wolfram Research\WolframScript\;C:\Program Files (x86)\Windows Kits\8.1\Windows Performance Toolkit\;C:\Users\rasks\AppData\Local\Microsoft\WindowsApps;C:\Users\rasks\AppData\Local\GitHubDesktop\bin;C:\Users\rasks\Desktop;
USERNAME=rasks
OS=Windows_NT
PROCESSOR_IDENTIFIER=Intel64 Family 6 Model 142 Stepping 9, GenuineIntel



---------------  S Y S T E M  ---------------

OS: Windows 10 , 64 bit Build 17763 (10.0.17763.475)

CPU:total 4 (initial active 4) (2 cores per cpu, 2 threads per core) family 6 model 142 stepping 9, cmov, cx8, fxsr, mmx, sse, sse2, sse3, ssse3, sse4.1, sse4.2, popcnt, avx, avx2, aes, clmul, erms, 3dnowpref, lzcnt, ht, tsc, tscinvbit, bmi1, bmi2, adx, fma

Memory: 4k page, system-wide physical 8090M (1171M free)
TotalPageFile size 32666M (AvailPageFile size 2M)
current process WorkingSet (physical memory assigned to process): 2893M, peak: 2893M
current process commit charge ("private bytes"): 28778M, peak: 28778M

vm_info: Java HotSpot(TM) 64-Bit Server VM (12.0.1+12) for windows-amd64 JRE (12.0.1+12), built on Apr  2 2019 14:02:19 by "mach5one" with MS VC++ 15.5 (VS2017)

END.
