#
# There is insufficient memory for the Java Runtime Environment to continue.
# Native memory allocation (malloc) failed to allocate 65552 bytes for Chunk::new
# Possible reasons:
#   The system is out of physical RAM or swap space
#   The process is running with CompressedOops enabled, and the Java Heap may be blocking the growth of the native heap
# Possible solutions:
#   Reduce memory load on the system
#   Increase physical memory or swap space
#   Check if swap backing store is full
#   Decrease Java heap size (-Xmx/-Xms)
#   Decrease number of Java threads
#   Decrease Java thread stack sizes (-Xss)
#   Set larger code cache with -XX:ReservedCodeCacheSize=
#   JVM is running with Zero Based Compressed Oops mode in which the Java heap is
#     placed in the first 32GB address space. The Java Heap base address is the
#     maximum limit for the native heap growth. Please use -XX:HeapBaseMinAddress
#     to set the Java Heap base and to place the Java Heap above 32GB virtual address.
# This output file may be truncated or incomplete.
#
#  Out of Memory Error (c:/cygwin64/tmp/openjdk-jdk13u-windows-x64-hotspot/workspace/build/src/src/hotspot/share/memory/arena.cpp:196), pid=23312, tid=25688
#
# JRE version: OpenJDK Runtime Environment (13.0.1+9) (build 13.0.1+9)
# Java VM: OpenJDK 64-Bit Server VM (13.0.1+9, mixed mode, sharing, tiered, compressed oops, g1 gc, windows-amd64)
# No core dump will be written. Minidumps are not enabled by default on client versions of Windows
#

---------------  S U M M A R Y ------------

Command Line: -Dfile.encoding=Cp1252 gameEngine.Start

Host: Intel(R) Core(TM) i7-7700HQ CPU @ 2.80GHz, 8 cores, 15G,  Windows 10 , 64 bit Build 18362 (10.0.18362.329)
Time: Fri Jan  3 13:37:08 2020 Pacific Standard Time elapsed time: 50 seconds (0d 0h 0m 50s)

---------------  T H R E A D  ---------------

Current thread (0x0000026ac1415000):  JavaThread "C2 CompilerThread0" daemon [_thread_in_native, id=25688, stack(0x000000fadb400000,0x000000fadb500000)]


Current CompileTask:
C2:  50459 1451       4       gameEngine.Render::UIdraw (103 bytes)

Stack: [0x000000fadb400000,0x000000fadb500000]
Native frames: (J=compiled Java code, j=interpreted, Vv=VM code, C=native code)
V  [jvm.dll+0x62d39a]
V  [jvm.dll+0x7d62ba]
V  [jvm.dll+0x7d7a6f]
V  [jvm.dll+0x7d8073]
V  [jvm.dll+0x24f3a8]
V  [jvm.dll+0xc4bb7]
V  [jvm.dll+0xc513c]
V  [jvm.dll+0xc4c9d]
V  [jvm.dll+0x60bf7f]
V  [jvm.dll+0x33da1b]
V  [jvm.dll+0x3457a2]
V  [jvm.dll+0x63f5b9]
V  [jvm.dll+0x18f66c]
V  [jvm.dll+0x2c0ce6]
V  [jvm.dll+0x64a474]
V  [jvm.dll+0x6420ff]
V  [jvm.dll+0x64173c]
V  [jvm.dll+0x63f5dd]
V  [jvm.dll+0x18f66c]
V  [jvm.dll+0x2c0ce6]
V  [jvm.dll+0x64a474]
V  [jvm.dll+0x6420ff]
V  [jvm.dll+0x64173c]
V  [jvm.dll+0x63f5dd]
V  [jvm.dll+0x18f66c]
V  [jvm.dll+0x2c0ce6]
V  [jvm.dll+0x64a474]
V  [jvm.dll+0x6420ff]
V  [jvm.dll+0x64173c]
V  [jvm.dll+0x63f5dd]
V  [jvm.dll+0x18f66c]
V  [jvm.dll+0x2c0ce6]
V  [jvm.dll+0x64a474]
V  [jvm.dll+0x6420ff]
V  [jvm.dll+0x64173c]
V  [jvm.dll+0x63f5dd]
V  [jvm.dll+0x18f66c]
V  [jvm.dll+0x208083]
V  [jvm.dll+0x18cdcc]
V  [jvm.dll+0x2172dd]
V  [jvm.dll+0x21578b]
V  [jvm.dll+0x79bd26]
V  [jvm.dll+0x794e1a]
V  [jvm.dll+0x62c596]
C  [ucrtbase.dll+0x20e72]
C  [KERNEL32.DLL+0x17bd4]
C  [ntdll.dll+0x6ced1]


---------------  P R O C E S S  ---------------

Threads class SMR info:
_java_thread_list=0x0000026ad05166b0, length=10, elements={
0x0000026a9cd06800, 0x0000026ac0b6d800, 0x0000026ac0b70000, 0x0000026ac1411800,
0x0000026ac1414000, 0x0000026ac1415000, 0x0000026ac1422800, 0x0000026ac142c000,
0x0000026ac1563800, 0x0000026ac156a800
}

Java Threads: ( => current thread )
  0x0000026a9cd06800 JavaThread "main" [_thread_in_native, id=26592, stack(0x000000fada900000,0x000000fadaa00000)]
  0x0000026ac0b6d800 JavaThread "Reference Handler" daemon [_thread_blocked, id=12620, stack(0x000000fadb000000,0x000000fadb100000)]
  0x0000026ac0b70000 JavaThread "Finalizer" daemon [_thread_blocked, id=26604, stack(0x000000fadb100000,0x000000fadb200000)]
  0x0000026ac1411800 JavaThread "Signal Dispatcher" daemon [_thread_blocked, id=6360, stack(0x000000fadb200000,0x000000fadb300000)]
  0x0000026ac1414000 JavaThread "Attach Listener" daemon [_thread_blocked, id=26572, stack(0x000000fadb300000,0x000000fadb400000)]
=>0x0000026ac1415000 JavaThread "C2 CompilerThread0" daemon [_thread_in_native, id=25688, stack(0x000000fadb400000,0x000000fadb500000)]
  0x0000026ac1422800 JavaThread "C1 CompilerThread0" daemon [_thread_blocked, id=9136, stack(0x000000fadb500000,0x000000fadb600000)]
  0x0000026ac142c000 JavaThread "Sweeper thread" daemon [_thread_blocked, id=20052, stack(0x000000fadb600000,0x000000fadb700000)]
  0x0000026ac1563800 JavaThread "Service Thread" daemon [_thread_blocked, id=20596, stack(0x000000fadb700000,0x000000fadb800000)]
  0x0000026ac156a800 JavaThread "Common-Cleaner" daemon [_thread_blocked, id=11348, stack(0x000000fadb900000,0x000000fadba00000)]

Other Threads:
  0x0000026ac0b6c800 VMThread "VM Thread" [stack: 0x000000fadaf00000,0x000000fadb000000] [id=21312]
  0x0000026ac1565000 WatcherThread [stack: 0x000000fadb800000,0x000000fadb900000] [id=26608]
  0x0000026a9cd73000 GCTaskThread "GC Thread#0" [stack: 0x000000fadaa00000,0x000000fadab00000] [id=26144]
  0x0000026ac3041800 GCTaskThread "GC Thread#1" [stack: 0x000000fadc500000,0x000000fadc600000] [id=11632]
  0x0000026ac2fab000 GCTaskThread "GC Thread#2" [stack: 0x000000fadc600000,0x000000fadc700000] [id=22340]
  0x0000026ac2fac000 GCTaskThread "GC Thread#3" [stack: 0x000000fadc700000,0x000000fadc800000] [id=24844]
  0x0000026ac2fc6800 GCTaskThread "GC Thread#4" [stack: 0x000000fadc800000,0x000000fadc900000] [id=15700]
  0x0000026ac2fc7000 GCTaskThread "GC Thread#5" [stack: 0x000000fadc900000,0x000000fadca00000] [id=18244]
  0x0000026a9cd95000 ConcurrentGCThread "G1 Main Marker" [stack: 0x000000fadab00000,0x000000fadac00000] [id=3888]
  0x0000026a9cd96800 ConcurrentGCThread "G1 Conc#0" [stack: 0x000000fadac00000,0x000000fadad00000] [id=2876]
  0x0000026ac0a61000 ConcurrentGCThread "G1 Refine#0" [stack: 0x000000fadad00000,0x000000fadae00000] [id=21228]
  0x0000026ad021d000 ConcurrentGCThread "G1 Refine#1" [stack: 0x000000fadc300000,0x000000fadc400000] [id=24076]
  0x0000026acf6ff000 ConcurrentGCThread "G1 Refine#2" [stack: 0x000000fadc400000,0x000000fadc500000] [id=18348]
  0x0000026ac221d800 ConcurrentGCThread "G1 Refine#3" [stack: 0x000000fadca00000,0x000000fadcb00000] [id=21412]
  0x0000026acf6ff800 ConcurrentGCThread "G1 Refine#4" [stack: 0x000000fadcb00000,0x000000fadcc00000] [id=13560]
  0x0000026acf818000 ConcurrentGCThread "G1 Refine#5" [stack: 0x000000fadcc00000,0x000000fadcd00000] [id=16696]
  0x0000026ace9da000 ConcurrentGCThread "G1 Refine#6" [stack: 0x000000fadce00000,0x000000fadcf00000] [id=9056]
  0x0000026ac0a63800 ConcurrentGCThread "G1 Young RemSet Sampling" [stack: 0x000000fadae00000,0x000000fadaf00000] [id=11356]

Threads with active compile tasks:
C2 CompilerThread0    50541 1451       4       gameEngine.Render::UIdraw (103 bytes)

VM state:not at safepoint (normal execution)

VM Mutex/Monitor currently owned by a thread: None

Heap address: 0x0000000702200000, size: 4062 MB, Compressed Oops mode: Zero based, Oop shift amount: 3
Narrow klass base: 0x0000000800000000, Narrow klass shift: 3
Compressed class space size: 1073741824 Address: 0x0000000800b50000

Heap:
 garbage-first heap   total 260096K, used 151848K [0x0000000702200000, 0x0000000800000000)
  region size 1024K, 51 young (52224K), 7 survivors (7168K)
 Metaspace       used 7772K, capacity 10595K, committed 10752K, reserved 1058816K
  class space    used 375K, capacity 687K, committed 768K, reserved 1048576K
Heap Regions: E=young(eden), S=young(survivor), O=old, HS=humongous(starts), HC=humongous(continues), CS=collection set, F=free, A=archive, TAMS=top-at-mark-start (previous, next)
|   0|0x0000000702200000, 0x0000000702300000, 0x0000000702300000|100%| O|  |TAMS 0x0000000702200000, 0x0000000702200000| Untracked 
|   1|0x0000000702300000, 0x0000000702400000, 0x0000000702400000|100%| O|  |TAMS 0x0000000702300000, 0x0000000702300000| Untracked 
|   2|0x0000000702400000, 0x0000000702500000, 0x0000000702500000|100%| O|  |TAMS 0x0000000702400000, 0x0000000702400000| Untracked 
|   3|0x0000000702500000, 0x0000000702600000, 0x0000000702600000|100%| O|  |TAMS 0x0000000702500000, 0x0000000702500000| Untracked 
|   4|0x0000000702600000, 0x0000000702700000, 0x0000000702700000|100%| O|  |TAMS 0x0000000702600000, 0x0000000702600000| Untracked 
|   5|0x0000000702700000, 0x0000000702800000, 0x0000000702800000|100%| O|  |TAMS 0x0000000702700000, 0x0000000702700000| Untracked 
|   6|0x0000000702800000, 0x0000000702900000, 0x0000000702900000|100%| O|  |TAMS 0x0000000702800000, 0x0000000702800000| Untracked 
|   7|0x0000000702900000, 0x0000000702a00000, 0x0000000702a00000|100%| O|  |TAMS 0x0000000702900000, 0x0000000702900000| Untracked 
|   8|0x0000000702a00000, 0x0000000702b00000, 0x0000000702b00000|100%| O|  |TAMS 0x0000000702a00000, 0x0000000702a00000| Untracked 
|   9|0x0000000702b00000, 0x0000000702c00000, 0x0000000702c00000|100%| O|  |TAMS 0x0000000702b00000, 0x0000000702b00000| Untracked 
|  10|0x0000000702c00000, 0x0000000702d00000, 0x0000000702d00000|100%| O|  |TAMS 0x0000000702c00000, 0x0000000702c00000| Untracked 
|  11|0x0000000702d00000, 0x0000000702e00000, 0x0000000702e00000|100%| O|  |TAMS 0x0000000702d00000, 0x0000000702d00000| Untracked 
|  12|0x0000000702e00000, 0x0000000702f00000, 0x0000000702f00000|100%| O|  |TAMS 0x0000000702e00000, 0x0000000702e00000| Untracked 
|  13|0x0000000702f00000, 0x0000000703000000, 0x0000000703000000|100%| O|  |TAMS 0x0000000702f00000, 0x0000000702f00000| Untracked 
|  14|0x0000000703000000, 0x0000000703100000, 0x0000000703100000|100%| O|  |TAMS 0x0000000703000000, 0x0000000703000000| Untracked 
|  15|0x0000000703100000, 0x0000000703200000, 0x0000000703200000|100%| O|  |TAMS 0x0000000703100000, 0x0000000703100000| Untracked 
|  16|0x0000000703200000, 0x0000000703300000, 0x0000000703300000|100%| O|  |TAMS 0x0000000703200000, 0x0000000703200000| Untracked 
|  17|0x0000000703300000, 0x0000000703400000, 0x0000000703400000|100%| O|  |TAMS 0x0000000703300000, 0x0000000703300000| Untracked 
|  18|0x0000000703400000, 0x0000000703500000, 0x0000000703500000|100%| O|  |TAMS 0x0000000703400000, 0x0000000703400000| Untracked 
|  19|0x0000000703500000, 0x0000000703600000, 0x0000000703600000|100%| O|  |TAMS 0x0000000703500000, 0x0000000703500000| Untracked 
|  20|0x0000000703600000, 0x0000000703700000, 0x0000000703700000|100%| O|  |TAMS 0x0000000703600000, 0x0000000703600000| Untracked 
|  21|0x0000000703700000, 0x0000000703800000, 0x0000000703800000|100%| O|  |TAMS 0x0000000703700000, 0x0000000703700000| Untracked 
|  22|0x0000000703800000, 0x0000000703900000, 0x0000000703900000|100%| O|  |TAMS 0x0000000703800000, 0x0000000703800000| Untracked 
|  23|0x0000000703900000, 0x0000000703a00000, 0x0000000703a00000|100%| O|  |TAMS 0x0000000703900000, 0x0000000703900000| Untracked 
|  24|0x0000000703a00000, 0x0000000703b00000, 0x0000000703b00000|100%| O|  |TAMS 0x0000000703a00000, 0x0000000703a00000| Untracked 
|  25|0x0000000703b00000, 0x0000000703c00000, 0x0000000703c00000|100%| O|  |TAMS 0x0000000703b00000, 0x0000000703b00000| Untracked 
|  26|0x0000000703c00000, 0x0000000703d00000, 0x0000000703d00000|100%| O|  |TAMS 0x0000000703c00000, 0x0000000703c00000| Untracked 
|  27|0x0000000703d00000, 0x0000000703e00000, 0x0000000703e00000|100%| O|  |TAMS 0x0000000703d00000, 0x0000000703d00000| Untracked 
|  28|0x0000000703e00000, 0x0000000703f00000, 0x0000000703f00000|100%| O|  |TAMS 0x0000000703e00000, 0x0000000703e00000| Untracked 
|  29|0x0000000703f00000, 0x0000000704000000, 0x0000000704000000|100%| O|  |TAMS 0x0000000703f00000, 0x0000000703f00000| Untracked 
|  30|0x0000000704000000, 0x0000000704100000, 0x0000000704100000|100%| O|  |TAMS 0x0000000704000000, 0x0000000704000000| Untracked 
|  31|0x0000000704100000, 0x0000000704200000, 0x0000000704200000|100%| O|  |TAMS 0x0000000704100000, 0x0000000704100000| Untracked 
|  32|0x0000000704200000, 0x0000000704300000, 0x0000000704300000|100%| O|  |TAMS 0x0000000704200000, 0x0000000704200000| Untracked 
|  33|0x0000000704300000, 0x0000000704400000, 0x0000000704400000|100%| O|  |TAMS 0x0000000704300000, 0x0000000704300000| Untracked 
|  34|0x0000000704400000, 0x0000000704500000, 0x0000000704500000|100%| O|  |TAMS 0x0000000704400000, 0x0000000704400000| Untracked 
|  35|0x0000000704500000, 0x0000000704600000, 0x0000000704600000|100%| O|  |TAMS 0x0000000704500000, 0x0000000704500000| Untracked 
|  36|0x0000000704600000, 0x0000000704700000, 0x0000000704700000|100%| O|  |TAMS 0x0000000704600000, 0x0000000704600000| Untracked 
|  37|0x0000000704700000, 0x0000000704800000, 0x0000000704800000|100%| O|  |TAMS 0x0000000704700000, 0x0000000704700000| Untracked 
|  38|0x0000000704800000, 0x0000000704900000, 0x0000000704900000|100%| O|  |TAMS 0x0000000704800000, 0x0000000704800000| Untracked 
|  39|0x0000000704900000, 0x0000000704a00000, 0x0000000704a00000|100%| O|  |TAMS 0x0000000704900000, 0x0000000704900000| Untracked 
|  40|0x0000000704a00000, 0x0000000704b00000, 0x0000000704b00000|100%| O|  |TAMS 0x0000000704a00000, 0x0000000704a00000| Untracked 
|  41|0x0000000704b00000, 0x0000000704c00000, 0x0000000704c00000|100%| O|  |TAMS 0x0000000704b00000, 0x0000000704b00000| Untracked 
|  42|0x0000000704c00000, 0x0000000704d00000, 0x0000000704d00000|100%| O|  |TAMS 0x0000000704c00000, 0x0000000704c00000| Untracked 
|  43|0x0000000704d00000, 0x0000000704e00000, 0x0000000704e00000|100%| O|  |TAMS 0x0000000704d00000, 0x0000000704d00000| Untracked 
|  44|0x0000000704e00000, 0x0000000704f00000, 0x0000000704f00000|100%| O|  |TAMS 0x0000000704e00000, 0x0000000704e00000| Untracked 
|  45|0x0000000704f00000, 0x0000000705000000, 0x0000000705000000|100%| O|  |TAMS 0x0000000704f00000, 0x0000000704f00000| Untracked 
|  46|0x0000000705000000, 0x0000000705100000, 0x0000000705100000|100%| O|  |TAMS 0x0000000705000000, 0x0000000705000000| Untracked 
|  47|0x0000000705100000, 0x0000000705200000, 0x0000000705200000|100%| O|  |TAMS 0x0000000705100000, 0x0000000705100000| Untracked 
|  48|0x0000000705200000, 0x0000000705300000, 0x0000000705300000|100%| O|  |TAMS 0x0000000705200000, 0x0000000705200000| Untracked 
|  49|0x0000000705300000, 0x0000000705400000, 0x0000000705400000|100%| O|  |TAMS 0x0000000705300000, 0x0000000705300000| Untracked 
|  50|0x0000000705400000, 0x0000000705500000, 0x0000000705500000|100%| O|  |TAMS 0x0000000705400000, 0x0000000705400000| Untracked 
|  51|0x0000000705500000, 0x0000000705600000, 0x0000000705600000|100%| O|  |TAMS 0x0000000705500000, 0x0000000705500000| Untracked 
|  52|0x0000000705600000, 0x0000000705700000, 0x0000000705700000|100%| O|  |TAMS 0x0000000705600000, 0x0000000705600000| Untracked 
|  53|0x0000000705700000, 0x0000000705800000, 0x0000000705800000|100%| O|  |TAMS 0x0000000705700000, 0x0000000705700000| Untracked 
|  54|0x0000000705800000, 0x0000000705900000, 0x0000000705900000|100%| O|  |TAMS 0x0000000705800000, 0x0000000705800000| Untracked 
|  55|0x0000000705900000, 0x0000000705a00000, 0x0000000705a00000|100%| O|  |TAMS 0x0000000705900000, 0x0000000705900000| Untracked 
|  56|0x0000000705a00000, 0x0000000705b00000, 0x0000000705b00000|100%| O|  |TAMS 0x0000000705a00000, 0x0000000705a00000| Untracked 
|  57|0x0000000705b00000, 0x0000000705c00000, 0x0000000705c00000|100%| O|  |TAMS 0x0000000705b00000, 0x0000000705b00000| Untracked 
|  58|0x0000000705c00000, 0x0000000705d00000, 0x0000000705d00000|100%| O|  |TAMS 0x0000000705c00000, 0x0000000705c00000| Untracked 
|  59|0x0000000705d00000, 0x0000000705e00000, 0x0000000705e00000|100%| O|  |TAMS 0x0000000705d00000, 0x0000000705d00000| Untracked 
|  60|0x0000000705e00000, 0x0000000705f00000, 0x0000000705f00000|100%| O|  |TAMS 0x0000000705e00000, 0x0000000705e00000| Untracked 
|  61|0x0000000705f00000, 0x0000000706000000, 0x0000000706000000|100%| O|  |TAMS 0x0000000705f00000, 0x0000000705f00000| Untracked 
|  62|0x0000000706000000, 0x0000000706100000, 0x0000000706100000|100%| O|  |TAMS 0x0000000706000000, 0x0000000706000000| Untracked 
|  63|0x0000000706100000, 0x0000000706200000, 0x0000000706200000|100%| O|  |TAMS 0x0000000706100000, 0x0000000706100000| Untracked 
|  64|0x0000000706200000, 0x0000000706300000, 0x0000000706300000|100%| O|  |TAMS 0x0000000706200000, 0x0000000706200000| Untracked 
|  65|0x0000000706300000, 0x0000000706400000, 0x0000000706400000|100%| O|  |TAMS 0x0000000706300000, 0x0000000706300000| Untracked 
|  66|0x0000000706400000, 0x0000000706500000, 0x0000000706500000|100%| O|  |TAMS 0x0000000706400000, 0x0000000706400000| Untracked 
|  67|0x0000000706500000, 0x0000000706600000, 0x0000000706600000|100%| O|  |TAMS 0x0000000706500000, 0x0000000706500000| Untracked 
|  68|0x0000000706600000, 0x0000000706700000, 0x0000000706700000|100%| O|  |TAMS 0x0000000706600000, 0x0000000706600000| Untracked 
|  69|0x0000000706700000, 0x0000000706800000, 0x0000000706800000|100%| O|  |TAMS 0x0000000706700000, 0x0000000706700000| Untracked 
|  70|0x0000000706800000, 0x0000000706900000, 0x0000000706900000|100%| O|  |TAMS 0x0000000706800000, 0x0000000706800000| Untracked 
|  71|0x0000000706900000, 0x0000000706a00000, 0x0000000706a00000|100%| O|  |TAMS 0x0000000706900000, 0x0000000706900000| Untracked 
|  72|0x0000000706a00000, 0x0000000706b00000, 0x0000000706b00000|100%| O|  |TAMS 0x0000000706a00000, 0x0000000706a00000| Untracked 
|  73|0x0000000706b00000, 0x0000000706c00000, 0x0000000706c00000|100%| O|  |TAMS 0x0000000706b00000, 0x0000000706b00000| Untracked 
|  74|0x0000000706c00000, 0x0000000706d00000, 0x0000000706d00000|100%| O|  |TAMS 0x0000000706c00000, 0x0000000706c00000| Untracked 
|  75|0x0000000706d00000, 0x0000000706e00000, 0x0000000706e00000|100%| O|  |TAMS 0x0000000706d00000, 0x0000000706d00000| Untracked 
|  76|0x0000000706e00000, 0x0000000706f00000, 0x0000000706f00000|100%| O|  |TAMS 0x0000000706e00000, 0x0000000706e00000| Untracked 
|  77|0x0000000706f00000, 0x0000000707000000, 0x0000000707000000|100%| O|  |TAMS 0x0000000706f00000, 0x0000000706f00000| Untracked 
|  78|0x0000000707000000, 0x0000000707100000, 0x0000000707100000|100%| O|  |TAMS 0x0000000707000000, 0x0000000707000000| Untracked 
|  79|0x0000000707100000, 0x0000000707200000, 0x0000000707200000|100%| O|  |TAMS 0x0000000707100000, 0x0000000707100000| Untracked 
|  80|0x0000000707200000, 0x0000000707300000, 0x0000000707300000|100%| O|  |TAMS 0x0000000707200000, 0x0000000707200000| Untracked 
|  81|0x0000000707300000, 0x0000000707400000, 0x0000000707400000|100%| O|  |TAMS 0x0000000707300000, 0x0000000707300000| Untracked 
|  82|0x0000000707400000, 0x0000000707500000, 0x0000000707500000|100%| O|  |TAMS 0x0000000707400000, 0x0000000707400000| Untracked 
|  83|0x0000000707500000, 0x0000000707600000, 0x0000000707600000|100%| O|  |TAMS 0x0000000707500000, 0x0000000707500000| Untracked 
|  84|0x0000000707600000, 0x0000000707700000, 0x0000000707700000|100%| O|  |TAMS 0x0000000707600000, 0x0000000707600000| Untracked 
|  85|0x0000000707700000, 0x0000000707800000, 0x0000000707800000|100%| O|  |TAMS 0x0000000707700000, 0x0000000707700000| Untracked 
|  86|0x0000000707800000, 0x0000000707900000, 0x0000000707900000|100%| O|  |TAMS 0x0000000707800000, 0x0000000707800000| Untracked 
|  87|0x0000000707900000, 0x0000000707a00000, 0x0000000707a00000|100%| O|  |TAMS 0x0000000707900000, 0x0000000707900000| Untracked 
|  88|0x0000000707a00000, 0x0000000707b00000, 0x0000000707b00000|100%| O|  |TAMS 0x0000000707a00000, 0x0000000707a00000| Untracked 
|  89|0x0000000707b00000, 0x0000000707c00000, 0x0000000707c00000|100%| O|  |TAMS 0x0000000707b00000, 0x0000000707b00000| Untracked 
|  90|0x0000000707c00000, 0x0000000707d00000, 0x0000000707d00000|100%| O|  |TAMS 0x0000000707c00000, 0x0000000707c00000| Untracked 
|  91|0x0000000707d00000, 0x0000000707e00000, 0x0000000707e00000|100%| O|  |TAMS 0x0000000707d00000, 0x0000000707d00000| Untracked 
|  92|0x0000000707e00000, 0x0000000707f00000, 0x0000000707f00000|100%| O|  |TAMS 0x0000000707e00000, 0x0000000707e00000| Untracked 
|  93|0x0000000707f00000, 0x0000000708000000, 0x0000000708000000|100%| O|  |TAMS 0x0000000707f00000, 0x0000000707f00000| Untracked 
|  94|0x0000000708000000, 0x0000000708100000, 0x0000000708100000|100%| O|  |TAMS 0x0000000708000000, 0x0000000708000000| Untracked 
|  95|0x0000000708100000, 0x0000000708200000, 0x0000000708200000|100%| O|  |TAMS 0x0000000708100000, 0x0000000708100000| Untracked 
|  96|0x0000000708200000, 0x0000000708300000, 0x0000000708300000|100%| O|  |TAMS 0x0000000708200000, 0x0000000708200000| Untracked 
|  97|0x0000000708300000, 0x0000000708400000, 0x0000000708400000|100%| O|  |TAMS 0x0000000708300000, 0x0000000708300000| Untracked 
|  98|0x0000000708400000, 0x000000070844a200, 0x0000000708500000| 28%| O|  |TAMS 0x0000000708400000, 0x0000000708400000| Untracked 
|  99|0x0000000708500000, 0x0000000708500000, 0x0000000708600000|  0%| F|  |TAMS 0x0000000708500000, 0x0000000708500000| Untracked 
| 100|0x0000000708600000, 0x0000000708600000, 0x0000000708700000|  0%| F|  |TAMS 0x0000000708600000, 0x0000000708600000| Untracked 
| 101|0x0000000708700000, 0x0000000708700000, 0x0000000708800000|  0%| F|  |TAMS 0x0000000708700000, 0x0000000708700000| Untracked 
| 102|0x0000000708800000, 0x0000000708800000, 0x0000000708900000|  0%| F|  |TAMS 0x0000000708800000, 0x0000000708800000| Untracked 
| 103|0x0000000708900000, 0x0000000708900000, 0x0000000708a00000|  0%| F|  |TAMS 0x0000000708900000, 0x0000000708900000| Untracked 
| 104|0x0000000708a00000, 0x0000000708a00000, 0x0000000708b00000|  0%| F|  |TAMS 0x0000000708a00000, 0x0000000708a00000| Untracked 
| 105|0x0000000708b00000, 0x0000000708b00000, 0x0000000708c00000|  0%| F|  |TAMS 0x0000000708b00000, 0x0000000708b00000| Untracked 
| 106|0x0000000708c00000, 0x0000000708c00000, 0x0000000708d00000|  0%| F|  |TAMS 0x0000000708c00000, 0x0000000708c00000| Untracked 
| 107|0x0000000708d00000, 0x0000000708d00000, 0x0000000708e00000|  0%| F|  |TAMS 0x0000000708d00000, 0x0000000708d00000| Untracked 
| 108|0x0000000708e00000, 0x0000000708e00000, 0x0000000708f00000|  0%| F|  |TAMS 0x0000000708e00000, 0x0000000708e00000| Untracked 
| 109|0x0000000708f00000, 0x0000000708f00000, 0x0000000709000000|  0%| F|  |TAMS 0x0000000708f00000, 0x0000000708f00000| Untracked 
| 110|0x0000000709000000, 0x0000000709000000, 0x0000000709100000|  0%| F|  |TAMS 0x0000000709000000, 0x0000000709000000| Untracked 
| 111|0x0000000709100000, 0x0000000709100000, 0x0000000709200000|  0%| F|  |TAMS 0x0000000709100000, 0x0000000709100000| Untracked 
| 112|0x0000000709200000, 0x0000000709200000, 0x0000000709300000|  0%| F|  |TAMS 0x0000000709200000, 0x0000000709200000| Untracked 
| 113|0x0000000709300000, 0x0000000709300000, 0x0000000709400000|  0%| F|  |TAMS 0x0000000709300000, 0x0000000709300000| Untracked 
| 114|0x0000000709400000, 0x0000000709400000, 0x0000000709500000|  0%| F|  |TAMS 0x0000000709400000, 0x0000000709400000| Untracked 
| 115|0x0000000709500000, 0x0000000709500000, 0x0000000709600000|  0%| F|  |TAMS 0x0000000709500000, 0x0000000709500000| Untracked 
| 116|0x0000000709600000, 0x0000000709600000, 0x0000000709700000|  0%| F|  |TAMS 0x0000000709600000, 0x0000000709600000| Untracked 
| 117|0x0000000709700000, 0x0000000709700000, 0x0000000709800000|  0%| F|  |TAMS 0x0000000709700000, 0x0000000709700000| Untracked 
| 118|0x0000000709800000, 0x0000000709800000, 0x0000000709900000|  0%| F|  |TAMS 0x0000000709800000, 0x0000000709800000| Untracked 
| 119|0x0000000709900000, 0x0000000709900000, 0x0000000709a00000|  0%| F|  |TAMS 0x0000000709900000, 0x0000000709900000| Untracked 
| 120|0x0000000709a00000, 0x0000000709a00000, 0x0000000709b00000|  0%| F|  |TAMS 0x0000000709a00000, 0x0000000709a00000| Untracked 
| 121|0x0000000709b00000, 0x0000000709b00000, 0x0000000709c00000|  0%| F|  |TAMS 0x0000000709b00000, 0x0000000709b00000| Untracked 
| 122|0x0000000709c00000, 0x0000000709c00000, 0x0000000709d00000|  0%| F|  |TAMS 0x0000000709c00000, 0x0000000709c00000| Untracked 
| 123|0x0000000709d00000, 0x0000000709d00000, 0x0000000709e00000|  0%| F|  |TAMS 0x0000000709d00000, 0x0000000709d00000| Untracked 
| 124|0x0000000709e00000, 0x0000000709e00000, 0x0000000709f00000|  0%| F|  |TAMS 0x0000000709e00000, 0x0000000709e00000| Untracked 
| 125|0x0000000709f00000, 0x0000000709f00000, 0x000000070a000000|  0%| F|  |TAMS 0x0000000709f00000, 0x0000000709f00000| Untracked 
| 126|0x000000070a000000, 0x000000070a000000, 0x000000070a100000|  0%| F|  |TAMS 0x000000070a000000, 0x000000070a000000| Untracked 
| 127|0x000000070a100000, 0x000000070a100000, 0x000000070a200000|  0%| F|  |TAMS 0x000000070a100000, 0x000000070a100000| Untracked 
| 128|0x000000070a200000, 0x000000070a200000, 0x000000070a300000|  0%| F|  |TAMS 0x000000070a200000, 0x000000070a200000| Untracked 
| 129|0x000000070a300000, 0x000000070a300000, 0x000000070a400000|  0%| F|  |TAMS 0x000000070a300000, 0x000000070a300000| Untracked 
| 130|0x000000070a400000, 0x000000070a400000, 0x000000070a500000|  0%| F|  |TAMS 0x000000070a400000, 0x000000070a400000| Untracked 
| 131|0x000000070a500000, 0x000000070a500000, 0x000000070a600000|  0%| F|  |TAMS 0x000000070a500000, 0x000000070a500000| Untracked 
| 132|0x000000070a600000, 0x000000070a600000, 0x000000070a700000|  0%| F|  |TAMS 0x000000070a600000, 0x000000070a600000| Untracked 
| 133|0x000000070a700000, 0x000000070a700000, 0x000000070a800000|  0%| F|  |TAMS 0x000000070a700000, 0x000000070a700000| Untracked 
| 134|0x000000070a800000, 0x000000070a800000, 0x000000070a900000|  0%| F|  |TAMS 0x000000070a800000, 0x000000070a800000| Untracked 
| 135|0x000000070a900000, 0x000000070a900000, 0x000000070aa00000|  0%| F|  |TAMS 0x000000070a900000, 0x000000070a900000| Untracked 
| 136|0x000000070aa00000, 0x000000070aa00000, 0x000000070ab00000|  0%| F|  |TAMS 0x000000070aa00000, 0x000000070aa00000| Untracked 
| 137|0x000000070ab00000, 0x000000070ab00000, 0x000000070ac00000|  0%| F|  |TAMS 0x000000070ab00000, 0x000000070ab00000| Untracked 
| 138|0x000000070ac00000, 0x000000070ac00000, 0x000000070ad00000|  0%| F|  |TAMS 0x000000070ac00000, 0x000000070ac00000| Untracked 
| 139|0x000000070ad00000, 0x000000070ad00000, 0x000000070ae00000|  0%| F|  |TAMS 0x000000070ad00000, 0x000000070ad00000| Untracked 
| 140|0x000000070ae00000, 0x000000070ae00000, 0x000000070af00000|  0%| F|  |TAMS 0x000000070ae00000, 0x000000070ae00000| Untracked 
| 141|0x000000070af00000, 0x000000070af00000, 0x000000070b000000|  0%| F|  |TAMS 0x000000070af00000, 0x000000070af00000| Untracked 
| 142|0x000000070b000000, 0x000000070b000000, 0x000000070b100000|  0%| F|  |TAMS 0x000000070b000000, 0x000000070b000000| Untracked 
| 143|0x000000070b100000, 0x000000070b100000, 0x000000070b200000|  0%| F|  |TAMS 0x000000070b100000, 0x000000070b100000| Untracked 
| 144|0x000000070b200000, 0x000000070b200000, 0x000000070b300000|  0%| F|  |TAMS 0x000000070b200000, 0x000000070b200000| Untracked 
| 145|0x000000070b300000, 0x000000070b300000, 0x000000070b400000|  0%| F|  |TAMS 0x000000070b300000, 0x000000070b300000| Untracked 
| 146|0x000000070b400000, 0x000000070b400000, 0x000000070b500000|  0%| F|  |TAMS 0x000000070b400000, 0x000000070b400000| Untracked 
| 147|0x000000070b500000, 0x000000070b500000, 0x000000070b600000|  0%| F|  |TAMS 0x000000070b500000, 0x000000070b500000| Untracked 
| 148|0x000000070b600000, 0x000000070b600000, 0x000000070b700000|  0%| F|  |TAMS 0x000000070b600000, 0x000000070b600000| Untracked 
| 149|0x000000070b700000, 0x000000070b700000, 0x000000070b800000|  0%| F|  |TAMS 0x000000070b700000, 0x000000070b700000| Untracked 
| 150|0x000000070b800000, 0x000000070b800000, 0x000000070b900000|  0%| F|  |TAMS 0x000000070b800000, 0x000000070b800000| Untracked 
| 151|0x000000070b900000, 0x000000070b900000, 0x000000070ba00000|  0%| F|  |TAMS 0x000000070b900000, 0x000000070b900000| Untracked 
| 152|0x000000070ba00000, 0x000000070ba00000, 0x000000070bb00000|  0%| F|  |TAMS 0x000000070ba00000, 0x000000070ba00000| Untracked 
| 153|0x000000070bb00000, 0x000000070bb00000, 0x000000070bc00000|  0%| F|  |TAMS 0x000000070bb00000, 0x000000070bb00000| Untracked 
| 154|0x000000070bc00000, 0x000000070bc00000, 0x000000070bd00000|  0%| F|  |TAMS 0x000000070bc00000, 0x000000070bc00000| Untracked 
| 155|0x000000070bd00000, 0x000000070bd00000, 0x000000070be00000|  0%| F|  |TAMS 0x000000070bd00000, 0x000000070bd00000| Untracked 
| 156|0x000000070be00000, 0x000000070be00000, 0x000000070bf00000|  0%| F|  |TAMS 0x000000070be00000, 0x000000070be00000| Untracked 
| 157|0x000000070bf00000, 0x000000070bf00000, 0x000000070c000000|  0%| F|  |TAMS 0x000000070bf00000, 0x000000070bf00000| Untracked 
| 158|0x000000070c000000, 0x000000070c000000, 0x000000070c100000|  0%| F|  |TAMS 0x000000070c000000, 0x000000070c000000| Untracked 
| 159|0x000000070c100000, 0x000000070c100000, 0x000000070c200000|  0%| F|  |TAMS 0x000000070c100000, 0x000000070c100000| Untracked 
| 160|0x000000070c200000, 0x000000070c200000, 0x000000070c300000|  0%| F|  |TAMS 0x000000070c200000, 0x000000070c200000| Untracked 
| 161|0x000000070c300000, 0x000000070c300000, 0x000000070c400000|  0%| F|  |TAMS 0x000000070c300000, 0x000000070c300000| Untracked 
| 162|0x000000070c400000, 0x000000070c400000, 0x000000070c500000|  0%| F|  |TAMS 0x000000070c400000, 0x000000070c400000| Untracked 
| 163|0x000000070c500000, 0x000000070c500000, 0x000000070c600000|  0%| F|  |TAMS 0x000000070c500000, 0x000000070c500000| Untracked 
| 164|0x000000070c600000, 0x000000070c600000, 0x000000070c700000|  0%| F|  |TAMS 0x000000070c600000, 0x000000070c600000| Untracked 
| 165|0x000000070c700000, 0x000000070c700000, 0x000000070c800000|  0%| F|  |TAMS 0x000000070c700000, 0x000000070c700000| Untracked 
| 166|0x000000070c800000, 0x000000070c800000, 0x000000070c900000|  0%| F|  |TAMS 0x000000070c800000, 0x000000070c800000| Untracked 
| 167|0x000000070c900000, 0x000000070c900000, 0x000000070ca00000|  0%| F|  |TAMS 0x000000070c900000, 0x000000070c900000| Untracked 
| 168|0x000000070ca00000, 0x000000070ca00000, 0x000000070cb00000|  0%| F|  |TAMS 0x000000070ca00000, 0x000000070ca00000| Untracked 
| 169|0x000000070cb00000, 0x000000070cb00000, 0x000000070cc00000|  0%| F|  |TAMS 0x000000070cb00000, 0x000000070cb00000| Untracked 
| 170|0x000000070cc00000, 0x000000070cc00000, 0x000000070cd00000|  0%| F|  |TAMS 0x000000070cc00000, 0x000000070cc00000| Untracked 
| 171|0x000000070cd00000, 0x000000070cd00000, 0x000000070ce00000|  0%| F|  |TAMS 0x000000070cd00000, 0x000000070cd00000| Untracked 
| 172|0x000000070ce00000, 0x000000070ce00000, 0x000000070cf00000|  0%| F|  |TAMS 0x000000070ce00000, 0x000000070ce00000| Untracked 
| 173|0x000000070cf00000, 0x000000070cf00000, 0x000000070d000000|  0%| F|  |TAMS 0x000000070cf00000, 0x000000070cf00000| Untracked 
| 174|0x000000070d000000, 0x000000070d000000, 0x000000070d100000|  0%| F|  |TAMS 0x000000070d000000, 0x000000070d000000| Untracked 
| 175|0x000000070d100000, 0x000000070d100000, 0x000000070d200000|  0%| F|  |TAMS 0x000000070d100000, 0x000000070d100000| Untracked 
| 176|0x000000070d200000, 0x000000070d200000, 0x000000070d300000|  0%| F|  |TAMS 0x000000070d200000, 0x000000070d200000| Untracked 
| 177|0x000000070d300000, 0x000000070d300000, 0x000000070d400000|  0%| F|  |TAMS 0x000000070d300000, 0x000000070d300000| Untracked 
| 178|0x000000070d400000, 0x000000070d400000, 0x000000070d500000|  0%| F|  |TAMS 0x000000070d400000, 0x000000070d400000| Untracked 
| 179|0x000000070d500000, 0x000000070d500000, 0x000000070d600000|  0%| F|  |TAMS 0x000000070d500000, 0x000000070d500000| Untracked 
| 180|0x000000070d600000, 0x000000070d600000, 0x000000070d700000|  0%| F|  |TAMS 0x000000070d600000, 0x000000070d600000| Untracked 
| 181|0x000000070d700000, 0x000000070d700000, 0x000000070d800000|  0%| F|  |TAMS 0x000000070d700000, 0x000000070d700000| Untracked 
| 182|0x000000070d800000, 0x000000070d800000, 0x000000070d900000|  0%| F|  |TAMS 0x000000070d800000, 0x000000070d800000| Untracked 
| 183|0x000000070d900000, 0x000000070d900000, 0x000000070da00000|  0%| F|  |TAMS 0x000000070d900000, 0x000000070d900000| Untracked 
| 184|0x000000070da00000, 0x000000070da00000, 0x000000070db00000|  0%| F|  |TAMS 0x000000070da00000, 0x000000070da00000| Untracked 
| 185|0x000000070db00000, 0x000000070db00000, 0x000000070dc00000|  0%| F|  |TAMS 0x000000070db00000, 0x000000070db00000| Untracked 
| 186|0x000000070dc00000, 0x000000070dc00000, 0x000000070dd00000|  0%| F|  |TAMS 0x000000070dc00000, 0x000000070dc00000| Untracked 
| 187|0x000000070dd00000, 0x000000070dd00000, 0x000000070de00000|  0%| F|  |TAMS 0x000000070dd00000, 0x000000070dd00000| Untracked 
| 188|0x000000070de00000, 0x000000070de00000, 0x000000070df00000|  0%| F|  |TAMS 0x000000070de00000, 0x000000070de00000| Untracked 
| 189|0x000000070df00000, 0x000000070df00000, 0x000000070e000000|  0%| F|  |TAMS 0x000000070df00000, 0x000000070df00000| Untracked 
| 190|0x000000070e000000, 0x000000070e000000, 0x000000070e100000|  0%| F|  |TAMS 0x000000070e000000, 0x000000070e000000| Untracked 
| 191|0x000000070e100000, 0x000000070e200000, 0x000000070e200000|100%| S|CS|TAMS 0x000000070e100000, 0x000000070e100000| Complete 
| 192|0x000000070e200000, 0x000000070e300000, 0x000000070e300000|100%| S|CS|TAMS 0x000000070e200000, 0x000000070e200000| Complete 
| 193|0x000000070e300000, 0x000000070e400000, 0x000000070e400000|100%| S|CS|TAMS 0x000000070e300000, 0x000000070e300000| Complete 
| 194|0x000000070e400000, 0x000000070e500000, 0x000000070e500000|100%| S|CS|TAMS 0x000000070e400000, 0x000000070e400000| Complete 
| 195|0x000000070e500000, 0x000000070e600000, 0x000000070e600000|100%| S|CS|TAMS 0x000000070e500000, 0x000000070e500000| Complete 
| 196|0x000000070e600000, 0x000000070e700000, 0x000000070e700000|100%| S|CS|TAMS 0x000000070e600000, 0x000000070e600000| Complete 
| 197|0x000000070e700000, 0x000000070e800000, 0x000000070e800000|100%| S|CS|TAMS 0x000000070e700000, 0x000000070e700000| Complete 
| 198|0x000000070e800000, 0x000000070e800000, 0x000000070e900000|  0%| F|  |TAMS 0x000000070e800000, 0x000000070e800000| Untracked 
| 199|0x000000070e900000, 0x000000070e900000, 0x000000070ea00000|  0%| F|  |TAMS 0x000000070e900000, 0x000000070e900000| Untracked 
| 200|0x000000070ea00000, 0x000000070ea00000, 0x000000070eb00000|  0%| F|  |TAMS 0x000000070ea00000, 0x000000070ea00000| Untracked 
| 201|0x000000070eb00000, 0x000000070eb00000, 0x000000070ec00000|  0%| F|  |TAMS 0x000000070eb00000, 0x000000070eb00000| Untracked 
| 202|0x000000070ec00000, 0x000000070ec00000, 0x000000070ed00000|  0%| F|  |TAMS 0x000000070ec00000, 0x000000070ec00000| Untracked 
| 203|0x000000070ed00000, 0x000000070ed00000, 0x000000070ee00000|  0%| F|  |TAMS 0x000000070ed00000, 0x000000070ed00000| Untracked 
| 204|0x000000070ee00000, 0x000000070ee00000, 0x000000070ef00000|  0%| F|  |TAMS 0x000000070ee00000, 0x000000070ee00000| Untracked 
| 205|0x000000070ef00000, 0x000000070ef00000, 0x000000070f000000|  0%| F|  |TAMS 0x000000070ef00000, 0x000000070ef00000| Untracked 
| 206|0x000000070f000000, 0x000000070f000000, 0x000000070f100000|  0%| F|  |TAMS 0x000000070f000000, 0x000000070f000000| Untracked 
| 207|0x000000070f100000, 0x000000070f100000, 0x000000070f200000|  0%| F|  |TAMS 0x000000070f100000, 0x000000070f100000| Untracked 
| 208|0x000000070f200000, 0x000000070f200000, 0x000000070f300000|  0%| F|  |TAMS 0x000000070f200000, 0x000000070f200000| Untracked 
| 209|0x000000070f300000, 0x000000070f300000, 0x000000070f400000|  0%| F|  |TAMS 0x000000070f300000, 0x000000070f300000| Untracked 
| 210|0x000000070f400000, 0x000000070f500000, 0x000000070f500000|100%| E|  |TAMS 0x000000070f400000, 0x000000070f400000| Complete 
| 211|0x000000070f500000, 0x000000070f600000, 0x000000070f600000|100%| E|CS|TAMS 0x000000070f500000, 0x000000070f500000| Complete 
| 212|0x000000070f600000, 0x000000070f700000, 0x000000070f700000|100%| E|CS|TAMS 0x000000070f600000, 0x000000070f600000| Complete 
| 213|0x000000070f700000, 0x000000070f800000, 0x000000070f800000|100%| E|CS|TAMS 0x000000070f700000, 0x000000070f700000| Complete 
| 214|0x000000070f800000, 0x000000070f900000, 0x000000070f900000|100%| E|CS|TAMS 0x000000070f800000, 0x000000070f800000| Complete 
| 215|0x000000070f900000, 0x000000070fa00000, 0x000000070fa00000|100%| E|CS|TAMS 0x000000070f900000, 0x000000070f900000| Complete 
| 216|0x000000070fa00000, 0x000000070fb00000, 0x000000070fb00000|100%| E|CS|TAMS 0x000000070fa00000, 0x000000070fa00000| Complete 
| 217|0x000000070fb00000, 0x000000070fc00000, 0x000000070fc00000|100%| E|CS|TAMS 0x000000070fb00000, 0x000000070fb00000| Complete 
| 218|0x000000070fc00000, 0x000000070fd00000, 0x000000070fd00000|100%| E|CS|TAMS 0x000000070fc00000, 0x000000070fc00000| Complete 
| 219|0x000000070fd00000, 0x000000070fe00000, 0x000000070fe00000|100%| E|CS|TAMS 0x000000070fd00000, 0x000000070fd00000| Complete 
| 220|0x000000070fe00000, 0x000000070ff00000, 0x000000070ff00000|100%| E|CS|TAMS 0x000000070fe00000, 0x000000070fe00000| Complete 
| 221|0x000000070ff00000, 0x0000000710000000, 0x0000000710000000|100%| E|CS|TAMS 0x000000070ff00000, 0x000000070ff00000| Complete 
| 222|0x0000000710000000, 0x0000000710100000, 0x0000000710100000|100%| E|CS|TAMS 0x0000000710000000, 0x0000000710000000| Complete 
| 223|0x0000000710100000, 0x0000000710200000, 0x0000000710200000|100%| E|CS|TAMS 0x0000000710100000, 0x0000000710100000| Complete 
| 224|0x0000000710200000, 0x0000000710300000, 0x0000000710300000|100%| E|CS|TAMS 0x0000000710200000, 0x0000000710200000| Complete 
| 225|0x0000000710300000, 0x0000000710400000, 0x0000000710400000|100%| E|CS|TAMS 0x0000000710300000, 0x0000000710300000| Complete 
| 226|0x0000000710400000, 0x0000000710500000, 0x0000000710500000|100%| E|CS|TAMS 0x0000000710400000, 0x0000000710400000| Complete 
| 227|0x0000000710500000, 0x0000000710600000, 0x0000000710600000|100%| E|CS|TAMS 0x0000000710500000, 0x0000000710500000| Complete 
| 228|0x0000000710600000, 0x0000000710700000, 0x0000000710700000|100%| E|CS|TAMS 0x0000000710600000, 0x0000000710600000| Complete 
| 229|0x0000000710700000, 0x0000000710800000, 0x0000000710800000|100%| E|CS|TAMS 0x0000000710700000, 0x0000000710700000| Complete 
| 230|0x0000000710800000, 0x0000000710900000, 0x0000000710900000|100%| E|CS|TAMS 0x0000000710800000, 0x0000000710800000| Complete 
| 231|0x0000000710900000, 0x0000000710a00000, 0x0000000710a00000|100%| E|CS|TAMS 0x0000000710900000, 0x0000000710900000| Complete 
| 232|0x0000000710a00000, 0x0000000710b00000, 0x0000000710b00000|100%| E|CS|TAMS 0x0000000710a00000, 0x0000000710a00000| Complete 
| 233|0x0000000710b00000, 0x0000000710c00000, 0x0000000710c00000|100%| E|CS|TAMS 0x0000000710b00000, 0x0000000710b00000| Complete 
| 234|0x0000000710c00000, 0x0000000710d00000, 0x0000000710d00000|100%| E|CS|TAMS 0x0000000710c00000, 0x0000000710c00000| Complete 
| 235|0x0000000710d00000, 0x0000000710e00000, 0x0000000710e00000|100%| E|CS|TAMS 0x0000000710d00000, 0x0000000710d00000| Complete 
| 236|0x0000000710e00000, 0x0000000710f00000, 0x0000000710f00000|100%| E|CS|TAMS 0x0000000710e00000, 0x0000000710e00000| Complete 
| 237|0x0000000710f00000, 0x0000000711000000, 0x0000000711000000|100%| E|CS|TAMS 0x0000000710f00000, 0x0000000710f00000| Complete 
| 238|0x0000000711000000, 0x0000000711100000, 0x0000000711100000|100%| E|CS|TAMS 0x0000000711000000, 0x0000000711000000| Complete 
| 239|0x0000000711100000, 0x0000000711200000, 0x0000000711200000|100%| E|CS|TAMS 0x0000000711100000, 0x0000000711100000| Complete 
| 240|0x0000000711200000, 0x0000000711300000, 0x0000000711300000|100%| E|CS|TAMS 0x0000000711200000, 0x0000000711200000| Complete 
| 241|0x0000000711300000, 0x0000000711400000, 0x0000000711400000|100%| E|CS|TAMS 0x0000000711300000, 0x0000000711300000| Complete 
| 242|0x0000000711400000, 0x0000000711500000, 0x0000000711500000|100%| E|CS|TAMS 0x0000000711400000, 0x0000000711400000| Complete 
| 243|0x0000000711500000, 0x0000000711600000, 0x0000000711600000|100%| E|CS|TAMS 0x0000000711500000, 0x0000000711500000| Complete 
| 244|0x0000000711600000, 0x0000000711700000, 0x0000000711700000|100%| E|CS|TAMS 0x0000000711600000, 0x0000000711600000| Complete 
| 245|0x0000000711700000, 0x0000000711800000, 0x0000000711800000|100%| E|CS|TAMS 0x0000000711700000, 0x0000000711700000| Complete 
| 246|0x0000000711800000, 0x0000000711900000, 0x0000000711900000|100%| E|CS|TAMS 0x0000000711800000, 0x0000000711800000| Complete 
| 247|0x0000000711900000, 0x0000000711a00000, 0x0000000711a00000|100%| E|CS|TAMS 0x0000000711900000, 0x0000000711900000| Complete 
| 248|0x0000000711a00000, 0x0000000711b00000, 0x0000000711b00000|100%| E|CS|TAMS 0x0000000711a00000, 0x0000000711a00000| Complete 
| 249|0x0000000711b00000, 0x0000000711c00000, 0x0000000711c00000|100%| E|CS|TAMS 0x0000000711b00000, 0x0000000711b00000| Complete 
| 250|0x0000000711c00000, 0x0000000711d00000, 0x0000000711d00000|100%| E|CS|TAMS 0x0000000711c00000, 0x0000000711c00000| Complete 
| 251|0x0000000711d00000, 0x0000000711e00000, 0x0000000711e00000|100%| E|CS|TAMS 0x0000000711d00000, 0x0000000711d00000| Complete 
| 252|0x0000000711e00000, 0x0000000711f00000, 0x0000000711f00000|100%| E|CS|TAMS 0x0000000711e00000, 0x0000000711e00000| Complete 
| 253|0x0000000711f00000, 0x0000000712000000, 0x0000000712000000|100%| E|CS|TAMS 0x0000000711f00000, 0x0000000711f00000| Complete 

Card table byte_map: [0x0000026ab5100000,0x0000026ab58f0000] _byte_map_base: 0x0000026ab18ef000

Marking Bits (Prev, Next): (CMBitMap*) 0x0000026a9cd74058, (CMBitMap*) 0x0000026a9cd74098
 Prev Bits: [0x0000026ab60e0000, 0x0000026aba058000)
 Next Bits: [0x0000026aba060000, 0x0000026abdfd8000)

Polling page: 0x0000026a9acf0000

Metaspace:

Usage:
  Non-class:      9.68 MB capacity,     7.22 MB ( 75%) used,     2.44 MB ( 25%) free+waste,     9.56 KB ( <1%) overhead. 
      Class:    687.00 KB capacity,   375.63 KB ( 55%) used,   308.19 KB ( 45%) free+waste,     3.19 KB ( <1%) overhead. 
       Both:     10.35 MB capacity,     7.59 MB ( 73%) used,     2.74 MB ( 27%) free+waste,    12.75 KB ( <1%) overhead. 

Virtual space:
  Non-class space:       10.00 MB reserved,       9.75 MB ( 98%) committed 
      Class space:        1.00 GB reserved,     768.00 KB ( <1%) committed 
             Both:        1.01 GB reserved,      10.50 MB (  1%) committed 

Chunk freelists:
   Non-Class:  76.00 KB
       Class:  17.00 KB
        Both:  93.00 KB

MaxMetaspaceSize: 17179869184.00 GB
CompressedClassSpaceSize: 1.00 GB

CodeHeap 'non-profiled nmethods': size=120000Kb used=751Kb max_used=751Kb free=119248Kb
 bounds [0x0000026aacfa0000, 0x0000026aad210000, 0x0000026ab44d0000]
CodeHeap 'profiled nmethods': size=120000Kb used=2787Kb max_used=2787Kb free=117212Kb
 bounds [0x0000026aa5a70000, 0x0000026aa5d30000, 0x0000026aacfa0000]
CodeHeap 'non-nmethods': size=5760Kb used=1620Kb max_used=1661Kb free=4139Kb
 bounds [0x0000026aa54d0000, 0x0000026aa5740000, 0x0000026aa5a70000]
 total_blobs=3286 nmethods=1448 adapters=925
 compilation: enabled
              stopped_count=0, restarted_count=0
 full_count=0

Compilation events (20 events):
Event: 26.860 Thread 0x0000026ac1415000 nmethod 1441 0x0000026aad048590 code [0x0000026aad048720, 0x0000026aad048818]
Event: 27.363 Thread 0x0000026ac1415000 1442       4       java.util.List::sort (66 bytes)
Event: 27.396 Thread 0x0000026ac1415000 nmethod 1442 0x0000026aad048910 code [0x0000026aad048b00, 0x0000026aad0497d8]
Event: 27.396 Thread 0x0000026ac1415000 1443       4       java.util.AbstractList::listIterator (6 bytes)
Event: 27.400 Thread 0x0000026ac1415000 nmethod 1443 0x0000026aad04a210 code [0x0000026aad04a3a0, 0x0000026aad04a618]
Event: 27.895 Thread 0x0000026ac1415000 1444   !   4       java.lang.ref.Reference::processPendingReferences (132 bytes)
Event: 27.912 Thread 0x0000026ac1415000 nmethod 1444 0x0000026aad04a810 code [0x0000026aad04aa60, 0x0000026aad04bc10]
Event: 32.544 Thread 0x0000026ac1415000 1445       4       guis.UIBoxState::removeAllActiveELements (127 bytes)
Event: 32.608 Thread 0x0000026ac1415000 nmethod 1445 0x0000026aad04c090 code [0x0000026aad04c280, 0x0000026aad04da98]
Event: 36.230 Thread 0x0000026ac1415000 1446       4       battleClasses.Bars::draw (224 bytes)
Event: 36.713 Thread 0x0000026ac1415000 nmethod 1446 0x0000026aad04e210 code [0x0000026aad04e7a0, 0x0000026aad051228]
Event: 36.713 Thread 0x0000026ac1415000 1447       4       gameEngine.Render::draw (152 bytes)
Event: 36.768 Thread 0x0000026ac1415000 nmethod 1447 0x0000026aad053910 code [0x0000026aad053ca0, 0x0000026aad054d98]
Event: 42.691 Thread 0x0000026ac1415000 1448       4       guis.UIBoxState::loadList (365 bytes)
Event: 42.788 Thread 0x0000026ac1415000 nmethod 1448 0x0000026aad056490 code [0x0000026aad0567a0, 0x0000026aad058f60]
Event: 42.788 Thread 0x0000026ac1415000 1449       4       Items.Inventory::getItems (45 bytes)
Event: 42.796 Thread 0x0000026ac1415000 nmethod 1449 0x0000026aad05a490 code [0x0000026aad05a640, 0x0000026aad05aab8]
Event: 44.109 Thread 0x0000026ac1415000 1450       4       guis.UIBoxState::drawBox (178 bytes)
Event: 44.125 Thread 0x0000026ac1415000 nmethod 1450 0x0000026aad05ae10 code [0x0000026aad05b040, 0x0000026aad05b748]
Event: 50.448 Thread 0x0000026ac1415000 1451       4       gameEngine.Render::UIdraw (103 bytes)

GC Heap History (18 events):
Event: 2.432 GC heap before
{Heap before GC invocations=0 (full 0):
 garbage-first heap   total 260096K, used 23552K [0x0000000702200000, 0x0000000800000000)
  region size 1024K, 24 young (24576K), 0 survivors (0K)
 Metaspace       used 4217K, capacity 7464K, committed 7808K, reserved 1056768K
  class space    used 186K, capacity 517K, committed 640K, reserved 1048576K
}
Event: 2.436 GC heap after
{Heap after GC invocations=1 (full 0):
 garbage-first heap   total 260096K, used 2923K [0x0000000702200000, 0x0000000800000000)
  region size 1024K, 3 young (3072K), 3 survivors (3072K)
 Metaspace       used 4217K, capacity 7464K, committed 7808K, reserved 1056768K
  class space    used 186K, capacity 517K, committed 640K, reserved 1048576K
}
Event: 22.411 GC heap before
{Heap before GC invocations=1 (full 0):
 garbage-first heap   total 260096K, used 155499K [0x0000000702200000, 0x0000000800000000)
  region size 1024K, 152 young (155648K), 3 survivors (3072K)
 Metaspace       used 7768K, capacity 10595K, committed 10752K, reserved 1058816K
  class space    used 375K, capacity 687K, committed 768K, reserved 1048576K
}
Event: 22.660 GC heap after
{Heap after GC invocations=2 (full 0):
 garbage-first heap   total 260096K, used 71636K [0x0000000702200000, 0x0000000800000000)
  region size 1024K, 19 young (19456K), 19 survivors (19456K)
 Metaspace       used 7768K, capacity 10595K, committed 10752K, reserved 1058816K
  class space    used 375K, capacity 687K, committed 768K, reserved 1048576K
}
Event: 22.965 GC heap before
{Heap before GC invocations=2 (full 0):
 garbage-first heap   total 260096K, used 73684K [0x0000000702200000, 0x0000000800000000)
  region size 1024K, 21 young (21504K), 19 survivors (19456K)
 Metaspace       used 7772K, capacity 10595K, committed 10752K, reserved 1058816K
  class space    used 375K, capacity 687K, committed 768K, reserved 1048576K
}
Event: 22.989 GC heap after
{Heap after GC invocations=3 (full 0):
 garbage-first heap   total 260096K, used 61372K [0x0000000702200000, 0x0000000800000000)
  region size 1024K, 2 young (2048K), 2 survivors (2048K)
 Metaspace       used 7772K, capacity 10595K, committed 10752K, reserved 1058816K
  class space    used 375K, capacity 687K, committed 768K, reserved 1048576K
}
Event: 24.611 GC heap before
{Heap before GC invocations=3 (full 0):
 garbage-first heap   total 260096K, used 71612K [0x0000000702200000, 0x0000000800000000)
  region size 1024K, 12 young (12288K), 2 survivors (2048K)
 Metaspace       used 7772K, capacity 10595K, committed 10752K, reserved 1058816K
  class space    used 375K, capacity 687K, committed 768K, reserved 1048576K
}
Event: 24.628 GC heap after
{Heap after GC invocations=4 (full 0):
 garbage-first heap   total 260096K, used 65536K [0x0000000702200000, 0x0000000800000000)
  region size 1024K, 2 young (2048K), 2 survivors (2048K)
 Metaspace       used 7772K, capacity 10595K, committed 10752K, reserved 1058816K
  class space    used 375K, capacity 687K, committed 768K, reserved 1048576K
}
Event: 26.243 GC heap before
{Heap before GC invocations=4 (full 0):
 garbage-first heap   total 260096K, used 75776K [0x0000000702200000, 0x0000000800000000)
  region size 1024K, 12 young (12288K), 2 survivors (2048K)
 Metaspace       used 7772K, capacity 10595K, committed 10752K, reserved 1058816K
  class space    used 375K, capacity 687K, committed 768K, reserved 1048576K
}
Event: 26.260 GC heap after
{Heap after GC invocations=5 (full 0):
 garbage-first heap   total 260096K, used 68981K [0x0000000702200000, 0x0000000800000000)
  region size 1024K, 2 young (2048K), 2 survivors (2048K)
 Metaspace       used 7772K, capacity 10595K, committed 10752K, reserved 1058816K
  class space    used 375K, capacity 687K, committed 768K, reserved 1048576K
}
Event: 27.877 GC heap before
{Heap before GC invocations=5 (full 0):
 garbage-first heap   total 260096K, used 79221K [0x0000000702200000, 0x0000000800000000)
  region size 1024K, 12 young (12288K), 2 survivors (2048K)
 Metaspace       used 7772K, capacity 10595K, committed 10752K, reserved 1058816K
  class space    used 375K, capacity 687K, committed 768K, reserved 1048576K
}
Event: 27.894 GC heap after
{Heap after GC invocations=6 (full 0):
 garbage-first heap   total 260096K, used 72288K [0x0000000702200000, 0x0000000800000000)
  region size 1024K, 2 young (2048K), 2 survivors (2048K)
 Metaspace       used 7772K, capacity 10595K, committed 10752K, reserved 1058816K
  class space    used 375K, capacity 687K, committed 768K, reserved 1048576K
}
Event: 29.792 GC heap before
{Heap before GC invocations=6 (full 0):
 garbage-first heap   total 260096K, used 82528K [0x0000000702200000, 0x0000000800000000)
  region size 1024K, 12 young (12288K), 2 survivors (2048K)
 Metaspace       used 7772K, capacity 10595K, committed 10752K, reserved 1058816K
  class space    used 375K, capacity 687K, committed 768K, reserved 1048576K
}
Event: 29.807 GC heap after
{Heap after GC invocations=7 (full 0):
 garbage-first heap   total 260096K, used 75585K [0x0000000702200000, 0x0000000800000000)
  region size 1024K, 2 young (2048K), 2 survivors (2048K)
 Metaspace       used 7772K, capacity 10595K, committed 10752K, reserved 1058816K
  class space    used 375K, capacity 687K, committed 768K, reserved 1048576K
}
Event: 31.693 GC heap before
{Heap before GC invocations=7 (full 0):
 garbage-first heap   total 260096K, used 85825K [0x0000000702200000, 0x0000000800000000)
  region size 1024K, 12 young (12288K), 2 survivors (2048K)
 Metaspace       used 7772K, capacity 10595K, committed 10752K, reserved 1058816K
  class space    used 375K, capacity 687K, committed 768K, reserved 1048576K
}
Event: 31.710 GC heap after
{Heap after GC invocations=8 (full 0):
 garbage-first heap   total 260096K, used 78825K [0x0000000702200000, 0x0000000800000000)
  region size 1024K, 2 young (2048K), 2 survivors (2048K)
 Metaspace       used 7772K, capacity 10595K, committed 10752K, reserved 1058816K
  class space    used 375K, capacity 687K, committed 768K, reserved 1048576K
}
Event: 41.881 GC heap before
{Heap before GC invocations=8 (full 0):
 garbage-first heap   total 260096K, used 134121K [0x0000000702200000, 0x0000000800000000)
  region size 1024K, 56 young (57344K), 2 survivors (2048K)
 Metaspace       used 7772K, capacity 10595K, committed 10752K, reserved 1058816K
  class space    used 375K, capacity 687K, committed 768K, reserved 1048576K
}
Event: 41.964 GC heap after
{Heap after GC invocations=9 (full 0):
 garbage-first heap   total 260096K, used 107816K [0x0000000702200000, 0x0000000800000000)
  region size 1024K, 7 young (7168K), 7 survivors (7168K)
 Metaspace       used 7772K, capacity 10595K, committed 10752K, reserved 1058816K
  class space    used 375K, capacity 687K, committed 768K, reserved 1048576K
}

Deoptimization events (20 events):
Event: 22.724 Thread 0x0000026ac0b6d800 DEOPT PACKING pc=0x0000026aa5d26ec2 sp=0x000000fadb0fed80
Event: 22.724 Thread 0x0000026ac0b6d800 DEOPT UNPACKING pc=0x0000026aa551964e sp=0x000000fadb0fe290 mode 0
Event: 22.728 Thread 0x0000026ac0b6d800 DEOPT PACKING pc=0x0000026aa5d26ec2 sp=0x000000fadb0fed80
Event: 22.728 Thread 0x0000026ac0b6d800 DEOPT UNPACKING pc=0x0000026aa551964e sp=0x000000fadb0fe290 mode 0
Event: 22.731 Thread 0x0000026ac0b6d800 DEOPT PACKING pc=0x0000026aa5d26ec2 sp=0x000000fadb0fed80
Event: 22.731 Thread 0x0000026ac0b6d800 DEOPT UNPACKING pc=0x0000026aa551964e sp=0x000000fadb0fe290 mode 0
Event: 22.733 Thread 0x0000026ac0b6d800 DEOPT PACKING pc=0x0000026aa5d26ec2 sp=0x000000fadb0fed80
Event: 22.733 Thread 0x0000026ac0b6d800 DEOPT UNPACKING pc=0x0000026aa551964e sp=0x000000fadb0fe290 mode 0
Event: 22.736 Thread 0x0000026ac0b6d800 DEOPT PACKING pc=0x0000026aa5d26ec2 sp=0x000000fadb0fed80
Event: 22.736 Thread 0x0000026ac0b6d800 DEOPT UNPACKING pc=0x0000026aa551964e sp=0x000000fadb0fe290 mode 0
Event: 22.738 Thread 0x0000026ac0b6d800 DEOPT PACKING pc=0x0000026aa5d26ec2 sp=0x000000fadb0fed80
Event: 22.738 Thread 0x0000026ac0b6d800 DEOPT UNPACKING pc=0x0000026aa551964e sp=0x000000fadb0fe290 mode 0
Event: 22.753 Thread 0x0000026ac0b6d800 Uncommon trap: trap_request=0xffffff45 fr.pc=0x0000026aad044388 relative=0x0000000000000d68
Event: 22.753 Thread 0x0000026ac0b6d800 Uncommon trap: reason=unstable_if action=reinterpret pc=0x0000026aad044388 method=java.lang.ref.Reference.processPendingReferences()V @ 28 c2
Event: 22.753 Thread 0x0000026ac0b6d800 DEOPT PACKING pc=0x0000026aad044388 sp=0x000000fadb0fede0
Event: 22.753 Thread 0x0000026ac0b6d800 DEOPT UNPACKING pc=0x0000026aa551912f sp=0x000000fadb0fed98 mode 2
Event: 27.895 Thread 0x0000026ac0b6d800 DEOPT PACKING pc=0x0000026aa5d287f2 sp=0x000000fadb0fed80
Event: 27.895 Thread 0x0000026ac0b6d800 DEOPT UNPACKING pc=0x0000026aa551964e sp=0x000000fadb0fe290 mode 0
Event: 29.810 Thread 0x0000026ac0b6d800 DEOPT PACKING pc=0x0000026aa5d287f2 sp=0x000000fadb0fed80
Event: 29.810 Thread 0x0000026ac0b6d800 DEOPT UNPACKING pc=0x0000026aa551964e sp=0x000000fadb0fe290 mode 0

Classes unloaded (0 events):
No events

Classes redefined (0 events):
No events

Internal exceptions (5 events):
Event: 0.386 Thread 0x0000026a9cd06800 Exception <a 'java/lang/NoSuchMethodError'{0x000000071162f460}: 'void java.lang.invoke.DelegatingMethodHandle$Holder.delegate(java.lang.Object, java.lang.Object, int, java.lang.Object)'> (0x000000071162f460) 
thrown [c:/cygwin64/tmp/openjdk-jdk13u-windows-x64-hotspot/workspace/build/src/src/hotspot/share/interpreter/linkResolver.cpp, line 767]
Event: 0.387 Thread 0x0000026a9cd06800 Exception <a 'java/lang/NoSuchMethodError'{0x00000007116361b8}: 'java.lang.Object java.lang.invoke.DirectMethodHandle$Holder.invokeStaticInit(java.lang.Object, java.lang.Object, java.lang.Object)'> (0x00000007116361b8) 
thrown [c:/cygwin64/tmp/openjdk-jdk13u-windows-x64-hotspot/workspace/build/src/src/hotspot/share/interpreter/linkResolver.cpp, line 767]
Event: 2.242 Thread 0x0000026a9cd06800 Exception <a 'sun/nio/fs/WindowsException'{0x00000007110eff18}> (0x00000007110eff18) 
thrown [c:/cygwin64/tmp/openjdk-jdk13u-windows-x64-hotspot/workspace/build/src/src/hotspot/share/prims/jni.cpp, line 598]
Event: 2.242 Thread 0x0000026a9cd06800 Exception <a 'sun/nio/fs/WindowsException'{0x00000007110f03f8}> (0x00000007110f03f8) 
thrown [c:/cygwin64/tmp/openjdk-jdk13u-windows-x64-hotspot/workspace/build/src/src/hotspot/share/prims/jni.cpp, line 598]
Event: 22.753 Thread 0x0000026ac0b6d800 Implicit null exception at 0x0000026aad0438cc to 0x0000026aad04437d

Events (20 events):
Event: 22.670 Thread 0x0000026acf075000 Thread added: 0x0000026acf075000
Event: 22.720 Executing VM operation: RevokeBias
Event: 22.720 Executing VM operation: RevokeBias done
Event: 22.720 Executing VM operation: RevokeBias
Event: 22.720 Executing VM operation: RevokeBias done
Event: 22.965 Executing VM operation: G1CollectForAllocation
Event: 22.989 Executing VM operation: G1CollectForAllocation done
Event: 24.611 Executing VM operation: G1CollectForAllocation
Event: 24.628 Executing VM operation: G1CollectForAllocation done
Event: 25.143 Thread 0x0000026acf075000 Thread exited: 0x0000026acf075000
Event: 26.243 Executing VM operation: G1CollectForAllocation
Event: 26.260 Executing VM operation: G1CollectForAllocation done
Event: 27.877 Executing VM operation: G1CollectForAllocation
Event: 27.894 Executing VM operation: G1CollectForAllocation done
Event: 29.792 Executing VM operation: G1CollectForAllocation
Event: 29.807 Executing VM operation: G1CollectForAllocation done
Event: 31.693 Executing VM operation: G1CollectForAllocation
Event: 31.710 Executing VM operation: G1CollectForAllocation done
Event: 41.881 Executing VM operation: G1CollectForAllocation
Event: 41.964 Executing VM operation: G1CollectForAllocation done


Dynamic libraries:
0x00007ff756590000 - 0x00007ff75659d000 	C:\Program Files\AdoptOpenJDK\jdk-13.0.1.9-hotspot\bin\javaw.exe
0x00007ffadcc60000 - 0x00007ffadce50000 	C:\WINDOWS\SYSTEM32\ntdll.dll
0x00007ffadc0f0000 - 0x00007ffadc1a2000 	C:\WINDOWS\System32\KERNEL32.DLL
0x00007ffada8e0000 - 0x00007ffadab83000 	C:\WINDOWS\System32\KERNELBASE.dll
0x00007ffadab90000 - 0x00007ffadac8a000 	C:\WINDOWS\System32\ucrtbase.dll
0x00007ffac7370000 - 0x00007ffac7386000 	C:\Program Files\AdoptOpenJDK\jdk-13.0.1.9-hotspot\bin\VCRUNTIME140.dll
0x00007ffac7350000 - 0x00007ffac7368000 	C:\Program Files\AdoptOpenJDK\jdk-13.0.1.9-hotspot\bin\jli.dll
0x00007ffadad10000 - 0x00007ffadaea4000 	C:\WINDOWS\System32\USER32.dll
0x00007ffada590000 - 0x00007ffada5b1000 	C:\WINDOWS\System32\win32u.dll
0x00007ffadba80000 - 0x00007ffadbaa6000 	C:\WINDOWS\System32\GDI32.dll
0x00007ffada3f0000 - 0x00007ffada584000 	C:\WINDOWS\System32\gdi32full.dll
0x00007ffac99c0000 - 0x00007ffac9c45000 	C:\WINDOWS\WinSxS\amd64_microsoft.windows.common-controls_6595b64144ccf1df_6.0.18362.535_none_e6c3b34713100821\COMCTL32.dll
0x00007ffada5c0000 - 0x00007ffada65e000 	C:\WINDOWS\System32\msvcp_win.dll
0x00007ffadaeb0000 - 0x00007ffadaf4e000 	C:\WINDOWS\System32\msvcrt.dll
0x00007ffadc1b0000 - 0x00007ffadc4e6000 	C:\WINDOWS\System32\combase.dll
0x00007ffadbab0000 - 0x00007ffadbbd0000 	C:\WINDOWS\System32\RPCRT4.dll
0x00007ffadac90000 - 0x00007ffadad10000 	C:\WINDOWS\System32\bcryptPrimitives.dll
0x00007ffadc8d0000 - 0x00007ffadc8fe000 	C:\WINDOWS\System32\IMM32.DLL
0x00007ffac54f0000 - 0x00007ffac558b000 	C:\Program Files\AdoptOpenJDK\jdk-13.0.1.9-hotspot\bin\msvcp140.dll
0x00007ffa84050000 - 0x00007ffa84c44000 	C:\Program Files\AdoptOpenJDK\jdk-13.0.1.9-hotspot\bin\server\jvm.dll
0x00007ffadbbd0000 - 0x00007ffadbc73000 	C:\WINDOWS\System32\ADVAPI32.dll
0x00007ffadc650000 - 0x00007ffadc6e7000 	C:\WINDOWS\System32\sechost.dll
0x00007ffadc8c0000 - 0x00007ffadc8c8000 	C:\WINDOWS\System32\PSAPI.DLL
0x00007ffab7ce0000 - 0x00007ffab7ce9000 	C:\WINDOWS\SYSTEM32\WSOCK32.dll
0x00007ffad1800000 - 0x00007ffad180a000 	C:\WINDOWS\SYSTEM32\VERSION.dll
0x00007ffad7820000 - 0x00007ffad7844000 	C:\WINDOWS\SYSTEM32\WINMM.dll
0x00007ffadb1e0000 - 0x00007ffadb24f000 	C:\WINDOWS\System32\WS2_32.dll
0x00007ffad73a0000 - 0x00007ffad73cd000 	C:\WINDOWS\SYSTEM32\winmmbase.dll
0x00007ffada370000 - 0x00007ffada3ba000 	C:\WINDOWS\System32\cfgmgr32.dll
0x00007ffad9b90000 - 0x00007ffad9ba1000 	C:\WINDOWS\System32\kernel.appcore.dll
0x00007ffad7a30000 - 0x00007ffad7a40000 	C:\Program Files\AdoptOpenJDK\jdk-13.0.1.9-hotspot\bin\verify.dll
0x00007ffad8510000 - 0x00007ffad8704000 	C:\WINDOWS\SYSTEM32\DBGHELP.DLL
0x00007ffac1100000 - 0x00007ffac112a000 	C:\WINDOWS\SYSTEM32\dbgcore.DLL
0x00007ffad5ef0000 - 0x00007ffad5f16000 	C:\Program Files\AdoptOpenJDK\jdk-13.0.1.9-hotspot\bin\java.dll
0x00007ffad60f0000 - 0x00007ffad6107000 	C:\Program Files\AdoptOpenJDK\jdk-13.0.1.9-hotspot\bin\zip.dll
0x00007ffad7990000 - 0x00007ffad799a000 	C:\Program Files\AdoptOpenJDK\jdk-13.0.1.9-hotspot\bin\jimage.dll
0x00007ffadb390000 - 0x00007ffadba75000 	C:\WINDOWS\System32\SHELL32.dll
0x00007ffadafb0000 - 0x00007ffadb059000 	C:\WINDOWS\System32\shcore.dll
0x00007ffad9bf0000 - 0x00007ffada36f000 	C:\WINDOWS\System32\windows.storage.dll
0x00007ffad9bb0000 - 0x00007ffad9bcf000 	C:\WINDOWS\System32\profapi.dll
0x00007ffad9b40000 - 0x00007ffad9b8a000 	C:\WINDOWS\System32\powrprof.dll
0x00007ffad9b30000 - 0x00007ffad9b40000 	C:\WINDOWS\System32\UMPDC.dll
0x00007ffadcbc0000 - 0x00007ffadcc12000 	C:\WINDOWS\System32\shlwapi.dll
0x00007ffada660000 - 0x00007ffada677000 	C:\WINDOWS\System32\cryptsp.dll
0x00007ffad3310000 - 0x00007ffad3329000 	C:\Program Files\AdoptOpenJDK\jdk-13.0.1.9-hotspot\bin\net.dll
0x00007ffacc4d0000 - 0x00007ffacc5c0000 	C:\WINDOWS\SYSTEM32\WINHTTP.dll
0x00007ffad93a0000 - 0x00007ffad9407000 	C:\WINDOWS\system32\mswsock.dll
0x00007ffac8320000 - 0x00007ffac8333000 	C:\Program Files\AdoptOpenJDK\jdk-13.0.1.9-hotspot\bin\nio.dll
0x00007ffac6010000 - 0x00007ffac6070000 	C:\Users\jtkom\AppData\Local\Temp\lwjgljtkom\3.2.1-build-3\lwjgl.dll
0x00007ffac5d40000 - 0x00007ffac5d9e000 	C:\Users\jtkom\AppData\Local\Temp\lwjgljtkom\3.2.1-build-3\glfw.dll
0x00007ffad7b50000 - 0x00007ffad7be9000 	C:\WINDOWS\system32\uxtheme.dll
0x00007ffac45a0000 - 0x00007ffac45e3000 	C:\WINDOWS\SYSTEM32\dinput8.dll
0x00007ffa8dba0000 - 0x00007ffa8dbb1000 	C:\WINDOWS\SYSTEM32\xinput1_4.dll
0x00007ffad9930000 - 0x00007ffad995a000 	C:\WINDOWS\SYSTEM32\DEVOBJ.dll
0x00007ffad7f70000 - 0x00007ffad7f9d000 	C:\WINDOWS\SYSTEM32\dwmapi.dll
0x00007ffacba60000 - 0x00007ffacbb7a000 	C:\WINDOWS\SYSTEM32\inputhost.dll
0x00007ffad5740000 - 0x00007ffad5893000 	C:\WINDOWS\SYSTEM32\wintypes.dll
0x00007ffad6190000 - 0x00007ffad627f000 	C:\WINDOWS\SYSTEM32\PROPSYS.dll
0x00007ffad58a0000 - 0x00007ffad5bca000 	C:\WINDOWS\SYSTEM32\CoreUIComponents.dll
0x00007ffad7740000 - 0x00007ffad7814000 	C:\WINDOWS\SYSTEM32\CoreMessaging.dll
0x00007ffadb060000 - 0x00007ffadb124000 	C:\WINDOWS\System32\OLEAUT32.dll
0x00007ffad8b70000 - 0x00007ffad8ba1000 	C:\WINDOWS\SYSTEM32\ntmarta.dll
0x00007ffadb250000 - 0x00007ffadb385000 	C:\WINDOWS\System32\MSCTF.dll
0x00007ffa758f0000 - 0x00007ffa759fd000 	C:\Program Files (x86)\Razer\Razer Cortex\x64\k_fps64.dll
0x00007ffa75500000 - 0x00007ffa75557000 	C:\Program Files (x86)\Razer\Razer Cortex\x64\EasyHook64.dll
0x00007ffa75870000 - 0x00007ffa758ef000 	C:\Program Files (x86)\Razer\Razer Cortex\x64\d3dx10_43.dll
0x00007ffa73100000 - 0x00007ffa7336f000 	C:\Program Files (x86)\Razer\Razer Cortex\x64\D3DCOMPILER_43.dll
0x00007ffadc980000 - 0x00007ffadcad6000 	C:\WINDOWS\System32\ole32.dll
0x00007ffaad340000 - 0x00007ffaad496000 	C:\WINDOWS\SYSTEM32\OPENGL32.dll
0x00007ffa72e90000 - 0x00007ffa730f3000 	C:\Program Files (x86)\Razer\Razer Cortex\x64\d3dx9_43.dll
0x00007ffaad600000 - 0x00007ffaad62c000 	C:\WINDOWS\SYSTEM32\GLU32.dll
0x00007ffad8780000 - 0x00007ffad87a0000 	C:\WINDOWS\SYSTEM32\dxcore.dll
0x00007ffad8450000 - 0x00007ffad845e000 	C:\WINDOWS\SYSTEM32\HID.DLL
0x00007ffadbc80000 - 0x00007ffadc0f0000 	C:\WINDOWS\System32\SETUPAPI.DLL
0x00007ffada3c0000 - 0x00007ffada3e6000 	C:\WINDOWS\System32\bcrypt.dll
0x00007ffada680000 - 0x00007ffada6dc000 	C:\WINDOWS\System32\WINTRUST.dll
0x00007ffad9bd0000 - 0x00007ffad9be2000 	C:\WINDOWS\System32\MSASN1.dll
0x00007ffada6e0000 - 0x00007ffada829000 	C:\WINDOWS\System32\CRYPT32.dll
0x00000000583e0000 - 0x000000005aa19000 	C:\WINDOWS\System32\DriverStore\FileRepository\nvlti.inf_amd64_c0cfdefe088aa746\nvoglv64.dll
0x00007ffad62b0000 - 0x00007ffad62c3000 	C:\WINDOWS\SYSTEM32\WTSAPI32.dll
0x00007ffa9b890000 - 0x00007ffa9bb52000 	C:\WINDOWS\system32\nvspcap64.dll
0x00007ffad8be0000 - 0x00007ffad8c3c000 	C:\WINDOWS\SYSTEM32\WINSTA.dll
0x00007ffad8810000 - 0x00007ffad88fb000 	C:\WINDOWS\SYSTEM32\dxgi.dll
0x00007ffad6b00000 - 0x00007ffad6d5b000 	C:\WINDOWS\SYSTEM32\d3d11.dll
0x00007ffaa8770000 - 0x00007ffaa885e000 	C:\WINDOWS\System32\DriverStore\FileRepository\nvlti.inf_amd64_c0cfdefe088aa746\nvldumdx.dll
0x00007ffadc4f0000 - 0x00007ffadc50d000 	C:\WINDOWS\System32\imagehlp.dll
0x00007ffad8f10000 - 0x00007ffad8f43000 	C:\WINDOWS\system32\rsaenh.dll
0x00007ffad9570000 - 0x00007ffad957c000 	C:\WINDOWS\SYSTEM32\CRYPTBASE.dll
0x00007ffa77450000 - 0x00007ffa79aab000 	C:\WINDOWS\System32\DriverStore\FileRepository\nvlti.inf_amd64_c0cfdefe088aa746\nvwgf2umx.dll
0x00007ffacbfd0000 - 0x00007ffacc4c7000 	C:\WINDOWS\SYSTEM32\nvapi64.dll
0x00007ffacc5c0000 - 0x00007ffacc65e000 	C:\WINDOWS\System32\TextInputFramework.dll
0x00007ffaca110000 - 0x00007ffaca3b6000 	C:\WINDOWS\System32\iertutil.dll
0x00007ffac0400000 - 0x00007ffac045a000 	C:\Users\jtkom\AppData\Local\Temp\lwjgljtkom\3.2.1-build-3\lwjgl_opengl.dll
0x00007ffad6140000 - 0x00007ffad6143000 	C:\Users\jtkom\AppData\Local\Temp\jomljtkom\a2476102\joml.dll
0x00007ffad0640000 - 0x00007ffad1490000 	C:\WINDOWS\System32\DriverStore\FileRepository\igdlh64.inf_amd64_ba34b5e302b5992f\igd10iumd64.dll
0x00007ffad9670000 - 0x00007ffad9696000 	C:\WINDOWS\SYSTEM32\ncrypt.dll
0x00007ffad9630000 - 0x00007ffad966b000 	C:\WINDOWS\SYSTEM32\NTASN1.dll
0x00007ffad03b0000 - 0x00007ffad04cd000 	C:\WINDOWS\System32\DriverStore\FileRepository\igdlh64.inf_amd64_ba34b5e302b5992f\igdgmm64.dll
0x00007ffacdc00000 - 0x00007ffacfea5000 	C:\WINDOWS\System32\DriverStore\FileRepository\igdlh64.inf_amd64_ba34b5e302b5992f\igc64.dll

dbghelp: loaded successfully - version: 4.0.5 - missing functions: none
symbol engine: initialized successfully - sym options: 0x614 - pdb path: .;C:\Program Files\AdoptOpenJDK\jdk-13.0.1.9-hotspot\bin;C:\WINDOWS\SYSTEM32;C:\WINDOWS\WinSxS\amd64_microsoft.windows.common-controls_6595b64144ccf1df_6.0.18362.535_none_e6c3b34713100821;C:\Program Files\AdoptOpenJDK\jdk-13.0.1.9-hotspot\bin\server;C:\Users\jtkom\AppData\Local\Temp\lwjgljtkom\3.2.1-build-3;C:\Program Files (x86)\Razer\Razer Cortex\x64;C:\WINDOWS\System32\DriverStore\FileRepository\nvlti.inf_amd64_c0cfdefe088aa746;C:\Users\jtkom\AppData\Local\Temp\jomljtkom\a2476102;C:\WINDOWS\System32\DriverStore\FileRepository\igdlh64.inf_amd64_ba34b5e302b5992f

VM Arguments:
jvm_args: -Dfile.encoding=Cp1252 
java_command: gameEngine.Start
java_class_path (initial): D:\game3\Game\src;D:\game3\Game\libwin\joml-1.9.9-sources.jar;D:\game3\Game\libwin\joml-1.9.9.jar;D:\game3\Game\libwin\lwjgl-assimp-javadoc.jar;D:\game3\Game\libwin\lwjgl-assimp-natives-windows.jar;D:\game3\Game\libwin\lwjgl-assimp-sources.jar;D:\game3\Game\libwin\lwjgl-assimp.jar;D:\game3\Game\libwin\lwjgl-bgfx-javadoc.jar;D:\game3\Game\libwin\lwjgl-bgfx-natives-windows.jar;D:\game3\Game\libwin\lwjgl-bgfx-sources.jar;D:\game3\Game\libwin\lwjgl-bgfx.jar;D:\game3\Game\libwin\lwjgl-egl-javadoc.jar;D:\game3\Game\libwin\lwjgl-egl-sources.jar;D:\game3\Game\libwin\lwjgl-egl.jar;D:\game3\Game\libwin\lwjgl-glfw-javadoc.jar;D:\game3\Game\libwin\lwjgl-glfw-natives-windows.jar;D:\game3\Game\libwin\lwjgl-glfw-sources.jar;D:\game3\Game\libwin\lwjgl-glfw.jar;D:\game3\Game\libwin\lwjgl-javadoc.jar;D:\game3\Game\libwin\lwjgl-jawt-javadoc.jar;D:\game3\Game\libwin\lwjgl-jawt-sources.jar;D:\game3\Game\libwin\lwjgl-jawt.jar;D:\game3\Game\libwin\lwjgl-jemalloc-javadoc.jar;D:\game3\Game\libwin\lwjgl-jemalloc-natives-windows.jar;D:\game3\Game\libwin\lwjgl-jemalloc-sources.jar;D:\game3\Game\libwin\lwjgl-jemalloc.jar;D:\game3\Game\libwin\lwjgl-lmdb-javadoc.jar;D:\game3\Game\libwin\lwjgl-lmdb-natives-windows.jar;D:\game3\Game\libwin\lwjgl-lmdb-sources.jar;D:\game3\Game\libwin\lwjgl-lmdb.jar;D:\game3\Game\libwin\lwjgl-lz4-javadoc.jar;D:\game3\Game\libwin\lwjgl-lz4-natives-windows.jar;D:\game3\Game\libwin\lwjgl-lz4-sources.jar;D:\game3\Game\libwin\lwjgl-lz4.jar;D:\game3\Game\libwin\lwjgl-nanovg-javadoc.jar;D:\game3\Game\libwin\lwjgl-nanovg-natives-windows.jar;D:\game3\Game\libwin\lwjgl-nanovg-sources.jar;D:\game3\Game\libwin\lwjgl-nanovg.jar;D:\game3\Game\libwin\lwjgl-natives-windows.jar;D:\game3\Game\libwin\lwjgl-nfd-javadoc.jar;D:\game3\Game\libwin\lwjgl-nfd-natives-windows.jar;D:\game3\Game\libwin\lwjgl-nfd-sources.jar;D:\game3\Game\libwin\lwjgl-nfd.jar;D:\game3\Game\libwin\lwjgl-nuklear-javadoc.jar;D:\game3\Game\libwin\lwjgl-nuklear-natives-windows.jar;D:\game3
Launcher Type: SUN_STANDARD

[Global flags]
     intx CICompilerCount                          = 4                                         {product} {ergonomic}
     uint ConcGCThreads                            = 2                                         {product} {ergonomic}
     uint G1ConcRefinementThreads                  = 8                                         {product} {ergonomic}
   size_t G1HeapRegionSize                         = 1048576                                   {product} {ergonomic}
    uintx GCDrainStackTargetSize                   = 64                                        {product} {ergonomic}
   size_t InitialHeapSize                          = 266338304                                 {product} {ergonomic}
   size_t MarkStackSize                            = 4194304                                   {product} {ergonomic}
   size_t MaxHeapSize                              = 4259315712                                {product} {ergonomic}
   size_t MaxNewSize                               = 2555379712                                {product} {ergonomic}
   size_t MinHeapDeltaBytes                        = 1048576                                   {product} {ergonomic}
   size_t MinHeapSize                              = 8388608                                   {product} {ergonomic}
    uintx NonNMethodCodeHeapSize                   = 5836300                                {pd product} {ergonomic}
    uintx NonProfiledCodeHeapSize                  = 122910970                              {pd product} {ergonomic}
    uintx ProfiledCodeHeapSize                     = 122910970                              {pd product} {ergonomic}
    uintx ReservedCodeCacheSize                    = 251658240                              {pd product} {ergonomic}
     bool SegmentedCodeCache                       = true                                      {product} {ergonomic}
   size_t SoftMaxHeapSize                          = 4259315712                             {manageable} {ergonomic}
     bool UseCompressedClassPointers               = true                                 {lp64_product} {ergonomic}
     bool UseCompressedOops                        = true                                 {lp64_product} {ergonomic}
     bool UseG1GC                                  = true                                      {product} {ergonomic}
     bool UseLargePagesIndividualAllocation        = false                                  {pd product} {ergonomic}

Logging:
Log output configuration:
 #0: stdout all=warning uptime,level,tags
 #1: stderr all=off uptime,level,tags

Environment Variables:
JAVA_HOME=C:\Program Files\Java\jdk-10.0.2
PATH=C:/Program Files/AdoptOpenJDK/jdk-13.0.1.9-hotspot/bin/client;C:/Program Files/AdoptOpenJDK/jdk-13.0.1.9-hotspot/bin;C:\Program Files\AdoptOpenJDK\jdk-13.0.1.9-hotspot\bin;C:\Program Files\Python37\Scripts\;C:\Program Files\Python37\;C:\Program Files (x86)\Common Files\Oracle\Java\javapath;C:\Program Files\Intel\Intel(R) Management Engine Components\iCLS\;C:\Windows\system32;C:\Windows;C:\Windows\System32\Wbem;C:\Windows\System32\WindowsPowerShell\v1.0\;C:\Windows\System32\OpenSSH\;C:\Program Files (x86)\Intel\Intel(R) Management Engine Components\DAL;C:\Program Files\Intel\Intel(R) Management Engine Components\DAL;C:\Program Files (x86)\Intel\Intel(R) Management Engine Components\IPT;C:\Program Files\Intel\Intel(R) Management Engine Components\IPT;C:\android-sdk\tools;C:\android-sdk\platform-tools;C:\Users\jtkom\AppData\Local\Microsoft\WindowsApps;C:\adb;C:\Program Files\Microsoft VS Code\bin;C:\Program Files\Git\cmd;C:\Users\jtkom\eclipse\java-photon\eclipse.exe;C:\Program Files\NASM;C:\Program Files\Python37\Scripts;C:\Program Files (x86)\NVIDIA Corporation\PhysX\Common;C:\apache-maven-3.6.0\bin;C:\Program Files\dotnet\;C:\Program Files\Java\jdk-10.0.2;C:\eda\ghdl\GHDL\20181129-mingw32-mcode\bin;C:\eda\gtkwave\gtkwave\bin;C:\eda;C:\WINDOWS\system32;C:\WINDOWS;C:\WINDOWS\System32\Wbem;C:\WINDOWS\System32\WindowsPowerShell\v1.0\;C:\WINDOWS\System32\OpenSSH\;C:\Program Files\NVIDIA Corporation\NVIDIA NvDLISR;C:\Gradle\gradle-5.6.3-all;C:\Gradle\gradle-5.6.3-all\gradle-5.6.3\bin;C:\Users\jtkom\AppData\Local\Microsoft\WindowsApps;C:\Users\jtkom\AppData\Local\GitHubDesktop\bin;C:\Users\jtkom\AppData\Local\Programs\Microsoft VS Code\bin;C:\Users\jtkom\AppData\Local\Microsoft\WindowsApps;;C:\Program Files\JetBrains\IntelliJ IDEA Community Edition 2019.2.3\bin;;C:\CodeRepository\eclipse;
USERNAME=jtkom
OS=Windows_NT
PROCESSOR_IDENTIFIER=Intel64 Family 6 Model 158 Stepping 9, GenuineIntel



---------------  S Y S T E M  ---------------

OS: Windows 10 , 64 bit Build 18362 (10.0.18362.329)

CPU:total 8 (initial active 8) (4 cores per cpu, 2 threads per core) family 6 model 158 stepping 9, cmov, cx8, fxsr, mmx, sse, sse2, sse3, ssse3, sse4.1, sse4.2, popcnt, avx, avx2, aes, clmul, erms, 3dnowpref, lzcnt, ht, tsc, tscinvbit, bmi1, bmi2, adx, fma

Memory: 4k page, system-wide physical 16244M (939M free)
TotalPageFile size 65396M (AvailPageFile size 0M)
current process WorkingSet (physical memory assigned to process): 2479M, peak: 2479M
current process commit charge ("private bytes"): 5293M, peak: 5294M

vm_info: OpenJDK 64-Bit Server VM (13.0.1+9) for windows-amd64 JRE (13.0.1+9), built on Oct 26 2019 10:16:33 by "" with MS VC++ 15.8 (VS2017)

END.
