#
# There is insufficient memory for the Java Runtime Environment to continue.
# Native memory allocation (malloc) failed to allocate 152416 bytes for Chunk::new
# Possible reasons:
#   The system is out of physical RAM or swap space
#   The process is running with CompressedOops enabled, and the Java Heap may be blocking the growth of the native heap
# Possible solutions:
#   Reduce memory load on the system
#   Increase physical memory or swap space
#   Check if swap backing store is full
#   Decrease Java heap size (-Xmx/-Xms)
#   Decrease number of Java threads
#   Decrease Java thread stack sizes (-Xss)
#   Set larger code cache with -XX:ReservedCodeCacheSize=
#
#  , pid=11000
#
# Native frames: (J=compiled Java code, j=interpreted, Vv=VM code, C=native code)
V  [jvm.dll+0x62d39a]
V  [jvm.dll+0x7d62ba]
V  [jvm.dll+0x7d7a6f]
V  [jvm.dll+0x7d8073]
V  [jvm.dll+0x24f3a8]
V  [jvm.dll+0xc4bb7]
V  [jvm.dll+0xc513c]
V  [jvm.dll+0x2c1bf4]
V  [jvm.dll+0x54862d]
V  [jvm.dll+0x2114a6]
V  [jvm.dll+0x20ab3d]
V  [jvm.dll+0x2082dd]
V  [jvm.dll+0x18cdcc]
V  [jvm.dll+0x2172dd]
V  [jvm.dll+0x21578b]
V  [jvm.dll+0x79bd26]
V  [jvm.dll+0x794e1a]
V  [jvm.dll+0x62c596]
C  [ucrtbase.dll+0x20e72]
C  [KERNEL32.DLL+0x17bd4]
C  [ntdll.dll+0x6ced1]


---------------  P R O C E S S  ---------------

Threads class SMR info:
_java_thread_list=0x00000256bf618b80, length=10, elements={
0x00000253b4c37800, 0x00000253da9bd800, 0x00000253da9c2000, 0x00000253db261800,
0x00000253db264000, 0x00000253db265000, 0x00000253db267800, 0x00000253db282000,
0x00000253db3b0000, 0x00000253db3c1000
}

Java Threads: ( => current thread )
  0x00000253b4c37800 JavaThread "main" [_thread_in_native, id=21072, stack(0x0000006c92200000,0x0000006c92300000)]
  0x00000253da9bd800 JavaThread "Reference Handler" daemon [_thread_blocked, id=13728, stack(0x0000006c92900000,0x0000006c92a00000)]
  0x00000253da9c2000 JavaThread "Finalizer" daemon [_thread_blocked, id=8736, stack(0x0000006c92a00000,0x0000006c92b00000)]
  0x00000253db261800 JavaThread "Signal Dispatcher" daemon [_thread_blocked, id=14820, stack(0x0000006c92b00000,0x0000006c92c00000)]
  0x00000253db264000 JavaThread "Attach Listener" daemon [_thread_blocked, id=15336, stack(0x0000006c92c00000,0x0000006c92d00000)]
=>0x00000253db265000 JavaThread "C2 CompilerThread0" daemon [_thread_in_native, id=19912, stack(0x0000006c92d00000,0x0000006c92e00000)]
  0x00000253db267800 JavaThread "C1 CompilerThread0" daemon [_thread_blocked, id=12272, stack(0x0000006c92e00000,0x0000006c92f00000)]
  0x00000253db282000 JavaThread "Sweeper thread" daemon [_thread_blocked, id=19560, stack(0x0000006c92f00000,0x0000006c93000000)]
  0x00000253db3b0000 JavaThread "Service Thread" daemon [_thread_blocked, id=6032, stack(0x0000006c93000000,0x0000006c93100000)]
  0x00000253db3c1000 JavaThread "Common-Cleaner" daemon [_thread_blocked, id=20728, stack(0x0000006c93200000,0x0000006c93300000)]

Other Threads:
  0x00000253da9bc000 VMThread "VM Thread" [stack: 0x0000006c92800000,0x0000006c92900000] [id=9104]
  0x00000253db3b0800 WatcherThread [stack: 0x0000006c93100000,0x0000006c93200000] [id=3392]
  0x00000253b4ca2800 GCTaskThread "GC Thread#0" [stack: 0x0000006c92300000,0x0000006c92400000] [id=1176]
  0x00000253dcd25800 GCTaskThread "GC Thread#1" [stack: 0x0000006c93d00000,0x0000006c93e00000] [id=20364]
  0x00000253dc5e0800 GCTaskThread "GC Thread#2" [stack: 0x0000006c93e00000,0x0000006c93f00000] [id=13160]
  0x00000253dc936000 GCTaskThread "GC Thread#3" [stack: 0x0000006c93f00000,0x0000006c94000000] [id=6592]
  0x00000253dc936800 GCTaskThread "GC Thread#4" [stack: 0x0000006c94000000,0x0000006c94100000] [id=19868]
  0x00000253dca02000 GCTaskThread "GC Thread#5" [stack: 0x0000006c94100000,0x0000006c94200000] [id=16184]
  0x0000025497022800 GCTaskThread "GC Thread#6" [stack: 0x0000006c92100000,0x0000006c92200000] [id=17428]
  0x00000256c0193800 GCTaskThread "GC Thread#7" [stack: 0x0000006c93900000,0x0000006c93a00000] [id=20080]
  0x00000253b4cc4800 ConcurrentGCThread "G1 Main Marker" [stack: 0x0000006c92400000,0x0000006c92500000] [id=19080]
  0x00000253b4cc6000 ConcurrentGCThread "G1 Conc#0" [stack: 0x0000006c92500000,0x0000006c92600000] [id=11884]
  0x00000254dd3d7800 ConcurrentGCThread "G1 Conc#1" [stack: 0x0000006c91f00000,0x0000006c92000000] [id=2680]
  0x00000253da8b2800 ConcurrentGCThread "G1 Refine#0" [stack: 0x0000006c92600000,0x0000006c92700000] [id=21140]
  0x00000253ea1d6800 ConcurrentGCThread "G1 Refine#1" [stack: 0x0000006c93b00000,0x0000006c93c00000] [id=19748]
  0x00000253eaebe800 ConcurrentGCThread "G1 Refine#2" [stack: 0x0000006c93c00000,0x0000006c93d00000] [id=19936]
  0x00000253dccf4800 ConcurrentGCThread "G1 Refine#3" [stack: 0x0000006c94200000,0x0000006c94300000] [id=18212]
  0x00000253db420800 ConcurrentGCThread "G1 Refine#4" [stack: 0x0000006c94300000,0x0000006c94400000] [id=2156]
  0x00000253e96fc000 ConcurrentGCThread "G1 Refine#5" [stack: 0x0000006c94400000,0x0000006c94500000] [id=4488]
  0x00000253dcd28000 ConcurrentGCThread "G1 Refine#6" [stack: 0x0000006c94500000,0x0000006c94600000] [id=18620]
  0x00000253e8b7f000 ConcurrentGCThread "G1 Refine#7" [stack: 0x0000006c92000000,0x0000006c92100000] [id=11444]
  0x00000253da8b3800 ConcurrentGCThread "G1 Young RemSet Sampling" [stack: 0x0000006c92700000,0x0000006c92800000] [id=4896]

Threads with active compile tasks:
C2 CompilerThread0   279231 1513       4       guis.UIBoxState::setActiveElementBySameOffset (106 bytes)

VM state:not at safepoint (normal execution)

VM Mutex/Monitor currently owned by a thread: None

Heap address: 0x0000000702200000, size: 4062 MB, Compressed Oops mode: Zero based, Oop shift amount: 3
Narrow klass base: 0x0000000800000000, Narrow klass shift: 3
Compressed class space size: 1073741824 Address: 0x0000000800b50000

Heap:
 garbage-first heap   total 371712K, used 225124K [0x0000000702200000, 0x0000000800000000)
  region size 1024K, 62 young (63488K), 23 survivors (23552K)
 Metaspace       used 7786K, capacity 10595K, committed 10752K, reserved 1058816K
  class space    used 372K, capacity 687K, committed 768K, reserved 1048576K
Heap Regions: E=young(eden), S=young(survivor), O=old, HS=humongous(starts), HC=humongous(continues), CS=collection set, F=free, A=archive, TAMS=top-at-mark-start (previous, next)
|   0|0x0000000702200000, 0x0000000702300000, 0x0000000702300000|100%| O|  |TAMS 0x0000000702200000, 0x0000000702200000| Untracked 
|   1|0x0000000702300000, 0x0000000702400000, 0x0000000702400000|100%| O|  |TAMS 0x0000000702400000, 0x0000000702300000| Untracked 
|   2|0x0000000702400000, 0x0000000702500000, 0x0000000702500000|100%| O|  |TAMS 0x0000000702400000, 0x0000000702400000| Untracked 
|   3|0x0000000702500000, 0x0000000702600000, 0x0000000702600000|100%| O|  |TAMS 0x0000000702500000, 0x0000000702500000| Untracked 
|   4|0x0000000702600000, 0x0000000702700000, 0x0000000702700000|100%| O|  |TAMS 0x0000000702600000, 0x0000000702600000| Untracked 
|   5|0x0000000702700000, 0x0000000702800000, 0x0000000702800000|100%| O|  |TAMS 0x0000000702700000, 0x0000000702700000| Untracked 
|   6|0x0000000702800000, 0x0000000702900000, 0x0000000702900000|100%| O|  |TAMS 0x0000000702800000, 0x0000000702800000| Untracked 
|   7|0x0000000702900000, 0x0000000702a00000, 0x0000000702a00000|100%| O|  |TAMS 0x0000000702900000, 0x0000000702900000| Untracked 
|   8|0x0000000702a00000, 0x0000000702b00000, 0x0000000702b00000|100%| O|  |TAMS 0x0000000702a00000, 0x0000000702a00000| Untracked 
|   9|0x0000000702b00000, 0x0000000702c00000, 0x0000000702c00000|100%| O|  |TAMS 0x0000000702b00000, 0x0000000702b00000| Untracked 
|  10|0x0000000702c00000, 0x0000000702d00000, 0x0000000702d00000|100%| O|  |TAMS 0x0000000702c00000, 0x0000000702c00000| Untracked 
|  11|0x0000000702d00000, 0x0000000702e00000, 0x0000000702e00000|100%| O|  |TAMS 0x0000000702d00000, 0x0000000702d00000| Untracked 
|  12|0x0000000702e00000, 0x0000000702f00000, 0x0000000702f00000|100%| O|  |TAMS 0x0000000702e00000, 0x0000000702e00000| Untracked 
|  13|0x0000000702f00000, 0x0000000703000000, 0x0000000703000000|100%| O|  |TAMS 0x0000000702f00000, 0x0000000702f00000| Untracked 
|  14|0x0000000703000000, 0x0000000703100000, 0x0000000703100000|100%| O|  |TAMS 0x0000000703000000, 0x0000000703000000| Untracked 
|  15|0x0000000703100000, 0x0000000703200000, 0x0000000703200000|100%| O|  |TAMS 0x0000000703100000, 0x0000000703100000| Untracked 
|  16|0x0000000703200000, 0x0000000703300000, 0x0000000703300000|100%| O|  |TAMS 0x0000000703200000, 0x0000000703200000| Untracked 
|  17|0x0000000703300000, 0x0000000703400000, 0x0000000703400000|100%| O|  |TAMS 0x0000000703300000, 0x0000000703300000| Untracked 
|  18|0x0000000703400000, 0x0000000703500000, 0x0000000703500000|100%| O|  |TAMS 0x0000000703400000, 0x0000000703400000| Untracked 
|  19|0x0000000703500000, 0x0000000703600000, 0x0000000703600000|100%| O|  |TAMS 0x0000000703500000, 0x0000000703500000| Untracked 
|  20|0x0000000703600000, 0x0000000703700000, 0x0000000703700000|100%| O|  |TAMS 0x0000000703600000, 0x0000000703600000| Untracked 
|  21|0x0000000703700000, 0x0000000703800000, 0x0000000703800000|100%| O|  |TAMS 0x0000000703700000, 0x0000000703700000| Untracked 
|  22|0x0000000703800000, 0x0000000703900000, 0x0000000703900000|100%| O|  |TAMS 0x0000000703800000, 0x0000000703800000| Untracked 
|  23|0x0000000703900000, 0x0000000703a00000, 0x0000000703a00000|100%| O|  |TAMS 0x0000000703900000, 0x0000000703900000| Untracked 
|  24|0x0000000703a00000, 0x0000000703b00000, 0x0000000703b00000|100%| O|  |TAMS 0x0000000703a00000, 0x0000000703a00000| Untracked 
|  25|0x0000000703b00000, 0x0000000703c00000, 0x0000000703c00000|100%| O|  |TAMS 0x0000000703b00000, 0x0000000703b00000| Untracked 
|  26|0x0000000703c00000, 0x0000000703d00000, 0x0000000703d00000|100%| O|  |TAMS 0x0000000703c00000, 0x0000000703c00000| Untracked 
|  27|0x0000000703d00000, 0x0000000703e00000, 0x0000000703e00000|100%| O|  |TAMS 0x0000000703d00000, 0x0000000703d00000| Untracked 
|  28|0x0000000703e00000, 0x0000000703f00000, 0x0000000703f00000|100%| O|  |TAMS 0x0000000703e00000, 0x0000000703e00000| Untracked 
|  29|0x0000000703f00000, 0x0000000704000000, 0x0000000704000000|100%| O|  |TAMS 0x0000000703f00000, 0x0000000703f00000| Untracked 
|  30|0x0000000704000000, 0x0000000704100000, 0x0000000704100000|100%| O|  |TAMS 0x0000000704000000, 0x0000000704000000| Untracked 
|  31|0x0000000704100000, 0x0000000704200000, 0x0000000704200000|100%| O|  |TAMS 0x0000000704100000, 0x0000000704100000| Untracked 
|  32|0x0000000704200000, 0x0000000704300000, 0x0000000704300000|100%| O|  |TAMS 0x0000000704200000, 0x0000000704200000| Untracked 
|  33|0x0000000704300000, 0x0000000704400000, 0x0000000704400000|100%| O|  |TAMS 0x0000000704300000, 0x0000000704300000| Untracked 
|  34|0x0000000704400000, 0x0000000704500000, 0x0000000704500000|100%| O|  |TAMS 0x0000000704400000, 0x0000000704400000| Untracked 
|  35|0x0000000704500000, 0x0000000704600000, 0x0000000704600000|100%| O|  |TAMS 0x0000000704500000, 0x0000000704500000| Untracked 
|  36|0x0000000704600000, 0x0000000704700000, 0x0000000704700000|100%| O|  |TAMS 0x0000000704600000, 0x0000000704600000| Untracked 
|  37|0x0000000704700000, 0x0000000704800000, 0x0000000704800000|100%| O|  |TAMS 0x0000000704700000, 0x0000000704700000| Untracked 
|  38|0x0000000704800000, 0x0000000704900000, 0x0000000704900000|100%| O|  |TAMS 0x0000000704800000, 0x0000000704800000| Untracked 
|  39|0x0000000704900000, 0x0000000704a00000, 0x0000000704a00000|100%| O|  |TAMS 0x0000000704900000, 0x0000000704900000| Untracked 
|  40|0x0000000704a00000, 0x0000000704b00000, 0x0000000704b00000|100%| O|  |TAMS 0x0000000704a00000, 0x0000000704a00000| Untracked 
|  41|0x0000000704b00000, 0x0000000704c00000, 0x0000000704c00000|100%| O|  |TAMS 0x0000000704b00000, 0x0000000704b00000| Untracked 
|  42|0x0000000704c00000, 0x0000000704d00000, 0x0000000704d00000|100%| O|  |TAMS 0x0000000704c00000, 0x0000000704c00000| Untracked 
|  43|0x0000000704d00000, 0x0000000704e00000, 0x0000000704e00000|100%| O|  |TAMS 0x0000000704d00000, 0x0000000704d00000| Untracked 
|  44|0x0000000704e00000, 0x0000000704f00000, 0x0000000704f00000|100%| O|  |TAMS 0x0000000704e00000, 0x0000000704e00000| Untracked 
|  45|0x0000000704f00000, 0x0000000705000000, 0x0000000705000000|100%| O|  |TAMS 0x0000000704f00000, 0x0000000704f00000| Untracked 
|  46|0x0000000705000000, 0x0000000705100000, 0x0000000705100000|100%| O|  |TAMS 0x0000000705000000, 0x0000000705000000| Untracked 
|  47|0x0000000705100000, 0x0000000705200000, 0x0000000705200000|100%| O|  |TAMS 0x0000000705100000, 0x0000000705100000| Untracked 
|  48|0x0000000705200000, 0x0000000705300000, 0x0000000705300000|100%| O|  |TAMS 0x0000000705200000, 0x0000000705200000| Untracked 
|  49|0x0000000705300000, 0x0000000705400000, 0x0000000705400000|100%| O|  |TAMS 0x0000000705300000, 0x0000000705300000| Untracked 
|  50|0x0000000705400000, 0x0000000705500000, 0x0000000705500000|100%| O|  |TAMS 0x0000000705400000, 0x0000000705400000| Untracked 
|  51|0x0000000705500000, 0x0000000705600000, 0x0000000705600000|100%| O|  |TAMS 0x0000000705500000, 0x0000000705500000| Untracked 
|  52|0x0000000705600000, 0x0000000705700000, 0x0000000705700000|100%| O|  |TAMS 0x0000000705600000, 0x0000000705600000| Untracked 
|  53|0x0000000705700000, 0x0000000705800000, 0x0000000705800000|100%| O|  |TAMS 0x0000000705700000, 0x0000000705700000| Untracked 
|  54|0x0000000705800000, 0x0000000705900000, 0x0000000705900000|100%| O|  |TAMS 0x0000000705800000, 0x0000000705800000| Untracked 
|  55|0x0000000705900000, 0x0000000705a00000, 0x0000000705a00000|100%| O|  |TAMS 0x0000000705900000, 0x0000000705900000| Untracked 
|  56|0x0000000705a00000, 0x0000000705b00000, 0x0000000705b00000|100%| O|  |TAMS 0x0000000705b00000, 0x0000000705a00000| Untracked 
|  57|0x0000000705b00000, 0x0000000705c00000, 0x0000000705c00000|100%| O|  |TAMS 0x0000000705b00000, 0x0000000705b00000| Untracked 
|  58|0x0000000705c00000, 0x0000000705d00000, 0x0000000705d00000|100%| O|  |TAMS 0x0000000705d00000, 0x0000000705c00000| Untracked 
|  59|0x0000000705d00000, 0x0000000705e00000, 0x0000000705e00000|100%| O|  |TAMS 0x0000000705e00000, 0x0000000705d00000| Untracked 
|  60|0x0000000705e00000, 0x0000000705f00000, 0x0000000705f00000|100%| O|  |TAMS 0x0000000705e00000, 0x0000000705e00000| Untracked 
|  61|0x0000000705f00000, 0x0000000706000000, 0x0000000706000000|100%| O|  |TAMS 0x0000000705f00000, 0x0000000705f00000| Untracked 
|  62|0x0000000706000000, 0x0000000706100000, 0x0000000706100000|100%| O|  |TAMS 0x0000000706000000, 0x0000000706000000| Untracked 
|  63|0x0000000706100000, 0x0000000706200000, 0x0000000706200000|100%| O|  |TAMS 0x0000000706100000, 0x0000000706100000| Untracked 
|  64|0x0000000706200000, 0x0000000706300000, 0x0000000706300000|100%| O|  |TAMS 0x0000000706200000, 0x0000000706200000| Untracked 
|  65|0x0000000706300000, 0x0000000706400000, 0x0000000706400000|100%| O|  |TAMS 0x0000000706300000, 0x0000000706300000| Untracked 
|  66|0x0000000706400000, 0x0000000706500000, 0x0000000706500000|100%| O|  |TAMS 0x0000000706400000, 0x0000000706400000| Untracked 
|  67|0x0000000706500000, 0x0000000706600000, 0x0000000706600000|100%| O|  |TAMS 0x0000000706500000, 0x0000000706500000| Untracked 
|  68|0x0000000706600000, 0x0000000706700000, 0x0000000706700000|100%| O|  |TAMS 0x0000000706600000, 0x0000000706600000| Untracked 
|  69|0x0000000706700000, 0x0000000706800000, 0x0000000706800000|100%| O|  |TAMS 0x0000000706700000, 0x0000000706700000| Untracked 
|  70|0x0000000706800000, 0x0000000706900000, 0x0000000706900000|100%| O|  |TAMS 0x0000000706800000, 0x0000000706800000| Untracked 
|  71|0x0000000706900000, 0x0000000706a00000, 0x0000000706a00000|100%| O|  |TAMS 0x0000000706900000, 0x0000000706900000| Untracked 
|  72|0x0000000706a00000, 0x0000000706b00000, 0x0000000706b00000|100%| O|  |TAMS 0x0000000706a00000, 0x0000000706a00000| Untracked 
|  73|0x0000000706b00000, 0x0000000706c00000, 0x0000000706c00000|100%| O|  |TAMS 0x0000000706b00000, 0x0000000706b00000| Untracked 
|  74|0x0000000706c00000, 0x0000000706d00000, 0x0000000706d00000|100%| O|  |TAMS 0x0000000706c00000, 0x0000000706c00000| Untracked 
|  75|0x0000000706d00000, 0x0000000706e00000, 0x0000000706e00000|100%| O|  |TAMS 0x0000000706d00000, 0x0000000706d00000| Untracked 
|  76|0x0000000706e00000, 0x0000000706f00000, 0x0000000706f00000|100%| O|  |TAMS 0x0000000706e00000, 0x0000000706e00000| Untracked 
|  77|0x0000000706f00000, 0x0000000707000000, 0x0000000707000000|100%| O|  |TAMS 0x0000000706f00000, 0x0000000706f00000| Untracked 
|  78|0x0000000707000000, 0x0000000707100000, 0x0000000707100000|100%| O|  |TAMS 0x0000000707000000, 0x0000000707000000| Untracked 
|  79|0x0000000707100000, 0x0000000707200000, 0x0000000707200000|100%| O|  |TAMS 0x0000000707100000, 0x0000000707100000| Untracked 
|  80|0x0000000707200000, 0x0000000707300000, 0x0000000707300000|100%| O|  |TAMS 0x0000000707200000, 0x0000000707200000| Untracked 
|  81|0x0000000707300000, 0x0000000707400000, 0x0000000707400000|100%| O|  |TAMS 0x0000000707300000, 0x0000000707300000| Untracked 
|  82|0x0000000707400000, 0x0000000707500000, 0x0000000707500000|100%| O|  |TAMS 0x0000000707400000, 0x0000000707400000| Untracked 
|  83|0x0000000707500000, 0x0000000707600000, 0x0000000707600000|100%| O|  |TAMS 0x0000000707500000, 0x0000000707500000| Untracked 
|  84|0x0000000707600000, 0x0000000707700000, 0x0000000707700000|100%| O|  |TAMS 0x0000000707600000, 0x0000000707600000| Untracked 
|  85|0x0000000707700000, 0x0000000707800000, 0x0000000707800000|100%| O|  |TAMS 0x0000000707700000, 0x0000000707700000| Untracked 
|  86|0x0000000707800000, 0x0000000707900000, 0x0000000707900000|100%| O|  |TAMS 0x0000000707800000, 0x0000000707800000| Untracked 
|  87|0x0000000707900000, 0x0000000707a00000, 0x0000000707a00000|100%| O|  |TAMS 0x0000000707900000, 0x0000000707900000| Untracked 
|  88|0x0000000707a00000, 0x0000000707b00000, 0x0000000707b00000|100%| O|  |TAMS 0x0000000707a00000, 0x0000000707a00000| Untracked 
|  89|0x0000000707b00000, 0x0000000707c00000, 0x0000000707c00000|100%| O|  |TAMS 0x0000000707b00000, 0x0000000707b00000| Untracked 
|  90|0x0000000707c00000, 0x0000000707d00000, 0x0000000707d00000|100%| O|  |TAMS 0x0000000707c00000, 0x0000000707c00000| Untracked 
|  91|0x0000000707d00000, 0x0000000707e00000, 0x0000000707e00000|100%| O|  |TAMS 0x0000000707d00000, 0x0000000707d00000| Untracked 
|  92|0x0000000707e00000, 0x0000000707f00000, 0x0000000707f00000|100%| O|  |TAMS 0x0000000707e00000, 0x0000000707e00000| Untracked 
|  93|0x0000000707f00000, 0x0000000708000000, 0x0000000708000000|100%| O|  |TAMS 0x0000000707f00000, 0x0000000707f00000| Untracked 
|  94|0x0000000708000000, 0x0000000708100000, 0x0000000708100000|100%| O|  |TAMS 0x0000000708100000, 0x0000000708000000| Untracked 
|  95|0x0000000708100000, 0x0000000708200000, 0x0000000708200000|100%| O|  |TAMS 0x0000000708100000, 0x0000000708100000| Untracked 
|  96|0x0000000708200000, 0x0000000708300000, 0x0000000708300000|100%| O|  |TAMS 0x0000000708200000, 0x0000000708200000| Untracked 
|  97|0x0000000708300000, 0x0000000708400000, 0x0000000708400000|100%| O|  |TAMS 0x0000000708400000, 0x0000000708300000| Untracked 
|  98|0x0000000708400000, 0x0000000708500000, 0x0000000708500000|100%| O|  |TAMS 0x0000000708400000, 0x0000000708400000| Untracked 
|  99|0x0000000708500000, 0x0000000708600000, 0x0000000708600000|100%| O|  |TAMS 0x0000000708600000, 0x0000000708500000| Untracked 
| 100|0x0000000708600000, 0x0000000708700000, 0x0000000708700000|100%| O|  |TAMS 0x0000000708600000, 0x0000000708600000| Untracked 
| 101|0x0000000708700000, 0x0000000708800000, 0x0000000708800000|100%| O|  |TAMS 0x0000000708800000, 0x0000000708700000| Untracked 
| 102|0x0000000708800000, 0x0000000708900000, 0x0000000708900000|100%| O|  |TAMS 0x0000000708800000, 0x0000000708800000| Untracked 
| 103|0x0000000708900000, 0x0000000708a00000, 0x0000000708a00000|100%| O|  |TAMS 0x0000000708a00000, 0x0000000708900000| Untracked 
| 104|0x0000000708a00000, 0x0000000708b00000, 0x0000000708b00000|100%| O|  |TAMS 0x0000000708a00000, 0x0000000708a00000| Untracked 
| 105|0x0000000708b00000, 0x0000000708c00000, 0x0000000708c00000|100%| O|  |TAMS 0x0000000708b00000, 0x0000000708b00000| Untracked 
| 106|0x0000000708c00000, 0x0000000708d00000, 0x0000000708d00000|100%| S|CS|TAMS 0x0000000708c00000, 0x0000000708c00000| Complete 
| 107|0x0000000708d00000, 0x0000000708e00000, 0x0000000708e00000|100%| S|CS|TAMS 0x0000000708d00000, 0x0000000708d00000| Complete 
| 108|0x0000000708e00000, 0x0000000708f00000, 0x0000000708f00000|100%| S|CS|TAMS 0x0000000708e00000, 0x0000000708e00000| Complete 
| 109|0x0000000708f00000, 0x0000000709000000, 0x0000000709000000|100%| S|CS|TAMS 0x0000000708f00000, 0x0000000708f00000| Complete 
| 110|0x0000000709000000, 0x0000000709100000, 0x0000000709100000|100%| S|CS|TAMS 0x0000000709000000, 0x0000000709000000| Complete 
| 111|0x0000000709100000, 0x0000000709200000, 0x0000000709200000|100%| O|  |TAMS 0x0000000709100000, 0x0000000709100000| Untracked 
| 112|0x0000000709200000, 0x0000000709300000, 0x0000000709300000|100%| O|  |TAMS 0x0000000709300000, 0x0000000709200000| Untracked 
| 113|0x0000000709300000, 0x0000000709400000, 0x0000000709400000|100%| S|CS|TAMS 0x0000000709300000, 0x0000000709300000| Complete 
| 114|0x0000000709400000, 0x0000000709500000, 0x0000000709500000|100%| O|  |TAMS 0x0000000709500000, 0x0000000709400000| Untracked 
| 115|0x0000000709500000, 0x0000000709600000, 0x0000000709600000|100%| S|CS|TAMS 0x0000000709500000, 0x0000000709500000| Complete 
| 116|0x0000000709600000, 0x0000000709700000, 0x0000000709700000|100%| S|CS|TAMS 0x0000000709600000, 0x0000000709600000| Complete 
| 117|0x0000000709700000, 0x0000000709800000, 0x0000000709800000|100%| O|  |TAMS 0x0000000709800000, 0x0000000709700000| Untracked 
| 118|0x0000000709800000, 0x0000000709900000, 0x0000000709900000|100%| O|  |TAMS 0x0000000709900000, 0x0000000709800000| Untracked 
| 119|0x0000000709900000, 0x0000000709a00000, 0x0000000709a00000|100%| S|CS|TAMS 0x0000000709900000, 0x0000000709900000| Complete 
| 120|0x0000000709a00000, 0x0000000709b00000, 0x0000000709b00000|100%| S|CS|TAMS 0x0000000709a00000, 0x0000000709a00000| Complete 
| 121|0x0000000709b00000, 0x0000000709c00000, 0x0000000709c00000|100%| S|CS|TAMS 0x0000000709b00000, 0x0000000709b00000| Complete 
| 122|0x0000000709c00000, 0x0000000709d00000, 0x0000000709d00000|100%| S|CS|TAMS 0x0000000709c00000, 0x0000000709c00000| Complete 
| 123|0x0000000709d00000, 0x0000000709e00000, 0x0000000709e00000|100%| S|CS|TAMS 0x0000000709d00000, 0x0000000709d00000| Complete 
| 124|0x0000000709e00000, 0x0000000709f00000, 0x0000000709f00000|100%| S|CS|TAMS 0x0000000709e00000, 0x0000000709e00000| Complete 
| 125|0x0000000709f00000, 0x000000070a000000, 0x000000070a000000|100%| S|CS|TAMS 0x0000000709f00000, 0x0000000709f00000| Complete 
| 126|0x000000070a000000, 0x000000070a100000, 0x000000070a100000|100%| S|CS|TAMS 0x000000070a000000, 0x000000070a000000| Complete 
| 127|0x000000070a100000, 0x000000070a200000, 0x000000070a200000|100%| S|CS|TAMS 0x000000070a100000, 0x000000070a100000| Complete 
| 128|0x000000070a200000, 0x000000070a300000, 0x000000070a300000|100%| S|CS|TAMS 0x000000070a200000, 0x000000070a200000| Complete 
| 129|0x000000070a300000, 0x000000070a400000, 0x000000070a400000|100%| S|CS|TAMS 0x000000070a300000, 0x000000070a300000| Complete 
| 130|0x000000070a400000, 0x000000070a500000, 0x000000070a500000|100%| O|  |TAMS 0x000000070a500000, 0x000000070a400000| Untracked 
| 131|0x000000070a500000, 0x000000070a600000, 0x000000070a600000|100%| S|CS|TAMS 0x000000070a500000, 0x000000070a500000| Complete 
| 132|0x000000070a600000, 0x000000070a700000, 0x000000070a700000|100%| S|CS|TAMS 0x000000070a600000, 0x000000070a600000| Complete 
| 133|0x000000070a700000, 0x000000070a800000, 0x000000070a800000|100%| S|CS|TAMS 0x000000070a700000, 0x000000070a700000| Complete 
| 134|0x000000070a800000, 0x000000070a900000, 0x000000070a900000|100%| S|CS|TAMS 0x000000070a800000, 0x000000070a800000| Complete 
| 135|0x000000070a900000, 0x000000070a900000, 0x000000070aa00000|  0%| F|  |TAMS 0x000000070a900000, 0x000000070a900000| Untracked 
| 136|0x000000070aa00000, 0x000000070aa00000, 0x000000070ab00000|  0%| F|  |TAMS 0x000000070aa00000, 0x000000070aa00000| Untracked 
| 137|0x000000070ab00000, 0x000000070ab00000, 0x000000070ac00000|  0%| F|  |TAMS 0x000000070ab00000, 0x000000070ab00000| Untracked 
| 138|0x000000070ac00000, 0x000000070ad00000, 0x000000070ad00000|100%| O|  |TAMS 0x000000070ad00000, 0x000000070ac00000| Untracked 
| 139|0x000000070ad00000, 0x000000070ad00000, 0x000000070ae00000|  0%| F|  |TAMS 0x000000070ad00000, 0x000000070ad00000| Untracked 
| 140|0x000000070ae00000, 0x000000070ae00000, 0x000000070af00000|  0%| F|  |TAMS 0x000000070ae00000, 0x000000070ae00000| Untracked 
| 141|0x000000070af00000, 0x000000070af00000, 0x000000070b000000|  0%| F|  |TAMS 0x000000070af00000, 0x000000070af00000| Untracked 
| 142|0x000000070b000000, 0x000000070b000000, 0x000000070b100000|  0%| F|  |TAMS 0x000000070b000000, 0x000000070b000000| Untracked 
| 143|0x000000070b100000, 0x000000070b100000, 0x000000070b200000|  0%| F|  |TAMS 0x000000070b100000, 0x000000070b100000| Untracked 
| 144|0x000000070b200000, 0x000000070b200000, 0x000000070b300000|  0%| F|  |TAMS 0x000000070b200000, 0x000000070b200000| Untracked 
| 145|0x000000070b300000, 0x000000070b300000, 0x000000070b400000|  0%| F|  |TAMS 0x000000070b300000, 0x000000070b300000| Untracked 
| 146|0x000000070b400000, 0x000000070b400000, 0x000000070b500000|  0%| F|  |TAMS 0x000000070b400000, 0x000000070b400000| Untracked 
| 147|0x000000070b500000, 0x000000070b500000, 0x000000070b600000|  0%| F|  |TAMS 0x000000070b500000, 0x000000070b500000| Untracked 
| 148|0x000000070b600000, 0x000000070b600000, 0x000000070b700000|  0%| F|  |TAMS 0x000000070b600000, 0x000000070b600000| Untracked 
| 149|0x000000070b700000, 0x000000070b800000, 0x000000070b800000|100%| O|  |TAMS 0x000000070b800000, 0x000000070b700000| Untracked 
| 150|0x000000070b800000, 0x000000070b800000, 0x000000070b900000|  0%| F|  |TAMS 0x000000070b800000, 0x000000070b800000| Untracked 
| 151|0x000000070b900000, 0x000000070b900000, 0x000000070ba00000|  0%| F|  |TAMS 0x000000070b900000, 0x000000070b900000| Untracked 
| 152|0x000000070ba00000, 0x000000070ba00000, 0x000000070bb00000|  0%| F|  |TAMS 0x000000070ba00000, 0x000000070ba00000| Untracked 
| 153|0x000000070bb00000, 0x000000070bb00000, 0x000000070bc00000|  0%| F|  |TAMS 0x000000070bb00000, 0x000000070bb00000| Untracked 
| 154|0x000000070bc00000, 0x000000070bc00000, 0x000000070bd00000|  0%| F|  |TAMS 0x000000070bc00000, 0x000000070bc00000| Untracked 
| 155|0x000000070bd00000, 0x000000070bd00000, 0x000000070be00000|  0%| F|  |TAMS 0x000000070bd00000, 0x000000070bd00000| Untracked 
| 156|0x000000070be00000, 0x000000070be00000, 0x000000070bf00000|  0%| F|  |TAMS 0x000000070be00000, 0x000000070be00000| Untracked 
| 157|0x000000070bf00000, 0x000000070bf00000, 0x000000070c000000|  0%| F|  |TAMS 0x000000070bf00000, 0x000000070bf00000| Untracked 
| 158|0x000000070c000000, 0x000000070c000000, 0x000000070c100000|  0%| F|  |TAMS 0x000000070c000000, 0x000000070c000000| Untracked 
| 159|0x000000070c100000, 0x000000070c100000, 0x000000070c200000|  0%| F|  |TAMS 0x000000070c100000, 0x000000070c100000| Untracked 
| 160|0x000000070c200000, 0x000000070c300000, 0x000000070c300000|100%| O|  |TAMS 0x000000070c300000, 0x000000070c200000| Untracked 
| 161|0x000000070c300000, 0x000000070c400000, 0x000000070c400000|100%| O|  |TAMS 0x000000070c400000, 0x000000070c300000| Untracked 
| 162|0x000000070c400000, 0x000000070c500000, 0x000000070c500000|100%| O|  |TAMS 0x000000070c500000, 0x000000070c400000| Untracked 
| 163|0x000000070c500000, 0x000000070c500000, 0x000000070c600000|  0%| F|  |TAMS 0x000000070c500000, 0x000000070c500000| Untracked 
| 164|0x000000070c600000, 0x000000070c600000, 0x000000070c700000|  0%| F|  |TAMS 0x000000070c600000, 0x000000070c600000| Untracked 
| 165|0x000000070c700000, 0x000000070c700000, 0x000000070c800000|  0%| F|  |TAMS 0x000000070c700000, 0x000000070c700000| Untracked 
| 166|0x000000070c800000, 0x000000070c800000, 0x000000070c900000|  0%| F|  |TAMS 0x000000070c800000, 0x000000070c800000| Untracked 
| 167|0x000000070c900000, 0x000000070c900000, 0x000000070ca00000|  0%| F|  |TAMS 0x000000070c900000, 0x000000070c900000| Untracked 
| 168|0x000000070ca00000, 0x000000070ca00000, 0x000000070cb00000|  0%| F|  |TAMS 0x000000070ca00000, 0x000000070ca00000| Untracked 
| 169|0x000000070cb00000, 0x000000070cb00000, 0x000000070cc00000|  0%| F|  |TAMS 0x000000070cb00000, 0x000000070cb00000| Untracked 
| 170|0x000000070cc00000, 0x000000070cd00000, 0x000000070cd00000|100%| O|  |TAMS 0x000000070cd00000, 0x000000070cc00000| Untracked 
| 171|0x000000070cd00000, 0x000000070cd00000, 0x000000070ce00000|  0%| F|  |TAMS 0x000000070cd00000, 0x000000070cd00000| Untracked 
| 172|0x000000070ce00000, 0x000000070ce00000, 0x000000070cf00000|  0%| F|  |TAMS 0x000000070ce00000, 0x000000070ce00000| Untracked 
| 173|0x000000070cf00000, 0x000000070d000000, 0x000000070d000000|100%| O|  |TAMS 0x000000070d000000, 0x000000070cf00000| Untracked 
| 174|0x000000070d000000, 0x000000070d000000, 0x000000070d100000|  0%| F|  |TAMS 0x000000070d000000, 0x000000070d000000| Untracked 
| 175|0x000000070d100000, 0x000000070d100000, 0x000000070d200000|  0%| F|  |TAMS 0x000000070d100000, 0x000000070d100000| Untracked 
| 176|0x000000070d200000, 0x000000070d200000, 0x000000070d300000|  0%| F|  |TAMS 0x000000070d200000, 0x000000070d200000| Untracked 
| 177|0x000000070d300000, 0x000000070d300000, 0x000000070d400000|  0%| F|  |TAMS 0x000000070d300000, 0x000000070d300000| Untracked 
| 178|0x000000070d400000, 0x000000070d400000, 0x000000070d500000|  0%| F|  |TAMS 0x000000070d400000, 0x000000070d400000| Untracked 
| 179|0x000000070d500000, 0x000000070d500000, 0x000000070d600000|  0%| F|  |TAMS 0x000000070d500000, 0x000000070d500000| Untracked 
| 180|0x000000070d600000, 0x000000070d600000, 0x000000070d700000|  0%| F|  |TAMS 0x000000070d600000, 0x000000070d600000| Untracked 
| 181|0x000000070d700000, 0x000000070d700000, 0x000000070d800000|  0%| F|  |TAMS 0x000000070d700000, 0x000000070d700000| Untracked 
| 182|0x000000070d800000, 0x000000070d800000, 0x000000070d900000|  0%| F|  |TAMS 0x000000070d800000, 0x000000070d800000| Untracked 
| 183|0x000000070d900000, 0x000000070d900000, 0x000000070da00000|  0%| F|  |TAMS 0x000000070d900000, 0x000000070d900000| Untracked 
| 184|0x000000070da00000, 0x000000070da00000, 0x000000070db00000|  0%| F|  |TAMS 0x000000070da00000, 0x000000070da00000| Untracked 
| 185|0x000000070db00000, 0x000000070db00000, 0x000000070dc00000|  0%| F|  |TAMS 0x000000070db00000, 0x000000070db00000| Untracked 
| 186|0x000000070dc00000, 0x000000070dc00000, 0x000000070dd00000|  0%| F|  |TAMS 0x000000070dc00000, 0x000000070dc00000| Untracked 
| 187|0x000000070dd00000, 0x000000070dd00000, 0x000000070de00000|  0%| F|  |TAMS 0x000000070dd00000, 0x000000070dd00000| Untracked 
| 188|0x000000070de00000, 0x000000070de00000, 0x000000070df00000|  0%| F|  |TAMS 0x000000070de00000, 0x000000070de00000| Untracked 
| 189|0x000000070df00000, 0x000000070df00000, 0x000000070e000000|  0%| F|  |TAMS 0x000000070df00000, 0x000000070df00000| Untracked 
| 190|0x000000070e000000, 0x000000070e000000, 0x000000070e100000|  0%| F|  |TAMS 0x000000070e000000, 0x000000070e000000| Untracked 
| 191|0x000000070e100000, 0x000000070e100000, 0x000000070e200000|  0%| F|  |TAMS 0x000000070e100000, 0x000000070e100000| Untracked 
| 192|0x000000070e200000, 0x000000070e200000, 0x000000070e300000|  0%| F|  |TAMS 0x000000070e200000, 0x000000070e200000| Untracked 
| 193|0x000000070e300000, 0x000000070e300000, 0x000000070e400000|  0%| F|  |TAMS 0x000000070e300000, 0x000000070e300000| Untracked 
| 194|0x000000070e400000, 0x000000070e400000, 0x000000070e500000|  0%| F|  |TAMS 0x000000070e400000, 0x000000070e400000| Untracked 
| 195|0x000000070e500000, 0x000000070e500000, 0x000000070e600000|  0%| F|  |TAMS 0x000000070e500000, 0x000000070e500000| Untracked 
| 196|0x000000070e600000, 0x000000070e600000, 0x000000070e700000|  0%| F|  |TAMS 0x000000070e600000, 0x000000070e600000| Untracked 
| 197|0x000000070e700000, 0x000000070e700000, 0x000000070e800000|  0%| F|  |TAMS 0x000000070e700000, 0x000000070e700000| Untracked 
| 198|0x000000070e800000, 0x000000070e900000, 0x000000070e900000|100%| O|  |TAMS 0x000000070e800000, 0x000000070e800000| Untracked 
| 199|0x000000070e900000, 0x000000070ea00000, 0x000000070ea00000|100%| O|  |TAMS 0x000000070e900000, 0x000000070e900000| Untracked 
| 200|0x000000070ea00000, 0x000000070eb00000, 0x000000070eb00000|100%| O|  |TAMS 0x000000070ea00000, 0x000000070ea00000| Untracked 
| 201|0x000000070eb00000, 0x000000070ec00000, 0x000000070ec00000|100%| O|  |TAMS 0x000000070eb00000, 0x000000070eb00000| Untracked 
| 202|0x000000070ec00000, 0x000000070ed00000, 0x000000070ed00000|100%| O|  |TAMS 0x000000070ec00000, 0x000000070ec00000| Untracked 
| 203|0x000000070ed00000, 0x000000070ee00000, 0x000000070ee00000|100%| O|  |TAMS 0x000000070ed00000, 0x000000070ed00000| Untracked 
| 204|0x000000070ee00000, 0x000000070ef00000, 0x000000070ef00000|100%| O|  |TAMS 0x000000070ee00000, 0x000000070ee00000| Untracked 
| 205|0x000000070ef00000, 0x000000070f000000, 0x000000070f000000|100%| O|  |TAMS 0x000000070ef00000, 0x000000070ef00000| Untracked 
| 206|0x000000070f000000, 0x000000070f100000, 0x000000070f100000|100%| O|  |TAMS 0x000000070f000000, 0x000000070f000000| Untracked 
| 207|0x000000070f100000, 0x000000070f200000, 0x000000070f200000|100%| O|  |TAMS 0x000000070f100000, 0x000000070f100000| Untracked 
| 208|0x000000070f200000, 0x000000070f300000, 0x000000070f300000|100%| O|  |TAMS 0x000000070f200000, 0x000000070f200000| Untracked 
| 209|0x000000070f300000, 0x000000070f400000, 0x000000070f400000|100%| O|  |TAMS 0x000000070f300000, 0x000000070f300000| Untracked 
| 210|0x000000070f400000, 0x000000070f500000, 0x000000070f500000|100%| O|  |TAMS 0x000000070f400000, 0x000000070f400000| Untracked 
| 211|0x000000070f500000, 0x000000070f600000, 0x000000070f600000|100%| O|  |TAMS 0x000000070f500000, 0x000000070f500000| Untracked 
| 212|0x000000070f600000, 0x000000070f600000, 0x000000070f700000|  0%| F|  |TAMS 0x000000070f600000, 0x000000070f600000| Untracked 
| 213|0x000000070f700000, 0x000000070f700000, 0x000000070f800000|  0%| F|  |TAMS 0x000000070f700000, 0x000000070f700000| Untracked 
| 214|0x000000070f800000, 0x000000070f800000, 0x000000070f900000|  0%| F|  |TAMS 0x000000070f800000, 0x000000070f800000| Untracked 
| 215|0x000000070f900000, 0x000000070f900000, 0x000000070fa00000|  0%| F|  |TAMS 0x000000070f900000, 0x000000070f900000| Untracked 
| 216|0x000000070fa00000, 0x000000070fa00000, 0x000000070fb00000|  0%| F|  |TAMS 0x000000070fa00000, 0x000000070fa00000| Untracked 
| 217|0x000000070fb00000, 0x000000070fb00000, 0x000000070fc00000|  0%| F|  |TAMS 0x000000070fb00000, 0x000000070fb00000| Untracked 
| 218|0x000000070fc00000, 0x000000070fc00000, 0x000000070fd00000|  0%| F|  |TAMS 0x000000070fc00000, 0x000000070fc00000| Untracked 
| 219|0x000000070fd00000, 0x000000070fd00000, 0x000000070fe00000|  0%| F|  |TAMS 0x000000070fd00000, 0x000000070fd00000| Untracked 
| 220|0x000000070fe00000, 0x000000070fe00000, 0x000000070ff00000|  0%| F|  |TAMS 0x000000070fe00000, 0x000000070fe00000| Untracked 
| 221|0x000000070ff00000, 0x000000070ff00000, 0x0000000710000000|  0%| F|  |TAMS 0x000000070ff00000, 0x000000070ff00000| Untracked 
| 222|0x0000000710000000, 0x0000000710000000, 0x0000000710100000|  0%| F|  |TAMS 0x0000000710000000, 0x0000000710000000| Untracked 
| 223|0x0000000710100000, 0x0000000710100000, 0x0000000710200000|  0%| F|  |TAMS 0x0000000710100000, 0x0000000710100000| Untracked 
| 224|0x0000000710200000, 0x0000000710200000, 0x0000000710300000|  0%| F|  |TAMS 0x0000000710200000, 0x0000000710200000| Untracked 
| 225|0x0000000710300000, 0x0000000710300000, 0x0000000710400000|  0%| F|  |TAMS 0x0000000710300000, 0x0000000710300000| Untracked 
| 226|0x0000000710400000, 0x0000000710400000, 0x0000000710500000|  0%| F|  |TAMS 0x0000000710400000, 0x0000000710400000| Untracked 
| 227|0x0000000710500000, 0x0000000710500000, 0x0000000710600000|  0%| F|  |TAMS 0x0000000710500000, 0x0000000710500000| Untracked 
| 228|0x0000000710600000, 0x0000000710600000, 0x0000000710700000|  0%| F|  |TAMS 0x0000000710600000, 0x0000000710600000| Untracked 
| 229|0x0000000710700000, 0x0000000710700000, 0x0000000710800000|  0%| F|  |TAMS 0x0000000710700000, 0x0000000710700000| Untracked 
| 230|0x0000000710800000, 0x0000000710800000, 0x0000000710900000|  0%| F|  |TAMS 0x0000000710800000, 0x0000000710800000| Untracked 
| 231|0x0000000710900000, 0x0000000710900000, 0x0000000710a00000|  0%| F|  |TAMS 0x0000000710900000, 0x0000000710900000| Untracked 
| 232|0x0000000710a00000, 0x0000000710a00000, 0x0000000710b00000|  0%| F|  |TAMS 0x0000000710a00000, 0x0000000710a00000| Untracked 
| 233|0x0000000710b00000, 0x0000000710b00000, 0x0000000710c00000|  0%| F|  |TAMS 0x0000000710b00000, 0x0000000710b00000| Untracked 
| 234|0x0000000710c00000, 0x0000000710c00000, 0x0000000710d00000|  0%| F|  |TAMS 0x0000000710c00000, 0x0000000710c00000| Untracked 
| 235|0x0000000710d00000, 0x0000000710d00000, 0x0000000710e00000|  0%| F|  |TAMS 0x0000000710d00000, 0x0000000710d00000| Untracked 
| 236|0x0000000710e00000, 0x0000000710e00000, 0x0000000710f00000|  0%| F|  |TAMS 0x0000000710e00000, 0x0000000710e00000| Untracked 
| 237|0x0000000710f00000, 0x0000000710f00000, 0x0000000711000000|  0%| F|  |TAMS 0x0000000710f00000, 0x0000000710f00000| Untracked 
| 238|0x0000000711000000, 0x0000000711000000, 0x0000000711100000|  0%| F|  |TAMS 0x0000000711000000, 0x0000000711000000| Untracked 
| 239|0x0000000711100000, 0x0000000711100000, 0x0000000711200000|  0%| F|  |TAMS 0x0000000711100000, 0x0000000711100000| Untracked 
| 240|0x0000000711200000, 0x0000000711200000, 0x0000000711300000|  0%| F|  |TAMS 0x0000000711200000, 0x0000000711200000| Untracked 
| 241|0x0000000711300000, 0x0000000711300000, 0x0000000711400000|  0%| F|  |TAMS 0x0000000711300000, 0x0000000711300000| Untracked 
| 242|0x0000000711400000, 0x0000000711400000, 0x0000000711500000|  0%| F|  |TAMS 0x0000000711400000, 0x0000000711400000| Untracked 
| 243|0x0000000711500000, 0x0000000711500000, 0x0000000711600000|  0%| F|  |TAMS 0x0000000711500000, 0x0000000711500000| Untracked 
| 244|0x0000000711600000, 0x0000000711600000, 0x0000000711700000|  0%| F|  |TAMS 0x0000000711600000, 0x0000000711600000| Untracked 
| 245|0x0000000711700000, 0x0000000711700000, 0x0000000711800000|  0%| F|  |TAMS 0x0000000711700000, 0x0000000711700000| Untracked 
| 246|0x0000000711800000, 0x0000000711800000, 0x0000000711900000|  0%| F|  |TAMS 0x0000000711800000, 0x0000000711800000| Untracked 
| 247|0x0000000711900000, 0x0000000711900000, 0x0000000711a00000|  0%| F|  |TAMS 0x0000000711900000, 0x0000000711900000| Untracked 
| 248|0x0000000711a00000, 0x0000000711a00000, 0x0000000711b00000|  0%| F|  |TAMS 0x0000000711a00000, 0x0000000711a00000| Untracked 
| 249|0x0000000711b00000, 0x0000000711b00000, 0x0000000711c00000|  0%| F|  |TAMS 0x0000000711b00000, 0x0000000711b00000| Untracked 
| 250|0x0000000711c00000, 0x0000000711c00000, 0x0000000711d00000|  0%| F|  |TAMS 0x0000000711c00000, 0x0000000711c00000| Untracked 
| 251|0x0000000711d00000, 0x0000000711d00000, 0x0000000711e00000|  0%| F|  |TAMS 0x0000000711d00000, 0x0000000711d00000| Untracked 
| 252|0x0000000711e00000, 0x0000000711e00000, 0x0000000711f00000|  0%| F|  |TAMS 0x0000000711e00000, 0x0000000711e00000| Untracked 
| 253|0x0000000711f00000, 0x0000000711f00000, 0x0000000712000000|  0%| F|  |TAMS 0x0000000711f00000, 0x0000000711f00000| Untracked 
| 254|0x0000000712000000, 0x0000000712000000, 0x0000000712100000|  0%| F|  |TAMS 0x0000000712000000, 0x0000000712000000| Untracked 
| 255|0x0000000712100000, 0x0000000712100000, 0x0000000712200000|  0%| F|  |TAMS 0x0000000712100000, 0x0000000712100000| Untracked 
| 256|0x0000000712200000, 0x0000000712200000, 0x0000000712300000|  0%| F|  |TAMS 0x0000000712200000, 0x0000000712200000| Untracked 
| 257|0x0000000712300000, 0x0000000712300000, 0x0000000712400000|  0%| F|  |TAMS 0x0000000712300000, 0x0000000712300000| Untracked 
| 258|0x0000000712400000, 0x0000000712400000, 0x0000000712500000|  0%| F|  |TAMS 0x0000000712400000, 0x0000000712400000| Untracked 
| 259|0x0000000712500000, 0x0000000712500000, 0x0000000712600000|  0%| F|  |TAMS 0x0000000712500000, 0x0000000712500000| Untracked 
| 260|0x0000000712600000, 0x0000000712600000, 0x0000000712700000|  0%| F|  |TAMS 0x0000000712600000, 0x0000000712600000| Untracked 
| 261|0x0000000712700000, 0x0000000712700000, 0x0000000712800000|  0%| F|  |TAMS 0x0000000712700000, 0x0000000712700000| Untracked 
| 262|0x0000000712800000, 0x0000000712800000, 0x0000000712900000|  0%| F|  |TAMS 0x0000000712800000, 0x0000000712800000| Untracked 
| 263|0x0000000712900000, 0x0000000712900000, 0x0000000712a00000|  0%| F|  |TAMS 0x0000000712900000, 0x0000000712900000| Untracked 
| 264|0x0000000712a00000, 0x0000000712a00000, 0x0000000712b00000|  0%| F|  |TAMS 0x0000000712a00000, 0x0000000712a00000| Untracked 
| 265|0x0000000712b00000, 0x0000000712b00000, 0x0000000712c00000|  0%| F|  |TAMS 0x0000000712b00000, 0x0000000712b00000| Untracked 
| 266|0x0000000712c00000, 0x0000000712c00000, 0x0000000712d00000|  0%| F|  |TAMS 0x0000000712c00000, 0x0000000712c00000| Untracked 
| 267|0x0000000712d00000, 0x0000000712d00000, 0x0000000712e00000|  0%| F|  |TAMS 0x0000000712d00000, 0x0000000712d00000| Untracked 
| 268|0x0000000712e00000, 0x0000000712e00000, 0x0000000712f00000|  0%| F|  |TAMS 0x0000000712e00000, 0x0000000712e00000| Untracked 
| 269|0x0000000712f00000, 0x0000000712f00000, 0x0000000713000000|  0%| F|  |TAMS 0x0000000712f00000, 0x0000000712f00000| Untracked 
| 270|0x0000000713000000, 0x0000000713000000, 0x0000000713100000|  0%| F|  |TAMS 0x0000000713000000, 0x0000000713000000| Untracked 
| 271|0x0000000713100000, 0x0000000713100000, 0x0000000713200000|  0%| F|  |TAMS 0x0000000713100000, 0x0000000713100000| Untracked 
| 272|0x0000000713200000, 0x0000000713200000, 0x0000000713300000|  0%| F|  |TAMS 0x0000000713200000, 0x0000000713200000| Untracked 
| 273|0x0000000713300000, 0x0000000713300000, 0x0000000713400000|  0%| F|  |TAMS 0x0000000713300000, 0x0000000713300000| Untracked 
| 274|0x0000000713400000, 0x0000000713400000, 0x0000000713500000|  0%| F|  |TAMS 0x0000000713400000, 0x0000000713400000| Untracked 
| 275|0x0000000713500000, 0x0000000713500000, 0x0000000713600000|  0%| F|  |TAMS 0x0000000713500000, 0x0000000713500000| Untracked 
| 276|0x0000000713600000, 0x0000000713600000, 0x0000000713700000|  0%| F|  |TAMS 0x0000000713600000, 0x0000000713600000| Untracked 
| 277|0x0000000713700000, 0x0000000713700000, 0x0000000713800000|  0%| F|  |TAMS 0x0000000713700000, 0x0000000713700000| Untracked 
| 278|0x0000000713800000, 0x0000000713800000, 0x0000000713900000|  0%| F|  |TAMS 0x0000000713800000, 0x0000000713800000| Untracked 
| 279|0x0000000713900000, 0x0000000713900000, 0x0000000713a00000|  0%| F|  |TAMS 0x0000000713900000, 0x0000000713900000| Untracked 
| 280|0x0000000713a00000, 0x0000000713a00000, 0x0000000713b00000|  0%| F|  |TAMS 0x0000000713a00000, 0x0000000713a00000| Untracked 
| 281|0x0000000713b00000, 0x0000000713b00000, 0x0000000713c00000|  0%| F|  |TAMS 0x0000000713b00000, 0x0000000713b00000| Untracked 
| 282|0x0000000713c00000, 0x0000000713c00000, 0x0000000713d00000|  0%| F|  |TAMS 0x0000000713c00000, 0x0000000713c00000| Untracked 
| 283|0x0000000713d00000, 0x0000000713d00000, 0x0000000713e00000|  0%| F|  |TAMS 0x0000000713d00000, 0x0000000713d00000| Untracked 
| 284|0x0000000713e00000, 0x0000000713e00000, 0x0000000713f00000|  0%| F|  |TAMS 0x0000000713e00000, 0x0000000713e00000| Untracked 
| 285|0x0000000713f00000, 0x0000000713f00000, 0x0000000714000000|  0%| F|  |TAMS 0x0000000713f00000, 0x0000000713f00000| Untracked 
| 286|0x0000000714000000, 0x0000000714000000, 0x0000000714100000|  0%| F|  |TAMS 0x0000000714000000, 0x0000000714000000| Untracked 
| 287|0x0000000714100000, 0x0000000714100000, 0x0000000714200000|  0%| F|  |TAMS 0x0000000714100000, 0x0000000714100000| Untracked 
| 288|0x0000000714200000, 0x0000000714200000, 0x0000000714300000|  0%| F|  |TAMS 0x0000000714200000, 0x0000000714200000| Untracked 
| 289|0x0000000714300000, 0x0000000714300000, 0x0000000714400000|  0%| F|  |TAMS 0x0000000714300000, 0x0000000714300000| Untracked 
| 290|0x0000000714400000, 0x0000000714400000, 0x0000000714500000|  0%| F|  |TAMS 0x0000000714400000, 0x0000000714400000| Untracked 
| 291|0x0000000714500000, 0x0000000714500000, 0x0000000714600000|  0%| F|  |TAMS 0x0000000714500000, 0x0000000714500000| Untracked 
| 292|0x0000000714600000, 0x0000000714600000, 0x0000000714700000|  0%| F|  |TAMS 0x0000000714600000, 0x0000000714600000| Untracked 
| 293|0x0000000714700000, 0x0000000714700000, 0x0000000714800000|  0%| F|  |TAMS 0x0000000714700000, 0x0000000714700000| Untracked 
| 294|0x0000000714800000, 0x0000000714800000, 0x0000000714900000|  0%| F|  |TAMS 0x0000000714800000, 0x0000000714800000| Untracked 
| 295|0x0000000714900000, 0x0000000714900000, 0x0000000714a00000|  0%| F|  |TAMS 0x0000000714900000, 0x0000000714900000| Untracked 
| 296|0x0000000714a00000, 0x0000000714a00000, 0x0000000714b00000|  0%| F|  |TAMS 0x0000000714a00000, 0x0000000714a00000| Untracked 
| 297|0x0000000714b00000, 0x0000000714b00000, 0x0000000714c00000|  0%| F|  |TAMS 0x0000000714b00000, 0x0000000714b00000| Untracked 
| 298|0x0000000714c00000, 0x0000000714d00000, 0x0000000714d00000|100%| E|  |TAMS 0x0000000714c00000, 0x0000000714c00000| Complete 
| 299|0x0000000714d00000, 0x0000000714e00000, 0x0000000714e00000|100%| E|CS|TAMS 0x0000000714d00000, 0x0000000714d00000| Complete 
| 300|0x0000000714e00000, 0x0000000714f00000, 0x0000000714f00000|100%| E|CS|TAMS 0x0000000714e00000, 0x0000000714e00000| Complete 
| 301|0x0000000714f00000, 0x0000000715000000, 0x0000000715000000|100%| E|CS|TAMS 0x0000000714f00000, 0x0000000714f00000| Complete 
| 302|0x0000000715000000, 0x0000000715100000, 0x0000000715100000|100%| E|CS|TAMS 0x0000000715000000, 0x0000000715000000| Complete 
| 303|0x0000000715100000, 0x0000000715200000, 0x0000000715200000|100%| E|CS|TAMS 0x0000000715100000, 0x0000000715100000| Complete 
| 304|0x0000000715200000, 0x0000000715300000, 0x0000000715300000|100%| E|CS|TAMS 0x0000000715200000, 0x0000000715200000| Complete 
| 305|0x0000000715300000, 0x0000000715400000, 0x0000000715400000|100%| E|CS|TAMS 0x0000000715300000, 0x0000000715300000| Complete 
| 306|0x0000000715400000, 0x0000000715500000, 0x0000000715500000|100%| E|CS|TAMS 0x0000000715400000, 0x0000000715400000| Complete 
| 307|0x0000000715500000, 0x0000000715600000, 0x0000000715600000|100%| E|CS|TAMS 0x0000000715500000, 0x0000000715500000| Complete 
| 308|0x0000000715600000, 0x0000000715700000, 0x0000000715700000|100%| E|CS|TAMS 0x0000000715600000, 0x0000000715600000| Complete 
| 309|0x0000000715700000, 0x0000000715800000, 0x0000000715800000|100%| E|CS|TAMS 0x0000000715700000, 0x0000000715700000| Complete 
| 310|0x0000000715800000, 0x0000000715900000, 0x0000000715900000|100%| E|CS|TAMS 0x0000000715800000, 0x0000000715800000| Complete 
| 311|0x0000000715900000, 0x0000000715a00000, 0x0000000715a00000|100%| E|CS|TAMS 0x0000000715900000, 0x0000000715900000| Complete 
| 312|0x0000000715a00000, 0x0000000715b00000, 0x0000000715b00000|100%| E|CS|TAMS 0x0000000715a00000, 0x0000000715a00000| Complete 
| 313|0x0000000715b00000, 0x0000000715c00000, 0x0000000715c00000|100%| E|CS|TAMS 0x0000000715b00000, 0x0000000715b00000| Complete 
| 314|0x0000000715c00000, 0x0000000715d00000, 0x0000000715d00000|100%| E|CS|TAMS 0x0000000715c00000, 0x0000000715c00000| Complete 
| 315|0x0000000715d00000, 0x0000000715e00000, 0x0000000715e00000|100%| E|CS|TAMS 0x0000000715d00000, 0x0000000715d00000| Complete 
| 316|0x0000000715e00000, 0x0000000715f00000, 0x0000000715f00000|100%| E|CS|TAMS 0x0000000715e00000, 0x0000000715e00000| Complete 
| 317|0x0000000715f00000, 0x0000000716000000, 0x0000000716000000|100%| E|CS|TAMS 0x0000000715f00000, 0x0000000715f00000| Complete 
| 318|0x0000000716000000, 0x0000000716100000, 0x0000000716100000|100%| E|CS|TAMS 0x0000000716000000, 0x0000000716000000| Complete 
| 319|0x0000000716100000, 0x0000000716200000, 0x0000000716200000|100%| E|CS|TAMS 0x0000000716100000, 0x0000000716100000| Complete 
| 320|0x0000000716200000, 0x0000000716300000, 0x0000000716300000|100%| E|CS|TAMS 0x0000000716200000, 0x0000000716200000| Complete 
| 321|0x0000000716300000, 0x0000000716400000, 0x0000000716400000|100%| E|CS|TAMS 0x0000000716300000, 0x0000000716300000| Complete 
| 322|0x0000000716400000, 0x0000000716500000, 0x0000000716500000|100%| E|CS|TAMS 0x0000000716400000, 0x0000000716400000| Complete 
| 323|0x0000000716500000, 0x0000000716600000, 0x0000000716600000|100%| E|CS|TAMS 0x0000000716500000, 0x0000000716500000| Complete 
| 324|0x0000000716600000, 0x0000000716700000, 0x0000000716700000|100%| E|CS|TAMS 0x0000000716600000, 0x0000000716600000| Complete 
| 325|0x0000000716700000, 0x0000000716800000, 0x0000000716800000|100%| E|CS|TAMS 0x0000000716700000, 0x0000000716700000| Complete 
| 326|0x0000000716800000, 0x0000000716900000, 0x0000000716900000|100%| E|CS|TAMS 0x0000000716800000, 0x0000000716800000| Complete 
| 327|0x0000000716900000, 0x0000000716a00000, 0x0000000716a00000|100%| E|CS|TAMS 0x0000000716900000, 0x0000000716900000| Complete 
| 328|0x0000000716a00000, 0x0000000716b00000, 0x0000000716b00000|100%| E|CS|TAMS 0x0000000716a00000, 0x0000000716a00000| Complete 
| 329|0x0000000716b00000, 0x0000000716c00000, 0x0000000716c00000|100%| E|CS|TAMS 0x0000000716b00000, 0x0000000716b00000| Complete 
| 330|0x0000000716c00000, 0x0000000716d00000, 0x0000000716d00000|100%| E|CS|TAMS 0x0000000716c00000, 0x0000000716c00000| Complete 
| 331|0x0000000716d00000, 0x0000000716e00000, 0x0000000716e00000|100%| E|CS|TAMS 0x0000000716d00000, 0x0000000716d00000| Complete 
| 332|0x0000000716e00000, 0x0000000716f00000, 0x0000000716f00000|100%| E|CS|TAMS 0x0000000716e00000, 0x0000000716e00000| Complete 
| 333|0x0000000716f00000, 0x0000000717000000, 0x0000000717000000|100%| E|CS|TAMS 0x0000000716f00000, 0x0000000716f00000| Complete 
| 334|0x0000000717000000, 0x0000000717100000, 0x0000000717100000|100%| E|CS|TAMS 0x0000000717000000, 0x0000000717000000| Complete 
| 335|0x0000000717100000, 0x0000000717200000, 0x0000000717200000|100%| E|CS|TAMS 0x0000000717100000, 0x0000000717100000| Complete 
| 336|0x0000000717200000, 0x0000000717300000, 0x0000000717300000|100%| E|CS|TAMS 0x0000000717200000, 0x0000000717200000| Complete 
| 337|0x0000000717300000, 0x0000000717400000, 0x0000000717400000|100%| O|  |TAMS 0x0000000717300000, 0x0000000717300000| Untracked 
| 338|0x0000000717400000, 0x0000000717500000, 0x0000000717500000|100%| O|  |TAMS 0x0000000717400000, 0x0000000717400000| Untracked 
| 339|0x0000000717500000, 0x0000000717600000, 0x0000000717600000|100%| O|  |TAMS 0x0000000717500000, 0x0000000717500000| Untracked 
| 340|0x0000000717600000, 0x0000000717700000, 0x0000000717700000|100%| O|  |TAMS 0x0000000717600000, 0x0000000717600000| Untracked 
| 341|0x0000000717700000, 0x0000000717800000, 0x0000000717800000|100%| O|  |TAMS 0x0000000717700000, 0x0000000717700000| Untracked 
| 342|0x0000000717800000, 0x0000000717900000, 0x0000000717900000|100%| O|  |TAMS 0x0000000717800000, 0x0000000717800000| Untracked 
| 343|0x0000000717900000, 0x0000000717a00000, 0x0000000717a00000|100%| O|  |TAMS 0x0000000717900000, 0x0000000717900000| Untracked 
| 344|0x0000000717a00000, 0x0000000717b00000, 0x0000000717b00000|100%| O|  |TAMS 0x0000000717a00000, 0x0000000717a00000| Untracked 
| 345|0x0000000717b00000, 0x0000000717c00000, 0x0000000717c00000|100%| O|  |TAMS 0x0000000717b00000, 0x0000000717b00000| Untracked 
| 346|0x0000000717c00000, 0x0000000717d00000, 0x0000000717d00000|100%| O|  |TAMS 0x0000000717c00000, 0x0000000717c00000| Untracked 
| 347|0x0000000717d00000, 0x0000000717e00000, 0x0000000717e00000|100%| O|  |TAMS 0x0000000717d00000, 0x0000000717d00000| Untracked 
| 348|0x0000000717e00000, 0x0000000717f00000, 0x0000000717f00000|100%| O|  |TAMS 0x0000000717e00000, 0x0000000717e00000| Untracked 
| 349|0x0000000717f00000, 0x0000000718000000, 0x0000000718000000|100%| O|  |TAMS 0x0000000717f00000, 0x0000000717f00000| Untracked 
| 350|0x0000000718000000, 0x0000000718100000, 0x0000000718100000|100%| O|  |TAMS 0x0000000718000000, 0x0000000718000000| Untracked 
| 351|0x0000000718100000, 0x0000000718200000, 0x0000000718200000|100%| O|  |TAMS 0x0000000718100000, 0x0000000718100000| Untracked 
| 352|0x0000000718200000, 0x0000000718300000, 0x0000000718300000|100%| O|  |TAMS 0x0000000718200000, 0x0000000718200000| Untracked 
| 353|0x0000000718300000, 0x0000000718400000, 0x0000000718400000|100%| O|  |TAMS 0x0000000718300000, 0x0000000718300000| Untracked 
| 354|0x0000000718400000, 0x0000000718500000, 0x0000000718500000|100%| O|  |TAMS 0x0000000718400000, 0x0000000718400000| Untracked 
| 355|0x0000000718500000, 0x0000000718600000, 0x0000000718600000|100%| O|  |TAMS 0x0000000718500000, 0x0000000718500000| Untracked 
| 356|0x0000000718600000, 0x0000000718700000, 0x0000000718700000|100%| O|  |TAMS 0x0000000718600000, 0x0000000718600000| Untracked 
| 357|0x0000000718700000, 0x0000000718800000, 0x0000000718800000|100%| O|  |TAMS 0x0000000718700000, 0x0000000718700000| Untracked 
| 358|0x0000000718800000, 0x0000000718900000, 0x0000000718900000|100%| O|  |TAMS 0x0000000718800000, 0x0000000718800000| Untracked 
| 359|0x0000000718900000, 0x0000000718a00000, 0x0000000718a00000|100%| O|  |TAMS 0x0000000718900000, 0x0000000718900000| Untracked 
| 360|0x0000000718a00000, 0x0000000718b00000, 0x0000000718b00000|100%| O|  |TAMS 0x0000000718a00000, 0x0000000718a00000| Untracked 
| 361|0x0000000718b00000, 0x0000000718c00000, 0x0000000718c00000|100%| O|  |TAMS 0x0000000718b00000, 0x0000000718b00000| Untracked 
| 362|0x0000000718c00000, 0x0000000718cd9000, 0x0000000718d00000| 84%| O|  |TAMS 0x0000000718c00000, 0x0000000718c00000| Untracked 

Card table byte_map: [0x00000253cef40000,0x00000253cf730000] _byte_map_base: 0x00000253cb72f000

Marking Bits (Prev, Next): (CMBitMap*) 0x00000253b4ca3978, (CMBitMap*) 0x00000253b4ca39b8
 Prev Bits: [0x00000253cff20000, 0x00000253d3e98000)
 Next Bits: [0x00000253d3ea0000, 0x00000253d7e18000)

Polling page: 0x00000253b4a90000

Metaspace:

Usage:
  Non-class:      9.68 MB capacity,     7.24 MB ( 75%) used,     2.43 MB ( 25%) free+waste,     9.56 KB ( <1%) overhead. 
      Class:    687.00 KB capacity,   372.13 KB ( 54%) used,   311.69 KB ( 45%) free+waste,     3.19 KB ( <1%) overhead. 
       Both:     10.35 MB capacity,     7.60 MB ( 73%) used,     2.73 MB ( 26%) free+waste,    12.75 KB ( <1%) overhead. 

Virtual space:
  Non-class space:       10.00 MB reserved,       9.75 MB ( 98%) committed 
      Class space:        1.00 GB reserved,     768.00 KB ( <1%) committed 
             Both:        1.01 GB reserved,      10.50 MB (  1%) committed 

Chunk freelists:
   Non-Class:  76.00 KB
       Class:  17.00 KB
        Both:  93.00 KB

MaxMetaspaceSize: 17179869184.00 GB
CompressedClassSpaceSize: 1.00 GB

CodeHeap 'non-profiled nmethods': size=120000Kb used=800Kb max_used=810Kb free=119199Kb
 bounds [0x00000253c6680000, 0x00000253c68f0000, 0x00000253cdbb0000]
CodeHeap 'profiled nmethods': size=120000Kb used=2845Kb max_used=3154Kb free=117154Kb
 bounds [0x00000253bf150000, 0x00000253bf470000, 0x00000253c6680000]
CodeHeap 'non-nmethods': size=5760Kb used=1621Kb max_used=1667Kb free=4139Kb
 bounds [0x00000253bebb0000, 0x00000253bee20000, 0x00000253bf150000]
 total_blobs=3430 nmethods=1400 adapters=923
 compilation: enabled
              stopped_count=0, restarted_count=0
 full_count=0

Compilation events (20 events):
Event: 234.296 Thread 0x00000253db267800 nmethod 1503 0x00000253bf414d90 code [0x00000253bf415060, 0x00000253bf4161e0]
Event: 234.297 Thread 0x00000253db265000 1504   !   4       jdk.internal.ref.Cleaner::clean (35 bytes)
Event: 234.306 Thread 0x00000253db265000 nmethod 1504 0x00000253c6748210 code [0x00000253c67483e0, 0x00000253c6748ca8]
Event: 236.934 Thread 0x00000253db265000 1505 % !   4       java.lang.ref.Reference::processPendingReferences @ 27 (132 bytes)
Event: 236.941 Thread 0x00000253db265000 nmethod 1505% 0x00000253c6748e90 code [0x00000253c6749080, 0x00000253c6749850]
Event: 236.942 Thread 0x00000253db265000 1506   !   4       java.lang.ref.Reference::processPendingReferences (132 bytes)
Event: 236.949 Thread 0x00000253db265000 nmethod 1506 0x00000253c6749a90 code [0x00000253c6749cc0, 0x00000253c674a710]
Event: 257.094 Thread 0x00000253db267800 1507 % !   3       gameEngine.Start::main @ 2587 (3572 bytes)
Event: 257.127 Thread 0x00000253db267800 nmethod 1507% 0x00000253bf416690 code [0x00000253bf418d80, 0x00000253bf433bd0]
Event: 261.475 Thread 0x00000253db267800 1508   !   3       gameEngine.Start::main (3572 bytes)
Event: 261.501 Thread 0x00000253db267800 nmethod 1508 0x00000253bf43d590 code [0x00000253bf43fc60, 0x00000253bf45a8f0]
Event: 261.541 Thread 0x00000253db267800 1509       3       java.lang.AbstractStringBuilder::append (55 bytes)
Event: 261.541 Thread 0x00000253db267800 nmethod 1509 0x00000253bf464110 code [0x00000253bf464300, 0x00000253bf4646c0]
Event: 269.943 Thread 0x00000253db265000 1510       4       java.lang.AbstractStringBuilder::append (55 bytes)
Event: 269.960 Thread 0x00000253db265000 nmethod 1510 0x00000253c6717410 code [0x00000253c67175c0, 0x00000253c6717fa8]
Event: 270.263 Thread 0x00000253db265000 1512       4       jdk.internal.math.FloatingDecimal$BinaryToASCIIBuffer::appendTo (72 bytes)
Event: 270.264 Thread 0x00000253db265000 nmethod 1512 0x00000253c6685c90 code [0x00000253c6685e40, 0x00000253c6685f58]
Event: 270.264 Thread 0x00000253db265000 1511       4       jdk.internal.math.FloatingDecimal::getBinaryToASCIIConverter (163 bytes)
Event: 270.267 Thread 0x00000253db265000 nmethod 1511 0x00000253c66b4690 code [0x00000253c66b4860, 0x00000253c66b4b28]
Event: 279.169 Thread 0x00000253db265000 1513       4       guis.UIBoxState::setActiveElementBySameOffset (106 bytes)

GC Heap History (20 events):
Event: 214.601 GC heap before
{Heap before GC invocations=38 (full 0):
 garbage-first heap   total 271360K, used 211456K [0x0000000702200000, 0x0000000800000000)
  region size 1024K, 26 young (26624K), 4 survivors (4096K)
 Metaspace       used 7742K, capacity 10531K, committed 10752K, reserved 1058816K
  class space    used 372K, capacity 687K, committed 768K, reserved 1048576K
}
Event: 214.630 GC heap after
{Heap after GC invocations=39 (full 0):
 garbage-first heap   total 271360K, used 198492K [0x0000000702200000, 0x0000000800000000)
  region size 1024K, 4 young (4096K), 4 survivors (4096K)
 Metaspace       used 7742K, capacity 10531K, committed 10752K, reserved 1058816K
  class space    used 372K, capacity 687K, committed 768K, reserved 1048576K
}
Event: 218.049 GC heap before
{Heap before GC invocations=39 (full 0):
 garbage-first heap   total 271360K, used 216924K [0x0000000702200000, 0x0000000800000000)
  region size 1024K, 22 young (22528K), 4 survivors (4096K)
 Metaspace       used 7742K, capacity 10531K, committed 10752K, reserved 1058816K
  class space    used 372K, capacity 687K, committed 768K, reserved 1048576K
}
Event: 218.073 GC heap after
{Heap after GC invocations=40 (full 0):
 garbage-first heap   total 271360K, used 205747K [0x0000000702200000, 0x0000000800000000)
  region size 1024K, 3 young (3072K), 3 survivors (3072K)
 Metaspace       used 7742K, capacity 10531K, committed 10752K, reserved 1058816K
  class space    used 372K, capacity 687K, committed 768K, reserved 1048576K
}
Event: 220.931 GC heap before
{Heap before GC invocations=40 (full 0):
 garbage-first heap   total 271360K, used 221107K [0x0000000702200000, 0x0000000800000000)
  region size 1024K, 18 young (18432K), 3 survivors (3072K)
 Metaspace       used 7742K, capacity 10531K, committed 10752K, reserved 1058816K
  class space    used 372K, capacity 687K, committed 768K, reserved 1048576K
}
Event: 220.951 GC heap after
{Heap after GC invocations=41 (full 0):
 garbage-first heap   total 271360K, used 211968K [0x0000000702200000, 0x0000000800000000)
  region size 1024K, 3 young (3072K), 3 survivors (3072K)
 Metaspace       used 7742K, capacity 10531K, committed 10752K, reserved 1058816K
  class space    used 372K, capacity 687K, committed 768K, reserved 1048576K
}
Event: 223.582 GC heap before
{Heap before GC invocations=42 (full 0):
 garbage-first heap   total 345088K, used 218112K [0x0000000702200000, 0x0000000800000000)
  region size 1024K, 16 young (16384K), 3 survivors (3072K)
 Metaspace       used 7742K, capacity 10531K, committed 10752K, reserved 1058816K
  class space    used 372K, capacity 687K, committed 768K, reserved 1048576K
}
Event: 223.602 GC heap after
{Heap after GC invocations=43 (full 0):
 garbage-first heap   total 345088K, used 210066K [0x0000000702200000, 0x0000000800000000)
  region size 1024K, 2 young (2048K), 2 survivors (2048K)
 Metaspace       used 7742K, capacity 10531K, committed 10752K, reserved 1058816K
  class space    used 372K, capacity 687K, committed 768K, reserved 1048576K
}
Event: 226.259 GC heap before
{Heap before GC invocations=43 (full 0):
 garbage-first heap   total 345088K, used 224402K [0x0000000702200000, 0x0000000800000000)
  region size 1024K, 16 young (16384K), 2 survivors (2048K)
 Metaspace       used 7742K, capacity 10531K, committed 10752K, reserved 1058816K
  class space    used 372K, capacity 687K, committed 768K, reserved 1048576K
}
Event: 226.280 GC heap after
{Heap after GC invocations=44 (full 0):
 garbage-first heap   total 345088K, used 183721K [0x0000000702200000, 0x0000000800000000)
  region size 1024K, 2 young (2048K), 2 survivors (2048K)
 Metaspace       used 7742K, capacity 10531K, committed 10752K, reserved 1058816K
  class space    used 372K, capacity 687K, committed 768K, reserved 1048576K
}
Event: 228.935 GC heap before
{Heap before GC invocations=44 (full 0):
 garbage-first heap   total 345088K, used 198057K [0x0000000702200000, 0x0000000800000000)
  region size 1024K, 16 young (16384K), 2 survivors (2048K)
 Metaspace       used 7742K, capacity 10531K, committed 10752K, reserved 1058816K
  class space    used 372K, capacity 687K, committed 768K, reserved 1048576K
}
Event: 228.956 GC heap after
{Heap after GC invocations=45 (full 0):
 garbage-first heap   total 345088K, used 156859K [0x0000000702200000, 0x0000000800000000)
  region size 1024K, 2 young (2048K), 2 survivors (2048K)
 Metaspace       used 7742K, capacity 10531K, committed 10752K, reserved 1058816K
  class space    used 372K, capacity 687K, committed 768K, reserved 1048576K
}
Event: 231.597 GC heap before
{Heap before GC invocations=45 (full 0):
 garbage-first heap   total 345088K, used 171195K [0x0000000702200000, 0x0000000800000000)
  region size 1024K, 16 young (16384K), 2 survivors (2048K)
 Metaspace       used 7742K, capacity 10531K, committed 10752K, reserved 1058816K
  class space    used 372K, capacity 687K, committed 768K, reserved 1048576K
}
Event: 231.620 GC heap after
{Heap after GC invocations=46 (full 0):
 garbage-first heap   total 345088K, used 130231K [0x0000000702200000, 0x0000000800000000)
  region size 1024K, 2 young (2048K), 2 survivors (2048K)
 Metaspace       used 7742K, capacity 10531K, committed 10752K, reserved 1058816K
  class space    used 372K, capacity 687K, committed 768K, reserved 1048576K
}
Event: 234.264 GC heap before
{Heap before GC invocations=46 (full 0):
 garbage-first heap   total 345088K, used 144567K [0x0000000702200000, 0x0000000800000000)
  region size 1024K, 16 young (16384K), 2 survivors (2048K)
 Metaspace       used 7742K, capacity 10531K, committed 10752K, reserved 1058816K
  class space    used 372K, capacity 687K, committed 768K, reserved 1048576K
}
Event: 234.287 GC heap after
{Heap after GC invocations=47 (full 0):
 garbage-first heap   total 345088K, used 104635K [0x0000000702200000, 0x0000000800000000)
  region size 1024K, 2 young (2048K), 2 survivors (2048K)
 Metaspace       used 7742K, capacity 10531K, committed 10752K, reserved 1058816K
  class space    used 372K, capacity 687K, committed 768K, reserved 1048576K
}
Event: 236.911 GC heap before
{Heap before GC invocations=47 (full 0):
 garbage-first heap   total 345088K, used 118971K [0x0000000702200000, 0x0000000800000000)
  region size 1024K, 16 young (16384K), 2 survivors (2048K)
 Metaspace       used 7742K, capacity 10531K, committed 10752K, reserved 1058816K
  class space    used 372K, capacity 687K, committed 768K, reserved 1048576K
}
Event: 236.928 GC heap after
{Heap after GC invocations=48 (full 0):
 garbage-first heap   total 345088K, used 77413K [0x0000000702200000, 0x0000000800000000)
  region size 1024K, 2 young (2048K), 2 survivors (2048K)
 Metaspace       used 7742K, capacity 10531K, committed 10752K, reserved 1058816K
  class space    used 372K, capacity 687K, committed 768K, reserved 1048576K
}
Event: 271.496 GC heap before
{Heap before GC invocations=48 (full 0):
 garbage-first heap   total 345088K, used 260709K [0x0000000702200000, 0x0000000800000000)
  region size 1024K, 181 young (185344K), 2 survivors (2048K)
 Metaspace       used 7786K, capacity 10595K, committed 10752K, reserved 1058816K
  class space    used 372K, capacity 687K, committed 768K, reserved 1048576K
}
Event: 271.739 GC heap after
{Heap after GC invocations=49 (full 0):
 garbage-first heap   total 371712K, used 186212K [0x0000000702200000, 0x0000000800000000)
  region size 1024K, 23 young (23552K), 23 survivors (23552K)
 Metaspace       used 7786K, capacity 10595K, committed 10752K, reserved 1058816K
  class space    used 372K, capacity 687K, committed 768K, reserved 1048576K
}

Deoptimization events (20 events):
Event: 234.295 Thread 0x00000253da9bd800 Uncommon trap: trap_request=0xffffff45 fr.pc=0x00000253c6716550 relative=0x0000000000000690
Event: 234.295 Thread 0x00000253da9bd800 Uncommon trap: reason=unstable_if action=reinterpret pc=0x00000253c6716550 method=jdk.internal.ref.Cleaner.remove(Ljdk/internal/ref/Cleaner;)Z @ 14 c2
Event: 234.295 Thread 0x00000253da9bd800 DEOPT PACKING pc=0x00000253c6716550 sp=0x0000006c929ff340
Event: 234.295 Thread 0x00000253da9bd800 DEOPT UNPACKING pc=0x00000253bebf912f sp=0x0000006c929ff290 mode 2
Event: 234.297 Thread 0x00000253da9bd800 DEOPT PACKING pc=0x00000253bf413bb2 sp=0x0000006c929ff370
Event: 234.297 Thread 0x00000253da9bd800 DEOPT UNPACKING pc=0x00000253bebf964e sp=0x0000006c929fe880 mode 0
Event: 234.299 Thread 0x00000253da9bd800 DEOPT PACKING pc=0x00000253bf413bb2 sp=0x0000006c929ff370
Event: 234.299 Thread 0x00000253da9bd800 DEOPT UNPACKING pc=0x00000253bebf964e sp=0x0000006c929fe880 mode 0
Event: 236.932 Thread 0x00000253da9bd800 DEOPT PACKING pc=0x00000253bf415ff2 sp=0x0000006c929ff370
Event: 236.932 Thread 0x00000253da9bd800 DEOPT UNPACKING pc=0x00000253bebf964e sp=0x0000006c929fe880 mode 0
Event: 236.934 Thread 0x00000253da9bd800 DEOPT PACKING pc=0x00000253bf413bb2 sp=0x0000006c929ff370
Event: 236.934 Thread 0x00000253da9bd800 DEOPT UNPACKING pc=0x00000253bebf964e sp=0x0000006c929fe880 mode 0
Event: 236.937 Thread 0x00000253da9bd800 DEOPT PACKING pc=0x00000253bf413bb2 sp=0x0000006c929ff370
Event: 236.937 Thread 0x00000253da9bd800 DEOPT UNPACKING pc=0x00000253bebf964e sp=0x0000006c929fe880 mode 0
Event: 236.939 Thread 0x00000253da9bd800 DEOPT PACKING pc=0x00000253bf413bb2 sp=0x0000006c929ff370
Event: 236.939 Thread 0x00000253da9bd800 DEOPT UNPACKING pc=0x00000253bebf964e sp=0x0000006c929fe880 mode 0
Event: 236.942 Thread 0x00000253da9bd800 DEOPT PACKING pc=0x00000253bf413bb2 sp=0x0000006c929ff370
Event: 236.942 Thread 0x00000253da9bd800 DEOPT UNPACKING pc=0x00000253bebf964e sp=0x0000006c929fe880 mode 0
Event: 271.742 Thread 0x00000253da9bd800 DEOPT PACKING pc=0x00000253bf415ff2 sp=0x0000006c929ff370
Event: 271.742 Thread 0x00000253da9bd800 DEOPT UNPACKING pc=0x00000253bebf964e sp=0x0000006c929fe880 mode 0

Classes unloaded (0 events):
No events

Classes redefined (0 events):
No events

Internal exceptions (5 events):
Event: 0.292 Thread 0x00000253b4c37800 Exception <a 'java/lang/NoSuchMethodError'{0x00000007116a1ec0}: 'void java.lang.invoke.DelegatingMethodHandle$Holder.delegate(java.lang.Object, java.lang.Object, int, java.lang.Object)'> (0x00000007116a1ec0) 
thrown [c:/cygwin64/tmp/openjdk-jdk13u-windows-x64-hotspot/workspace/build/src/src/hotspot/share/interpreter/linkResolver.cpp, line 767]
Event: 0.293 Thread 0x00000253b4c37800 Exception <a 'java/lang/NoSuchMethodError'{0x00000007116a8c18}: 'java.lang.Object java.lang.invoke.DirectMethodHandle$Holder.invokeStaticInit(java.lang.Object, java.lang.Object, java.lang.Object)'> (0x00000007116a8c18) 
thrown [c:/cygwin64/tmp/openjdk-jdk13u-windows-x64-hotspot/workspace/build/src/src/hotspot/share/interpreter/linkResolver.cpp, line 767]
Event: 1.525 Thread 0x00000253b4c37800 Exception <a 'sun/nio/fs/WindowsException'{0x0000000710f64150}> (0x0000000710f64150) 
thrown [c:/cygwin64/tmp/openjdk-jdk13u-windows-x64-hotspot/workspace/build/src/src/hotspot/share/prims/jni.cpp, line 598]
Event: 1.525 Thread 0x00000253b4c37800 Exception <a 'sun/nio/fs/WindowsException'{0x0000000710f64630}> (0x0000000710f64630) 
thrown [c:/cygwin64/tmp/openjdk-jdk13u-windows-x64-hotspot/workspace/build/src/src/hotspot/share/prims/jni.cpp, line 598]
Event: 24.375 Thread 0x00000253da9bd800 Implicit null exception at 0x00000253c6717822 to 0x00000253c67182e2

Events (20 events):
Event: 269.960 Thread 0x00000253db282000 flushing nmethod 0x00000253bf20c290
Event: 269.960 Thread 0x00000253db282000 flushing nmethod 0x00000253bf20ce10
Event: 269.961 Thread 0x00000253db282000 flushing nmethod 0x00000253bf220e90
Event: 269.961 Thread 0x00000253db282000 flushing nmethod 0x00000253bf221b10
Event: 269.961 Thread 0x00000253db282000 flushing nmethod 0x00000253bf226a10
Event: 269.961 Thread 0x00000253db282000 flushing nmethod 0x00000253bf239410
Event: 269.961 Thread 0x00000253db282000 flushing nmethod 0x00000253bf23be90
Event: 269.961 Thread 0x00000253db282000 flushing nmethod 0x00000253bf23cb10
Event: 269.961 Thread 0x00000253db282000 flushing nmethod 0x00000253bf242e10
Event: 269.961 Thread 0x00000253db282000 flushing nmethod 0x00000253bf245c10
Event: 269.961 Thread 0x00000253db282000 flushing nmethod 0x00000253bf252890
Event: 269.961 Thread 0x00000253db282000 flushing nmethod 0x00000253bf253490
Event: 269.961 Thread 0x00000253db282000 flushing nmethod 0x00000253bf283810
Event: 269.961 Thread 0x00000253db282000 flushing nmethod 0x00000253bf288f90
Event: 269.961 Thread 0x00000253db282000 flushing nmethod 0x00000253bf297810
Event: 269.961 Thread 0x00000253db282000 flushing nmethod 0x00000253bf301490
Event: 269.961 Thread 0x00000253db282000 flushing nmethod 0x00000253bf302a10
Event: 269.961 Thread 0x00000253db282000 flushing nmethod 0x00000253bf3fd990
Event: 271.496 Executing VM operation: G1CollectForAllocation
Event: 271.739 Executing VM operation: G1CollectForAllocation done


Dynamic libraries:
0x00007ff756590000 - 0x00007ff75659d000 	C:\Program Files\AdoptOpenJDK\jdk-13.0.1.9-hotspot\bin\javaw.exe
0x00007ffadcc60000 - 0x00007ffadce50000 	C:\WINDOWS\SYSTEM32\ntdll.dll
0x00007ffadc0f0000 - 0x00007ffadc1a2000 	C:\WINDOWS\System32\KERNEL32.DLL
0x00007ffada8e0000 - 0x00007ffadab83000 	C:\WINDOWS\System32\KERNELBASE.dll
0x00007ffadab90000 - 0x00007ffadac8a000 	C:\WINDOWS\System32\ucrtbase.dll
0x00007ffad6150000 - 0x00007ffad6168000 	C:\Program Files\AdoptOpenJDK\jdk-13.0.1.9-hotspot\bin\jli.dll
0x00007ffad6050000 - 0x00007ffad6066000 	C:\Program Files\AdoptOpenJDK\jdk-13.0.1.9-hotspot\bin\VCRUNTIME140.dll
0x00007ffadad10000 - 0x00007ffadaea4000 	C:\WINDOWS\System32\USER32.dll
0x00007ffada590000 - 0x00007ffada5b1000 	C:\WINDOWS\System32\win32u.dll
0x00007ffadba80000 - 0x00007ffadbaa6000 	C:\WINDOWS\System32\GDI32.dll
0x00007ffada3f0000 - 0x00007ffada584000 	C:\WINDOWS\System32\gdi32full.dll
0x00007ffada5c0000 - 0x00007ffada65e000 	C:\WINDOWS\System32\msvcp_win.dll
0x00007ffac99c0000 - 0x00007ffac9c45000 	C:\WINDOWS\WinSxS\amd64_microsoft.windows.common-controls_6595b64144ccf1df_6.0.18362.535_none_e6c3b34713100821\COMCTL32.dll
0x00007ffadaeb0000 - 0x00007ffadaf4e000 	C:\WINDOWS\System32\msvcrt.dll
0x00007ffadc1b0000 - 0x00007ffadc4e6000 	C:\WINDOWS\System32\combase.dll
0x00007ffadbab0000 - 0x00007ffadbbd0000 	C:\WINDOWS\System32\RPCRT4.dll
0x00007ffadac90000 - 0x00007ffadad10000 	C:\WINDOWS\System32\bcryptPrimitives.dll
0x00007ffadc8d0000 - 0x00007ffadc8fe000 	C:\WINDOWS\System32\IMM32.DLL
0x00007ffac54f0000 - 0x00007ffac558b000 	C:\Program Files\AdoptOpenJDK\jdk-13.0.1.9-hotspot\bin\msvcp140.dll
0x00007ffa6b750000 - 0x00007ffa6c344000 	C:\Program Files\AdoptOpenJDK\jdk-13.0.1.9-hotspot\bin\server\jvm.dll
0x00007ffadbbd0000 - 0x00007ffadbc73000 	C:\WINDOWS\System32\ADVAPI32.dll
0x00007ffadc650000 - 0x00007ffadc6e7000 	C:\WINDOWS\System32\sechost.dll
0x00007ffadc8c0000 - 0x00007ffadc8c8000 	C:\WINDOWS\System32\PSAPI.DLL
0x00007ffab7ce0000 - 0x00007ffab7ce9000 	C:\WINDOWS\SYSTEM32\WSOCK32.dll
0x00007ffad1800000 - 0x00007ffad180a000 	C:\WINDOWS\SYSTEM32\VERSION.dll
0x00007ffadb1e0000 - 0x00007ffadb24f000 	C:\WINDOWS\System32\WS2_32.dll
0x00007ffad7820000 - 0x00007ffad7844000 	C:\WINDOWS\SYSTEM32\WINMM.dll
0x00007ffad73a0000 - 0x00007ffad73cd000 	C:\WINDOWS\SYSTEM32\winmmbase.dll
0x00007ffada370000 - 0x00007ffada3ba000 	C:\WINDOWS\System32\cfgmgr32.dll
0x00007ffad9b90000 - 0x00007ffad9ba1000 	C:\WINDOWS\System32\kernel.appcore.dll
0x00007ffad7a10000 - 0x00007ffad7a20000 	C:\Program Files\AdoptOpenJDK\jdk-13.0.1.9-hotspot\bin\verify.dll
0x00007ffad8510000 - 0x00007ffad8704000 	C:\WINDOWS\SYSTEM32\DBGHELP.DLL
0x00007ffac1100000 - 0x00007ffac112a000 	C:\WINDOWS\SYSTEM32\dbgcore.DLL
0x00007ffad79e0000 - 0x00007ffad7a06000 	C:\Program Files\AdoptOpenJDK\jdk-13.0.1.9-hotspot\bin\java.dll
0x00007ffad79c0000 - 0x00007ffad79d7000 	C:\Program Files\AdoptOpenJDK\jdk-13.0.1.9-hotspot\bin\zip.dll
0x00007ffad79b0000 - 0x00007ffad79ba000 	C:\Program Files\AdoptOpenJDK\jdk-13.0.1.9-hotspot\bin\jimage.dll
0x00007ffadb390000 - 0x00007ffadba75000 	C:\WINDOWS\System32\SHELL32.dll
0x00007ffadafb0000 - 0x00007ffadb059000 	C:\WINDOWS\System32\shcore.dll
0x00007ffad9bf0000 - 0x00007ffada36f000 	C:\WINDOWS\System32\windows.storage.dll
0x00007ffad9bb0000 - 0x00007ffad9bcf000 	C:\WINDOWS\System32\profapi.dll
0x00007ffad9b40000 - 0x00007ffad9b8a000 	C:\WINDOWS\System32\powrprof.dll
0x00007ffad9b30000 - 0x00007ffad9b40000 	C:\WINDOWS\System32\UMPDC.dll
0x00007ffadcbc0000 - 0x00007ffadcc12000 	C:\WINDOWS\System32\shlwapi.dll
0x00007ffada660000 - 0x00007ffada677000 	C:\WINDOWS\System32\cryptsp.dll
0x00007ffad7990000 - 0x00007ffad79a9000 	C:\Program Files\AdoptOpenJDK\jdk-13.0.1.9-hotspot\bin\net.dll
0x00007ffacc4d0000 - 0x00007ffacc5c0000 	C:\WINDOWS\SYSTEM32\WINHTTP.dll
0x00007ffad93a0000 - 0x00007ffad9407000 	C:\WINDOWS\system32\mswsock.dll
0x00007ffad60f0000 - 0x00007ffad6103000 	C:\Program Files\AdoptOpenJDK\jdk-13.0.1.9-hotspot\bin\nio.dll
0x00007ffac45d0000 - 0x00007ffac4630000 	C:\Users\jtkom\AppData\Local\Temp\lwjgljtkom\3.2.1-build-3\lwjgl.dll
0x00007ffac4570000 - 0x00007ffac45ce000 	C:\Users\jtkom\AppData\Local\Temp\lwjgljtkom\3.2.1-build-3\glfw.dll
0x00007ffad7b50000 - 0x00007ffad7be9000 	C:\WINDOWS\system32\uxtheme.dll
0x00007ffac5d60000 - 0x00007ffac5da3000 	C:\WINDOWS\SYSTEM32\dinput8.dll
0x00007ffa8dba0000 - 0x00007ffa8dbb1000 	C:\WINDOWS\SYSTEM32\xinput1_4.dll
0x00007ffad9930000 - 0x00007ffad995a000 	C:\WINDOWS\SYSTEM32\DEVOBJ.dll
0x00007ffad7f70000 - 0x00007ffad7f9d000 	C:\WINDOWS\SYSTEM32\dwmapi.dll
0x00007ffacba60000 - 0x00007ffacbb7a000 	C:\WINDOWS\SYSTEM32\inputhost.dll
0x00007ffad5740000 - 0x00007ffad5893000 	C:\WINDOWS\SYSTEM32\wintypes.dll
0x00007ffad58a0000 - 0x00007ffad5bca000 	C:\WINDOWS\SYSTEM32\CoreUIComponents.dll
0x00007ffad6190000 - 0x00007ffad627f000 	C:\WINDOWS\SYSTEM32\PROPSYS.dll
0x00007ffad7740000 - 0x00007ffad7814000 	C:\WINDOWS\SYSTEM32\CoreMessaging.dll
0x00007ffadb060000 - 0x00007ffadb124000 	C:\WINDOWS\System32\OLEAUT32.dll
0x00007ffad8b70000 - 0x00007ffad8ba1000 	C:\WINDOWS\SYSTEM32\ntmarta.dll
0x00007ffadb250000 - 0x00007ffadb385000 	C:\WINDOWS\System32\MSCTF.dll
0x00007ffa758f0000 - 0x00007ffa759fd000 	C:\Program Files (x86)\Razer\Razer Cortex\x64\k_fps64.dll
0x00007ffa75500000 - 0x00007ffa75557000 	C:\Program Files (x86)\Razer\Razer Cortex\x64\EasyHook64.dll
0x00007ffa73100000 - 0x00007ffa7336f000 	C:\Program Files (x86)\Razer\Razer Cortex\x64\D3DCOMPILER_43.dll
0x00007ffa75870000 - 0x00007ffa758ef000 	C:\Program Files (x86)\Razer\Razer Cortex\x64\d3dx10_43.dll
0x00007ffadc980000 - 0x00007ffadcad6000 	C:\WINDOWS\System32\ole32.dll
0x00007ffaad340000 - 0x00007ffaad496000 	C:\WINDOWS\SYSTEM32\OPENGL32.dll
0x00007ffa72e90000 - 0x00007ffa730f3000 	C:\Program Files (x86)\Razer\Razer Cortex\x64\d3dx9_43.dll
0x00007ffaad600000 - 0x00007ffaad62c000 	C:\WINDOWS\SYSTEM32\GLU32.dll
0x00007ffad8780000 - 0x00007ffad87a0000 	C:\WINDOWS\SYSTEM32\dxcore.dll
0x00007ffad8450000 - 0x00007ffad845e000 	C:\WINDOWS\SYSTEM32\HID.DLL
0x00007ffadbc80000 - 0x00007ffadc0f0000 	C:\WINDOWS\System32\SETUPAPI.DLL
0x00007ffada3c0000 - 0x00007ffada3e6000 	C:\WINDOWS\System32\bcrypt.dll
0x00007ffada680000 - 0x00007ffada6dc000 	C:\WINDOWS\System32\WINTRUST.dll
0x00007ffad9bd0000 - 0x00007ffad9be2000 	C:\WINDOWS\System32\MSASN1.dll
0x00007ffada6e0000 - 0x00007ffada829000 	C:\WINDOWS\System32\CRYPT32.dll
0x0000000058700000 - 0x000000005ad39000 	C:\WINDOWS\System32\DriverStore\FileRepository\nvlti.inf_amd64_c0cfdefe088aa746\nvoglv64.dll
0x00007ffad62b0000 - 0x00007ffad62c3000 	C:\WINDOWS\SYSTEM32\WTSAPI32.dll
0x00007ffa9b890000 - 0x00007ffa9bb52000 	C:\WINDOWS\system32\nvspcap64.dll
0x00007ffad8be0000 - 0x00007ffad8c3c000 	C:\WINDOWS\SYSTEM32\WINSTA.dll
0x00007ffad8810000 - 0x00007ffad88fb000 	C:\WINDOWS\SYSTEM32\dxgi.dll
0x00007ffad6b00000 - 0x00007ffad6d5b000 	C:\WINDOWS\SYSTEM32\d3d11.dll
0x00007ffaa8770000 - 0x00007ffaa885e000 	C:\WINDOWS\System32\DriverStore\FileRepository\nvlti.inf_amd64_c0cfdefe088aa746\nvldumdx.dll
0x00007ffadc4f0000 - 0x00007ffadc50d000 	C:\WINDOWS\System32\imagehlp.dll
0x00007ffad8f10000 - 0x00007ffad8f43000 	C:\WINDOWS\system32\rsaenh.dll
0x00007ffad9570000 - 0x00007ffad957c000 	C:\WINDOWS\SYSTEM32\CRYPTBASE.dll
0x00007ffa77450000 - 0x00007ffa79aab000 	C:\WINDOWS\System32\DriverStore\FileRepository\nvlti.inf_amd64_c0cfdefe088aa746\nvwgf2umx.dll
0x00007ffacbfd0000 - 0x00007ffacc4c7000 	C:\WINDOWS\SYSTEM32\nvapi64.dll
0x00007ffacc5c0000 - 0x00007ffacc65e000 	C:\WINDOWS\System32\TextInputFramework.dll
0x00007ffaca110000 - 0x00007ffaca3b6000 	C:\WINDOWS\System32\iertutil.dll
0x00007ffac3f10000 - 0x00007ffac3f6a000 	C:\Users\jtkom\AppData\Local\Temp\lwjgljtkom\3.2.1-build-3\lwjgl_opengl.dll
0x00007ffad6140000 - 0x00007ffad6143000 	C:\Users\jtkom\AppData\Local\Temp\jomljtkom\a2476102\joml.dll
0x00007ffad0640000 - 0x00007ffad1490000 	C:\WINDOWS\System32\DriverStore\FileRepository\igdlh64.inf_amd64_ba34b5e302b5992f\igd10iumd64.dll
0x00007ffad9670000 - 0x00007ffad9696000 	C:\WINDOWS\SYSTEM32\ncrypt.dll
0x00007ffad9630000 - 0x00007ffad966b000 	C:\WINDOWS\SYSTEM32\NTASN1.dll
0x00007ffad03b0000 - 0x00007ffad04cd000 	C:\WINDOWS\System32\DriverStore\FileRepository\igdlh64.inf_amd64_ba34b5e302b5992f\igdgmm64.dll
0x00007ffacdc00000 - 0x00007ffacfea5000 	C:\WINDOWS\System32\DriverStore\FileRepository\igdlh64.inf_amd64_ba34b5e302b5992f\igc64.dll

dbghelp: loaded successfully - version: 4.0.5 - missing functions: none
symbol engine: initialized successfully - sym options: 0x614 - pdb path: .;C:\Program Files\AdoptOpenJDK\jdk-13.0.1.9-hotspot\bin;C:\WINDOWS\SYSTEM32;C:\WINDOWS\WinSxS\amd64_microsoft.windows.common-controls_6595b64144ccf1df_6.0.18362.535_none_e6c3b34713100821;C:\Program Files\AdoptOpenJDK\jdk-13.0.1.9-hotspot\bin\server;C:\Users\jtkom\AppData\Local\Temp\lwjgljtkom\3.2.1-build-3;C:\Program Files (x86)\Razer\Razer Cortex\x64;C:\WINDOWS\System32\DriverStore\FileRepository\nvlti.inf_amd64_c0cfdefe088aa746;C:\Users\jtkom\AppData\Local\Temp\jomljtkom\a2476102;C:\WINDOWS\System32\DriverStore\FileRepository\igdlh64.inf_amd64_ba34b5e302b5992f

VM Arguments:
jvm_args: -Dfile.encoding=Cp1252 
java_command: gameEngine.Start
java_class_path (initial): D:\game3\Game\src;D:\game3\Game\libwin\joml-1.9.9-sources.jar;D:\game3\Game\libwin\joml-1.9.9.jar;D:\game3\Game\libwin\lwjgl-assimp-javadoc.jar;D:\game3\Game\libwin\lwjgl-assimp-natives-windows.jar;D:\game3\Game\libwin\lwjgl-assimp-sources.jar;D:\game3\Game\libwin\lwjgl-assimp.jar;D:\game3\Game\libwin\lwjgl-bgfx-javadoc.jar;D:\game3\Game\libwin\lwjgl-bgfx-natives-windows.jar;D:\game3\Game\libwin\lwjgl-bgfx-sources.jar;D:\game3\Game\libwin\lwjgl-bgfx.jar;D:\game3\Game\libwin\lwjgl-egl-javadoc.jar;D:\game3\Game\libwin\lwjgl-egl-sources.jar;D:\game3\Game\libwin\lwjgl-egl.jar;D:\game3\Game\libwin\lwjgl-glfw-javadoc.jar;D:\game3\Game\libwin\lwjgl-glfw-natives-windows.jar;D:\game3\Game\libwin\lwjgl-glfw-sources.jar;D:\game3\Game\libwin\lwjgl-glfw.jar;D:\game3\Game\libwin\lwjgl-javadoc.jar;D:\game3\Game\libwin\lwjgl-jawt-javadoc.jar;D:\game3\Game\libwin\lwjgl-jawt-sources.jar;D:\game3\Game\libwin\lwjgl-jawt.jar;D:\game3\Game\libwin\lwjgl-jemalloc-javadoc.jar;D:\game3\Game\libwin\lwjgl-jemalloc-natives-windows.jar;D:\game3\Game\libwin\lwjgl-jemalloc-sources.jar;D:\game3\Game\libwin\lwjgl-jemalloc.jar;D:\game3\Game\libwin\lwjgl-lmdb-javadoc.jar;D:\game3\Game\libwin\lwjgl-lmdb-natives-windows.jar;D:\game3\Game\libwin\lwjgl-lmdb-sources.jar;D:\game3\Game\libwin\lwjgl-lmdb.jar;D:\game3\Game\libwin\lwjgl-lz4-javadoc.jar;D:\game3\Game\libwin\lwjgl-lz4-natives-windows.jar;D:\game3\Game\libwin\lwjgl-lz4-sources.jar;D:\game3\Game\libwin\lwjgl-lz4.jar;D:\game3\Game\libwin\lwjgl-nanovg-javadoc.jar;D:\game3\Game\libwin\lwjgl-nanovg-natives-windows.jar;D:\game3\Game\libwin\lwjgl-nanovg-sources.jar;D:\game3\Game\libwin\lwjgl-nanovg.jar;D:\game3\Game\libwin\lwjgl-natives-windows.jar;D:\game3\Game\libwin\lwjgl-nfd-javadoc.jar;D:\game3\Game\libwin\lwjgl-nfd-natives-windows.jar;D:\game3\Game\libwin\lwjgl-nfd-sources.jar;D:\game3\Game\libwin\lwjgl-nfd.jar;D:\game3\Game\libwin\lwjgl-nuklear-javadoc.jar;D:\game3\Game\libwin\lwjgl-nuklear-natives-windows.jar;D:\game3
Launcher Type: SUN_STANDARD

[Global flags]
     intx CICompilerCount                          = 4                                         {product} {ergonomic}
     uint ConcGCThreads                            = 2                                         {product} {ergonomic}
     uint G1ConcRefinementThreads                  = 8                                         {product} {ergonomic}
   size_t G1HeapRegionSize                         = 1048576                                   {product} {ergonomic}
    uintx GCDrainStackTargetSize                   = 64                                        {product} {ergonomic}
   size_t InitialHeapSize                          = 266338304                                 {product} {ergonomic}
   size_t MarkStackSize                            = 4194304                                   {product} {ergonomic}
   size_t MaxHeapSize                              = 4259315712                                {product} {ergonomic}
   size_t MaxNewSize                               = 2555379712                                {product} {ergonomic}
   size_t MinHeapDeltaBytes                        = 1048576                                   {product} {ergonomic}
   size_t MinHeapSize                              = 8388608                                   {product} {ergonomic}
    uintx NonNMethodCodeHeapSize                   = 5836300                                {pd product} {ergonomic}
    uintx NonProfiledCodeHeapSize                  = 122910970                              {pd product} {ergonomic}
    uintx ProfiledCodeHeapSize                     = 122910970                              {pd product} {ergonomic}
    uintx ReservedCodeCacheSize                    = 251658240                              {pd product} {ergonomic}
     bool SegmentedCodeCache                       = true                                      {product} {ergonomic}
   size_t SoftMaxHeapSize                          = 4259315712                             {manageable} {ergonomic}
     bool UseCompressedClassPointers               = true                                 {lp64_product} {ergonomic}
     bool UseCompressedOops                        = true                                 {lp64_product} {ergonomic}
     bool UseG1GC                                  = true                                      {product} {ergonomic}
     bool UseLargePagesIndividualAllocation        = false                                  {pd product} {ergonomic}

Logging:
Log output configuration:
 #0: stdout all=warning uptime,level,tags
 #1: stderr all=off uptime,level,tags

Environment Variables:
JAVA_HOME=C:\Program Files\Java\jdk-10.0.2
PATH=C:/Program Files/AdoptOpenJDK/jdk-13.0.1.9-hotspot/bin/client;C:/Program Files/AdoptOpenJDK/jdk-13.0.1.9-hotspot/bin;C:\Program Files\AdoptOpenJDK\jdk-13.0.1.9-hotspot\bin;C:\Program Files\Python37\Scripts\;C:\Program Files\Python37\;C:\Program Files (x86)\Common Files\Oracle\Java\javapath;C:\Program Files\Intel\Intel(R) Management Engine Components\iCLS\;C:\Windows\system32;C:\Windows;C:\Windows\System32\Wbem;C:\Windows\System32\WindowsPowerShell\v1.0\;C:\Windows\System32\OpenSSH\;C:\Program Files (x86)\Intel\Intel(R) Management Engine Components\DAL;C:\Program Files\Intel\Intel(R) Management Engine Components\DAL;C:\Program Files (x86)\Intel\Intel(R) Management Engine Components\IPT;C:\Program Files\Intel\Intel(R) Management Engine Components\IPT;C:\android-sdk\tools;C:\android-sdk\platform-tools;C:\Users\jtkom\AppData\Local\Microsoft\WindowsApps;C:\adb;C:\Program Files\Microsoft VS Code\bin;C:\Program Files\Git\cmd;C:\Users\jtkom\eclipse\java-photon\eclipse.exe;C:\Program Files\NASM;C:\Program Files\Python37\Scripts;C:\Program Files (x86)\NVIDIA Corporation\PhysX\Common;C:\apache-maven-3.6.0\bin;C:\Program Files\dotnet\;C:\Program Files\Java\jdk-10.0.2;C:\eda\ghdl\GHDL\20181129-mingw32-mcode\bin;C:\eda\gtkwave\gtkwave\bin;C:\eda;C:\WINDOWS\system32;C:\WINDOWS;C:\WINDOWS\System32\Wbem;C:\WINDOWS\System32\WindowsPowerShell\v1.0\;C:\WINDOWS\System32\OpenSSH\;C:\Program Files\NVIDIA Corporation\NVIDIA NvDLISR;C:\Gradle\gradle-5.6.3-all;C:\Gradle\gradle-5.6.3-all\gradle-5.6.3\bin;C:\Users\jtkom\AppData\Local\Microsoft\WindowsApps;C:\Users\jtkom\AppData\Local\GitHubDesktop\bin;C:\Users\jtkom\AppData\Local\Programs\Microsoft VS Code\bin;C:\Users\jtkom\AppData\Local\Microsoft\WindowsApps;;C:\Program Files\JetBrains\IntelliJ IDEA Community Edition 2019.2.3\bin;;C:\CodeRepository\eclipse;
USERNAME=jtkom
OS=Windows_NT
PROCESSOR_IDENTIFIER=Intel64 Family 6 Model 158 Stepping 9, GenuineIntel



---------------  S Y S T E M  ---------------

OS: Windows 10 , 64 bit Build 18362 (10.0.18362.329)

CPU:total 8 (initial active 8) (4 cores per cpu, 2 threads per core) family 6 model 158 stepping 9, cmov, cx8, fxsr, mmx, sse, sse2, sse3, ssse3, sse4.1, sse4.2, popcnt, avx, avx2, aes, clmul, erms, 3dnowpref, lzcnt, ht, tsc, tscinvbit, bmi1, bmi2, adx, fma

Memory: 4k page, system-wide physical 16244M (367M free)
TotalPageFile size 65396M (AvailPageFile size 0M)
current process WorkingSet (physical memory assigned to process): 6136M, peak: 6653M
current process commit charge ("private bytes"): 6922M, peak: 6922M

vm_info: OpenJDK 64-Bit Server VM (13.0.1+9) for windows-amd64 JRE (13.0.1+9), built on Oct 26 2019 10:16:33 by "" with MS VC++ 15.8 (VS2017)

END.
