#
# A fatal error has been detected by the Java Runtime Environment:
#
#  EXCEPTION_ACCESS_VIOLATION (0xc0000005) at pc=0x000000006a05e9c3, pid=19460, tid=13000
#
# JRE version: OpenJDK Runtime Environment (13.0.1+9) (build 13.0.1+9)
# Java VM: OpenJDK 64-Bit Server VM (13.0.1+9, mixed mode, sharing, tiered, compressed oops, g1 gc, windows-amd64)
# Problematic frame:
# C  [nvoglv64.dll+0xc1e9c3]
#
# No core dump will be written. Minidumps are not enabled by default on client versions of Windows
#
# If you would like to submit a bug report, please visit:
#   https://github.com/AdoptOpenJDK/openjdk-build/issues
# The crash happened outside the Java Virtual Machine in native code.
# See problematic frame for where to report the bug.
#

---------------  S U M M A R Y ------------

Command Line: -Dfile.encoding=Cp1252 gameEngine.Start

Host: Intel(R) Core(TM) i7-7700HQ CPU @ 2.80GHz, 8 cores, 15G,  Windows 10 , 64 bit Build 18362 (10.0.18362.329)
Time: Sat Dec 21 19:05:57 2019 Pacific Standard Time elapsed time: 89 seconds (0d 0h 1m 29s)

---------------  T H R E A D  ---------------

Current thread (0x000002a953f6e000):  JavaThread "main" [_thread_in_native, id=13000, stack(0x000000e49ec00000,0x000000e49ed00000)]

Stack: [0x000000e49ec00000,0x000000e49ed00000],  sp=0x000000e49ecfeb88,  free space=1018k
Native frames: (J=compiled Java code, j=interpreted, Vv=VM code, C=native code)
C  [nvoglv64.dll+0xc1e9c3]

Java frames: (J=compiled Java code, j=interpreted, Vv=VM code)
J 1166  org.lwjgl.opengl.GL11C.nglDrawElements(IIIJ)V (0 bytes) @ 0x000002a9663a3c9e [0x000002a9663a3c40+0x000000000000005e]
J 1402 c2 gameEngine.Render.draw(LgameEngine/ModelFramwork;Lorg/joml/Vector2f;FFLgameEngine/Texture;)V (103 bytes) @ 0x000002a9663cac18 [0x000002a9663ca340+0x00000000000008d8]
J 1391 c1 gameEngine.Start.battleupdate()V (417 bytes) @ 0x000002a95f096e5c [0x000002a95f093e60+0x0000000000002ffc]
j  gameEngine.Start.main([Ljava/lang/String;)V+3200
v  ~StubRoutines::call_stub

siginfo: EXCEPTION_ACCESS_VIOLATION (0xc0000005), reading address 0x0000000000000000


Register to memory mapping:

RIP=0x000000006a05e9c3 nvoglv64.dll
RAX=0x0 is NULL
RBX=0x000002a97f7bcc28 points into unknown readable memory: 00 00 00 00 00 00 00 00
RCX=0x000002a9013bfba0 points into unknown readable memory: 00 00 00 00 00 00 00 00
RDX=0x0 is NULL
RSP=0x000000e49ecfeb88 is pointing into the stack for thread: 0x000002a953f6e000
RBP=0x000002a97ba8ebc0 points into unknown readable memory: 09 00 00 00 04 14 00 00
RSI=0x000002a915a2f06c points into unknown readable memory: 6c 40 01 20
RDI=0x0 is NULL
R8 =0x0000000000000008 is an unknown value
R9 =0x000000000000003c is an unknown value
R10=0x0000000000000008 is an unknown value
R11=0x0 is NULL
R12=0x0000000000000001 is an unknown value
R13=0x00000000163eff60 is an unknown value
R14=0x000000e49ecfec30 is pointing into the stack for thread: 0x000002a953f6e000
R15=0x000002a915a2f06c points into unknown readable memory: 6c 40 01 20


Registers:
RAX=0x0000000000000000, RBX=0x000002a97f7bcc28, RCX=0x000002a9013bfba0, RDX=0x0000000000000000
RSP=0x000000e49ecfeb88, RBP=0x000002a97ba8ebc0, RSI=0x000002a915a2f06c, RDI=0x0000000000000000
R8 =0x0000000000000008, R9 =0x000000000000003c, R10=0x0000000000000008, R11=0x0000000000000000
R12=0x0000000000000001, R13=0x00000000163eff60, R14=0x000000e49ecfec30, R15=0x000002a915a2f06c
RIP=0x000000006a05e9c3, EFLAGS=0x0000000000010246

Top of Stack: (sp=0x000000e49ecfeb88)
0x000000e49ecfeb88:   000000006a121af2 000002a97ba8ebc0
0x000000e49ecfeb98:   000002a97ba8ebc0 0000000000000000
0x000000e49ecfeba8:   0000000000000000 000002a915a2f06c
0x000000e49ecfebb8:   000002a97f7bc928 0000000000000000
0x000000e49ecfebc8:   000000006a122124 000002a97f7bcc28
0x000000e49ecfebd8:   000000006a05e9c0 0000000000000001
0x000000e49ecfebe8:   00000000000003c0 000002a97f7bcc28
0x000000e49ecfebf8:   000000006a05e9c0 0000000000000000
0x000000e49ecfec08:   000000e49ecfec30 00000000163eff60
0x000000e49ecfec18:   000002a9083e0840 0000000000000003
0x000000e49ecfec28:   000002a900000000 000002a9013bfba0
0x000000e49ecfec38:   10c0000000000000 000002a97ba8ebc0
0x000000e49ecfec48:   000002a97f7bcc58 0000000000000003
0x000000e49ecfec58:   0000000000000000 000002a97ba8ebc0
0x000000e49ecfec68:   0000000000000000 0000000000000004
0x000000e49ecfec78:   000002a97f760000 0000000000001405 

Instructions: (pc=0x000000006a05e9c3)
0x000000006a05e8c3:   11 01 48 83 c1 04 41 83 e9 01 75 e1 48 8b c1 c3
0x000000006a05e8d3:   cc cc cc cc cc cc cc cc cc cc cc cc cc f3 0f 10
0x000000006a05e8e3:   15 00 39 f9 00 4d 63 d0 0f 1f 44 00 00 0f b7 02
0x000000006a05e8f3:   66 0f 6e c0 0f 5b c0 f3 0f 59 c2 f3 0f 11 01 0f
0x000000006a05e903:   b7 42 02 49 03 d2 66 0f 6e c8 0f 5b c9 f3 0f 59
0x000000006a05e913:   ca f3 0f 11 49 04 48 83 c1 08 41 83 e9 01 75 cd
0x000000006a05e923:   48 8b c1 c3 cc cc cc cc cc cc cc cc cc 4d 63 d0
0x000000006a05e933:   0f 1f 40 00 66 0f 1f 84 00 00 00 00 00 8b 02 49
0x000000006a05e943:   03 d2 89 01 48 83 c1 04 41 83 e9 01 75 ef 48 8b
0x000000006a05e953:   c1 c3 cc cc cc cc cc cc cc cc cc cc cc f3 0f 10
0x000000006a05e963:   15 80 38 f9 00 48 83 c2 04 4d 63 d0 90 0f b7 42
0x000000006a05e973:   fc 66 0f 6e c0 0f 5b c0 f3 0f 59 c2 f3 0f 11 01
0x000000006a05e983:   0f b7 42 fe 66 0f 6e c8 0f 5b c9 f3 0f 59 ca f3
0x000000006a05e993:   0f 11 49 04 0f b7 02 49 03 d2 66 0f 6e c0 0f 5b
0x000000006a05e9a3:   c0 f3 0f 59 c2 f3 0f 11 41 08 48 83 c1 0c 41 83
0x000000006a05e9b3:   e9 01 75 b9 48 8b c1 c3 cc cc cc cc cc 4d 63 d0
0x000000006a05e9c3:   8b 02 89 01 8b 42 04 49 03 d2 89 41 04 48 83 c1
0x000000006a05e9d3:   08 41 83 e9 01 75 e9 48 8b c1 c3 cc cc f3 0f 10
0x000000006a05e9e3:   15 00 38 f9 00 48 83 c2 04 4d 63 d0 90 0f b7 42
0x000000006a05e9f3:   fc 66 0f 6e c0 0f 5b c0 f3 0f 59 c2 f3 0f 11 01
0x000000006a05ea03:   0f b7 42 fe 66 0f 6e c8 0f 5b c9 f3 0f 59 ca f3
0x000000006a05ea13:   0f 11 49 04 0f b7 02 66 0f 6e c0 0f 5b c0 f3 0f
0x000000006a05ea23:   59 c2 f3 0f 11 41 08 0f b7 42 02 49 03 d2 66 0f
0x000000006a05ea33:   6e c8 0f 5b c9 f3 0f 59 ca f3 0f 11 49 0c 48 83
0x000000006a05ea43:   c1 10 41 83 e9 01 75 a5 48 8b c1 c3 cc 4d 63 d0
0x000000006a05ea53:   48 83 c2 08 66 0f 1f 84 00 00 00 00 00 8b 42 f8
0x000000006a05ea63:   89 01 8b 42 fc 89 41 04 8b 02 89 41 08 8b 42 04
0x000000006a05ea73:   49 03 d2 89 41 0c 48 83 c1 10 41 83 e9 01 75 dd
0x000000006a05ea83:   48 8b c1 c3 cc cc cc cc cc cc cc cc cc f3 0f 10
0x000000006a05ea93:   15 d4 39 f9 00 49 63 c0 0f 1f 44 00 00 66 0f 6e
0x000000006a05eaa3:   02 48 03 d0 0f 5b c0 0f 28 c8 f3 0f 59 c2 f3 0f
0x000000006a05eab3:   59 ca f3 0f 58 c8 f3 0f 58 ca f3 0f 11 09 48 83 


Stack slot to memory mapping:
stack at sp + 0 slots: 0x000000006a121af2 nvoglv64.dll
stack at sp + 1 slots: 0x000002a97ba8ebc0 points into unknown readable memory: 09 00 00 00 04 14 00 00
stack at sp + 2 slots: 0x000002a97ba8ebc0 points into unknown readable memory: 09 00 00 00 04 14 00 00
stack at sp + 3 slots: 0x0 is NULL
stack at sp + 4 slots: 0x0 is NULL
stack at sp + 5 slots: 0x000002a915a2f06c points into unknown readable memory: 6c 40 01 20
stack at sp + 6 slots: 0x000002a97f7bc928 points into unknown readable memory: 00 00 00 00 00 00 00 00
stack at sp + 7 slots: 0x0 is NULL


---------------  P R O C E S S  ---------------

Threads class SMR info:
_java_thread_list=0x000002a97c222ce0, length=10, elements={
0x000002a953f6e000, 0x000002a979eed000, 0x000002a979ef0000, 0x000002a97a78f800,
0x000002a97a792800, 0x000002a97a797800, 0x000002a97a7a0800, 0x000002a97a7a5800,
0x000002a97a8e3000, 0x000002a97a8ff800
}

Java Threads: ( => current thread )
=>0x000002a953f6e000 JavaThread "main" [_thread_in_native, id=13000, stack(0x000000e49ec00000,0x000000e49ed00000)]
  0x000002a979eed000 JavaThread "Reference Handler" daemon [_thread_blocked, id=20880, stack(0x000000e49f300000,0x000000e49f400000)]
  0x000002a979ef0000 JavaThread "Finalizer" daemon [_thread_blocked, id=15016, stack(0x000000e49f400000,0x000000e49f500000)]
  0x000002a97a78f800 JavaThread "Signal Dispatcher" daemon [_thread_blocked, id=16772, stack(0x000000e49f500000,0x000000e49f600000)]
  0x000002a97a792800 JavaThread "Attach Listener" daemon [_thread_blocked, id=22088, stack(0x000000e49f600000,0x000000e49f700000)]
  0x000002a97a797800 JavaThread "C2 CompilerThread0" daemon [_thread_blocked, id=13340, stack(0x000000e49f700000,0x000000e49f800000)]
  0x000002a97a7a0800 JavaThread "C1 CompilerThread0" daemon [_thread_blocked, id=13324, stack(0x000000e49f800000,0x000000e49f900000)]
  0x000002a97a7a5800 JavaThread "Sweeper thread" daemon [_thread_blocked, id=10104, stack(0x000000e49f900000,0x000000e49fa00000)]
  0x000002a97a8e3000 JavaThread "Service Thread" daemon [_thread_blocked, id=8004, stack(0x000000e49fa00000,0x000000e49fb00000)]
  0x000002a97a8ff800 JavaThread "Common-Cleaner" daemon [_thread_blocked, id=22096, stack(0x000000e49fc00000,0x000000e49fd00000)]

Other Threads:
  0x000002a979eeb800 VMThread "VM Thread" [stack: 0x000000e49f200000,0x000000e49f300000] [id=21052]
  0x000002a97a8e4000 WatcherThread [stack: 0x000000e49fb00000,0x000000e49fc00000] [id=9420]
  0x000002a956102000 GCTaskThread "GC Thread#0" [stack: 0x000000e49ed00000,0x000000e49ee00000] [id=3408]
  0x000002a97c210800 GCTaskThread "GC Thread#1" [stack: 0x000000e4a0600000,0x000000e4a0700000] [id=22380]
  0x000002a97c242800 GCTaskThread "GC Thread#2" [stack: 0x000000e4a0700000,0x000000e4a0800000] [id=22264]
  0x000002a97c227800 GCTaskThread "GC Thread#3" [stack: 0x000000e4a0800000,0x000000e4a0900000] [id=1240]
  0x000002a97c228800 GCTaskThread "GC Thread#4" [stack: 0x000000e4a0900000,0x000000e4a0a00000] [id=1928]
  0x000002a97c229000 GCTaskThread "GC Thread#5" [stack: 0x000000e4a0a00000,0x000000e4a0b00000] [id=12104]
  0x000002ac16357800 GCTaskThread "GC Thread#6" [stack: 0x000000e49eb00000,0x000000e49ec00000] [id=20612]
  0x000002a956123800 ConcurrentGCThread "G1 Main Marker" [stack: 0x000000e49ee00000,0x000000e49ef00000] [id=2600]
  0x000002a956125800 ConcurrentGCThread "G1 Conc#0" [stack: 0x000000e49ef00000,0x000000e49f000000] [id=20340]
  0x000002a909cea000 ConcurrentGCThread "G1 Conc#1" [stack: 0x000000e49e900000,0x000000e49ea00000] [id=20748]
  0x000002a979de3000 ConcurrentGCThread "G1 Refine#0" [stack: 0x000000e49f000000,0x000000e49f100000] [id=20548]
  0x000002a90881c800 ConcurrentGCThread "G1 Refine#1" [stack: 0x000000e4a0500000,0x000000e4a0600000] [id=19976]
  0x000002a9086de800 ConcurrentGCThread "G1 Refine#2" [stack: 0x000000e4a0b00000,0x000000e4a0c00000] [id=1164]
  0x000002a9081e3800 ConcurrentGCThread "G1 Refine#3" [stack: 0x000000e4a0c00000,0x000000e4a0d00000] [id=21444]
  0x000002a97b7e4000 ConcurrentGCThread "G1 Refine#4" [stack: 0x000000e4a0d00000,0x000000e4a0e00000] [id=21072]
  0x000002a97b81b800 ConcurrentGCThread "G1 Refine#5" [stack: 0x000000e4a0e00000,0x000000e4a0f00000] [id=17012]
  0x000002a9081bf800 ConcurrentGCThread "G1 Refine#6" [stack: 0x000000e4a0f00000,0x000000e4a1000000] [id=1716]
  0x000002ac16648800 ConcurrentGCThread "G1 Refine#7" [stack: 0x000000e49ea00000,0x000000e49eb00000] [id=19268]
  0x000002a979de5800 ConcurrentGCThread "G1 Young RemSet Sampling" [stack: 0x000000e49f100000,0x000000e49f200000] [id=11976]

Threads with active compile tasks:

VM state:not at safepoint (normal execution)

VM Mutex/Monitor currently owned by a thread: None

Heap address: 0x0000000702200000, size: 4062 MB, Compressed Oops mode: Zero based, Oop shift amount: 3
Narrow klass base: 0x0000000800000000, Narrow klass shift: 3
Compressed class space size: 1073741824 Address: 0x0000000800b50000

Heap:
 garbage-first heap   total 313344K, used 115864K [0x0000000702200000, 0x0000000800000000)
  region size 1024K, 9 young (9216K), 2 survivors (2048K)
 Metaspace       used 7720K, capacity 10531K, committed 10752K, reserved 1058816K
  class space    used 367K, capacity 687K, committed 768K, reserved 1048576K
Heap Regions: E=young(eden), S=young(survivor), O=old, HS=humongous(starts), HC=humongous(continues), CS=collection set, F=free, A=archive, TAMS=top-at-mark-start (previous, next)
|   0|0x0000000702200000, 0x0000000702300000, 0x0000000702300000|100%| O|  |TAMS 0x0000000702200000, 0x0000000702200000| Untracked 
|   1|0x0000000702300000, 0x0000000702400000, 0x0000000702400000|100%| O|  |TAMS 0x0000000702300000, 0x0000000702300000| Untracked 
|   2|0x0000000702400000, 0x0000000702500000, 0x0000000702500000|100%| O|  |TAMS 0x0000000702400000, 0x0000000702400000| Untracked 
|   3|0x0000000702500000, 0x0000000702600000, 0x0000000702600000|100%| O|  |TAMS 0x0000000702500000, 0x0000000702500000| Untracked 
|   4|0x0000000702600000, 0x0000000702600000, 0x0000000702700000|  0%| F|  |TAMS 0x0000000702600000, 0x0000000702600000| Untracked 
|   5|0x0000000702700000, 0x0000000702700000, 0x0000000702800000|  0%| F|  |TAMS 0x0000000702700000, 0x0000000702700000| Untracked 
|   6|0x0000000702800000, 0x0000000702900000, 0x0000000702900000|100%| O|  |TAMS 0x0000000702800000, 0x0000000702800000| Untracked 
|   7|0x0000000702900000, 0x0000000702a00000, 0x0000000702a00000|100%| O|  |TAMS 0x0000000702900000, 0x0000000702900000| Untracked 
|   8|0x0000000702a00000, 0x0000000702a26200, 0x0000000702b00000| 14%| O|  |TAMS 0x0000000702a00000, 0x0000000702a00000| Untracked 
|   9|0x0000000702b00000, 0x0000000702b00000, 0x0000000702c00000|  0%| F|  |TAMS 0x0000000702b00000, 0x0000000702b00000| Untracked 
|  10|0x0000000702c00000, 0x0000000702c00000, 0x0000000702d00000|  0%| F|  |TAMS 0x0000000702c00000, 0x0000000702c00000| Untracked 
|  11|0x0000000702d00000, 0x0000000702d00000, 0x0000000702e00000|  0%| F|  |TAMS 0x0000000702d00000, 0x0000000702d00000| Untracked 
|  12|0x0000000702e00000, 0x0000000702e00000, 0x0000000702f00000|  0%| F|  |TAMS 0x0000000702e00000, 0x0000000702e00000| Untracked 
|  13|0x0000000702f00000, 0x0000000702f00000, 0x0000000703000000|  0%| F|  |TAMS 0x0000000702f00000, 0x0000000702f00000| Untracked 
|  14|0x0000000703000000, 0x0000000703000000, 0x0000000703100000|  0%| F|  |TAMS 0x0000000703000000, 0x0000000703000000| Untracked 
|  15|0x0000000703100000, 0x0000000703100000, 0x0000000703200000|  0%| F|  |TAMS 0x0000000703100000, 0x0000000703100000| Untracked 
|  16|0x0000000703200000, 0x0000000703200000, 0x0000000703300000|  0%| F|  |TAMS 0x0000000703200000, 0x0000000703200000| Untracked 
|  17|0x0000000703300000, 0x0000000703300000, 0x0000000703400000|  0%| F|  |TAMS 0x0000000703300000, 0x0000000703300000| Untracked 
|  18|0x0000000703400000, 0x0000000703400000, 0x0000000703500000|  0%| F|  |TAMS 0x0000000703400000, 0x0000000703400000| Untracked 
|  19|0x0000000703500000, 0x0000000703500000, 0x0000000703600000|  0%| F|  |TAMS 0x0000000703500000, 0x0000000703500000| Untracked 
|  20|0x0000000703600000, 0x0000000703600000, 0x0000000703700000|  0%| F|  |TAMS 0x0000000703600000, 0x0000000703600000| Untracked 
|  21|0x0000000703700000, 0x0000000703700000, 0x0000000703800000|  0%| F|  |TAMS 0x0000000703700000, 0x0000000703700000| Untracked 
|  22|0x0000000703800000, 0x0000000703800000, 0x0000000703900000|  0%| F|  |TAMS 0x0000000703800000, 0x0000000703800000| Untracked 
|  23|0x0000000703900000, 0x0000000703900000, 0x0000000703a00000|  0%| F|  |TAMS 0x0000000703900000, 0x0000000703900000| Untracked 
|  24|0x0000000703a00000, 0x0000000703a00000, 0x0000000703b00000|  0%| F|  |TAMS 0x0000000703a00000, 0x0000000703a00000| Untracked 
|  25|0x0000000703b00000, 0x0000000703b00000, 0x0000000703c00000|  0%| F|  |TAMS 0x0000000703b00000, 0x0000000703b00000| Untracked 
|  26|0x0000000703c00000, 0x0000000703c00000, 0x0000000703d00000|  0%| F|  |TAMS 0x0000000703c00000, 0x0000000703c00000| Untracked 
|  27|0x0000000703d00000, 0x0000000703d00000, 0x0000000703e00000|  0%| F|  |TAMS 0x0000000703d00000, 0x0000000703d00000| Untracked 
|  28|0x0000000703e00000, 0x0000000703e00000, 0x0000000703f00000|  0%| F|  |TAMS 0x0000000703e00000, 0x0000000703e00000| Untracked 
|  29|0x0000000703f00000, 0x0000000703f00000, 0x0000000704000000|  0%| F|  |TAMS 0x0000000703f00000, 0x0000000703f00000| Untracked 
|  30|0x0000000704000000, 0x0000000704000000, 0x0000000704100000|  0%| F|  |TAMS 0x0000000704000000, 0x0000000704000000| Untracked 
|  31|0x0000000704100000, 0x0000000704100000, 0x0000000704200000|  0%| F|  |TAMS 0x0000000704100000, 0x0000000704100000| Untracked 
|  32|0x0000000704200000, 0x0000000704200000, 0x0000000704300000|  0%| F|  |TAMS 0x0000000704200000, 0x0000000704200000| Untracked 
|  33|0x0000000704300000, 0x0000000704300000, 0x0000000704400000|  0%| F|  |TAMS 0x0000000704300000, 0x0000000704300000| Untracked 
|  34|0x0000000704400000, 0x0000000704400000, 0x0000000704500000|  0%| F|  |TAMS 0x0000000704400000, 0x0000000704400000| Untracked 
|  35|0x0000000704500000, 0x0000000704500000, 0x0000000704600000|  0%| F|  |TAMS 0x0000000704500000, 0x0000000704500000| Untracked 
|  36|0x0000000704600000, 0x0000000704600000, 0x0000000704700000|  0%| F|  |TAMS 0x0000000704600000, 0x0000000704600000| Untracked 
|  37|0x0000000704700000, 0x0000000704700000, 0x0000000704800000|  0%| F|  |TAMS 0x0000000704700000, 0x0000000704700000| Untracked 
|  38|0x0000000704800000, 0x0000000704800000, 0x0000000704900000|  0%| F|  |TAMS 0x0000000704800000, 0x0000000704800000| Untracked 
|  39|0x0000000704900000, 0x0000000704900000, 0x0000000704a00000|  0%| F|  |TAMS 0x0000000704900000, 0x0000000704900000| Untracked 
|  40|0x0000000704a00000, 0x0000000704a00000, 0x0000000704b00000|  0%| F|  |TAMS 0x0000000704a00000, 0x0000000704a00000| Untracked 
|  41|0x0000000704b00000, 0x0000000704b00000, 0x0000000704c00000|  0%| F|  |TAMS 0x0000000704b00000, 0x0000000704b00000| Untracked 
|  42|0x0000000704c00000, 0x0000000704c00000, 0x0000000704d00000|  0%| F|  |TAMS 0x0000000704c00000, 0x0000000704c00000| Untracked 
|  43|0x0000000704d00000, 0x0000000704d00000, 0x0000000704e00000|  0%| F|  |TAMS 0x0000000704d00000, 0x0000000704d00000| Untracked 
|  44|0x0000000704e00000, 0x0000000704e00000, 0x0000000704f00000|  0%| F|  |TAMS 0x0000000704e00000, 0x0000000704e00000| Untracked 
|  45|0x0000000704f00000, 0x0000000704f00000, 0x0000000705000000|  0%| F|  |TAMS 0x0000000704f00000, 0x0000000704f00000| Untracked 
|  46|0x0000000705000000, 0x0000000705000000, 0x0000000705100000|  0%| F|  |TAMS 0x0000000705000000, 0x0000000705000000| Untracked 
|  47|0x0000000705100000, 0x0000000705100000, 0x0000000705200000|  0%| F|  |TAMS 0x0000000705100000, 0x0000000705100000| Untracked 
|  48|0x0000000705200000, 0x0000000705200000, 0x0000000705300000|  0%| F|  |TAMS 0x0000000705200000, 0x0000000705200000| Untracked 
|  49|0x0000000705300000, 0x0000000705300000, 0x0000000705400000|  0%| F|  |TAMS 0x0000000705300000, 0x0000000705300000| Untracked 
|  50|0x0000000705400000, 0x0000000705400000, 0x0000000705500000|  0%| F|  |TAMS 0x0000000705400000, 0x0000000705400000| Untracked 
|  51|0x0000000705500000, 0x0000000705500000, 0x0000000705600000|  0%| F|  |TAMS 0x0000000705500000, 0x0000000705500000| Untracked 
|  52|0x0000000705600000, 0x0000000705600000, 0x0000000705700000|  0%| F|  |TAMS 0x0000000705600000, 0x0000000705600000| Untracked 
|  53|0x0000000705700000, 0x0000000705800000, 0x0000000705800000|100%| O|  |TAMS 0x0000000705800000, 0x0000000705700000| Complete 
|  54|0x0000000705800000, 0x0000000705900000, 0x0000000705900000|100%| O|  |TAMS 0x0000000705900000, 0x0000000705800000| Complete 
|  55|0x0000000705900000, 0x0000000705900000, 0x0000000705a00000|  0%| F|  |TAMS 0x0000000705900000, 0x0000000705900000| Untracked 
|  56|0x0000000705a00000, 0x0000000705b00000, 0x0000000705b00000|100%| O|  |TAMS 0x0000000705b00000, 0x0000000705a00000| Complete 
|  57|0x0000000705b00000, 0x0000000705c00000, 0x0000000705c00000|100%| O|  |TAMS 0x0000000705c00000, 0x0000000705b00000| Untracked 
|  58|0x0000000705c00000, 0x0000000705d00000, 0x0000000705d00000|100%| O|  |TAMS 0x0000000705d00000, 0x0000000705c00000| Untracked 
|  59|0x0000000705d00000, 0x0000000705e00000, 0x0000000705e00000|100%| O|  |TAMS 0x0000000705e00000, 0x0000000705d00000| Untracked 
|  60|0x0000000705e00000, 0x0000000705f00000, 0x0000000705f00000|100%| O|  |TAMS 0x0000000705f00000, 0x0000000705e00000| Complete 
|  61|0x0000000705f00000, 0x0000000706000000, 0x0000000706000000|100%| O|  |TAMS 0x0000000706000000, 0x0000000705f00000| Complete 
|  62|0x0000000706000000, 0x0000000706100000, 0x0000000706100000|100%| O|  |TAMS 0x0000000706100000, 0x0000000706000000| Complete 
|  63|0x0000000706100000, 0x0000000706200000, 0x0000000706200000|100%| O|  |TAMS 0x0000000706200000, 0x0000000706100000| Complete 
|  64|0x0000000706200000, 0x0000000706200000, 0x0000000706300000|  0%| F|  |TAMS 0x0000000706200000, 0x0000000706200000| Untracked 
|  65|0x0000000706300000, 0x0000000706400000, 0x0000000706400000|100%| O|  |TAMS 0x0000000706400000, 0x0000000706300000| Complete 
|  66|0x0000000706400000, 0x0000000706500000, 0x0000000706500000|100%| O|  |TAMS 0x0000000706500000, 0x0000000706400000| Complete 
|  67|0x0000000706500000, 0x0000000706600000, 0x0000000706600000|100%| O|  |TAMS 0x0000000706600000, 0x0000000706500000| Complete 
|  68|0x0000000706600000, 0x0000000706700000, 0x0000000706700000|100%| O|  |TAMS 0x0000000706700000, 0x0000000706600000| Complete 
|  69|0x0000000706700000, 0x0000000706800000, 0x0000000706800000|100%| O|  |TAMS 0x0000000706800000, 0x0000000706700000| Complete 
|  70|0x0000000706800000, 0x0000000706900000, 0x0000000706900000|100%| O|  |TAMS 0x0000000706900000, 0x0000000706800000| Complete 
|  71|0x0000000706900000, 0x0000000706900000, 0x0000000706a00000|  0%| F|  |TAMS 0x0000000706900000, 0x0000000706900000| Untracked 
|  72|0x0000000706a00000, 0x0000000706b00000, 0x0000000706b00000|100%| O|  |TAMS 0x0000000706b00000, 0x0000000706a00000| Complete 
|  73|0x0000000706b00000, 0x0000000706c00000, 0x0000000706c00000|100%| O|  |TAMS 0x0000000706c00000, 0x0000000706b00000| Complete 
|  74|0x0000000706c00000, 0x0000000706c00000, 0x0000000706d00000|  0%| F|  |TAMS 0x0000000706c00000, 0x0000000706c00000| Untracked 
|  75|0x0000000706d00000, 0x0000000706e00000, 0x0000000706e00000|100%| O|  |TAMS 0x0000000706e00000, 0x0000000706d00000| Complete 
|  76|0x0000000706e00000, 0x0000000706f00000, 0x0000000706f00000|100%| O|  |TAMS 0x0000000706f00000, 0x0000000706e00000| Complete 
|  77|0x0000000706f00000, 0x0000000706f00000, 0x0000000707000000|  0%| F|  |TAMS 0x0000000706f00000, 0x0000000706f00000| Untracked 
|  78|0x0000000707000000, 0x0000000707000000, 0x0000000707100000|  0%| F|  |TAMS 0x0000000707000000, 0x0000000707000000| Untracked 
|  79|0x0000000707100000, 0x0000000707200000, 0x0000000707200000|100%| O|  |TAMS 0x0000000707200000, 0x0000000707100000| Complete 
|  80|0x0000000707200000, 0x0000000707300000, 0x0000000707300000|100%| O|  |TAMS 0x0000000707300000, 0x0000000707200000| Complete 
|  81|0x0000000707300000, 0x0000000707400000, 0x0000000707400000|100%| O|  |TAMS 0x0000000707400000, 0x0000000707300000| Complete 
|  82|0x0000000707400000, 0x0000000707500000, 0x0000000707500000|100%| O|  |TAMS 0x0000000707500000, 0x0000000707400000| Complete 
|  83|0x0000000707500000, 0x0000000707600000, 0x0000000707600000|100%| O|  |TAMS 0x0000000707600000, 0x0000000707500000| Complete 
|  84|0x0000000707600000, 0x0000000707700000, 0x0000000707700000|100%| O|  |TAMS 0x0000000707700000, 0x0000000707600000| Complete 
|  85|0x0000000707700000, 0x0000000707700000, 0x0000000707800000|  0%| F|  |TAMS 0x0000000707700000, 0x0000000707700000| Untracked 
|  86|0x0000000707800000, 0x0000000707900000, 0x0000000707900000|100%| O|  |TAMS 0x0000000707900000, 0x0000000707800000| Complete 
|  87|0x0000000707900000, 0x0000000707a00000, 0x0000000707a00000|100%| O|  |TAMS 0x0000000707a00000, 0x0000000707900000| Complete 
|  88|0x0000000707a00000, 0x0000000707b00000, 0x0000000707b00000|100%| O|  |TAMS 0x0000000707b00000, 0x0000000707a00000| Complete 
|  89|0x0000000707b00000, 0x0000000707c00000, 0x0000000707c00000|100%| O|  |TAMS 0x0000000707c00000, 0x0000000707b00000| Complete 
|  90|0x0000000707c00000, 0x0000000707d00000, 0x0000000707d00000|100%| O|  |TAMS 0x0000000707d00000, 0x0000000707c00000| Complete 
|  91|0x0000000707d00000, 0x0000000707e00000, 0x0000000707e00000|100%| O|  |TAMS 0x0000000707e00000, 0x0000000707d00000| Complete 
|  92|0x0000000707e00000, 0x0000000707f00000, 0x0000000707f00000|100%| O|  |TAMS 0x0000000707f00000, 0x0000000707e00000| Complete 
|  93|0x0000000707f00000, 0x0000000708000000, 0x0000000708000000|100%| O|  |TAMS 0x0000000708000000, 0x0000000707f00000| Complete 
|  94|0x0000000708000000, 0x0000000708000000, 0x0000000708100000|  0%| F|  |TAMS 0x0000000708000000, 0x0000000708000000| Untracked 
|  95|0x0000000708100000, 0x0000000708200000, 0x0000000708200000|100%| O|  |TAMS 0x0000000708200000, 0x0000000708100000| Complete 
|  96|0x0000000708200000, 0x0000000708300000, 0x0000000708300000|100%| O|  |TAMS 0x0000000708300000, 0x0000000708200000| Complete 
|  97|0x0000000708300000, 0x0000000708400000, 0x0000000708400000|100%| O|  |TAMS 0x0000000708400000, 0x0000000708300000| Complete 
|  98|0x0000000708400000, 0x0000000708500000, 0x0000000708500000|100%| O|  |TAMS 0x0000000708500000, 0x0000000708400000| Complete 
|  99|0x0000000708500000, 0x0000000708600000, 0x0000000708600000|100%| O|  |TAMS 0x0000000708600000, 0x0000000708500000| Complete 
| 100|0x0000000708600000, 0x0000000708700000, 0x0000000708700000|100%| O|  |TAMS 0x0000000708700000, 0x0000000708600000| Complete 
| 101|0x0000000708700000, 0x0000000708800000, 0x0000000708800000|100%| O|  |TAMS 0x0000000708800000, 0x0000000708700000| Complete 
| 102|0x0000000708800000, 0x0000000708900000, 0x0000000708900000|100%| O|  |TAMS 0x0000000708900000, 0x0000000708800000| Complete 
| 103|0x0000000708900000, 0x0000000708a00000, 0x0000000708a00000|100%| O|  |TAMS 0x0000000708a00000, 0x0000000708900000| Complete 
| 104|0x0000000708a00000, 0x0000000708b00000, 0x0000000708b00000|100%| O|  |TAMS 0x0000000708b00000, 0x0000000708a00000| Complete 
| 105|0x0000000708b00000, 0x0000000708c00000, 0x0000000708c00000|100%| O|  |TAMS 0x0000000708c00000, 0x0000000708b00000| Complete 
| 106|0x0000000708c00000, 0x0000000708d00000, 0x0000000708d00000|100%| O|  |TAMS 0x0000000708d00000, 0x0000000708c00000| Complete 
| 107|0x0000000708d00000, 0x0000000708e00000, 0x0000000708e00000|100%| O|  |TAMS 0x0000000708e00000, 0x0000000708d00000| Complete 
| 108|0x0000000708e00000, 0x0000000708f00000, 0x0000000708f00000|100%| O|  |TAMS 0x0000000708f00000, 0x0000000708e00000| Complete 
| 109|0x0000000708f00000, 0x0000000709000000, 0x0000000709000000|100%| O|  |TAMS 0x0000000709000000, 0x0000000708f00000| Complete 
| 110|0x0000000709000000, 0x0000000709100000, 0x0000000709100000|100%| O|  |TAMS 0x0000000709100000, 0x0000000709000000| Complete 
| 111|0x0000000709100000, 0x0000000709200000, 0x0000000709200000|100%| O|  |TAMS 0x0000000709200000, 0x0000000709100000| Complete 
| 112|0x0000000709200000, 0x0000000709300000, 0x0000000709300000|100%| O|  |TAMS 0x0000000709300000, 0x0000000709200000| Complete 
| 113|0x0000000709300000, 0x0000000709400000, 0x0000000709400000|100%| O|  |TAMS 0x0000000709400000, 0x0000000709300000| Complete 
| 114|0x0000000709400000, 0x0000000709500000, 0x0000000709500000|100%| O|  |TAMS 0x0000000709500000, 0x0000000709400000| Complete 
| 115|0x0000000709500000, 0x0000000709600000, 0x0000000709600000|100%| O|  |TAMS 0x0000000709600000, 0x0000000709500000| Complete 
| 116|0x0000000709600000, 0x0000000709700000, 0x0000000709700000|100%| O|  |TAMS 0x0000000709700000, 0x0000000709600000| Complete 
| 117|0x0000000709700000, 0x0000000709800000, 0x0000000709800000|100%| O|  |TAMS 0x0000000709800000, 0x0000000709700000| Complete 
| 118|0x0000000709800000, 0x0000000709900000, 0x0000000709900000|100%| O|  |TAMS 0x0000000709900000, 0x0000000709800000| Complete 
| 119|0x0000000709900000, 0x0000000709a00000, 0x0000000709a00000|100%| O|  |TAMS 0x0000000709a00000, 0x0000000709900000| Complete 
| 120|0x0000000709a00000, 0x0000000709b00000, 0x0000000709b00000|100%| O|  |TAMS 0x0000000709b00000, 0x0000000709a00000| Complete 
| 121|0x0000000709b00000, 0x0000000709c00000, 0x0000000709c00000|100%| O|  |TAMS 0x0000000709c00000, 0x0000000709b00000| Complete 
| 122|0x0000000709c00000, 0x0000000709d00000, 0x0000000709d00000|100%| O|  |TAMS 0x0000000709d00000, 0x0000000709c00000| Complete 
| 123|0x0000000709d00000, 0x0000000709e00000, 0x0000000709e00000|100%| O|  |TAMS 0x0000000709e00000, 0x0000000709d00000| Complete 
| 124|0x0000000709e00000, 0x0000000709e00000, 0x0000000709f00000|  0%| F|  |TAMS 0x0000000709e00000, 0x0000000709e00000| Untracked 
| 125|0x0000000709f00000, 0x000000070a000000, 0x000000070a000000|100%| O|  |TAMS 0x0000000709f00000, 0x0000000709f00000| Untracked 
| 126|0x000000070a000000, 0x000000070a100000, 0x000000070a100000|100%| O|  |TAMS 0x000000070a000000, 0x000000070a000000| Untracked 
| 127|0x000000070a100000, 0x000000070a200000, 0x000000070a200000|100%| O|  |TAMS 0x000000070a100000, 0x000000070a100000| Untracked 
| 128|0x000000070a200000, 0x000000070a300000, 0x000000070a300000|100%| O|  |TAMS 0x000000070a200000, 0x000000070a200000| Untracked 
| 129|0x000000070a300000, 0x000000070a400000, 0x000000070a400000|100%| O|  |TAMS 0x000000070a300000, 0x000000070a300000| Untracked 
| 130|0x000000070a400000, 0x000000070a500000, 0x000000070a500000|100%| O|  |TAMS 0x000000070a400000, 0x000000070a400000| Untracked 
| 131|0x000000070a500000, 0x000000070a600000, 0x000000070a600000|100%| O|  |TAMS 0x000000070a500000, 0x000000070a500000| Untracked 
| 132|0x000000070a600000, 0x000000070a700000, 0x000000070a700000|100%| O|  |TAMS 0x000000070a600000, 0x000000070a600000| Untracked 
| 133|0x000000070a700000, 0x000000070a800000, 0x000000070a800000|100%| O|  |TAMS 0x000000070a700000, 0x000000070a700000| Untracked 
| 134|0x000000070a800000, 0x000000070a900000, 0x000000070a900000|100%| O|  |TAMS 0x000000070a800000, 0x000000070a800000| Untracked 
| 135|0x000000070a900000, 0x000000070aa00000, 0x000000070aa00000|100%| O|  |TAMS 0x000000070a900000, 0x000000070a900000| Untracked 
| 136|0x000000070aa00000, 0x000000070ab00000, 0x000000070ab00000|100%| O|  |TAMS 0x000000070aa00000, 0x000000070aa00000| Untracked 
| 137|0x000000070ab00000, 0x000000070ac00000, 0x000000070ac00000|100%| O|  |TAMS 0x000000070ab00000, 0x000000070ab00000| Untracked 
| 138|0x000000070ac00000, 0x000000070ad00000, 0x000000070ad00000|100%| O|  |TAMS 0x000000070ac00000, 0x000000070ac00000| Untracked 
| 139|0x000000070ad00000, 0x000000070ae00000, 0x000000070ae00000|100%| O|  |TAMS 0x000000070ad00000, 0x000000070ad00000| Untracked 
| 140|0x000000070ae00000, 0x000000070af00000, 0x000000070af00000|100%| O|  |TAMS 0x000000070ae00000, 0x000000070ae00000| Untracked 
| 141|0x000000070af00000, 0x000000070b000000, 0x000000070b000000|100%| O|  |TAMS 0x000000070af00000, 0x000000070af00000| Untracked 
| 142|0x000000070b000000, 0x000000070b100000, 0x000000070b100000|100%| O|  |TAMS 0x000000070b000000, 0x000000070b000000| Untracked 
| 143|0x000000070b100000, 0x000000070b200000, 0x000000070b200000|100%| O|  |TAMS 0x000000070b100000, 0x000000070b100000| Untracked 
| 144|0x000000070b200000, 0x000000070b300000, 0x000000070b300000|100%| O|  |TAMS 0x000000070b200000, 0x000000070b200000| Untracked 
| 145|0x000000070b300000, 0x000000070b400000, 0x000000070b400000|100%| O|  |TAMS 0x000000070b300000, 0x000000070b300000| Untracked 
| 146|0x000000070b400000, 0x000000070b500000, 0x000000070b500000|100%| O|  |TAMS 0x000000070b400000, 0x000000070b400000| Untracked 
| 147|0x000000070b500000, 0x000000070b600000, 0x000000070b600000|100%| O|  |TAMS 0x000000070b500000, 0x000000070b500000| Untracked 
| 148|0x000000070b600000, 0x000000070b700000, 0x000000070b700000|100%| O|  |TAMS 0x000000070b600000, 0x000000070b600000| Untracked 
| 149|0x000000070b700000, 0x000000070b800000, 0x000000070b800000|100%| O|  |TAMS 0x000000070b700000, 0x000000070b700000| Untracked 
| 150|0x000000070b800000, 0x000000070b900000, 0x000000070b900000|100%| O|  |TAMS 0x000000070b800000, 0x000000070b800000| Untracked 
| 151|0x000000070b900000, 0x000000070ba00000, 0x000000070ba00000|100%| O|  |TAMS 0x000000070b900000, 0x000000070b900000| Untracked 
| 152|0x000000070ba00000, 0x000000070bb00000, 0x000000070bb00000|100%| O|  |TAMS 0x000000070ba00000, 0x000000070ba00000| Untracked 
| 153|0x000000070bb00000, 0x000000070bc00000, 0x000000070bc00000|100%| O|  |TAMS 0x000000070bb00000, 0x000000070bb00000| Untracked 
| 154|0x000000070bc00000, 0x000000070bd00000, 0x000000070bd00000|100%| O|  |TAMS 0x000000070bc00000, 0x000000070bc00000| Untracked 
| 155|0x000000070bd00000, 0x000000070be00000, 0x000000070be00000|100%| O|  |TAMS 0x000000070bd00000, 0x000000070bd00000| Untracked 
| 156|0x000000070be00000, 0x000000070bf00000, 0x000000070bf00000|100%| O|  |TAMS 0x000000070be00000, 0x000000070be00000| Untracked 
| 157|0x000000070bf00000, 0x000000070c000000, 0x000000070c000000|100%| O|  |TAMS 0x000000070bf00000, 0x000000070bf00000| Untracked 
| 158|0x000000070c000000, 0x000000070c100000, 0x000000070c100000|100%| O|  |TAMS 0x000000070c000000, 0x000000070c000000| Untracked 
| 159|0x000000070c100000, 0x000000070c200000, 0x000000070c200000|100%| O|  |TAMS 0x000000070c100000, 0x000000070c100000| Untracked 
| 160|0x000000070c200000, 0x000000070c300000, 0x000000070c300000|100%| O|  |TAMS 0x000000070c200000, 0x000000070c200000| Untracked 
| 161|0x000000070c300000, 0x000000070c300000, 0x000000070c400000|  0%| F|  |TAMS 0x000000070c300000, 0x000000070c300000| Untracked 
| 162|0x000000070c400000, 0x000000070c400000, 0x000000070c500000|  0%| F|  |TAMS 0x000000070c400000, 0x000000070c400000| Untracked 
| 163|0x000000070c500000, 0x000000070c500000, 0x000000070c600000|  0%| F|  |TAMS 0x000000070c500000, 0x000000070c500000| Untracked 
| 164|0x000000070c600000, 0x000000070c600000, 0x000000070c700000|  0%| F|  |TAMS 0x000000070c600000, 0x000000070c600000| Untracked 
| 165|0x000000070c700000, 0x000000070c700000, 0x000000070c800000|  0%| F|  |TAMS 0x000000070c700000, 0x000000070c700000| Untracked 
| 166|0x000000070c800000, 0x000000070c800000, 0x000000070c900000|  0%| F|  |TAMS 0x000000070c800000, 0x000000070c800000| Untracked 
| 167|0x000000070c900000, 0x000000070c900000, 0x000000070ca00000|  0%| F|  |TAMS 0x000000070c900000, 0x000000070c900000| Untracked 
| 168|0x000000070ca00000, 0x000000070ca00000, 0x000000070cb00000|  0%| F|  |TAMS 0x000000070ca00000, 0x000000070ca00000| Untracked 
| 169|0x000000070cb00000, 0x000000070cb00000, 0x000000070cc00000|  0%| F|  |TAMS 0x000000070cb00000, 0x000000070cb00000| Untracked 
| 170|0x000000070cc00000, 0x000000070cc00000, 0x000000070cd00000|  0%| F|  |TAMS 0x000000070cc00000, 0x000000070cc00000| Untracked 
| 171|0x000000070cd00000, 0x000000070cd00000, 0x000000070ce00000|  0%| F|  |TAMS 0x000000070cd00000, 0x000000070cd00000| Untracked 
| 172|0x000000070ce00000, 0x000000070ce00000, 0x000000070cf00000|  0%| F|  |TAMS 0x000000070ce00000, 0x000000070ce00000| Untracked 
| 173|0x000000070cf00000, 0x000000070cf00000, 0x000000070d000000|  0%| F|  |TAMS 0x000000070cf00000, 0x000000070cf00000| Untracked 
| 174|0x000000070d000000, 0x000000070d000000, 0x000000070d100000|  0%| F|  |TAMS 0x000000070d000000, 0x000000070d000000| Untracked 
| 175|0x000000070d100000, 0x000000070d100000, 0x000000070d200000|  0%| F|  |TAMS 0x000000070d100000, 0x000000070d100000| Untracked 
| 176|0x000000070d200000, 0x000000070d200000, 0x000000070d300000|  0%| F|  |TAMS 0x000000070d200000, 0x000000070d200000| Untracked 
| 177|0x000000070d300000, 0x000000070d300000, 0x000000070d400000|  0%| F|  |TAMS 0x000000070d300000, 0x000000070d300000| Untracked 
| 178|0x000000070d400000, 0x000000070d400000, 0x000000070d500000|  0%| F|  |TAMS 0x000000070d400000, 0x000000070d400000| Untracked 
| 179|0x000000070d500000, 0x000000070d500000, 0x000000070d600000|  0%| F|  |TAMS 0x000000070d500000, 0x000000070d500000| Untracked 
| 180|0x000000070d600000, 0x000000070d600000, 0x000000070d700000|  0%| F|  |TAMS 0x000000070d600000, 0x000000070d600000| Untracked 
| 181|0x000000070d700000, 0x000000070d700000, 0x000000070d800000|  0%| F|  |TAMS 0x000000070d700000, 0x000000070d700000| Untracked 
| 182|0x000000070d800000, 0x000000070d800000, 0x000000070d900000|  0%| F|  |TAMS 0x000000070d800000, 0x000000070d800000| Untracked 
| 183|0x000000070d900000, 0x000000070d900000, 0x000000070da00000|  0%| F|  |TAMS 0x000000070d900000, 0x000000070d900000| Untracked 
| 184|0x000000070da00000, 0x000000070da00000, 0x000000070db00000|  0%| F|  |TAMS 0x000000070da00000, 0x000000070da00000| Untracked 
| 185|0x000000070db00000, 0x000000070db00000, 0x000000070dc00000|  0%| F|  |TAMS 0x000000070db00000, 0x000000070db00000| Untracked 
| 186|0x000000070dc00000, 0x000000070dc00000, 0x000000070dd00000|  0%| F|  |TAMS 0x000000070dc00000, 0x000000070dc00000| Untracked 
| 187|0x000000070dd00000, 0x000000070dd00000, 0x000000070de00000|  0%| F|  |TAMS 0x000000070dd00000, 0x000000070dd00000| Untracked 
| 188|0x000000070de00000, 0x000000070de00000, 0x000000070df00000|  0%| F|  |TAMS 0x000000070de00000, 0x000000070de00000| Untracked 
| 189|0x000000070df00000, 0x000000070df00000, 0x000000070e000000|  0%| F|  |TAMS 0x000000070df00000, 0x000000070df00000| Untracked 
| 190|0x000000070e000000, 0x000000070e000000, 0x000000070e100000|  0%| F|  |TAMS 0x000000070e000000, 0x000000070e000000| Untracked 
| 191|0x000000070e100000, 0x000000070e100000, 0x000000070e200000|  0%| F|  |TAMS 0x000000070e100000, 0x000000070e100000| Untracked 
| 192|0x000000070e200000, 0x000000070e200000, 0x000000070e300000|  0%| F|  |TAMS 0x000000070e200000, 0x000000070e200000| Untracked 
| 193|0x000000070e300000, 0x000000070e300000, 0x000000070e400000|  0%| F|  |TAMS 0x000000070e300000, 0x000000070e300000| Untracked 
| 194|0x000000070e400000, 0x000000070e400000, 0x000000070e500000|  0%| F|  |TAMS 0x000000070e400000, 0x000000070e400000| Untracked 
| 195|0x000000070e500000, 0x000000070e500000, 0x000000070e600000|  0%| F|  |TAMS 0x000000070e500000, 0x000000070e500000| Untracked 
| 196|0x000000070e600000, 0x000000070e600000, 0x000000070e700000|  0%| F|  |TAMS 0x000000070e600000, 0x000000070e600000| Untracked 
| 197|0x000000070e700000, 0x000000070e700000, 0x000000070e800000|  0%| F|  |TAMS 0x000000070e700000, 0x000000070e700000| Untracked 
| 198|0x000000070e800000, 0x000000070e800000, 0x000000070e900000|  0%| F|  |TAMS 0x000000070e800000, 0x000000070e800000| Untracked 
| 199|0x000000070e900000, 0x000000070e900000, 0x000000070ea00000|  0%| F|  |TAMS 0x000000070e900000, 0x000000070e900000| Untracked 
| 200|0x000000070ea00000, 0x000000070ea00000, 0x000000070eb00000|  0%| F|  |TAMS 0x000000070ea00000, 0x000000070ea00000| Untracked 
| 201|0x000000070eb00000, 0x000000070eb00000, 0x000000070ec00000|  0%| F|  |TAMS 0x000000070eb00000, 0x000000070eb00000| Untracked 
| 202|0x000000070ec00000, 0x000000070ec00000, 0x000000070ed00000|  0%| F|  |TAMS 0x000000070ec00000, 0x000000070ec00000| Untracked 
| 203|0x000000070ed00000, 0x000000070ed00000, 0x000000070ee00000|  0%| F|  |TAMS 0x000000070ed00000, 0x000000070ed00000| Untracked 
| 204|0x000000070ee00000, 0x000000070ee00000, 0x000000070ef00000|  0%| F|  |TAMS 0x000000070ee00000, 0x000000070ee00000| Untracked 
| 205|0x000000070ef00000, 0x000000070ef00000, 0x000000070f000000|  0%| F|  |TAMS 0x000000070ef00000, 0x000000070ef00000| Untracked 
| 206|0x000000070f000000, 0x000000070f000000, 0x000000070f100000|  0%| F|  |TAMS 0x000000070f000000, 0x000000070f000000| Untracked 
| 207|0x000000070f100000, 0x000000070f100000, 0x000000070f200000|  0%| F|  |TAMS 0x000000070f100000, 0x000000070f100000| Untracked 
| 208|0x000000070f200000, 0x000000070f200000, 0x000000070f300000|  0%| F|  |TAMS 0x000000070f200000, 0x000000070f200000| Untracked 
| 209|0x000000070f300000, 0x000000070f300000, 0x000000070f400000|  0%| F|  |TAMS 0x000000070f300000, 0x000000070f300000| Untracked 
| 210|0x000000070f400000, 0x000000070f400000, 0x000000070f500000|  0%| F|  |TAMS 0x000000070f400000, 0x000000070f400000| Untracked 
| 211|0x000000070f500000, 0x000000070f500000, 0x000000070f600000|  0%| F|  |TAMS 0x000000070f500000, 0x000000070f500000| Untracked 
| 212|0x000000070f600000, 0x000000070f600000, 0x000000070f700000|  0%| F|  |TAMS 0x000000070f600000, 0x000000070f600000| Untracked 
| 213|0x000000070f700000, 0x000000070f700000, 0x000000070f800000|  0%| F|  |TAMS 0x000000070f700000, 0x000000070f700000| Untracked 
| 214|0x000000070f800000, 0x000000070f800000, 0x000000070f900000|  0%| F|  |TAMS 0x000000070f800000, 0x000000070f800000| Untracked 
| 215|0x000000070f900000, 0x000000070f900000, 0x000000070fa00000|  0%| F|  |TAMS 0x000000070f900000, 0x000000070f900000| Untracked 
| 216|0x000000070fa00000, 0x000000070fa00000, 0x000000070fb00000|  0%| F|  |TAMS 0x000000070fa00000, 0x000000070fa00000| Untracked 
| 217|0x000000070fb00000, 0x000000070fb00000, 0x000000070fc00000|  0%| F|  |TAMS 0x000000070fb00000, 0x000000070fb00000| Untracked 
| 218|0x000000070fc00000, 0x000000070fc00000, 0x000000070fd00000|  0%| F|  |TAMS 0x000000070fc00000, 0x000000070fc00000| Untracked 
| 219|0x000000070fd00000, 0x000000070fd00000, 0x000000070fe00000|  0%| F|  |TAMS 0x000000070fd00000, 0x000000070fd00000| Untracked 
| 220|0x000000070fe00000, 0x000000070fe00000, 0x000000070ff00000|  0%| F|  |TAMS 0x000000070fe00000, 0x000000070fe00000| Untracked 
| 221|0x000000070ff00000, 0x000000070ff00000, 0x0000000710000000|  0%| F|  |TAMS 0x000000070ff00000, 0x000000070ff00000| Untracked 
| 222|0x0000000710000000, 0x0000000710000000, 0x0000000710100000|  0%| F|  |TAMS 0x0000000710000000, 0x0000000710000000| Untracked 
| 223|0x0000000710100000, 0x0000000710100000, 0x0000000710200000|  0%| F|  |TAMS 0x0000000710100000, 0x0000000710100000| Untracked 
| 224|0x0000000710200000, 0x0000000710200000, 0x0000000710300000|  0%| F|  |TAMS 0x0000000710200000, 0x0000000710200000| Untracked 
| 225|0x0000000710300000, 0x0000000710300000, 0x0000000710400000|  0%| F|  |TAMS 0x0000000710300000, 0x0000000710300000| Untracked 
| 226|0x0000000710400000, 0x0000000710400000, 0x0000000710500000|  0%| F|  |TAMS 0x0000000710400000, 0x0000000710400000| Untracked 
| 227|0x0000000710500000, 0x0000000710500000, 0x0000000710600000|  0%| F|  |TAMS 0x0000000710500000, 0x0000000710500000| Untracked 
| 228|0x0000000710600000, 0x0000000710600000, 0x0000000710700000|  0%| F|  |TAMS 0x0000000710600000, 0x0000000710600000| Untracked 
| 229|0x0000000710700000, 0x0000000710700000, 0x0000000710800000|  0%| F|  |TAMS 0x0000000710700000, 0x0000000710700000| Untracked 
| 230|0x0000000710800000, 0x0000000710800000, 0x0000000710900000|  0%| F|  |TAMS 0x0000000710800000, 0x0000000710800000| Untracked 
| 231|0x0000000710900000, 0x0000000710900000, 0x0000000710a00000|  0%| F|  |TAMS 0x0000000710900000, 0x0000000710900000| Untracked 
| 232|0x0000000710a00000, 0x0000000710a00000, 0x0000000710b00000|  0%| F|  |TAMS 0x0000000710a00000, 0x0000000710a00000| Untracked 
| 233|0x0000000710b00000, 0x0000000710b00000, 0x0000000710c00000|  0%| F|  |TAMS 0x0000000710b00000, 0x0000000710b00000| Untracked 
| 234|0x0000000710c00000, 0x0000000710c00000, 0x0000000710d00000|  0%| F|  |TAMS 0x0000000710c00000, 0x0000000710c00000| Untracked 
| 235|0x0000000710d00000, 0x0000000710d00000, 0x0000000710e00000|  0%| F|  |TAMS 0x0000000710d00000, 0x0000000710d00000| Untracked 
| 236|0x0000000710e00000, 0x0000000710e00000, 0x0000000710f00000|  0%| F|  |TAMS 0x0000000710e00000, 0x0000000710e00000| Untracked 
| 237|0x0000000710f00000, 0x0000000710f00000, 0x0000000711000000|  0%| F|  |TAMS 0x0000000710f00000, 0x0000000710f00000| Untracked 
| 238|0x0000000711000000, 0x0000000711000000, 0x0000000711100000|  0%| F|  |TAMS 0x0000000711000000, 0x0000000711000000| Untracked 
| 239|0x0000000711100000, 0x0000000711100000, 0x0000000711200000|  0%| F|  |TAMS 0x0000000711100000, 0x0000000711100000| Untracked 
| 240|0x0000000711200000, 0x0000000711200000, 0x0000000711300000|  0%| F|  |TAMS 0x0000000711200000, 0x0000000711200000| Untracked 
| 241|0x0000000711300000, 0x0000000711300000, 0x0000000711400000|  0%| F|  |TAMS 0x0000000711300000, 0x0000000711300000| Untracked 
| 242|0x0000000711400000, 0x0000000711400000, 0x0000000711500000|  0%| F|  |TAMS 0x0000000711400000, 0x0000000711400000| Untracked 
| 243|0x0000000711500000, 0x0000000711500000, 0x0000000711600000|  0%| F|  |TAMS 0x0000000711500000, 0x0000000711500000| Untracked 
| 244|0x0000000711600000, 0x0000000711600000, 0x0000000711700000|  0%| F|  |TAMS 0x0000000711600000, 0x0000000711600000| Untracked 
| 245|0x0000000711700000, 0x0000000711700000, 0x0000000711800000|  0%| F|  |TAMS 0x0000000711700000, 0x0000000711700000| Untracked 
| 246|0x0000000711800000, 0x0000000711800000, 0x0000000711900000|  0%| F|  |TAMS 0x0000000711800000, 0x0000000711800000| Untracked 
| 247|0x0000000711900000, 0x0000000711900000, 0x0000000711a00000|  0%| F|  |TAMS 0x0000000711900000, 0x0000000711900000| Untracked 
| 248|0x0000000711a00000, 0x0000000711a00000, 0x0000000711b00000|  0%| F|  |TAMS 0x0000000711a00000, 0x0000000711a00000| Untracked 
| 249|0x0000000711b00000, 0x0000000711b00000, 0x0000000711c00000|  0%| F|  |TAMS 0x0000000711b00000, 0x0000000711b00000| Untracked 
| 250|0x0000000711c00000, 0x0000000711c00000, 0x0000000711d00000|  0%| F|  |TAMS 0x0000000711c00000, 0x0000000711c00000| Untracked 
| 251|0x0000000711d00000, 0x0000000711d00000, 0x0000000711e00000|  0%| F|  |TAMS 0x0000000711d00000, 0x0000000711d00000| Untracked 
| 252|0x0000000711e00000, 0x0000000711e00000, 0x0000000711f00000|  0%| F|  |TAMS 0x0000000711e00000, 0x0000000711e00000| Untracked 
| 253|0x0000000711f00000, 0x0000000711f00000, 0x0000000712000000|  0%| F|  |TAMS 0x0000000711f00000, 0x0000000711f00000| Untracked 
| 254|0x0000000712000000, 0x0000000712000000, 0x0000000712100000|  0%| F|  |TAMS 0x0000000712000000, 0x0000000712000000| Untracked 
| 255|0x0000000712100000, 0x0000000712100000, 0x0000000712200000|  0%| F|  |TAMS 0x0000000712100000, 0x0000000712100000| Untracked 
| 256|0x0000000712200000, 0x0000000712200000, 0x0000000712300000|  0%| F|  |TAMS 0x0000000712200000, 0x0000000712200000| Untracked 
| 257|0x0000000712300000, 0x0000000712300000, 0x0000000712400000|  0%| F|  |TAMS 0x0000000712300000, 0x0000000712300000| Untracked 
| 258|0x0000000712400000, 0x0000000712400000, 0x0000000712500000|  0%| F|  |TAMS 0x0000000712400000, 0x0000000712400000| Untracked 
| 259|0x0000000712500000, 0x0000000712500000, 0x0000000712600000|  0%| F|  |TAMS 0x0000000712500000, 0x0000000712500000| Untracked 
| 260|0x0000000712600000, 0x0000000712600000, 0x0000000712700000|  0%| F|  |TAMS 0x0000000712600000, 0x0000000712600000| Untracked 
| 261|0x0000000712700000, 0x0000000712700000, 0x0000000712800000|  0%| F|  |TAMS 0x0000000712700000, 0x0000000712700000| Untracked 
| 262|0x0000000712800000, 0x0000000712800000, 0x0000000712900000|  0%| F|  |TAMS 0x0000000712800000, 0x0000000712800000| Untracked 
| 263|0x0000000712900000, 0x0000000712900000, 0x0000000712a00000|  0%| F|  |TAMS 0x0000000712900000, 0x0000000712900000| Untracked 
| 264|0x0000000712a00000, 0x0000000712a00000, 0x0000000712b00000|  0%| F|  |TAMS 0x0000000712a00000, 0x0000000712a00000| Untracked 
| 265|0x0000000712b00000, 0x0000000712b00000, 0x0000000712c00000|  0%| F|  |TAMS 0x0000000712b00000, 0x0000000712b00000| Untracked 
| 266|0x0000000712c00000, 0x0000000712c00000, 0x0000000712d00000|  0%| F|  |TAMS 0x0000000712c00000, 0x0000000712c00000| Untracked 
| 267|0x0000000712d00000, 0x0000000712d00000, 0x0000000712e00000|  0%| F|  |TAMS 0x0000000712d00000, 0x0000000712d00000| Untracked 
| 268|0x0000000712e00000, 0x0000000712e00000, 0x0000000712f00000|  0%| F|  |TAMS 0x0000000712e00000, 0x0000000712e00000| Untracked 
| 269|0x0000000712f00000, 0x0000000712f00000, 0x0000000713000000|  0%| F|  |TAMS 0x0000000712f00000, 0x0000000712f00000| Untracked 
| 270|0x0000000713000000, 0x0000000713000000, 0x0000000713100000|  0%| F|  |TAMS 0x0000000713000000, 0x0000000713000000| Untracked 
| 271|0x0000000713100000, 0x0000000713100000, 0x0000000713200000|  0%| F|  |TAMS 0x0000000713100000, 0x0000000713100000| Untracked 
| 272|0x0000000713200000, 0x0000000713200000, 0x0000000713300000|  0%| F|  |TAMS 0x0000000713200000, 0x0000000713200000| Untracked 
| 273|0x0000000713300000, 0x0000000713300000, 0x0000000713400000|  0%| F|  |TAMS 0x0000000713300000, 0x0000000713300000| Untracked 
| 274|0x0000000713400000, 0x0000000713400000, 0x0000000713500000|  0%| F|  |TAMS 0x0000000713400000, 0x0000000713400000| Untracked 
| 275|0x0000000713500000, 0x0000000713500000, 0x0000000713600000|  0%| F|  |TAMS 0x0000000713500000, 0x0000000713500000| Untracked 
| 276|0x0000000713600000, 0x0000000713600000, 0x0000000713700000|  0%| F|  |TAMS 0x0000000713600000, 0x0000000713600000| Untracked 
| 277|0x0000000713700000, 0x0000000713700000, 0x0000000713800000|  0%| F|  |TAMS 0x0000000713700000, 0x0000000713700000| Untracked 
| 278|0x0000000713800000, 0x0000000713800000, 0x0000000713900000|  0%| F|  |TAMS 0x0000000713800000, 0x0000000713800000| Untracked 
| 279|0x0000000713900000, 0x0000000713900000, 0x0000000713a00000|  0%| F|  |TAMS 0x0000000713900000, 0x0000000713900000| Untracked 
| 280|0x0000000713a00000, 0x0000000713a00000, 0x0000000713b00000|  0%| F|  |TAMS 0x0000000713a00000, 0x0000000713a00000| Untracked 
| 281|0x0000000713b00000, 0x0000000713b00000, 0x0000000713c00000|  0%| F|  |TAMS 0x0000000713b00000, 0x0000000713b00000| Untracked 
| 282|0x0000000713c00000, 0x0000000713c00000, 0x0000000713d00000|  0%| F|  |TAMS 0x0000000713c00000, 0x0000000713c00000| Untracked 
| 283|0x0000000713d00000, 0x0000000713d00000, 0x0000000713e00000|  0%| F|  |TAMS 0x0000000713d00000, 0x0000000713d00000| Untracked 
| 284|0x0000000713e00000, 0x0000000713e00000, 0x0000000713f00000|  0%| F|  |TAMS 0x0000000713e00000, 0x0000000713e00000| Untracked 
| 285|0x0000000713f00000, 0x0000000713f00000, 0x0000000714000000|  0%| F|  |TAMS 0x0000000713f00000, 0x0000000713f00000| Untracked 
| 286|0x0000000714000000, 0x0000000714000000, 0x0000000714100000|  0%| F|  |TAMS 0x0000000714000000, 0x0000000714000000| Untracked 
| 287|0x0000000714100000, 0x0000000714100000, 0x0000000714200000|  0%| F|  |TAMS 0x0000000714100000, 0x0000000714100000| Untracked 
| 288|0x0000000714200000, 0x0000000714200000, 0x0000000714300000|  0%| F|  |TAMS 0x0000000714200000, 0x0000000714200000| Untracked 
| 289|0x0000000714300000, 0x0000000714400000, 0x0000000714400000|100%| S|CS|TAMS 0x0000000714300000, 0x0000000714300000| Complete 
| 290|0x0000000714400000, 0x0000000714500000, 0x0000000714500000|100%| S|CS|TAMS 0x0000000714400000, 0x0000000714400000| Complete 
| 291|0x0000000714500000, 0x0000000714500000, 0x0000000714600000|  0%| F|  |TAMS 0x0000000714500000, 0x0000000714500000| Untracked 
| 292|0x0000000714600000, 0x0000000714600000, 0x0000000714700000|  0%| F|  |TAMS 0x0000000714600000, 0x0000000714600000| Untracked 
| 293|0x0000000714700000, 0x0000000714700000, 0x0000000714800000|  0%| F|  |TAMS 0x0000000714700000, 0x0000000714700000| Untracked 
| 294|0x0000000714800000, 0x0000000714800000, 0x0000000714900000|  0%| F|  |TAMS 0x0000000714800000, 0x0000000714800000| Untracked 
| 295|0x0000000714900000, 0x0000000714900000, 0x0000000714a00000|  0%| F|  |TAMS 0x0000000714900000, 0x0000000714900000| Untracked 
| 296|0x0000000714a00000, 0x0000000714a00000, 0x0000000714b00000|  0%| F|  |TAMS 0x0000000714a00000, 0x0000000714a00000| Untracked 
| 297|0x0000000714b00000, 0x0000000714b00000, 0x0000000714c00000|  0%| F|  |TAMS 0x0000000714b00000, 0x0000000714b00000| Untracked 
| 298|0x0000000714c00000, 0x0000000714c00000, 0x0000000714d00000|  0%| F|  |TAMS 0x0000000714c00000, 0x0000000714c00000| Untracked 
| 299|0x0000000714d00000, 0x0000000714d42e30, 0x0000000714e00000| 26%| E|  |TAMS 0x0000000714d00000, 0x0000000714d00000| Complete 
| 300|0x0000000714e00000, 0x0000000714f00000, 0x0000000714f00000|100%| E|CS|TAMS 0x0000000714e00000, 0x0000000714e00000| Complete 
| 301|0x0000000714f00000, 0x0000000715000000, 0x0000000715000000|100%| E|CS|TAMS 0x0000000714f00000, 0x0000000714f00000| Complete 
| 302|0x0000000715000000, 0x0000000715100000, 0x0000000715100000|100%| E|CS|TAMS 0x0000000715000000, 0x0000000715000000| Complete 
| 303|0x0000000715100000, 0x0000000715200000, 0x0000000715200000|100%| E|CS|TAMS 0x0000000715100000, 0x0000000715100000| Complete 
| 304|0x0000000715200000, 0x0000000715300000, 0x0000000715300000|100%| E|CS|TAMS 0x0000000715200000, 0x0000000715200000| Complete 
| 305|0x0000000715300000, 0x0000000715400000, 0x0000000715400000|100%| E|CS|TAMS 0x0000000715300000, 0x0000000715300000| Complete 

Card table byte_map: [0x000002a96e490000,0x000002a96ec80000] _byte_map_base: 0x000002a96ac7f000

Marking Bits (Prev, Next): (CMBitMap*) 0x000002a956102e08, (CMBitMap*) 0x000002a956102dc8
 Prev Bits: [0x000002a9733f0000, 0x000002a977368000)
 Next Bits: [0x000002a96f470000, 0x000002a9733e8000)

Polling page: 0x000002a954040000

Metaspace:

Usage:
  Non-class:      9.61 MB capacity,     7.18 MB ( 75%) used,     2.42 MB ( 25%) free+waste,     9.50 KB ( <1%) overhead. 
      Class:    687.00 KB capacity,   367.53 KB ( 53%) used,   316.28 KB ( 46%) free+waste,     3.19 KB ( <1%) overhead. 
       Both:     10.28 MB capacity,     7.54 MB ( 73%) used,     2.73 MB ( 27%) free+waste,    12.69 KB ( <1%) overhead. 

Virtual space:
  Non-class space:       10.00 MB reserved,       9.75 MB ( 98%) committed 
      Class space:        1.00 GB reserved,     768.00 KB ( <1%) committed 
             Both:        1.01 GB reserved,      10.50 MB (  1%) committed 

Chunk freelists:
   Non-Class:  76.00 KB
       Class:  17.00 KB
        Both:  93.00 KB

MaxMetaspaceSize: 17179869184.00 GB
CompressedClassSpaceSize: 1.00 GB

CodeHeap 'non-profiled nmethods': size=120000Kb used=758Kb max_used=758Kb free=119241Kb
 bounds [0x000002a966330000, 0x000002a9665a0000, 0x000002a96d860000]
CodeHeap 'profiled nmethods': size=120000Kb used=2742Kb max_used=2742Kb free=117257Kb
 bounds [0x000002a95ee00000, 0x000002a95f0b0000, 0x000002a966330000]
CodeHeap 'non-nmethods': size=5760Kb used=1619Kb max_used=1669Kb free=4140Kb
 bounds [0x000002a95e860000, 0x000002a95ead0000, 0x000002a95ee00000]
 total_blobs=3326 nmethods=1463 adapters=922
 compilation: enabled
              stopped_count=0, restarted_count=0
 full_count=0

Compilation events (20 events):
Event: 52.260 Thread 0x000002a97a797800 1456       4       guis.UIBoxState::drawBox (178 bytes)
Event: 52.270 Thread 0x000002a97a797800 nmethod 1456 0x000002a9663e5010 code [0x000002a9663e5240, 0x000002a9663e5968]
Event: 54.327 Thread 0x000002a97a797800 1457       4       guis.UIBoxState::loadList (365 bytes)
Event: 54.393 Thread 0x000002a97a797800 nmethod 1457 0x000002a9663e6010 code [0x000002a9663e6320, 0x000002a9663e8a90]
Event: 54.393 Thread 0x000002a97a797800 1458       4       guis.UIBox::getUIState (51 bytes)
Event: 54.394 Thread 0x000002a97a797800 nmethod 1458 0x000002a9663e9f90 code [0x000002a9663ea120, 0x000002a9663ea2b8]
Event: 54.407 Thread 0x000002a97a797800 1459       4       org.joml.Vector2f::equals (71 bytes)
Event: 54.409 Thread 0x000002a97a797800 nmethod 1459 0x000002a9663ea490 code [0x000002a9663ea620, 0x000002a9663ea7b8]
Event: 54.824 Thread 0x000002a97a797800 1460       4       java.lang.Float::hashCode (8 bytes)
Event: 54.825 Thread 0x000002a97a797800 nmethod 1460 0x000002a9663ea910 code [0x000002a9663eaaa0, 0x000002a9663eab38]
Event: 56.521 Thread 0x000002a97a797800 1461       4       Items.Inventory::getItems (45 bytes)
Event: 56.528 Thread 0x000002a97a797800 nmethod 1461 0x000002a9663eac10 code [0x000002a9663eadc0, 0x000002a9663eb218]
Event: 61.943 Thread 0x000002a97a797800 1462       4       gameEngine.MatrixMath::getMatrix (56 bytes)
Event: 61.948 Thread 0x000002a97a797800 nmethod 1462 0x000002a9663eb590 code [0x000002a9663eb800, 0x000002a9663ebcf8]
Event: 63.007 Thread 0x000002a97a797800 1464       4       guis.UIBoxState::setActiveElementBySameOffset (106 bytes)
Event: 63.023 Thread 0x000002a97a797800 nmethod 1464 0x000002a9663ec090 code [0x000002a9663ec280, 0x000002a9663ecb48]
Event: 63.023 Thread 0x000002a97a797800 1463       4       guis.UIBoxState::relpaceALLActive (14 bytes)
Event: 63.024 Thread 0x000002a97a797800 nmethod 1463 0x000002a9663ed310 code [0x000002a9663ed4c0, 0x000002a9663ed5a8]
Event: 69.607 Thread 0x000002a97a797800 1465       4       textrendering.TextBuilder::UIDebugdrawString (26 bytes)
Event: 69.609 Thread 0x000002a97a797800 nmethod 1465 0x000002a9663ed690 code [0x000002a9663ed840, 0x000002a9663eda08]

GC Heap History (20 events):
Event: 29.763 GC heap before
{Heap before GC invocations=4 (full 0):
 garbage-first heap   total 260096K, used 78848K [0x0000000702200000, 0x0000000800000000)
  region size 1024K, 12 young (12288K), 2 survivors (2048K)
 Metaspace       used 7720K, capacity 10531K, committed 10752K, reserved 1058816K
  class space    used 367K, capacity 687K, committed 768K, reserved 1048576K
}
Event: 29.779 GC heap after
{Heap after GC invocations=5 (full 0):
 garbage-first heap   total 260096K, used 72257K [0x0000000702200000, 0x0000000800000000)
  region size 1024K, 2 young (2048K), 2 survivors (2048K)
 Metaspace       used 7720K, capacity 10531K, committed 10752K, reserved 1058816K
  class space    used 367K, capacity 687K, committed 768K, reserved 1048576K
}
Event: 31.815 GC heap before
{Heap before GC invocations=5 (full 0):
 garbage-first heap   total 260096K, used 82497K [0x0000000702200000, 0x0000000800000000)
  region size 1024K, 12 young (12288K), 2 survivors (2048K)
 Metaspace       used 7720K, capacity 10531K, committed 10752K, reserved 1058816K
  class space    used 367K, capacity 687K, committed 768K, reserved 1048576K
}
Event: 31.832 GC heap after
{Heap after GC invocations=6 (full 0):
 garbage-first heap   total 260096K, used 75621K [0x0000000702200000, 0x0000000800000000)
  region size 1024K, 2 young (2048K), 2 survivors (2048K)
 Metaspace       used 7720K, capacity 10531K, committed 10752K, reserved 1058816K
  class space    used 367K, capacity 687K, committed 768K, reserved 1048576K
}
Event: 33.880 GC heap before
{Heap before GC invocations=6 (full 0):
 garbage-first heap   total 260096K, used 85861K [0x0000000702200000, 0x0000000800000000)
  region size 1024K, 12 young (12288K), 2 survivors (2048K)
 Metaspace       used 7720K, capacity 10531K, committed 10752K, reserved 1058816K
  class space    used 367K, capacity 687K, committed 768K, reserved 1048576K
}
Event: 33.896 GC heap after
{Heap after GC invocations=7 (full 0):
 garbage-first heap   total 260096K, used 78954K [0x0000000702200000, 0x0000000800000000)
  region size 1024K, 2 young (2048K), 2 survivors (2048K)
 Metaspace       used 7720K, capacity 10531K, committed 10752K, reserved 1058816K
  class space    used 367K, capacity 687K, committed 768K, reserved 1048576K
}
Event: 35.945 GC heap before
{Heap before GC invocations=7 (full 0):
 garbage-first heap   total 260096K, used 89194K [0x0000000702200000, 0x0000000800000000)
  region size 1024K, 12 young (12288K), 2 survivors (2048K)
 Metaspace       used 7720K, capacity 10531K, committed 10752K, reserved 1058816K
  class space    used 367K, capacity 687K, committed 768K, reserved 1048576K
}
Event: 35.961 GC heap after
{Heap after GC invocations=8 (full 0):
 garbage-first heap   total 260096K, used 82333K [0x0000000702200000, 0x0000000800000000)
  region size 1024K, 2 young (2048K), 2 survivors (2048K)
 Metaspace       used 7720K, capacity 10531K, committed 10752K, reserved 1058816K
  class space    used 367K, capacity 687K, committed 768K, reserved 1048576K
}
Event: 43.879 GC heap before
{Heap before GC invocations=8 (full 0):
 garbage-first heap   total 260096K, used 121245K [0x0000000702200000, 0x0000000800000000)
  region size 1024K, 40 young (40960K), 2 survivors (2048K)
 Metaspace       used 7720K, capacity 10531K, committed 10752K, reserved 1058816K
  class space    used 367K, capacity 687K, committed 768K, reserved 1048576K
}
Event: 43.937 GC heap after
{Heap after GC invocations=9 (full 0):
 garbage-first heap   total 260096K, used 102502K [0x0000000702200000, 0x0000000800000000)
  region size 1024K, 5 young (5120K), 5 survivors (5120K)
 Metaspace       used 7720K, capacity 10531K, committed 10752K, reserved 1058816K
  class space    used 367K, capacity 687K, committed 768K, reserved 1048576K
}
Event: 58.459 GC heap before
{Heap before GC invocations=9 (full 0):
 garbage-first heap   total 260096K, used 174182K [0x0000000702200000, 0x0000000800000000)
  region size 1024K, 75 young (76800K), 5 survivors (5120K)
 Metaspace       used 7720K, capacity 10531K, committed 10752K, reserved 1058816K
  class space    used 367K, capacity 687K, committed 768K, reserved 1048576K
}
Event: 58.565 GC heap after
{Heap after GC invocations=10 (full 0):
 garbage-first heap   total 260096K, used 138240K [0x0000000702200000, 0x0000000800000000)
  region size 1024K, 10 young (10240K), 10 survivors (10240K)
 Metaspace       used 7720K, capacity 10531K, committed 10752K, reserved 1058816K
  class space    used 367K, capacity 687K, committed 768K, reserved 1048576K
}
Event: 68.158 GC heap before
{Heap before GC invocations=10 (full 0):
 garbage-first heap   total 260096K, used 185344K [0x0000000702200000, 0x0000000800000000)
  region size 1024K, 56 young (57344K), 10 survivors (10240K)
 Metaspace       used 7720K, capacity 10531K, committed 10752K, reserved 1058816K
  class space    used 367K, capacity 687K, committed 768K, reserved 1048576K
}
Event: 68.228 GC heap after
{Heap after GC invocations=11 (full 0):
 garbage-first heap   total 260096K, used 155136K [0x0000000702200000, 0x0000000800000000)
  region size 1024K, 7 young (7168K), 7 survivors (7168K)
 Metaspace       used 7720K, capacity 10531K, committed 10752K, reserved 1058816K
  class space    used 367K, capacity 687K, committed 768K, reserved 1048576K
}
Event: 78.342 GC heap before
{Heap before GC invocations=12 (full 0):
 garbage-first heap   total 261120K, used 189952K [0x0000000702200000, 0x0000000800000000)
  region size 1024K, 41 young (41984K), 7 survivors (7168K)
 Metaspace       used 7720K, capacity 10531K, committed 10752K, reserved 1058816K
  class space    used 367K, capacity 687K, committed 768K, reserved 1048576K
}
Event: 78.395 GC heap after
{Heap after GC invocations=13 (full 0):
 garbage-first heap   total 313344K, used 167424K [0x0000000702200000, 0x0000000800000000)
  region size 1024K, 6 young (6144K), 6 survivors (6144K)
 Metaspace       used 7720K, capacity 10531K, committed 10752K, reserved 1058816K
  class space    used 367K, capacity 687K, committed 768K, reserved 1048576K
}
Event: 81.492 GC heap before
{Heap before GC invocations=13 (full 0):
 garbage-first heap   total 313344K, used 176640K [0x0000000702200000, 0x0000000800000000)
  region size 1024K, 15 young (15360K), 6 survivors (6144K)
 Metaspace       used 7720K, capacity 10531K, committed 10752K, reserved 1058816K
  class space    used 367K, capacity 687K, committed 768K, reserved 1048576K
}
Event: 81.506 GC heap after
{Heap after GC invocations=14 (full 0):
 garbage-first heap   total 313344K, used 135168K [0x0000000702200000, 0x0000000800000000)
  region size 1024K, 2 young (2048K), 2 survivors (2048K)
 Metaspace       used 7720K, capacity 10531K, committed 10752K, reserved 1058816K
  class space    used 367K, capacity 687K, committed 768K, reserved 1048576K
}
Event: 86.377 GC heap before
{Heap before GC invocations=14 (full 0):
 garbage-first heap   total 313344K, used 148480K [0x0000000702200000, 0x0000000800000000)
  region size 1024K, 15 young (15360K), 2 survivors (2048K)
 Metaspace       used 7720K, capacity 10531K, committed 10752K, reserved 1058816K
  class space    used 367K, capacity 687K, committed 768K, reserved 1048576K
}
Event: 86.401 GC heap after
{Heap after GC invocations=15 (full 0):
 garbage-first heap   total 313344K, used 109720K [0x0000000702200000, 0x0000000800000000)
  region size 1024K, 2 young (2048K), 2 survivors (2048K)
 Metaspace       used 7720K, capacity 10531K, committed 10752K, reserved 1058816K
  class space    used 367K, capacity 687K, committed 768K, reserved 1048576K
}

Deoptimization events (20 events):
Event: 25.335 Thread 0x000002a979eed000 DEOPT PACKING pc=0x000002a95f0ab9c2 sp=0x000000e49f3ff450
Event: 25.335 Thread 0x000002a979eed000 DEOPT UNPACKING pc=0x000002a95e8a964e sp=0x000000e49f3fe960 mode 0
Event: 25.338 Thread 0x000002a979eed000 DEOPT PACKING pc=0x000002a95f0ab9c2 sp=0x000000e49f3ff450
Event: 25.338 Thread 0x000002a979eed000 DEOPT UNPACKING pc=0x000002a95e8a964e sp=0x000000e49f3fe960 mode 0
Event: 25.341 Thread 0x000002a979eed000 DEOPT PACKING pc=0x000002a95f0ab9c2 sp=0x000000e49f3ff450
Event: 25.341 Thread 0x000002a979eed000 DEOPT UNPACKING pc=0x000002a95e8a964e sp=0x000000e49f3fe960 mode 0
Event: 25.343 Thread 0x000002a979eed000 DEOPT PACKING pc=0x000002a95f0ab9c2 sp=0x000000e49f3ff450
Event: 25.343 Thread 0x000002a979eed000 DEOPT UNPACKING pc=0x000002a95e8a964e sp=0x000000e49f3fe960 mode 0
Event: 25.346 Thread 0x000002a979eed000 DEOPT PACKING pc=0x000002a95f0ab9c2 sp=0x000000e49f3ff450
Event: 25.346 Thread 0x000002a979eed000 DEOPT UNPACKING pc=0x000002a95e8a964e sp=0x000000e49f3fe960 mode 0
Event: 25.364 Thread 0x000002a979eed000 Uncommon trap: trap_request=0xffffffde fr.pc=0x000002a9663d25cc relative=0x0000000000000bcc
Event: 25.364 Thread 0x000002a979eed000 Uncommon trap: reason=class_check action=maybe_recompile pc=0x000002a9663d25cc method=java.lang.ref.Reference.processPendingReferences()V @ 44 c2
Event: 25.364 Thread 0x000002a979eed000 DEOPT PACKING pc=0x000002a9663d25cc sp=0x000000e49f3ff4b0
Event: 25.364 Thread 0x000002a979eed000 DEOPT UNPACKING pc=0x000002a95e8a912f sp=0x000000e49f3ff468 mode 2
Event: 27.727 Thread 0x000002a979eed000 DEOPT PACKING pc=0x000002a95f0ad2f2 sp=0x000000e49f3ff450
Event: 27.727 Thread 0x000002a979eed000 DEOPT UNPACKING pc=0x000002a95e8a964e sp=0x000000e49f3fe960 mode 0
Event: 27.738 Thread 0x000002a979eed000 Uncommon trap: trap_request=0xffffff45 fr.pc=0x000002a9663d26ec relative=0x0000000000000cec
Event: 27.738 Thread 0x000002a979eed000 Uncommon trap: reason=unstable_if action=reinterpret pc=0x000002a9663d26ec method=java.lang.ref.Reference.processPendingReferences()V @ 28 c2
Event: 27.738 Thread 0x000002a979eed000 DEOPT PACKING pc=0x000002a9663d26ec sp=0x000000e49f3ff4b0
Event: 27.738 Thread 0x000002a979eed000 DEOPT UNPACKING pc=0x000002a95e8a912f sp=0x000000e49f3ff468 mode 2

Classes unloaded (0 events):
No events

Classes redefined (0 events):
No events

Internal exceptions (7 events):
Event: 0.280 Thread 0x000002a953f6e000 Exception <a 'java/lang/NoSuchMethodError'{0x000000071169c3f0}: 'void java.lang.invoke.DelegatingMethodHandle$Holder.delegate(java.lang.Object, java.lang.Object, int, java.lang.Object)'> (0x000000071169c3f0) 
thrown [c:/cygwin64/tmp/openjdk-jdk13u-windows-x64-hotspot/workspace/build/src/src/hotspot/share/interpreter/linkResolver.cpp, line 767]
Event: 0.281 Thread 0x000002a953f6e000 Exception <a 'java/lang/NoSuchMethodError'{0x00000007116a3148}: 'java.lang.Object java.lang.invoke.DirectMethodHandle$Holder.invokeStaticInit(java.lang.Object, java.lang.Object, java.lang.Object)'> (0x00000007116a3148) 
thrown [c:/cygwin64/tmp/openjdk-jdk13u-windows-x64-hotspot/workspace/build/src/src/hotspot/share/interpreter/linkResolver.cpp, line 767]
Event: 1.620 Thread 0x000002a953f6e000 Exception <a 'sun/nio/fs/WindowsException'{0x0000000710fc6918}> (0x0000000710fc6918) 
thrown [c:/cygwin64/tmp/openjdk-jdk13u-windows-x64-hotspot/workspace/build/src/src/hotspot/share/prims/jni.cpp, line 598]
Event: 1.620 Thread 0x000002a953f6e000 Exception <a 'sun/nio/fs/WindowsException'{0x0000000710fc6df8}> (0x0000000710fc6df8) 
thrown [c:/cygwin64/tmp/openjdk-jdk13u-windows-x64-hotspot/workspace/build/src/src/hotspot/share/prims/jni.cpp, line 598]
Event: 15.546 Thread 0x000002a953f6e000 Implicit null exception at 0x000002a9663b50e6 to 0x000002a9663b5324
Event: 15.546 Thread 0x000002a953f6e000 Implicit null exception at 0x000002a9663b0130 to 0x000002a9663b0531
Event: 27.738 Thread 0x000002a979eed000 Implicit null exception at 0x000002a9663d1c22 to 0x000002a9663d26e2

Events (20 events):
Event: 33.880 Executing VM operation: G1CollectForAllocation
Event: 33.896 Executing VM operation: G1CollectForAllocation done
Event: 35.945 Executing VM operation: G1CollectForAllocation
Event: 35.961 Executing VM operation: G1CollectForAllocation done
Event: 43.879 Executing VM operation: G1CollectForAllocation
Event: 43.937 Executing VM operation: G1CollectForAllocation done
Event: 58.459 Executing VM operation: G1CollectForAllocation
Event: 58.565 Executing VM operation: G1CollectForAllocation done
Event: 68.158 Executing VM operation: G1CollectForAllocation
Event: 68.229 Executing VM operation: G1CollectForAllocation done
Event: 68.485 Executing VM operation: G1Concurrent
Event: 68.522 Executing VM operation: G1Concurrent done
Event: 68.628 Executing VM operation: G1Concurrent
Event: 68.629 Executing VM operation: G1Concurrent done
Event: 78.342 Executing VM operation: G1CollectForAllocation
Event: 78.395 Executing VM operation: G1CollectForAllocation done
Event: 81.492 Executing VM operation: G1CollectForAllocation
Event: 81.506 Executing VM operation: G1CollectForAllocation done
Event: 86.376 Executing VM operation: G1CollectForAllocation
Event: 86.401 Executing VM operation: G1CollectForAllocation done


Dynamic libraries:
0x00007ff69fcd0000 - 0x00007ff69fcdd000 	C:\Program Files\AdoptOpenJDK\jdk-13.0.1.9-hotspot\bin\javaw.exe
0x00007ffe4dca0000 - 0x00007ffe4de90000 	C:\WINDOWS\SYSTEM32\ntdll.dll
0x00007ffe4cf60000 - 0x00007ffe4d012000 	C:\WINDOWS\System32\KERNEL32.DLL
0x00007ffe4b200000 - 0x00007ffe4b4a3000 	C:\WINDOWS\System32\KERNELBASE.dll
0x00007ffe4b060000 - 0x00007ffe4b15a000 	C:\WINDOWS\System32\ucrtbase.dll
0x00007ffe47080000 - 0x00007ffe47098000 	C:\Program Files\AdoptOpenJDK\jdk-13.0.1.9-hotspot\bin\jli.dll
0x00007ffe3efe0000 - 0x00007ffe3eff6000 	C:\Program Files\AdoptOpenJDK\jdk-13.0.1.9-hotspot\bin\VCRUNTIME140.dll
0x00007ffe4c160000 - 0x00007ffe4c2f4000 	C:\WINDOWS\System32\USER32.dll
0x00007ffe4b030000 - 0x00007ffe4b051000 	C:\WINDOWS\System32\win32u.dll
0x00007ffe4dab0000 - 0x00007ffe4dad6000 	C:\WINDOWS\System32\GDI32.dll
0x00007ffe4ac30000 - 0x00007ffe4adc4000 	C:\WINDOWS\System32\gdi32full.dll
0x00007ffe39c60000 - 0x00007ffe39ee5000 	C:\WINDOWS\WinSxS\amd64_microsoft.windows.common-controls_6595b64144ccf1df_6.0.18362.535_none_e6c3b34713100821\COMCTL32.dll
0x00007ffe4b160000 - 0x00007ffe4b1fe000 	C:\WINDOWS\System32\msvcp_win.dll
0x00007ffe4c010000 - 0x00007ffe4c0ae000 	C:\WINDOWS\System32\msvcrt.dll
0x00007ffe4d640000 - 0x00007ffe4d976000 	C:\WINDOWS\System32\combase.dll
0x00007ffe4c4e0000 - 0x00007ffe4c600000 	C:\WINDOWS\System32\RPCRT4.dll
0x00007ffe4af50000 - 0x00007ffe4afd0000 	C:\WINDOWS\System32\bcryptPrimitives.dll
0x00007ffe4c370000 - 0x00007ffe4c39e000 	C:\WINDOWS\System32\IMM32.DLL
0x00007ffe1a0a0000 - 0x00007ffe1a13b000 	C:\Program Files\AdoptOpenJDK\jdk-13.0.1.9-hotspot\bin\msvcp140.dll
0x00007ffdcff30000 - 0x00007ffdd0b24000 	C:\Program Files\AdoptOpenJDK\jdk-13.0.1.9-hotspot\bin\server\jvm.dll
0x00007ffe4dbb0000 - 0x00007ffe4dc53000 	C:\WINDOWS\System32\ADVAPI32.dll
0x00007ffe4c3a0000 - 0x00007ffe4c437000 	C:\WINDOWS\System32\sechost.dll
0x00007ffe4c000000 - 0x00007ffe4c008000 	C:\WINDOWS\System32\PSAPI.DLL
0x00007ffe26b40000 - 0x00007ffe26b49000 	C:\WINDOWS\SYSTEM32\WSOCK32.dll
0x00007ffe48190000 - 0x00007ffe481b4000 	C:\WINDOWS\SYSTEM32\WINMM.dll
0x00007ffe3f8f0000 - 0x00007ffe3f8fa000 	C:\WINDOWS\SYSTEM32\VERSION.dll
0x00007ffe4c300000 - 0x00007ffe4c36f000 	C:\WINDOWS\System32\WS2_32.dll
0x00007ffe48160000 - 0x00007ffe4818d000 	C:\WINDOWS\SYSTEM32\winmmbase.dll
0x00007ffe4bd00000 - 0x00007ffe4bd4a000 	C:\WINDOWS\System32\cfgmgr32.dll
0x00007ffe4ac10000 - 0x00007ffe4ac21000 	C:\WINDOWS\System32\kernel.appcore.dll
0x00007ffe41dc0000 - 0x00007ffe41dd0000 	C:\Program Files\AdoptOpenJDK\jdk-13.0.1.9-hotspot\bin\verify.dll
0x00007ffe49550000 - 0x00007ffe49744000 	C:\WINDOWS\SYSTEM32\DBGHELP.DLL
0x00007ffe2da70000 - 0x00007ffe2da9a000 	C:\WINDOWS\SYSTEM32\dbgcore.DLL
0x00007ffe38aa0000 - 0x00007ffe38ac6000 	C:\Program Files\AdoptOpenJDK\jdk-13.0.1.9-hotspot\bin\java.dll
0x00007ffe2d170000 - 0x00007ffe2d187000 	C:\Program Files\AdoptOpenJDK\jdk-13.0.1.9-hotspot\bin\zip.dll
0x00007ffe41d60000 - 0x00007ffe41d6a000 	C:\Program Files\AdoptOpenJDK\jdk-13.0.1.9-hotspot\bin\jimage.dll
0x00007ffe4c6c0000 - 0x00007ffe4cda5000 	C:\WINDOWS\System32\SHELL32.dll
0x00007ffe4c0b0000 - 0x00007ffe4c159000 	C:\WINDOWS\System32\shcore.dll
0x00007ffe4b4b0000 - 0x00007ffe4bc2f000 	C:\WINDOWS\System32\windows.storage.dll
0x00007ffe4abf0000 - 0x00007ffe4ac0f000 	C:\WINDOWS\System32\profapi.dll
0x00007ffe4aba0000 - 0x00007ffe4abea000 	C:\WINDOWS\System32\powrprof.dll
0x00007ffe4ab70000 - 0x00007ffe4ab80000 	C:\WINDOWS\System32\UMPDC.dll
0x00007ffe4bfa0000 - 0x00007ffe4bff2000 	C:\WINDOWS\System32\shlwapi.dll
0x00007ffe4bc30000 - 0x00007ffe4bc47000 	C:\WINDOWS\System32\cryptsp.dll
0x00007ffe28400000 - 0x00007ffe28419000 	C:\Program Files\AdoptOpenJDK\jdk-13.0.1.9-hotspot\bin\net.dll
0x00007ffe3b0c0000 - 0x00007ffe3b1b0000 	C:\WINDOWS\SYSTEM32\WINHTTP.dll
0x00007ffe4a3e0000 - 0x00007ffe4a447000 	C:\WINDOWS\system32\mswsock.dll
0x00007ffe283e0000 - 0x00007ffe283f3000 	C:\Program Files\AdoptOpenJDK\jdk-13.0.1.9-hotspot\bin\nio.dll
0x00007ffe1b190000 - 0x00007ffe1b1f0000 	C:\Users\jtkom\AppData\Local\Temp\lwjgljtkom\3.2.1-build-3\lwjgl.dll
0x00007ffe12a60000 - 0x00007ffe12abe000 	C:\Users\jtkom\AppData\Local\Temp\lwjgljtkom\3.2.1-build-3\glfw.dll
0x00007ffe48b90000 - 0x00007ffe48c29000 	C:\WINDOWS\system32\uxtheme.dll
0x00007ffe12540000 - 0x00007ffe12583000 	C:\WINDOWS\SYSTEM32\dinput8.dll
0x00007ffe237e0000 - 0x00007ffe237f1000 	C:\WINDOWS\SYSTEM32\xinput1_4.dll
0x00007ffe4a970000 - 0x00007ffe4a99a000 	C:\WINDOWS\SYSTEM32\DEVOBJ.dll
0x00007ffe48ee0000 - 0x00007ffe48f0d000 	C:\WINDOWS\SYSTEM32\dwmapi.dll
0x00007ffe3e330000 - 0x00007ffe3e44a000 	C:\WINDOWS\SYSTEM32\inputhost.dll
0x00007ffe46590000 - 0x00007ffe466e3000 	C:\WINDOWS\SYSTEM32\wintypes.dll
0x00007ffe467c0000 - 0x00007ffe46aea000 	C:\WINDOWS\SYSTEM32\CoreUIComponents.dll
0x00007ffe487e0000 - 0x00007ffe488b4000 	C:\WINDOWS\SYSTEM32\CoreMessaging.dll
0x00007ffe471d0000 - 0x00007ffe472bf000 	C:\WINDOWS\SYSTEM32\PROPSYS.dll
0x00007ffe4d980000 - 0x00007ffe4da44000 	C:\WINDOWS\System32\OLEAUT32.dll
0x00007ffe49cc0000 - 0x00007ffe49cf1000 	C:\WINDOWS\SYSTEM32\ntmarta.dll
0x00007ffe4d500000 - 0x00007ffe4d635000 	C:\WINDOWS\System32\MSCTF.dll
0x00007ffde38d0000 - 0x00007ffde39dd000 	C:\Program Files (x86)\Razer\Razer Cortex\x64\k_fps64.dll
0x00007ffde3660000 - 0x00007ffde38cf000 	C:\Program Files (x86)\Razer\Razer Cortex\x64\D3DCOMPILER_43.dll
0x00007ffde3600000 - 0x00007ffde3657000 	C:\Program Files (x86)\Razer\Razer Cortex\x64\EasyHook64.dll
0x00007ffdf8200000 - 0x00007ffdf827f000 	C:\Program Files (x86)\Razer\Razer Cortex\x64\d3dx10_43.dll
0x00007ffe4bd50000 - 0x00007ffe4bea6000 	C:\WINDOWS\System32\ole32.dll
0x00007ffe1f540000 - 0x00007ffe1f696000 	C:\WINDOWS\SYSTEM32\OPENGL32.dll
0x00007ffde3390000 - 0x00007ffde35f3000 	C:\Program Files (x86)\Razer\Razer Cortex\x64\d3dx9_43.dll
0x00007ffe25be0000 - 0x00007ffe25c0c000 	C:\WINDOWS\SYSTEM32\GLU32.dll
0x00007ffe497c0000 - 0x00007ffe497e0000 	C:\WINDOWS\SYSTEM32\dxcore.dll
0x00007ffe49420000 - 0x00007ffe4942e000 	C:\WINDOWS\SYSTEM32\HID.DLL
0x00007ffe4d020000 - 0x00007ffe4d490000 	C:\WINDOWS\System32\SETUPAPI.DLL
0x00007ffe4add0000 - 0x00007ffe4adf6000 	C:\WINDOWS\System32\bcrypt.dll
0x00007ffe4afd0000 - 0x00007ffe4b02c000 	C:\WINDOWS\System32\WINTRUST.dll
0x00007ffe4ab80000 - 0x00007ffe4ab92000 	C:\WINDOWS\System32\MSASN1.dll
0x00007ffe4ae00000 - 0x00007ffe4af49000 	C:\WINDOWS\System32\CRYPT32.dll
0x0000000069440000 - 0x000000006ba79000 	C:\WINDOWS\System32\DriverStore\FileRepository\nvlti.inf_amd64_c0cfdefe088aa746\nvoglv64.dll
0x00007ffe47330000 - 0x00007ffe47343000 	C:\WINDOWS\SYSTEM32\WTSAPI32.dll
0x00007ffdfbae0000 - 0x00007ffdfbda2000 	C:\WINDOWS\system32\nvspcap64.dll
0x00007ffe49f80000 - 0x00007ffe49fdc000 	C:\WINDOWS\SYSTEM32\WINSTA.dll
0x00007ffe49850000 - 0x00007ffe4993b000 	C:\WINDOWS\SYSTEM32\dxgi.dll
0x00007ffe47aa0000 - 0x00007ffe47cfb000 	C:\WINDOWS\SYSTEM32\d3d11.dll
0x00007ffe1adb0000 - 0x00007ffe1ae9e000 	C:\WINDOWS\System32\DriverStore\FileRepository\nvlti.inf_amd64_c0cfdefe088aa746\nvldumdx.dll
0x00007ffe4c4c0000 - 0x00007ffe4c4dd000 	C:\WINDOWS\System32\imagehlp.dll
0x00007ffe49ef0000 - 0x00007ffe49f23000 	C:\WINDOWS\system32\rsaenh.dll
0x00007ffe4a5b0000 - 0x00007ffe4a5bc000 	C:\WINDOWS\SYSTEM32\CRYPTBASE.dll
0x00007ffdec090000 - 0x00007ffdee6eb000 	C:\WINDOWS\System32\DriverStore\FileRepository\nvlti.inf_amd64_c0cfdefe088aa746\nvwgf2umx.dll
0x00007ffe3a3b0000 - 0x00007ffe3a8a7000 	C:\WINDOWS\SYSTEM32\nvapi64.dll
0x00007ffe3e450000 - 0x00007ffe3e4ee000 	C:\WINDOWS\System32\TextInputFramework.dll
0x00007ffe3cd50000 - 0x00007ffe3cff6000 	C:\WINDOWS\System32\iertutil.dll
0x00007ffe10810000 - 0x00007ffe1086a000 	C:\Users\jtkom\AppData\Local\Temp\lwjgljtkom\3.2.1-build-3\lwjgl_opengl.dll
0x00007ffe47070000 - 0x00007ffe47073000 	C:\Users\jtkom\AppData\Local\Temp\jomljtkom\a2476102\joml.dll
0x00007ffe41f30000 - 0x00007ffe42d80000 	C:\WINDOWS\System32\DriverStore\FileRepository\igdlh64.inf_amd64_ba34b5e302b5992f\igd10iumd64.dll
0x00007ffe4a6b0000 - 0x00007ffe4a6d6000 	C:\WINDOWS\SYSTEM32\ncrypt.dll
0x00007ffe4a670000 - 0x00007ffe4a6ab000 	C:\WINDOWS\SYSTEM32\NTASN1.dll
0x00007ffe41bb0000 - 0x00007ffe41ccd000 	C:\WINDOWS\System32\DriverStore\FileRepository\igdlh64.inf_amd64_ba34b5e302b5992f\igdgmm64.dll
0x00007ffe3f900000 - 0x00007ffe41ba5000 	C:\WINDOWS\System32\DriverStore\FileRepository\igdlh64.inf_amd64_ba34b5e302b5992f\igc64.dll

dbghelp: loaded successfully - version: 4.0.5 - missing functions: none
symbol engine: initialized successfully - sym options: 0x614 - pdb path: .;C:\Program Files\AdoptOpenJDK\jdk-13.0.1.9-hotspot\bin;C:\WINDOWS\SYSTEM32;C:\WINDOWS\WinSxS\amd64_microsoft.windows.common-controls_6595b64144ccf1df_6.0.18362.535_none_e6c3b34713100821;C:\Program Files\AdoptOpenJDK\jdk-13.0.1.9-hotspot\bin\server;C:\Users\jtkom\AppData\Local\Temp\lwjgljtkom\3.2.1-build-3;C:\Program Files (x86)\Razer\Razer Cortex\x64;C:\WINDOWS\System32\DriverStore\FileRepository\nvlti.inf_amd64_c0cfdefe088aa746;C:\Users\jtkom\AppData\Local\Temp\jomljtkom\a2476102;C:\WINDOWS\System32\DriverStore\FileRepository\igdlh64.inf_amd64_ba34b5e302b5992f

VM Arguments:
jvm_args: -Dfile.encoding=Cp1252 
java_command: gameEngine.Start
java_class_path (initial): D:\game3\Game\src;D:\game3\Game\libwin\joml-1.9.9-sources.jar;D:\game3\Game\libwin\joml-1.9.9.jar;D:\game3\Game\libwin\lwjgl-assimp-javadoc.jar;D:\game3\Game\libwin\lwjgl-assimp-natives-windows.jar;D:\game3\Game\libwin\lwjgl-assimp-sources.jar;D:\game3\Game\libwin\lwjgl-assimp.jar;D:\game3\Game\libwin\lwjgl-bgfx-javadoc.jar;D:\game3\Game\libwin\lwjgl-bgfx-natives-windows.jar;D:\game3\Game\libwin\lwjgl-bgfx-sources.jar;D:\game3\Game\libwin\lwjgl-bgfx.jar;D:\game3\Game\libwin\lwjgl-egl-javadoc.jar;D:\game3\Game\libwin\lwjgl-egl-sources.jar;D:\game3\Game\libwin\lwjgl-egl.jar;D:\game3\Game\libwin\lwjgl-glfw-javadoc.jar;D:\game3\Game\libwin\lwjgl-glfw-natives-windows.jar;D:\game3\Game\libwin\lwjgl-glfw-sources.jar;D:\game3\Game\libwin\lwjgl-glfw.jar;D:\game3\Game\libwin\lwjgl-javadoc.jar;D:\game3\Game\libwin\lwjgl-jawt-javadoc.jar;D:\game3\Game\libwin\lwjgl-jawt-sources.jar;D:\game3\Game\libwin\lwjgl-jawt.jar;D:\game3\Game\libwin\lwjgl-jemalloc-javadoc.jar;D:\game3\Game\libwin\lwjgl-jemalloc-natives-windows.jar;D:\game3\Game\libwin\lwjgl-jemalloc-sources.jar;D:\game3\Game\libwin\lwjgl-jemalloc.jar;D:\game3\Game\libwin\lwjgl-lmdb-javadoc.jar;D:\game3\Game\libwin\lwjgl-lmdb-natives-windows.jar;D:\game3\Game\libwin\lwjgl-lmdb-sources.jar;D:\game3\Game\libwin\lwjgl-lmdb.jar;D:\game3\Game\libwin\lwjgl-lz4-javadoc.jar;D:\game3\Game\libwin\lwjgl-lz4-natives-windows.jar;D:\game3\Game\libwin\lwjgl-lz4-sources.jar;D:\game3\Game\libwin\lwjgl-lz4.jar;D:\game3\Game\libwin\lwjgl-nanovg-javadoc.jar;D:\game3\Game\libwin\lwjgl-nanovg-natives-windows.jar;D:\game3\Game\libwin\lwjgl-nanovg-sources.jar;D:\game3\Game\libwin\lwjgl-nanovg.jar;D:\game3\Game\libwin\lwjgl-natives-windows.jar;D:\game3\Game\libwin\lwjgl-nfd-javadoc.jar;D:\game3\Game\libwin\lwjgl-nfd-natives-windows.jar;D:\game3\Game\libwin\lwjgl-nfd-sources.jar;D:\game3\Game\libwin\lwjgl-nfd.jar;D:\game3\Game\libwin\lwjgl-nuklear-javadoc.jar;D:\game3\Game\libwin\lwjgl-nuklear-natives-windows.jar;D:\game3
Launcher Type: SUN_STANDARD

[Global flags]
     intx CICompilerCount                          = 4                                         {product} {ergonomic}
     uint ConcGCThreads                            = 2                                         {product} {ergonomic}
     uint G1ConcRefinementThreads                  = 8                                         {product} {ergonomic}
   size_t G1HeapRegionSize                         = 1048576                                   {product} {ergonomic}
    uintx GCDrainStackTargetSize                   = 64                                        {product} {ergonomic}
   size_t InitialHeapSize                          = 266338304                                 {product} {ergonomic}
   size_t MarkStackSize                            = 4194304                                   {product} {ergonomic}
   size_t MaxHeapSize                              = 4259315712                                {product} {ergonomic}
   size_t MaxNewSize                               = 2555379712                                {product} {ergonomic}
   size_t MinHeapDeltaBytes                        = 1048576                                   {product} {ergonomic}
   size_t MinHeapSize                              = 8388608                                   {product} {ergonomic}
    uintx NonNMethodCodeHeapSize                   = 5836300                                {pd product} {ergonomic}
    uintx NonProfiledCodeHeapSize                  = 122910970                              {pd product} {ergonomic}
    uintx ProfiledCodeHeapSize                     = 122910970                              {pd product} {ergonomic}
    uintx ReservedCodeCacheSize                    = 251658240                              {pd product} {ergonomic}
     bool SegmentedCodeCache                       = true                                      {product} {ergonomic}
   size_t SoftMaxHeapSize                          = 4259315712                             {manageable} {ergonomic}
     bool UseCompressedClassPointers               = true                                 {lp64_product} {ergonomic}
     bool UseCompressedOops                        = true                                 {lp64_product} {ergonomic}
     bool UseG1GC                                  = true                                      {product} {ergonomic}
     bool UseLargePagesIndividualAllocation        = false                                  {pd product} {ergonomic}

Logging:
Log output configuration:
 #0: stdout all=warning uptime,level,tags
 #1: stderr all=off uptime,level,tags

Environment Variables:
JAVA_HOME=C:\Program Files\Java\jdk-10.0.2
PATH=C:/Program Files/AdoptOpenJDK/jdk-13.0.1.9-hotspot/bin/client;C:/Program Files/AdoptOpenJDK/jdk-13.0.1.9-hotspot/bin;C:\Program Files\AdoptOpenJDK\jdk-13.0.1.9-hotspot\bin;C:\Program Files\Python37\Scripts\;C:\Program Files\Python37\;C:\Program Files (x86)\Common Files\Oracle\Java\javapath;C:\Program Files\Intel\Intel(R) Management Engine Components\iCLS\;C:\Windows\system32;C:\Windows;C:\Windows\System32\Wbem;C:\Windows\System32\WindowsPowerShell\v1.0\;C:\Windows\System32\OpenSSH\;C:\Program Files (x86)\Intel\Intel(R) Management Engine Components\DAL;C:\Program Files\Intel\Intel(R) Management Engine Components\DAL;C:\Program Files (x86)\Intel\Intel(R) Management Engine Components\IPT;C:\Program Files\Intel\Intel(R) Management Engine Components\IPT;C:\android-sdk\tools;C:\android-sdk\platform-tools;C:\Users\jtkom\AppData\Local\Microsoft\WindowsApps;C:\adb;C:\Program Files\Microsoft VS Code\bin;C:\Program Files\Git\cmd;C:\Users\jtkom\eclipse\java-photon\eclipse.exe;C:\Program Files\NASM;C:\Program Files\Python37\Scripts;C:\Program Files (x86)\NVIDIA Corporation\PhysX\Common;C:\apache-maven-3.6.0\bin;C:\Program Files\dotnet\;C:\Program Files\Java\jdk-10.0.2;C:\eda\ghdl\GHDL\20181129-mingw32-mcode\bin;C:\eda\gtkwave\gtkwave\bin;C:\eda;C:\WINDOWS\system32;C:\WINDOWS;C:\WINDOWS\System32\Wbem;C:\WINDOWS\System32\WindowsPowerShell\v1.0\;C:\WINDOWS\System32\OpenSSH\;C:\Program Files\NVIDIA Corporation\NVIDIA NvDLISR;C:\Gradle\gradle-5.6.3-all;C:\Gradle\gradle-5.6.3-all\gradle-5.6.3\bin;C:\Users\jtkom\AppData\Local\Microsoft\WindowsApps;C:\Users\jtkom\AppData\Local\GitHubDesktop\bin;C:\Users\jtkom\AppData\Local\Programs\Microsoft VS Code\bin;C:\Users\jtkom\AppData\Local\Microsoft\WindowsApps;;C:\Program Files\JetBrains\IntelliJ IDEA Community Edition 2019.2.3\bin;;C:\CodeRepository\eclipse;
USERNAME=jtkom
OS=Windows_NT
PROCESSOR_IDENTIFIER=Intel64 Family 6 Model 158 Stepping 9, GenuineIntel



---------------  S Y S T E M  ---------------

OS: Windows 10 , 64 bit Build 18362 (10.0.18362.329)

CPU:total 8 (initial active 8) (4 cores per cpu, 2 threads per core) family 6 model 158 stepping 9, cmov, cx8, fxsr, mmx, sse, sse2, sse3, ssse3, sse4.1, sse4.2, popcnt, avx, avx2, aes, clmul, erms, 3dnowpref, lzcnt, ht, tsc, tscinvbit, bmi1, bmi2, adx, fma

Memory: 4k page, system-wide physical 16244M (8058M free)
TotalPageFile size 65396M (AvailPageFile size 4M)
current process WorkingSet (physical memory assigned to process): 945M, peak: 991M
current process commit charge ("private bytes"): 6892M, peak: 6892M

vm_info: OpenJDK 64-Bit Server VM (13.0.1+9) for windows-amd64 JRE (13.0.1+9), built on Oct 26 2019 10:16:33 by "" with MS VC++ 15.8 (VS2017)

END.
