#
# A fatal error has been detected by the Java Runtime Environment:
#
#  EXCEPTION_ACCESS_VIOLATION (0xc0000005) at pc=0x00007ffd18e47f20, pid=25056, tid=21776
#
# JRE version: Java(TM) SE Runtime Environment (13.0.2+8) (build 13.0.2+8)
# Java VM: Java HotSpot(TM) 64-Bit Server VM (13.0.2+8, mixed mode, sharing, tiered, compressed oops, g1 gc, windows-amd64)
# Problematic frame:
# C  [nvoglv64.dll+0xc67f20]
#
# No core dump will be written. Minidumps are not enabled by default on client versions of Windows
#
# If you would like to submit a bug report, please visit:
#   http://bugreport.java.com/bugreport/crash.jsp
# The crash happened outside the Java Virtual Machine in native code.
# See problematic frame for where to report the bug.
#

---------------  S U M M A R Y ------------

Command Line: -Dfile.encoding=Cp1252 gameEngine.Start

Host: Intel(R) Core(TM) i7-7700HQ CPU @ 2.80GHz, 8 cores, 15G,  Windows 10 , 64 bit Build 18362 (10.0.18362.329)
Time: Tue Feb 25 16:12:24 2020 Pacific Standard Time elapsed time: 121 seconds (0d 0h 2m 1s)

---------------  T H R E A D  ---------------

Current thread (0x000001de3da9e800):  JavaThread "main" [_thread_in_native, id=21776, stack(0x000000a912d00000,0x000000a912e00000)]

Stack: [0x000000a912d00000,0x000000a912e00000],  sp=0x000000a912dff158,  free space=1020k
Native frames: (J=compiled Java code, j=interpreted, Vv=VM code, C=native code)
C  [nvoglv64.dll+0xc67f20]

Java frames: (J=compiled Java code, j=interpreted, Vv=VM code)
J 1590  org.lwjgl.opengl.GL11C.nglDrawElements(IIIJ)V (0 bytes) @ 0x000001de4fb1bc9e [0x000001de4fb1bc40+0x000000000000005e]
J 1751 c2 rendering.Render.draw(Lrendering/MultipleTextureBatchedModel;Lorg/joml/Vector2f;FF[LgameEngine/Texture;)V (160 bytes) @ 0x000001de4fb57ffc [0x000001de4fb56fc0+0x000000000000103c]
J 1808 c2 rendering.MainBatchRender.draw()V (62 bytes) @ 0x000001de4fb8d71c [0x000001de4fb8d480+0x000000000000029c]
J 1428% c2 gameEngine.Start.main([Ljava/lang/String;)V (4315 bytes) @ 0x000001de4faf24fc [0x000001de4faee000+0x00000000000044fc]
v  ~StubRoutines::call_stub

siginfo: EXCEPTION_ACCESS_VIOLATION (0xc0000005), reading address 0x0000000000000000


Register to memory mapping:

RIP=0x00007ffd18e47f20 nvoglv64.dll
RAX=0x0 is NULL
RBX=0x00000000189425d0 is an unknown value
RCX=0x000001de742a0590 points into unknown readable memory: 00 00 00 00 00 00 70 c3
RDX=0x0000000000000008 is an unknown value
RSP=0x000000a912dff158 is pointing into the stack for thread: 0x000001de3da9e800
RBP=0x0000000000000008 is an unknown value
RSI=0x0000000000000003 is an unknown value
RDI=0x000001de6b71bec0 points into unknown readable memory: 00 00 00 00 00 00 00 00
R8 =0x000000000000000c is an unknown value
R9 =0x00000000000002b0 is an unknown value
R10=0x000000000000000c is an unknown value
R11=0x0 is NULL
R12=0x000001de742a0590 points into unknown readable memory: 00 00 00 00 00 00 70 c3
R13=0x000001de6b71bb30 points into unknown readable memory: 00 00 00 00 00 00 00 00
R14=0x000001de77359418 points into unknown readable memory: 62 40 02 20 02 00 00 00
R15=0x00007ffd18e47f10 nvoglv64.dll


Registers:
RAX=0x0000000000000000, RBX=0x00000000189425d0, RCX=0x000001de742a0590, RDX=0x0000000000000008
RSP=0x000000a912dff158, RBP=0x0000000000000008, RSI=0x0000000000000003, RDI=0x000001de6b71bec0
R8 =0x000000000000000c, R9 =0x00000000000002b0, R10=0x000000000000000c, R11=0x0000000000000000
R12=0x000001de742a0590, R13=0x000001de6b71bb30, R14=0x000001de77359418, R15=0x00007ffd18e47f10
RIP=0x00007ffd18e47f20, EFLAGS=0x0000000000010202

Top of Stack: (sp=0x000000a912dff158)
0x000000a912dff158:   00007ffd18f0e593 000000001893da90
0x000000a912dff168:   0000000000000408 000001de6b6c0000
0x000000a912dff178:   0000000000008100 0000000000000000
0x000000a912dff188:   00007ffd187b4042 000001de00000000
0x000000a912dff198:   0000000000000000 000000000000000f
0x000000a912dff1a8:   0000000100000000 000001de742a0590
0x000000a912dff1b8:   00007ffd18d7ee80 00000000189425d0
0x000000a912dff1c8:   10c0000000000000 000001de64d31d00
0x000000a912dff1d8:   00007ffd18d7f472 0000000100000000
0x000000a912dff1e8:   000001de64d31d00 0000000000000000
0x000000a912dff1f8:   0000000000000000 0000000000000004
0x000000a912dff208:   000001de6b6c0000 00000000000002b0
0x000000a912dff218:   0000000000001405 0000000000000408
0x000000a912dff228:   00007ffd18eff877 000001de6b6c0000
0x000000a912dff238:   0000000000000000 00000000000002b0
0x000000a912dff248:   000001de00000000 000001de00001400 

Instructions: (pc=0x00007ffd18e47f20)
0x00007ffd18e47e20:   77 7b ba 0f 00 00 00 e8 24 f8 01 00 8b 87 d4 03
0x00007ffd18e47e30:   00 00 4c 8d 4c 24 68 44 8b 87 94 22 00 00 48 8d
0x00007ffd18e47e40:   54 24 40 83 e8 18 41 c1 e0 10 89 44 24 48 41 81
0x00007ffd18e47e50:   f0 d0 85 ef be 44 03 c0 89 5c 24 60 48 8d 05 dd
0x00007ffd18e47e60:   e9 17 01 48 c7 44 24 40 0c 00 00 00 48 89 44 24
0x00007ffd18e47e70:   30 48 8b cf 48 8d 44 24 60 c7 44 24 28 09 00 00
0x00007ffd18e47e80:   00 48 89 44 24 20 e8 35 5c ff ff 39 5c 24 60 75
0x00007ffd18e47e90:   0c 8b 44 24 68 89 87 70 22 00 00 eb 05 bb ff ff
0x00007ffd18e47ea0:   ff ff 8b d6 48 8b cf e8 a4 f7 01 00 48 8b 74 24
0x00007ffd18e47eb0:   78 8b c3 48 8b 5c 24 70 48 83 c4 50 5f c3 cc cc
0x00007ffd18e47ec0:   4d 63 d0 0f 1f 40 00 66 0f 1f 84 00 00 00 00 00
0x00007ffd18e47ed0:   8b 02 49 03 d2 89 01 48 83 c1 04 41 83 e9 01 75
0x00007ffd18e47ee0:   ef 48 8b c1 c3 cc cc cc cc cc cc cc cc cc cc cc
0x00007ffd18e47ef0:   4d 63 d0 8b 02 89 01 8b 42 04 49 03 d2 89 41 04
0x00007ffd18e47f00:   48 83 c1 08 41 83 e9 01 75 e9 48 8b c1 c3 cc cc
0x00007ffd18e47f10:   4d 63 d0 48 83 c2 08 66 0f 1f 84 00 00 00 00 00
0x00007ffd18e47f20:   8b 42 f8 89 01 8b 42 fc 89 41 04 8b 02 49 03 d2
0x00007ffd18e47f30:   89 41 08 48 83 c1 0c 41 83 e9 01 75 e3 48 8b c1
0x00007ffd18e47f40:   c3 cc cc cc cc cc cc cc cc cc cc cc cc cc cc cc
0x00007ffd18e47f50:   4d 63 d0 48 83 c2 08 66 0f 1f 84 00 00 00 00 00
0x00007ffd18e47f60:   8b 42 f8 89 01 8b 42 fc 89 41 04 8b 02 89 41 08
0x00007ffd18e47f70:   8b 42 04 49 03 d2 89 41 0c 48 83 c1 10 41 83 e9
0x00007ffd18e47f80:   01 75 dd 48 8b c1 c3 cc cc cc cc cc cc cc cc cc
0x00007ffd18e47f90:   49 63 c0 0f 1f 40 00 66 0f 1f 84 00 00 00 00 00
0x00007ffd18e47fa0:   f2 0f 10 02 48 03 d0 66 0f 5a c0 f3 0f 11 01 48
0x00007ffd18e47fb0:   83 c1 04 41 83 e9 01 75 e7 48 8b c1 c3 cc cc cc
0x00007ffd18e47fc0:   49 63 c0 f2 0f 10 02 66 0f 5a c0 f3 0f 11 01 f2
0x00007ffd18e47fd0:   0f 10 4a 08 48 03 d0 66 0f 5a c9 f3 0f 11 49 04
0x00007ffd18e47fe0:   48 83 c1 08 41 83 e9 01 75 d9 48 8b c1 c3 cc cc
0x00007ffd18e47ff0:   49 63 c0 48 83 c2 10 66 0f 1f 84 00 00 00 00 00
0x00007ffd18e48000:   f2 0f 10 42 f0 66 0f 5a c0 f3 0f 11 01 f2 0f 10
0x00007ffd18e48010:   4a f8 66 0f 5a c9 f3 0f 11 49 04 f2 0f 10 02 48 


Stack slot to memory mapping:
stack at sp + 0 slots: 0x00007ffd18f0e593 nvoglv64.dll
stack at sp + 1 slots: 0x000000001893da90 is an unknown value
stack at sp + 2 slots: 0x0000000000000408 is an unknown value
stack at sp + 3 slots: 0x000001de6b6c0000 points into unknown readable memory: 00 50 1e 65 de 01 00 00
stack at sp + 4 slots: 0x0000000000008100 is an unknown value
stack at sp + 5 slots: 0x0 is NULL
stack at sp + 6 slots: 0x00007ffd187b4042 nvoglv64.dll
stack at sp + 7 slots: 0x000001de00000000 points into unknown readable memory: 00 00 00 00 00 00 00 00


---------------  P R O C E S S  ---------------

Threads class SMR info:
_java_thread_list=0x000001de71dd6d60, length=10, elements={
0x000001de3da9e800, 0x000001de635fc000, 0x000001de63600000, 0x000001de63e9e800,
0x000001de63ea0000, 0x000001de63ea1800, 0x000001de63ec9000, 0x000001de63eca800,
0x000001de6401c800, 0x000001de6401b000
}

Java Threads: ( => current thread )
=>0x000001de3da9e800 JavaThread "main" [_thread_in_native, id=21776, stack(0x000000a912d00000,0x000000a912e00000)]
  0x000001de635fc000 JavaThread "Reference Handler" daemon [_thread_blocked, id=10940, stack(0x000000a913400000,0x000000a913500000)]
  0x000001de63600000 JavaThread "Finalizer" daemon [_thread_blocked, id=7420, stack(0x000000a913500000,0x000000a913600000)]
  0x000001de63e9e800 JavaThread "Signal Dispatcher" daemon [_thread_blocked, id=17488, stack(0x000000a913600000,0x000000a913700000)]
  0x000001de63ea0000 JavaThread "Attach Listener" daemon [_thread_blocked, id=21452, stack(0x000000a913700000,0x000000a913800000)]
  0x000001de63ea1800 JavaThread "C2 CompilerThread0" daemon [_thread_blocked, id=25168, stack(0x000000a913800000,0x000000a913900000)]
  0x000001de63ec9000 JavaThread "C1 CompilerThread0" daemon [_thread_blocked, id=22364, stack(0x000000a913900000,0x000000a913a00000)]
  0x000001de63eca800 JavaThread "Sweeper thread" daemon [_thread_blocked, id=14556, stack(0x000000a913a00000,0x000000a913b00000)]
  0x000001de6401c800 JavaThread "Service Thread" daemon [_thread_blocked, id=26656, stack(0x000000a913b00000,0x000000a913c00000)]
  0x000001de6401b000 JavaThread "Common-Cleaner" daemon [_thread_blocked, id=4536, stack(0x000000a913d00000,0x000000a913e00000)]

Other Threads:
  0x000001de635fb000 VMThread "VM Thread" [stack: 0x000000a913300000,0x000000a913400000] [id=20476]
  0x000001de64010800 WatcherThread [stack: 0x000000a913c00000,0x000000a913d00000] [id=20388]
  0x000001de3fae2000 GCTaskThread "GC Thread#0" [stack: 0x000000a912e00000,0x000000a912f00000] [id=7392]
  0x000001de64f0c800 GCTaskThread "GC Thread#1" [stack: 0x000000a913e00000,0x000000a913f00000] [id=24692]
  0x000001de64f0c000 GCTaskThread "GC Thread#2" [stack: 0x000000a914a00000,0x000000a914b00000] [id=15848]
  0x000001de64f11000 GCTaskThread "GC Thread#3" [stack: 0x000000a914b00000,0x000000a914c00000] [id=24772]
  0x000001de64f10000 GCTaskThread "GC Thread#4" [stack: 0x000000a914c00000,0x000000a914d00000] [id=16572]
  0x000001de64f11800 GCTaskThread "GC Thread#5" [stack: 0x000000a914d00000,0x000000a914e00000] [id=27280]
  0x000001de720e4800 GCTaskThread "GC Thread#6" [stack: 0x000000a914800000,0x000000a914900000] [id=21568]
  0x000001de720e1800 GCTaskThread "GC Thread#7" [stack: 0x000000a914e00000,0x000000a914f00000] [id=18992]
  0x000001de3fb04000 ConcurrentGCThread "G1 Main Marker" [stack: 0x000000a912f00000,0x000000a913000000] [id=21576]
  0x000001de3fb05800 ConcurrentGCThread "G1 Conc#0" [stack: 0x000000a913000000,0x000000a913100000] [id=25728]
  0x000001de634f5800 ConcurrentGCThread "G1 Refine#0" [stack: 0x000000a913100000,0x000000a913200000] [id=21900]
  0x000001de634f7800 ConcurrentGCThread "G1 Young RemSet Sampling" [stack: 0x000000a913200000,0x000000a913300000] [id=23992]

Threads with active compile tasks:

VM state:not at safepoint (normal execution)

VM Mutex/Monitor currently owned by a thread: None

Heap address: 0x0000000702200000, size: 4062 MB, Compressed Oops mode: Zero based, Oop shift amount: 3
Narrow klass base: 0x0000000800000000, Narrow klass shift: 3
Compressed class space size: 1073741824 Address: 0x0000000800b40000

Heap:
 garbage-first heap   total 374784K, used 157337K [0x0000000702200000, 0x0000000800000000)
  region size 1024K, 98 young (100352K), 4 survivors (4096K)
 Metaspace       used 8605K, capacity 11155K, committed 11264K, reserved 1060864K
  class space    used 424K, capacity 725K, committed 768K, reserved 1048576K
Heap Regions: E=young(eden), S=young(survivor), O=old, HS=humongous(starts), HC=humongous(continues), CS=collection set, F=free, A=archive, TAMS=top-at-mark-start (previous, next)
|   0|0x0000000702200000, 0x0000000702300000, 0x0000000702300000|100%| O|  |TAMS 0x0000000702200000, 0x0000000702200000| Untracked 
|   1|0x0000000702300000, 0x0000000702400000, 0x0000000702400000|100%| O|  |TAMS 0x0000000702300000, 0x0000000702300000| Untracked 
|   2|0x0000000702400000, 0x0000000702500000, 0x0000000702500000|100%| O|  |TAMS 0x0000000702400000, 0x0000000702400000| Untracked 
|   3|0x0000000702500000, 0x0000000702600000, 0x0000000702600000|100%| O|  |TAMS 0x0000000702500000, 0x0000000702500000| Untracked 
|   4|0x0000000702600000, 0x0000000702700000, 0x0000000702700000|100%| O|  |TAMS 0x0000000702600000, 0x0000000702600000| Untracked 
|   5|0x0000000702700000, 0x0000000702800000, 0x0000000702800000|100%| O|  |TAMS 0x0000000702700000, 0x0000000702700000| Untracked 
|   6|0x0000000702800000, 0x0000000702900000, 0x0000000702900000|100%| O|  |TAMS 0x0000000702800000, 0x0000000702800000| Untracked 
|   7|0x0000000702900000, 0x0000000702a00000, 0x0000000702a00000|100%| O|  |TAMS 0x0000000702900000, 0x0000000702900000| Untracked 
|   8|0x0000000702a00000, 0x0000000702b00000, 0x0000000702b00000|100%| O|  |TAMS 0x0000000702a00000, 0x0000000702a00000| Untracked 
|   9|0x0000000702b00000, 0x0000000702c00000, 0x0000000702c00000|100%| O|  |TAMS 0x0000000702b00000, 0x0000000702b00000| Untracked 
|  10|0x0000000702c00000, 0x0000000702d00000, 0x0000000702d00000|100%| O|  |TAMS 0x0000000702c00000, 0x0000000702c00000| Untracked 
|  11|0x0000000702d00000, 0x0000000702e00000, 0x0000000702e00000|100%| O|  |TAMS 0x0000000702d00000, 0x0000000702d00000| Untracked 
|  12|0x0000000702e00000, 0x0000000702f00000, 0x0000000702f00000|100%| O|  |TAMS 0x0000000702e00000, 0x0000000702e00000| Untracked 
|  13|0x0000000702f00000, 0x0000000703000000, 0x0000000703000000|100%| O|  |TAMS 0x0000000702f00000, 0x0000000702f00000| Untracked 
|  14|0x0000000703000000, 0x0000000703100000, 0x0000000703100000|100%| O|  |TAMS 0x0000000703000000, 0x0000000703000000| Untracked 
|  15|0x0000000703100000, 0x0000000703200000, 0x0000000703200000|100%| O|  |TAMS 0x0000000703100000, 0x0000000703100000| Untracked 
|  16|0x0000000703200000, 0x0000000703300000, 0x0000000703300000|100%| O|  |TAMS 0x0000000703200000, 0x0000000703200000| Untracked 
|  17|0x0000000703300000, 0x0000000703400000, 0x0000000703400000|100%| O|  |TAMS 0x0000000703300000, 0x0000000703300000| Untracked 
|  18|0x0000000703400000, 0x0000000703500000, 0x0000000703500000|100%| O|  |TAMS 0x0000000703400000, 0x0000000703400000| Untracked 
|  19|0x0000000703500000, 0x0000000703600000, 0x0000000703600000|100%| O|  |TAMS 0x0000000703500000, 0x0000000703500000| Untracked 
|  20|0x0000000703600000, 0x0000000703700000, 0x0000000703700000|100%| O|  |TAMS 0x0000000703600000, 0x0000000703600000| Untracked 
|  21|0x0000000703700000, 0x0000000703800000, 0x0000000703800000|100%| O|  |TAMS 0x0000000703700000, 0x0000000703700000| Untracked 
|  22|0x0000000703800000, 0x0000000703900000, 0x0000000703900000|100%| O|  |TAMS 0x0000000703800000, 0x0000000703800000| Untracked 
|  23|0x0000000703900000, 0x0000000703a00000, 0x0000000703a00000|100%| O|  |TAMS 0x0000000703900000, 0x0000000703900000| Untracked 
|  24|0x0000000703a00000, 0x0000000703b00000, 0x0000000703b00000|100%| O|  |TAMS 0x0000000703a00000, 0x0000000703a00000| Untracked 
|  25|0x0000000703b00000, 0x0000000703c00000, 0x0000000703c00000|100%| O|  |TAMS 0x0000000703b00000, 0x0000000703b00000| Untracked 
|  26|0x0000000703c00000, 0x0000000703d00000, 0x0000000703d00000|100%| O|  |TAMS 0x0000000703c00000, 0x0000000703c00000| Untracked 
|  27|0x0000000703d00000, 0x0000000703e00000, 0x0000000703e00000|100%| O|  |TAMS 0x0000000703d00000, 0x0000000703d00000| Untracked 
|  28|0x0000000703e00000, 0x0000000703f00000, 0x0000000703f00000|100%| O|  |TAMS 0x0000000703e00000, 0x0000000703e00000| Untracked 
|  29|0x0000000703f00000, 0x0000000704000000, 0x0000000704000000|100%| O|  |TAMS 0x0000000703f00000, 0x0000000703f00000| Untracked 
|  30|0x0000000704000000, 0x0000000704100000, 0x0000000704100000|100%| O|  |TAMS 0x0000000704000000, 0x0000000704000000| Untracked 
|  31|0x0000000704100000, 0x0000000704200000, 0x0000000704200000|100%| O|  |TAMS 0x0000000704100000, 0x0000000704100000| Untracked 
|  32|0x0000000704200000, 0x0000000704300000, 0x0000000704300000|100%| O|  |TAMS 0x0000000704200000, 0x0000000704200000| Untracked 
|  33|0x0000000704300000, 0x0000000704400000, 0x0000000704400000|100%| O|  |TAMS 0x0000000704300000, 0x0000000704300000| Untracked 
|  34|0x0000000704400000, 0x0000000704500000, 0x0000000704500000|100%| O|  |TAMS 0x0000000704400000, 0x0000000704400000| Untracked 
|  35|0x0000000704500000, 0x0000000704600000, 0x0000000704600000|100%| O|  |TAMS 0x0000000704500000, 0x0000000704500000| Untracked 
|  36|0x0000000704600000, 0x0000000704700000, 0x0000000704700000|100%| O|  |TAMS 0x0000000704600000, 0x0000000704600000| Untracked 
|  37|0x0000000704700000, 0x0000000704800000, 0x0000000704800000|100%| O|  |TAMS 0x0000000704700000, 0x0000000704700000| Untracked 
|  38|0x0000000704800000, 0x0000000704900000, 0x0000000704900000|100%| O|  |TAMS 0x0000000704800000, 0x0000000704800000| Untracked 
|  39|0x0000000704900000, 0x0000000704a00000, 0x0000000704a00000|100%| O|  |TAMS 0x0000000704900000, 0x0000000704900000| Untracked 
|  40|0x0000000704a00000, 0x0000000704b00000, 0x0000000704b00000|100%| O|  |TAMS 0x0000000704a00000, 0x0000000704a00000| Untracked 
|  41|0x0000000704b00000, 0x0000000704c00000, 0x0000000704c00000|100%| O|  |TAMS 0x0000000704b00000, 0x0000000704b00000| Untracked 
|  42|0x0000000704c00000, 0x0000000704d00000, 0x0000000704d00000|100%| O|  |TAMS 0x0000000704c00000, 0x0000000704c00000| Untracked 
|  43|0x0000000704d00000, 0x0000000704e00000, 0x0000000704e00000|100%| O|  |TAMS 0x0000000704d00000, 0x0000000704d00000| Untracked 
|  44|0x0000000704e00000, 0x0000000704f00000, 0x0000000704f00000|100%| O|  |TAMS 0x0000000704e00000, 0x0000000704e00000| Untracked 
|  45|0x0000000704f00000, 0x0000000705000000, 0x0000000705000000|100%| O|  |TAMS 0x0000000704f00000, 0x0000000704f00000| Untracked 
|  46|0x0000000705000000, 0x0000000705100000, 0x0000000705100000|100%| O|  |TAMS 0x0000000705000000, 0x0000000705000000| Untracked 
|  47|0x0000000705100000, 0x0000000705200000, 0x0000000705200000|100%| O|  |TAMS 0x0000000705100000, 0x0000000705100000| Untracked 
|  48|0x0000000705200000, 0x0000000705300000, 0x0000000705300000|100%| O|  |TAMS 0x0000000705200000, 0x0000000705200000| Untracked 
|  49|0x0000000705300000, 0x0000000705400000, 0x0000000705400000|100%| O|  |TAMS 0x0000000705300000, 0x0000000705300000| Untracked 
|  50|0x0000000705400000, 0x0000000705500000, 0x0000000705500000|100%| O|  |TAMS 0x0000000705400000, 0x0000000705400000| Untracked 
|  51|0x0000000705500000, 0x0000000705600000, 0x0000000705600000|100%| O|  |TAMS 0x0000000705500000, 0x0000000705500000| Untracked 
|  52|0x0000000705600000, 0x0000000705700000, 0x0000000705700000|100%| O|  |TAMS 0x0000000705600000, 0x0000000705600000| Untracked 
|  53|0x0000000705700000, 0x0000000705800000, 0x0000000705800000|100%| O|  |TAMS 0x0000000705700000, 0x0000000705700000| Untracked 
|  54|0x0000000705800000, 0x0000000705900000, 0x0000000705900000|100%| O|  |TAMS 0x0000000705800000, 0x0000000705800000| Untracked 
|  55|0x0000000705900000, 0x0000000705a00000, 0x0000000705a00000|100%| O|  |TAMS 0x0000000705900000, 0x0000000705900000| Untracked 
|  56|0x0000000705a00000, 0x0000000705b00000, 0x0000000705b00000|100%| O|  |TAMS 0x0000000705a00000, 0x0000000705a00000| Untracked 
|  57|0x0000000705b00000, 0x0000000705b00000, 0x0000000705c00000|  0%| F|  |TAMS 0x0000000705b00000, 0x0000000705b00000| Untracked 
|  58|0x0000000705c00000, 0x0000000705c00000, 0x0000000705d00000|  0%| F|  |TAMS 0x0000000705c00000, 0x0000000705c00000| Untracked 
|  59|0x0000000705d00000, 0x0000000705d00000, 0x0000000705e00000|  0%| F|  |TAMS 0x0000000705d00000, 0x0000000705d00000| Untracked 
|  60|0x0000000705e00000, 0x0000000705e00000, 0x0000000705f00000|  0%| F|  |TAMS 0x0000000705e00000, 0x0000000705e00000| Untracked 
|  61|0x0000000705f00000, 0x0000000705f00000, 0x0000000706000000|  0%| F|  |TAMS 0x0000000705f00000, 0x0000000705f00000| Untracked 
|  62|0x0000000706000000, 0x0000000706000000, 0x0000000706100000|  0%| F|  |TAMS 0x0000000706000000, 0x0000000706000000| Untracked 
|  63|0x0000000706100000, 0x0000000706100000, 0x0000000706200000|  0%| F|  |TAMS 0x0000000706100000, 0x0000000706100000| Untracked 
|  64|0x0000000706200000, 0x0000000706200000, 0x0000000706300000|  0%| F|  |TAMS 0x0000000706200000, 0x0000000706200000| Untracked 
|  65|0x0000000706300000, 0x0000000706300000, 0x0000000706400000|  0%| F|  |TAMS 0x0000000706300000, 0x0000000706300000| Untracked 
|  66|0x0000000706400000, 0x0000000706400000, 0x0000000706500000|  0%| F|  |TAMS 0x0000000706400000, 0x0000000706400000| Untracked 
|  67|0x0000000706500000, 0x0000000706500000, 0x0000000706600000|  0%| F|  |TAMS 0x0000000706500000, 0x0000000706500000| Untracked 
|  68|0x0000000706600000, 0x0000000706600000, 0x0000000706700000|  0%| F|  |TAMS 0x0000000706600000, 0x0000000706600000| Untracked 
|  69|0x0000000706700000, 0x0000000706700000, 0x0000000706800000|  0%| F|  |TAMS 0x0000000706700000, 0x0000000706700000| Untracked 
|  70|0x0000000706800000, 0x0000000706800000, 0x0000000706900000|  0%| F|  |TAMS 0x0000000706800000, 0x0000000706800000| Untracked 
|  71|0x0000000706900000, 0x0000000706900000, 0x0000000706a00000|  0%| F|  |TAMS 0x0000000706900000, 0x0000000706900000| Untracked 
|  72|0x0000000706a00000, 0x0000000706a00000, 0x0000000706b00000|  0%| F|  |TAMS 0x0000000706a00000, 0x0000000706a00000| Untracked 
|  73|0x0000000706b00000, 0x0000000706b00000, 0x0000000706c00000|  0%| F|  |TAMS 0x0000000706b00000, 0x0000000706b00000| Untracked 
|  74|0x0000000706c00000, 0x0000000706c00000, 0x0000000706d00000|  0%| F|  |TAMS 0x0000000706c00000, 0x0000000706c00000| Untracked 
|  75|0x0000000706d00000, 0x0000000706d00000, 0x0000000706e00000|  0%| F|  |TAMS 0x0000000706d00000, 0x0000000706d00000| Untracked 
|  76|0x0000000706e00000, 0x0000000706e00000, 0x0000000706f00000|  0%| F|  |TAMS 0x0000000706e00000, 0x0000000706e00000| Untracked 
|  77|0x0000000706f00000, 0x0000000706f00000, 0x0000000707000000|  0%| F|  |TAMS 0x0000000706f00000, 0x0000000706f00000| Untracked 
|  78|0x0000000707000000, 0x0000000707000000, 0x0000000707100000|  0%| F|  |TAMS 0x0000000707000000, 0x0000000707000000| Untracked 
|  79|0x0000000707100000, 0x0000000707100000, 0x0000000707200000|  0%| F|  |TAMS 0x0000000707100000, 0x0000000707100000| Untracked 
|  80|0x0000000707200000, 0x0000000707200000, 0x0000000707300000|  0%| F|  |TAMS 0x0000000707200000, 0x0000000707200000| Untracked 
|  81|0x0000000707300000, 0x0000000707300000, 0x0000000707400000|  0%| F|  |TAMS 0x0000000707300000, 0x0000000707300000| Untracked 
|  82|0x0000000707400000, 0x0000000707400000, 0x0000000707500000|  0%| F|  |TAMS 0x0000000707400000, 0x0000000707400000| Untracked 
|  83|0x0000000707500000, 0x0000000707500000, 0x0000000707600000|  0%| F|  |TAMS 0x0000000707500000, 0x0000000707500000| Untracked 
|  84|0x0000000707600000, 0x0000000707600000, 0x0000000707700000|  0%| F|  |TAMS 0x0000000707600000, 0x0000000707600000| Untracked 
|  85|0x0000000707700000, 0x0000000707700000, 0x0000000707800000|  0%| F|  |TAMS 0x0000000707700000, 0x0000000707700000| Untracked 
|  86|0x0000000707800000, 0x0000000707800000, 0x0000000707900000|  0%| F|  |TAMS 0x0000000707800000, 0x0000000707800000| Untracked 
|  87|0x0000000707900000, 0x0000000707900000, 0x0000000707a00000|  0%| F|  |TAMS 0x0000000707900000, 0x0000000707900000| Untracked 
|  88|0x0000000707a00000, 0x0000000707a00000, 0x0000000707b00000|  0%| F|  |TAMS 0x0000000707a00000, 0x0000000707a00000| Untracked 
|  89|0x0000000707b00000, 0x0000000707b00000, 0x0000000707c00000|  0%| F|  |TAMS 0x0000000707b00000, 0x0000000707b00000| Untracked 
|  90|0x0000000707c00000, 0x0000000707c00000, 0x0000000707d00000|  0%| F|  |TAMS 0x0000000707c00000, 0x0000000707c00000| Untracked 
|  91|0x0000000707d00000, 0x0000000707d00000, 0x0000000707e00000|  0%| F|  |TAMS 0x0000000707d00000, 0x0000000707d00000| Untracked 
|  92|0x0000000707e00000, 0x0000000707e00000, 0x0000000707f00000|  0%| F|  |TAMS 0x0000000707e00000, 0x0000000707e00000| Untracked 
|  93|0x0000000707f00000, 0x0000000707f00000, 0x0000000708000000|  0%| F|  |TAMS 0x0000000707f00000, 0x0000000707f00000| Untracked 
|  94|0x0000000708000000, 0x0000000708000000, 0x0000000708100000|  0%| F|  |TAMS 0x0000000708000000, 0x0000000708000000| Untracked 
|  95|0x0000000708100000, 0x0000000708100000, 0x0000000708200000|  0%| F|  |TAMS 0x0000000708100000, 0x0000000708100000| Untracked 
|  96|0x0000000708200000, 0x0000000708200000, 0x0000000708300000|  0%| F|  |TAMS 0x0000000708200000, 0x0000000708200000| Untracked 
|  97|0x0000000708300000, 0x0000000708300000, 0x0000000708400000|  0%| F|  |TAMS 0x0000000708300000, 0x0000000708300000| Untracked 
|  98|0x0000000708400000, 0x0000000708400000, 0x0000000708500000|  0%| F|  |TAMS 0x0000000708400000, 0x0000000708400000| Untracked 
|  99|0x0000000708500000, 0x0000000708500000, 0x0000000708600000|  0%| F|  |TAMS 0x0000000708500000, 0x0000000708500000| Untracked 
| 100|0x0000000708600000, 0x0000000708600000, 0x0000000708700000|  0%| F|  |TAMS 0x0000000708600000, 0x0000000708600000| Untracked 
| 101|0x0000000708700000, 0x0000000708700000, 0x0000000708800000|  0%| F|  |TAMS 0x0000000708700000, 0x0000000708700000| Untracked 
| 102|0x0000000708800000, 0x0000000708800000, 0x0000000708900000|  0%| F|  |TAMS 0x0000000708800000, 0x0000000708800000| Untracked 
| 103|0x0000000708900000, 0x0000000708900000, 0x0000000708a00000|  0%| F|  |TAMS 0x0000000708900000, 0x0000000708900000| Untracked 
| 104|0x0000000708a00000, 0x0000000708a00000, 0x0000000708b00000|  0%| F|  |TAMS 0x0000000708a00000, 0x0000000708a00000| Untracked 
| 105|0x0000000708b00000, 0x0000000708b00000, 0x0000000708c00000|  0%| F|  |TAMS 0x0000000708b00000, 0x0000000708b00000| Untracked 
| 106|0x0000000708c00000, 0x0000000708c00000, 0x0000000708d00000|  0%| F|  |TAMS 0x0000000708c00000, 0x0000000708c00000| Untracked 
| 107|0x0000000708d00000, 0x0000000708d00000, 0x0000000708e00000|  0%| F|  |TAMS 0x0000000708d00000, 0x0000000708d00000| Untracked 
| 108|0x0000000708e00000, 0x0000000708e00000, 0x0000000708f00000|  0%| F|  |TAMS 0x0000000708e00000, 0x0000000708e00000| Untracked 
| 109|0x0000000708f00000, 0x0000000708f00000, 0x0000000709000000|  0%| F|  |TAMS 0x0000000708f00000, 0x0000000708f00000| Untracked 
| 110|0x0000000709000000, 0x0000000709000000, 0x0000000709100000|  0%| F|  |TAMS 0x0000000709000000, 0x0000000709000000| Untracked 
| 111|0x0000000709100000, 0x0000000709100000, 0x0000000709200000|  0%| F|  |TAMS 0x0000000709100000, 0x0000000709100000| Untracked 
| 112|0x0000000709200000, 0x0000000709200000, 0x0000000709300000|  0%| F|  |TAMS 0x0000000709200000, 0x0000000709200000| Untracked 
| 113|0x0000000709300000, 0x0000000709300000, 0x0000000709400000|  0%| F|  |TAMS 0x0000000709300000, 0x0000000709300000| Untracked 
| 114|0x0000000709400000, 0x0000000709400000, 0x0000000709500000|  0%| F|  |TAMS 0x0000000709400000, 0x0000000709400000| Untracked 
| 115|0x0000000709500000, 0x0000000709500000, 0x0000000709600000|  0%| F|  |TAMS 0x0000000709500000, 0x0000000709500000| Untracked 
| 116|0x0000000709600000, 0x0000000709600000, 0x0000000709700000|  0%| F|  |TAMS 0x0000000709600000, 0x0000000709600000| Untracked 
| 117|0x0000000709700000, 0x0000000709700000, 0x0000000709800000|  0%| F|  |TAMS 0x0000000709700000, 0x0000000709700000| Untracked 
| 118|0x0000000709800000, 0x0000000709800000, 0x0000000709900000|  0%| F|  |TAMS 0x0000000709800000, 0x0000000709800000| Untracked 
| 119|0x0000000709900000, 0x0000000709900000, 0x0000000709a00000|  0%| F|  |TAMS 0x0000000709900000, 0x0000000709900000| Untracked 
| 120|0x0000000709a00000, 0x0000000709a00000, 0x0000000709b00000|  0%| F|  |TAMS 0x0000000709a00000, 0x0000000709a00000| Untracked 
| 121|0x0000000709b00000, 0x0000000709b00000, 0x0000000709c00000|  0%| F|  |TAMS 0x0000000709b00000, 0x0000000709b00000| Untracked 
| 122|0x0000000709c00000, 0x0000000709c00000, 0x0000000709d00000|  0%| F|  |TAMS 0x0000000709c00000, 0x0000000709c00000| Untracked 
| 123|0x0000000709d00000, 0x0000000709d00000, 0x0000000709e00000|  0%| F|  |TAMS 0x0000000709d00000, 0x0000000709d00000| Untracked 
| 124|0x0000000709e00000, 0x0000000709e00000, 0x0000000709f00000|  0%| F|  |TAMS 0x0000000709e00000, 0x0000000709e00000| Untracked 
| 125|0x0000000709f00000, 0x0000000709f00000, 0x000000070a000000|  0%| F|  |TAMS 0x0000000709f00000, 0x0000000709f00000| Untracked 
| 126|0x000000070a000000, 0x000000070a000000, 0x000000070a100000|  0%| F|  |TAMS 0x000000070a000000, 0x000000070a000000| Untracked 
| 127|0x000000070a100000, 0x000000070a100000, 0x000000070a200000|  0%| F|  |TAMS 0x000000070a100000, 0x000000070a100000| Untracked 
| 128|0x000000070a200000, 0x000000070a200000, 0x000000070a300000|  0%| F|  |TAMS 0x000000070a200000, 0x000000070a200000| Untracked 
| 129|0x000000070a300000, 0x000000070a300000, 0x000000070a400000|  0%| F|  |TAMS 0x000000070a300000, 0x000000070a300000| Untracked 
| 130|0x000000070a400000, 0x000000070a400000, 0x000000070a500000|  0%| F|  |TAMS 0x000000070a400000, 0x000000070a400000| Untracked 
| 131|0x000000070a500000, 0x000000070a500000, 0x000000070a600000|  0%| F|  |TAMS 0x000000070a500000, 0x000000070a500000| Untracked 
| 132|0x000000070a600000, 0x000000070a600000, 0x000000070a700000|  0%| F|  |TAMS 0x000000070a600000, 0x000000070a600000| Untracked 
| 133|0x000000070a700000, 0x000000070a700000, 0x000000070a800000|  0%| F|  |TAMS 0x000000070a700000, 0x000000070a700000| Untracked 
| 134|0x000000070a800000, 0x000000070a800000, 0x000000070a900000|  0%| F|  |TAMS 0x000000070a800000, 0x000000070a800000| Untracked 
| 135|0x000000070a900000, 0x000000070a900000, 0x000000070aa00000|  0%| F|  |TAMS 0x000000070a900000, 0x000000070a900000| Untracked 
| 136|0x000000070aa00000, 0x000000070aa00000, 0x000000070ab00000|  0%| F|  |TAMS 0x000000070aa00000, 0x000000070aa00000| Untracked 
| 137|0x000000070ab00000, 0x000000070ab00000, 0x000000070ac00000|  0%| F|  |TAMS 0x000000070ab00000, 0x000000070ab00000| Untracked 
| 138|0x000000070ac00000, 0x000000070ac00000, 0x000000070ad00000|  0%| F|  |TAMS 0x000000070ac00000, 0x000000070ac00000| Untracked 
| 139|0x000000070ad00000, 0x000000070ad00000, 0x000000070ae00000|  0%| F|  |TAMS 0x000000070ad00000, 0x000000070ad00000| Untracked 
| 140|0x000000070ae00000, 0x000000070ae00000, 0x000000070af00000|  0%| F|  |TAMS 0x000000070ae00000, 0x000000070ae00000| Untracked 
| 141|0x000000070af00000, 0x000000070af00000, 0x000000070b000000|  0%| F|  |TAMS 0x000000070af00000, 0x000000070af00000| Untracked 
| 142|0x000000070b000000, 0x000000070b000000, 0x000000070b100000|  0%| F|  |TAMS 0x000000070b000000, 0x000000070b000000| Untracked 
| 143|0x000000070b100000, 0x000000070b100000, 0x000000070b200000|  0%| F|  |TAMS 0x000000070b100000, 0x000000070b100000| Untracked 
| 144|0x000000070b200000, 0x000000070b200000, 0x000000070b300000|  0%| F|  |TAMS 0x000000070b200000, 0x000000070b200000| Untracked 
| 145|0x000000070b300000, 0x000000070b300000, 0x000000070b400000|  0%| F|  |TAMS 0x000000070b300000, 0x000000070b300000| Untracked 
| 146|0x000000070b400000, 0x000000070b400000, 0x000000070b500000|  0%| F|  |TAMS 0x000000070b400000, 0x000000070b400000| Untracked 
| 147|0x000000070b500000, 0x000000070b500000, 0x000000070b600000|  0%| F|  |TAMS 0x000000070b500000, 0x000000070b500000| Untracked 
| 148|0x000000070b600000, 0x000000070b6a67d0, 0x000000070b700000| 65%| S|CS|TAMS 0x000000070b600000, 0x000000070b600000| Complete 
| 149|0x000000070b700000, 0x000000070b800000, 0x000000070b800000|100%| S|CS|TAMS 0x000000070b700000, 0x000000070b700000| Complete 
| 150|0x000000070b800000, 0x000000070b900000, 0x000000070b900000|100%| S|CS|TAMS 0x000000070b800000, 0x000000070b800000| Complete 
| 151|0x000000070b900000, 0x000000070ba00000, 0x000000070ba00000|100%| S|CS|TAMS 0x000000070b900000, 0x000000070b900000| Complete 
| 152|0x000000070ba00000, 0x000000070ba00000, 0x000000070bb00000|  0%| F|  |TAMS 0x000000070ba00000, 0x000000070ba00000| Untracked 
| 153|0x000000070bb00000, 0x000000070bb00000, 0x000000070bc00000|  0%| F|  |TAMS 0x000000070bb00000, 0x000000070bb00000| Untracked 
| 154|0x000000070bc00000, 0x000000070bc00000, 0x000000070bd00000|  0%| F|  |TAMS 0x000000070bc00000, 0x000000070bc00000| Untracked 
| 155|0x000000070bd00000, 0x000000070bd00000, 0x000000070be00000|  0%| F|  |TAMS 0x000000070bd00000, 0x000000070bd00000| Untracked 
| 156|0x000000070be00000, 0x000000070be00000, 0x000000070bf00000|  0%| F|  |TAMS 0x000000070be00000, 0x000000070be00000| Untracked 
| 157|0x000000070bf00000, 0x000000070bf00000, 0x000000070c000000|  0%| F|  |TAMS 0x000000070bf00000, 0x000000070bf00000| Untracked 
| 158|0x000000070c000000, 0x000000070c000000, 0x000000070c100000|  0%| F|  |TAMS 0x000000070c000000, 0x000000070c000000| Untracked 
| 159|0x000000070c100000, 0x000000070c100000, 0x000000070c200000|  0%| F|  |TAMS 0x000000070c100000, 0x000000070c100000| Untracked 
| 160|0x000000070c200000, 0x000000070c200000, 0x000000070c300000|  0%| F|  |TAMS 0x000000070c200000, 0x000000070c200000| Untracked 
| 161|0x000000070c300000, 0x000000070c300000, 0x000000070c400000|  0%| F|  |TAMS 0x000000070c300000, 0x000000070c300000| Untracked 
| 162|0x000000070c400000, 0x000000070c400000, 0x000000070c500000|  0%| F|  |TAMS 0x000000070c400000, 0x000000070c400000| Untracked 
| 163|0x000000070c500000, 0x000000070c500000, 0x000000070c600000|  0%| F|  |TAMS 0x000000070c500000, 0x000000070c500000| Untracked 
| 164|0x000000070c600000, 0x000000070c600000, 0x000000070c700000|  0%| F|  |TAMS 0x000000070c600000, 0x000000070c600000| Untracked 
| 165|0x000000070c700000, 0x000000070c700000, 0x000000070c800000|  0%| F|  |TAMS 0x000000070c700000, 0x000000070c700000| Untracked 
| 166|0x000000070c800000, 0x000000070c800000, 0x000000070c900000|  0%| F|  |TAMS 0x000000070c800000, 0x000000070c800000| Untracked 
| 167|0x000000070c900000, 0x000000070c900000, 0x000000070ca00000|  0%| F|  |TAMS 0x000000070c900000, 0x000000070c900000| Untracked 
| 168|0x000000070ca00000, 0x000000070ca00000, 0x000000070cb00000|  0%| F|  |TAMS 0x000000070ca00000, 0x000000070ca00000| Untracked 
| 169|0x000000070cb00000, 0x000000070cb00000, 0x000000070cc00000|  0%| F|  |TAMS 0x000000070cb00000, 0x000000070cb00000| Untracked 
| 170|0x000000070cc00000, 0x000000070cc00000, 0x000000070cd00000|  0%| F|  |TAMS 0x000000070cc00000, 0x000000070cc00000| Untracked 
| 171|0x000000070cd00000, 0x000000070cd00000, 0x000000070ce00000|  0%| F|  |TAMS 0x000000070cd00000, 0x000000070cd00000| Untracked 
| 172|0x000000070ce00000, 0x000000070ce00000, 0x000000070cf00000|  0%| F|  |TAMS 0x000000070ce00000, 0x000000070ce00000| Untracked 
| 173|0x000000070cf00000, 0x000000070cf00000, 0x000000070d000000|  0%| F|  |TAMS 0x000000070cf00000, 0x000000070cf00000| Untracked 
| 174|0x000000070d000000, 0x000000070d000000, 0x000000070d100000|  0%| F|  |TAMS 0x000000070d000000, 0x000000070d000000| Untracked 
| 175|0x000000070d100000, 0x000000070d100000, 0x000000070d200000|  0%| F|  |TAMS 0x000000070d100000, 0x000000070d100000| Untracked 
| 176|0x000000070d200000, 0x000000070d200000, 0x000000070d300000|  0%| F|  |TAMS 0x000000070d200000, 0x000000070d200000| Untracked 
| 177|0x000000070d300000, 0x000000070d300000, 0x000000070d400000|  0%| F|  |TAMS 0x000000070d300000, 0x000000070d300000| Untracked 
| 178|0x000000070d400000, 0x000000070d400000, 0x000000070d500000|  0%| F|  |TAMS 0x000000070d400000, 0x000000070d400000| Untracked 
| 179|0x000000070d500000, 0x000000070d500000, 0x000000070d600000|  0%| F|  |TAMS 0x000000070d500000, 0x000000070d500000| Untracked 
| 180|0x000000070d600000, 0x000000070d600000, 0x000000070d700000|  0%| F|  |TAMS 0x000000070d600000, 0x000000070d600000| Untracked 
| 181|0x000000070d700000, 0x000000070d700000, 0x000000070d800000|  0%| F|  |TAMS 0x000000070d700000, 0x000000070d700000| Untracked 
| 182|0x000000070d800000, 0x000000070d800000, 0x000000070d900000|  0%| F|  |TAMS 0x000000070d800000, 0x000000070d800000| Untracked 
| 183|0x000000070d900000, 0x000000070d900000, 0x000000070da00000|  0%| F|  |TAMS 0x000000070d900000, 0x000000070d900000| Untracked 
| 184|0x000000070da00000, 0x000000070da00000, 0x000000070db00000|  0%| F|  |TAMS 0x000000070da00000, 0x000000070da00000| Untracked 
| 185|0x000000070db00000, 0x000000070db00000, 0x000000070dc00000|  0%| F|  |TAMS 0x000000070db00000, 0x000000070db00000| Untracked 
| 186|0x000000070dc00000, 0x000000070dc00000, 0x000000070dd00000|  0%| F|  |TAMS 0x000000070dc00000, 0x000000070dc00000| Untracked 
| 187|0x000000070dd00000, 0x000000070dd00000, 0x000000070de00000|  0%| F|  |TAMS 0x000000070dd00000, 0x000000070dd00000| Untracked 
| 188|0x000000070de00000, 0x000000070de00000, 0x000000070df00000|  0%| F|  |TAMS 0x000000070de00000, 0x000000070de00000| Untracked 
| 189|0x000000070df00000, 0x000000070df00000, 0x000000070e000000|  0%| F|  |TAMS 0x000000070df00000, 0x000000070df00000| Untracked 
| 190|0x000000070e000000, 0x000000070e000000, 0x000000070e100000|  0%| F|  |TAMS 0x000000070e000000, 0x000000070e000000| Untracked 
| 191|0x000000070e100000, 0x000000070e100000, 0x000000070e200000|  0%| F|  |TAMS 0x000000070e100000, 0x000000070e100000| Untracked 
| 192|0x000000070e200000, 0x000000070e200000, 0x000000070e300000|  0%| F|  |TAMS 0x000000070e200000, 0x000000070e200000| Untracked 
| 193|0x000000070e300000, 0x000000070e300000, 0x000000070e400000|  0%| F|  |TAMS 0x000000070e300000, 0x000000070e300000| Untracked 
| 194|0x000000070e400000, 0x000000070e400000, 0x000000070e500000|  0%| F|  |TAMS 0x000000070e400000, 0x000000070e400000| Untracked 
| 195|0x000000070e500000, 0x000000070e500000, 0x000000070e600000|  0%| F|  |TAMS 0x000000070e500000, 0x000000070e500000| Untracked 
| 196|0x000000070e600000, 0x000000070e600000, 0x000000070e700000|  0%| F|  |TAMS 0x000000070e600000, 0x000000070e600000| Untracked 
| 197|0x000000070e700000, 0x000000070e700000, 0x000000070e800000|  0%| F|  |TAMS 0x000000070e700000, 0x000000070e700000| Untracked 
| 198|0x000000070e800000, 0x000000070e800000, 0x000000070e900000|  0%| F|  |TAMS 0x000000070e800000, 0x000000070e800000| Untracked 
| 199|0x000000070e900000, 0x000000070e900000, 0x000000070ea00000|  0%| F|  |TAMS 0x000000070e900000, 0x000000070e900000| Untracked 
| 200|0x000000070ea00000, 0x000000070ea00000, 0x000000070eb00000|  0%| F|  |TAMS 0x000000070ea00000, 0x000000070ea00000| Untracked 
| 201|0x000000070eb00000, 0x000000070eb00000, 0x000000070ec00000|  0%| F|  |TAMS 0x000000070eb00000, 0x000000070eb00000| Untracked 
| 202|0x000000070ec00000, 0x000000070ec00000, 0x000000070ed00000|  0%| F|  |TAMS 0x000000070ec00000, 0x000000070ec00000| Untracked 
| 203|0x000000070ed00000, 0x000000070ed00000, 0x000000070ee00000|  0%| F|  |TAMS 0x000000070ed00000, 0x000000070ed00000| Untracked 
| 204|0x000000070ee00000, 0x000000070ee00000, 0x000000070ef00000|  0%| F|  |TAMS 0x000000070ee00000, 0x000000070ee00000| Untracked 
| 205|0x000000070ef00000, 0x000000070ef00000, 0x000000070f000000|  0%| F|  |TAMS 0x000000070ef00000, 0x000000070ef00000| Untracked 
| 206|0x000000070f000000, 0x000000070f000000, 0x000000070f100000|  0%| F|  |TAMS 0x000000070f000000, 0x000000070f000000| Untracked 
| 207|0x000000070f100000, 0x000000070f100000, 0x000000070f200000|  0%| F|  |TAMS 0x000000070f100000, 0x000000070f100000| Untracked 
| 208|0x000000070f200000, 0x000000070f200000, 0x000000070f300000|  0%| F|  |TAMS 0x000000070f200000, 0x000000070f200000| Untracked 
| 209|0x000000070f300000, 0x000000070f300000, 0x000000070f400000|  0%| F|  |TAMS 0x000000070f300000, 0x000000070f300000| Untracked 
| 210|0x000000070f400000, 0x000000070f400000, 0x000000070f500000|  0%| F|  |TAMS 0x000000070f400000, 0x000000070f400000| Untracked 
| 211|0x000000070f500000, 0x000000070f500000, 0x000000070f600000|  0%| F|  |TAMS 0x000000070f500000, 0x000000070f500000| Untracked 
| 212|0x000000070f600000, 0x000000070f600000, 0x000000070f700000|  0%| F|  |TAMS 0x000000070f600000, 0x000000070f600000| Untracked 
| 213|0x000000070f700000, 0x000000070f700000, 0x000000070f800000|  0%| F|  |TAMS 0x000000070f700000, 0x000000070f700000| Untracked 
| 214|0x000000070f800000, 0x000000070f800000, 0x000000070f900000|  0%| F|  |TAMS 0x000000070f800000, 0x000000070f800000| Untracked 
| 215|0x000000070f900000, 0x000000070f900000, 0x000000070fa00000|  0%| F|  |TAMS 0x000000070f900000, 0x000000070f900000| Untracked 
| 216|0x000000070fa00000, 0x000000070fa00000, 0x000000070fb00000|  0%| F|  |TAMS 0x000000070fa00000, 0x000000070fa00000| Untracked 
| 217|0x000000070fb00000, 0x000000070fb00000, 0x000000070fc00000|  0%| F|  |TAMS 0x000000070fb00000, 0x000000070fb00000| Untracked 
| 218|0x000000070fc00000, 0x000000070fc00000, 0x000000070fd00000|  0%| F|  |TAMS 0x000000070fc00000, 0x000000070fc00000| Untracked 
| 219|0x000000070fd00000, 0x000000070fd00000, 0x000000070fe00000|  0%| F|  |TAMS 0x000000070fd00000, 0x000000070fd00000| Untracked 
| 220|0x000000070fe00000, 0x000000070fe00000, 0x000000070ff00000|  0%| F|  |TAMS 0x000000070fe00000, 0x000000070fe00000| Untracked 
| 221|0x000000070ff00000, 0x000000070ff00000, 0x0000000710000000|  0%| F|  |TAMS 0x000000070ff00000, 0x000000070ff00000| Untracked 
| 222|0x0000000710000000, 0x0000000710000000, 0x0000000710100000|  0%| F|  |TAMS 0x0000000710000000, 0x0000000710000000| Untracked 
| 223|0x0000000710100000, 0x0000000710100000, 0x0000000710200000|  0%| F|  |TAMS 0x0000000710100000, 0x0000000710100000| Untracked 
| 224|0x0000000710200000, 0x0000000710200000, 0x0000000710300000|  0%| F|  |TAMS 0x0000000710200000, 0x0000000710200000| Untracked 
| 225|0x0000000710300000, 0x0000000710300000, 0x0000000710400000|  0%| F|  |TAMS 0x0000000710300000, 0x0000000710300000| Untracked 
| 226|0x0000000710400000, 0x0000000710400000, 0x0000000710500000|  0%| F|  |TAMS 0x0000000710400000, 0x0000000710400000| Untracked 
| 227|0x0000000710500000, 0x0000000710500000, 0x0000000710600000|  0%| F|  |TAMS 0x0000000710500000, 0x0000000710500000| Untracked 
| 228|0x0000000710600000, 0x0000000710600000, 0x0000000710700000|  0%| F|  |TAMS 0x0000000710600000, 0x0000000710600000| Untracked 
| 229|0x0000000710700000, 0x0000000710700000, 0x0000000710800000|  0%| F|  |TAMS 0x0000000710700000, 0x0000000710700000| Untracked 
| 230|0x0000000710800000, 0x0000000710800000, 0x0000000710900000|  0%| F|  |TAMS 0x0000000710800000, 0x0000000710800000| Untracked 
| 231|0x0000000710900000, 0x0000000710900000, 0x0000000710a00000|  0%| F|  |TAMS 0x0000000710900000, 0x0000000710900000| Untracked 
| 232|0x0000000710a00000, 0x0000000710a00000, 0x0000000710b00000|  0%| F|  |TAMS 0x0000000710a00000, 0x0000000710a00000| Untracked 
| 233|0x0000000710b00000, 0x0000000710b00000, 0x0000000710c00000|  0%| F|  |TAMS 0x0000000710b00000, 0x0000000710b00000| Untracked 
| 234|0x0000000710c00000, 0x0000000710c00000, 0x0000000710d00000|  0%| F|  |TAMS 0x0000000710c00000, 0x0000000710c00000| Untracked 
| 235|0x0000000710d00000, 0x0000000710d00000, 0x0000000710e00000|  0%| F|  |TAMS 0x0000000710d00000, 0x0000000710d00000| Untracked 
| 236|0x0000000710e00000, 0x0000000710e00000, 0x0000000710f00000|  0%| F|  |TAMS 0x0000000710e00000, 0x0000000710e00000| Untracked 
| 237|0x0000000710f00000, 0x0000000710f00000, 0x0000000711000000|  0%| F|  |TAMS 0x0000000710f00000, 0x0000000710f00000| Untracked 
| 238|0x0000000711000000, 0x0000000711000000, 0x0000000711100000|  0%| F|  |TAMS 0x0000000711000000, 0x0000000711000000| Untracked 
| 239|0x0000000711100000, 0x0000000711100000, 0x0000000711200000|  0%| F|  |TAMS 0x0000000711100000, 0x0000000711100000| Untracked 
| 240|0x0000000711200000, 0x0000000711200000, 0x0000000711300000|  0%| F|  |TAMS 0x0000000711200000, 0x0000000711200000| Untracked 
| 241|0x0000000711300000, 0x0000000711300000, 0x0000000711400000|  0%| F|  |TAMS 0x0000000711300000, 0x0000000711300000| Untracked 
| 242|0x0000000711400000, 0x0000000711400000, 0x0000000711500000|  0%| F|  |TAMS 0x0000000711400000, 0x0000000711400000| Untracked 
| 243|0x0000000711500000, 0x0000000711500000, 0x0000000711600000|  0%| F|  |TAMS 0x0000000711500000, 0x0000000711500000| Untracked 
| 244|0x0000000711600000, 0x0000000711600000, 0x0000000711700000|  0%| F|  |TAMS 0x0000000711600000, 0x0000000711600000| Untracked 
| 245|0x0000000711700000, 0x0000000711700000, 0x0000000711800000|  0%| F|  |TAMS 0x0000000711700000, 0x0000000711700000| Untracked 
| 246|0x0000000711800000, 0x0000000711800000, 0x0000000711900000|  0%| F|  |TAMS 0x0000000711800000, 0x0000000711800000| Untracked 
| 247|0x0000000711900000, 0x0000000711900000, 0x0000000711a00000|  0%| F|  |TAMS 0x0000000711900000, 0x0000000711900000| Untracked 
| 248|0x0000000711a00000, 0x0000000711a00000, 0x0000000711b00000|  0%| F|  |TAMS 0x0000000711a00000, 0x0000000711a00000| Untracked 
| 249|0x0000000711b00000, 0x0000000711b00000, 0x0000000711c00000|  0%| F|  |TAMS 0x0000000711b00000, 0x0000000711b00000| Untracked 
| 250|0x0000000711c00000, 0x0000000711c00000, 0x0000000711d00000|  0%| F|  |TAMS 0x0000000711c00000, 0x0000000711c00000| Untracked 
| 251|0x0000000711d00000, 0x0000000711d00000, 0x0000000711e00000|  0%| F|  |TAMS 0x0000000711d00000, 0x0000000711d00000| Untracked 
| 252|0x0000000711e00000, 0x0000000711e00000, 0x0000000711f00000|  0%| F|  |TAMS 0x0000000711e00000, 0x0000000711e00000| Untracked 
| 253|0x0000000711f00000, 0x0000000711f00000, 0x0000000712000000|  0%| F|  |TAMS 0x0000000711f00000, 0x0000000711f00000| Untracked 
| 254|0x0000000712000000, 0x0000000712000000, 0x0000000712100000|  0%| F|  |TAMS 0x0000000712000000, 0x0000000712000000| Untracked 
| 255|0x0000000712100000, 0x0000000712100000, 0x0000000712200000|  0%| F|  |TAMS 0x0000000712100000, 0x0000000712100000| Untracked 
| 256|0x0000000712200000, 0x0000000712200000, 0x0000000712300000|  0%| F|  |TAMS 0x0000000712200000, 0x0000000712200000| Untracked 
| 257|0x0000000712300000, 0x0000000712300000, 0x0000000712400000|  0%| F|  |TAMS 0x0000000712300000, 0x0000000712300000| Untracked 
| 258|0x0000000712400000, 0x0000000712400000, 0x0000000712500000|  0%| F|  |TAMS 0x0000000712400000, 0x0000000712400000| Untracked 
| 259|0x0000000712500000, 0x0000000712500000, 0x0000000712600000|  0%| F|  |TAMS 0x0000000712500000, 0x0000000712500000| Untracked 
| 260|0x0000000712600000, 0x0000000712600000, 0x0000000712700000|  0%| F|  |TAMS 0x0000000712600000, 0x0000000712600000| Untracked 
| 261|0x0000000712700000, 0x0000000712700000, 0x0000000712800000|  0%| F|  |TAMS 0x0000000712700000, 0x0000000712700000| Untracked 
| 262|0x0000000712800000, 0x0000000712800000, 0x0000000712900000|  0%| F|  |TAMS 0x0000000712800000, 0x0000000712800000| Untracked 
| 263|0x0000000712900000, 0x0000000712900000, 0x0000000712a00000|  0%| F|  |TAMS 0x0000000712900000, 0x0000000712900000| Untracked 
| 264|0x0000000712a00000, 0x0000000712a00000, 0x0000000712b00000|  0%| F|  |TAMS 0x0000000712a00000, 0x0000000712a00000| Untracked 
| 265|0x0000000712b00000, 0x0000000712b00000, 0x0000000712c00000|  0%| F|  |TAMS 0x0000000712b00000, 0x0000000712b00000| Untracked 
| 266|0x0000000712c00000, 0x0000000712c00000, 0x0000000712d00000|  0%| F|  |TAMS 0x0000000712c00000, 0x0000000712c00000| Untracked 
| 267|0x0000000712d00000, 0x0000000712d00000, 0x0000000712e00000|  0%| F|  |TAMS 0x0000000712d00000, 0x0000000712d00000| Untracked 
| 268|0x0000000712e00000, 0x0000000712e00000, 0x0000000712f00000|  0%| F|  |TAMS 0x0000000712e00000, 0x0000000712e00000| Untracked 
| 269|0x0000000712f00000, 0x0000000712f00000, 0x0000000713000000|  0%| F|  |TAMS 0x0000000712f00000, 0x0000000712f00000| Untracked 
| 270|0x0000000713000000, 0x0000000713000000, 0x0000000713100000|  0%| F|  |TAMS 0x0000000713000000, 0x0000000713000000| Untracked 
| 271|0x0000000713100000, 0x0000000713100000, 0x0000000713200000|  0%| F|  |TAMS 0x0000000713100000, 0x0000000713100000| Untracked 
| 272|0x0000000713200000, 0x0000000713300000, 0x0000000713300000|100%| E|  |TAMS 0x0000000713200000, 0x0000000713200000| Complete 
| 273|0x0000000713300000, 0x0000000713400000, 0x0000000713400000|100%| E|CS|TAMS 0x0000000713300000, 0x0000000713300000| Complete 
| 274|0x0000000713400000, 0x0000000713500000, 0x0000000713500000|100%| E|CS|TAMS 0x0000000713400000, 0x0000000713400000| Complete 
| 275|0x0000000713500000, 0x0000000713600000, 0x0000000713600000|100%| E|CS|TAMS 0x0000000713500000, 0x0000000713500000| Complete 
| 276|0x0000000713600000, 0x0000000713700000, 0x0000000713700000|100%| E|CS|TAMS 0x0000000713600000, 0x0000000713600000| Complete 
| 277|0x0000000713700000, 0x0000000713800000, 0x0000000713800000|100%| E|CS|TAMS 0x0000000713700000, 0x0000000713700000| Complete 
| 278|0x0000000713800000, 0x0000000713900000, 0x0000000713900000|100%| E|CS|TAMS 0x0000000713800000, 0x0000000713800000| Complete 
| 279|0x0000000713900000, 0x0000000713a00000, 0x0000000713a00000|100%| E|CS|TAMS 0x0000000713900000, 0x0000000713900000| Complete 
| 280|0x0000000713a00000, 0x0000000713b00000, 0x0000000713b00000|100%| E|CS|TAMS 0x0000000713a00000, 0x0000000713a00000| Complete 
| 281|0x0000000713b00000, 0x0000000713c00000, 0x0000000713c00000|100%| E|CS|TAMS 0x0000000713b00000, 0x0000000713b00000| Complete 
| 282|0x0000000713c00000, 0x0000000713d00000, 0x0000000713d00000|100%| E|CS|TAMS 0x0000000713c00000, 0x0000000713c00000| Complete 
| 283|0x0000000713d00000, 0x0000000713e00000, 0x0000000713e00000|100%| E|CS|TAMS 0x0000000713d00000, 0x0000000713d00000| Complete 
| 284|0x0000000713e00000, 0x0000000713f00000, 0x0000000713f00000|100%| E|CS|TAMS 0x0000000713e00000, 0x0000000713e00000| Complete 
| 285|0x0000000713f00000, 0x0000000714000000, 0x0000000714000000|100%| E|CS|TAMS 0x0000000713f00000, 0x0000000713f00000| Complete 
| 286|0x0000000714000000, 0x0000000714100000, 0x0000000714100000|100%| E|CS|TAMS 0x0000000714000000, 0x0000000714000000| Complete 
| 287|0x0000000714100000, 0x0000000714200000, 0x0000000714200000|100%| E|CS|TAMS 0x0000000714100000, 0x0000000714100000| Complete 
| 288|0x0000000714200000, 0x0000000714300000, 0x0000000714300000|100%| E|CS|TAMS 0x0000000714200000, 0x0000000714200000| Complete 
| 289|0x0000000714300000, 0x0000000714400000, 0x0000000714400000|100%| E|CS|TAMS 0x0000000714300000, 0x0000000714300000| Complete 
| 290|0x0000000714400000, 0x0000000714500000, 0x0000000714500000|100%| E|CS|TAMS 0x0000000714400000, 0x0000000714400000| Complete 
| 291|0x0000000714500000, 0x0000000714600000, 0x0000000714600000|100%| E|CS|TAMS 0x0000000714500000, 0x0000000714500000| Complete 
| 292|0x0000000714600000, 0x0000000714700000, 0x0000000714700000|100%| E|CS|TAMS 0x0000000714600000, 0x0000000714600000| Complete 
| 293|0x0000000714700000, 0x0000000714800000, 0x0000000714800000|100%| E|CS|TAMS 0x0000000714700000, 0x0000000714700000| Complete 
| 294|0x0000000714800000, 0x0000000714900000, 0x0000000714900000|100%| E|CS|TAMS 0x0000000714800000, 0x0000000714800000| Complete 
| 295|0x0000000714900000, 0x0000000714a00000, 0x0000000714a00000|100%| E|CS|TAMS 0x0000000714900000, 0x0000000714900000| Complete 
| 296|0x0000000714a00000, 0x0000000714b00000, 0x0000000714b00000|100%| E|CS|TAMS 0x0000000714a00000, 0x0000000714a00000| Complete 
| 297|0x0000000714b00000, 0x0000000714c00000, 0x0000000714c00000|100%| E|CS|TAMS 0x0000000714b00000, 0x0000000714b00000| Complete 
| 298|0x0000000714c00000, 0x0000000714d00000, 0x0000000714d00000|100%| E|CS|TAMS 0x0000000714c00000, 0x0000000714c00000| Complete 
| 299|0x0000000714d00000, 0x0000000714e00000, 0x0000000714e00000|100%| E|CS|TAMS 0x0000000714d00000, 0x0000000714d00000| Complete 
| 300|0x0000000714e00000, 0x0000000714f00000, 0x0000000714f00000|100%| E|CS|TAMS 0x0000000714e00000, 0x0000000714e00000| Complete 
| 301|0x0000000714f00000, 0x0000000715000000, 0x0000000715000000|100%| E|CS|TAMS 0x0000000714f00000, 0x0000000714f00000| Complete 
| 302|0x0000000715000000, 0x0000000715100000, 0x0000000715100000|100%| E|CS|TAMS 0x0000000715000000, 0x0000000715000000| Complete 
| 303|0x0000000715100000, 0x0000000715200000, 0x0000000715200000|100%| E|CS|TAMS 0x0000000715100000, 0x0000000715100000| Complete 
| 304|0x0000000715200000, 0x0000000715300000, 0x0000000715300000|100%| E|CS|TAMS 0x0000000715200000, 0x0000000715200000| Complete 
| 305|0x0000000715300000, 0x0000000715400000, 0x0000000715400000|100%| E|CS|TAMS 0x0000000715300000, 0x0000000715300000| Complete 
| 306|0x0000000715400000, 0x0000000715500000, 0x0000000715500000|100%| E|CS|TAMS 0x0000000715400000, 0x0000000715400000| Complete 
| 307|0x0000000715500000, 0x0000000715600000, 0x0000000715600000|100%| E|CS|TAMS 0x0000000715500000, 0x0000000715500000| Complete 
| 308|0x0000000715600000, 0x0000000715700000, 0x0000000715700000|100%| E|CS|TAMS 0x0000000715600000, 0x0000000715600000| Complete 
| 309|0x0000000715700000, 0x0000000715800000, 0x0000000715800000|100%| E|CS|TAMS 0x0000000715700000, 0x0000000715700000| Complete 
| 310|0x0000000715800000, 0x0000000715900000, 0x0000000715900000|100%| E|CS|TAMS 0x0000000715800000, 0x0000000715800000| Complete 
| 311|0x0000000715900000, 0x0000000715a00000, 0x0000000715a00000|100%| E|CS|TAMS 0x0000000715900000, 0x0000000715900000| Complete 
| 312|0x0000000715a00000, 0x0000000715b00000, 0x0000000715b00000|100%| E|CS|TAMS 0x0000000715a00000, 0x0000000715a00000| Complete 
| 313|0x0000000715b00000, 0x0000000715c00000, 0x0000000715c00000|100%| E|CS|TAMS 0x0000000715b00000, 0x0000000715b00000| Complete 
| 314|0x0000000715c00000, 0x0000000715d00000, 0x0000000715d00000|100%| E|CS|TAMS 0x0000000715c00000, 0x0000000715c00000| Complete 
| 315|0x0000000715d00000, 0x0000000715e00000, 0x0000000715e00000|100%| E|CS|TAMS 0x0000000715d00000, 0x0000000715d00000| Complete 
| 316|0x0000000715e00000, 0x0000000715f00000, 0x0000000715f00000|100%| E|CS|TAMS 0x0000000715e00000, 0x0000000715e00000| Complete 
| 317|0x0000000715f00000, 0x0000000716000000, 0x0000000716000000|100%| E|CS|TAMS 0x0000000715f00000, 0x0000000715f00000| Complete 
| 318|0x0000000716000000, 0x0000000716100000, 0x0000000716100000|100%| E|CS|TAMS 0x0000000716000000, 0x0000000716000000| Complete 
| 319|0x0000000716100000, 0x0000000716200000, 0x0000000716200000|100%| E|CS|TAMS 0x0000000716100000, 0x0000000716100000| Complete 
| 320|0x0000000716200000, 0x0000000716300000, 0x0000000716300000|100%| E|CS|TAMS 0x0000000716200000, 0x0000000716200000| Complete 
| 321|0x0000000716300000, 0x0000000716400000, 0x0000000716400000|100%| E|CS|TAMS 0x0000000716300000, 0x0000000716300000| Complete 
| 322|0x0000000716400000, 0x0000000716500000, 0x0000000716500000|100%| E|CS|TAMS 0x0000000716400000, 0x0000000716400000| Complete 
| 323|0x0000000716500000, 0x0000000716600000, 0x0000000716600000|100%| E|CS|TAMS 0x0000000716500000, 0x0000000716500000| Complete 
| 324|0x0000000716600000, 0x0000000716700000, 0x0000000716700000|100%| E|CS|TAMS 0x0000000716600000, 0x0000000716600000| Complete 
| 325|0x0000000716700000, 0x0000000716800000, 0x0000000716800000|100%| E|CS|TAMS 0x0000000716700000, 0x0000000716700000| Complete 
| 326|0x0000000716800000, 0x0000000716900000, 0x0000000716900000|100%| E|CS|TAMS 0x0000000716800000, 0x0000000716800000| Complete 
| 327|0x0000000716900000, 0x0000000716a00000, 0x0000000716a00000|100%| E|CS|TAMS 0x0000000716900000, 0x0000000716900000| Complete 
| 328|0x0000000716a00000, 0x0000000716b00000, 0x0000000716b00000|100%| E|CS|TAMS 0x0000000716a00000, 0x0000000716a00000| Complete 
| 329|0x0000000716b00000, 0x0000000716c00000, 0x0000000716c00000|100%| E|CS|TAMS 0x0000000716b00000, 0x0000000716b00000| Complete 
| 330|0x0000000716c00000, 0x0000000716d00000, 0x0000000716d00000|100%| E|CS|TAMS 0x0000000716c00000, 0x0000000716c00000| Complete 
| 331|0x0000000716d00000, 0x0000000716e00000, 0x0000000716e00000|100%| E|CS|TAMS 0x0000000716d00000, 0x0000000716d00000| Complete 
| 332|0x0000000716e00000, 0x0000000716f00000, 0x0000000716f00000|100%| E|CS|TAMS 0x0000000716e00000, 0x0000000716e00000| Complete 
| 333|0x0000000716f00000, 0x0000000717000000, 0x0000000717000000|100%| E|CS|TAMS 0x0000000716f00000, 0x0000000716f00000| Complete 
| 334|0x0000000717000000, 0x0000000717100000, 0x0000000717100000|100%| E|CS|TAMS 0x0000000717000000, 0x0000000717000000| Complete 
| 335|0x0000000717100000, 0x0000000717200000, 0x0000000717200000|100%| E|CS|TAMS 0x0000000717100000, 0x0000000717100000| Complete 
| 336|0x0000000717200000, 0x0000000717300000, 0x0000000717300000|100%| E|CS|TAMS 0x0000000717200000, 0x0000000717200000| Complete 
| 337|0x0000000717300000, 0x0000000717400000, 0x0000000717400000|100%| E|CS|TAMS 0x0000000717300000, 0x0000000717300000| Complete 
| 338|0x0000000717400000, 0x0000000717500000, 0x0000000717500000|100%| E|CS|TAMS 0x0000000717400000, 0x0000000717400000| Complete 
| 339|0x0000000717500000, 0x0000000717600000, 0x0000000717600000|100%| E|CS|TAMS 0x0000000717500000, 0x0000000717500000| Complete 
| 340|0x0000000717600000, 0x0000000717700000, 0x0000000717700000|100%| E|CS|TAMS 0x0000000717600000, 0x0000000717600000| Complete 
| 341|0x0000000717700000, 0x0000000717800000, 0x0000000717800000|100%| E|CS|TAMS 0x0000000717700000, 0x0000000717700000| Complete 
| 342|0x0000000717800000, 0x0000000717900000, 0x0000000717900000|100%| E|CS|TAMS 0x0000000717800000, 0x0000000717800000| Complete 
| 343|0x0000000717900000, 0x0000000717a00000, 0x0000000717a00000|100%| E|CS|TAMS 0x0000000717900000, 0x0000000717900000| Complete 
| 344|0x0000000717a00000, 0x0000000717b00000, 0x0000000717b00000|100%| E|CS|TAMS 0x0000000717a00000, 0x0000000717a00000| Complete 
| 345|0x0000000717b00000, 0x0000000717c00000, 0x0000000717c00000|100%| E|CS|TAMS 0x0000000717b00000, 0x0000000717b00000| Complete 
| 346|0x0000000717c00000, 0x0000000717d00000, 0x0000000717d00000|100%| E|CS|TAMS 0x0000000717c00000, 0x0000000717c00000| Complete 
| 347|0x0000000717d00000, 0x0000000717e00000, 0x0000000717e00000|100%| E|CS|TAMS 0x0000000717d00000, 0x0000000717d00000| Complete 
| 348|0x0000000717e00000, 0x0000000717f00000, 0x0000000717f00000|100%| E|CS|TAMS 0x0000000717e00000, 0x0000000717e00000| Complete 
| 349|0x0000000717f00000, 0x0000000718000000, 0x0000000718000000|100%| E|CS|TAMS 0x0000000717f00000, 0x0000000717f00000| Complete 
| 350|0x0000000718000000, 0x0000000718100000, 0x0000000718100000|100%| E|CS|TAMS 0x0000000718000000, 0x0000000718000000| Complete 
| 351|0x0000000718100000, 0x0000000718200000, 0x0000000718200000|100%| E|CS|TAMS 0x0000000718100000, 0x0000000718100000| Complete 
| 352|0x0000000718200000, 0x0000000718300000, 0x0000000718300000|100%| E|CS|TAMS 0x0000000718200000, 0x0000000718200000| Complete 
| 353|0x0000000718300000, 0x0000000718400000, 0x0000000718400000|100%| E|CS|TAMS 0x0000000718300000, 0x0000000718300000| Complete 
| 354|0x0000000718400000, 0x0000000718500000, 0x0000000718500000|100%| E|CS|TAMS 0x0000000718400000, 0x0000000718400000| Complete 
| 355|0x0000000718500000, 0x0000000718600000, 0x0000000718600000|100%| E|CS|TAMS 0x0000000718500000, 0x0000000718500000| Complete 
| 356|0x0000000718600000, 0x0000000718700000, 0x0000000718700000|100%| E|CS|TAMS 0x0000000718600000, 0x0000000718600000| Complete 
| 357|0x0000000718700000, 0x0000000718800000, 0x0000000718800000|100%| E|CS|TAMS 0x0000000718700000, 0x0000000718700000| Complete 
| 358|0x0000000718800000, 0x0000000718900000, 0x0000000718900000|100%| E|CS|TAMS 0x0000000718800000, 0x0000000718800000| Complete 
| 359|0x0000000718900000, 0x0000000718a00000, 0x0000000718a00000|100%| E|CS|TAMS 0x0000000718900000, 0x0000000718900000| Complete 
| 360|0x0000000718a00000, 0x0000000718b00000, 0x0000000718b00000|100%| E|CS|TAMS 0x0000000718a00000, 0x0000000718a00000| Complete 
| 361|0x0000000718b00000, 0x0000000718c00000, 0x0000000718c00000|100%| E|CS|TAMS 0x0000000718b00000, 0x0000000718b00000| Complete 
| 362|0x0000000718c00000, 0x0000000718d00000, 0x0000000718d00000|100%| E|CS|TAMS 0x0000000718c00000, 0x0000000718c00000| Complete 
| 363|0x0000000718d00000, 0x0000000718e00000, 0x0000000718e00000|100%| E|CS|TAMS 0x0000000718d00000, 0x0000000718d00000| Complete 
| 364|0x0000000718e00000, 0x0000000718f00000, 0x0000000718f00000|100%| E|CS|TAMS 0x0000000718e00000, 0x0000000718e00000| Complete 
| 365|0x0000000718f00000, 0x0000000719000000, 0x0000000719000000|100%| E|CS|TAMS 0x0000000718f00000, 0x0000000718f00000| Complete 

Card table byte_map: [0x000001de57ba0000,0x000001de58390000] _byte_map_base: 0x000001de5438f000

Marking Bits (Prev, Next): (CMBitMap*) 0x000001de3fae2ba8, (CMBitMap*) 0x000001de3fae2be8
 Prev Bits: [0x000001de58b80000, 0x000001de5caf8000)
 Next Bits: [0x000001de5cb00000, 0x000001de60a78000)

Polling page: 0x000001de3d920000

Metaspace:

Usage:
  Non-class:     10.19 MB capacity,     7.99 MB ( 78%) used,     2.19 MB ( 21%) free+waste,    10.69 KB ( <1%) overhead. 
      Class:    725.00 KB capacity,   424.75 KB ( 59%) used,   296.63 KB ( 41%) free+waste,     3.63 KB ( <1%) overhead. 
       Both:     10.89 MB capacity,     8.40 MB ( 77%) used,     2.48 MB ( 23%) free+waste,    14.31 KB ( <1%) overhead. 

Virtual space:
  Non-class space:       12.00 MB reserved,      10.25 MB ( 85%) committed 
      Class space:        1.00 GB reserved,     768.00 KB ( <1%) committed 
             Both:        1.01 GB reserved,      11.00 MB (  1%) committed 

Chunk freelists:
   Non-Class:  66.00 KB
       Class:  11.00 KB
        Both:  77.00 KB

MaxMetaspaceSize: 17179869184.00 GB
CompressedClassSpaceSize: 1.00 GB

CodeHeap 'non-profiled nmethods': size=120000Kb used=1344Kb max_used=1344Kb free=118655Kb
 bounds [0x000001de4fa40000, 0x000001de4fcb0000, 0x000001de56f70000]
CodeHeap 'profiled nmethods': size=120000Kb used=4406Kb max_used=4406Kb free=115593Kb
 bounds [0x000001de48510000, 0x000001de48960000, 0x000001de4fa40000]
CodeHeap 'non-nmethods': size=5760Kb used=1634Kb max_used=1685Kb free=4125Kb
 bounds [0x000001de47f70000, 0x000001de481e0000, 0x000001de48510000]
 total_blobs=3905 nmethods=1811 adapters=937
 compilation: enabled
              stopped_count=0, restarted_count=0
 full_count=0

Compilation events (20 events):
Event: 106.806 Thread 0x000001de63ea1800 1804       4       java.util.ArrayList::sort (45 bytes)
Event: 106.807 Thread 0x000001de63ea1800 nmethod 1804 0x000001de4fb8c110 code [0x000001de4fb8c2a0, 0x000001de4fb8c3e8]
Event: 106.807 Thread 0x000001de63ea1800 1803       4       rendering.MainRenderHandler::SortEntities (25 bytes)
Event: 106.809 Thread 0x000001de63ea1800 nmethod 1803 0x000001de4fb8c590 code [0x000001de4fb8c740, 0x000001de4fb8c908]
Event: 106.810 Thread 0x000001de63ea1800 1805       4       animation.AnimationHandler::amountInList (9 bytes)
Event: 106.810 Thread 0x000001de63ea1800 nmethod 1805 0x000001de4fb8cb10 code [0x000001de4fb8cca0, 0x000001de4fb8cd18]
Event: 106.810 Thread 0x000001de63ea1800 1806       4       rendering.MainBatchRender::getQuads (38 bytes)
Event: 106.812 Thread 0x000001de63ea1800 nmethod 1806 0x000001de4fb8ce10 code [0x000001de4fb8cfa0, 0x000001de4fb8d0d8]
Event: 106.812 Thread 0x000001de63ea1800 1808       4       rendering.MainBatchRender::draw (62 bytes)
Event: 106.820 Thread 0x000001de63ea1800 nmethod 1808 0x000001de4fb8d290 code [0x000001de4fb8d480, 0x000001de4fb8daa8]
Event: 106.820 Thread 0x000001de63ea1800 1809       4       rendering.MainBatchRender::flushModel (32 bytes)
Event: 106.823 Thread 0x000001de63ea1800 nmethod 1809 0x000001de4fb8df10 code [0x000001de4fb8e160, 0x000001de4fb8e5c8]
Event: 106.824 Thread 0x000001de63ea1800 1807       4       rendering.MainRenderHandler::clear (7 bytes)
Event: 106.827 Thread 0x000001de63ea1800 nmethod 1807 0x000001de4fb8eb90 code [0x000001de4fb8ed20, 0x000001de4fb8efb8]
Event: 112.833 Thread 0x000001de63ec9000 1810   !   3       gameEngine.Start::Inputupdate (2711 bytes)
Event: 112.860 Thread 0x000001de63ec9000 nmethod 1810 0x000001de4893c610 code [0x000001de4893ed00, 0x000001de489559c0]
Event: 113.603 Thread 0x000001de63ea1800 1811       4       java.util.TimSort::mergeAt (358 bytes)
Event: 113.607 Thread 0x000001de63ea1800 nmethod 1811 0x000001de4fb8f090 code [0x000001de4fb8f260, 0x000001de4fb8f650]
Event: 114.452 Thread 0x000001de63ea1800 1812 %     4       java.util.ArrayList::remove @ 39 (76 bytes)
Event: 114.455 Thread 0x000001de63ea1800 nmethod 1812% 0x000001de4fb8fa10 code [0x000001de4fb8fbc0, 0x000001de4fb8fe88]

GC Heap History (20 events):
Event: 87.661 GC heap before
{Heap before GC invocations=66 (full 0):
 garbage-first heap   total 374784K, used 229058K [0x0000000702200000, 0x0000000800000000)
  region size 1024K, 219 young (224256K), 6 survivors (6144K)
 Metaspace       used 8601K, capacity 11155K, committed 11264K, reserved 1060864K
  class space    used 424K, capacity 725K, committed 768K, reserved 1048576K
}
Event: 87.679 GC heap after
{Heap after GC invocations=67 (full 0):
 garbage-first heap   total 374784K, used 11704K [0x0000000702200000, 0x0000000800000000)
  region size 1024K, 6 young (6144K), 6 survivors (6144K)
 Metaspace       used 8601K, capacity 11155K, committed 11264K, reserved 1060864K
  class space    used 424K, capacity 725K, committed 768K, reserved 1048576K
}
Event: 89.591 GC heap before
{Heap before GC invocations=67 (full 0):
 garbage-first heap   total 374784K, used 229816K [0x0000000702200000, 0x0000000800000000)
  region size 1024K, 219 young (224256K), 6 survivors (6144K)
 Metaspace       used 8601K, capacity 11155K, committed 11264K, reserved 1060864K
  class space    used 424K, capacity 725K, committed 768K, reserved 1048576K
}
Event: 89.611 GC heap after
{Heap after GC invocations=68 (full 0):
 garbage-first heap   total 374784K, used 12121K [0x0000000702200000, 0x0000000800000000)
  region size 1024K, 7 young (7168K), 7 survivors (7168K)
 Metaspace       used 8601K, capacity 11155K, committed 11264K, reserved 1060864K
  class space    used 424K, capacity 725K, committed 768K, reserved 1048576K
}
Event: 91.170 GC heap before
{Heap before GC invocations=68 (full 0):
 garbage-first heap   total 374784K, used 229209K [0x0000000702200000, 0x0000000800000000)
  region size 1024K, 219 young (224256K), 7 survivors (7168K)
 Metaspace       used 8601K, capacity 11155K, committed 11264K, reserved 1060864K
  class space    used 424K, capacity 725K, committed 768K, reserved 1048576K
}
Event: 91.186 GC heap after
{Heap after GC invocations=69 (full 0):
 garbage-first heap   total 374784K, used 10987K [0x0000000702200000, 0x0000000800000000)
  region size 1024K, 6 young (6144K), 6 survivors (6144K)
 Metaspace       used 8601K, capacity 11155K, committed 11264K, reserved 1060864K
  class space    used 424K, capacity 725K, committed 768K, reserved 1048576K
}
Event: 92.834 GC heap before
{Heap before GC invocations=69 (full 0):
 garbage-first heap   total 374784K, used 229099K [0x0000000702200000, 0x0000000800000000)
  region size 1024K, 219 young (224256K), 6 survivors (6144K)
 Metaspace       used 8601K, capacity 11155K, committed 11264K, reserved 1060864K
  class space    used 424K, capacity 725K, committed 768K, reserved 1048576K
}
Event: 92.851 GC heap after
{Heap after GC invocations=70 (full 0):
 garbage-first heap   total 374784K, used 11334K [0x0000000702200000, 0x0000000800000000)
  region size 1024K, 6 young (6144K), 6 survivors (6144K)
 Metaspace       used 8601K, capacity 11155K, committed 11264K, reserved 1060864K
  class space    used 424K, capacity 725K, committed 768K, reserved 1048576K
}
Event: 94.661 GC heap before
{Heap before GC invocations=70 (full 0):
 garbage-first heap   total 374784K, used 229446K [0x0000000702200000, 0x0000000800000000)
  region size 1024K, 219 young (224256K), 6 survivors (6144K)
 Metaspace       used 8601K, capacity 11155K, committed 11264K, reserved 1060864K
  class space    used 424K, capacity 725K, committed 768K, reserved 1048576K
}
Event: 94.681 GC heap after
{Heap after GC invocations=71 (full 0):
 garbage-first heap   total 374784K, used 11849K [0x0000000702200000, 0x0000000800000000)
  region size 1024K, 7 young (7168K), 7 survivors (7168K)
 Metaspace       used 8601K, capacity 11155K, committed 11264K, reserved 1060864K
  class space    used 424K, capacity 725K, committed 768K, reserved 1048576K
}
Event: 97.922 GC heap before
{Heap before GC invocations=71 (full 0):
 garbage-first heap   total 374784K, used 228937K [0x0000000702200000, 0x0000000800000000)
  region size 1024K, 219 young (224256K), 7 survivors (7168K)
 Metaspace       used 8601K, capacity 11155K, committed 11264K, reserved 1060864K
  class space    used 424K, capacity 725K, committed 768K, reserved 1048576K
}
Event: 97.952 GC heap after
{Heap after GC invocations=72 (full 0):
 garbage-first heap   total 374784K, used 15627K [0x0000000702200000, 0x0000000800000000)
  region size 1024K, 10 young (10240K), 10 survivors (10240K)
 Metaspace       used 8601K, capacity 11155K, committed 11264K, reserved 1060864K
  class space    used 424K, capacity 725K, committed 768K, reserved 1048576K
}
Event: 114.476 GC heap before
{Heap before GC invocations=72 (full 0):
 garbage-first heap   total 374784K, used 229643K [0x0000000702200000, 0x0000000800000000)
  region size 1024K, 219 young (224256K), 10 survivors (10240K)
 Metaspace       used 8605K, capacity 11155K, committed 11264K, reserved 1060864K
  class space    used 424K, capacity 725K, committed 768K, reserved 1048576K
}
Event: 114.663 GC heap after
{Heap after GC invocations=73 (full 0):
 garbage-first heap   total 374784K, used 83168K [0x0000000702200000, 0x0000000800000000)
  region size 1024K, 28 young (28672K), 28 survivors (28672K)
 Metaspace       used 8605K, capacity 11155K, committed 11264K, reserved 1060864K
  class space    used 424K, capacity 725K, committed 768K, reserved 1048576K
}
Event: 115.535 GC heap before
{Heap before GC invocations=73 (full 0):
 garbage-first heap   total 374784K, used 256224K [0x0000000702200000, 0x0000000800000000)
  region size 1024K, 197 young (201728K), 28 survivors (28672K)
 Metaspace       used 8605K, capacity 11155K, committed 11264K, reserved 1060864K
  class space    used 424K, capacity 725K, committed 768K, reserved 1048576K
}
Event: 115.547 GC heap after
{Heap after GC invocations=74 (full 0):
 garbage-first heap   total 374784K, used 62464K [0x0000000702200000, 0x0000000800000000)
  region size 1024K, 4 young (4096K), 4 survivors (4096K)
 Metaspace       used 8605K, capacity 11155K, committed 11264K, reserved 1060864K
  class space    used 424K, capacity 725K, committed 768K, reserved 1048576K
}
Event: 116.688 GC heap before
{Heap before GC invocations=74 (full 0):
 garbage-first heap   total 374784K, used 265216K [0x0000000702200000, 0x0000000800000000)
  region size 1024K, 202 young (206848K), 4 survivors (4096K)
 Metaspace       used 8605K, capacity 11155K, committed 11264K, reserved 1060864K
  class space    used 424K, capacity 725K, committed 768K, reserved 1048576K
}
Event: 116.700 GC heap after
{Heap after GC invocations=75 (full 0):
 garbage-first heap   total 374784K, used 62270K [0x0000000702200000, 0x0000000800000000)
  region size 1024K, 4 young (4096K), 4 survivors (4096K)
 Metaspace       used 8605K, capacity 11155K, committed 11264K, reserved 1060864K
  class space    used 424K, capacity 725K, committed 768K, reserved 1048576K
}
Event: 117.906 GC heap before
{Heap before GC invocations=75 (full 0):
 garbage-first heap   total 374784K, used 277310K [0x0000000702200000, 0x0000000800000000)
  region size 1024K, 214 young (219136K), 4 survivors (4096K)
 Metaspace       used 8605K, capacity 11155K, committed 11264K, reserved 1060864K
  class space    used 424K, capacity 725K, committed 768K, reserved 1048576K
}
Event: 117.918 GC heap after
{Heap after GC invocations=76 (full 0):
 garbage-first heap   total 374784K, used 62105K [0x0000000702200000, 0x0000000800000000)
  region size 1024K, 4 young (4096K), 4 survivors (4096K)
 Metaspace       used 8605K, capacity 11155K, committed 11264K, reserved 1060864K
  class space    used 424K, capacity 725K, committed 768K, reserved 1048576K
}

Deoptimization events (20 events):
Event: 56.303 Thread 0x000001de3da9e800 DEOPT PACKING pc=0x000001de488f3014 sp=0x000000a912dff2c0
Event: 56.303 Thread 0x000001de3da9e800 DEOPT UNPACKING pc=0x000001de47fb964e sp=0x000000a912dfe738 mode 0
Event: 66.064 Thread 0x000001de3da9e800 Uncommon trap: trap_request=0xffffff76 fr.pc=0x000001de4fb303b4 relative=0x0000000000000194
Event: 66.064 Thread 0x000001de3da9e800 Uncommon trap: reason=predicate action=maybe_recompile pc=0x000001de4fb303b4 method=java.util.ArrayList.indexOfRange(Ljava/lang/Object;II)I @ 45 c2
Event: 66.064 Thread 0x000001de3da9e800 DEOPT PACKING pc=0x000001de4fb303b4 sp=0x000000a912dfe4c0
Event: 66.064 Thread 0x000001de3da9e800 DEOPT UNPACKING pc=0x000001de47fb912f sp=0x000000a912dfe438 mode 2
Event: 66.069 Thread 0x000001de3da9e800 Uncommon trap: trap_request=0xffffff45 fr.pc=0x000001de4fb6ae5c relative=0x000000000000013c
Event: 66.069 Thread 0x000001de3da9e800 Uncommon trap: reason=unstable_if action=reinterpret pc=0x000001de4fb6ae5c method=java.util.TimSort.mergeCollapse()V @ 119 c2
Event: 66.069 Thread 0x000001de3da9e800 DEOPT PACKING pc=0x000001de4fb6ae5c sp=0x000000a912dff410
Event: 66.069 Thread 0x000001de3da9e800 DEOPT UNPACKING pc=0x000001de47fb912f sp=0x000000a912dff398 mode 2
Event: 67.584 Thread 0x000001de3da9e800 DEOPT PACKING pc=0x000001de48898985 sp=0x000000a912dff190
Event: 67.584 Thread 0x000001de3da9e800 DEOPT UNPACKING pc=0x000001de47fb964e sp=0x000000a912dfe980 mode 0
Event: 87.127 Thread 0x000001de3da9e800 Uncommon trap: trap_request=0xffffffcc fr.pc=0x000001de4fb744e0 relative=0x0000000000000140
Event: 87.127 Thread 0x000001de3da9e800 Uncommon trap: reason=intrinsic_or_type_checked_inlining action=make_not_entrant pc=0x000001de4fb744e0 method=java.util.ArrayList.toArray([Ljava/lang/Object;)[Ljava/lang/Object; @ 36 c2
Event: 87.127 Thread 0x000001de3da9e800 DEOPT PACKING pc=0x000001de4fb744e0 sp=0x000000a912dff520
Event: 87.127 Thread 0x000001de3da9e800 DEOPT UNPACKING pc=0x000001de47fb912f sp=0x000000a912dff4c0 mode 2
Event: 110.191 Thread 0x000001de3da9e800 Uncommon trap: trap_request=0xffffff45 fr.pc=0x000001de4fb76b54 relative=0x0000000000001ab4
Event: 110.191 Thread 0x000001de3da9e800 Uncommon trap: reason=unstable_if action=reinterpret pc=0x000001de4fb76b54 method=java.lang.Long.valueOf(J)Ljava/lang/Long; @ 17 c2
Event: 110.191 Thread 0x000001de3da9e800 DEOPT PACKING pc=0x000001de4fb76b54 sp=0x000000a912dff5d0
Event: 110.191 Thread 0x000001de3da9e800 DEOPT UNPACKING pc=0x000001de47fb912f sp=0x000000a912dff408 mode 2

Classes unloaded (0 events):
No events

Classes redefined (0 events):
No events

Internal exceptions (7 events):
Event: 0.205 Thread 0x000001de3da9e800 Exception <a 'java/lang/NoSuchMethodError'{0x00000007117deb90}: 'void java.lang.invoke.DelegatingMethodHandle$Holder.delegate(java.lang.Object, java.lang.Object, int, java.lang.Object)'> (0x00000007117deb90) 
thrown [t:/workspace/open/src/hotspot/share/interpreter/linkResolver.cpp, line 767]
Event: 0.206 Thread 0x000001de3da9e800 Exception <a 'java/lang/NoSuchMethodError'{0x00000007117e58e8}: 'java.lang.Object java.lang.invoke.DirectMethodHandle$Holder.invokeStaticInit(java.lang.Object, java.lang.Object, java.lang.Object)'> (0x00000007117e58e8) 
thrown [t:/workspace/open/src/hotspot/share/interpreter/linkResolver.cpp, line 767]
Event: 0.369 Thread 0x000001de3da9e800 Exception <a 'java/lang/NoSuchMethodError'{0x00000007110ed7d0}: 'int java.lang.invoke.DirectMethodHandle$Holder.invokeSpecialIFC(java.lang.Object, java.lang.Object, int)'> (0x00000007110ed7d0) 
thrown [t:/workspace/open/src/hotspot/share/interpreter/linkResolver.cpp, line 767]
Event: 1.414 Thread 0x000001de3da9e800 Exception <a 'sun/nio/fs/WindowsException'{0x00000007109b36d0}> (0x00000007109b36d0) 
thrown [t:/workspace/open/src/hotspot/share/prims/jni.cpp, line 598]
Event: 1.414 Thread 0x000001de3da9e800 Exception <a 'sun/nio/fs/WindowsException'{0x00000007109b3bb0}> (0x00000007109b3bb0) 
thrown [t:/workspace/open/src/hotspot/share/prims/jni.cpp, line 598]
Event: 17.247 Thread 0x000001de3da9e800 Implicit null exception at 0x000001de4fb179b1 to 0x000001de4fb17e33
Event: 20.185 Thread 0x000001de3da9e800 Implicit null exception at 0x000001de4fb1b266 to 0x000001de4fb1b4a4

Events (20 events):
Event: 91.170 Executing VM operation: G1CollectForAllocation
Event: 91.186 Executing VM operation: G1CollectForAllocation done
Event: 92.834 Executing VM operation: G1CollectForAllocation
Event: 92.851 Executing VM operation: G1CollectForAllocation done
Event: 94.661 Executing VM operation: G1CollectForAllocation
Event: 94.681 Executing VM operation: G1CollectForAllocation done
Event: 97.922 Executing VM operation: G1CollectForAllocation
Event: 97.952 Executing VM operation: G1CollectForAllocation done
Event: 103.945 Loaded shared library C:\Users\jtkom\AppData\Local\Temp\lwjgljtkom\3.2.1-build-3\lwjgl.dll
Event: 103.947 Loaded shared library C:\Users\jtkom\AppData\Local\Temp\lwjgljtkom\3.2.1-build-3\lwjgl.dll
Event: 103.949 Loaded shared library C:\Users\jtkom\AppData\Local\Temp\lwjgljtkom\3.2.1-build-3\lwjgl.dll
Event: 103.952 Loaded shared library C:\Users\jtkom\AppData\Local\Temp\lwjgljtkom\3.2.1-build-3\lwjgl.dll
Event: 114.476 Executing VM operation: G1CollectForAllocation
Event: 114.663 Executing VM operation: G1CollectForAllocation done
Event: 115.535 Executing VM operation: G1CollectForAllocation
Event: 115.547 Executing VM operation: G1CollectForAllocation done
Event: 116.688 Executing VM operation: G1CollectForAllocation
Event: 116.700 Executing VM operation: G1CollectForAllocation done
Event: 117.906 Executing VM operation: G1CollectForAllocation
Event: 117.918 Executing VM operation: G1CollectForAllocation done


Dynamic libraries:
0x00007ff65d7d0000 - 0x00007ff65d7df000 	C:\Program Files\Java\jdk-13.0.2\bin\javaw.exe
0x00007ffd8c460000 - 0x00007ffd8c650000 	C:\WINDOWS\SYSTEM32\ntdll.dll
0x00007ffd8b550000 - 0x00007ffd8b602000 	C:\WINDOWS\System32\KERNEL32.DLL
0x00007ffd8a130000 - 0x00007ffd8a3d3000 	C:\WINDOWS\System32\KERNELBASE.dll
0x00007ffd8a3e0000 - 0x00007ffd8a4da000 	C:\WINDOWS\System32\ucrtbase.dll
0x00007ffd5e220000 - 0x00007ffd5e238000 	C:\Program Files\Java\jdk-13.0.2\bin\jli.dll
0x00007ffd5e200000 - 0x00007ffd5e215000 	C:\Program Files\Java\jdk-13.0.2\bin\VCRUNTIME140.dll
0x00007ffd8be20000 - 0x00007ffd8bec3000 	C:\WINDOWS\System32\ADVAPI32.dll
0x00007ffd8b940000 - 0x00007ffd8b9de000 	C:\WINDOWS\System32\msvcrt.dll
0x00007ffd8b9e0000 - 0x00007ffd8ba77000 	C:\WINDOWS\System32\sechost.dll
0x00007ffd8bc70000 - 0x00007ffd8bd90000 	C:\WINDOWS\System32\RPCRT4.dll
0x00007ffd8bf40000 - 0x00007ffd8c0d4000 	C:\WINDOWS\System32\USER32.dll
0x00007ffd89bd0000 - 0x00007ffd89bf1000 	C:\WINDOWS\System32\win32u.dll
0x00007ffd8bdf0000 - 0x00007ffd8be16000 	C:\WINDOWS\System32\GDI32.dll
0x00007ffd88840000 - 0x00007ffd88ac5000 	C:\WINDOWS\WinSxS\amd64_microsoft.windows.common-controls_6595b64144ccf1df_6.0.18362.657_none_e6c5b579130e3898\COMCTL32.dll
0x00007ffd89e90000 - 0x00007ffd8a024000 	C:\WINDOWS\System32\gdi32full.dll
0x00007ffd8c0e0000 - 0x00007ffd8c416000 	C:\WINDOWS\System32\combase.dll
0x00007ffd89c00000 - 0x00007ffd89c9e000 	C:\WINDOWS\System32\msvcp_win.dll
0x00007ffd89e10000 - 0x00007ffd89e90000 	C:\WINDOWS\System32\bcryptPrimitives.dll
0x00007ffd7d160000 - 0x00007ffd7d16a000 	C:\WINDOWS\SYSTEM32\VERSION.dll
0x00007ffd8ba80000 - 0x00007ffd8baae000 	C:\WINDOWS\System32\IMM32.DLL
0x00007ffd58d10000 - 0x00007ffd58dab000 	C:\Program Files\Java\jdk-13.0.2\bin\msvcp140.dll
0x00007ffd21a10000 - 0x00007ffd2256d000 	C:\Program Files\Java\jdk-13.0.2\bin\server\jvm.dll
0x00007ffd8bab0000 - 0x00007ffd8bab8000 	C:\WINDOWS\System32\PSAPI.DLL
0x00007ffd83940000 - 0x00007ffd83949000 	C:\WINDOWS\SYSTEM32\WSOCK32.dll
0x00007ffd86520000 - 0x00007ffd86544000 	C:\WINDOWS\SYSTEM32\WINMM.dll
0x00007ffd8bed0000 - 0x00007ffd8bf3f000 	C:\WINDOWS\System32\WS2_32.dll
0x00007ffd864f0000 - 0x00007ffd8651d000 	C:\WINDOWS\SYSTEM32\winmmbase.dll
0x00007ffd8a0e0000 - 0x00007ffd8a12a000 	C:\WINDOWS\System32\cfgmgr32.dll
0x00007ffd89340000 - 0x00007ffd89351000 	C:\WINDOWS\System32\kernel.appcore.dll
0x00007ffd825d0000 - 0x00007ffd825e0000 	C:\Program Files\Java\jdk-13.0.2\bin\verify.dll
0x00007ffd88e50000 - 0x00007ffd89044000 	C:\WINDOWS\SYSTEM32\DBGHELP.DLL
0x00007ffd88bc0000 - 0x00007ffd88bea000 	C:\WINDOWS\SYSTEM32\dbgcore.DLL
0x00007ffd6a9e0000 - 0x00007ffd6aa06000 	C:\Program Files\Java\jdk-13.0.2\bin\java.dll
0x00007ffd7f7d0000 - 0x00007ffd7f7e7000 	C:\Program Files\Java\jdk-13.0.2\bin\zip.dll
0x00007ffd825c0000 - 0x00007ffd825ca000 	C:\Program Files\Java\jdk-13.0.2\bin\jimage.dll
0x00007ffd8a5f0000 - 0x00007ffd8acd5000 	C:\WINDOWS\System32\SHELL32.dll
0x00007ffd8af60000 - 0x00007ffd8b009000 	C:\WINDOWS\System32\shcore.dll
0x00007ffd893f0000 - 0x00007ffd89b6f000 	C:\WINDOWS\System32\windows.storage.dll
0x00007ffd89360000 - 0x00007ffd8937f000 	C:\WINDOWS\System32\profapi.dll
0x00007ffd893a0000 - 0x00007ffd893ea000 	C:\WINDOWS\System32\powrprof.dll
0x00007ffd89330000 - 0x00007ffd89340000 	C:\WINDOWS\System32\UMPDC.dll
0x00007ffd8a510000 - 0x00007ffd8a562000 	C:\WINDOWS\System32\shlwapi.dll
0x00007ffd89df0000 - 0x00007ffd89e07000 	C:\WINDOWS\System32\cryptsp.dll
0x00007ffd7cf60000 - 0x00007ffd7cf79000 	C:\Program Files\Java\jdk-13.0.2\bin\net.dll
0x00007ffd80040000 - 0x00007ffd80130000 	C:\WINDOWS\SYSTEM32\WINHTTP.dll
0x00007ffd88520000 - 0x00007ffd88587000 	C:\WINDOWS\system32\mswsock.dll
0x00007ffd7c810000 - 0x00007ffd7c823000 	C:\Program Files\Java\jdk-13.0.2\bin\nio.dll
0x00007ffd5c830000 - 0x00007ffd5c890000 	C:\Users\jtkom\AppData\Local\Temp\lwjgljtkom\3.2.1-build-3\lwjgl.dll
0x00007ffd4c9c0000 - 0x00007ffd4cad4000 	C:\Users\jtkom\AppData\Local\Temp\lwjgljtkom\3.2.1-build-3\OpenAL.dll
0x00007ffd8b780000 - 0x00007ffd8b8d6000 	C:\WINDOWS\System32\ole32.dll
0x00007ffd8ace0000 - 0x00007ffd8ad82000 	C:\WINDOWS\System32\clbcatq.dll
0x00007ffd819c0000 - 0x00007ffd81a32000 	C:\WINDOWS\System32\MMDevApi.dll
0x00007ffd89130000 - 0x00007ffd8915a000 	C:\WINDOWS\System32\DEVOBJ.dll
0x00007ffd81d40000 - 0x00007ffd81e9d000 	C:\WINDOWS\SYSTEM32\AUDIOSES.DLL
0x00007ffd8b630000 - 0x00007ffd8b6f4000 	C:\WINDOWS\System32\OLEAUT32.dll
0x00007ffd83f20000 - 0x00007ffd84073000 	C:\WINDOWS\SYSTEM32\wintypes.dll
0x00007ffd86b80000 - 0x00007ffd86b94000 	C:\WINDOWS\SYSTEM32\resourcepolicyclient.dll
0x00007ffd58b00000 - 0x00007ffd58b5e000 	C:\Users\jtkom\AppData\Local\Temp\lwjgljtkom\3.2.1-build-3\glfw.dll
0x00007ffd86850000 - 0x00007ffd868e9000 	C:\WINDOWS\system32\uxtheme.dll
0x00007ffd59600000 - 0x00007ffd59643000 	C:\WINDOWS\SYSTEM32\dinput8.dll
0x00007ffd5e1e0000 - 0x00007ffd5e1f1000 	C:\WINDOWS\SYSTEM32\xinput1_4.dll
0x00007ffd86c70000 - 0x00007ffd86c9d000 	C:\WINDOWS\SYSTEM32\dwmapi.dll
0x00007ffd7b730000 - 0x00007ffd7b84a000 	C:\WINDOWS\SYSTEM32\inputhost.dll
0x00007ffd86410000 - 0x00007ffd864e4000 	C:\WINDOWS\SYSTEM32\CoreMessaging.dll
0x00007ffd83b80000 - 0x00007ffd83eaa000 	C:\WINDOWS\SYSTEM32\CoreUIComponents.dll
0x00007ffd84e90000 - 0x00007ffd84f7f000 	C:\WINDOWS\SYSTEM32\PROPSYS.dll
0x00007ffd88e10000 - 0x00007ffd88e41000 	C:\WINDOWS\SYSTEM32\ntmarta.dll
0x00007ffd8ae10000 - 0x00007ffd8af45000 	C:\WINDOWS\System32\MSCTF.dll
0x00007ffd675d0000 - 0x00007ffd676dd000 	C:\Program Files (x86)\Razer\Razer Cortex\x64\k_fps64.dll
0x00007ffd67550000 - 0x00007ffd675cf000 	C:\Program Files (x86)\Razer\Razer Cortex\x64\d3dx10_43.dll
0x00007ffd34320000 - 0x00007ffd3458f000 	C:\Program Files (x86)\Razer\Razer Cortex\x64\D3DCOMPILER_43.dll
0x00007ffd5f810000 - 0x00007ffd5f966000 	C:\WINDOWS\SYSTEM32\OPENGL32.dll
0x00007ffd34590000 - 0x00007ffd347f3000 	C:\Program Files (x86)\Razer\Razer Cortex\x64\d3dx9_43.dll
0x00007ffd603b0000 - 0x00007ffd603dc000 	C:\WINDOWS\SYSTEM32\GLU32.dll
0x00007ffd87910000 - 0x00007ffd87930000 	C:\WINDOWS\SYSTEM32\dxcore.dll
0x00007ffd56df0000 - 0x00007ffd56e47000 	C:\Program Files (x86)\Razer\Razer Cortex\x64\EasyHook64.dll
0x00007ffd87240000 - 0x00007ffd8724e000 	C:\WINDOWS\SYSTEM32\HID.DLL
0x00007ffd8b010000 - 0x00007ffd8b480000 	C:\WINDOWS\System32\SETUPAPI.DLL
0x00007ffd8a4e0000 - 0x00007ffd8a506000 	C:\WINDOWS\System32\bcrypt.dll
0x00007ffd89b70000 - 0x00007ffd89bcc000 	C:\WINDOWS\System32\WINTRUST.dll
0x00007ffd89380000 - 0x00007ffd89392000 	C:\WINDOWS\System32\MSASN1.dll
0x00007ffd89ca0000 - 0x00007ffd89de9000 	C:\WINDOWS\System32\CRYPT32.dll
0x00007ffd181e0000 - 0x00007ffd1a8b8000 	C:\WINDOWS\System32\DriverStore\FileRepository\nvlti.inf_amd64_eff2296cb1446d0e\nvoglv64.dll
0x00007ffd84fc0000 - 0x00007ffd84fd3000 	C:\WINDOWS\SYSTEM32\WTSAPI32.dll
0x00007ffd32750000 - 0x00007ffd32a14000 	C:\WINDOWS\system32\nvspcap64.dll
0x00007ffd87de0000 - 0x00007ffd87e3c000 	C:\WINDOWS\SYSTEM32\WINSTA.dll
0x00007ffd879a0000 - 0x00007ffd87a8b000 	C:\WINDOWS\SYSTEM32\dxgi.dll
0x00007ffd85800000 - 0x00007ffd85a5b000 	C:\WINDOWS\SYSTEM32\d3d11.dll
0x00007ffd5c000000 - 0x00007ffd5c0ef000 	C:\WINDOWS\System32\DriverStore\FileRepository\nvlti.inf_amd64_eff2296cb1446d0e\nvldumdx.dll
0x00007ffd7cfe0000 - 0x00007ffd7d00f000 	C:\WINDOWS\SYSTEM32\cryptnet.dll
0x00007ffd886f0000 - 0x00007ffd886fc000 	C:\WINDOWS\SYSTEM32\cryptbase.dll
0x00007ffd8b610000 - 0x00007ffd8b62d000 	C:\WINDOWS\System32\imagehlp.dll
0x00007ffd88090000 - 0x00007ffd880c3000 	C:\WINDOWS\system32\rsaenh.dll
0x00007ffd35cd0000 - 0x00007ffd3836e000 	C:\WINDOWS\System32\DriverStore\FileRepository\nvlti.inf_amd64_eff2296cb1446d0e\nvwgf2umx.dll
0x00007ffd78bd0000 - 0x00007ffd790be000 	C:\WINDOWS\SYSTEM32\nvapi64.dll
0x00007ffd7b850000 - 0x00007ffd7b8ee000 	C:\WINDOWS\System32\TextInputFramework.dll
0x00007ffd79540000 - 0x00007ffd797e6000 	C:\WINDOWS\System32\iertutil.dll
0x00007ffd781a0000 - 0x00007ffd78205000 	C:\WINDOWS\system32\Oleacc.dll
0x00007ffd57680000 - 0x00007ffd576da000 	C:\Users\jtkom\AppData\Local\Temp\lwjgljtkom\3.2.1-build-3\lwjgl_opengl.dll
0x00007ffd84de0000 - 0x00007ffd84de3000 	C:\Users\jtkom\AppData\Local\Temp\jomljtkom\a2476102\joml.dll
0x00007ffd801c0000 - 0x00007ffd81010000 	C:\WINDOWS\System32\DriverStore\FileRepository\igdlh64.inf_amd64_ba34b5e302b5992f\igd10iumd64.dll
0x00007ffd88810000 - 0x00007ffd88836000 	C:\WINDOWS\SYSTEM32\ncrypt.dll
0x00007ffd887d0000 - 0x00007ffd8880b000 	C:\WINDOWS\SYSTEM32\NTASN1.dll
0x00007ffd7fb90000 - 0x00007ffd7fcad000 	C:\WINDOWS\System32\DriverStore\FileRepository\igdlh64.inf_amd64_ba34b5e302b5992f\igdgmm64.dll
0x00007ffd7d170000 - 0x00007ffd7f415000 	C:\WINDOWS\System32\DriverStore\FileRepository\igdlh64.inf_amd64_ba34b5e302b5992f\igc64.dll

dbghelp: loaded successfully - version: 4.0.5 - missing functions: none
symbol engine: initialized successfully - sym options: 0x614 - pdb path: .;C:\Program Files\Java\jdk-13.0.2\bin;C:\WINDOWS\SYSTEM32;C:\WINDOWS\WinSxS\amd64_microsoft.windows.common-controls_6595b64144ccf1df_6.0.18362.657_none_e6c5b579130e3898;C:\Program Files\Java\jdk-13.0.2\bin\server;C:\Users\jtkom\AppData\Local\Temp\lwjgljtkom\3.2.1-build-3;C:\Program Files (x86)\Razer\Razer Cortex\x64;C:\WINDOWS\System32\DriverStore\FileRepository\nvlti.inf_amd64_eff2296cb1446d0e;C:\Users\jtkom\AppData\Local\Temp\jomljtkom\a2476102;C:\WINDOWS\System32\DriverStore\FileRepository\igdlh64.inf_amd64_ba34b5e302b5992f

VM Arguments:
jvm_args: -Dfile.encoding=Cp1252 
java_command: gameEngine.Start
java_class_path (initial): D:\game3\Game\src;D:\game3\Game\libwin\joml-1.9.9-sources.jar;D:\game3\Game\libwin\joml-1.9.9.jar;D:\game3\Game\libwin\lwjgl-assimp-javadoc.jar;D:\game3\Game\libwin\lwjgl-assimp-natives-windows.jar;D:\game3\Game\libwin\lwjgl-assimp-sources.jar;D:\game3\Game\libwin\lwjgl-assimp.jar;D:\game3\Game\libwin\lwjgl-bgfx-javadoc.jar;D:\game3\Game\libwin\lwjgl-bgfx-natives-windows.jar;D:\game3\Game\libwin\lwjgl-bgfx-sources.jar;D:\game3\Game\libwin\lwjgl-bgfx.jar;D:\game3\Game\libwin\lwjgl-egl-javadoc.jar;D:\game3\Game\libwin\lwjgl-egl-sources.jar;D:\game3\Game\libwin\lwjgl-egl.jar;D:\game3\Game\libwin\lwjgl-glfw-javadoc.jar;D:\game3\Game\libwin\lwjgl-glfw-natives-windows.jar;D:\game3\Game\libwin\lwjgl-glfw-sources.jar;D:\game3\Game\libwin\lwjgl-glfw.jar;D:\game3\Game\libwin\lwjgl-javadoc.jar;D:\game3\Game\libwin\lwjgl-jawt-javadoc.jar;D:\game3\Game\libwin\lwjgl-jawt-sources.jar;D:\game3\Game\libwin\lwjgl-jawt.jar;D:\game3\Game\libwin\lwjgl-jemalloc-javadoc.jar;D:\game3\Game\libwin\lwjgl-jemalloc-natives-windows.jar;D:\game3\Game\libwin\lwjgl-jemalloc-sources.jar;D:\game3\Game\libwin\lwjgl-jemalloc.jar;D:\game3\Game\libwin\lwjgl-lmdb-javadoc.jar;D:\game3\Game\libwin\lwjgl-lmdb-natives-windows.jar;D:\game3\Game\libwin\lwjgl-lmdb-sources.jar;D:\game3\Game\libwin\lwjgl-lmdb.jar;D:\game3\Game\libwin\lwjgl-lz4-javadoc.jar;D:\game3\Game\libwin\lwjgl-lz4-natives-windows.jar;D:\game3\Game\libwin\lwjgl-lz4-sources.jar;D:\game3\Game\libwin\lwjgl-lz4.jar;D:\game3\Game\libwin\lwjgl-nanovg-javadoc.jar;D:\game3\Game\libwin\lwjgl-nanovg-natives-windows.jar;D:\game3\Game\libwin\lwjgl-nanovg-sources.jar;D:\game3\Game\libwin\lwjgl-nanovg.jar;D:\game3\Game\libwin\lwjgl-natives-windows.jar;D:\game3\Game\libwin\lwjgl-nfd-javadoc.jar;D:\game3\Game\libwin\lwjgl-nfd-natives-windows.jar;D:\game3\Game\libwin\lwjgl-nfd-sources.jar;D:\game3\Game\libwin\lwjgl-nfd.jar;D:\game3\Game\libwin\lwjgl-nuklear-javadoc.jar;D:\game3\Game\libwin\lwjgl-nuklear-natives-windows.jar;D:\game3
Launcher Type: SUN_STANDARD

[Global flags]
     intx CICompilerCount                          = 4                                         {product} {ergonomic}
     uint ConcGCThreads                            = 2                                         {product} {ergonomic}
     uint G1ConcRefinementThreads                  = 8                                         {product} {ergonomic}
   size_t G1HeapRegionSize                         = 1048576                                   {product} {ergonomic}
    uintx GCDrainStackTargetSize                   = 64                                        {product} {ergonomic}
   size_t InitialHeapSize                          = 266338304                                 {product} {ergonomic}
   size_t MarkStackSize                            = 4194304                                   {product} {ergonomic}
   size_t MaxHeapSize                              = 4259315712                                {product} {ergonomic}
   size_t MaxNewSize                               = 2555379712                                {product} {ergonomic}
   size_t MinHeapDeltaBytes                        = 1048576                                   {product} {ergonomic}
   size_t MinHeapSize                              = 8388608                                   {product} {ergonomic}
    uintx NonNMethodCodeHeapSize                   = 5839372                                {pd product} {ergonomic}
    uintx NonProfiledCodeHeapSize                  = 122909434                              {pd product} {ergonomic}
    uintx ProfiledCodeHeapSize                     = 122909434                              {pd product} {ergonomic}
    uintx ReservedCodeCacheSize                    = 251658240                              {pd product} {ergonomic}
     bool SegmentedCodeCache                       = true                                      {product} {ergonomic}
   size_t SoftMaxHeapSize                          = 4259315712                             {manageable} {ergonomic}
     bool UseCompressedClassPointers               = true                                 {lp64_product} {ergonomic}
     bool UseCompressedOops                        = true                                 {lp64_product} {ergonomic}
     bool UseG1GC                                  = true                                      {product} {ergonomic}
     bool UseLargePagesIndividualAllocation        = false                                  {pd product} {ergonomic}

Logging:
Log output configuration:
 #0: stdout all=warning uptime,level,tags
 #1: stderr all=off uptime,level,tags

Environment Variables:
PATH=C:/Program Files/Java/jdk-13.0.2/bin/server;C:/Program Files/Java/jdk-13.0.2/bin;C:\MY_CPU_ASSEMBLER\MY_CPU_ASSEMBLER\bin\Release;C:\Program Files\Intel\Intel(R) Management Engine Components\iCLS\;C:\Windows\system32;C:\Windows;C:\Windows\System32\Wbem;C:\Windows\System32\WindowsPowerShell\v1.0\;C:\Windows\System32\OpenSSH\;C:\Program Files (x86)\Intel\Intel(R) Management Engine Components\DAL;C:\Program Files\Intel\Intel(R) Management Engine Components\DAL;C:\Program Files (x86)\Intel\Intel(R) Management Engine Components\IPT;C:\Program Files\Intel\Intel(R) Management Engine Components\IPT;C:\WINDOWS\system32;C:\WINDOWS;C:\WINDOWS\System32\Wbem;C:\WINDOWS\System32\WindowsPowerShell\v1.0\;C:\WINDOWS\System32\OpenSSH\;C:\Program Files\NVIDIA Corporation\NVIDIA NvDLISR;C:\Program Files (x86)\NVIDIA Corporation\PhysX\Common;C:\Program Files\Java\jdk-13.0.2\bin\;C:\MinGW\bin;C:\Program Files (x86)\Vim\vim82;C:\Users\jtkom\AppData\Local\Microsoft\WindowsApps;C:\Users\jtkom\AppData\Local\GitHubDesktop\bin;C:\CodeRepository\eclipse;
USERNAME=jtkom
OS=Windows_NT
PROCESSOR_IDENTIFIER=Intel64 Family 6 Model 158 Stepping 9, GenuineIntel



---------------  S Y S T E M  ---------------

OS: Windows 10 , 64 bit Build 18362 (10.0.18362.329)

CPU:total 8 (initial active 8) (4 cores per cpu, 2 threads per core) family 6 model 158 stepping 9, cmov, cx8, fxsr, mmx, sse, sse2, sse3, ssse3, sse4.1, sse4.2, popcnt, avx, avx2, aes, clmul, erms, 3dnowpref, lzcnt, ht, tsc, tscinvbit, bmi1, bmi2, adx, fma

Memory: 4k page, system-wide physical 16244M (6288M free)
TotalPageFile size 65396M (AvailPageFile size 42M)
current process WorkingSet (physical memory assigned to process): 1764M, peak: 4987M
current process commit charge ("private bytes"): 4024M, peak: 7685M

vm_info: Java HotSpot(TM) 64-Bit Server VM (13.0.2+8) for windows-amd64 JRE (13.0.2+8), built on Dec 11 2019 09:20:33 by "mach5one" with unknown MS VC++:1916

END.
