#
# A fatal error has been detected by the Java Runtime Environment:
#
#  EXCEPTION_ACCESS_VIOLATION (0xc0000005) at pc=0x0000020eb6570000, pid=19964, tid=30576
#
# JRE version: OpenJDK Runtime Environment (13.0.1+9) (build 13.0.1+9)
# Java VM: OpenJDK 64-Bit Server VM (13.0.1+9, mixed mode, sharing, tiered, compressed oops, g1 gc, windows-amd64)
# Problematic frame:
# C  0x0000020eb6570000
#
# No core dump will be written. Minidumps are not enabled by default on client versions of Windows
#
# If you would like to submit a bug report, please visit:
#   https://github.com/AdoptOpenJDK/openjdk-build/issues
# The crash happened outside the Java Virtual Machine in native code.
# See problematic frame for where to report the bug.
#

---------------  S U M M A R Y ------------

Command Line: -Dfile.encoding=Cp1252 gameEngine.Start

Host: Intel(R) Core(TM) i7-7700HQ CPU @ 2.80GHz, 8 cores, 15G,  Windows 10 , 64 bit Build 18362 (10.0.18362.329)
Time: Sat Jan  4 15:19:24 2020 Pacific Standard Time elapsed time: 3 seconds (0d 0h 0m 3s)

---------------  T H R E A D  ---------------

Current thread (0x0000020e817f6800):  JavaThread "main" [_thread_in_native, id=30576, stack(0x000000557fe00000,0x000000557ff00000)]

Stack: [0x000000557fe00000,0x000000557ff00000],  sp=0x000000557fefead8,  free space=1018k
Native frames: (J=compiled Java code, j=interpreted, Vv=VM code, C=native code)
C  0x0000020eb6570000

Java frames: (J=compiled Java code, j=interpreted, Vv=VM code)
j  org.lwjgl.system.JNI.invokeV(J)V+0
j  org.lwjgl.glfw.GLFW.glfwPollEvents()V+8
j  gameEngine.Window.update()V+14
j  gameEngine.Start.Inputupdate()V+3
j  gameEngine.Start.fps()V+108
j  gameEngine.Start.main([Ljava/lang/String;)V+2568
v  ~StubRoutines::call_stub

siginfo: EXCEPTION_ACCESS_VIOLATION (0xc0000005), data execution prevention violation at address 0x0000020eb6570000


Register to memory mapping:

RIP=0x0000020eb6570000 points into unknown readable memory: 00 60 6f b6 0e 02 00 00
RAX=0x0000000000000002 is an unknown value
RBX=0x0000000000000100 is an unknown value
RCX=0x0000020ea88714f0 points into unknown readable memory: 00 00 00 00 00 00 00 00
RDX=0x0000000000000106 is an unknown value
RSP=0x000000557fefead8 is pointing into the stack for thread: 0x0000020e817f6800
RBP=0x000000557fefeb89 is pointing into the stack for thread: 0x0000020e817f6800
RSI=0x0000020ea88714f0 points into unknown readable memory: 00 00 00 00 00 00 00 00
RDI=0x00000000014d0001 is an unknown value
R8 =0x000000000000014d is an unknown value
R9 =0x0000000000000001 is an unknown value
R10=0x0000020ea88714f0 points into unknown readable memory: 00 00 00 00 00 00 00 00
R11=0x0000020eb6570000 points into unknown readable memory: 00 60 6f b6 0e 02 00 00
R12=0x0000000000000106 is an unknown value
R13=0x0000000000000001 is an unknown value
R14=0x0 is NULL
R15=0x0000000000000027 is an unknown value


Registers:
RAX=0x0000000000000002, RBX=0x0000000000000100, RCX=0x0000020ea88714f0, RDX=0x0000000000000106
RSP=0x000000557fefead8, RBP=0x000000557fefeb89, RSI=0x0000020ea88714f0, RDI=0x00000000014d0001
R8 =0x000000000000014d, R9 =0x0000000000000001, R10=0x0000020ea88714f0, R11=0x0000020eb6570000
R12=0x0000000000000106, R13=0x0000000000000001, R14=0x0000000000000000, R15=0x0000000000000027
RIP=0x0000020eb6570000, EFLAGS=0x0000000000010246

Top of Stack: (sp=0x000000557fefead8)
0x000000557fefead8:   00007ffab0d1dc48 0000000000000100
0x000000557fefeae8:   0000020ea88714f0 0000000000000000
0x000000557fefeaf8:   0000000000000000 0000020e00000000
0x000000557fefeb08:   00007ffadcc85013 0000020eb52a0008
0x000000557fefeb18:   00007ffadcc79cc2 0000000000000020
0x000000557fefeb28:   000000000000014d 0000020e81570000
0x000000557fefeb38:   00000000000f0d02 0000000000000001
0x000000557fefeb48:   0000020ea88714f0 0000020e81570000
0x000000557fefeb58:   0000000100000001 0000000100000001
0x000000557fefeb68:   0000000000000027 0000000000000027
0x000000557fefeb78:   00000c6e7074a7fd 0000020e81cef180
0x000000557fefeb88:   00007ffadc8d3d8d 0000020ea93efdd0
0x000000557fefeb98:   0000000000000100 0000000000000000
0x000000557fefeba8:   0000000000000000 0000000000000100
0x000000557fefebb8:   0000000000000000 00000000000f0d02
0x000000557fefebc8:   0000000080000022 0000000000000000 

Instructions: (pc=0x0000020eb6570000)
0x0000020eb656ff00:   ?? ?? ?? ?? ?? ?? ?? ?? ?? ?? ?? ?? ?? ?? ?? ??
0x0000020eb656ff10:   ?? ?? ?? ?? ?? ?? ?? ?? ?? ?? ?? ?? ?? ?? ?? ??
0x0000020eb656ff20:   ?? ?? ?? ?? ?? ?? ?? ?? ?? ?? ?? ?? ?? ?? ?? ??
0x0000020eb656ff30:   ?? ?? ?? ?? ?? ?? ?? ?? ?? ?? ?? ?? ?? ?? ?? ??
0x0000020eb656ff40:   ?? ?? ?? ?? ?? ?? ?? ?? ?? ?? ?? ?? ?? ?? ?? ??
0x0000020eb656ff50:   ?? ?? ?? ?? ?? ?? ?? ?? ?? ?? ?? ?? ?? ?? ?? ??
0x0000020eb656ff60:   ?? ?? ?? ?? ?? ?? ?? ?? ?? ?? ?? ?? ?? ?? ?? ??
0x0000020eb656ff70:   ?? ?? ?? ?? ?? ?? ?? ?? ?? ?? ?? ?? ?? ?? ?? ??
0x0000020eb656ff80:   ?? ?? ?? ?? ?? ?? ?? ?? ?? ?? ?? ?? ?? ?? ?? ??
0x0000020eb656ff90:   ?? ?? ?? ?? ?? ?? ?? ?? ?? ?? ?? ?? ?? ?? ?? ??
0x0000020eb656ffa0:   ?? ?? ?? ?? ?? ?? ?? ?? ?? ?? ?? ?? ?? ?? ?? ??
0x0000020eb656ffb0:   ?? ?? ?? ?? ?? ?? ?? ?? ?? ?? ?? ?? ?? ?? ?? ??
0x0000020eb656ffc0:   ?? ?? ?? ?? ?? ?? ?? ?? ?? ?? ?? ?? ?? ?? ?? ??
0x0000020eb656ffd0:   ?? ?? ?? ?? ?? ?? ?? ?? ?? ?? ?? ?? ?? ?? ?? ??
0x0000020eb656ffe0:   ?? ?? ?? ?? ?? ?? ?? ?? ?? ?? ?? ?? ?? ?? ?? ??
0x0000020eb656fff0:   ?? ?? ?? ?? ?? ?? ?? ?? ?? ?? ?? ?? ?? ?? ?? ??
0x0000020eb6570000:   00 60 6f b6 0e 02 00 00 00 40 f9 ae 0e 02 00 00
0x0000020eb6570010:   00 00 00 00 00 00 00 00 00 00 00 00 00 00 00 00
0x0000020eb6570020:   00 70 17 00 00 00 00 00 00 80 17 00 00 00 00 00
0x0000020eb6570030:   00 00 00 00 00 00 00 00 02 cb f5 9f 00 00 00 04
0x0000020eb6570040:   0e 7f de ff 0e 7f de ff 0e 7f de ff 0e 7f de ff
0x0000020eb6570050:   0e 7f de ff 0e 7f de ff 0e 7f de ff 0e 7f de ff
0x0000020eb6570060:   0e 7f de ff 0e 7f de ff 0e 7f de ff 0e 7f de ff
0x0000020eb6570070:   0e 7f de ff 0e 7f de ff 0e 7f de ff 0e 7f de ff
0x0000020eb6570080:   0e 7f de ff 0e 7f de ff 0e 7f de ff 0e 7f de ff
0x0000020eb6570090:   0e 7f de ff 0e 7f de ff 0e 7f de ff 0e 7f de ff
0x0000020eb65700a0:   0e 7f de ff 0e 7f de ff 0e 7f de ff 0e 7f de ff
0x0000020eb65700b0:   0e 7f de ff 0e 7f de ff 0e 7f de ff 0e 7f de ff
0x0000020eb65700c0:   0e 7f de ff 0e 7f de ff 0e 7f de ff 0e 7f de ff
0x0000020eb65700d0:   0e 7f de ff 0e 7f de ff 0e 7f de ff 0e 7f de ff
0x0000020eb65700e0:   0e 7f de ff 0e 7f de ff 0e 7f de ff 0e 7f de ff
0x0000020eb65700f0:   0e 7f de ff 0e 7f de ff 0e 7f de ff 0e 7f de ff 


Stack slot to memory mapping:
stack at sp + 0 slots: 0x00007ffab0d1dc48 glfw.dll
stack at sp + 1 slots: 0x0000000000000100 is an unknown value
stack at sp + 2 slots: 0x0000020ea88714f0 points into unknown readable memory: 00 00 00 00 00 00 00 00
stack at sp + 3 slots: 0x0 is NULL
stack at sp + 4 slots: 0x0 is NULL
stack at sp + 5 slots: 0x0000020e00000000 is an unknown value
stack at sp + 6 slots: 0x00007ffadcc85013 ntdll.dll
stack at sp + 7 slots: 0x0000020eb52a0008 points into unknown readable memory: 80 21 3a a9 0e 02 00 00


---------------  P R O C E S S  ---------------

Threads class SMR info:
_java_thread_list=0x0000020ea9816f30, length=10, elements={
0x0000020e817f6800, 0x0000020ea759f000, 0x0000020ea75a2000, 0x0000020ea7e41000,
0x0000020ea7e44000, 0x0000020ea7e46000, 0x0000020ea7e57800, 0x0000020ea7e58000,
0x0000020ea7fb0800, 0x0000020ea7fb6800
}

Java Threads: ( => current thread )
=>0x0000020e817f6800 JavaThread "main" [_thread_in_native, id=30576, stack(0x000000557fe00000,0x000000557ff00000)]
  0x0000020ea759f000 JavaThread "Reference Handler" daemon [_thread_blocked, id=26364, stack(0x0000005500500000,0x0000005500600000)]
  0x0000020ea75a2000 JavaThread "Finalizer" daemon [_thread_blocked, id=2400, stack(0x0000005500600000,0x0000005500700000)]
  0x0000020ea7e41000 JavaThread "Signal Dispatcher" daemon [_thread_blocked, id=22848, stack(0x0000005500700000,0x0000005500800000)]
  0x0000020ea7e44000 JavaThread "Attach Listener" daemon [_thread_blocked, id=30852, stack(0x0000005500800000,0x0000005500900000)]
  0x0000020ea7e46000 JavaThread "C2 CompilerThread0" daemon [_thread_blocked, id=5056, stack(0x0000005500900000,0x0000005500a00000)]
  0x0000020ea7e57800 JavaThread "C1 CompilerThread0" daemon [_thread_blocked, id=23252, stack(0x0000005500a00000,0x0000005500b00000)]
  0x0000020ea7e58000 JavaThread "Sweeper thread" daemon [_thread_blocked, id=3468, stack(0x0000005500b00000,0x0000005500c00000)]
  0x0000020ea7fb0800 JavaThread "Service Thread" daemon [_thread_blocked, id=15460, stack(0x0000005500c00000,0x0000005500d00000)]
  0x0000020ea7fb6800 JavaThread "Common-Cleaner" daemon [_thread_blocked, id=24988, stack(0x0000005500e00000,0x0000005500f00000)]

Other Threads:
  0x0000020ea759d800 VMThread "VM Thread" [stack: 0x0000005500400000,0x0000005500500000] [id=25532]
  0x0000020ea7fb1800 WatcherThread [stack: 0x0000005500d00000,0x0000005500e00000] [id=26508]
  0x0000020e81861800 GCTaskThread "GC Thread#0" [stack: 0x000000557ff00000,0x0000005580000000] [id=30092]
  0x0000020ea971a000 GCTaskThread "GC Thread#1" [stack: 0x0000005501800000,0x0000005501900000] [id=27304]
  0x0000020ea9a5c800 GCTaskThread "GC Thread#2" [stack: 0x0000005501900000,0x0000005501a00000] [id=14216]
  0x0000020ea9449000 GCTaskThread "GC Thread#3" [stack: 0x0000005501a00000,0x0000005501b00000] [id=29656]
  0x0000020ea944a000 GCTaskThread "GC Thread#4" [stack: 0x0000005501b00000,0x0000005501c00000] [id=27948]
  0x0000020ea9755800 GCTaskThread "GC Thread#5" [stack: 0x0000005501c00000,0x0000005501d00000] [id=27096]
  0x0000020e81883800 ConcurrentGCThread "G1 Main Marker" [stack: 0x0000005500000000,0x0000005500100000] [id=18124]
  0x0000020e81885000 ConcurrentGCThread "G1 Conc#0" [stack: 0x0000005500100000,0x0000005500200000] [id=8964]
  0x0000020ea7499800 ConcurrentGCThread "G1 Refine#0" [stack: 0x0000005500200000,0x0000005500300000] [id=29828]
  0x0000020ea749c000 ConcurrentGCThread "G1 Young RemSet Sampling" [stack: 0x0000005500300000,0x0000005500400000] [id=31660]

Threads with active compile tasks:

VM state:not at safepoint (normal execution)

VM Mutex/Monitor currently owned by a thread: None

Heap address: 0x0000000702200000, size: 4062 MB, Compressed Oops mode: Zero based, Oop shift amount: 3
Narrow klass base: 0x0000000800000000, Narrow klass shift: 3
Compressed class space size: 1073741824 Address: 0x0000000800b50000

Heap:
 garbage-first heap   total 260096K, used 40789K [0x0000000702200000, 0x0000000800000000)
  region size 1024K, 41 young (41984K), 3 survivors (3072K)
 Metaspace       used 7606K, capacity 10466K, committed 10752K, reserved 1058816K
  class space    used 375K, capacity 687K, committed 768K, reserved 1048576K
Heap Regions: E=young(eden), S=young(survivor), O=old, HS=humongous(starts), HC=humongous(continues), CS=collection set, F=free, A=archive, TAMS=top-at-mark-start (previous, next)
|   0|0x0000000702200000, 0x0000000702200000, 0x0000000702300000|  0%| F|  |TAMS 0x0000000702200000, 0x0000000702200000| Untracked 
|   1|0x0000000702300000, 0x0000000702300000, 0x0000000702400000|  0%| F|  |TAMS 0x0000000702300000, 0x0000000702300000| Untracked 
|   2|0x0000000702400000, 0x0000000702400000, 0x0000000702500000|  0%| F|  |TAMS 0x0000000702400000, 0x0000000702400000| Untracked 
|   3|0x0000000702500000, 0x0000000702500000, 0x0000000702600000|  0%| F|  |TAMS 0x0000000702500000, 0x0000000702500000| Untracked 
|   4|0x0000000702600000, 0x0000000702600000, 0x0000000702700000|  0%| F|  |TAMS 0x0000000702600000, 0x0000000702600000| Untracked 
|   5|0x0000000702700000, 0x0000000702700000, 0x0000000702800000|  0%| F|  |TAMS 0x0000000702700000, 0x0000000702700000| Untracked 
|   6|0x0000000702800000, 0x0000000702800000, 0x0000000702900000|  0%| F|  |TAMS 0x0000000702800000, 0x0000000702800000| Untracked 
|   7|0x0000000702900000, 0x0000000702900000, 0x0000000702a00000|  0%| F|  |TAMS 0x0000000702900000, 0x0000000702900000| Untracked 
|   8|0x0000000702a00000, 0x0000000702a00000, 0x0000000702b00000|  0%| F|  |TAMS 0x0000000702a00000, 0x0000000702a00000| Untracked 
|   9|0x0000000702b00000, 0x0000000702b00000, 0x0000000702c00000|  0%| F|  |TAMS 0x0000000702b00000, 0x0000000702b00000| Untracked 
|  10|0x0000000702c00000, 0x0000000702c00000, 0x0000000702d00000|  0%| F|  |TAMS 0x0000000702c00000, 0x0000000702c00000| Untracked 
|  11|0x0000000702d00000, 0x0000000702d00000, 0x0000000702e00000|  0%| F|  |TAMS 0x0000000702d00000, 0x0000000702d00000| Untracked 
|  12|0x0000000702e00000, 0x0000000702e00000, 0x0000000702f00000|  0%| F|  |TAMS 0x0000000702e00000, 0x0000000702e00000| Untracked 
|  13|0x0000000702f00000, 0x0000000702f00000, 0x0000000703000000|  0%| F|  |TAMS 0x0000000702f00000, 0x0000000702f00000| Untracked 
|  14|0x0000000703000000, 0x0000000703000000, 0x0000000703100000|  0%| F|  |TAMS 0x0000000703000000, 0x0000000703000000| Untracked 
|  15|0x0000000703100000, 0x0000000703100000, 0x0000000703200000|  0%| F|  |TAMS 0x0000000703100000, 0x0000000703100000| Untracked 
|  16|0x0000000703200000, 0x0000000703200000, 0x0000000703300000|  0%| F|  |TAMS 0x0000000703200000, 0x0000000703200000| Untracked 
|  17|0x0000000703300000, 0x0000000703300000, 0x0000000703400000|  0%| F|  |TAMS 0x0000000703300000, 0x0000000703300000| Untracked 
|  18|0x0000000703400000, 0x0000000703400000, 0x0000000703500000|  0%| F|  |TAMS 0x0000000703400000, 0x0000000703400000| Untracked 
|  19|0x0000000703500000, 0x0000000703500000, 0x0000000703600000|  0%| F|  |TAMS 0x0000000703500000, 0x0000000703500000| Untracked 
|  20|0x0000000703600000, 0x0000000703600000, 0x0000000703700000|  0%| F|  |TAMS 0x0000000703600000, 0x0000000703600000| Untracked 
|  21|0x0000000703700000, 0x0000000703700000, 0x0000000703800000|  0%| F|  |TAMS 0x0000000703700000, 0x0000000703700000| Untracked 
|  22|0x0000000703800000, 0x0000000703800000, 0x0000000703900000|  0%| F|  |TAMS 0x0000000703800000, 0x0000000703800000| Untracked 
|  23|0x0000000703900000, 0x0000000703900000, 0x0000000703a00000|  0%| F|  |TAMS 0x0000000703900000, 0x0000000703900000| Untracked 
|  24|0x0000000703a00000, 0x0000000703a00000, 0x0000000703b00000|  0%| F|  |TAMS 0x0000000703a00000, 0x0000000703a00000| Untracked 
|  25|0x0000000703b00000, 0x0000000703b00000, 0x0000000703c00000|  0%| F|  |TAMS 0x0000000703b00000, 0x0000000703b00000| Untracked 
|  26|0x0000000703c00000, 0x0000000703c00000, 0x0000000703d00000|  0%| F|  |TAMS 0x0000000703c00000, 0x0000000703c00000| Untracked 
|  27|0x0000000703d00000, 0x0000000703d00000, 0x0000000703e00000|  0%| F|  |TAMS 0x0000000703d00000, 0x0000000703d00000| Untracked 
|  28|0x0000000703e00000, 0x0000000703e00000, 0x0000000703f00000|  0%| F|  |TAMS 0x0000000703e00000, 0x0000000703e00000| Untracked 
|  29|0x0000000703f00000, 0x0000000703f00000, 0x0000000704000000|  0%| F|  |TAMS 0x0000000703f00000, 0x0000000703f00000| Untracked 
|  30|0x0000000704000000, 0x0000000704000000, 0x0000000704100000|  0%| F|  |TAMS 0x0000000704000000, 0x0000000704000000| Untracked 
|  31|0x0000000704100000, 0x0000000704100000, 0x0000000704200000|  0%| F|  |TAMS 0x0000000704100000, 0x0000000704100000| Untracked 
|  32|0x0000000704200000, 0x0000000704200000, 0x0000000704300000|  0%| F|  |TAMS 0x0000000704200000, 0x0000000704200000| Untracked 
|  33|0x0000000704300000, 0x0000000704300000, 0x0000000704400000|  0%| F|  |TAMS 0x0000000704300000, 0x0000000704300000| Untracked 
|  34|0x0000000704400000, 0x0000000704400000, 0x0000000704500000|  0%| F|  |TAMS 0x0000000704400000, 0x0000000704400000| Untracked 
|  35|0x0000000704500000, 0x0000000704500000, 0x0000000704600000|  0%| F|  |TAMS 0x0000000704500000, 0x0000000704500000| Untracked 
|  36|0x0000000704600000, 0x0000000704600000, 0x0000000704700000|  0%| F|  |TAMS 0x0000000704600000, 0x0000000704600000| Untracked 
|  37|0x0000000704700000, 0x0000000704700000, 0x0000000704800000|  0%| F|  |TAMS 0x0000000704700000, 0x0000000704700000| Untracked 
|  38|0x0000000704800000, 0x0000000704800000, 0x0000000704900000|  0%| F|  |TAMS 0x0000000704800000, 0x0000000704800000| Untracked 
|  39|0x0000000704900000, 0x0000000704900000, 0x0000000704a00000|  0%| F|  |TAMS 0x0000000704900000, 0x0000000704900000| Untracked 
|  40|0x0000000704a00000, 0x0000000704a00000, 0x0000000704b00000|  0%| F|  |TAMS 0x0000000704a00000, 0x0000000704a00000| Untracked 
|  41|0x0000000704b00000, 0x0000000704b00000, 0x0000000704c00000|  0%| F|  |TAMS 0x0000000704b00000, 0x0000000704b00000| Untracked 
|  42|0x0000000704c00000, 0x0000000704c00000, 0x0000000704d00000|  0%| F|  |TAMS 0x0000000704c00000, 0x0000000704c00000| Untracked 
|  43|0x0000000704d00000, 0x0000000704d00000, 0x0000000704e00000|  0%| F|  |TAMS 0x0000000704d00000, 0x0000000704d00000| Untracked 
|  44|0x0000000704e00000, 0x0000000704e00000, 0x0000000704f00000|  0%| F|  |TAMS 0x0000000704e00000, 0x0000000704e00000| Untracked 
|  45|0x0000000704f00000, 0x0000000704f00000, 0x0000000705000000|  0%| F|  |TAMS 0x0000000704f00000, 0x0000000704f00000| Untracked 
|  46|0x0000000705000000, 0x0000000705000000, 0x0000000705100000|  0%| F|  |TAMS 0x0000000705000000, 0x0000000705000000| Untracked 
|  47|0x0000000705100000, 0x0000000705100000, 0x0000000705200000|  0%| F|  |TAMS 0x0000000705100000, 0x0000000705100000| Untracked 
|  48|0x0000000705200000, 0x0000000705200000, 0x0000000705300000|  0%| F|  |TAMS 0x0000000705200000, 0x0000000705200000| Untracked 
|  49|0x0000000705300000, 0x0000000705300000, 0x0000000705400000|  0%| F|  |TAMS 0x0000000705300000, 0x0000000705300000| Untracked 
|  50|0x0000000705400000, 0x0000000705400000, 0x0000000705500000|  0%| F|  |TAMS 0x0000000705400000, 0x0000000705400000| Untracked 
|  51|0x0000000705500000, 0x0000000705500000, 0x0000000705600000|  0%| F|  |TAMS 0x0000000705500000, 0x0000000705500000| Untracked 
|  52|0x0000000705600000, 0x0000000705600000, 0x0000000705700000|  0%| F|  |TAMS 0x0000000705600000, 0x0000000705600000| Untracked 
|  53|0x0000000705700000, 0x0000000705700000, 0x0000000705800000|  0%| F|  |TAMS 0x0000000705700000, 0x0000000705700000| Untracked 
|  54|0x0000000705800000, 0x0000000705800000, 0x0000000705900000|  0%| F|  |TAMS 0x0000000705800000, 0x0000000705800000| Untracked 
|  55|0x0000000705900000, 0x0000000705900000, 0x0000000705a00000|  0%| F|  |TAMS 0x0000000705900000, 0x0000000705900000| Untracked 
|  56|0x0000000705a00000, 0x0000000705a00000, 0x0000000705b00000|  0%| F|  |TAMS 0x0000000705a00000, 0x0000000705a00000| Untracked 
|  57|0x0000000705b00000, 0x0000000705b00000, 0x0000000705c00000|  0%| F|  |TAMS 0x0000000705b00000, 0x0000000705b00000| Untracked 
|  58|0x0000000705c00000, 0x0000000705c00000, 0x0000000705d00000|  0%| F|  |TAMS 0x0000000705c00000, 0x0000000705c00000| Untracked 
|  59|0x0000000705d00000, 0x0000000705d00000, 0x0000000705e00000|  0%| F|  |TAMS 0x0000000705d00000, 0x0000000705d00000| Untracked 
|  60|0x0000000705e00000, 0x0000000705e00000, 0x0000000705f00000|  0%| F|  |TAMS 0x0000000705e00000, 0x0000000705e00000| Untracked 
|  61|0x0000000705f00000, 0x0000000705f00000, 0x0000000706000000|  0%| F|  |TAMS 0x0000000705f00000, 0x0000000705f00000| Untracked 
|  62|0x0000000706000000, 0x0000000706000000, 0x0000000706100000|  0%| F|  |TAMS 0x0000000706000000, 0x0000000706000000| Untracked 
|  63|0x0000000706100000, 0x0000000706100000, 0x0000000706200000|  0%| F|  |TAMS 0x0000000706100000, 0x0000000706100000| Untracked 
|  64|0x0000000706200000, 0x0000000706200000, 0x0000000706300000|  0%| F|  |TAMS 0x0000000706200000, 0x0000000706200000| Untracked 
|  65|0x0000000706300000, 0x0000000706300000, 0x0000000706400000|  0%| F|  |TAMS 0x0000000706300000, 0x0000000706300000| Untracked 
|  66|0x0000000706400000, 0x0000000706400000, 0x0000000706500000|  0%| F|  |TAMS 0x0000000706400000, 0x0000000706400000| Untracked 
|  67|0x0000000706500000, 0x0000000706500000, 0x0000000706600000|  0%| F|  |TAMS 0x0000000706500000, 0x0000000706500000| Untracked 
|  68|0x0000000706600000, 0x0000000706600000, 0x0000000706700000|  0%| F|  |TAMS 0x0000000706600000, 0x0000000706600000| Untracked 
|  69|0x0000000706700000, 0x0000000706700000, 0x0000000706800000|  0%| F|  |TAMS 0x0000000706700000, 0x0000000706700000| Untracked 
|  70|0x0000000706800000, 0x0000000706800000, 0x0000000706900000|  0%| F|  |TAMS 0x0000000706800000, 0x0000000706800000| Untracked 
|  71|0x0000000706900000, 0x0000000706900000, 0x0000000706a00000|  0%| F|  |TAMS 0x0000000706900000, 0x0000000706900000| Untracked 
|  72|0x0000000706a00000, 0x0000000706a00000, 0x0000000706b00000|  0%| F|  |TAMS 0x0000000706a00000, 0x0000000706a00000| Untracked 
|  73|0x0000000706b00000, 0x0000000706b00000, 0x0000000706c00000|  0%| F|  |TAMS 0x0000000706b00000, 0x0000000706b00000| Untracked 
|  74|0x0000000706c00000, 0x0000000706c00000, 0x0000000706d00000|  0%| F|  |TAMS 0x0000000706c00000, 0x0000000706c00000| Untracked 
|  75|0x0000000706d00000, 0x0000000706d00000, 0x0000000706e00000|  0%| F|  |TAMS 0x0000000706d00000, 0x0000000706d00000| Untracked 
|  76|0x0000000706e00000, 0x0000000706e00000, 0x0000000706f00000|  0%| F|  |TAMS 0x0000000706e00000, 0x0000000706e00000| Untracked 
|  77|0x0000000706f00000, 0x0000000706f00000, 0x0000000707000000|  0%| F|  |TAMS 0x0000000706f00000, 0x0000000706f00000| Untracked 
|  78|0x0000000707000000, 0x0000000707000000, 0x0000000707100000|  0%| F|  |TAMS 0x0000000707000000, 0x0000000707000000| Untracked 
|  79|0x0000000707100000, 0x0000000707100000, 0x0000000707200000|  0%| F|  |TAMS 0x0000000707100000, 0x0000000707100000| Untracked 
|  80|0x0000000707200000, 0x0000000707200000, 0x0000000707300000|  0%| F|  |TAMS 0x0000000707200000, 0x0000000707200000| Untracked 
|  81|0x0000000707300000, 0x0000000707300000, 0x0000000707400000|  0%| F|  |TAMS 0x0000000707300000, 0x0000000707300000| Untracked 
|  82|0x0000000707400000, 0x0000000707400000, 0x0000000707500000|  0%| F|  |TAMS 0x0000000707400000, 0x0000000707400000| Untracked 
|  83|0x0000000707500000, 0x0000000707500000, 0x0000000707600000|  0%| F|  |TAMS 0x0000000707500000, 0x0000000707500000| Untracked 
|  84|0x0000000707600000, 0x0000000707600000, 0x0000000707700000|  0%| F|  |TAMS 0x0000000707600000, 0x0000000707600000| Untracked 
|  85|0x0000000707700000, 0x0000000707700000, 0x0000000707800000|  0%| F|  |TAMS 0x0000000707700000, 0x0000000707700000| Untracked 
|  86|0x0000000707800000, 0x0000000707800000, 0x0000000707900000|  0%| F|  |TAMS 0x0000000707800000, 0x0000000707800000| Untracked 
|  87|0x0000000707900000, 0x0000000707900000, 0x0000000707a00000|  0%| F|  |TAMS 0x0000000707900000, 0x0000000707900000| Untracked 
|  88|0x0000000707a00000, 0x0000000707a00000, 0x0000000707b00000|  0%| F|  |TAMS 0x0000000707a00000, 0x0000000707a00000| Untracked 
|  89|0x0000000707b00000, 0x0000000707b00000, 0x0000000707c00000|  0%| F|  |TAMS 0x0000000707b00000, 0x0000000707b00000| Untracked 
|  90|0x0000000707c00000, 0x0000000707c00000, 0x0000000707d00000|  0%| F|  |TAMS 0x0000000707c00000, 0x0000000707c00000| Untracked 
|  91|0x0000000707d00000, 0x0000000707d00000, 0x0000000707e00000|  0%| F|  |TAMS 0x0000000707d00000, 0x0000000707d00000| Untracked 
|  92|0x0000000707e00000, 0x0000000707e00000, 0x0000000707f00000|  0%| F|  |TAMS 0x0000000707e00000, 0x0000000707e00000| Untracked 
|  93|0x0000000707f00000, 0x0000000707f00000, 0x0000000708000000|  0%| F|  |TAMS 0x0000000707f00000, 0x0000000707f00000| Untracked 
|  94|0x0000000708000000, 0x0000000708000000, 0x0000000708100000|  0%| F|  |TAMS 0x0000000708000000, 0x0000000708000000| Untracked 
|  95|0x0000000708100000, 0x0000000708100000, 0x0000000708200000|  0%| F|  |TAMS 0x0000000708100000, 0x0000000708100000| Untracked 
|  96|0x0000000708200000, 0x0000000708200000, 0x0000000708300000|  0%| F|  |TAMS 0x0000000708200000, 0x0000000708200000| Untracked 
|  97|0x0000000708300000, 0x0000000708300000, 0x0000000708400000|  0%| F|  |TAMS 0x0000000708300000, 0x0000000708300000| Untracked 
|  98|0x0000000708400000, 0x0000000708400000, 0x0000000708500000|  0%| F|  |TAMS 0x0000000708400000, 0x0000000708400000| Untracked 
|  99|0x0000000708500000, 0x0000000708500000, 0x0000000708600000|  0%| F|  |TAMS 0x0000000708500000, 0x0000000708500000| Untracked 
| 100|0x0000000708600000, 0x0000000708600000, 0x0000000708700000|  0%| F|  |TAMS 0x0000000708600000, 0x0000000708600000| Untracked 
| 101|0x0000000708700000, 0x0000000708700000, 0x0000000708800000|  0%| F|  |TAMS 0x0000000708700000, 0x0000000708700000| Untracked 
| 102|0x0000000708800000, 0x0000000708800000, 0x0000000708900000|  0%| F|  |TAMS 0x0000000708800000, 0x0000000708800000| Untracked 
| 103|0x0000000708900000, 0x0000000708900000, 0x0000000708a00000|  0%| F|  |TAMS 0x0000000708900000, 0x0000000708900000| Untracked 
| 104|0x0000000708a00000, 0x0000000708a00000, 0x0000000708b00000|  0%| F|  |TAMS 0x0000000708a00000, 0x0000000708a00000| Untracked 
| 105|0x0000000708b00000, 0x0000000708b00000, 0x0000000708c00000|  0%| F|  |TAMS 0x0000000708b00000, 0x0000000708b00000| Untracked 
| 106|0x0000000708c00000, 0x0000000708c00000, 0x0000000708d00000|  0%| F|  |TAMS 0x0000000708c00000, 0x0000000708c00000| Untracked 
| 107|0x0000000708d00000, 0x0000000708d00000, 0x0000000708e00000|  0%| F|  |TAMS 0x0000000708d00000, 0x0000000708d00000| Untracked 
| 108|0x0000000708e00000, 0x0000000708e00000, 0x0000000708f00000|  0%| F|  |TAMS 0x0000000708e00000, 0x0000000708e00000| Untracked 
| 109|0x0000000708f00000, 0x0000000708f00000, 0x0000000709000000|  0%| F|  |TAMS 0x0000000708f00000, 0x0000000708f00000| Untracked 
| 110|0x0000000709000000, 0x0000000709000000, 0x0000000709100000|  0%| F|  |TAMS 0x0000000709000000, 0x0000000709000000| Untracked 
| 111|0x0000000709100000, 0x0000000709100000, 0x0000000709200000|  0%| F|  |TAMS 0x0000000709100000, 0x0000000709100000| Untracked 
| 112|0x0000000709200000, 0x0000000709200000, 0x0000000709300000|  0%| F|  |TAMS 0x0000000709200000, 0x0000000709200000| Untracked 
| 113|0x0000000709300000, 0x0000000709300000, 0x0000000709400000|  0%| F|  |TAMS 0x0000000709300000, 0x0000000709300000| Untracked 
| 114|0x0000000709400000, 0x0000000709400000, 0x0000000709500000|  0%| F|  |TAMS 0x0000000709400000, 0x0000000709400000| Untracked 
| 115|0x0000000709500000, 0x0000000709500000, 0x0000000709600000|  0%| F|  |TAMS 0x0000000709500000, 0x0000000709500000| Untracked 
| 116|0x0000000709600000, 0x0000000709600000, 0x0000000709700000|  0%| F|  |TAMS 0x0000000709600000, 0x0000000709600000| Untracked 
| 117|0x0000000709700000, 0x0000000709700000, 0x0000000709800000|  0%| F|  |TAMS 0x0000000709700000, 0x0000000709700000| Untracked 
| 118|0x0000000709800000, 0x0000000709800000, 0x0000000709900000|  0%| F|  |TAMS 0x0000000709800000, 0x0000000709800000| Untracked 
| 119|0x0000000709900000, 0x0000000709900000, 0x0000000709a00000|  0%| F|  |TAMS 0x0000000709900000, 0x0000000709900000| Untracked 
| 120|0x0000000709a00000, 0x0000000709a00000, 0x0000000709b00000|  0%| F|  |TAMS 0x0000000709a00000, 0x0000000709a00000| Untracked 
| 121|0x0000000709b00000, 0x0000000709b00000, 0x0000000709c00000|  0%| F|  |TAMS 0x0000000709b00000, 0x0000000709b00000| Untracked 
| 122|0x0000000709c00000, 0x0000000709c00000, 0x0000000709d00000|  0%| F|  |TAMS 0x0000000709c00000, 0x0000000709c00000| Untracked 
| 123|0x0000000709d00000, 0x0000000709d00000, 0x0000000709e00000|  0%| F|  |TAMS 0x0000000709d00000, 0x0000000709d00000| Untracked 
| 124|0x0000000709e00000, 0x0000000709e00000, 0x0000000709f00000|  0%| F|  |TAMS 0x0000000709e00000, 0x0000000709e00000| Untracked 
| 125|0x0000000709f00000, 0x0000000709f00000, 0x000000070a000000|  0%| F|  |TAMS 0x0000000709f00000, 0x0000000709f00000| Untracked 
| 126|0x000000070a000000, 0x000000070a000000, 0x000000070a100000|  0%| F|  |TAMS 0x000000070a000000, 0x000000070a000000| Untracked 
| 127|0x000000070a100000, 0x000000070a100000, 0x000000070a200000|  0%| F|  |TAMS 0x000000070a100000, 0x000000070a100000| Untracked 
| 128|0x000000070a200000, 0x000000070a200000, 0x000000070a300000|  0%| F|  |TAMS 0x000000070a200000, 0x000000070a200000| Untracked 
| 129|0x000000070a300000, 0x000000070a300000, 0x000000070a400000|  0%| F|  |TAMS 0x000000070a300000, 0x000000070a300000| Untracked 
| 130|0x000000070a400000, 0x000000070a400000, 0x000000070a500000|  0%| F|  |TAMS 0x000000070a400000, 0x000000070a400000| Untracked 
| 131|0x000000070a500000, 0x000000070a500000, 0x000000070a600000|  0%| F|  |TAMS 0x000000070a500000, 0x000000070a500000| Untracked 
| 132|0x000000070a600000, 0x000000070a600000, 0x000000070a700000|  0%| F|  |TAMS 0x000000070a600000, 0x000000070a600000| Untracked 
| 133|0x000000070a700000, 0x000000070a700000, 0x000000070a800000|  0%| F|  |TAMS 0x000000070a700000, 0x000000070a700000| Untracked 
| 134|0x000000070a800000, 0x000000070a800000, 0x000000070a900000|  0%| F|  |TAMS 0x000000070a800000, 0x000000070a800000| Untracked 
| 135|0x000000070a900000, 0x000000070a900000, 0x000000070aa00000|  0%| F|  |TAMS 0x000000070a900000, 0x000000070a900000| Untracked 
| 136|0x000000070aa00000, 0x000000070aa00000, 0x000000070ab00000|  0%| F|  |TAMS 0x000000070aa00000, 0x000000070aa00000| Untracked 
| 137|0x000000070ab00000, 0x000000070ab00000, 0x000000070ac00000|  0%| F|  |TAMS 0x000000070ab00000, 0x000000070ab00000| Untracked 
| 138|0x000000070ac00000, 0x000000070ac00000, 0x000000070ad00000|  0%| F|  |TAMS 0x000000070ac00000, 0x000000070ac00000| Untracked 
| 139|0x000000070ad00000, 0x000000070ad00000, 0x000000070ae00000|  0%| F|  |TAMS 0x000000070ad00000, 0x000000070ad00000| Untracked 
| 140|0x000000070ae00000, 0x000000070ae00000, 0x000000070af00000|  0%| F|  |TAMS 0x000000070ae00000, 0x000000070ae00000| Untracked 
| 141|0x000000070af00000, 0x000000070af00000, 0x000000070b000000|  0%| F|  |TAMS 0x000000070af00000, 0x000000070af00000| Untracked 
| 142|0x000000070b000000, 0x000000070b000000, 0x000000070b100000|  0%| F|  |TAMS 0x000000070b000000, 0x000000070b000000| Untracked 
| 143|0x000000070b100000, 0x000000070b100000, 0x000000070b200000|  0%| F|  |TAMS 0x000000070b100000, 0x000000070b100000| Untracked 
| 144|0x000000070b200000, 0x000000070b200000, 0x000000070b300000|  0%| F|  |TAMS 0x000000070b200000, 0x000000070b200000| Untracked 
| 145|0x000000070b300000, 0x000000070b300000, 0x000000070b400000|  0%| F|  |TAMS 0x000000070b300000, 0x000000070b300000| Untracked 
| 146|0x000000070b400000, 0x000000070b400000, 0x000000070b500000|  0%| F|  |TAMS 0x000000070b400000, 0x000000070b400000| Untracked 
| 147|0x000000070b500000, 0x000000070b500000, 0x000000070b600000|  0%| F|  |TAMS 0x000000070b500000, 0x000000070b500000| Untracked 
| 148|0x000000070b600000, 0x000000070b600000, 0x000000070b700000|  0%| F|  |TAMS 0x000000070b600000, 0x000000070b600000| Untracked 
| 149|0x000000070b700000, 0x000000070b700000, 0x000000070b800000|  0%| F|  |TAMS 0x000000070b700000, 0x000000070b700000| Untracked 
| 150|0x000000070b800000, 0x000000070b800000, 0x000000070b900000|  0%| F|  |TAMS 0x000000070b800000, 0x000000070b800000| Untracked 
| 151|0x000000070b900000, 0x000000070b900000, 0x000000070ba00000|  0%| F|  |TAMS 0x000000070b900000, 0x000000070b900000| Untracked 
| 152|0x000000070ba00000, 0x000000070ba00000, 0x000000070bb00000|  0%| F|  |TAMS 0x000000070ba00000, 0x000000070ba00000| Untracked 
| 153|0x000000070bb00000, 0x000000070bb00000, 0x000000070bc00000|  0%| F|  |TAMS 0x000000070bb00000, 0x000000070bb00000| Untracked 
| 154|0x000000070bc00000, 0x000000070bc00000, 0x000000070bd00000|  0%| F|  |TAMS 0x000000070bc00000, 0x000000070bc00000| Untracked 
| 155|0x000000070bd00000, 0x000000070bd00000, 0x000000070be00000|  0%| F|  |TAMS 0x000000070bd00000, 0x000000070bd00000| Untracked 
| 156|0x000000070be00000, 0x000000070be00000, 0x000000070bf00000|  0%| F|  |TAMS 0x000000070be00000, 0x000000070be00000| Untracked 
| 157|0x000000070bf00000, 0x000000070bf00000, 0x000000070c000000|  0%| F|  |TAMS 0x000000070bf00000, 0x000000070bf00000| Untracked 
| 158|0x000000070c000000, 0x000000070c000000, 0x000000070c100000|  0%| F|  |TAMS 0x000000070c000000, 0x000000070c000000| Untracked 
| 159|0x000000070c100000, 0x000000070c100000, 0x000000070c200000|  0%| F|  |TAMS 0x000000070c100000, 0x000000070c100000| Untracked 
| 160|0x000000070c200000, 0x000000070c200000, 0x000000070c300000|  0%| F|  |TAMS 0x000000070c200000, 0x000000070c200000| Untracked 
| 161|0x000000070c300000, 0x000000070c300000, 0x000000070c400000|  0%| F|  |TAMS 0x000000070c300000, 0x000000070c300000| Untracked 
| 162|0x000000070c400000, 0x000000070c400000, 0x000000070c500000|  0%| F|  |TAMS 0x000000070c400000, 0x000000070c400000| Untracked 
| 163|0x000000070c500000, 0x000000070c500000, 0x000000070c600000|  0%| F|  |TAMS 0x000000070c500000, 0x000000070c500000| Untracked 
| 164|0x000000070c600000, 0x000000070c600000, 0x000000070c700000|  0%| F|  |TAMS 0x000000070c600000, 0x000000070c600000| Untracked 
| 165|0x000000070c700000, 0x000000070c700000, 0x000000070c800000|  0%| F|  |TAMS 0x000000070c700000, 0x000000070c700000| Untracked 
| 166|0x000000070c800000, 0x000000070c800000, 0x000000070c900000|  0%| F|  |TAMS 0x000000070c800000, 0x000000070c800000| Untracked 
| 167|0x000000070c900000, 0x000000070c900000, 0x000000070ca00000|  0%| F|  |TAMS 0x000000070c900000, 0x000000070c900000| Untracked 
| 168|0x000000070ca00000, 0x000000070ca00000, 0x000000070cb00000|  0%| F|  |TAMS 0x000000070ca00000, 0x000000070ca00000| Untracked 
| 169|0x000000070cb00000, 0x000000070cb00000, 0x000000070cc00000|  0%| F|  |TAMS 0x000000070cb00000, 0x000000070cb00000| Untracked 
| 170|0x000000070cc00000, 0x000000070cc00000, 0x000000070cd00000|  0%| F|  |TAMS 0x000000070cc00000, 0x000000070cc00000| Untracked 
| 171|0x000000070cd00000, 0x000000070cd00000, 0x000000070ce00000|  0%| F|  |TAMS 0x000000070cd00000, 0x000000070cd00000| Untracked 
| 172|0x000000070ce00000, 0x000000070ce00000, 0x000000070cf00000|  0%| F|  |TAMS 0x000000070ce00000, 0x000000070ce00000| Untracked 
| 173|0x000000070cf00000, 0x000000070cf00000, 0x000000070d000000|  0%| F|  |TAMS 0x000000070cf00000, 0x000000070cf00000| Untracked 
| 174|0x000000070d000000, 0x000000070d000000, 0x000000070d100000|  0%| F|  |TAMS 0x000000070d000000, 0x000000070d000000| Untracked 
| 175|0x000000070d100000, 0x000000070d100000, 0x000000070d200000|  0%| F|  |TAMS 0x000000070d100000, 0x000000070d100000| Untracked 
| 176|0x000000070d200000, 0x000000070d200000, 0x000000070d300000|  0%| F|  |TAMS 0x000000070d200000, 0x000000070d200000| Untracked 
| 177|0x000000070d300000, 0x000000070d300000, 0x000000070d400000|  0%| F|  |TAMS 0x000000070d300000, 0x000000070d300000| Untracked 
| 178|0x000000070d400000, 0x000000070d400000, 0x000000070d500000|  0%| F|  |TAMS 0x000000070d400000, 0x000000070d400000| Untracked 
| 179|0x000000070d500000, 0x000000070d500000, 0x000000070d600000|  0%| F|  |TAMS 0x000000070d500000, 0x000000070d500000| Untracked 
| 180|0x000000070d600000, 0x000000070d600000, 0x000000070d700000|  0%| F|  |TAMS 0x000000070d600000, 0x000000070d600000| Untracked 
| 181|0x000000070d700000, 0x000000070d700000, 0x000000070d800000|  0%| F|  |TAMS 0x000000070d700000, 0x000000070d700000| Untracked 
| 182|0x000000070d800000, 0x000000070d800000, 0x000000070d900000|  0%| F|  |TAMS 0x000000070d800000, 0x000000070d800000| Untracked 
| 183|0x000000070d900000, 0x000000070d900000, 0x000000070da00000|  0%| F|  |TAMS 0x000000070d900000, 0x000000070d900000| Untracked 
| 184|0x000000070da00000, 0x000000070da00000, 0x000000070db00000|  0%| F|  |TAMS 0x000000070da00000, 0x000000070da00000| Untracked 
| 185|0x000000070db00000, 0x000000070db00000, 0x000000070dc00000|  0%| F|  |TAMS 0x000000070db00000, 0x000000070db00000| Untracked 
| 186|0x000000070dc00000, 0x000000070dc00000, 0x000000070dd00000|  0%| F|  |TAMS 0x000000070dc00000, 0x000000070dc00000| Untracked 
| 187|0x000000070dd00000, 0x000000070dd00000, 0x000000070de00000|  0%| F|  |TAMS 0x000000070dd00000, 0x000000070dd00000| Untracked 
| 188|0x000000070de00000, 0x000000070de00000, 0x000000070df00000|  0%| F|  |TAMS 0x000000070de00000, 0x000000070de00000| Untracked 
| 189|0x000000070df00000, 0x000000070df00000, 0x000000070e000000|  0%| F|  |TAMS 0x000000070df00000, 0x000000070df00000| Untracked 
| 190|0x000000070e000000, 0x000000070e000000, 0x000000070e100000|  0%| F|  |TAMS 0x000000070e000000, 0x000000070e000000| Untracked 
| 191|0x000000070e100000, 0x000000070e100000, 0x000000070e200000|  0%| F|  |TAMS 0x000000070e100000, 0x000000070e100000| Untracked 
| 192|0x000000070e200000, 0x000000070e200000, 0x000000070e300000|  0%| F|  |TAMS 0x000000070e200000, 0x000000070e200000| Untracked 
| 193|0x000000070e300000, 0x000000070e300000, 0x000000070e400000|  0%| F|  |TAMS 0x000000070e300000, 0x000000070e300000| Untracked 
| 194|0x000000070e400000, 0x000000070e400000, 0x000000070e500000|  0%| F|  |TAMS 0x000000070e400000, 0x000000070e400000| Untracked 
| 195|0x000000070e500000, 0x000000070e500000, 0x000000070e600000|  0%| F|  |TAMS 0x000000070e500000, 0x000000070e500000| Untracked 
| 196|0x000000070e600000, 0x000000070e600000, 0x000000070e700000|  0%| F|  |TAMS 0x000000070e600000, 0x000000070e600000| Untracked 
| 197|0x000000070e700000, 0x000000070e700000, 0x000000070e800000|  0%| F|  |TAMS 0x000000070e700000, 0x000000070e700000| Untracked 
| 198|0x000000070e800000, 0x000000070e800000, 0x000000070e900000|  0%| F|  |TAMS 0x000000070e800000, 0x000000070e800000| Untracked 
| 199|0x000000070e900000, 0x000000070e900000, 0x000000070ea00000|  0%| F|  |TAMS 0x000000070e900000, 0x000000070e900000| Untracked 
| 200|0x000000070ea00000, 0x000000070ea00000, 0x000000070eb00000|  0%| F|  |TAMS 0x000000070ea00000, 0x000000070ea00000| Untracked 
| 201|0x000000070eb00000, 0x000000070eb00000, 0x000000070ec00000|  0%| F|  |TAMS 0x000000070eb00000, 0x000000070eb00000| Untracked 
| 202|0x000000070ec00000, 0x000000070ec00000, 0x000000070ed00000|  0%| F|  |TAMS 0x000000070ec00000, 0x000000070ec00000| Untracked 
| 203|0x000000070ed00000, 0x000000070ed00000, 0x000000070ee00000|  0%| F|  |TAMS 0x000000070ed00000, 0x000000070ed00000| Untracked 
| 204|0x000000070ee00000, 0x000000070ee00000, 0x000000070ef00000|  0%| F|  |TAMS 0x000000070ee00000, 0x000000070ee00000| Untracked 
| 205|0x000000070ef00000, 0x000000070ef00000, 0x000000070f000000|  0%| F|  |TAMS 0x000000070ef00000, 0x000000070ef00000| Untracked 
| 206|0x000000070f000000, 0x000000070f000000, 0x000000070f100000|  0%| F|  |TAMS 0x000000070f000000, 0x000000070f000000| Untracked 
| 207|0x000000070f100000, 0x000000070f100000, 0x000000070f200000|  0%| F|  |TAMS 0x000000070f100000, 0x000000070f100000| Untracked 
| 208|0x000000070f200000, 0x000000070f200000, 0x000000070f300000|  0%| F|  |TAMS 0x000000070f200000, 0x000000070f200000| Untracked 
| 209|0x000000070f300000, 0x000000070f300000, 0x000000070f400000|  0%| F|  |TAMS 0x000000070f300000, 0x000000070f300000| Untracked 
| 210|0x000000070f400000, 0x000000070f400000, 0x000000070f500000|  0%| F|  |TAMS 0x000000070f400000, 0x000000070f400000| Untracked 
| 211|0x000000070f500000, 0x000000070f500000, 0x000000070f600000|  0%| F|  |TAMS 0x000000070f500000, 0x000000070f500000| Untracked 
| 212|0x000000070f600000, 0x000000070f600000, 0x000000070f700000|  0%| F|  |TAMS 0x000000070f600000, 0x000000070f600000| Untracked 
| 213|0x000000070f700000, 0x000000070f780800, 0x000000070f800000| 50%| E|  |TAMS 0x000000070f700000, 0x000000070f700000| Complete 
| 214|0x000000070f800000, 0x000000070f900000, 0x000000070f900000|100%| E|CS|TAMS 0x000000070f800000, 0x000000070f800000| Complete 
| 215|0x000000070f900000, 0x000000070fa00000, 0x000000070fa00000|100%| E|CS|TAMS 0x000000070f900000, 0x000000070f900000| Complete 
| 216|0x000000070fa00000, 0x000000070fb00000, 0x000000070fb00000|100%| E|CS|TAMS 0x000000070fa00000, 0x000000070fa00000| Complete 
| 217|0x000000070fb00000, 0x000000070fc00000, 0x000000070fc00000|100%| E|CS|TAMS 0x000000070fb00000, 0x000000070fb00000| Complete 
| 218|0x000000070fc00000, 0x000000070fd00000, 0x000000070fd00000|100%| E|CS|TAMS 0x000000070fc00000, 0x000000070fc00000| Complete 
| 219|0x000000070fd00000, 0x000000070fe00000, 0x000000070fe00000|100%| E|CS|TAMS 0x000000070fd00000, 0x000000070fd00000| Complete 
| 220|0x000000070fe00000, 0x000000070ff00000, 0x000000070ff00000|100%| E|CS|TAMS 0x000000070fe00000, 0x000000070fe00000| Complete 
| 221|0x000000070ff00000, 0x0000000710000000, 0x0000000710000000|100%| E|CS|TAMS 0x000000070ff00000, 0x000000070ff00000| Complete 
| 222|0x0000000710000000, 0x0000000710100000, 0x0000000710100000|100%| E|CS|TAMS 0x0000000710000000, 0x0000000710000000| Complete 
| 223|0x0000000710100000, 0x0000000710200000, 0x0000000710200000|100%| E|CS|TAMS 0x0000000710100000, 0x0000000710100000| Complete 
| 224|0x0000000710200000, 0x0000000710300000, 0x0000000710300000|100%| E|CS|TAMS 0x0000000710200000, 0x0000000710200000| Complete 
| 225|0x0000000710300000, 0x0000000710400000, 0x0000000710400000|100%| E|CS|TAMS 0x0000000710300000, 0x0000000710300000| Complete 
| 226|0x0000000710400000, 0x0000000710500000, 0x0000000710500000|100%| E|CS|TAMS 0x0000000710400000, 0x0000000710400000| Complete 
| 227|0x0000000710500000, 0x00000007105d56a8, 0x0000000710600000| 83%| S|CS|TAMS 0x0000000710500000, 0x0000000710500000| Complete 
| 228|0x0000000710600000, 0x0000000710700000, 0x0000000710700000|100%| S|CS|TAMS 0x0000000710600000, 0x0000000710600000| Complete 
| 229|0x0000000710700000, 0x0000000710800000, 0x0000000710800000|100%| S|CS|TAMS 0x0000000710700000, 0x0000000710700000| Complete 
| 230|0x0000000710800000, 0x0000000710900000, 0x0000000710900000|100%| E|CS|TAMS 0x0000000710800000, 0x0000000710800000| Complete 
| 231|0x0000000710900000, 0x0000000710a00000, 0x0000000710a00000|100%| E|CS|TAMS 0x0000000710900000, 0x0000000710900000| Complete 
| 232|0x0000000710a00000, 0x0000000710b00000, 0x0000000710b00000|100%| E|CS|TAMS 0x0000000710a00000, 0x0000000710a00000| Complete 
| 233|0x0000000710b00000, 0x0000000710c00000, 0x0000000710c00000|100%| E|CS|TAMS 0x0000000710b00000, 0x0000000710b00000| Complete 
| 234|0x0000000710c00000, 0x0000000710d00000, 0x0000000710d00000|100%| E|CS|TAMS 0x0000000710c00000, 0x0000000710c00000| Complete 
| 235|0x0000000710d00000, 0x0000000710e00000, 0x0000000710e00000|100%| E|CS|TAMS 0x0000000710d00000, 0x0000000710d00000| Complete 
| 236|0x0000000710e00000, 0x0000000710f00000, 0x0000000710f00000|100%| E|CS|TAMS 0x0000000710e00000, 0x0000000710e00000| Complete 
| 237|0x0000000710f00000, 0x0000000711000000, 0x0000000711000000|100%| E|CS|TAMS 0x0000000710f00000, 0x0000000710f00000| Complete 
| 238|0x0000000711000000, 0x0000000711100000, 0x0000000711100000|100%| E|CS|TAMS 0x0000000711000000, 0x0000000711000000| Complete 
| 239|0x0000000711100000, 0x0000000711200000, 0x0000000711200000|100%| E|CS|TAMS 0x0000000711100000, 0x0000000711100000| Complete 
| 240|0x0000000711200000, 0x0000000711300000, 0x0000000711300000|100%| E|CS|TAMS 0x0000000711200000, 0x0000000711200000| Complete 
| 241|0x0000000711300000, 0x0000000711400000, 0x0000000711400000|100%| E|CS|TAMS 0x0000000711300000, 0x0000000711300000| Complete 
| 242|0x0000000711400000, 0x0000000711500000, 0x0000000711500000|100%| E|CS|TAMS 0x0000000711400000, 0x0000000711400000| Complete 
| 243|0x0000000711500000, 0x0000000711600000, 0x0000000711600000|100%| E|CS|TAMS 0x0000000711500000, 0x0000000711500000| Complete 
| 244|0x0000000711600000, 0x0000000711700000, 0x0000000711700000|100%| E|CS|TAMS 0x0000000711600000, 0x0000000711600000| Complete 
| 245|0x0000000711700000, 0x0000000711800000, 0x0000000711800000|100%| E|CS|TAMS 0x0000000711700000, 0x0000000711700000| Complete 
| 246|0x0000000711800000, 0x0000000711900000, 0x0000000711900000|100%| E|CS|TAMS 0x0000000711800000, 0x0000000711800000| Complete 
| 247|0x0000000711900000, 0x0000000711a00000, 0x0000000711a00000|100%| E|CS|TAMS 0x0000000711900000, 0x0000000711900000| Complete 
| 248|0x0000000711a00000, 0x0000000711b00000, 0x0000000711b00000|100%| E|CS|TAMS 0x0000000711a00000, 0x0000000711a00000| Complete 
| 249|0x0000000711b00000, 0x0000000711c00000, 0x0000000711c00000|100%| E|CS|TAMS 0x0000000711b00000, 0x0000000711b00000| Complete 
| 250|0x0000000711c00000, 0x0000000711d00000, 0x0000000711d00000|100%| E|CS|TAMS 0x0000000711c00000, 0x0000000711c00000| Complete 
| 251|0x0000000711d00000, 0x0000000711e00000, 0x0000000711e00000|100%| E|CS|TAMS 0x0000000711d00000, 0x0000000711d00000| Complete 
| 252|0x0000000711e00000, 0x0000000711f00000, 0x0000000711f00000|100%| E|CS|TAMS 0x0000000711e00000, 0x0000000711e00000| Complete 
| 253|0x0000000711f00000, 0x0000000712000000, 0x0000000712000000|100%| E|CS|TAMS 0x0000000711f00000, 0x0000000711f00000| Complete 

Card table byte_map: [0x0000020e9bb30000,0x0000020e9c320000] _byte_map_base: 0x0000020e9831f000

Marking Bits (Prev, Next): (CMBitMap*) 0x0000020e81862748, (CMBitMap*) 0x0000020e81862788
 Prev Bits: [0x0000020e9cb10000, 0x0000020ea0a88000)
 Next Bits: [0x0000020ea0a90000, 0x0000020ea4a08000)

Polling page: 0x0000020e818c0000

Metaspace:

Usage:
  Non-class:      9.55 MB capacity,     7.06 MB ( 74%) used,     2.48 MB ( 26%) free+waste,     9.38 KB ( <1%) overhead. 
      Class:    687.00 KB capacity,   375.11 KB ( 55%) used,   308.70 KB ( 45%) free+waste,     3.19 KB ( <1%) overhead. 
       Both:     10.22 MB capacity,     7.43 MB ( 73%) used,     2.78 MB ( 27%) free+waste,    12.56 KB ( <1%) overhead. 

Virtual space:
  Non-class space:       10.00 MB reserved,       9.75 MB ( 98%) committed 
      Class space:        1.00 GB reserved,     768.00 KB ( <1%) committed 
             Both:        1.01 GB reserved,      10.50 MB (  1%) committed 

Chunk freelists:
   Non-Class:  77.00 KB
       Class:  17.00 KB
        Both:  94.00 KB

MaxMetaspaceSize: 17179869184.00 GB
CompressedClassSpaceSize: 1.00 GB

CodeHeap 'non-profiled nmethods': size=120000Kb used=485Kb max_used=485Kb free=119514Kb
 bounds [0x0000020e93270000, 0x0000020e934e0000, 0x0000020e9a7a0000]
CodeHeap 'profiled nmethods': size=120000Kb used=2276Kb max_used=2276Kb free=117723Kb
 bounds [0x0000020e8bd40000, 0x0000020e8bfb0000, 0x0000020e93270000]
CodeHeap 'non-nmethods': size=5760Kb used=1621Kb max_used=1673Kb free=4138Kb
 bounds [0x0000020e8b7a0000, 0x0000020e8ba10000, 0x0000020e8bd40000]
 total_blobs=2867 nmethods=1211 adapters=923
 compilation: enabled
              stopped_count=0, restarted_count=0
 full_count=0

Compilation events (20 events):
Event: 3.361 Thread 0x0000020ea7e57800 nmethod 1204 0x0000020e8bf74690 code [0x0000020e8bf74840, 0x0000020e8bf749f0]
Event: 3.361 Thread 0x0000020ea7e57800 1200       3       java.lang.Float::hashCode (8 bytes)
Event: 3.361 Thread 0x0000020ea7e57800 nmethod 1200 0x0000020e8bf74a90 code [0x0000020e8bf74c60, 0x0000020e8bf74fd8]
Event: 3.361 Thread 0x0000020ea7e57800 1201       3       java.lang.Float::hashCode (5 bytes)
Event: 3.361 Thread 0x0000020ea7e57800 nmethod 1201 0x0000020e8bf75110 code [0x0000020e8bf752c0, 0x0000020e8bf75598]
Event: 3.378 Thread 0x0000020ea7e57800 1205       3       gameEngine.BatchedModel::flushBuffers (30 bytes)
Event: 3.378 Thread 0x0000020ea7e57800 nmethod 1205 0x0000020e8bf75690 code [0x0000020e8bf75840, 0x0000020e8bf75a30]
Event: 3.410 Thread 0x0000020ea7e46000 1206       4       java.util.HashMap::getNode (148 bytes)
Event: 3.410 Thread 0x0000020ea7e57800 1207       3       org.joml.Matrix4f::mulAffine (615 bytes)
Event: 3.412 Thread 0x0000020ea7e57800 nmethod 1207 0x0000020e8bf75b10 code [0x0000020e8bf75e20, 0x0000020e8bf77558]
Event: 3.418 Thread 0x0000020ea7e46000 nmethod 1206 0x0000020e932e7010 code [0x0000020e932e71c0, 0x0000020e932e7618]
Event: 3.427 Thread 0x0000020ea7e57800 1208       3       org.joml.Vector4f::div (46 bytes)
Event: 3.427 Thread 0x0000020ea7e57800 nmethod 1208 0x0000020e8bf78010 code [0x0000020e8bf781e0, 0x0000020e8bf783b8]
Event: 3.444 Thread 0x0000020ea7e46000 1209       4       java.util.HashMap::get (23 bytes)
Event: 3.452 Thread 0x0000020ea7e46000 nmethod 1209 0x0000020e932e7910 code [0x0000020e932e7ac0, 0x0000020e932e7f78]
Event: 3.493 Thread 0x0000020ea7e57800 1210       3       org.joml.Vector2f::sub (32 bytes)
Event: 3.493 Thread 0x0000020ea7e46000 1212       4       java.nio.DirectIntBufferU::<init> (48 bytes)
Event: 3.493 Thread 0x0000020ea7e57800 nmethod 1210 0x0000020e8bf78490 code [0x0000020e8bf78640, 0x0000020e8bf788d8]
Event: 3.493 Thread 0x0000020ea7e57800 1211       3       Collisions.AABB::setPosition (32 bytes)
Event: 3.494 Thread 0x0000020ea7e57800 nmethod 1211 0x0000020e8bf78a10 code [0x0000020e8bf78be0, 0x0000020e8bf78f98]

GC Heap History (2 events):
Event: 1.992 GC heap before
{Heap before GC invocations=0 (full 0):
 garbage-first heap   total 260096K, used 23552K [0x0000000702200000, 0x0000000800000000)
  region size 1024K, 24 young (24576K), 0 survivors (0K)
 Metaspace       used 4083K, capacity 7335K, committed 7552K, reserved 1056768K
  class space    used 183K, capacity 517K, committed 640K, reserved 1048576K
}
Event: 1.996 GC heap after
{Heap after GC invocations=1 (full 0):
 garbage-first heap   total 260096K, used 2901K [0x0000000702200000, 0x0000000800000000)
  region size 1024K, 3 young (3072K), 3 survivors (3072K)
 Metaspace       used 4083K, capacity 7335K, committed 7552K, reserved 1056768K
  class space    used 183K, capacity 517K, committed 640K, reserved 1048576K
}

Deoptimization events (20 events):
Event: 2.501 Thread 0x0000020e817f6800 Uncommon trap: trap_request=0xffffffde fr.pc=0x0000020e9329ba58 relative=0x0000000000000398
Event: 2.501 Thread 0x0000020e817f6800 Uncommon trap: reason=class_check action=maybe_recompile pc=0x0000020e9329ba58 method=java.util.HashMap.getNode(ILjava/lang/Object;)Ljava/util/HashMap$Node; @ 126 c2
Event: 2.501 Thread 0x0000020e817f6800 DEOPT PACKING pc=0x0000020e9329ba58 sp=0x000000557feff0d0
Event: 2.501 Thread 0x0000020e817f6800 DEOPT UNPACKING pc=0x0000020e8b7e912f sp=0x000000557feff048 mode 2
Event: 2.501 Thread 0x0000020e817f6800 Uncommon trap: trap_request=0xffffffde fr.pc=0x0000020e932a1018 relative=0x0000000000000458
Event: 2.501 Thread 0x0000020e817f6800 Uncommon trap: reason=class_check action=maybe_recompile pc=0x0000020e932a1018 method=java.util.HashMap.getNode(ILjava/lang/Object;)Ljava/util/HashMap$Node; @ 126 c2
Event: 2.501 Thread 0x0000020e817f6800 DEOPT PACKING pc=0x0000020e932a1018 sp=0x000000557feff140
Event: 2.501 Thread 0x0000020e817f6800 DEOPT UNPACKING pc=0x0000020e8b7e912f sp=0x000000557feff058 mode 2
Event: 2.721 Thread 0x0000020e817f6800 Uncommon trap: trap_request=0xffffffde fr.pc=0x0000020e9329ba58 relative=0x0000000000000398
Event: 2.721 Thread 0x0000020e817f6800 Uncommon trap: reason=class_check action=maybe_recompile pc=0x0000020e9329ba58 method=java.util.HashMap.getNode(ILjava/lang/Object;)Ljava/util/HashMap$Node; @ 126 c2
Event: 2.721 Thread 0x0000020e817f6800 DEOPT PACKING pc=0x0000020e9329ba58 sp=0x000000557feff0d0
Event: 2.721 Thread 0x0000020e817f6800 DEOPT UNPACKING pc=0x0000020e8b7e912f sp=0x000000557feff048 mode 2
Event: 2.721 Thread 0x0000020e817f6800 Uncommon trap: trap_request=0xffffffde fr.pc=0x0000020e932a1018 relative=0x0000000000000458
Event: 2.721 Thread 0x0000020e817f6800 Uncommon trap: reason=class_check action=maybe_recompile pc=0x0000020e932a1018 method=java.util.HashMap.getNode(ILjava/lang/Object;)Ljava/util/HashMap$Node; @ 126 c2
Event: 2.721 Thread 0x0000020e817f6800 DEOPT PACKING pc=0x0000020e932a1018 sp=0x000000557feff140
Event: 2.721 Thread 0x0000020e817f6800 DEOPT UNPACKING pc=0x0000020e8b7e912f sp=0x000000557feff058 mode 2
Event: 3.278 Thread 0x0000020e817f6800 Uncommon trap: trap_request=0xffffff45 fr.pc=0x0000020e93297788 relative=0x0000000000000648
Event: 3.279 Thread 0x0000020e817f6800 Uncommon trap: reason=unstable_if action=reinterpret pc=0x0000020e93297788 method=java.lang.Integer.getChars(II[B)I @ 25 c2
Event: 3.279 Thread 0x0000020e817f6800 DEOPT PACKING pc=0x0000020e93297788 sp=0x000000557feff310
Event: 3.279 Thread 0x0000020e817f6800 DEOPT UNPACKING pc=0x0000020e8b7e912f sp=0x000000557feff248 mode 2

Classes unloaded (0 events):
No events

Classes redefined (0 events):
No events

Internal exceptions (4 events):
Event: 0.373 Thread 0x0000020e817f6800 Exception <a 'java/lang/NoSuchMethodError'{0x00000007116a45a0}: 'void java.lang.invoke.DelegatingMethodHandle$Holder.delegate(java.lang.Object, java.lang.Object, int, java.lang.Object)'> (0x00000007116a45a0) 
thrown [c:/cygwin64/tmp/openjdk-jdk13u-windows-x64-hotspot/workspace/build/src/src/hotspot/share/interpreter/linkResolver.cpp, line 767]
Event: 0.375 Thread 0x0000020e817f6800 Exception <a 'java/lang/NoSuchMethodError'{0x00000007116ab2f8}: 'java.lang.Object java.lang.invoke.DirectMethodHandle$Holder.invokeStaticInit(java.lang.Object, java.lang.Object, java.lang.Object)'> (0x00000007116ab2f8) 
thrown [c:/cygwin64/tmp/openjdk-jdk13u-windows-x64-hotspot/workspace/build/src/src/hotspot/share/interpreter/linkResolver.cpp, line 767]
Event: 1.797 Thread 0x0000020e817f6800 Exception <a 'sun/nio/fs/WindowsException'{0x0000000710f66980}> (0x0000000710f66980) 
thrown [c:/cygwin64/tmp/openjdk-jdk13u-windows-x64-hotspot/workspace/build/src/src/hotspot/share/prims/jni.cpp, line 598]
Event: 1.798 Thread 0x0000020e817f6800 Exception <a 'sun/nio/fs/WindowsException'{0x0000000710f66e60}> (0x0000000710f66e60) 
thrown [c:/cygwin64/tmp/openjdk-jdk13u-windows-x64-hotspot/workspace/build/src/src/hotspot/share/prims/jni.cpp, line 598]

Events (20 events):
Event: 3.120 Loaded shared library C:\Users\jtkom\AppData\Local\Temp\lwjgljtkom\3.2.1-build-3\lwjgl_opengl.dll
Event: 3.129 Loaded shared library C:\Users\jtkom\AppData\Local\Temp\lwjgljtkom\3.2.1-build-3\lwjgl_opengl.dll
Event: 3.138 Loaded shared library C:\Users\jtkom\AppData\Local\Temp\lwjgljtkom\3.2.1-build-3\lwjgl_opengl.dll
Event: 3.147 Loaded shared library C:\Users\jtkom\AppData\Local\Temp\lwjgljtkom\3.2.1-build-3\lwjgl_opengl.dll
Event: 3.156 Loaded shared library C:\Users\jtkom\AppData\Local\Temp\lwjgljtkom\3.2.1-build-3\lwjgl_opengl.dll
Event: 3.165 Loaded shared library C:\Users\jtkom\AppData\Local\Temp\lwjgljtkom\3.2.1-build-3\lwjgl_opengl.dll
Event: 3.174 Loaded shared library C:\Users\jtkom\AppData\Local\Temp\lwjgljtkom\3.2.1-build-3\lwjgl_opengl.dll
Event: 3.183 Loaded shared library C:\Users\jtkom\AppData\Local\Temp\lwjgljtkom\3.2.1-build-3\lwjgl_opengl.dll
Event: 3.219 Loaded shared library C:\Users\jtkom\AppData\Local\Temp\lwjgljtkom\3.2.1-build-3\lwjgl_opengl.dll
Event: 3.228 Loaded shared library C:\Users\jtkom\AppData\Local\Temp\lwjgljtkom\3.2.1-build-3\lwjgl_opengl.dll
Event: 3.237 Loaded shared library C:\Users\jtkom\AppData\Local\Temp\lwjgljtkom\3.2.1-build-3\lwjgl_opengl.dll
Event: 3.247 Loaded shared library C:\Users\jtkom\AppData\Local\Temp\lwjgljtkom\3.2.1-build-3\lwjgl_opengl.dll
Event: 3.288 Loaded shared library C:\Users\jtkom\AppData\Local\Temp\lwjgljtkom\3.2.1-build-3\lwjgl_opengl.dll
Event: 3.298 Loaded shared library C:\Users\jtkom\AppData\Local\Temp\lwjgljtkom\3.2.1-build-3\lwjgl_opengl.dll
Event: 3.307 Loaded shared library C:\Users\jtkom\AppData\Local\Temp\lwjgljtkom\3.2.1-build-3\lwjgl_opengl.dll
Event: 3.316 Loaded shared library C:\Users\jtkom\AppData\Local\Temp\lwjgljtkom\3.2.1-build-3\lwjgl_opengl.dll
Event: 3.328 Loaded shared library C:\Users\jtkom\AppData\Local\Temp\lwjgljtkom\3.2.1-build-3\lwjgl_opengl.dll
Event: 3.337 Loaded shared library C:\Users\jtkom\AppData\Local\Temp\lwjgljtkom\3.2.1-build-3\lwjgl_opengl.dll
Event: 3.347 Loaded shared library C:\Users\jtkom\AppData\Local\Temp\lwjgljtkom\3.2.1-build-3\lwjgl_opengl.dll
Event: 3.356 Loaded shared library C:\Users\jtkom\AppData\Local\Temp\lwjgljtkom\3.2.1-build-3\lwjgl_opengl.dll


Dynamic libraries:
0x00007ff756590000 - 0x00007ff75659d000 	C:\Program Files\AdoptOpenJDK\jdk-13.0.1.9-hotspot\bin\javaw.exe
0x00007ffadcc60000 - 0x00007ffadce50000 	C:\WINDOWS\SYSTEM32\ntdll.dll
0x00007ffadc0f0000 - 0x00007ffadc1a2000 	C:\WINDOWS\System32\KERNEL32.DLL
0x00007ffada8e0000 - 0x00007ffadab83000 	C:\WINDOWS\System32\KERNELBASE.dll
0x00007ffadab90000 - 0x00007ffadac8a000 	C:\WINDOWS\System32\ucrtbase.dll
0x00007ffacd2e0000 - 0x00007ffacd2f6000 	C:\Program Files\AdoptOpenJDK\jdk-13.0.1.9-hotspot\bin\VCRUNTIME140.dll
0x00007ffac2200000 - 0x00007ffac2218000 	C:\Program Files\AdoptOpenJDK\jdk-13.0.1.9-hotspot\bin\jli.dll
0x00007ffadad10000 - 0x00007ffadaea4000 	C:\WINDOWS\System32\USER32.dll
0x00007ffada590000 - 0x00007ffada5b1000 	C:\WINDOWS\System32\win32u.dll
0x00007ffadba80000 - 0x00007ffadbaa6000 	C:\WINDOWS\System32\GDI32.dll
0x00007ffada3f0000 - 0x00007ffada584000 	C:\WINDOWS\System32\gdi32full.dll
0x00007ffac99c0000 - 0x00007ffac9c45000 	C:\WINDOWS\WinSxS\amd64_microsoft.windows.common-controls_6595b64144ccf1df_6.0.18362.535_none_e6c3b34713100821\COMCTL32.dll
0x00007ffada5c0000 - 0x00007ffada65e000 	C:\WINDOWS\System32\msvcp_win.dll
0x00007ffadaeb0000 - 0x00007ffadaf4e000 	C:\WINDOWS\System32\msvcrt.dll
0x00007ffadc1b0000 - 0x00007ffadc4e6000 	C:\WINDOWS\System32\combase.dll
0x00007ffadbab0000 - 0x00007ffadbbd0000 	C:\WINDOWS\System32\RPCRT4.dll
0x00007ffadac90000 - 0x00007ffadad10000 	C:\WINDOWS\System32\bcryptPrimitives.dll
0x00007ffadc8d0000 - 0x00007ffadc8fe000 	C:\WINDOWS\System32\IMM32.DLL
0x00007ffaa0ae0000 - 0x00007ffaa0b7b000 	C:\Program Files\AdoptOpenJDK\jdk-13.0.1.9-hotspot\bin\msvcp140.dll
0x00007ffa44240000 - 0x00007ffa44e34000 	C:\Program Files\AdoptOpenJDK\jdk-13.0.1.9-hotspot\bin\server\jvm.dll
0x00007ffadbbd0000 - 0x00007ffadbc73000 	C:\WINDOWS\System32\ADVAPI32.dll
0x00007ffadc650000 - 0x00007ffadc6e7000 	C:\WINDOWS\System32\sechost.dll
0x00007ffadc8c0000 - 0x00007ffadc8c8000 	C:\WINDOWS\System32\PSAPI.DLL
0x00007ffad5220000 - 0x00007ffad5229000 	C:\WINDOWS\SYSTEM32\WSOCK32.dll
0x00007ffadb1e0000 - 0x00007ffadb24f000 	C:\WINDOWS\System32\WS2_32.dll
0x00007ffad1800000 - 0x00007ffad180a000 	C:\WINDOWS\SYSTEM32\VERSION.dll
0x00007ffad7820000 - 0x00007ffad7844000 	C:\WINDOWS\SYSTEM32\WINMM.dll
0x00007ffad73a0000 - 0x00007ffad73cd000 	C:\WINDOWS\SYSTEM32\winmmbase.dll
0x00007ffada370000 - 0x00007ffada3ba000 	C:\WINDOWS\System32\cfgmgr32.dll
0x00007ffad9b90000 - 0x00007ffad9ba1000 	C:\WINDOWS\System32\kernel.appcore.dll
0x00007ffad79a0000 - 0x00007ffad79b0000 	C:\Program Files\AdoptOpenJDK\jdk-13.0.1.9-hotspot\bin\verify.dll
0x00007ffad8510000 - 0x00007ffad8704000 	C:\WINDOWS\SYSTEM32\DBGHELP.DLL
0x00007ffac1100000 - 0x00007ffac112a000 	C:\WINDOWS\SYSTEM32\dbgcore.DLL
0x00007ffac21d0000 - 0x00007ffac21f6000 	C:\Program Files\AdoptOpenJDK\jdk-13.0.1.9-hotspot\bin\java.dll
0x00007ffad5f90000 - 0x00007ffad5fa7000 	C:\Program Files\AdoptOpenJDK\jdk-13.0.1.9-hotspot\bin\zip.dll
0x00007ffad6030000 - 0x00007ffad603a000 	C:\Program Files\AdoptOpenJDK\jdk-13.0.1.9-hotspot\bin\jimage.dll
0x00007ffadb390000 - 0x00007ffadba75000 	C:\WINDOWS\System32\SHELL32.dll
0x00007ffadafb0000 - 0x00007ffadb059000 	C:\WINDOWS\System32\shcore.dll
0x00007ffad9bf0000 - 0x00007ffada36f000 	C:\WINDOWS\System32\windows.storage.dll
0x00007ffad9bb0000 - 0x00007ffad9bcf000 	C:\WINDOWS\System32\profapi.dll
0x00007ffad9b40000 - 0x00007ffad9b8a000 	C:\WINDOWS\System32\powrprof.dll
0x00007ffad9b30000 - 0x00007ffad9b40000 	C:\WINDOWS\System32\UMPDC.dll
0x00007ffadcbc0000 - 0x00007ffadcc12000 	C:\WINDOWS\System32\shlwapi.dll
0x00007ffada660000 - 0x00007ffada677000 	C:\WINDOWS\System32\cryptsp.dll
0x00007ffad5f30000 - 0x00007ffad5f49000 	C:\Program Files\AdoptOpenJDK\jdk-13.0.1.9-hotspot\bin\net.dll
0x00007ffacc4d0000 - 0x00007ffacc5c0000 	C:\WINDOWS\SYSTEM32\WINHTTP.dll
0x00007ffad93a0000 - 0x00007ffad9407000 	C:\WINDOWS\system32\mswsock.dll
0x00007ffac5710000 - 0x00007ffac5723000 	C:\Program Files\AdoptOpenJDK\jdk-13.0.1.9-hotspot\bin\nio.dll
0x00007ffab58f0000 - 0x00007ffab5950000 	C:\Users\jtkom\AppData\Local\Temp\lwjgljtkom\3.2.1-build-3\lwjgl.dll
0x00007ffab0d10000 - 0x00007ffab0d6e000 	C:\Users\jtkom\AppData\Local\Temp\lwjgljtkom\3.2.1-build-3\glfw.dll
0x00007ffad7b50000 - 0x00007ffad7be9000 	C:\WINDOWS\system32\uxtheme.dll
0x00007ffaa0d40000 - 0x00007ffaa0d83000 	C:\WINDOWS\SYSTEM32\dinput8.dll
0x00007ffa8dba0000 - 0x00007ffa8dbb1000 	C:\WINDOWS\SYSTEM32\xinput1_4.dll
0x00007ffad9930000 - 0x00007ffad995a000 	C:\WINDOWS\SYSTEM32\DEVOBJ.dll
0x00007ffad7f70000 - 0x00007ffad7f9d000 	C:\WINDOWS\SYSTEM32\dwmapi.dll
0x00007ffacba60000 - 0x00007ffacbb7a000 	C:\WINDOWS\SYSTEM32\inputhost.dll
0x00007ffad5740000 - 0x00007ffad5893000 	C:\WINDOWS\SYSTEM32\wintypes.dll
0x00007ffad6190000 - 0x00007ffad627f000 	C:\WINDOWS\SYSTEM32\PROPSYS.dll
0x00007ffad7740000 - 0x00007ffad7814000 	C:\WINDOWS\SYSTEM32\CoreMessaging.dll
0x00007ffad58a0000 - 0x00007ffad5bca000 	C:\WINDOWS\SYSTEM32\CoreUIComponents.dll
0x00007ffadb060000 - 0x00007ffadb124000 	C:\WINDOWS\System32\OLEAUT32.dll
0x00007ffad8b70000 - 0x00007ffad8ba1000 	C:\WINDOWS\SYSTEM32\ntmarta.dll
0x00007ffadb250000 - 0x00007ffadb385000 	C:\WINDOWS\System32\MSCTF.dll
0x00007ffa758f0000 - 0x00007ffa759fd000 	C:\Program Files (x86)\Razer\Razer Cortex\x64\k_fps64.dll
0x00007ffa75870000 - 0x00007ffa758ef000 	C:\Program Files (x86)\Razer\Razer Cortex\x64\d3dx10_43.dll
0x00007ffa75500000 - 0x00007ffa75557000 	C:\Program Files (x86)\Razer\Razer Cortex\x64\EasyHook64.dll
0x00007ffa73100000 - 0x00007ffa7336f000 	C:\Program Files (x86)\Razer\Razer Cortex\x64\D3DCOMPILER_43.dll
0x00007ffadc980000 - 0x00007ffadcad6000 	C:\WINDOWS\System32\ole32.dll
0x00007ffaad340000 - 0x00007ffaad496000 	C:\WINDOWS\SYSTEM32\OPENGL32.dll
0x00007ffa72e90000 - 0x00007ffa730f3000 	C:\Program Files (x86)\Razer\Razer Cortex\x64\d3dx9_43.dll
0x00007ffaad600000 - 0x00007ffaad62c000 	C:\WINDOWS\SYSTEM32\GLU32.dll
0x00007ffad8780000 - 0x00007ffad87a0000 	C:\WINDOWS\SYSTEM32\dxcore.dll
0x00007ffad8450000 - 0x00007ffad845e000 	C:\WINDOWS\SYSTEM32\HID.DLL
0x00007ffadbc80000 - 0x00007ffadc0f0000 	C:\WINDOWS\System32\SETUPAPI.DLL
0x00007ffada3c0000 - 0x00007ffada3e6000 	C:\WINDOWS\System32\bcrypt.dll
0x00007ffada680000 - 0x00007ffada6dc000 	C:\WINDOWS\System32\WINTRUST.dll
0x00007ffad9bd0000 - 0x00007ffad9be2000 	C:\WINDOWS\System32\MSASN1.dll
0x00007ffada6e0000 - 0x00007ffada829000 	C:\WINDOWS\System32\CRYPT32.dll
0x00000000583e0000 - 0x000000005aa19000 	C:\WINDOWS\System32\DriverStore\FileRepository\nvlti.inf_amd64_c0cfdefe088aa746\nvoglv64.dll
0x00007ffad62b0000 - 0x00007ffad62c3000 	C:\WINDOWS\SYSTEM32\WTSAPI32.dll
0x00007ffa9b890000 - 0x00007ffa9bb52000 	C:\WINDOWS\system32\nvspcap64.dll
0x00007ffad8be0000 - 0x00007ffad8c3c000 	C:\WINDOWS\SYSTEM32\WINSTA.dll
0x00007ffad8810000 - 0x00007ffad88fb000 	C:\WINDOWS\SYSTEM32\dxgi.dll
0x00007ffad6b00000 - 0x00007ffad6d5b000 	C:\WINDOWS\SYSTEM32\d3d11.dll
0x00007ffaa8770000 - 0x00007ffaa885e000 	C:\WINDOWS\System32\DriverStore\FileRepository\nvlti.inf_amd64_c0cfdefe088aa746\nvldumdx.dll
0x00007ffadc4f0000 - 0x00007ffadc50d000 	C:\WINDOWS\System32\imagehlp.dll
0x00007ffad8f10000 - 0x00007ffad8f43000 	C:\WINDOWS\system32\rsaenh.dll
0x00007ffad9570000 - 0x00007ffad957c000 	C:\WINDOWS\SYSTEM32\CRYPTBASE.dll
0x00007ffa77450000 - 0x00007ffa79aab000 	C:\WINDOWS\System32\DriverStore\FileRepository\nvlti.inf_amd64_c0cfdefe088aa746\nvwgf2umx.dll
0x00007ffacbfd0000 - 0x00007ffacc4c7000 	C:\WINDOWS\SYSTEM32\nvapi64.dll
0x00007ffacc5c0000 - 0x00007ffacc65e000 	C:\WINDOWS\System32\TextInputFramework.dll
0x00007ffaca110000 - 0x00007ffaca3b6000 	C:\WINDOWS\System32\iertutil.dll
0x00007ffa9e9d0000 - 0x00007ffa9ea2a000 	C:\Users\jtkom\AppData\Local\Temp\lwjgljtkom\3.2.1-build-3\lwjgl_opengl.dll
0x00007ffad3300000 - 0x00007ffad3303000 	C:\Users\jtkom\AppData\Local\Temp\jomljtkom\a2476102\joml.dll
0x00007ffad0640000 - 0x00007ffad1490000 	C:\WINDOWS\System32\DriverStore\FileRepository\igdlh64.inf_amd64_ba34b5e302b5992f\igd10iumd64.dll
0x00007ffad9670000 - 0x00007ffad9696000 	C:\WINDOWS\SYSTEM32\ncrypt.dll
0x00007ffad9630000 - 0x00007ffad966b000 	C:\WINDOWS\SYSTEM32\NTASN1.dll
0x00007ffad03b0000 - 0x00007ffad04cd000 	C:\WINDOWS\System32\DriverStore\FileRepository\igdlh64.inf_amd64_ba34b5e302b5992f\igdgmm64.dll
0x00007ffacdc00000 - 0x00007ffacfea5000 	C:\WINDOWS\System32\DriverStore\FileRepository\igdlh64.inf_amd64_ba34b5e302b5992f\igc64.dll

dbghelp: loaded successfully - version: 4.0.5 - missing functions: none
symbol engine: initialized successfully - sym options: 0x614 - pdb path: .;C:\Program Files\AdoptOpenJDK\jdk-13.0.1.9-hotspot\bin;C:\WINDOWS\SYSTEM32;C:\WINDOWS\WinSxS\amd64_microsoft.windows.common-controls_6595b64144ccf1df_6.0.18362.535_none_e6c3b34713100821;C:\Program Files\AdoptOpenJDK\jdk-13.0.1.9-hotspot\bin\server;C:\Users\jtkom\AppData\Local\Temp\lwjgljtkom\3.2.1-build-3;C:\Program Files (x86)\Razer\Razer Cortex\x64;C:\WINDOWS\System32\DriverStore\FileRepository\nvlti.inf_amd64_c0cfdefe088aa746;C:\Users\jtkom\AppData\Local\Temp\jomljtkom\a2476102;C:\WINDOWS\System32\DriverStore\FileRepository\igdlh64.inf_amd64_ba34b5e302b5992f

VM Arguments:
jvm_args: -Dfile.encoding=Cp1252 
java_command: gameEngine.Start
java_class_path (initial): D:\game3\Game\src;D:\game3\Game\libwin\joml-1.9.9-sources.jar;D:\game3\Game\libwin\joml-1.9.9.jar;D:\game3\Game\libwin\lwjgl-assimp-javadoc.jar;D:\game3\Game\libwin\lwjgl-assimp-natives-windows.jar;D:\game3\Game\libwin\lwjgl-assimp-sources.jar;D:\game3\Game\libwin\lwjgl-assimp.jar;D:\game3\Game\libwin\lwjgl-bgfx-javadoc.jar;D:\game3\Game\libwin\lwjgl-bgfx-natives-windows.jar;D:\game3\Game\libwin\lwjgl-bgfx-sources.jar;D:\game3\Game\libwin\lwjgl-bgfx.jar;D:\game3\Game\libwin\lwjgl-egl-javadoc.jar;D:\game3\Game\libwin\lwjgl-egl-sources.jar;D:\game3\Game\libwin\lwjgl-egl.jar;D:\game3\Game\libwin\lwjgl-glfw-javadoc.jar;D:\game3\Game\libwin\lwjgl-glfw-natives-windows.jar;D:\game3\Game\libwin\lwjgl-glfw-sources.jar;D:\game3\Game\libwin\lwjgl-glfw.jar;D:\game3\Game\libwin\lwjgl-javadoc.jar;D:\game3\Game\libwin\lwjgl-jawt-javadoc.jar;D:\game3\Game\libwin\lwjgl-jawt-sources.jar;D:\game3\Game\libwin\lwjgl-jawt.jar;D:\game3\Game\libwin\lwjgl-jemalloc-javadoc.jar;D:\game3\Game\libwin\lwjgl-jemalloc-natives-windows.jar;D:\game3\Game\libwin\lwjgl-jemalloc-sources.jar;D:\game3\Game\libwin\lwjgl-jemalloc.jar;D:\game3\Game\libwin\lwjgl-lmdb-javadoc.jar;D:\game3\Game\libwin\lwjgl-lmdb-natives-windows.jar;D:\game3\Game\libwin\lwjgl-lmdb-sources.jar;D:\game3\Game\libwin\lwjgl-lmdb.jar;D:\game3\Game\libwin\lwjgl-lz4-javadoc.jar;D:\game3\Game\libwin\lwjgl-lz4-natives-windows.jar;D:\game3\Game\libwin\lwjgl-lz4-sources.jar;D:\game3\Game\libwin\lwjgl-lz4.jar;D:\game3\Game\libwin\lwjgl-nanovg-javadoc.jar;D:\game3\Game\libwin\lwjgl-nanovg-natives-windows.jar;D:\game3\Game\libwin\lwjgl-nanovg-sources.jar;D:\game3\Game\libwin\lwjgl-nanovg.jar;D:\game3\Game\libwin\lwjgl-natives-windows.jar;D:\game3\Game\libwin\lwjgl-nfd-javadoc.jar;D:\game3\Game\libwin\lwjgl-nfd-natives-windows.jar;D:\game3\Game\libwin\lwjgl-nfd-sources.jar;D:\game3\Game\libwin\lwjgl-nfd.jar;D:\game3\Game\libwin\lwjgl-nuklear-javadoc.jar;D:\game3\Game\libwin\lwjgl-nuklear-natives-windows.jar;D:\game3
Launcher Type: SUN_STANDARD

[Global flags]
     intx CICompilerCount                          = 4                                         {product} {ergonomic}
     uint ConcGCThreads                            = 2                                         {product} {ergonomic}
     uint G1ConcRefinementThreads                  = 8                                         {product} {ergonomic}
   size_t G1HeapRegionSize                         = 1048576                                   {product} {ergonomic}
    uintx GCDrainStackTargetSize                   = 64                                        {product} {ergonomic}
   size_t InitialHeapSize                          = 266338304                                 {product} {ergonomic}
   size_t MarkStackSize                            = 4194304                                   {product} {ergonomic}
   size_t MaxHeapSize                              = 4259315712                                {product} {ergonomic}
   size_t MaxNewSize                               = 2555379712                                {product} {ergonomic}
   size_t MinHeapDeltaBytes                        = 1048576                                   {product} {ergonomic}
   size_t MinHeapSize                              = 8388608                                   {product} {ergonomic}
    uintx NonNMethodCodeHeapSize                   = 5836300                                {pd product} {ergonomic}
    uintx NonProfiledCodeHeapSize                  = 122910970                              {pd product} {ergonomic}
    uintx ProfiledCodeHeapSize                     = 122910970                              {pd product} {ergonomic}
    uintx ReservedCodeCacheSize                    = 251658240                              {pd product} {ergonomic}
     bool SegmentedCodeCache                       = true                                      {product} {ergonomic}
   size_t SoftMaxHeapSize                          = 4259315712                             {manageable} {ergonomic}
     bool UseCompressedClassPointers               = true                                 {lp64_product} {ergonomic}
     bool UseCompressedOops                        = true                                 {lp64_product} {ergonomic}
     bool UseG1GC                                  = true                                      {product} {ergonomic}
     bool UseLargePagesIndividualAllocation        = false                                  {pd product} {ergonomic}

Logging:
Log output configuration:
 #0: stdout all=warning uptime,level,tags
 #1: stderr all=off uptime,level,tags

Environment Variables:
JAVA_HOME=C:\Program Files\Java\jdk-10.0.2
PATH=C:/Program Files/AdoptOpenJDK/jdk-13.0.1.9-hotspot/bin/client;C:/Program Files/AdoptOpenJDK/jdk-13.0.1.9-hotspot/bin;C:\Program Files\AdoptOpenJDK\jdk-13.0.1.9-hotspot\bin;C:\Program Files\Python37\Scripts\;C:\Program Files\Python37\;C:\Program Files (x86)\Common Files\Oracle\Java\javapath;C:\Program Files\Intel\Intel(R) Management Engine Components\iCLS\;C:\Windows\system32;C:\Windows;C:\Windows\System32\Wbem;C:\Windows\System32\WindowsPowerShell\v1.0\;C:\Windows\System32\OpenSSH\;C:\Program Files (x86)\Intel\Intel(R) Management Engine Components\DAL;C:\Program Files\Intel\Intel(R) Management Engine Components\DAL;C:\Program Files (x86)\Intel\Intel(R) Management Engine Components\IPT;C:\Program Files\Intel\Intel(R) Management Engine Components\IPT;C:\android-sdk\tools;C:\android-sdk\platform-tools;C:\Users\jtkom\AppData\Local\Microsoft\WindowsApps;C:\adb;C:\Program Files\Microsoft VS Code\bin;C:\Program Files\Git\cmd;C:\Users\jtkom\eclipse\java-photon\eclipse.exe;C:\Program Files\NASM;C:\Program Files\Python37\Scripts;C:\Program Files (x86)\NVIDIA Corporation\PhysX\Common;C:\apache-maven-3.6.0\bin;C:\Program Files\dotnet\;C:\Program Files\Java\jdk-10.0.2;C:\eda\ghdl\GHDL\20181129-mingw32-mcode\bin;C:\eda\gtkwave\gtkwave\bin;C:\eda;C:\WINDOWS\system32;C:\WINDOWS;C:\WINDOWS\System32\Wbem;C:\WINDOWS\System32\WindowsPowerShell\v1.0\;C:\WINDOWS\System32\OpenSSH\;C:\Program Files\NVIDIA Corporation\NVIDIA NvDLISR;C:\Gradle\gradle-5.6.3-all;C:\Gradle\gradle-5.6.3-all\gradle-5.6.3\bin;C:\Users\jtkom\AppData\Local\Microsoft\WindowsApps;C:\Users\jtkom\AppData\Local\GitHubDesktop\bin;C:\Users\jtkom\AppData\Local\Programs\Microsoft VS Code\bin;C:\Users\jtkom\AppData\Local\Microsoft\WindowsApps;;C:\Program Files\JetBrains\IntelliJ IDEA Community Edition 2019.2.3\bin;;C:\CodeRepository\eclipse;
USERNAME=jtkom
OS=Windows_NT
PROCESSOR_IDENTIFIER=Intel64 Family 6 Model 158 Stepping 9, GenuineIntel



---------------  S Y S T E M  ---------------

OS: Windows 10 , 64 bit Build 18362 (10.0.18362.329)

CPU:total 8 (initial active 8) (4 cores per cpu, 2 threads per core) family 6 model 158 stepping 9, cmov, cx8, fxsr, mmx, sse, sse2, sse3, ssse3, sse4.1, sse4.2, popcnt, avx, avx2, aes, clmul, erms, 3dnowpref, lzcnt, ht, tsc, tscinvbit, bmi1, bmi2, adx, fma

Memory: 4k page, system-wide physical 16244M (8217M free)
TotalPageFile size 30940M (AvailPageFile size 18687M)
current process WorkingSet (physical memory assigned to process): 177M, peak: 177M
current process commit charge ("private bytes"): 503M, peak: 503M

vm_info: OpenJDK 64-Bit Server VM (13.0.1+9) for windows-amd64 JRE (13.0.1+9), built on Oct 26 2019 10:16:33 by "" with MS VC++ 15.8 (VS2017)

END.
