#
# A fatal error has been detected by the Java Runtime Environment:
#
#  EXCEPTION_ACCESS_VIOLATION (0xc0000005) at pc=0x00007fff42a58558, pid=17304, tid=20592
#
# JRE version: Java(TM) SE Runtime Environment (13.0.2+8) (build 13.0.2+8)
# Java VM: Java HotSpot(TM) 64-Bit Server VM (13.0.2+8, mixed mode, sharing, tiered, compressed oops, g1 gc, windows-amd64)
# Problematic frame:
# C  [nvoglv64.dll+0xfe8558]
#
# No core dump will be written. Minidumps are not enabled by default on client versions of Windows
#
# If you would like to submit a bug report, please visit:
#   http://bugreport.java.com/bugreport/crash.jsp
# The crash happened outside the Java Virtual Machine in native code.
# See problematic frame for where to report the bug.
#

---------------  S U M M A R Y ------------

Command Line: -Dfile.encoding=Cp1252 gameEngine.Start

Host: Intel(R) Core(TM) i7-7700HQ CPU @ 2.80GHz, 8 cores, 15G,  Windows 10 , 64 bit Build 18362 (10.0.18362.778)
Time: Fri Jun  5 17:15:46 2020 Pacific Daylight Time elapsed time: 2 seconds (0d 0h 0m 2s)

---------------  T H R E A D  ---------------

Current thread (0x0000013ba1739000):  JavaThread "main" [_thread_in_native, id=20592, stack(0x000000388f600000,0x000000388f700000)]

Stack: [0x000000388f600000,0x000000388f700000],  sp=0x000000388f6fd408,  free space=1013k
Native frames: (J=compiled Java code, j=interpreted, Vv=VM code, C=native code)
C  [nvoglv64.dll+0xfe8558]

Java frames: (J=compiled Java code, j=interpreted, Vv=VM code)
j  org.lwjgl.opengl.GL15C.nglBufferSubData(IJJJ)V+0
j  org.lwjgl.opengl.GL15C.glBufferSubData(IJLjava/nio/FloatBuffer;)V+15
j  org.lwjgl.opengl.GL15.glBufferSubData(IJLjava/nio/FloatBuffer;)V+3
j  rendering.OneTextureBatchedModel.addvaluestoVBO([F[F)V+78
j  textrendering.TextBuilder.setString(Ljava/lang/String;)V+381
j  battleClasses.TimedButtonHold.<init>(DDDI)V+71
j  Data.Moves.<clinit>()V+87
v  ~StubRoutines::call_stub
j  Data.Pcs.<clinit>()V+41
v  ~StubRoutines::call_stub
j  gameEngine.Start.main([Ljava/lang/String;)V+1664
v  ~StubRoutines::call_stub

siginfo: EXCEPTION_ACCESS_VIOLATION (0xc0000005), reading address 0x0000000000000010


Register to memory mapping:

RIP=0x00007fff42a58558 nvoglv64.dll
RAX=0x0000013bd3d0f108 points into unknown readable memory: 00 00 00 00 00 00 00 00
RBX=0x0000000000000010 is an unknown value
RCX=0x00007fff42a58558 nvoglv64.dll
RDX=0x0000000000000010 is an unknown value
RSP=0x000000388f6fd408 is pointing into the stack for thread: 0x0000013ba1739000
RBP=0x0000000000000020 is an unknown value
RSI=0x0000013bd3d0f108 points into unknown readable memory: 00 00 00 00 00 00 00 00
RDI=0x0000000000000008 is an unknown value
R8 =0x0000000000000008 is an unknown value
R9 =0x00007fff41a70000 nvoglv64.dll
R10=0x0000000000000010 is an unknown value
R11=0x0000013bd3d0f108 points into unknown readable memory: 00 00 00 00 00 00 00 00
R12=0x0 is NULL
R13=0x0000000000008892 is an unknown value
R14=0x000000388f6fd5e0 is pointing into the stack for thread: 0x0000013ba1739000
R15=0x0 is NULL


Registers:
RAX=0x0000013bd3d0f108, RBX=0x0000000000000010, RCX=0x00007fff42a58558, RDX=0x0000000000000010
RSP=0x000000388f6fd408, RBP=0x0000000000000020, RSI=0x0000013bd3d0f108, RDI=0x0000000000000008
R8 =0x0000000000000008, R9 =0x00007fff41a70000, R10=0x0000000000000010, R11=0x0000013bd3d0f108
R12=0x0000000000000000, R13=0x0000000000008892, R14=0x000000388f6fd5e0, R15=0x0000000000000000
RIP=0x00007fff42a58558, EFLAGS=0x0000000000010202

Top of Stack: (sp=0x000000388f6fd408)
0x000000388f6fd408:   00007fff427077a2 0000000200000007
0x000000388f6fd418:   0000000000000004 0000013ba17395a0
0x000000388f6fd428:   0000003800000003 0000000000000000
0x000000388f6fd438:   00007fff423240c1 0000013bc92895f0
0x000000388f6fd448:   0000000000000020 0000000000000010
0x000000388f6fd458:   0000000000000000 0000000000000020
0x000000388f6fd468:   00007fff424b839d 0000013bcae75080
0x000000388f6fd478:   0000000000000000 0000000000000020
0x000000388f6fd488:   0000000000000000 000000388f6fd4a0
0x000000388f6fd498:   0000013bab460026 0000013b00000002
0x000000388f6fd4a8:   0000013bcc7dc290 0000000000000108
0x000000388f6fd4b8:   0000000000000000 0000013ba1739000
0x000000388f6fd4c8:   000000388f6fd5e0 0000013bd7d4f280
0x000000388f6fd4d8:   0000000000000000 0000000000000000
0x000000388f6fd4e8:   0000013bab40f4f7 0000013bd7d4f280
0x000000388f6fd4f8:   000000388f6fd590 0000000000000000 

Instructions: (pc=0x00007fff42a58558)
0x00007fff42a58458:   8b c8 49 c1 e9 03 74 9b 48 8b 01 48 3b 04 11 75
0x00007fff42a58468:   1b 48 83 c1 08 49 ff c9 75 ee 49 83 e0 07 eb 83
0x00007fff42a58478:   48 83 c1 08 48 83 c1 08 48 83 c1 08 48 8b 0c 0a
0x00007fff42a58488:   48 0f c8 48 0f c9 48 3b c1 1b c0 83 d8 ff c3 cc
0x00007fff42a58498:   cc cc cc cc cc cc cc cc cc cc cc cc cc cc 66 66
0x00007fff42a584a8:   0f 1f 84 00 00 00 00 00 57 56 49 8b c3 48 8b f9
0x00007fff42a584b8:   49 8b c8 49 8b f2 f3 a4 5e 5f c3 cc cc cc cc cc
0x00007fff42a584c8:   cc 0f 1f 80 00 00 00 00 4c 8b d9 4c 8b d2 49 83
0x00007fff42a584d8:   f8 10 76 54 49 83 f8 20 76 2e 48 2b d1 73 0d 4b
0x00007fff42a584e8:   8d 04 10 48 3b c8 0f 82 dc 02 00 00 49 81 f8 80
0x00007fff42a584f8:   00 00 00 0f 86 0f 02 00 00 f6 05 58 14 5a 01 02
0x00007fff42a58508:   0f 84 52 01 00 00 eb a0 0f 10 02 42 0f 10 4c 02
0x00007fff42a58518:   f0 0f 11 01 42 0f 11 4c 01 f0 48 8b c1 c3 66 66
0x00007fff42a58528:   0f 1f 84 00 00 00 00 00 48 8b c1 4c 8d 0d c6 7a
0x00007fff42a58538:   01 ff 43 8b 8c 81 60 ea 6c 02 49 03 c9 ff e1 66
0x00007fff42a58548:   0f 1f 84 00 00 00 00 00 c3 0f b7 0a 66 89 08 c3
0x00007fff42a58558:   48 8b 0a 48 89 08 c3 0f b7 0a 44 0f b6 42 02 66
0x00007fff42a58568:   89 08 44 88 40 02 c3 0f b6 0a 88 08 c3 f3 0f 6f
0x00007fff42a58578:   02 f3 0f 7f 00 c3 66 90 4c 8b 02 0f b7 4a 08 44
0x00007fff42a58588:   0f b6 4a 0a 4c 89 00 66 89 48 08 44 88 48 0a c3
0x00007fff42a58598:   8b 0a 89 08 c3 0f 1f 00 8b 0a 44 0f b6 42 04 89
0x00007fff42a585a8:   08 44 88 40 04 c3 66 90 8b 0a 44 0f b7 42 04 89
0x00007fff42a585b8:   08 66 44 89 40 04 c3 90 8b 0a 44 0f b7 42 04 44
0x00007fff42a585c8:   0f b6 4a 06 89 08 66 44 89 40 04 44 88 48 06 c3
0x00007fff42a585d8:   4c 8b 02 8b 4a 08 44 0f b6 4a 0c 4c 89 00 89 48
0x00007fff42a585e8:   08 44 88 48 0c c3 66 90 4c 8b 02 0f b6 4a 08 4c
0x00007fff42a585f8:   89 00 88 48 08 c3 66 90 4c 8b 02 0f b7 4a 08 4c
0x00007fff42a58608:   89 00 66 89 48 08 c3 90 4c 8b 02 8b 4a 08 4c 89
0x00007fff42a58618:   00 89 48 08 c3 0f 1f 00 4c 8b 02 8b 4a 08 44 0f
0x00007fff42a58628:   b7 4a 0c 4c 89 00 89 48 08 66 44 89 48 0c c3 66
0x00007fff42a58638:   0f 1f 84 00 00 00 00 00 4c 8b 02 8b 4a 08 44 0f
0x00007fff42a58648:   b7 4a 0c 44 0f b6 52 0e 4c 89 00 89 48 08 66 44 


Stack slot to memory mapping:
stack at sp + 0 slots: 0x00007fff427077a2 nvoglv64.dll
stack at sp + 1 slots: 0x0000000200000007 is an unknown value
stack at sp + 2 slots: 0x0000000000000004 is an unknown value
stack at sp + 3 slots: 0x0000013ba17395a0 points into unknown readable memory: 00 38 94 44 ff 7f 00 00
stack at sp + 4 slots: 0x0000003800000003 is an unknown value
stack at sp + 5 slots: 0x0 is NULL
stack at sp + 6 slots: 0x00007fff423240c1 nvoglv64.dll
stack at sp + 7 slots: 0x0000013bc92895f0 points into unknown readable memory: 90 c2 7d cc 3b 01 00 00


---------------  P R O C E S S  ---------------

Threads class SMR info:
_java_thread_list=0x0000013bc924a7e0, length=11, elements={
0x0000013ba1739000, 0x0000013bc7201800, 0x0000013bc7a9a000, 0x0000013bc7aa3000,
0x0000013bc7aa5000, 0x0000013bc7aa6000, 0x0000013bc7aa7000, 0x0000013bc7aad000,
0x0000013bc7be4800, 0x0000013bc7c70000, 0x0000013bc9271800
}

Java Threads: ( => current thread )
=>0x0000013ba1739000 JavaThread "main" [_thread_in_native, id=20592, stack(0x000000388f600000,0x000000388f700000)]
  0x0000013bc7201800 JavaThread "Reference Handler" daemon [_thread_blocked, id=20560, stack(0x000000388fd00000,0x000000388fe00000)]
  0x0000013bc7a9a000 JavaThread "Finalizer" daemon [_thread_blocked, id=20964, stack(0x000000388fe00000,0x000000388ff00000)]
  0x0000013bc7aa3000 JavaThread "Signal Dispatcher" daemon [_thread_blocked, id=11924, stack(0x000000388ff00000,0x0000003890000000)]
  0x0000013bc7aa5000 JavaThread "Attach Listener" daemon [_thread_blocked, id=24236, stack(0x0000003890000000,0x0000003890100000)]
  0x0000013bc7aa6000 JavaThread "C2 CompilerThread0" daemon [_thread_blocked, id=24044, stack(0x0000003890100000,0x0000003890200000)]
  0x0000013bc7aa7000 JavaThread "C1 CompilerThread0" daemon [_thread_blocked, id=20816, stack(0x0000003890200000,0x0000003890300000)]
  0x0000013bc7aad000 JavaThread "Sweeper thread" daemon [_thread_blocked, id=23968, stack(0x0000003890300000,0x0000003890400000)]
  0x0000013bc7be4800 JavaThread "Service Thread" daemon [_thread_blocked, id=23332, stack(0x0000003890400000,0x0000003890500000)]
  0x0000013bc7c70000 JavaThread "Common-Cleaner" daemon [_thread_blocked, id=8764, stack(0x0000003890600000,0x0000003890700000)]
  0x0000013bc9271800 JavaThread "C2 CompilerThread1" daemon [_thread_blocked, id=10280, stack(0x0000003891700000,0x0000003891800000)]

Other Threads:
  0x0000013bc7200000 VMThread "VM Thread" [stack: 0x000000388fc00000,0x000000388fd00000] [id=8792]
  0x0000013bc7bf9800 WatcherThread [stack: 0x0000003890500000,0x0000003890600000] [id=20904]
  0x0000013ba17a5000 GCTaskThread "GC Thread#0" [stack: 0x000000388f700000,0x000000388f800000] [id=6976]
  0x0000013bc804d800 GCTaskThread "GC Thread#1" [stack: 0x0000003890700000,0x0000003890800000] [id=20960]
  0x0000013bcbf56000 GCTaskThread "GC Thread#2" [stack: 0x0000003891200000,0x0000003891300000] [id=2932]
  0x0000013bcbf56800 GCTaskThread "GC Thread#3" [stack: 0x0000003891400000,0x0000003891500000] [id=21640]
  0x0000013bd2c10800 GCTaskThread "GC Thread#4" [stack: 0x0000003891500000,0x0000003891600000] [id=22684]
  0x0000013bd2c11000 GCTaskThread "GC Thread#5" [stack: 0x0000003891600000,0x0000003891700000] [id=7852]
  0x0000013ba17c7000 ConcurrentGCThread "G1 Main Marker" [stack: 0x000000388f800000,0x000000388f900000] [id=13904]
  0x0000013ba17c8000 ConcurrentGCThread "G1 Conc#0" [stack: 0x000000388f900000,0x000000388fa00000] [id=22284]
  0x0000013bc70f8800 ConcurrentGCThread "G1 Refine#0" [stack: 0x000000388fa00000,0x000000388fb00000] [id=1436]
  0x0000013bc70fa800 ConcurrentGCThread "G1 Young RemSet Sampling" [stack: 0x000000388fb00000,0x000000388fc00000] [id=6348]

Threads with active compile tasks:

VM state:not at safepoint (normal execution)

VM Mutex/Monitor currently owned by a thread: None

Heap address: 0x0000000702200000, size: 4062 MB, Compressed Oops mode: Zero based, Oop shift amount: 3
Narrow klass base: 0x0000000800000000, Narrow klass shift: 3
Compressed class space size: 1073741824 Address: 0x0000000800b40000

Heap:
 garbage-first heap   total 260096K, used 42502K [0x0000000702200000, 0x0000000800000000)
  region size 1024K, 43 young (44032K), 3 survivors (3072K)
 Metaspace       used 7012K, capacity 9781K, committed 9984K, reserved 1058816K
  class space    used 359K, capacity 650K, committed 768K, reserved 1048576K
Heap Regions: E=young(eden), S=young(survivor), O=old, HS=humongous(starts), HC=humongous(continues), CS=collection set, F=free, A=archive, TAMS=top-at-mark-start (previous, next)
|   0|0x0000000702200000, 0x0000000702200000, 0x0000000702300000|  0%| F|  |TAMS 0x0000000702200000, 0x0000000702200000| Untracked 
|   1|0x0000000702300000, 0x0000000702300000, 0x0000000702400000|  0%| F|  |TAMS 0x0000000702300000, 0x0000000702300000| Untracked 
|   2|0x0000000702400000, 0x0000000702400000, 0x0000000702500000|  0%| F|  |TAMS 0x0000000702400000, 0x0000000702400000| Untracked 
|   3|0x0000000702500000, 0x0000000702500000, 0x0000000702600000|  0%| F|  |TAMS 0x0000000702500000, 0x0000000702500000| Untracked 
|   4|0x0000000702600000, 0x0000000702600000, 0x0000000702700000|  0%| F|  |TAMS 0x0000000702600000, 0x0000000702600000| Untracked 
|   5|0x0000000702700000, 0x0000000702700000, 0x0000000702800000|  0%| F|  |TAMS 0x0000000702700000, 0x0000000702700000| Untracked 
|   6|0x0000000702800000, 0x0000000702800000, 0x0000000702900000|  0%| F|  |TAMS 0x0000000702800000, 0x0000000702800000| Untracked 
|   7|0x0000000702900000, 0x0000000702900000, 0x0000000702a00000|  0%| F|  |TAMS 0x0000000702900000, 0x0000000702900000| Untracked 
|   8|0x0000000702a00000, 0x0000000702a00000, 0x0000000702b00000|  0%| F|  |TAMS 0x0000000702a00000, 0x0000000702a00000| Untracked 
|   9|0x0000000702b00000, 0x0000000702b00000, 0x0000000702c00000|  0%| F|  |TAMS 0x0000000702b00000, 0x0000000702b00000| Untracked 
|  10|0x0000000702c00000, 0x0000000702c00000, 0x0000000702d00000|  0%| F|  |TAMS 0x0000000702c00000, 0x0000000702c00000| Untracked 
|  11|0x0000000702d00000, 0x0000000702d00000, 0x0000000702e00000|  0%| F|  |TAMS 0x0000000702d00000, 0x0000000702d00000| Untracked 
|  12|0x0000000702e00000, 0x0000000702e00000, 0x0000000702f00000|  0%| F|  |TAMS 0x0000000702e00000, 0x0000000702e00000| Untracked 
|  13|0x0000000702f00000, 0x0000000702f00000, 0x0000000703000000|  0%| F|  |TAMS 0x0000000702f00000, 0x0000000702f00000| Untracked 
|  14|0x0000000703000000, 0x0000000703000000, 0x0000000703100000|  0%| F|  |TAMS 0x0000000703000000, 0x0000000703000000| Untracked 
|  15|0x0000000703100000, 0x0000000703100000, 0x0000000703200000|  0%| F|  |TAMS 0x0000000703100000, 0x0000000703100000| Untracked 
|  16|0x0000000703200000, 0x0000000703200000, 0x0000000703300000|  0%| F|  |TAMS 0x0000000703200000, 0x0000000703200000| Untracked 
|  17|0x0000000703300000, 0x0000000703300000, 0x0000000703400000|  0%| F|  |TAMS 0x0000000703300000, 0x0000000703300000| Untracked 
|  18|0x0000000703400000, 0x0000000703400000, 0x0000000703500000|  0%| F|  |TAMS 0x0000000703400000, 0x0000000703400000| Untracked 
|  19|0x0000000703500000, 0x0000000703500000, 0x0000000703600000|  0%| F|  |TAMS 0x0000000703500000, 0x0000000703500000| Untracked 
|  20|0x0000000703600000, 0x0000000703600000, 0x0000000703700000|  0%| F|  |TAMS 0x0000000703600000, 0x0000000703600000| Untracked 
|  21|0x0000000703700000, 0x0000000703700000, 0x0000000703800000|  0%| F|  |TAMS 0x0000000703700000, 0x0000000703700000| Untracked 
|  22|0x0000000703800000, 0x0000000703800000, 0x0000000703900000|  0%| F|  |TAMS 0x0000000703800000, 0x0000000703800000| Untracked 
|  23|0x0000000703900000, 0x0000000703900000, 0x0000000703a00000|  0%| F|  |TAMS 0x0000000703900000, 0x0000000703900000| Untracked 
|  24|0x0000000703a00000, 0x0000000703a00000, 0x0000000703b00000|  0%| F|  |TAMS 0x0000000703a00000, 0x0000000703a00000| Untracked 
|  25|0x0000000703b00000, 0x0000000703b00000, 0x0000000703c00000|  0%| F|  |TAMS 0x0000000703b00000, 0x0000000703b00000| Untracked 
|  26|0x0000000703c00000, 0x0000000703c00000, 0x0000000703d00000|  0%| F|  |TAMS 0x0000000703c00000, 0x0000000703c00000| Untracked 
|  27|0x0000000703d00000, 0x0000000703d00000, 0x0000000703e00000|  0%| F|  |TAMS 0x0000000703d00000, 0x0000000703d00000| Untracked 
|  28|0x0000000703e00000, 0x0000000703e00000, 0x0000000703f00000|  0%| F|  |TAMS 0x0000000703e00000, 0x0000000703e00000| Untracked 
|  29|0x0000000703f00000, 0x0000000703f00000, 0x0000000704000000|  0%| F|  |TAMS 0x0000000703f00000, 0x0000000703f00000| Untracked 
|  30|0x0000000704000000, 0x0000000704000000, 0x0000000704100000|  0%| F|  |TAMS 0x0000000704000000, 0x0000000704000000| Untracked 
|  31|0x0000000704100000, 0x0000000704100000, 0x0000000704200000|  0%| F|  |TAMS 0x0000000704100000, 0x0000000704100000| Untracked 
|  32|0x0000000704200000, 0x0000000704200000, 0x0000000704300000|  0%| F|  |TAMS 0x0000000704200000, 0x0000000704200000| Untracked 
|  33|0x0000000704300000, 0x0000000704300000, 0x0000000704400000|  0%| F|  |TAMS 0x0000000704300000, 0x0000000704300000| Untracked 
|  34|0x0000000704400000, 0x0000000704400000, 0x0000000704500000|  0%| F|  |TAMS 0x0000000704400000, 0x0000000704400000| Untracked 
|  35|0x0000000704500000, 0x0000000704500000, 0x0000000704600000|  0%| F|  |TAMS 0x0000000704500000, 0x0000000704500000| Untracked 
|  36|0x0000000704600000, 0x0000000704600000, 0x0000000704700000|  0%| F|  |TAMS 0x0000000704600000, 0x0000000704600000| Untracked 
|  37|0x0000000704700000, 0x0000000704700000, 0x0000000704800000|  0%| F|  |TAMS 0x0000000704700000, 0x0000000704700000| Untracked 
|  38|0x0000000704800000, 0x0000000704800000, 0x0000000704900000|  0%| F|  |TAMS 0x0000000704800000, 0x0000000704800000| Untracked 
|  39|0x0000000704900000, 0x0000000704900000, 0x0000000704a00000|  0%| F|  |TAMS 0x0000000704900000, 0x0000000704900000| Untracked 
|  40|0x0000000704a00000, 0x0000000704a00000, 0x0000000704b00000|  0%| F|  |TAMS 0x0000000704a00000, 0x0000000704a00000| Untracked 
|  41|0x0000000704b00000, 0x0000000704b00000, 0x0000000704c00000|  0%| F|  |TAMS 0x0000000704b00000, 0x0000000704b00000| Untracked 
|  42|0x0000000704c00000, 0x0000000704c00000, 0x0000000704d00000|  0%| F|  |TAMS 0x0000000704c00000, 0x0000000704c00000| Untracked 
|  43|0x0000000704d00000, 0x0000000704d00000, 0x0000000704e00000|  0%| F|  |TAMS 0x0000000704d00000, 0x0000000704d00000| Untracked 
|  44|0x0000000704e00000, 0x0000000704e00000, 0x0000000704f00000|  0%| F|  |TAMS 0x0000000704e00000, 0x0000000704e00000| Untracked 
|  45|0x0000000704f00000, 0x0000000704f00000, 0x0000000705000000|  0%| F|  |TAMS 0x0000000704f00000, 0x0000000704f00000| Untracked 
|  46|0x0000000705000000, 0x0000000705000000, 0x0000000705100000|  0%| F|  |TAMS 0x0000000705000000, 0x0000000705000000| Untracked 
|  47|0x0000000705100000, 0x0000000705100000, 0x0000000705200000|  0%| F|  |TAMS 0x0000000705100000, 0x0000000705100000| Untracked 
|  48|0x0000000705200000, 0x0000000705200000, 0x0000000705300000|  0%| F|  |TAMS 0x0000000705200000, 0x0000000705200000| Untracked 
|  49|0x0000000705300000, 0x0000000705300000, 0x0000000705400000|  0%| F|  |TAMS 0x0000000705300000, 0x0000000705300000| Untracked 
|  50|0x0000000705400000, 0x0000000705400000, 0x0000000705500000|  0%| F|  |TAMS 0x0000000705400000, 0x0000000705400000| Untracked 
|  51|0x0000000705500000, 0x0000000705500000, 0x0000000705600000|  0%| F|  |TAMS 0x0000000705500000, 0x0000000705500000| Untracked 
|  52|0x0000000705600000, 0x0000000705600000, 0x0000000705700000|  0%| F|  |TAMS 0x0000000705600000, 0x0000000705600000| Untracked 
|  53|0x0000000705700000, 0x0000000705700000, 0x0000000705800000|  0%| F|  |TAMS 0x0000000705700000, 0x0000000705700000| Untracked 
|  54|0x0000000705800000, 0x0000000705800000, 0x0000000705900000|  0%| F|  |TAMS 0x0000000705800000, 0x0000000705800000| Untracked 
|  55|0x0000000705900000, 0x0000000705900000, 0x0000000705a00000|  0%| F|  |TAMS 0x0000000705900000, 0x0000000705900000| Untracked 
|  56|0x0000000705a00000, 0x0000000705a00000, 0x0000000705b00000|  0%| F|  |TAMS 0x0000000705a00000, 0x0000000705a00000| Untracked 
|  57|0x0000000705b00000, 0x0000000705b00000, 0x0000000705c00000|  0%| F|  |TAMS 0x0000000705b00000, 0x0000000705b00000| Untracked 
|  58|0x0000000705c00000, 0x0000000705c00000, 0x0000000705d00000|  0%| F|  |TAMS 0x0000000705c00000, 0x0000000705c00000| Untracked 
|  59|0x0000000705d00000, 0x0000000705d00000, 0x0000000705e00000|  0%| F|  |TAMS 0x0000000705d00000, 0x0000000705d00000| Untracked 
|  60|0x0000000705e00000, 0x0000000705e00000, 0x0000000705f00000|  0%| F|  |TAMS 0x0000000705e00000, 0x0000000705e00000| Untracked 
|  61|0x0000000705f00000, 0x0000000705f00000, 0x0000000706000000|  0%| F|  |TAMS 0x0000000705f00000, 0x0000000705f00000| Untracked 
|  62|0x0000000706000000, 0x0000000706000000, 0x0000000706100000|  0%| F|  |TAMS 0x0000000706000000, 0x0000000706000000| Untracked 
|  63|0x0000000706100000, 0x0000000706100000, 0x0000000706200000|  0%| F|  |TAMS 0x0000000706100000, 0x0000000706100000| Untracked 
|  64|0x0000000706200000, 0x0000000706200000, 0x0000000706300000|  0%| F|  |TAMS 0x0000000706200000, 0x0000000706200000| Untracked 
|  65|0x0000000706300000, 0x0000000706300000, 0x0000000706400000|  0%| F|  |TAMS 0x0000000706300000, 0x0000000706300000| Untracked 
|  66|0x0000000706400000, 0x0000000706400000, 0x0000000706500000|  0%| F|  |TAMS 0x0000000706400000, 0x0000000706400000| Untracked 
|  67|0x0000000706500000, 0x0000000706500000, 0x0000000706600000|  0%| F|  |TAMS 0x0000000706500000, 0x0000000706500000| Untracked 
|  68|0x0000000706600000, 0x0000000706600000, 0x0000000706700000|  0%| F|  |TAMS 0x0000000706600000, 0x0000000706600000| Untracked 
|  69|0x0000000706700000, 0x0000000706700000, 0x0000000706800000|  0%| F|  |TAMS 0x0000000706700000, 0x0000000706700000| Untracked 
|  70|0x0000000706800000, 0x0000000706800000, 0x0000000706900000|  0%| F|  |TAMS 0x0000000706800000, 0x0000000706800000| Untracked 
|  71|0x0000000706900000, 0x0000000706900000, 0x0000000706a00000|  0%| F|  |TAMS 0x0000000706900000, 0x0000000706900000| Untracked 
|  72|0x0000000706a00000, 0x0000000706a00000, 0x0000000706b00000|  0%| F|  |TAMS 0x0000000706a00000, 0x0000000706a00000| Untracked 
|  73|0x0000000706b00000, 0x0000000706b00000, 0x0000000706c00000|  0%| F|  |TAMS 0x0000000706b00000, 0x0000000706b00000| Untracked 
|  74|0x0000000706c00000, 0x0000000706c00000, 0x0000000706d00000|  0%| F|  |TAMS 0x0000000706c00000, 0x0000000706c00000| Untracked 
|  75|0x0000000706d00000, 0x0000000706d00000, 0x0000000706e00000|  0%| F|  |TAMS 0x0000000706d00000, 0x0000000706d00000| Untracked 
|  76|0x0000000706e00000, 0x0000000706e00000, 0x0000000706f00000|  0%| F|  |TAMS 0x0000000706e00000, 0x0000000706e00000| Untracked 
|  77|0x0000000706f00000, 0x0000000706f00000, 0x0000000707000000|  0%| F|  |TAMS 0x0000000706f00000, 0x0000000706f00000| Untracked 
|  78|0x0000000707000000, 0x0000000707000000, 0x0000000707100000|  0%| F|  |TAMS 0x0000000707000000, 0x0000000707000000| Untracked 
|  79|0x0000000707100000, 0x0000000707100000, 0x0000000707200000|  0%| F|  |TAMS 0x0000000707100000, 0x0000000707100000| Untracked 
|  80|0x0000000707200000, 0x0000000707200000, 0x0000000707300000|  0%| F|  |TAMS 0x0000000707200000, 0x0000000707200000| Untracked 
|  81|0x0000000707300000, 0x0000000707300000, 0x0000000707400000|  0%| F|  |TAMS 0x0000000707300000, 0x0000000707300000| Untracked 
|  82|0x0000000707400000, 0x0000000707400000, 0x0000000707500000|  0%| F|  |TAMS 0x0000000707400000, 0x0000000707400000| Untracked 
|  83|0x0000000707500000, 0x0000000707500000, 0x0000000707600000|  0%| F|  |TAMS 0x0000000707500000, 0x0000000707500000| Untracked 
|  84|0x0000000707600000, 0x0000000707600000, 0x0000000707700000|  0%| F|  |TAMS 0x0000000707600000, 0x0000000707600000| Untracked 
|  85|0x0000000707700000, 0x0000000707700000, 0x0000000707800000|  0%| F|  |TAMS 0x0000000707700000, 0x0000000707700000| Untracked 
|  86|0x0000000707800000, 0x0000000707800000, 0x0000000707900000|  0%| F|  |TAMS 0x0000000707800000, 0x0000000707800000| Untracked 
|  87|0x0000000707900000, 0x0000000707900000, 0x0000000707a00000|  0%| F|  |TAMS 0x0000000707900000, 0x0000000707900000| Untracked 
|  88|0x0000000707a00000, 0x0000000707a00000, 0x0000000707b00000|  0%| F|  |TAMS 0x0000000707a00000, 0x0000000707a00000| Untracked 
|  89|0x0000000707b00000, 0x0000000707b00000, 0x0000000707c00000|  0%| F|  |TAMS 0x0000000707b00000, 0x0000000707b00000| Untracked 
|  90|0x0000000707c00000, 0x0000000707c00000, 0x0000000707d00000|  0%| F|  |TAMS 0x0000000707c00000, 0x0000000707c00000| Untracked 
|  91|0x0000000707d00000, 0x0000000707d00000, 0x0000000707e00000|  0%| F|  |TAMS 0x0000000707d00000, 0x0000000707d00000| Untracked 
|  92|0x0000000707e00000, 0x0000000707e00000, 0x0000000707f00000|  0%| F|  |TAMS 0x0000000707e00000, 0x0000000707e00000| Untracked 
|  93|0x0000000707f00000, 0x0000000707f00000, 0x0000000708000000|  0%| F|  |TAMS 0x0000000707f00000, 0x0000000707f00000| Untracked 
|  94|0x0000000708000000, 0x0000000708000000, 0x0000000708100000|  0%| F|  |TAMS 0x0000000708000000, 0x0000000708000000| Untracked 
|  95|0x0000000708100000, 0x0000000708100000, 0x0000000708200000|  0%| F|  |TAMS 0x0000000708100000, 0x0000000708100000| Untracked 
|  96|0x0000000708200000, 0x0000000708200000, 0x0000000708300000|  0%| F|  |TAMS 0x0000000708200000, 0x0000000708200000| Untracked 
|  97|0x0000000708300000, 0x0000000708300000, 0x0000000708400000|  0%| F|  |TAMS 0x0000000708300000, 0x0000000708300000| Untracked 
|  98|0x0000000708400000, 0x0000000708400000, 0x0000000708500000|  0%| F|  |TAMS 0x0000000708400000, 0x0000000708400000| Untracked 
|  99|0x0000000708500000, 0x0000000708500000, 0x0000000708600000|  0%| F|  |TAMS 0x0000000708500000, 0x0000000708500000| Untracked 
| 100|0x0000000708600000, 0x0000000708600000, 0x0000000708700000|  0%| F|  |TAMS 0x0000000708600000, 0x0000000708600000| Untracked 
| 101|0x0000000708700000, 0x0000000708700000, 0x0000000708800000|  0%| F|  |TAMS 0x0000000708700000, 0x0000000708700000| Untracked 
| 102|0x0000000708800000, 0x0000000708800000, 0x0000000708900000|  0%| F|  |TAMS 0x0000000708800000, 0x0000000708800000| Untracked 
| 103|0x0000000708900000, 0x0000000708900000, 0x0000000708a00000|  0%| F|  |TAMS 0x0000000708900000, 0x0000000708900000| Untracked 
| 104|0x0000000708a00000, 0x0000000708a00000, 0x0000000708b00000|  0%| F|  |TAMS 0x0000000708a00000, 0x0000000708a00000| Untracked 
| 105|0x0000000708b00000, 0x0000000708b00000, 0x0000000708c00000|  0%| F|  |TAMS 0x0000000708b00000, 0x0000000708b00000| Untracked 
| 106|0x0000000708c00000, 0x0000000708c00000, 0x0000000708d00000|  0%| F|  |TAMS 0x0000000708c00000, 0x0000000708c00000| Untracked 
| 107|0x0000000708d00000, 0x0000000708d00000, 0x0000000708e00000|  0%| F|  |TAMS 0x0000000708d00000, 0x0000000708d00000| Untracked 
| 108|0x0000000708e00000, 0x0000000708e00000, 0x0000000708f00000|  0%| F|  |TAMS 0x0000000708e00000, 0x0000000708e00000| Untracked 
| 109|0x0000000708f00000, 0x0000000708f00000, 0x0000000709000000|  0%| F|  |TAMS 0x0000000708f00000, 0x0000000708f00000| Untracked 
| 110|0x0000000709000000, 0x0000000709000000, 0x0000000709100000|  0%| F|  |TAMS 0x0000000709000000, 0x0000000709000000| Untracked 
| 111|0x0000000709100000, 0x0000000709100000, 0x0000000709200000|  0%| F|  |TAMS 0x0000000709100000, 0x0000000709100000| Untracked 
| 112|0x0000000709200000, 0x0000000709200000, 0x0000000709300000|  0%| F|  |TAMS 0x0000000709200000, 0x0000000709200000| Untracked 
| 113|0x0000000709300000, 0x0000000709300000, 0x0000000709400000|  0%| F|  |TAMS 0x0000000709300000, 0x0000000709300000| Untracked 
| 114|0x0000000709400000, 0x0000000709400000, 0x0000000709500000|  0%| F|  |TAMS 0x0000000709400000, 0x0000000709400000| Untracked 
| 115|0x0000000709500000, 0x0000000709500000, 0x0000000709600000|  0%| F|  |TAMS 0x0000000709500000, 0x0000000709500000| Untracked 
| 116|0x0000000709600000, 0x0000000709600000, 0x0000000709700000|  0%| F|  |TAMS 0x0000000709600000, 0x0000000709600000| Untracked 
| 117|0x0000000709700000, 0x0000000709700000, 0x0000000709800000|  0%| F|  |TAMS 0x0000000709700000, 0x0000000709700000| Untracked 
| 118|0x0000000709800000, 0x0000000709800000, 0x0000000709900000|  0%| F|  |TAMS 0x0000000709800000, 0x0000000709800000| Untracked 
| 119|0x0000000709900000, 0x0000000709900000, 0x0000000709a00000|  0%| F|  |TAMS 0x0000000709900000, 0x0000000709900000| Untracked 
| 120|0x0000000709a00000, 0x0000000709a00000, 0x0000000709b00000|  0%| F|  |TAMS 0x0000000709a00000, 0x0000000709a00000| Untracked 
| 121|0x0000000709b00000, 0x0000000709b00000, 0x0000000709c00000|  0%| F|  |TAMS 0x0000000709b00000, 0x0000000709b00000| Untracked 
| 122|0x0000000709c00000, 0x0000000709c00000, 0x0000000709d00000|  0%| F|  |TAMS 0x0000000709c00000, 0x0000000709c00000| Untracked 
| 123|0x0000000709d00000, 0x0000000709d00000, 0x0000000709e00000|  0%| F|  |TAMS 0x0000000709d00000, 0x0000000709d00000| Untracked 
| 124|0x0000000709e00000, 0x0000000709e00000, 0x0000000709f00000|  0%| F|  |TAMS 0x0000000709e00000, 0x0000000709e00000| Untracked 
| 125|0x0000000709f00000, 0x0000000709f00000, 0x000000070a000000|  0%| F|  |TAMS 0x0000000709f00000, 0x0000000709f00000| Untracked 
| 126|0x000000070a000000, 0x000000070a000000, 0x000000070a100000|  0%| F|  |TAMS 0x000000070a000000, 0x000000070a000000| Untracked 
| 127|0x000000070a100000, 0x000000070a100000, 0x000000070a200000|  0%| F|  |TAMS 0x000000070a100000, 0x000000070a100000| Untracked 
| 128|0x000000070a200000, 0x000000070a200000, 0x000000070a300000|  0%| F|  |TAMS 0x000000070a200000, 0x000000070a200000| Untracked 
| 129|0x000000070a300000, 0x000000070a300000, 0x000000070a400000|  0%| F|  |TAMS 0x000000070a300000, 0x000000070a300000| Untracked 
| 130|0x000000070a400000, 0x000000070a400000, 0x000000070a500000|  0%| F|  |TAMS 0x000000070a400000, 0x000000070a400000| Untracked 
| 131|0x000000070a500000, 0x000000070a500000, 0x000000070a600000|  0%| F|  |TAMS 0x000000070a500000, 0x000000070a500000| Untracked 
| 132|0x000000070a600000, 0x000000070a600000, 0x000000070a700000|  0%| F|  |TAMS 0x000000070a600000, 0x000000070a600000| Untracked 
| 133|0x000000070a700000, 0x000000070a700000, 0x000000070a800000|  0%| F|  |TAMS 0x000000070a700000, 0x000000070a700000| Untracked 
| 134|0x000000070a800000, 0x000000070a800000, 0x000000070a900000|  0%| F|  |TAMS 0x000000070a800000, 0x000000070a800000| Untracked 
| 135|0x000000070a900000, 0x000000070a900000, 0x000000070aa00000|  0%| F|  |TAMS 0x000000070a900000, 0x000000070a900000| Untracked 
| 136|0x000000070aa00000, 0x000000070aa00000, 0x000000070ab00000|  0%| F|  |TAMS 0x000000070aa00000, 0x000000070aa00000| Untracked 
| 137|0x000000070ab00000, 0x000000070ab00000, 0x000000070ac00000|  0%| F|  |TAMS 0x000000070ab00000, 0x000000070ab00000| Untracked 
| 138|0x000000070ac00000, 0x000000070ac00000, 0x000000070ad00000|  0%| F|  |TAMS 0x000000070ac00000, 0x000000070ac00000| Untracked 
| 139|0x000000070ad00000, 0x000000070ad00000, 0x000000070ae00000|  0%| F|  |TAMS 0x000000070ad00000, 0x000000070ad00000| Untracked 
| 140|0x000000070ae00000, 0x000000070ae00000, 0x000000070af00000|  0%| F|  |TAMS 0x000000070ae00000, 0x000000070ae00000| Untracked 
| 141|0x000000070af00000, 0x000000070af00000, 0x000000070b000000|  0%| F|  |TAMS 0x000000070af00000, 0x000000070af00000| Untracked 
| 142|0x000000070b000000, 0x000000070b000000, 0x000000070b100000|  0%| F|  |TAMS 0x000000070b000000, 0x000000070b000000| Untracked 
| 143|0x000000070b100000, 0x000000070b100000, 0x000000070b200000|  0%| F|  |TAMS 0x000000070b100000, 0x000000070b100000| Untracked 
| 144|0x000000070b200000, 0x000000070b200000, 0x000000070b300000|  0%| F|  |TAMS 0x000000070b200000, 0x000000070b200000| Untracked 
| 145|0x000000070b300000, 0x000000070b300000, 0x000000070b400000|  0%| F|  |TAMS 0x000000070b300000, 0x000000070b300000| Untracked 
| 146|0x000000070b400000, 0x000000070b400000, 0x000000070b500000|  0%| F|  |TAMS 0x000000070b400000, 0x000000070b400000| Untracked 
| 147|0x000000070b500000, 0x000000070b500000, 0x000000070b600000|  0%| F|  |TAMS 0x000000070b500000, 0x000000070b500000| Untracked 
| 148|0x000000070b600000, 0x000000070b600000, 0x000000070b700000|  0%| F|  |TAMS 0x000000070b600000, 0x000000070b600000| Untracked 
| 149|0x000000070b700000, 0x000000070b700000, 0x000000070b800000|  0%| F|  |TAMS 0x000000070b700000, 0x000000070b700000| Untracked 
| 150|0x000000070b800000, 0x000000070b800000, 0x000000070b900000|  0%| F|  |TAMS 0x000000070b800000, 0x000000070b800000| Untracked 
| 151|0x000000070b900000, 0x000000070b900000, 0x000000070ba00000|  0%| F|  |TAMS 0x000000070b900000, 0x000000070b900000| Untracked 
| 152|0x000000070ba00000, 0x000000070ba00000, 0x000000070bb00000|  0%| F|  |TAMS 0x000000070ba00000, 0x000000070ba00000| Untracked 
| 153|0x000000070bb00000, 0x000000070bb00000, 0x000000070bc00000|  0%| F|  |TAMS 0x000000070bb00000, 0x000000070bb00000| Untracked 
| 154|0x000000070bc00000, 0x000000070bc00000, 0x000000070bd00000|  0%| F|  |TAMS 0x000000070bc00000, 0x000000070bc00000| Untracked 
| 155|0x000000070bd00000, 0x000000070bd00000, 0x000000070be00000|  0%| F|  |TAMS 0x000000070bd00000, 0x000000070bd00000| Untracked 
| 156|0x000000070be00000, 0x000000070be00000, 0x000000070bf00000|  0%| F|  |TAMS 0x000000070be00000, 0x000000070be00000| Untracked 
| 157|0x000000070bf00000, 0x000000070bf00000, 0x000000070c000000|  0%| F|  |TAMS 0x000000070bf00000, 0x000000070bf00000| Untracked 
| 158|0x000000070c000000, 0x000000070c000000, 0x000000070c100000|  0%| F|  |TAMS 0x000000070c000000, 0x000000070c000000| Untracked 
| 159|0x000000070c100000, 0x000000070c100000, 0x000000070c200000|  0%| F|  |TAMS 0x000000070c100000, 0x000000070c100000| Untracked 
| 160|0x000000070c200000, 0x000000070c200000, 0x000000070c300000|  0%| F|  |TAMS 0x000000070c200000, 0x000000070c200000| Untracked 
| 161|0x000000070c300000, 0x000000070c300000, 0x000000070c400000|  0%| F|  |TAMS 0x000000070c300000, 0x000000070c300000| Untracked 
| 162|0x000000070c400000, 0x000000070c400000, 0x000000070c500000|  0%| F|  |TAMS 0x000000070c400000, 0x000000070c400000| Untracked 
| 163|0x000000070c500000, 0x000000070c500000, 0x000000070c600000|  0%| F|  |TAMS 0x000000070c500000, 0x000000070c500000| Untracked 
| 164|0x000000070c600000, 0x000000070c600000, 0x000000070c700000|  0%| F|  |TAMS 0x000000070c600000, 0x000000070c600000| Untracked 
| 165|0x000000070c700000, 0x000000070c700000, 0x000000070c800000|  0%| F|  |TAMS 0x000000070c700000, 0x000000070c700000| Untracked 
| 166|0x000000070c800000, 0x000000070c800000, 0x000000070c900000|  0%| F|  |TAMS 0x000000070c800000, 0x000000070c800000| Untracked 
| 167|0x000000070c900000, 0x000000070c900000, 0x000000070ca00000|  0%| F|  |TAMS 0x000000070c900000, 0x000000070c900000| Untracked 
| 168|0x000000070ca00000, 0x000000070ca00000, 0x000000070cb00000|  0%| F|  |TAMS 0x000000070ca00000, 0x000000070ca00000| Untracked 
| 169|0x000000070cb00000, 0x000000070cb00000, 0x000000070cc00000|  0%| F|  |TAMS 0x000000070cb00000, 0x000000070cb00000| Untracked 
| 170|0x000000070cc00000, 0x000000070cc00000, 0x000000070cd00000|  0%| F|  |TAMS 0x000000070cc00000, 0x000000070cc00000| Untracked 
| 171|0x000000070cd00000, 0x000000070cd00000, 0x000000070ce00000|  0%| F|  |TAMS 0x000000070cd00000, 0x000000070cd00000| Untracked 
| 172|0x000000070ce00000, 0x000000070ce00000, 0x000000070cf00000|  0%| F|  |TAMS 0x000000070ce00000, 0x000000070ce00000| Untracked 
| 173|0x000000070cf00000, 0x000000070cf00000, 0x000000070d000000|  0%| F|  |TAMS 0x000000070cf00000, 0x000000070cf00000| Untracked 
| 174|0x000000070d000000, 0x000000070d000000, 0x000000070d100000|  0%| F|  |TAMS 0x000000070d000000, 0x000000070d000000| Untracked 
| 175|0x000000070d100000, 0x000000070d100000, 0x000000070d200000|  0%| F|  |TAMS 0x000000070d100000, 0x000000070d100000| Untracked 
| 176|0x000000070d200000, 0x000000070d200000, 0x000000070d300000|  0%| F|  |TAMS 0x000000070d200000, 0x000000070d200000| Untracked 
| 177|0x000000070d300000, 0x000000070d300000, 0x000000070d400000|  0%| F|  |TAMS 0x000000070d300000, 0x000000070d300000| Untracked 
| 178|0x000000070d400000, 0x000000070d400000, 0x000000070d500000|  0%| F|  |TAMS 0x000000070d400000, 0x000000070d400000| Untracked 
| 179|0x000000070d500000, 0x000000070d500000, 0x000000070d600000|  0%| F|  |TAMS 0x000000070d500000, 0x000000070d500000| Untracked 
| 180|0x000000070d600000, 0x000000070d600000, 0x000000070d700000|  0%| F|  |TAMS 0x000000070d600000, 0x000000070d600000| Untracked 
| 181|0x000000070d700000, 0x000000070d700000, 0x000000070d800000|  0%| F|  |TAMS 0x000000070d700000, 0x000000070d700000| Untracked 
| 182|0x000000070d800000, 0x000000070d800000, 0x000000070d900000|  0%| F|  |TAMS 0x000000070d800000, 0x000000070d800000| Untracked 
| 183|0x000000070d900000, 0x000000070d900000, 0x000000070da00000|  0%| F|  |TAMS 0x000000070d900000, 0x000000070d900000| Untracked 
| 184|0x000000070da00000, 0x000000070da00000, 0x000000070db00000|  0%| F|  |TAMS 0x000000070da00000, 0x000000070da00000| Untracked 
| 185|0x000000070db00000, 0x000000070db00000, 0x000000070dc00000|  0%| F|  |TAMS 0x000000070db00000, 0x000000070db00000| Untracked 
| 186|0x000000070dc00000, 0x000000070dc00000, 0x000000070dd00000|  0%| F|  |TAMS 0x000000070dc00000, 0x000000070dc00000| Untracked 
| 187|0x000000070dd00000, 0x000000070dd00000, 0x000000070de00000|  0%| F|  |TAMS 0x000000070dd00000, 0x000000070dd00000| Untracked 
| 188|0x000000070de00000, 0x000000070de00000, 0x000000070df00000|  0%| F|  |TAMS 0x000000070de00000, 0x000000070de00000| Untracked 
| 189|0x000000070df00000, 0x000000070df00000, 0x000000070e000000|  0%| F|  |TAMS 0x000000070df00000, 0x000000070df00000| Untracked 
| 190|0x000000070e000000, 0x000000070e000000, 0x000000070e100000|  0%| F|  |TAMS 0x000000070e000000, 0x000000070e000000| Untracked 
| 191|0x000000070e100000, 0x000000070e100000, 0x000000070e200000|  0%| F|  |TAMS 0x000000070e100000, 0x000000070e100000| Untracked 
| 192|0x000000070e200000, 0x000000070e200000, 0x000000070e300000|  0%| F|  |TAMS 0x000000070e200000, 0x000000070e200000| Untracked 
| 193|0x000000070e300000, 0x000000070e300000, 0x000000070e400000|  0%| F|  |TAMS 0x000000070e300000, 0x000000070e300000| Untracked 
| 194|0x000000070e400000, 0x000000070e400000, 0x000000070e500000|  0%| F|  |TAMS 0x000000070e400000, 0x000000070e400000| Untracked 
| 195|0x000000070e500000, 0x000000070e500000, 0x000000070e600000|  0%| F|  |TAMS 0x000000070e500000, 0x000000070e500000| Untracked 
| 196|0x000000070e600000, 0x000000070e600000, 0x000000070e700000|  0%| F|  |TAMS 0x000000070e600000, 0x000000070e600000| Untracked 
| 197|0x000000070e700000, 0x000000070e700000, 0x000000070e800000|  0%| F|  |TAMS 0x000000070e700000, 0x000000070e700000| Untracked 
| 198|0x000000070e800000, 0x000000070e800000, 0x000000070e900000|  0%| F|  |TAMS 0x000000070e800000, 0x000000070e800000| Untracked 
| 199|0x000000070e900000, 0x000000070e900000, 0x000000070ea00000|  0%| F|  |TAMS 0x000000070e900000, 0x000000070e900000| Untracked 
| 200|0x000000070ea00000, 0x000000070ea00000, 0x000000070eb00000|  0%| F|  |TAMS 0x000000070ea00000, 0x000000070ea00000| Untracked 
| 201|0x000000070eb00000, 0x000000070eb00000, 0x000000070ec00000|  0%| F|  |TAMS 0x000000070eb00000, 0x000000070eb00000| Untracked 
| 202|0x000000070ec00000, 0x000000070ec00000, 0x000000070ed00000|  0%| F|  |TAMS 0x000000070ec00000, 0x000000070ec00000| Untracked 
| 203|0x000000070ed00000, 0x000000070ed00000, 0x000000070ee00000|  0%| F|  |TAMS 0x000000070ed00000, 0x000000070ed00000| Untracked 
| 204|0x000000070ee00000, 0x000000070ee00000, 0x000000070ef00000|  0%| F|  |TAMS 0x000000070ee00000, 0x000000070ee00000| Untracked 
| 205|0x000000070ef00000, 0x000000070ef00000, 0x000000070f000000|  0%| F|  |TAMS 0x000000070ef00000, 0x000000070ef00000| Untracked 
| 206|0x000000070f000000, 0x000000070f000000, 0x000000070f100000|  0%| F|  |TAMS 0x000000070f000000, 0x000000070f000000| Untracked 
| 207|0x000000070f100000, 0x000000070f100000, 0x000000070f200000|  0%| F|  |TAMS 0x000000070f100000, 0x000000070f100000| Untracked 
| 208|0x000000070f200000, 0x000000070f200000, 0x000000070f300000|  0%| F|  |TAMS 0x000000070f200000, 0x000000070f200000| Untracked 
| 209|0x000000070f300000, 0x000000070f300000, 0x000000070f400000|  0%| F|  |TAMS 0x000000070f300000, 0x000000070f300000| Untracked 
| 210|0x000000070f400000, 0x000000070f400000, 0x000000070f500000|  0%| F|  |TAMS 0x000000070f400000, 0x000000070f400000| Untracked 
| 211|0x000000070f500000, 0x000000070f586a10, 0x000000070f600000| 52%| E|  |TAMS 0x000000070f500000, 0x000000070f500000| Complete 
| 212|0x000000070f600000, 0x000000070f700000, 0x000000070f700000|100%| E|CS|TAMS 0x000000070f600000, 0x000000070f600000| Complete 
| 213|0x000000070f700000, 0x000000070f800000, 0x000000070f800000|100%| E|CS|TAMS 0x000000070f700000, 0x000000070f700000| Complete 
| 214|0x000000070f800000, 0x000000070f900000, 0x000000070f900000|100%| E|CS|TAMS 0x000000070f800000, 0x000000070f800000| Complete 
| 215|0x000000070f900000, 0x000000070fa00000, 0x000000070fa00000|100%| E|CS|TAMS 0x000000070f900000, 0x000000070f900000| Complete 
| 216|0x000000070fa00000, 0x000000070fb00000, 0x000000070fb00000|100%| E|CS|TAMS 0x000000070fa00000, 0x000000070fa00000| Complete 
| 217|0x000000070fb00000, 0x000000070fc00000, 0x000000070fc00000|100%| E|CS|TAMS 0x000000070fb00000, 0x000000070fb00000| Complete 
| 218|0x000000070fc00000, 0x000000070fd00000, 0x000000070fd00000|100%| E|CS|TAMS 0x000000070fc00000, 0x000000070fc00000| Complete 
| 219|0x000000070fd00000, 0x000000070fe00000, 0x000000070fe00000|100%| E|CS|TAMS 0x000000070fd00000, 0x000000070fd00000| Complete 
| 220|0x000000070fe00000, 0x000000070ff00000, 0x000000070ff00000|100%| E|CS|TAMS 0x000000070fe00000, 0x000000070fe00000| Complete 
| 221|0x000000070ff00000, 0x0000000710000000, 0x0000000710000000|100%| E|CS|TAMS 0x000000070ff00000, 0x000000070ff00000| Complete 
| 222|0x0000000710000000, 0x0000000710100000, 0x0000000710100000|100%| E|CS|TAMS 0x0000000710000000, 0x0000000710000000| Complete 
| 223|0x0000000710100000, 0x0000000710200000, 0x0000000710200000|100%| E|CS|TAMS 0x0000000710100000, 0x0000000710100000| Complete 
| 224|0x0000000710200000, 0x0000000710300000, 0x0000000710300000|100%| E|CS|TAMS 0x0000000710200000, 0x0000000710200000| Complete 
| 225|0x0000000710300000, 0x0000000710400000, 0x0000000710400000|100%| E|CS|TAMS 0x0000000710300000, 0x0000000710300000| Complete 
| 226|0x0000000710400000, 0x0000000710500000, 0x0000000710500000|100%| E|CS|TAMS 0x0000000710400000, 0x0000000710400000| Complete 
| 227|0x0000000710500000, 0x0000000710581ac0, 0x0000000710600000| 50%| S|CS|TAMS 0x0000000710500000, 0x0000000710500000| Complete 
| 228|0x0000000710600000, 0x0000000710700000, 0x0000000710700000|100%| S|CS|TAMS 0x0000000710600000, 0x0000000710600000| Complete 
| 229|0x0000000710700000, 0x0000000710800000, 0x0000000710800000|100%| S|CS|TAMS 0x0000000710700000, 0x0000000710700000| Complete 
| 230|0x0000000710800000, 0x0000000710900000, 0x0000000710900000|100%| E|CS|TAMS 0x0000000710800000, 0x0000000710800000| Complete 
| 231|0x0000000710900000, 0x0000000710a00000, 0x0000000710a00000|100%| E|CS|TAMS 0x0000000710900000, 0x0000000710900000| Complete 
| 232|0x0000000710a00000, 0x0000000710b00000, 0x0000000710b00000|100%| E|CS|TAMS 0x0000000710a00000, 0x0000000710a00000| Complete 
| 233|0x0000000710b00000, 0x0000000710c00000, 0x0000000710c00000|100%| E|CS|TAMS 0x0000000710b00000, 0x0000000710b00000| Complete 
| 234|0x0000000710c00000, 0x0000000710d00000, 0x0000000710d00000|100%| E|CS|TAMS 0x0000000710c00000, 0x0000000710c00000| Complete 
| 235|0x0000000710d00000, 0x0000000710e00000, 0x0000000710e00000|100%| E|CS|TAMS 0x0000000710d00000, 0x0000000710d00000| Complete 
| 236|0x0000000710e00000, 0x0000000710f00000, 0x0000000710f00000|100%| E|CS|TAMS 0x0000000710e00000, 0x0000000710e00000| Complete 
| 237|0x0000000710f00000, 0x0000000711000000, 0x0000000711000000|100%| E|CS|TAMS 0x0000000710f00000, 0x0000000710f00000| Complete 
| 238|0x0000000711000000, 0x0000000711100000, 0x0000000711100000|100%| E|CS|TAMS 0x0000000711000000, 0x0000000711000000| Complete 
| 239|0x0000000711100000, 0x0000000711200000, 0x0000000711200000|100%| E|CS|TAMS 0x0000000711100000, 0x0000000711100000| Complete 
| 240|0x0000000711200000, 0x0000000711300000, 0x0000000711300000|100%| E|CS|TAMS 0x0000000711200000, 0x0000000711200000| Complete 
| 241|0x0000000711300000, 0x0000000711400000, 0x0000000711400000|100%| E|CS|TAMS 0x0000000711300000, 0x0000000711300000| Complete 
| 242|0x0000000711400000, 0x0000000711500000, 0x0000000711500000|100%| E|CS|TAMS 0x0000000711400000, 0x0000000711400000| Complete 
| 243|0x0000000711500000, 0x0000000711600000, 0x0000000711600000|100%| E|CS|TAMS 0x0000000711500000, 0x0000000711500000| Complete 
| 244|0x0000000711600000, 0x0000000711700000, 0x0000000711700000|100%| E|CS|TAMS 0x0000000711600000, 0x0000000711600000| Complete 
| 245|0x0000000711700000, 0x0000000711800000, 0x0000000711800000|100%| E|CS|TAMS 0x0000000711700000, 0x0000000711700000| Complete 
| 246|0x0000000711800000, 0x0000000711900000, 0x0000000711900000|100%| E|CS|TAMS 0x0000000711800000, 0x0000000711800000| Complete 
| 247|0x0000000711900000, 0x0000000711a00000, 0x0000000711a00000|100%| E|CS|TAMS 0x0000000711900000, 0x0000000711900000| Complete 
| 248|0x0000000711a00000, 0x0000000711b00000, 0x0000000711b00000|100%| E|CS|TAMS 0x0000000711a00000, 0x0000000711a00000| Complete 
| 249|0x0000000711b00000, 0x0000000711c00000, 0x0000000711c00000|100%| E|CS|TAMS 0x0000000711b00000, 0x0000000711b00000| Complete 
| 250|0x0000000711c00000, 0x0000000711d00000, 0x0000000711d00000|100%| E|CS|TAMS 0x0000000711c00000, 0x0000000711c00000| Complete 
| 251|0x0000000711d00000, 0x0000000711e00000, 0x0000000711e00000|100%| E|CS|TAMS 0x0000000711d00000, 0x0000000711d00000| Complete 
| 252|0x0000000711e00000, 0x0000000711f00000, 0x0000000711f00000|100%| E|CS|TAMS 0x0000000711e00000, 0x0000000711e00000| Complete 
| 253|0x0000000711f00000, 0x0000000712000000, 0x0000000712000000|100%| E|CS|TAMS 0x0000000711f00000, 0x0000000711f00000| Complete 

Card table byte_map: [0x0000013bbb7a0000,0x0000013bbbf90000] _byte_map_base: 0x0000013bb7f8f000

Marking Bits (Prev, Next): (CMBitMap*) 0x0000013ba17a5cb8, (CMBitMap*) 0x0000013ba17a5cf8
 Prev Bits: [0x0000013bbc780000, 0x0000013bc06f8000)
 Next Bits: [0x0000013bc0700000, 0x0000013bc4678000)

Polling page: 0x0000013ba1510000

Metaspace:

Usage:
  Non-class:      8.92 MB capacity,     6.50 MB ( 73%) used,     2.41 MB ( 27%) free+waste,     8.44 KB ( <1%) overhead. 
      Class:    650.00 KB capacity,   359.66 KB ( 55%) used,   287.46 KB ( 44%) free+waste,     2.88 KB ( <1%) overhead. 
       Both:      9.55 MB capacity,     6.85 MB ( 72%) used,     2.69 MB ( 28%) free+waste,    11.31 KB ( <1%) overhead. 

Virtual space:
  Non-class space:       10.00 MB reserved,       9.00 MB ( 90%) committed 
      Class space:        1.00 GB reserved,     768.00 KB ( <1%) committed 
             Both:        1.01 GB reserved,       9.75 MB ( <1%) committed 

Chunk freelists:
   Non-Class:  85.00 KB
       Class:  22.00 KB
        Both:  107.00 KB

MaxMetaspaceSize: 17179869184.00 GB
CompressedClassSpaceSize: 1.00 GB

CodeHeap 'non-profiled nmethods': size=120000Kb used=500Kb max_used=500Kb free=119500Kb
 bounds [0x0000013bb2ed0000, 0x0000013bb3140000, 0x0000013bba400000]
CodeHeap 'profiled nmethods': size=120000Kb used=1981Kb max_used=1981Kb free=118018Kb
 bounds [0x0000013bab9a0000, 0x0000013babc10000, 0x0000013bb2ed0000]
CodeHeap 'non-nmethods': size=5760Kb used=1613Kb max_used=1647Kb free=4146Kb
 bounds [0x0000013bab400000, 0x0000013bab670000, 0x0000013bab9a0000]
 total_blobs=2591 nmethods=1002 adapters=914
 compilation: enabled
              stopped_count=0, restarted_count=0
 full_count=0

Compilation events (20 events):
Event: 2.253 Thread 0x0000013bc7aa7000  990       3       java.lang.Integer::parseInt (7 bytes)
Event: 2.253 Thread 0x0000013bc7aa7000 nmethod 990 0x0000013babb8d810 code [0x0000013babb8d9c0, 0x0000013babb8db30]
Event: 2.255 Thread 0x0000013bc9271800 nmethod 989 0x0000013bb2f49090 code [0x0000013bb2f49220, 0x0000013bb2f493d8]
Event: 2.256 Thread 0x0000013bc7aa6000 nmethod 969 0x0000013bb2f49610 code [0x0000013bb2f497c0, 0x0000013bb2f49fe8]
Event: 2.263 Thread 0x0000013bc7aa6000  992       4       java.util.concurrent.ConcurrentHashMap::get (162 bytes)
Event: 2.264 Thread 0x0000013bc7aa7000  993       3       jdk.internal.misc.Unsafe::getAndAddLong (27 bytes)
Event: 2.264 Thread 0x0000013bc7aa7000 nmethod 993 0x0000013babb8dc10 code [0x0000013babb8ddc0, 0x0000013babb8e098]
Event: 2.264 Thread 0x0000013bc9271800  996       4       java.nio.ByteBuffer::position (8 bytes)
Event: 2.264 Thread 0x0000013bc7aa7000  994       3       jdk.internal.misc.Unsafe::weakCompareAndSetLong (11 bytes)
Event: 2.264 Thread 0x0000013bc7aa7000 nmethod 994 0x0000013babb8e190 code [0x0000013babb8e320, 0x0000013babb8e4b8]
Event: 2.264 Thread 0x0000013bc7aa7000  995       1       java.util.concurrent.atomic.AtomicLong::get (5 bytes)
Event: 2.264 Thread 0x0000013bc7aa7000 nmethod 995 0x0000013bb2f4a490 code [0x0000013bb2f4a620, 0x0000013bb2f4a758]
Event: 2.265 Thread 0x0000013bc9271800 nmethod 996 0x0000013bb2f4a810 code [0x0000013bb2f4a9a0, 0x0000013bb2f4aa78]
Event: 2.265 Thread 0x0000013bc9271800  997   !   4       java.util.zip.Inflater::inflate (418 bytes)
Event: 2.266 Thread 0x0000013bc7aa7000  999       3       org.newdawn.slick.opengl.PNGDecoder::readInt (43 bytes)
Event: 2.266 Thread 0x0000013bc7aa7000 nmethod 999 0x0000013babb8e590 code [0x0000013babb8e740, 0x0000013babb8e978]
Event: 2.269 Thread 0x0000013bc7aa7000 1000       3       java.util.concurrent.ConcurrentHashMap$Node::<init> (14 bytes)
Event: 2.269 Thread 0x0000013bc7aa7000 nmethod 1000 0x0000013babb8ea90 code [0x0000013babb8ec40, 0x0000013babb8efb8]
Event: 2.270 Thread 0x0000013bc7aa7000 1002       3       org.lwjgl.system.MemoryUtil::address (10 bytes)
Event: 2.270 Thread 0x0000013bc7aa7000 nmethod 1002 0x0000013babb8f090 code [0x0000013babb8f240, 0x0000013babb8f4d8]

GC Heap History (2 events):
Event: 1.780 GC heap before
{Heap before GC invocations=0 (full 0):
 garbage-first heap   total 260096K, used 23552K [0x0000000702200000, 0x0000000800000000)
  region size 1024K, 24 young (24576K), 0 survivors (0K)
 Metaspace       used 2818K, capacity 6072K, committed 6272K, reserved 1056768K
  class space    used 183K, capacity 517K, committed 640K, reserved 1048576K
}
Event: 1.785 GC heap after
{Heap after GC invocations=1 (full 0):
 garbage-first heap   total 260096K, used 2566K [0x0000000702200000, 0x0000000800000000)
  region size 1024K, 3 young (3072K), 3 survivors (3072K)
 Metaspace       used 2818K, capacity 6072K, committed 6272K, reserved 1056768K
  class space    used 183K, capacity 517K, committed 640K, reserved 1048576K
}

Deoptimization events (20 events):
Event: 2.191 Thread 0x0000013ba1739000 DEOPT PACKING pc=0x0000013babb6e114 sp=0x000000388f6ff080
Event: 2.191 Thread 0x0000013ba1739000 DEOPT UNPACKING pc=0x0000013bab44964e sp=0x000000388f6fe520 mode 0
Event: 2.192 Thread 0x0000013ba1739000 DEOPT PACKING pc=0x0000013babb6e114 sp=0x000000388f6ff080
Event: 2.192 Thread 0x0000013ba1739000 DEOPT UNPACKING pc=0x0000013bab44964e sp=0x000000388f6fe520 mode 0
Event: 2.192 Thread 0x0000013ba1739000 DEOPT PACKING pc=0x0000013babb6e114 sp=0x000000388f6ff080
Event: 2.192 Thread 0x0000013ba1739000 DEOPT UNPACKING pc=0x0000013bab44964e sp=0x000000388f6fe520 mode 0
Event: 2.193 Thread 0x0000013ba1739000 DEOPT PACKING pc=0x0000013babb6e114 sp=0x000000388f6ff080
Event: 2.193 Thread 0x0000013ba1739000 DEOPT UNPACKING pc=0x0000013bab44964e sp=0x000000388f6fe520 mode 0
Event: 2.193 Thread 0x0000013ba1739000 DEOPT PACKING pc=0x0000013babb6e114 sp=0x000000388f6ff080
Event: 2.193 Thread 0x0000013ba1739000 DEOPT UNPACKING pc=0x0000013bab44964e sp=0x000000388f6fe520 mode 0
Event: 2.194 Thread 0x0000013ba1739000 DEOPT PACKING pc=0x0000013babb6e114 sp=0x000000388f6ff080
Event: 2.194 Thread 0x0000013ba1739000 DEOPT UNPACKING pc=0x0000013bab44964e sp=0x000000388f6fe520 mode 0
Event: 2.234 Thread 0x0000013ba1739000 DEOPT PACKING pc=0x0000013babb6b367 sp=0x000000388f6ff050
Event: 2.234 Thread 0x0000013ba1739000 DEOPT UNPACKING pc=0x0000013bab44964e sp=0x000000388f6fe4e0 mode 0
Event: 2.234 Thread 0x0000013ba1739000 DEOPT PACKING pc=0x0000013babb6b367 sp=0x000000388f6ff050
Event: 2.234 Thread 0x0000013ba1739000 DEOPT UNPACKING pc=0x0000013bab44964e sp=0x000000388f6fe4e0 mode 0
Event: 2.234 Thread 0x0000013ba1739000 DEOPT PACKING pc=0x0000013babb6b367 sp=0x000000388f6ff050
Event: 2.234 Thread 0x0000013ba1739000 DEOPT UNPACKING pc=0x0000013bab44964e sp=0x000000388f6fe4e0 mode 0
Event: 2.235 Thread 0x0000013ba1739000 DEOPT PACKING pc=0x0000013babb6b367 sp=0x000000388f6ff050
Event: 2.235 Thread 0x0000013ba1739000 DEOPT UNPACKING pc=0x0000013bab44964e sp=0x000000388f6fe4e0 mode 0

Classes unloaded (0 events):
No events

Classes redefined (0 events):
No events

Internal exceptions (5 events):
Event: 0.252 Thread 0x0000013ba1739000 Exception <a 'java/lang/NoSuchMethodError'{0x000000071165a7d0}: 'void java.lang.invoke.DelegatingMethodHandle$Holder.delegate(java.lang.Object, java.lang.Object, int, java.lang.Object)'> (0x000000071165a7d0) 
thrown [t:/workspace/open/src/hotspot/share/interpreter/linkResolver.cpp, line 767]
Event: 0.254 Thread 0x0000013ba1739000 Exception <a 'java/lang/NoSuchMethodError'{0x0000000711661528}: 'java.lang.Object java.lang.invoke.DirectMethodHandle$Holder.invokeStaticInit(java.lang.Object, java.lang.Object, java.lang.Object)'> (0x0000000711661528) 
thrown [t:/workspace/open/src/hotspot/share/interpreter/linkResolver.cpp, line 767]
Event: 0.446 Thread 0x0000013ba1739000 Exception <a 'java/lang/NoSuchMethodError'{0x0000000710fc0818}: 'int java.lang.invoke.DirectMethodHandle$Holder.invokeSpecialIFC(java.lang.Object, java.lang.Object, int)'> (0x0000000710fc0818) 
thrown [t:/workspace/open/src/hotspot/share/interpreter/linkResolver.cpp, line 767]
Event: 1.816 Thread 0x0000013ba1739000 Exception <a 'sun/nio/fs/WindowsException'{0x0000000711e31810}> (0x0000000711e31810) 
thrown [t:/workspace/open/src/hotspot/share/prims/jni.cpp, line 598]
Event: 1.816 Thread 0x0000013ba1739000 Exception <a 'sun/nio/fs/WindowsException'{0x0000000711e31cf0}> (0x0000000711e31cf0) 
thrown [t:/workspace/open/src/hotspot/share/prims/jni.cpp, line 598]

Events (20 events):
Event: 2.263 loading class Items/RestoreSPItem
Event: 2.263 loading class Items/RestoreSPItem done
Event: 2.266 loading class battleClasses/BattleEntity
Event: 2.266 loading class battleClasses/BattleEntity done
Event: 2.267 loading class Data/Pcs
Event: 2.267 loading class Data/Pcs done
Event: 2.268 loading class battleClasses/TimedButton
Event: 2.268 loading class battleClasses/TimedButton done
Event: 2.268 loading class battleClasses/TimedButtonPress
Event: 2.268 loading class battleClasses/TimedButtonPress done
Event: 2.268 loading class battleClasses/TimedButtonCombo
Event: 2.268 loading class battleClasses/TimedButtonCombo done
Event: 2.269 loading class ScripterCommands/Commands
Event: 2.269 loading class ScripterCommands/Commands done
Event: 2.269 loading class ScripterCommands/DrawModel
Event: 2.269 loading class ScripterCommands/DrawModel done
Event: 2.270 loading class battleClasses/TimedButtonHold
Event: 2.270 loading class battleClasses/TimedButtonHold done
Event: 2.270 loading class java/nio/HeapFloatBuffer
Event: 2.271 loading class java/nio/HeapFloatBuffer done


Dynamic libraries:
0x00007ff61a540000 - 0x00007ff61a54f000 	C:\Program Files\Java\jdk-13.0.2\bin\javaw.exe
0x00007fffd2680000 - 0x00007fffd2870000 	C:\WINDOWS\SYSTEM32\ntdll.dll
0x00007fffd1790000 - 0x00007fffd1842000 	C:\WINDOWS\System32\KERNEL32.DLL
0x00007fffcf7f0000 - 0x00007fffcfa94000 	C:\WINDOWS\System32\KERNELBASE.dll
0x00007fffcfaa0000 - 0x00007fffcfb9a000 	C:\WINDOWS\System32\ucrtbase.dll
0x00007fffc7070000 - 0x00007fffc7088000 	C:\Program Files\Java\jdk-13.0.2\bin\jli.dll
0x00007fffb9b40000 - 0x00007fffb9b55000 	C:\Program Files\Java\jdk-13.0.2\bin\VCRUNTIME140.dll
0x00007fffd07c0000 - 0x00007fffd0863000 	C:\WINDOWS\System32\ADVAPI32.dll
0x00007fffd1180000 - 0x00007fffd121e000 	C:\WINDOWS\System32\msvcrt.dll
0x00007fffd25a0000 - 0x00007fffd2637000 	C:\WINDOWS\System32\sechost.dll
0x00007fffd0f90000 - 0x00007fffd10b0000 	C:\WINDOWS\System32\RPCRT4.dll
0x00007fffd0ae0000 - 0x00007fffd0c74000 	C:\WINDOWS\System32\USER32.dll
0x00007fffcf610000 - 0x00007fffcf631000 	C:\WINDOWS\System32\win32u.dll
0x00007fffd0e50000 - 0x00007fffd0e76000 	C:\WINDOWS\System32\GDI32.dll
0x00007fffcea20000 - 0x00007fffceca4000 	C:\WINDOWS\WinSxS\amd64_microsoft.windows.common-controls_6595b64144ccf1df_6.0.18362.836_none_e6c4b943130f18ed\COMCTL32.dll
0x00007fffd04b0000 - 0x00007fffd0644000 	C:\WINDOWS\System32\gdi32full.dll
0x00007fffd20a0000 - 0x00007fffd23d6000 	C:\WINDOWS\System32\combase.dll
0x00007fffd0410000 - 0x00007fffd04ae000 	C:\WINDOWS\System32\msvcp_win.dll
0x00007fffcfbf0000 - 0x00007fffcfc70000 	C:\WINDOWS\System32\bcryptPrimitives.dll
0x00007fffc4b40000 - 0x00007fffc4b4a000 	C:\WINDOWS\SYSTEM32\VERSION.dll
0x00007fffd0730000 - 0x00007fffd075e000 	C:\WINDOWS\System32\IMM32.DLL
0x00007fff9bfc0000 - 0x00007fff9c05b000 	C:\Program Files\Java\jdk-13.0.2\bin\msvcp140.dll
0x00007fff441a0000 - 0x00007fff44cfd000 	C:\Program Files\Java\jdk-13.0.2\bin\server\jvm.dll
0x00007fffd1780000 - 0x00007fffd1788000 	C:\WINDOWS\System32\PSAPI.DLL
0x00007fffcafb0000 - 0x00007fffcafb9000 	C:\WINDOWS\SYSTEM32\WSOCK32.dll
0x00007fffcc230000 - 0x00007fffcc254000 	C:\WINDOWS\SYSTEM32\WINMM.dll
0x00007fffd1710000 - 0x00007fffd177f000 	C:\WINDOWS\System32\WS2_32.dll
0x00007fffcc1d0000 - 0x00007fffcc1fd000 	C:\WINDOWS\SYSTEM32\winmmbase.dll
0x00007fffcfba0000 - 0x00007fffcfbea000 	C:\WINDOWS\System32\cfgmgr32.dll
0x00007fffcf570000 - 0x00007fffcf581000 	C:\WINDOWS\System32\kernel.appcore.dll
0x00007fffcad80000 - 0x00007fffcad90000 	C:\Program Files\Java\jdk-13.0.2\bin\verify.dll
0x00007fffcf060000 - 0x00007fffcf254000 	C:\WINDOWS\SYSTEM32\DBGHELP.DLL
0x00007fffcedd0000 - 0x00007fffcedfa000 	C:\WINDOWS\SYSTEM32\dbgcore.DLL
0x00007fffa21e0000 - 0x00007fffa2206000 	C:\Program Files\Java\jdk-13.0.2\bin\java.dll
0x00007fffacad0000 - 0x00007fffacae7000 	C:\Program Files\Java\jdk-13.0.2\bin\zip.dll
0x00007fffcabd0000 - 0x00007fffcabda000 	C:\Program Files\Java\jdk-13.0.2\bin\jimage.dll
0x00007fffd1850000 - 0x00007fffd1f34000 	C:\WINDOWS\System32\SHELL32.dll
0x00007fffd0e80000 - 0x00007fffd0f29000 	C:\WINDOWS\System32\shcore.dll
0x00007fffcfc90000 - 0x00007fffd040e000 	C:\WINDOWS\System32\windows.storage.dll
0x00007fffcf590000 - 0x00007fffcf5b3000 	C:\WINDOWS\System32\profapi.dll
0x00007fffcf5c0000 - 0x00007fffcf60a000 	C:\WINDOWS\System32\powrprof.dll
0x00007fffcf540000 - 0x00007fffcf550000 	C:\WINDOWS\System32\UMPDC.dll
0x00007fffd0760000 - 0x00007fffd07b2000 	C:\WINDOWS\System32\shlwapi.dll
0x00007fffcfc70000 - 0x00007fffcfc87000 	C:\WINDOWS\System32\cryptsp.dll
0x00007fffc8580000 - 0x00007fffc8599000 	C:\Program Files\Java\jdk-13.0.2\bin\net.dll
0x00007fffc0b20000 - 0x00007fffc0c10000 	C:\WINDOWS\SYSTEM32\WINHTTP.dll
0x00007fffce730000 - 0x00007fffce797000 	C:\WINDOWS\system32\mswsock.dll
0x00007fffbc590000 - 0x00007fffbc5a3000 	C:\Program Files\Java\jdk-13.0.2\bin\nio.dll
0x00007fff9a5a0000 - 0x00007fff9a600000 	C:\Users\jtkom\AppData\Local\Temp\lwjgljtkom\3.2.1-build-3\lwjgl.dll
0x00007fff93700000 - 0x00007fff93814000 	C:\Users\jtkom\AppData\Local\Temp\lwjgljtkom\3.2.1-build-3\OpenAL.dll
0x00007fffd0870000 - 0x00007fffd09c7000 	C:\WINDOWS\System32\ole32.dll
0x00007fffd0a30000 - 0x00007fffd0ad2000 	C:\WINDOWS\System32\clbcatq.dll
0x00007fffc9410000 - 0x00007fffc9482000 	C:\WINDOWS\System32\MMDevApi.dll
0x00007fffcf340000 - 0x00007fffcf36a000 	C:\WINDOWS\System32\DEVOBJ.dll
0x00007fffc96c0000 - 0x00007fffc981d000 	C:\WINDOWS\SYSTEM32\AUDIOSES.DLL
0x00007fffd1fc0000 - 0x00007fffd2084000 	C:\WINDOWS\System32\OLEAUT32.dll
0x00007fffc9f00000 - 0x00007fffca053000 	C:\WINDOWS\SYSTEM32\wintypes.dll
0x00007fffccd90000 - 0x00007fffccda4000 	C:\WINDOWS\SYSTEM32\resourcepolicyclient.dll
0x00007fff9a440000 - 0x00007fff9a49e000 	C:\Users\jtkom\AppData\Local\Temp\lwjgljtkom\3.2.1-build-3\glfw.dll
0x00007fffcca50000 - 0x00007fffccae9000 	C:\WINDOWS\system32\uxtheme.dll
0x00007fff9b970000 - 0x00007fff9b9b3000 	C:\WINDOWS\SYSTEM32\dinput8.dll
0x00007fffaae40000 - 0x00007fffaae51000 	C:\WINDOWS\SYSTEM32\xinput1_4.dll
0x00007fffcce80000 - 0x00007fffccead000 	C:\WINDOWS\SYSTEM32\dwmapi.dll
0x00007fffc1430000 - 0x00007fffc154b000 	C:\WINDOWS\SYSTEM32\inputhost.dll
0x00007fffc9950000 - 0x00007fffc9c7a000 	C:\WINDOWS\SYSTEM32\CoreUIComponents.dll
0x00007fffcc5d0000 - 0x00007fffcc6a4000 	C:\WINDOWS\SYSTEM32\CoreMessaging.dll
0x00007fffcf020000 - 0x00007fffcf051000 	C:\WINDOWS\SYSTEM32\ntmarta.dll
0x00007fffcb090000 - 0x00007fffcb180000 	C:\WINDOWS\SYSTEM32\PROPSYS.dll
0x00007fffd2460000 - 0x00007fffd2596000 	C:\WINDOWS\System32\MSCTF.dll
0x00007fff91940000 - 0x00007fff91a4d000 	C:\Program Files (x86)\Razer\Razer Cortex\x64\k_fps64.dll
0x00007fff7d010000 - 0x00007fff7d067000 	C:\Program Files (x86)\Razer\Razer Cortex\x64\EasyHook64.dll
0x00007fff7cf90000 - 0x00007fff7d00f000 	C:\Program Files (x86)\Razer\Razer Cortex\x64\d3dx10_43.dll
0x00007fffa18e0000 - 0x00007fffa1a36000 	C:\WINDOWS\SYSTEM32\OPENGL32.dll
0x00007fff7d070000 - 0x00007fff7d2df000 	C:\Program Files (x86)\Razer\Razer Cortex\x64\D3DCOMPILER_43.dll
0x00007fff7cd20000 - 0x00007fff7cf83000 	C:\Program Files (x86)\Razer\Razer Cortex\x64\d3dx9_43.dll
0x00007fffa2710000 - 0x00007fffa273c000 	C:\WINDOWS\SYSTEM32\GLU32.dll
0x00007fffcdb20000 - 0x00007fffcdb40000 	C:\WINDOWS\SYSTEM32\dxcore.dll
0x00007fffcd450000 - 0x00007fffcd45e000 	C:\WINDOWS\SYSTEM32\HID.DLL
0x00007fffd12a0000 - 0x00007fffd1710000 	C:\WINDOWS\System32\SETUPAPI.DLL
0x00007fffd0700000 - 0x00007fffd0726000 	C:\WINDOWS\System32\bcrypt.dll
0x00007fffcf790000 - 0x00007fffcf7ec000 	C:\WINDOWS\System32\WINTRUST.dll
0x00007fffcf550000 - 0x00007fffcf562000 	C:\WINDOWS\System32\MSASN1.dll
0x00007fffcf640000 - 0x00007fffcf789000 	C:\WINDOWS\System32\CRYPT32.dll
0x00007fff41a70000 - 0x00007fff44194000 	C:\WINDOWS\System32\DriverStore\FileRepository\nvlti.inf_amd64_8156ccdc8580286a\nvoglv64.dll
0x00007fffcb1e0000 - 0x00007fffcb1f3000 	C:\WINDOWS\SYSTEM32\WTSAPI32.dll
0x00007fff91290000 - 0x00007fff91547000 	C:\WINDOWS\system32\nvspcap64.dll
0x00007fffcdf70000 - 0x00007fffcdfc6000 	C:\WINDOWS\SYSTEM32\WINSTA.dll
0x00007fffcdbb0000 - 0x00007fffcdc9b000 	C:\WINDOWS\SYSTEM32\dxgi.dll
0x00007fffcbd90000 - 0x00007fffcbfeb000 	C:\WINDOWS\SYSTEM32\d3d11.dll
0x00007fffa0650000 - 0x00007fffa073f000 	C:\WINDOWS\System32\DriverStore\FileRepository\nvlti.inf_amd64_8156ccdc8580286a\nvldumdx.dll
0x00007fffc55c0000 - 0x00007fffc55ef000 	C:\WINDOWS\SYSTEM32\cryptnet.dll
0x00007fffce900000 - 0x00007fffce90c000 	C:\WINDOWS\SYSTEM32\cryptbase.dll
0x00007fffd0c80000 - 0x00007fffd0c9d000 	C:\WINDOWS\System32\imagehlp.dll
0x00007fffce2a0000 - 0x00007fffce2d3000 	C:\WINDOWS\system32\rsaenh.dll
0x00007fff7f5c0000 - 0x00007fff81d94000 	C:\WINDOWS\System32\DriverStore\FileRepository\nvlti.inf_amd64_8156ccdc8580286a\nvwgf2umx.dll
0x00007fffbdc80000 - 0x00007fffbe166000 	C:\WINDOWS\SYSTEM32\nvapi64.dll
0x00007fffc4be0000 - 0x00007fffc4c7e000 	C:\WINDOWS\System32\TextInputFramework.dll
0x00007fffbf680000 - 0x00007fffbf926000 	C:\WINDOWS\System32\iertutil.dll
0x00007fff94fa0000 - 0x00007fff94ffa000 	C:\Users\jtkom\AppData\Local\Temp\lwjgljtkom\3.2.1-build-3\lwjgl_opengl.dll

dbghelp: loaded successfully - version: 4.0.5 - missing functions: none
symbol engine: initialized successfully - sym options: 0x614 - pdb path: .;C:\Program Files\Java\jdk-13.0.2\bin;C:\WINDOWS\SYSTEM32;C:\WINDOWS\WinSxS\amd64_microsoft.windows.common-controls_6595b64144ccf1df_6.0.18362.836_none_e6c4b943130f18ed;C:\Program Files\Java\jdk-13.0.2\bin\server;C:\Users\jtkom\AppData\Local\Temp\lwjgljtkom\3.2.1-build-3;C:\Program Files (x86)\Razer\Razer Cortex\x64;C:\WINDOWS\System32\DriverStore\FileRepository\nvlti.inf_amd64_8156ccdc8580286a

VM Arguments:
jvm_args: -Dfile.encoding=Cp1252 
java_command: gameEngine.Start
java_class_path (initial): D:\game3\Game\src;D:\game3\Game\libwin\slick-util.jar;D:\game3\Game\libwin\lwjgl-zstd-sources.jar;D:\game3\Game\libwin\lwjgl-zstd-natives-windows.jar;D:\game3\Game\libwin\lwjgl-zstd-javadoc.jar;D:\game3\Game\libwin\lwjgl-zstd.jar;D:\game3\Game\libwin\lwjgl-yoga-sources.jar;D:\game3\Game\libwin\lwjgl-yoga-natives-windows.jar;D:\game3\Game\libwin\lwjgl-yoga-javadoc.jar;D:\game3\Game\libwin\lwjgl-yoga.jar;D:\game3\Game\libwin\lwjgl-xxhash-sources.jar;D:\game3\Game\libwin\lwjgl-xxhash-natives-windows.jar;D:\game3\Game\libwin\lwjgl-xxhash-javadoc.jar;D:\game3\Game\libwin\lwjgl-xxhash.jar;D:\game3\Game\libwin\lwjgl-vulkan-sources.jar;D:\game3\Game\libwin\lwjgl-vulkan-javadoc.jar;D:\game3\Game\libwin\lwjgl-vulkan.jar;D:\game3\Game\libwin\lwjgl-vma-sources.jar;D:\game3\Game\libwin\lwjgl-vma-natives-windows.jar;D:\game3\Game\libwin\lwjgl-vma-javadoc.jar;D:\game3\Game\libwin\lwjgl-vma.jar;D:\game3\Game\libwin\lwjgl-tootle-sources.jar;D:\game3\Game\libwin\lwjgl-tootle-natives-windows.jar;D:\game3\Game\libwin\lwjgl-tootle-javadoc.jar;D:\game3\Game\libwin\lwjgl-tootle.jar;D:\game3\Game\libwin\lwjgl-tinyfd-sources.jar;D:\game3\Game\libwin\lwjgl-tinyfd-natives-windows.jar;D:\game3\Game\libwin\lwjgl-tinyfd-javadoc.jar;D:\game3\Game\libwin\lwjgl-tinyfd.jar;D:\game3\Game\libwin\lwjgl-tinyexr-sources.jar;D:\game3\Game\libwin\lwjgl-tinyexr-natives-windows.jar;D:\game3\Game\libwin\lwjgl-tinyexr-javadoc.jar;D:\game3\Game\libwin\lwjgl-tinyexr.jar;D:\game3\Game\libwin\lwjgl-stb-sources.jar;D:\game3\Game\libwin\lwjgl-stb-natives-windows.jar;D:\game3\Game\libwin\lwjgl-stb-javadoc.jar;D:\game3\Game\libwin\lwjgl-stb.jar;D:\game3\Game\libwin\lwjgl-sse-sources.jar;D:\game3\Game\libwin\lwjgl-sse-natives-windows.jar;D:\game3\Game\libwin\lwjgl-sse-javadoc.jar;D:\game3\Game\libwin\lwjgl-sse.jar;D:\game3\Game\libwin\lwjgl-sources.jar;D:\game3\Game\libwin\lwjgl-rpmalloc-sources.jar;D:\game3\Game\libwin\lwjgl-rpmalloc-natives-windows.jar;D:\game3\Game\libwin\lwjgl-rpmalloc-
Launcher Type: SUN_STANDARD

[Global flags]
     intx CICompilerCount                          = 4                                         {product} {ergonomic}
     uint ConcGCThreads                            = 2                                         {product} {ergonomic}
     uint G1ConcRefinementThreads                  = 8                                         {product} {ergonomic}
   size_t G1HeapRegionSize                         = 1048576                                   {product} {ergonomic}
    uintx GCDrainStackTargetSize                   = 64                                        {product} {ergonomic}
   size_t InitialHeapSize                          = 266338304                                 {product} {ergonomic}
   size_t MarkStackSize                            = 4194304                                   {product} {ergonomic}
   size_t MaxHeapSize                              = 4259315712                                {product} {ergonomic}
   size_t MaxNewSize                               = 2555379712                                {product} {ergonomic}
   size_t MinHeapDeltaBytes                        = 1048576                                   {product} {ergonomic}
   size_t MinHeapSize                              = 8388608                                   {product} {ergonomic}
    uintx NonNMethodCodeHeapSize                   = 5839372                                {pd product} {ergonomic}
    uintx NonProfiledCodeHeapSize                  = 122909434                              {pd product} {ergonomic}
    uintx ProfiledCodeHeapSize                     = 122909434                              {pd product} {ergonomic}
    uintx ReservedCodeCacheSize                    = 251658240                              {pd product} {ergonomic}
     bool SegmentedCodeCache                       = true                                      {product} {ergonomic}
   size_t SoftMaxHeapSize                          = 4259315712                             {manageable} {ergonomic}
     bool UseCompressedClassPointers               = true                                 {lp64_product} {ergonomic}
     bool UseCompressedOops                        = true                                 {lp64_product} {ergonomic}
     bool UseG1GC                                  = true                                      {product} {ergonomic}
     bool UseLargePagesIndividualAllocation        = false                                  {pd product} {ergonomic}

Logging:
Log output configuration:
 #0: stdout all=warning uptime,level,tags
 #1: stderr all=off uptime,level,tags

Environment Variables:
PATH=C:/Program Files/Java/jdk-13.0.2/bin/server;C:/Program Files/Java/jdk-13.0.2/bin;C:\MY_CPU_ASSEMBLER\MY_CPU_ASSEMBLER\bin\Release;C:\Program Files\Intel\Intel(R) Management Engine Components\iCLS\;C:\Windows\system32;C:\Windows;C:\Windows\System32\Wbem;C:\Windows\System32\WindowsPowerShell\v1.0\;C:\Windows\System32\OpenSSH\;C:\Program Files (x86)\Intel\Intel(R) Management Engine Components\DAL;C:\Program Files\Intel\Intel(R) Management Engine Components\DAL;C:\Program Files (x86)\Intel\Intel(R) Management Engine Components\IPT;C:\Program Files\Intel\Intel(R) Management Engine Components\IPT;C:\WINDOWS\system32;C:\WINDOWS;C:\WINDOWS\System32\Wbem;C:\WINDOWS\System32\WindowsPowerShell\v1.0\;C:\WINDOWS\System32\OpenSSH\;C:\Program Files\NVIDIA Corporation\NVIDIA NvDLISR;C:\Program Files (x86)\NVIDIA Corporation\PhysX\Common;C:\Program Files\Java\jdk-13.0.2\bin\;C:\MinGW\bin;C:\Program Files (x86)\Vim\vim82;C:\Program Files\dotnet\;C:\Program Files\Git\cmd;C:\Program Files (x86)\QuickTime\QTSystem\;C:\Program Files\CMake\bin;C:\Users\jtkom\AppData\Local\Microsoft\WindowsApps;C:\Users\jtkom\AppData\Local\GitHubDesktop\bin;C:\CodeRepository\eclipse;
USERNAME=jtkom
OS=Windows_NT
PROCESSOR_IDENTIFIER=Intel64 Family 6 Model 158 Stepping 9, GenuineIntel



---------------  S Y S T E M  ---------------

OS: Windows 10 , 64 bit Build 18362 (10.0.18362.778)

CPU:total 8 (initial active 8) (4 cores per cpu, 2 threads per core) family 6 model 158 stepping 9, cmov, cx8, fxsr, mmx, sse, sse2, sse3, ssse3, sse4.1, sse4.2, popcnt, avx, avx2, aes, clmul, erms, 3dnowpref, lzcnt, ht, tsc, tscinvbit, bmi1, bmi2, adx, fma

Memory: 4k page, system-wide physical 16244M (6743M free)
TotalPageFile size 32628M (AvailPageFile size 18931M)
current process WorkingSet (physical memory assigned to process): 180M, peak: 180M
current process commit charge ("private bytes"): 470M, peak: 470M

vm_info: Java HotSpot(TM) 64-Bit Server VM (13.0.2+8) for windows-amd64 JRE (13.0.2+8), built on Dec 11 2019 09:20:33 by "mach5one" with unknown MS VC++:1916

END.
