#
# A fatal error has been detected by the Java Runtime Environment:
#
#  EXCEPTION_ACCESS_VIOLATION (0xc0000005) at pc=0x0000000067598cf0, pid=18752, tid=0x0000000000001210
#
# JRE version: Java(TM) SE Runtime Environment (8.0_221-b11) (build 1.8.0_221-b11)
# Java VM: Java HotSpot(TM) 64-Bit Server VM (25.221-b11 mixed mode windows-amd64 compressed oops)
# Problematic frame:
# C  [nvoglv64.dll+0xc78cf0]
#
# Failed to write core dump. Minidumps are not enabled by default on client versions of Windows
#
# If you would like to submit a bug report, please visit:
#   http://bugreport.java.com/bugreport/crash.jsp
# The crash happened outside the Java Virtual Machine in native code.
# See problematic frame for where to report the bug.
#

---------------  T H R E A D  ---------------

Current thread (0x0000000003354800):  JavaThread "main" [_thread_in_native, id=4624, stack(0x0000000003190000,0x0000000003290000)]

siginfo: ExceptionCode=0xc0000005, reading address 0x0000000000000000

Registers:
RAX=0x000000006003057c, RBX=0x000000002909552c, RCX=0x0000000029095540, RDX=0x0000000000000006
RSP=0x000000000328f140, RBP=0x0000000000000000, RSI=0x0000000000000003, RDI=0x0000000000000000
R8 =0x0000000026ead040, R9 =0x0000000000000006, R10=0x0000000026ead040, R11=0x000000000328f2c0
R12=0x0000000000000690, R13=0x0000000000000000, R14=0x0000000000000000, R15=0x0000000021ee0000
RIP=0x0000000067598cf0, EFLAGS=0x0000000000010246

Top of Stack: (sp=0x000000000328f140)
0x000000000328f140:   0000000026ead040 00000000ffffffff
0x000000000328f150:   0000000000000004 0000000000000000
0x000000000328f160:   0000000026ead040 0000000000000004
0x000000000328f170:   0000000000000000 000000006758fc03
0x000000000328f180:   000000002d37eda8 0000000000000002
0x000000000328f190:   0000000021ee0000 00000000ffffffff
0x000000000328f1a0:   0000000000000000 0000000000000000
0x000000000328f1b0:   0000000000000000 0001ff0200000000
0x000000000328f1c0:   0000000000000001 0000000000000000
0x000000000328f1d0:   000000002909543c 0000000000000000
0x000000000328f1e0:   000000002d37e560 00000000675727e0
0x000000000328f1f0:   0000000000000000 0000000000000000
0x000000000328f200:   000000002d33dde0 000000006757d6aa
0x000000000328f210:   0000000021f30750 00000000674fb714
0x000000000328f220:   000000002909543c 0000000000000000
0x000000000328f230:   0000000000000008 0000000000000000 

Instructions: (pc=0x0000000067598cf0)
0x0000000067598cd0:   28 f6 ff 49 8b 9f 28 07 05 00 48 8b 5b 68 8b c6
0x0000000067598ce0:   c1 e0 10 0d 7c 05 00 60 89 03 48 83 c3 04 2b ee
0x0000000067598cf0:   0f b7 07 66 41 03 c6 66 89 03 0f b7 47 04 48 83
0x0000000067598d00:   c7 08 66 41 03 c6 66 89 43 02 48 83 c3 04 83 ee 


Register to memory mapping:

RAX=0x000000006003057c is an unknown value
RBX=0x000000002909552c is an unknown value
RCX=0x0000000029095540 is an unknown value
RDX=0x0000000000000006 is an unknown value
RSP=0x000000000328f140 is pointing into the stack for thread: 0x0000000003354800
RBP=0x0000000000000000 is an unknown value
RSI=0x0000000000000003 is an unknown value
RDI=0x0000000000000000 is an unknown value
R8 =0x0000000026ead040 is an unknown value
R9 =0x0000000000000006 is an unknown value
R10=0x0000000026ead040 is an unknown value
R11=0x000000000328f2c0 is pointing into the stack for thread: 0x0000000003354800
R12=0x0000000000000690 is an unknown value
R13=0x0000000000000000 is an unknown value
R14=0x0000000000000000 is an unknown value
R15=0x0000000021ee0000 is an unknown value


Stack: [0x0000000003190000,0x0000000003290000],  sp=0x000000000328f140,  free space=1020k
Native frames: (J=compiled Java code, j=interpreted, Vv=VM code, C=native code)

Java frames: (J=compiled Java code, j=interpreted, Vv=VM code)
j  org.lwjgl.opengl.GL11C.nglDrawElements(IIIJ)V+0
j  org.lwjgl.opengl.GL11C.glDrawElements(IIIJ)V+4
j  org.lwjgl.opengl.GL11.glDrawElements(IIIJ)V+4
j  gameEngine.Model.draw()V+51
j  gameEngine.Renderer.draw(LgameEngine/Model;Lorg/joml/Vector2f;FFLgameEngine/Texture;Lorg/joml/Vector4f;)V+118
j  Collisions.AABB.debug()V+23
j  gameEngine.Start.main([Ljava/lang/String;)V+1726
v  ~StubRoutines::call_stub

---------------  P R O C E S S  ---------------

Java Threads: ( => current thread )
  0x000000001edd4000 JavaThread "Service Thread" daemon [_thread_blocked, id=21808, stack(0x000000001f910000,0x000000001fa10000)]
  0x000000001ed4e000 JavaThread "C1 CompilerThread3" daemon [_thread_blocked, id=19436, stack(0x000000001f810000,0x000000001f910000)]
  0x000000001ed4a800 JavaThread "C2 CompilerThread2" daemon [_thread_blocked, id=16324, stack(0x000000001f710000,0x000000001f810000)]
  0x000000001ed44000 JavaThread "C2 CompilerThread1" daemon [_thread_blocked, id=10264, stack(0x000000001f610000,0x000000001f710000)]
  0x000000001ed3c800 JavaThread "C2 CompilerThread0" daemon [_thread_blocked, id=15184, stack(0x000000001f510000,0x000000001f610000)]
  0x000000001ed3a800 JavaThread "Attach Listener" daemon [_thread_blocked, id=20172, stack(0x000000001f410000,0x000000001f510000)]
  0x000000001ce2e000 JavaThread "Signal Dispatcher" daemon [_thread_blocked, id=20984, stack(0x000000001f310000,0x000000001f410000)]
  0x000000001ed30800 JavaThread "Finalizer" daemon [_thread_blocked, id=11536, stack(0x000000001f110000,0x000000001f210000)]
  0x000000000344b000 JavaThread "Reference Handler" daemon [_thread_blocked, id=9520, stack(0x000000001ec10000,0x000000001ed10000)]
=>0x0000000003354800 JavaThread "main" [_thread_in_native, id=4624, stack(0x0000000003190000,0x0000000003290000)]

Other Threads:
  0x000000001ce19800 VMThread [stack: 0x000000001eb10000,0x000000001ec10000] [id=17376]
  0x000000001ee1e800 WatcherThread [stack: 0x000000001fa10000,0x000000001fb10000] [id=17740]

VM state:not at safepoint (normal execution)

VM Mutex/Monitor currently owned by a thread: None

heap address: 0x00000006c2200000, size: 4062 MB, Compressed Oops mode: Zero based, Oop shift amount: 3
Narrow klass base: 0x0000000000000000, Narrow klass shift: 3
Compressed class space size: 1073741824 Address: 0x00000007c0000000

Heap:
 PSYoungGen      total 75776K, used 69217K [0x000000076b600000, 0x0000000770a80000, 0x00000007c0000000)
  eden space 65024K, 100% used [0x000000076b600000,0x000000076f580000,0x000000076f580000)
  from space 10752K, 39% used [0x000000076f580000,0x000000076f9985c0,0x0000000770000000)
  to   space 10752K, 0% used [0x0000000770000000,0x0000000770000000,0x0000000770a80000)
 ParOldGen       total 173568K, used 16K [0x00000006c2200000, 0x00000006ccb80000, 0x000000076b600000)
  object space 173568K, 0% used [0x00000006c2200000,0x00000006c2204000,0x00000006ccb80000)
 Metaspace       used 10778K, capacity 10985K, committed 11264K, reserved 1058816K
  class space    used 834K, capacity 929K, committed 1024K, reserved 1048576K

Card table byte_map: [0x0000000012810000,0x0000000013000000] byte_map_base: 0x000000000f1ff000

Marking Bits: (ParMarkBitMap*) 0x00000000697e5ce0
 Begin Bits: [0x0000000013d50000, 0x0000000017cc8000)
 End Bits:   [0x0000000017cc8000, 0x000000001bc40000)

Polling page: 0x0000000000ff0000

CodeCache: size=245760Kb used=3582Kb max_used=3599Kb free=242177Kb
 bounds [0x0000000003450000, 0x00000000037e0000, 0x0000000012450000]
 total_blobs=1783 nmethods=860 adapters=836
 compilation: enabled

Compilation events (10 events):
Event: 2.373 Thread 0x000000001ed4e000  855       3       java.util.StringTokenizer::skipDelimiters (116 bytes)
Event: 2.373 Thread 0x000000001ed4e000 nmethod 855 0x00000000037c3250 code [0x00000000037c3460, 0x00000000037c4018]
Event: 2.373 Thread 0x000000001ed4e000  856       1       sun.util.locale.BaseLocale::getLanguage (5 bytes)
Event: 2.374 Thread 0x000000001ed4e000 nmethod 856 0x00000000037c44d0 code [0x00000000037c4620, 0x00000000037c4730]
Event: 2.379 Thread 0x000000001ed4a800 nmethod 657 0x00000000037c4790 code [0x00000000037c4d80, 0x00000000037ccca8]
Event: 2.387 Thread 0x000000001ed4e000  857       1       java.lang.reflect.Field::getName (5 bytes)
Event: 2.387 Thread 0x000000001ed4e000 nmethod 857 0x00000000037b7a10 code [0x00000000037b7b60, 0x00000000037b7c70]
Event: 2.408 Thread 0x000000001ed4e000  858       3       java.net.URLClassLoader::defineClass (142 bytes)
Event: 2.409 Thread 0x000000001ed4e000 nmethod 858 0x00000000037bf990 code [0x00000000037bfd00, 0x00000000037c1ff8]
Event: 2.416 Thread 0x000000001ed44000  859       4       sun.net.www.ParseUtil::encodePath (336 bytes)

GC Heap History (2 events):
Event: 2.208 GC heap before
{Heap before GC invocations=1 (full 0):
 PSYoungGen      total 75776K, used 65024K [0x000000076b600000, 0x0000000770a80000, 0x00000007c0000000)
  eden space 65024K, 100% used [0x000000076b600000,0x000000076f580000,0x000000076f580000)
  from space 10752K, 0% used [0x0000000770000000,0x0000000770000000,0x0000000770a80000)
  to   space 10752K, 0% used [0x000000076f580000,0x000000076f580000,0x0000000770000000)
 ParOldGen       total 173568K, used 0K [0x00000006c2200000, 0x00000006ccb80000, 0x000000076b600000)
  object space 173568K, 0% used [0x00000006c2200000,0x00000006c2200000,0x00000006ccb80000)
 Metaspace       used 9009K, capacity 9225K, committed 9344K, reserved 1058816K
  class space    used 731K, capacity 833K, committed 896K, reserved 1048576K
Event: 2.213 GC heap after
Heap after GC invocations=1 (full 0):
 PSYoungGen      total 75776K, used 4193K [0x000000076b600000, 0x0000000770a80000, 0x00000007c0000000)
  eden space 65024K, 0% used [0x000000076b600000,0x000000076b600000,0x000000076f580000)
  from space 10752K, 39% used [0x000000076f580000,0x000000076f9985c0,0x0000000770000000)
  to   space 10752K, 0% used [0x0000000770000000,0x0000000770000000,0x0000000770a80000)
 ParOldGen       total 173568K, used 16K [0x00000006c2200000, 0x00000006ccb80000, 0x000000076b600000)
  object space 173568K, 0% used [0x00000006c2200000,0x00000006c2204000,0x00000006ccb80000)
 Metaspace       used 9009K, capacity 9225K, committed 9344K, reserved 1058816K
  class space    used 731K, capacity 833K, committed 896K, reserved 1048576K
}

Deoptimization events (2 events):
Event: 0.175 Thread 0x0000000003354800 Uncommon trap: reason=unstable_if action=reinterpret pc=0x0000000003553ac8 method=java.lang.String.hashCode()I @ 14
Event: 0.415 Thread 0x0000000003354800 Uncommon trap: reason=unstable_if action=reinterpret pc=0x000000000363b2b0 method=java.lang.String.indexOf([CII[CIII)I @ 134

Classes redefined (0 events):
No events

Internal exceptions (10 events):
Event: 0.053 Thread 0x0000000003354800 Exception <a 'java/lang/NoSuchMethodError': Method sun.misc.Unsafe.prefetchRead(Ljava/lang/Object;J)V name or signature does not match> (0x000000076b607fa0) thrown at [C:\re\workspace\8-2-build-windows-amd64-cygwin\jdk8u221\13320\hotspot\src\share\vm\prim
Event: 0.332 Thread 0x0000000003354800 Exception <a 'java/lang/NoSuchMethodError': java.lang.Object.lambda$static$0(Ljava/lang/String;)Ljava/lang/Boolean;> (0x000000076bba45d8) thrown at [C:\re\workspace\8-2-build-windows-amd64-cygwin\jdk8u221\13320\hotspot\src\share\vm\interpreter\linkResolve
Event: 0.354 Thread 0x0000000003354800 Exception <a 'java/lang/NoSuchFieldError': method resolution failed> (0x000000076bc1c4a0) thrown at [C:\re\workspace\8-2-build-windows-amd64-cygwin\jdk8u221\13320\hotspot\src\share\vm\prims\methodHandles.cpp, line 1167]
Event: 0.365 Thread 0x0000000003354800 Exception <a 'java/lang/NoSuchFieldError': method resolution failed> (0x000000076bc29840) thrown at [C:\re\workspace\8-2-build-windows-amd64-cygwin\jdk8u221\13320\hotspot\src\share\vm\prims\methodHandles.cpp, line 1167]
Event: 0.461 Thread 0x0000000003354800 Exception <a 'java/security/PrivilegedActionException'> (0x000000076bdf8078) thrown at [C:\re\workspace\8-2-build-windows-amd64-cygwin\jdk8u221\13320\hotspot\src\share\vm\prims\jvm.cpp, line 1502]
Event: 0.461 Thread 0x0000000003354800 Exception <a 'java/security/PrivilegedActionException'> (0x000000076bdf8288) thrown at [C:\re\workspace\8-2-build-windows-amd64-cygwin\jdk8u221\13320\hotspot\src\share\vm\prims\jvm.cpp, line 1502]
Event: 0.463 Thread 0x0000000003354800 Exception <a 'java/security/PrivilegedActionException'> (0x000000076bdfbef8) thrown at [C:\re\workspace\8-2-build-windows-amd64-cygwin\jdk8u221\13320\hotspot\src\share\vm\prims\jvm.cpp, line 1502]
Event: 0.463 Thread 0x0000000003354800 Exception <a 'java/security/PrivilegedActionException'> (0x000000076bdfc108) thrown at [C:\re\workspace\8-2-build-windows-amd64-cygwin\jdk8u221\13320\hotspot\src\share\vm\prims\jvm.cpp, line 1502]
Event: 1.793 Thread 0x0000000003354800 Exception <a 'sun/nio/fs/WindowsException'> (0x000000076c115918) thrown at [C:\re\workspace\8-2-build-windows-amd64-cygwin\jdk8u221\13320\hotspot\src\share\vm\prims\jni.cpp, line 710]
Event: 1.793 Thread 0x0000000003354800 Exception <a 'sun/nio/fs/WindowsException'> (0x000000076c1160f8) thrown at [C:\re\workspace\8-2-build-windows-amd64-cygwin\jdk8u221\13320\hotspot\src\share\vm\prims\jni.cpp, line 710]

Events (10 events):
Event: 2.415 loading class org/joml/Vector2i
Event: 2.415 loading class org/joml/Vector2i done
Event: 2.415 loading class org/joml/Vector2ic
Event: 2.415 loading class org/joml/Vector2ic done
Event: 2.416 loading class org/joml/Quaternionf
Event: 2.416 loading class org/joml/Quaternionf done
Event: 2.416 loading class org/joml/Quaternionfc
Event: 2.416 loading class org/joml/Quaternionfc done
Event: 2.421 loading class Data/Constants
Event: 2.421 loading class Data/Constants done


Dynamic libraries:
0x00007ff7b5d90000 - 0x00007ff7b5dc7000 	C:\Program Files\Java\jre1.8.0_221\bin\javaw.exe
0x00007ffd7ad40000 - 0x00007ffd7af30000 	C:\WINDOWS\SYSTEM32\ntdll.dll
0x00007ffd7a9c0000 - 0x00007ffd7aa72000 	C:\WINDOWS\System32\KERNEL32.DLL
0x00007ffd78120000 - 0x00007ffd783c3000 	C:\WINDOWS\System32\KERNELBASE.dll
0x00007ffd79f20000 - 0x00007ffd79fc3000 	C:\WINDOWS\System32\ADVAPI32.dll
0x00007ffd7aa80000 - 0x00007ffd7ab1e000 	C:\WINDOWS\System32\msvcrt.dll
0x00007ffd796d0000 - 0x00007ffd79767000 	C:\WINDOWS\System32\sechost.dll
0x00007ffd7ab30000 - 0x00007ffd7ac50000 	C:\WINDOWS\System32\RPCRT4.dll
0x00007ffd79050000 - 0x00007ffd791e3000 	C:\WINDOWS\System32\USER32.dll
0x00007ffd784d0000 - 0x00007ffd784f1000 	C:\WINDOWS\System32\win32u.dll
0x00007ffd79e70000 - 0x00007ffd79e96000 	C:\WINDOWS\System32\GDI32.dll
0x00007ffd77d80000 - 0x00007ffd77f14000 	C:\WINDOWS\System32\gdi32full.dll
0x00007ffd78c80000 - 0x00007ffd78d1e000 	C:\WINDOWS\System32\msvcp_win.dll
0x00007ffd783d0000 - 0x00007ffd784ca000 	C:\WINDOWS\System32\ucrtbase.dll
0x00007ffd674c0000 - 0x00007ffd67745000 	C:\WINDOWS\WinSxS\amd64_microsoft.windows.common-controls_6595b64144ccf1df_6.0.18362.295_none_e6c3acbd13101292\COMCTL32.dll
0x00007ffd7a680000 - 0x00007ffd7a9b6000 	C:\WINDOWS\System32\combase.dll
0x00007ffd78d70000 - 0x00007ffd78df0000 	C:\WINDOWS\System32\bcryptPrimitives.dll
0x00007ffd79fd0000 - 0x00007ffd79ffe000 	C:\WINDOWS\System32\IMM32.DLL
0x000000006a250000 - 0x000000006a322000 	C:\Program Files\Java\jre1.8.0_221\bin\msvcr100.dll
0x0000000068fc0000 - 0x0000000069865000 	C:\Program Files\Java\jre1.8.0_221\bin\server\jvm.dll
0x00007ffd78df0000 - 0x00007ffd78df8000 	C:\WINDOWS\System32\PSAPI.DLL
0x00007ffd753d0000 - 0x00007ffd753f4000 	C:\WINDOWS\SYSTEM32\WINMM.dll
0x00007ffd67880000 - 0x00007ffd67889000 	C:\WINDOWS\SYSTEM32\WSOCK32.dll
0x00007ffd70a60000 - 0x00007ffd70a6a000 	C:\WINDOWS\SYSTEM32\VERSION.dll
0x00007ffd78eb0000 - 0x00007ffd78f1f000 	C:\WINDOWS\System32\WS2_32.dll
0x00007ffd753a0000 - 0x00007ffd753cd000 	C:\WINDOWS\SYSTEM32\winmmbase.dll
0x00007ffd78d20000 - 0x00007ffd78d6a000 	C:\WINDOWS\System32\cfgmgr32.dll
0x00007ffd66160000 - 0x00007ffd6616f000 	C:\Program Files\Java\jre1.8.0_221\bin\verify.dll
0x00007ffd4d5b0000 - 0x00007ffd4d5d9000 	C:\Program Files\Java\jre1.8.0_221\bin\java.dll
0x00007ffd4ff90000 - 0x00007ffd4ffa6000 	C:\Program Files\Java\jre1.8.0_221\bin\zip.dll
0x00007ffd79770000 - 0x00007ffd79e52000 	C:\WINDOWS\System32\SHELL32.dll
0x00007ffd78e00000 - 0x00007ffd78ea9000 	C:\WINDOWS\System32\shcore.dll
0x00007ffd78500000 - 0x00007ffd78c7c000 	C:\WINDOWS\System32\windows.storage.dll
0x00007ffd77c40000 - 0x00007ffd77c5f000 	C:\WINDOWS\System32\profapi.dll
0x00007ffd77c60000 - 0x00007ffd77caa000 	C:\WINDOWS\System32\powrprof.dll
0x00007ffd77c10000 - 0x00007ffd77c20000 	C:\WINDOWS\System32\UMPDC.dll
0x00007ffd79420000 - 0x00007ffd79472000 	C:\WINDOWS\System32\shlwapi.dll
0x00007ffd77cb0000 - 0x00007ffd77cc1000 	C:\WINDOWS\System32\kernel.appcore.dll
0x00007ffd77f20000 - 0x00007ffd77f37000 	C:\WINDOWS\System32\cryptsp.dll
0x00007ffd4d4c0000 - 0x00007ffd4d4da000 	C:\Program Files\Java\jre1.8.0_221\bin\net.dll
0x00007ffd68ef0000 - 0x00007ffd690c6000 	C:\WINDOWS\SYSTEM32\urlmon.dll
0x00007ffd691f0000 - 0x00007ffd69496000 	C:\WINDOWS\SYSTEM32\iertutil.dll
0x00007ffd77650000 - 0x00007ffd7765c000 	C:\WINDOWS\SYSTEM32\CRYPTBASE.DLL
0x00007ffd77480000 - 0x00007ffd774e7000 	C:\WINDOWS\system32\mswsock.dll
0x00007ffd4d190000 - 0x00007ffd4d1a2000 	C:\Program Files\Java\jre1.8.0_221\bin\nio.dll
0x00007ffd47af0000 - 0x00007ffd47b50000 	C:\Users\jtkom\AppData\Local\Temp\lwjgljtkom\3.2.1-build-3\lwjgl.dll
0x00007ffd47a90000 - 0x00007ffd47aee000 	C:\Users\jtkom\AppData\Local\Temp\lwjgljtkom\3.2.1-build-3\glfw.dll
0x00007ffd75c30000 - 0x00007ffd75cc9000 	C:\WINDOWS\system32\uxtheme.dll
0x00007ffd47a40000 - 0x00007ffd47a83000 	C:\WINDOWS\SYSTEM32\dinput8.dll
0x00007ffd66e30000 - 0x00007ffd66e41000 	C:\WINDOWS\SYSTEM32\xinput1_4.dll
0x00007ffd77a10000 - 0x00007ffd77a3a000 	C:\WINDOWS\SYSTEM32\DEVOBJ.dll
0x00007ffd75d00000 - 0x00007ffd75d2d000 	C:\WINDOWS\SYSTEM32\dwmapi.dll
0x00007ffd6a660000 - 0x00007ffd6a762000 	C:\WINDOWS\SYSTEM32\inputhost.dll
0x00007ffd75400000 - 0x00007ffd754d4000 	C:\WINDOWS\SYSTEM32\CoreMessaging.dll
0x00007ffd73020000 - 0x00007ffd7334a000 	C:\WINDOWS\SYSTEM32\CoreUIComponents.dll
0x00007ffd72ec0000 - 0x00007ffd73013000 	C:\WINDOWS\SYSTEM32\wintypes.dll
0x00007ffd76c50000 - 0x00007ffd76c81000 	C:\WINDOWS\SYSTEM32\ntmarta.dll
0x00007ffd74270000 - 0x00007ffd7435f000 	C:\WINDOWS\SYSTEM32\PROPSYS.dll
0x00007ffd79350000 - 0x00007ffd79414000 	C:\WINDOWS\System32\OLEAUT32.dll
0x00007ffd79480000 - 0x00007ffd795b6000 	C:\WINDOWS\System32\MSCTF.dll
0x00007ffd09070000 - 0x00007ffd0917d000 	C:\Program Files (x86)\Razer\Razer Cortex\x64\k_fps64.dll
0x00007ffd08d80000 - 0x00007ffd08fef000 	C:\Program Files (x86)\Razer\Razer Cortex\x64\D3DCOMPILER_43.dll
0x00007ffd08ff0000 - 0x00007ffd0906f000 	C:\Program Files (x86)\Razer\Razer Cortex\x64\d3dx10_43.dll
0x00007ffd63ba0000 - 0x00007ffd63bf7000 	C:\Program Files (x86)\Razer\Razer Cortex\x64\EasyHook64.dll
0x00007ffd791f0000 - 0x00007ffd79346000 	C:\WINDOWS\System32\ole32.dll
0x00007ffd765f0000 - 0x00007ffd767e4000 	C:\WINDOWS\SYSTEM32\dbghelp.dll
0x00007ffd4c050000 - 0x00007ffd4c19f000 	C:\WINDOWS\SYSTEM32\OPENGL32.dll
0x00007ffd08b10000 - 0x00007ffd08d73000 	C:\Program Files (x86)\Razer\Razer Cortex\x64\d3dx9_43.dll
0x00007ffd4d570000 - 0x00007ffd4d59c000 	C:\WINDOWS\SYSTEM32\GLU32.dll
0x00007ffd76860000 - 0x00007ffd76880000 	C:\WINDOWS\SYSTEM32\dxcore.dll
0x00007ffd76530000 - 0x00007ffd7653e000 	C:\WINDOWS\SYSTEM32\HID.DLL
0x00007ffd7a000000 - 0x00007ffd7a470000 	C:\WINDOWS\System32\SETUPAPI.DLL
0x00007ffd77fa0000 - 0x00007ffd77fc6000 	C:\WINDOWS\System32\bcrypt.dll
0x00007ffd77f40000 - 0x00007ffd77f9c000 	C:\WINDOWS\System32\WINTRUST.dll
0x00007ffd77c20000 - 0x00007ffd77c32000 	C:\WINDOWS\System32\MSASN1.dll
0x00007ffd77fd0000 - 0x00007ffd78119000 	C:\WINDOWS\System32\CRYPT32.dll
0x0000000066920000 - 0x0000000068fb9000 	C:\WINDOWS\System32\DriverStore\FileRepository\nvlt.inf_amd64_8156357f9d6cad11\nvoglv64.dll
0x00007ffd74390000 - 0x00007ffd743a3000 	C:\WINDOWS\SYSTEM32\WTSAPI32.dll
0x00007ffd3f040000 - 0x00007ffd3f2f2000 	C:\WINDOWS\system32\nvspcap64.dll
0x00007ffd76cc0000 - 0x00007ffd76d1c000 	C:\WINDOWS\SYSTEM32\WINSTA.dll
0x00007ffd768f0000 - 0x00007ffd769da000 	C:\WINDOWS\system32\dxgi.dll
0x00007ffd74b00000 - 0x00007ffd74d5b000 	C:\WINDOWS\system32\d3d11.dll
0x00007ffd3f300000 - 0x00007ffd3f3ee000 	C:\WINDOWS\System32\DriverStore\FileRepository\nvlt.inf_amd64_8156357f9d6cad11\nvldumdx.dll
0x00007ffd79640000 - 0x00007ffd7965d000 	C:\WINDOWS\System32\imagehlp.dll
0x00007ffd76ff0000 - 0x00007ffd77023000 	C:\WINDOWS\system32\rsaenh.dll
0x00007ffd1c820000 - 0x00007ffd1ec0a000 	C:\WINDOWS\System32\DriverStore\FileRepository\nvlt.inf_amd64_8156357f9d6cad11\nvwgf2umx.dll
0x00007ffd67aa0000 - 0x00007ffd67f98000 	C:\WINDOWS\system32\nvapi64.dll
0x00007ffd6a770000 - 0x00007ffd6a80e000 	C:\WINDOWS\System32\TextInputFramework.dll
0x00007ffd479e0000 - 0x00007ffd47a3a000 	C:\Users\jtkom\AppData\Local\Temp\lwjgljtkom\3.2.1-build-3\lwjgl_opengl.dll

VM Arguments:
jvm_args: -Dfile.encoding=Cp1252 
java_command: gameEngine.Start
java_class_path (initial): C:\Program Files\Java\jre1.8.0_221\lib\resources.jar;C:\Program Files\Java\jre1.8.0_221\lib\rt.jar;C:\Program Files\Java\jre1.8.0_221\lib\jsse.jar;C:\Program Files\Java\jre1.8.0_221\lib\jce.jar;C:\Program Files\Java\jre1.8.0_221\lib\charsets.jar;C:\Program Files\Java\jre1.8.0_221\lib\jfr.jar;C:\Program Files\Java\jre1.8.0_221\lib\ext\access-bridge-64.jar;C:\Program Files\Java\jre1.8.0_221\lib\ext\cldrdata.jar;C:\Program Files\Java\jre1.8.0_221\lib\ext\dnsns.jar;C:\Program Files\Java\jre1.8.0_221\lib\ext\jaccess.jar;C:\Program Files\Java\jre1.8.0_221\lib\ext\jfxrt.jar;C:\Program Files\Java\jre1.8.0_221\lib\ext\localedata.jar;C:\Program Files\Java\jre1.8.0_221\lib\ext\nashorn.jar;C:\Program Files\Java\jre1.8.0_221\lib\ext\sunec.jar;C:\Program Files\Java\jre1.8.0_221\lib\ext\sunjce_provider.jar;C:\Program Files\Java\jre1.8.0_221\lib\ext\sunmscapi.jar;C:\Program Files\Java\jre1.8.0_221\lib\ext\sunpkcs11.jar;C:\Program Files\Java\jre1.8.0_221\lib\ext\zipfs.jar;D:\game3\Game\src;D:\game3\Game\libwin\joml-1.9.9-sources.jar;D:\game3\Game\libwin\joml-1.9.9.jar;D:\game3\Game\libwin\lwjgl-assimp-javadoc.jar;D:\game3\Game\libwin\lwjgl-assimp-natives-windows.jar;D:\game3\Game\libwin\lwjgl-assimp-sources.jar;D:\game3\Game\libwin\lwjgl-assimp.jar;D:\game3\Game\libwin\lwjgl-bgfx-javadoc.jar;D:\game3\Game\libwin\lwjgl-bgfx-natives-windows.jar;D:\game3\Game\libwin\lwjgl-bgfx-sources.jar;D:\game3\Game\libwin\lwjgl-bgfx.jar;D:\game3\Game\libwin\lwjgl-egl-javadoc.jar;D:\game3\Game\libwin\lwjgl-egl-sources.jar;D:\game3\Game\libwin\lwjgl-egl.jar;D:\game3\Game\libwin\lwjgl-glfw-javadoc.jar;D:\game3\Game\libwin\lwjgl-glfw-natives-windows.jar;D:\game3\Game\libwin\lwjgl-glfw-sources.jar;D:\game3\Game\libwin\lwjgl-glfw.jar;D:\game3\Game\libwin\lwjgl-javadoc.jar;D:\game3\Game\libwin\lwjgl-jawt-javadoc.jar;D:\game3\Game\libwin\lwjgl-jawt-sources.jar;D:\game3\Game\libwin\lwjgl-jawt.jar;D:\game3\Game\libwin\lwjgl-jemalloc-javadoc.jar;D:\game3\Game\libwin\lwjgl-jemalloc
Launcher Type: SUN_STANDARD

Environment Variables:
JAVA_HOME=C:\Program Files\Java\jdk-10.0.2
PATH=C:/Program Files/Java/jre1.8.0_221/bin/server;C:/Program Files/Java/jre1.8.0_221/bin;C:/Program Files/Java/jre1.8.0_221/lib/amd64;C:\Program Files\Python37\Scripts\;C:\Program Files\Python37\;C:\Program Files (x86)\Common Files\Oracle\Java\javapath;C:\Program Files\Intel\Intel(R) Management Engine Components\iCLS\;C:\Windows\system32;C:\Windows;C:\Windows\System32\Wbem;C:\Windows\System32\WindowsPowerShell\v1.0\;C:\Windows\System32\OpenSSH\;C:\Program Files (x86)\Intel\Intel(R) Management Engine Components\DAL;C:\Program Files\Intel\Intel(R) Management Engine Components\DAL;C:\Program Files (x86)\Intel\Intel(R) Management Engine Components\IPT;C:\Program Files\Intel\Intel(R) Management Engine Components\IPT;C:\android-sdk\tools;C:\android-sdk\platform-tools;C:\Users\jtkom\AppData\Local\Microsoft\WindowsApps;C:\adb;C:\Program Files\Microsoft VS Code\bin;C:\Program Files\Git\cmd;C:\Users\jtkom\eclipse\java-photon\eclipse.exe;C:\Program Files\NASM;C:\Program Files\Python37\Scripts;C:\Program Files (x86)\NVIDIA Corporation\PhysX\Common;C:\apache-maven-3.6.0\bin;C:\Program Files\dotnet\;C:\Program Files\Java\jdk-10.0.2;C:\eda\ghdl\GHDL\20181129-mingw32-mcode\bin;C:\eda\gtkwave\gtkwave\bin;C:\eda;;%SystemRoot%\system32;%SystemRoot%;%SystemRoot%\System32\Wbem;%SYSTEMROOT%\System32\WindowsPowerShell\v1.0\;%SYSTEMROOT%\System32\OpenSSH\;C:\Program Files\NVIDIA Corporation\NVIDIA NvDLISR;C:\Users\jtkom\AppData\Local\Microsoft\WindowsApps;C:\Users\jtkom\AppData\Local\GitHubDesktop\bin;C:\Users\jtkom\AppData\Local\Programs\Microsoft VS Code\bin;C:\Users\jtkom\AppData\Local\Microsoft\WindowsApps;;C:\CodeRepository\eclipse;
USERNAME=jtkom
OS=Windows_NT
PROCESSOR_IDENTIFIER=Intel64 Family 6 Model 158 Stepping 9, GenuineIntel



---------------  S Y S T E M  ---------------

OS: Windows 10.0 , 64 bit Build 18362 (10.0.18362.86)

CPU:total 8 (initial active 8) (4 cores per cpu, 2 threads per core) family 6 model 158 stepping 9, cmov, cx8, fxsr, mmx, sse, sse2, sse3, ssse3, sse4.1, sse4.2, popcnt, avx, avx2, aes, clmul, erms, 3dnowpref, lzcnt, ht, tsc, tscinvbit, bmi1, bmi2, adx

Memory: 4k page, physical 16634020k(9237376k free), swap 19124388k(7848788k free)

vm_info: Java HotSpot(TM) 64-Bit Server VM (25.221-b11) for windows-amd64 JRE (1.8.0_221-b11), built on Jul  4 2019 04:39:29 by "java_re" with MS VC++ 10.0 (VS2010)

time: Wed Aug 28 11:48:03 2019
timezone: Pacific Daylight Time
elapsed time: 2 seconds (0d 0h 0m 2s)

