#
# A fatal error has been detected by the Java Runtime Environment:
#
#  EXCEPTION_ACCESS_VIOLATION (0xc0000005) at pc=0x00007ff9837a8558, pid=8160, tid=23740
#
# JRE version: Java(TM) SE Runtime Environment (13.0.2+8) (build 13.0.2+8)
# Java VM: Java HotSpot(TM) 64-Bit Server VM (13.0.2+8, mixed mode, sharing, tiered, compressed oops, g1 gc, windows-amd64)
# Problematic frame:
# C  [nvoglv64.dll+0xfe8558]
#
# No core dump will be written. Minidumps are not enabled by default on client versions of Windows
#
# If you would like to submit a bug report, please visit:
#   http://bugreport.java.com/bugreport/crash.jsp
# The crash happened outside the Java Virtual Machine in native code.
# See problematic frame for where to report the bug.
#

---------------  S U M M A R Y ------------

Command Line: -Dfile.encoding=Cp1252 gameEngine.Start

Host: Intel(R) Core(TM) i7-7700HQ CPU @ 2.80GHz, 8 cores, 15G,  Windows 10 , 64 bit Build 18362 (10.0.18362.778)
Time: Mon Jun  8 13:56:05 2020 Pacific Daylight Time elapsed time: 3 seconds (0d 0h 0m 3s)

---------------  T H R E A D  ---------------

Current thread (0x00000202dc875000):  JavaThread "main" [_thread_in_native, id=23740, stack(0x0000005721c00000,0x0000005721d00000)]

Stack: [0x0000005721c00000,0x0000005721d00000],  sp=0x0000005721cfd688,  free space=1013k
Native frames: (J=compiled Java code, j=interpreted, Vv=VM code, C=native code)
C  [nvoglv64.dll+0xfe8558]

Java frames: (J=compiled Java code, j=interpreted, Vv=VM code)
j  org.lwjgl.opengl.GL15C.nglBufferSubData(IJJJ)V+0
j  org.lwjgl.opengl.GL15C.glBufferSubData(IJLjava/nio/FloatBuffer;)V+15
j  org.lwjgl.opengl.GL15.glBufferSubData(IJLjava/nio/FloatBuffer;)V+3
j  rendering.OneTextureBatchedModel.addvaluestoVBO([F[F)V+80
j  textrendering.TextBuilder.setString(Ljava/lang/String;)V+377
j  battleClasses.TimedButtonHold.<init>(DDDI)V+71
j  Data.Moves.<clinit>()V+87
v  ~StubRoutines::call_stub
j  Data.Pcs.<clinit>()V+41
v  ~StubRoutines::call_stub
j  gameEngine.Start.main([Ljava/lang/String;)V+1664
v  ~StubRoutines::call_stub

siginfo: EXCEPTION_ACCESS_VIOLATION (0xc0000005), reading address 0x0000000000000010


Register to memory mapping:

RIP=0x00007ff9837a8558 nvoglv64.dll
RAX=0x000002028dbef108 points into unknown readable memory: 00 00 00 00 00 00 00 00
RBX=0x0000000000000010 is an unknown value
RCX=0x00007ff9837a8558 nvoglv64.dll
RDX=0x0000000000000010 is an unknown value
RSP=0x0000005721cfd688 is pointing into the stack for thread: 0x00000202dc875000
RBP=0x0000000000000020 is an unknown value
RSI=0x000002028dbef108 points into unknown readable memory: 00 00 00 00 00 00 00 00
RDI=0x0000000000000008 is an unknown value
R8 =0x0000000000000008 is an unknown value
R9 =0x00007ff9827c0000 nvoglv64.dll
R10=0x0000000000000010 is an unknown value
R11=0x000002028dbef108 points into unknown readable memory: 00 00 00 00 00 00 00 00
R12=0x0 is NULL
R13=0x0000000000008892 is an unknown value
R14=0x0000005721cfd860 is pointing into the stack for thread: 0x00000202dc875000
R15=0x0 is NULL


Registers:
RAX=0x000002028dbef108, RBX=0x0000000000000010, RCX=0x00007ff9837a8558, RDX=0x0000000000000010
RSP=0x0000005721cfd688, RBP=0x0000000000000020, RSI=0x000002028dbef108, RDI=0x0000000000000008
R8 =0x0000000000000008, R9 =0x00007ff9827c0000, R10=0x0000000000000010, R11=0x000002028dbef108
R12=0x0000000000000000, R13=0x0000000000008892, R14=0x0000005721cfd860, R15=0x0000000000000000
RIP=0x00007ff9837a8558, EFLAGS=0x0000000000010202

Top of Stack: (sp=0x0000005721cfd688)
0x0000005721cfd688:   00007ff9834577a2 0000000200000007
0x0000005721cfd698:   0000000000000004 00000202dc875960
0x0000005721cfd6a8:   0000003800000003 0000000000000000
0x0000005721cfd6b8:   00007ff9830740c1 00000202844f18a0
0x0000005721cfd6c8:   0000000000000020 0000000000000010
0x0000005721cfd6d8:   0000000000000000 0000000000000020
0x0000005721cfd6e8:   00007ff98320839d 00000202860b1080
0x0000005721cfd6f8:   0000000000000000 0000000000000020
0x0000005721cfd708:   0000000000000000 0000005721cfd720
0x0000005721cfd718:   00000202e65c0026 0000020200000002
0x0000005721cfd728:   00000202879e3440 0000000000000108
0x0000005721cfd738:   0000000000000000 00000202dc875000
0x0000005721cfd748:   0000005721cfd860 0000020292edfa78
0x0000005721cfd758:   0000000000000000 0000000000000000
0x0000005721cfd768:   00000202e656f4f7 0000020292edfa78
0x0000005721cfd778:   0000005721cfd810 0000000000000010 

Instructions: (pc=0x00007ff9837a8558)
0x00007ff9837a8458:   8b c8 49 c1 e9 03 74 9b 48 8b 01 48 3b 04 11 75
0x00007ff9837a8468:   1b 48 83 c1 08 49 ff c9 75 ee 49 83 e0 07 eb 83
0x00007ff9837a8478:   48 83 c1 08 48 83 c1 08 48 83 c1 08 48 8b 0c 0a
0x00007ff9837a8488:   48 0f c8 48 0f c9 48 3b c1 1b c0 83 d8 ff c3 cc
0x00007ff9837a8498:   cc cc cc cc cc cc cc cc cc cc cc cc cc cc 66 66
0x00007ff9837a84a8:   0f 1f 84 00 00 00 00 00 57 56 49 8b c3 48 8b f9
0x00007ff9837a84b8:   49 8b c8 49 8b f2 f3 a4 5e 5f c3 cc cc cc cc cc
0x00007ff9837a84c8:   cc 0f 1f 80 00 00 00 00 4c 8b d9 4c 8b d2 49 83
0x00007ff9837a84d8:   f8 10 76 54 49 83 f8 20 76 2e 48 2b d1 73 0d 4b
0x00007ff9837a84e8:   8d 04 10 48 3b c8 0f 82 dc 02 00 00 49 81 f8 80
0x00007ff9837a84f8:   00 00 00 0f 86 0f 02 00 00 f6 05 58 14 5a 01 02
0x00007ff9837a8508:   0f 84 52 01 00 00 eb a0 0f 10 02 42 0f 10 4c 02
0x00007ff9837a8518:   f0 0f 11 01 42 0f 11 4c 01 f0 48 8b c1 c3 66 66
0x00007ff9837a8528:   0f 1f 84 00 00 00 00 00 48 8b c1 4c 8d 0d c6 7a
0x00007ff9837a8538:   01 ff 43 8b 8c 81 60 ea 6c 02 49 03 c9 ff e1 66
0x00007ff9837a8548:   0f 1f 84 00 00 00 00 00 c3 0f b7 0a 66 89 08 c3
0x00007ff9837a8558:   48 8b 0a 48 89 08 c3 0f b7 0a 44 0f b6 42 02 66
0x00007ff9837a8568:   89 08 44 88 40 02 c3 0f b6 0a 88 08 c3 f3 0f 6f
0x00007ff9837a8578:   02 f3 0f 7f 00 c3 66 90 4c 8b 02 0f b7 4a 08 44
0x00007ff9837a8588:   0f b6 4a 0a 4c 89 00 66 89 48 08 44 88 48 0a c3
0x00007ff9837a8598:   8b 0a 89 08 c3 0f 1f 00 8b 0a 44 0f b6 42 04 89
0x00007ff9837a85a8:   08 44 88 40 04 c3 66 90 8b 0a 44 0f b7 42 04 89
0x00007ff9837a85b8:   08 66 44 89 40 04 c3 90 8b 0a 44 0f b7 42 04 44
0x00007ff9837a85c8:   0f b6 4a 06 89 08 66 44 89 40 04 44 88 48 06 c3
0x00007ff9837a85d8:   4c 8b 02 8b 4a 08 44 0f b6 4a 0c 4c 89 00 89 48
0x00007ff9837a85e8:   08 44 88 48 0c c3 66 90 4c 8b 02 0f b6 4a 08 4c
0x00007ff9837a85f8:   89 00 88 48 08 c3 66 90 4c 8b 02 0f b7 4a 08 4c
0x00007ff9837a8608:   89 00 66 89 48 08 c3 90 4c 8b 02 8b 4a 08 4c 89
0x00007ff9837a8618:   00 89 48 08 c3 0f 1f 00 4c 8b 02 8b 4a 08 44 0f
0x00007ff9837a8628:   b7 4a 0c 4c 89 00 89 48 08 66 44 89 48 0c c3 66
0x00007ff9837a8638:   0f 1f 84 00 00 00 00 00 4c 8b 02 8b 4a 08 44 0f
0x00007ff9837a8648:   b7 4a 0c 44 0f b6 52 0e 4c 89 00 89 48 08 66 44 


Stack slot to memory mapping:
stack at sp + 0 slots: 0x00007ff9834577a2 nvoglv64.dll
stack at sp + 1 slots: 0x0000000200000007 is an unknown value
stack at sp + 2 slots: 0x0000000000000004 is an unknown value
stack at sp + 3 slots: 0x00000202dc875960 points into unknown readable memory: 00 38 ad 89 f9 7f 00 00
stack at sp + 4 slots: 0x0000003800000003 is an unknown value
stack at sp + 5 slots: 0x0 is NULL
stack at sp + 6 slots: 0x00007ff9830740c1 nvoglv64.dll
stack at sp + 7 slots: 0x00000202844f18a0 points into unknown readable memory: 40 34 9e 87 02 02 00 00


---------------  P R O C E S S  ---------------

Threads class SMR info:
_java_thread_list=0x0000020283ea5ff0, length=11, elements={
0x00000202dc875000, 0x00000202822dd800, 0x00000202822e0800, 0x0000020282300800,
0x0000020282303800, 0x0000020282304800, 0x0000020282309000, 0x000002028230a800,
0x0000020282e35800, 0x0000020282ebe800, 0x0000020287a00800
}

Java Threads: ( => current thread )
=>0x00000202dc875000 JavaThread "main" [_thread_in_native, id=23740, stack(0x0000005721c00000,0x0000005721d00000)]
  0x00000202822dd800 JavaThread "Reference Handler" daemon [_thread_blocked, id=14580, stack(0x0000005722300000,0x0000005722400000)]
  0x00000202822e0800 JavaThread "Finalizer" daemon [_thread_blocked, id=20836, stack(0x0000005722400000,0x0000005722500000)]
  0x0000020282300800 JavaThread "Signal Dispatcher" daemon [_thread_blocked, id=21508, stack(0x0000005722500000,0x0000005722600000)]
  0x0000020282303800 JavaThread "Attach Listener" daemon [_thread_blocked, id=15500, stack(0x0000005722600000,0x0000005722700000)]
  0x0000020282304800 JavaThread "C2 CompilerThread0" daemon [_thread_blocked, id=23608, stack(0x0000005722700000,0x0000005722800000)]
  0x0000020282309000 JavaThread "C1 CompilerThread0" daemon [_thread_blocked, id=24192, stack(0x0000005722800000,0x0000005722900000)]
  0x000002028230a800 JavaThread "Sweeper thread" daemon [_thread_blocked, id=10632, stack(0x0000005722900000,0x0000005722a00000)]
  0x0000020282e35800 JavaThread "Service Thread" daemon [_thread_blocked, id=5456, stack(0x0000005722a00000,0x0000005722b00000)]
  0x0000020282ebe800 JavaThread "Common-Cleaner" daemon [_thread_blocked, id=14760, stack(0x0000005722c00000,0x0000005722d00000)]
  0x0000020287a00800 JavaThread "C2 CompilerThread1" daemon [_thread_blocked, id=21720, stack(0x0000005723e00000,0x0000005723f00000)]

Other Threads:
  0x00000202822d9800 VMThread "VM Thread" [stack: 0x0000005722200000,0x0000005722300000] [id=4148]
  0x0000020282e36800 WatcherThread [stack: 0x0000005722b00000,0x0000005722c00000] [id=20572]
  0x00000202dc8e0800 GCTaskThread "GC Thread#0" [stack: 0x0000005721d00000,0x0000005721e00000] [id=19104]
  0x0000020284421800 GCTaskThread "GC Thread#1" [stack: 0x0000005722d00000,0x0000005722e00000] [id=276]
  0x0000020284423000 GCTaskThread "GC Thread#2" [stack: 0x0000005723a00000,0x0000005723b00000] [id=17888]
  0x0000020284425800 GCTaskThread "GC Thread#3" [stack: 0x0000005723b00000,0x0000005723c00000] [id=1348]
  0x0000020284426000 GCTaskThread "GC Thread#4" [stack: 0x0000005723c00000,0x0000005723d00000] [id=22280]
  0x00000202848ea000 GCTaskThread "GC Thread#5" [stack: 0x0000005723d00000,0x0000005723e00000] [id=13572]
  0x00000202dc902800 ConcurrentGCThread "G1 Main Marker" [stack: 0x0000005721e00000,0x0000005721f00000] [id=22704]
  0x00000202dc905000 ConcurrentGCThread "G1 Conc#0" [stack: 0x0000005721f00000,0x0000005722000000] [id=5228]
  0x0000020282227800 ConcurrentGCThread "G1 Refine#0" [stack: 0x0000005722000000,0x0000005722100000] [id=4548]
  0x0000020282229800 ConcurrentGCThread "G1 Young RemSet Sampling" [stack: 0x0000005722100000,0x0000005722200000] [id=23216]

Threads with active compile tasks:

VM state:not at safepoint (normal execution)

VM Mutex/Monitor currently owned by a thread: None

Heap address: 0x0000000702200000, size: 4062 MB, Compressed Oops mode: Zero based, Oop shift amount: 3
Narrow klass base: 0x0000000800000000, Narrow klass shift: 3
Compressed class space size: 1073741824 Address: 0x0000000800b40000

Heap:
 garbage-first heap   total 260096K, used 42404K [0x0000000702200000, 0x0000000800000000)
  region size 1024K, 43 young (44032K), 3 survivors (3072K)
 Metaspace       used 7020K, capacity 9782K, committed 9984K, reserved 1058816K
  class space    used 359K, capacity 650K, committed 768K, reserved 1048576K
Heap Regions: E=young(eden), S=young(survivor), O=old, HS=humongous(starts), HC=humongous(continues), CS=collection set, F=free, A=archive, TAMS=top-at-mark-start (previous, next)
|   0|0x0000000702200000, 0x0000000702200000, 0x0000000702300000|  0%| F|  |TAMS 0x0000000702200000, 0x0000000702200000| Untracked 
|   1|0x0000000702300000, 0x0000000702300000, 0x0000000702400000|  0%| F|  |TAMS 0x0000000702300000, 0x0000000702300000| Untracked 
|   2|0x0000000702400000, 0x0000000702400000, 0x0000000702500000|  0%| F|  |TAMS 0x0000000702400000, 0x0000000702400000| Untracked 
|   3|0x0000000702500000, 0x0000000702500000, 0x0000000702600000|  0%| F|  |TAMS 0x0000000702500000, 0x0000000702500000| Untracked 
|   4|0x0000000702600000, 0x0000000702600000, 0x0000000702700000|  0%| F|  |TAMS 0x0000000702600000, 0x0000000702600000| Untracked 
|   5|0x0000000702700000, 0x0000000702700000, 0x0000000702800000|  0%| F|  |TAMS 0x0000000702700000, 0x0000000702700000| Untracked 
|   6|0x0000000702800000, 0x0000000702800000, 0x0000000702900000|  0%| F|  |TAMS 0x0000000702800000, 0x0000000702800000| Untracked 
|   7|0x0000000702900000, 0x0000000702900000, 0x0000000702a00000|  0%| F|  |TAMS 0x0000000702900000, 0x0000000702900000| Untracked 
|   8|0x0000000702a00000, 0x0000000702a00000, 0x0000000702b00000|  0%| F|  |TAMS 0x0000000702a00000, 0x0000000702a00000| Untracked 
|   9|0x0000000702b00000, 0x0000000702b00000, 0x0000000702c00000|  0%| F|  |TAMS 0x0000000702b00000, 0x0000000702b00000| Untracked 
|  10|0x0000000702c00000, 0x0000000702c00000, 0x0000000702d00000|  0%| F|  |TAMS 0x0000000702c00000, 0x0000000702c00000| Untracked 
|  11|0x0000000702d00000, 0x0000000702d00000, 0x0000000702e00000|  0%| F|  |TAMS 0x0000000702d00000, 0x0000000702d00000| Untracked 
|  12|0x0000000702e00000, 0x0000000702e00000, 0x0000000702f00000|  0%| F|  |TAMS 0x0000000702e00000, 0x0000000702e00000| Untracked 
|  13|0x0000000702f00000, 0x0000000702f00000, 0x0000000703000000|  0%| F|  |TAMS 0x0000000702f00000, 0x0000000702f00000| Untracked 
|  14|0x0000000703000000, 0x0000000703000000, 0x0000000703100000|  0%| F|  |TAMS 0x0000000703000000, 0x0000000703000000| Untracked 
|  15|0x0000000703100000, 0x0000000703100000, 0x0000000703200000|  0%| F|  |TAMS 0x0000000703100000, 0x0000000703100000| Untracked 
|  16|0x0000000703200000, 0x0000000703200000, 0x0000000703300000|  0%| F|  |TAMS 0x0000000703200000, 0x0000000703200000| Untracked 
|  17|0x0000000703300000, 0x0000000703300000, 0x0000000703400000|  0%| F|  |TAMS 0x0000000703300000, 0x0000000703300000| Untracked 
|  18|0x0000000703400000, 0x0000000703400000, 0x0000000703500000|  0%| F|  |TAMS 0x0000000703400000, 0x0000000703400000| Untracked 
|  19|0x0000000703500000, 0x0000000703500000, 0x0000000703600000|  0%| F|  |TAMS 0x0000000703500000, 0x0000000703500000| Untracked 
|  20|0x0000000703600000, 0x0000000703600000, 0x0000000703700000|  0%| F|  |TAMS 0x0000000703600000, 0x0000000703600000| Untracked 
|  21|0x0000000703700000, 0x0000000703700000, 0x0000000703800000|  0%| F|  |TAMS 0x0000000703700000, 0x0000000703700000| Untracked 
|  22|0x0000000703800000, 0x0000000703800000, 0x0000000703900000|  0%| F|  |TAMS 0x0000000703800000, 0x0000000703800000| Untracked 
|  23|0x0000000703900000, 0x0000000703900000, 0x0000000703a00000|  0%| F|  |TAMS 0x0000000703900000, 0x0000000703900000| Untracked 
|  24|0x0000000703a00000, 0x0000000703a00000, 0x0000000703b00000|  0%| F|  |TAMS 0x0000000703a00000, 0x0000000703a00000| Untracked 
|  25|0x0000000703b00000, 0x0000000703b00000, 0x0000000703c00000|  0%| F|  |TAMS 0x0000000703b00000, 0x0000000703b00000| Untracked 
|  26|0x0000000703c00000, 0x0000000703c00000, 0x0000000703d00000|  0%| F|  |TAMS 0x0000000703c00000, 0x0000000703c00000| Untracked 
|  27|0x0000000703d00000, 0x0000000703d00000, 0x0000000703e00000|  0%| F|  |TAMS 0x0000000703d00000, 0x0000000703d00000| Untracked 
|  28|0x0000000703e00000, 0x0000000703e00000, 0x0000000703f00000|  0%| F|  |TAMS 0x0000000703e00000, 0x0000000703e00000| Untracked 
|  29|0x0000000703f00000, 0x0000000703f00000, 0x0000000704000000|  0%| F|  |TAMS 0x0000000703f00000, 0x0000000703f00000| Untracked 
|  30|0x0000000704000000, 0x0000000704000000, 0x0000000704100000|  0%| F|  |TAMS 0x0000000704000000, 0x0000000704000000| Untracked 
|  31|0x0000000704100000, 0x0000000704100000, 0x0000000704200000|  0%| F|  |TAMS 0x0000000704100000, 0x0000000704100000| Untracked 
|  32|0x0000000704200000, 0x0000000704200000, 0x0000000704300000|  0%| F|  |TAMS 0x0000000704200000, 0x0000000704200000| Untracked 
|  33|0x0000000704300000, 0x0000000704300000, 0x0000000704400000|  0%| F|  |TAMS 0x0000000704300000, 0x0000000704300000| Untracked 
|  34|0x0000000704400000, 0x0000000704400000, 0x0000000704500000|  0%| F|  |TAMS 0x0000000704400000, 0x0000000704400000| Untracked 
|  35|0x0000000704500000, 0x0000000704500000, 0x0000000704600000|  0%| F|  |TAMS 0x0000000704500000, 0x0000000704500000| Untracked 
|  36|0x0000000704600000, 0x0000000704600000, 0x0000000704700000|  0%| F|  |TAMS 0x0000000704600000, 0x0000000704600000| Untracked 
|  37|0x0000000704700000, 0x0000000704700000, 0x0000000704800000|  0%| F|  |TAMS 0x0000000704700000, 0x0000000704700000| Untracked 
|  38|0x0000000704800000, 0x0000000704800000, 0x0000000704900000|  0%| F|  |TAMS 0x0000000704800000, 0x0000000704800000| Untracked 
|  39|0x0000000704900000, 0x0000000704900000, 0x0000000704a00000|  0%| F|  |TAMS 0x0000000704900000, 0x0000000704900000| Untracked 
|  40|0x0000000704a00000, 0x0000000704a00000, 0x0000000704b00000|  0%| F|  |TAMS 0x0000000704a00000, 0x0000000704a00000| Untracked 
|  41|0x0000000704b00000, 0x0000000704b00000, 0x0000000704c00000|  0%| F|  |TAMS 0x0000000704b00000, 0x0000000704b00000| Untracked 
|  42|0x0000000704c00000, 0x0000000704c00000, 0x0000000704d00000|  0%| F|  |TAMS 0x0000000704c00000, 0x0000000704c00000| Untracked 
|  43|0x0000000704d00000, 0x0000000704d00000, 0x0000000704e00000|  0%| F|  |TAMS 0x0000000704d00000, 0x0000000704d00000| Untracked 
|  44|0x0000000704e00000, 0x0000000704e00000, 0x0000000704f00000|  0%| F|  |TAMS 0x0000000704e00000, 0x0000000704e00000| Untracked 
|  45|0x0000000704f00000, 0x0000000704f00000, 0x0000000705000000|  0%| F|  |TAMS 0x0000000704f00000, 0x0000000704f00000| Untracked 
|  46|0x0000000705000000, 0x0000000705000000, 0x0000000705100000|  0%| F|  |TAMS 0x0000000705000000, 0x0000000705000000| Untracked 
|  47|0x0000000705100000, 0x0000000705100000, 0x0000000705200000|  0%| F|  |TAMS 0x0000000705100000, 0x0000000705100000| Untracked 
|  48|0x0000000705200000, 0x0000000705200000, 0x0000000705300000|  0%| F|  |TAMS 0x0000000705200000, 0x0000000705200000| Untracked 
|  49|0x0000000705300000, 0x0000000705300000, 0x0000000705400000|  0%| F|  |TAMS 0x0000000705300000, 0x0000000705300000| Untracked 
|  50|0x0000000705400000, 0x0000000705400000, 0x0000000705500000|  0%| F|  |TAMS 0x0000000705400000, 0x0000000705400000| Untracked 
|  51|0x0000000705500000, 0x0000000705500000, 0x0000000705600000|  0%| F|  |TAMS 0x0000000705500000, 0x0000000705500000| Untracked 
|  52|0x0000000705600000, 0x0000000705600000, 0x0000000705700000|  0%| F|  |TAMS 0x0000000705600000, 0x0000000705600000| Untracked 
|  53|0x0000000705700000, 0x0000000705700000, 0x0000000705800000|  0%| F|  |TAMS 0x0000000705700000, 0x0000000705700000| Untracked 
|  54|0x0000000705800000, 0x0000000705800000, 0x0000000705900000|  0%| F|  |TAMS 0x0000000705800000, 0x0000000705800000| Untracked 
|  55|0x0000000705900000, 0x0000000705900000, 0x0000000705a00000|  0%| F|  |TAMS 0x0000000705900000, 0x0000000705900000| Untracked 
|  56|0x0000000705a00000, 0x0000000705a00000, 0x0000000705b00000|  0%| F|  |TAMS 0x0000000705a00000, 0x0000000705a00000| Untracked 
|  57|0x0000000705b00000, 0x0000000705b00000, 0x0000000705c00000|  0%| F|  |TAMS 0x0000000705b00000, 0x0000000705b00000| Untracked 
|  58|0x0000000705c00000, 0x0000000705c00000, 0x0000000705d00000|  0%| F|  |TAMS 0x0000000705c00000, 0x0000000705c00000| Untracked 
|  59|0x0000000705d00000, 0x0000000705d00000, 0x0000000705e00000|  0%| F|  |TAMS 0x0000000705d00000, 0x0000000705d00000| Untracked 
|  60|0x0000000705e00000, 0x0000000705e00000, 0x0000000705f00000|  0%| F|  |TAMS 0x0000000705e00000, 0x0000000705e00000| Untracked 
|  61|0x0000000705f00000, 0x0000000705f00000, 0x0000000706000000|  0%| F|  |TAMS 0x0000000705f00000, 0x0000000705f00000| Untracked 
|  62|0x0000000706000000, 0x0000000706000000, 0x0000000706100000|  0%| F|  |TAMS 0x0000000706000000, 0x0000000706000000| Untracked 
|  63|0x0000000706100000, 0x0000000706100000, 0x0000000706200000|  0%| F|  |TAMS 0x0000000706100000, 0x0000000706100000| Untracked 
|  64|0x0000000706200000, 0x0000000706200000, 0x0000000706300000|  0%| F|  |TAMS 0x0000000706200000, 0x0000000706200000| Untracked 
|  65|0x0000000706300000, 0x0000000706300000, 0x0000000706400000|  0%| F|  |TAMS 0x0000000706300000, 0x0000000706300000| Untracked 
|  66|0x0000000706400000, 0x0000000706400000, 0x0000000706500000|  0%| F|  |TAMS 0x0000000706400000, 0x0000000706400000| Untracked 
|  67|0x0000000706500000, 0x0000000706500000, 0x0000000706600000|  0%| F|  |TAMS 0x0000000706500000, 0x0000000706500000| Untracked 
|  68|0x0000000706600000, 0x0000000706600000, 0x0000000706700000|  0%| F|  |TAMS 0x0000000706600000, 0x0000000706600000| Untracked 
|  69|0x0000000706700000, 0x0000000706700000, 0x0000000706800000|  0%| F|  |TAMS 0x0000000706700000, 0x0000000706700000| Untracked 
|  70|0x0000000706800000, 0x0000000706800000, 0x0000000706900000|  0%| F|  |TAMS 0x0000000706800000, 0x0000000706800000| Untracked 
|  71|0x0000000706900000, 0x0000000706900000, 0x0000000706a00000|  0%| F|  |TAMS 0x0000000706900000, 0x0000000706900000| Untracked 
|  72|0x0000000706a00000, 0x0000000706a00000, 0x0000000706b00000|  0%| F|  |TAMS 0x0000000706a00000, 0x0000000706a00000| Untracked 
|  73|0x0000000706b00000, 0x0000000706b00000, 0x0000000706c00000|  0%| F|  |TAMS 0x0000000706b00000, 0x0000000706b00000| Untracked 
|  74|0x0000000706c00000, 0x0000000706c00000, 0x0000000706d00000|  0%| F|  |TAMS 0x0000000706c00000, 0x0000000706c00000| Untracked 
|  75|0x0000000706d00000, 0x0000000706d00000, 0x0000000706e00000|  0%| F|  |TAMS 0x0000000706d00000, 0x0000000706d00000| Untracked 
|  76|0x0000000706e00000, 0x0000000706e00000, 0x0000000706f00000|  0%| F|  |TAMS 0x0000000706e00000, 0x0000000706e00000| Untracked 
|  77|0x0000000706f00000, 0x0000000706f00000, 0x0000000707000000|  0%| F|  |TAMS 0x0000000706f00000, 0x0000000706f00000| Untracked 
|  78|0x0000000707000000, 0x0000000707000000, 0x0000000707100000|  0%| F|  |TAMS 0x0000000707000000, 0x0000000707000000| Untracked 
|  79|0x0000000707100000, 0x0000000707100000, 0x0000000707200000|  0%| F|  |TAMS 0x0000000707100000, 0x0000000707100000| Untracked 
|  80|0x0000000707200000, 0x0000000707200000, 0x0000000707300000|  0%| F|  |TAMS 0x0000000707200000, 0x0000000707200000| Untracked 
|  81|0x0000000707300000, 0x0000000707300000, 0x0000000707400000|  0%| F|  |TAMS 0x0000000707300000, 0x0000000707300000| Untracked 
|  82|0x0000000707400000, 0x0000000707400000, 0x0000000707500000|  0%| F|  |TAMS 0x0000000707400000, 0x0000000707400000| Untracked 
|  83|0x0000000707500000, 0x0000000707500000, 0x0000000707600000|  0%| F|  |TAMS 0x0000000707500000, 0x0000000707500000| Untracked 
|  84|0x0000000707600000, 0x0000000707600000, 0x0000000707700000|  0%| F|  |TAMS 0x0000000707600000, 0x0000000707600000| Untracked 
|  85|0x0000000707700000, 0x0000000707700000, 0x0000000707800000|  0%| F|  |TAMS 0x0000000707700000, 0x0000000707700000| Untracked 
|  86|0x0000000707800000, 0x0000000707800000, 0x0000000707900000|  0%| F|  |TAMS 0x0000000707800000, 0x0000000707800000| Untracked 
|  87|0x0000000707900000, 0x0000000707900000, 0x0000000707a00000|  0%| F|  |TAMS 0x0000000707900000, 0x0000000707900000| Untracked 
|  88|0x0000000707a00000, 0x0000000707a00000, 0x0000000707b00000|  0%| F|  |TAMS 0x0000000707a00000, 0x0000000707a00000| Untracked 
|  89|0x0000000707b00000, 0x0000000707b00000, 0x0000000707c00000|  0%| F|  |TAMS 0x0000000707b00000, 0x0000000707b00000| Untracked 
|  90|0x0000000707c00000, 0x0000000707c00000, 0x0000000707d00000|  0%| F|  |TAMS 0x0000000707c00000, 0x0000000707c00000| Untracked 
|  91|0x0000000707d00000, 0x0000000707d00000, 0x0000000707e00000|  0%| F|  |TAMS 0x0000000707d00000, 0x0000000707d00000| Untracked 
|  92|0x0000000707e00000, 0x0000000707e00000, 0x0000000707f00000|  0%| F|  |TAMS 0x0000000707e00000, 0x0000000707e00000| Untracked 
|  93|0x0000000707f00000, 0x0000000707f00000, 0x0000000708000000|  0%| F|  |TAMS 0x0000000707f00000, 0x0000000707f00000| Untracked 
|  94|0x0000000708000000, 0x0000000708000000, 0x0000000708100000|  0%| F|  |TAMS 0x0000000708000000, 0x0000000708000000| Untracked 
|  95|0x0000000708100000, 0x0000000708100000, 0x0000000708200000|  0%| F|  |TAMS 0x0000000708100000, 0x0000000708100000| Untracked 
|  96|0x0000000708200000, 0x0000000708200000, 0x0000000708300000|  0%| F|  |TAMS 0x0000000708200000, 0x0000000708200000| Untracked 
|  97|0x0000000708300000, 0x0000000708300000, 0x0000000708400000|  0%| F|  |TAMS 0x0000000708300000, 0x0000000708300000| Untracked 
|  98|0x0000000708400000, 0x0000000708400000, 0x0000000708500000|  0%| F|  |TAMS 0x0000000708400000, 0x0000000708400000| Untracked 
|  99|0x0000000708500000, 0x0000000708500000, 0x0000000708600000|  0%| F|  |TAMS 0x0000000708500000, 0x0000000708500000| Untracked 
| 100|0x0000000708600000, 0x0000000708600000, 0x0000000708700000|  0%| F|  |TAMS 0x0000000708600000, 0x0000000708600000| Untracked 
| 101|0x0000000708700000, 0x0000000708700000, 0x0000000708800000|  0%| F|  |TAMS 0x0000000708700000, 0x0000000708700000| Untracked 
| 102|0x0000000708800000, 0x0000000708800000, 0x0000000708900000|  0%| F|  |TAMS 0x0000000708800000, 0x0000000708800000| Untracked 
| 103|0x0000000708900000, 0x0000000708900000, 0x0000000708a00000|  0%| F|  |TAMS 0x0000000708900000, 0x0000000708900000| Untracked 
| 104|0x0000000708a00000, 0x0000000708a00000, 0x0000000708b00000|  0%| F|  |TAMS 0x0000000708a00000, 0x0000000708a00000| Untracked 
| 105|0x0000000708b00000, 0x0000000708b00000, 0x0000000708c00000|  0%| F|  |TAMS 0x0000000708b00000, 0x0000000708b00000| Untracked 
| 106|0x0000000708c00000, 0x0000000708c00000, 0x0000000708d00000|  0%| F|  |TAMS 0x0000000708c00000, 0x0000000708c00000| Untracked 
| 107|0x0000000708d00000, 0x0000000708d00000, 0x0000000708e00000|  0%| F|  |TAMS 0x0000000708d00000, 0x0000000708d00000| Untracked 
| 108|0x0000000708e00000, 0x0000000708e00000, 0x0000000708f00000|  0%| F|  |TAMS 0x0000000708e00000, 0x0000000708e00000| Untracked 
| 109|0x0000000708f00000, 0x0000000708f00000, 0x0000000709000000|  0%| F|  |TAMS 0x0000000708f00000, 0x0000000708f00000| Untracked 
| 110|0x0000000709000000, 0x0000000709000000, 0x0000000709100000|  0%| F|  |TAMS 0x0000000709000000, 0x0000000709000000| Untracked 
| 111|0x0000000709100000, 0x0000000709100000, 0x0000000709200000|  0%| F|  |TAMS 0x0000000709100000, 0x0000000709100000| Untracked 
| 112|0x0000000709200000, 0x0000000709200000, 0x0000000709300000|  0%| F|  |TAMS 0x0000000709200000, 0x0000000709200000| Untracked 
| 113|0x0000000709300000, 0x0000000709300000, 0x0000000709400000|  0%| F|  |TAMS 0x0000000709300000, 0x0000000709300000| Untracked 
| 114|0x0000000709400000, 0x0000000709400000, 0x0000000709500000|  0%| F|  |TAMS 0x0000000709400000, 0x0000000709400000| Untracked 
| 115|0x0000000709500000, 0x0000000709500000, 0x0000000709600000|  0%| F|  |TAMS 0x0000000709500000, 0x0000000709500000| Untracked 
| 116|0x0000000709600000, 0x0000000709600000, 0x0000000709700000|  0%| F|  |TAMS 0x0000000709600000, 0x0000000709600000| Untracked 
| 117|0x0000000709700000, 0x0000000709700000, 0x0000000709800000|  0%| F|  |TAMS 0x0000000709700000, 0x0000000709700000| Untracked 
| 118|0x0000000709800000, 0x0000000709800000, 0x0000000709900000|  0%| F|  |TAMS 0x0000000709800000, 0x0000000709800000| Untracked 
| 119|0x0000000709900000, 0x0000000709900000, 0x0000000709a00000|  0%| F|  |TAMS 0x0000000709900000, 0x0000000709900000| Untracked 
| 120|0x0000000709a00000, 0x0000000709a00000, 0x0000000709b00000|  0%| F|  |TAMS 0x0000000709a00000, 0x0000000709a00000| Untracked 
| 121|0x0000000709b00000, 0x0000000709b00000, 0x0000000709c00000|  0%| F|  |TAMS 0x0000000709b00000, 0x0000000709b00000| Untracked 
| 122|0x0000000709c00000, 0x0000000709c00000, 0x0000000709d00000|  0%| F|  |TAMS 0x0000000709c00000, 0x0000000709c00000| Untracked 
| 123|0x0000000709d00000, 0x0000000709d00000, 0x0000000709e00000|  0%| F|  |TAMS 0x0000000709d00000, 0x0000000709d00000| Untracked 
| 124|0x0000000709e00000, 0x0000000709e00000, 0x0000000709f00000|  0%| F|  |TAMS 0x0000000709e00000, 0x0000000709e00000| Untracked 
| 125|0x0000000709f00000, 0x0000000709f00000, 0x000000070a000000|  0%| F|  |TAMS 0x0000000709f00000, 0x0000000709f00000| Untracked 
| 126|0x000000070a000000, 0x000000070a000000, 0x000000070a100000|  0%| F|  |TAMS 0x000000070a000000, 0x000000070a000000| Untracked 
| 127|0x000000070a100000, 0x000000070a100000, 0x000000070a200000|  0%| F|  |TAMS 0x000000070a100000, 0x000000070a100000| Untracked 
| 128|0x000000070a200000, 0x000000070a200000, 0x000000070a300000|  0%| F|  |TAMS 0x000000070a200000, 0x000000070a200000| Untracked 
| 129|0x000000070a300000, 0x000000070a300000, 0x000000070a400000|  0%| F|  |TAMS 0x000000070a300000, 0x000000070a300000| Untracked 
| 130|0x000000070a400000, 0x000000070a400000, 0x000000070a500000|  0%| F|  |TAMS 0x000000070a400000, 0x000000070a400000| Untracked 
| 131|0x000000070a500000, 0x000000070a500000, 0x000000070a600000|  0%| F|  |TAMS 0x000000070a500000, 0x000000070a500000| Untracked 
| 132|0x000000070a600000, 0x000000070a600000, 0x000000070a700000|  0%| F|  |TAMS 0x000000070a600000, 0x000000070a600000| Untracked 
| 133|0x000000070a700000, 0x000000070a700000, 0x000000070a800000|  0%| F|  |TAMS 0x000000070a700000, 0x000000070a700000| Untracked 
| 134|0x000000070a800000, 0x000000070a800000, 0x000000070a900000|  0%| F|  |TAMS 0x000000070a800000, 0x000000070a800000| Untracked 
| 135|0x000000070a900000, 0x000000070a900000, 0x000000070aa00000|  0%| F|  |TAMS 0x000000070a900000, 0x000000070a900000| Untracked 
| 136|0x000000070aa00000, 0x000000070aa00000, 0x000000070ab00000|  0%| F|  |TAMS 0x000000070aa00000, 0x000000070aa00000| Untracked 
| 137|0x000000070ab00000, 0x000000070ab00000, 0x000000070ac00000|  0%| F|  |TAMS 0x000000070ab00000, 0x000000070ab00000| Untracked 
| 138|0x000000070ac00000, 0x000000070ac00000, 0x000000070ad00000|  0%| F|  |TAMS 0x000000070ac00000, 0x000000070ac00000| Untracked 
| 139|0x000000070ad00000, 0x000000070ad00000, 0x000000070ae00000|  0%| F|  |TAMS 0x000000070ad00000, 0x000000070ad00000| Untracked 
| 140|0x000000070ae00000, 0x000000070ae00000, 0x000000070af00000|  0%| F|  |TAMS 0x000000070ae00000, 0x000000070ae00000| Untracked 
| 141|0x000000070af00000, 0x000000070af00000, 0x000000070b000000|  0%| F|  |TAMS 0x000000070af00000, 0x000000070af00000| Untracked 
| 142|0x000000070b000000, 0x000000070b000000, 0x000000070b100000|  0%| F|  |TAMS 0x000000070b000000, 0x000000070b000000| Untracked 
| 143|0x000000070b100000, 0x000000070b100000, 0x000000070b200000|  0%| F|  |TAMS 0x000000070b100000, 0x000000070b100000| Untracked 
| 144|0x000000070b200000, 0x000000070b200000, 0x000000070b300000|  0%| F|  |TAMS 0x000000070b200000, 0x000000070b200000| Untracked 
| 145|0x000000070b300000, 0x000000070b300000, 0x000000070b400000|  0%| F|  |TAMS 0x000000070b300000, 0x000000070b300000| Untracked 
| 146|0x000000070b400000, 0x000000070b400000, 0x000000070b500000|  0%| F|  |TAMS 0x000000070b400000, 0x000000070b400000| Untracked 
| 147|0x000000070b500000, 0x000000070b500000, 0x000000070b600000|  0%| F|  |TAMS 0x000000070b500000, 0x000000070b500000| Untracked 
| 148|0x000000070b600000, 0x000000070b600000, 0x000000070b700000|  0%| F|  |TAMS 0x000000070b600000, 0x000000070b600000| Untracked 
| 149|0x000000070b700000, 0x000000070b700000, 0x000000070b800000|  0%| F|  |TAMS 0x000000070b700000, 0x000000070b700000| Untracked 
| 150|0x000000070b800000, 0x000000070b800000, 0x000000070b900000|  0%| F|  |TAMS 0x000000070b800000, 0x000000070b800000| Untracked 
| 151|0x000000070b900000, 0x000000070b900000, 0x000000070ba00000|  0%| F|  |TAMS 0x000000070b900000, 0x000000070b900000| Untracked 
| 152|0x000000070ba00000, 0x000000070ba00000, 0x000000070bb00000|  0%| F|  |TAMS 0x000000070ba00000, 0x000000070ba00000| Untracked 
| 153|0x000000070bb00000, 0x000000070bb00000, 0x000000070bc00000|  0%| F|  |TAMS 0x000000070bb00000, 0x000000070bb00000| Untracked 
| 154|0x000000070bc00000, 0x000000070bc00000, 0x000000070bd00000|  0%| F|  |TAMS 0x000000070bc00000, 0x000000070bc00000| Untracked 
| 155|0x000000070bd00000, 0x000000070bd00000, 0x000000070be00000|  0%| F|  |TAMS 0x000000070bd00000, 0x000000070bd00000| Untracked 
| 156|0x000000070be00000, 0x000000070be00000, 0x000000070bf00000|  0%| F|  |TAMS 0x000000070be00000, 0x000000070be00000| Untracked 
| 157|0x000000070bf00000, 0x000000070bf00000, 0x000000070c000000|  0%| F|  |TAMS 0x000000070bf00000, 0x000000070bf00000| Untracked 
| 158|0x000000070c000000, 0x000000070c000000, 0x000000070c100000|  0%| F|  |TAMS 0x000000070c000000, 0x000000070c000000| Untracked 
| 159|0x000000070c100000, 0x000000070c100000, 0x000000070c200000|  0%| F|  |TAMS 0x000000070c100000, 0x000000070c100000| Untracked 
| 160|0x000000070c200000, 0x000000070c200000, 0x000000070c300000|  0%| F|  |TAMS 0x000000070c200000, 0x000000070c200000| Untracked 
| 161|0x000000070c300000, 0x000000070c300000, 0x000000070c400000|  0%| F|  |TAMS 0x000000070c300000, 0x000000070c300000| Untracked 
| 162|0x000000070c400000, 0x000000070c400000, 0x000000070c500000|  0%| F|  |TAMS 0x000000070c400000, 0x000000070c400000| Untracked 
| 163|0x000000070c500000, 0x000000070c500000, 0x000000070c600000|  0%| F|  |TAMS 0x000000070c500000, 0x000000070c500000| Untracked 
| 164|0x000000070c600000, 0x000000070c600000, 0x000000070c700000|  0%| F|  |TAMS 0x000000070c600000, 0x000000070c600000| Untracked 
| 165|0x000000070c700000, 0x000000070c700000, 0x000000070c800000|  0%| F|  |TAMS 0x000000070c700000, 0x000000070c700000| Untracked 
| 166|0x000000070c800000, 0x000000070c800000, 0x000000070c900000|  0%| F|  |TAMS 0x000000070c800000, 0x000000070c800000| Untracked 
| 167|0x000000070c900000, 0x000000070c900000, 0x000000070ca00000|  0%| F|  |TAMS 0x000000070c900000, 0x000000070c900000| Untracked 
| 168|0x000000070ca00000, 0x000000070ca00000, 0x000000070cb00000|  0%| F|  |TAMS 0x000000070ca00000, 0x000000070ca00000| Untracked 
| 169|0x000000070cb00000, 0x000000070cb00000, 0x000000070cc00000|  0%| F|  |TAMS 0x000000070cb00000, 0x000000070cb00000| Untracked 
| 170|0x000000070cc00000, 0x000000070cc00000, 0x000000070cd00000|  0%| F|  |TAMS 0x000000070cc00000, 0x000000070cc00000| Untracked 
| 171|0x000000070cd00000, 0x000000070cd00000, 0x000000070ce00000|  0%| F|  |TAMS 0x000000070cd00000, 0x000000070cd00000| Untracked 
| 172|0x000000070ce00000, 0x000000070ce00000, 0x000000070cf00000|  0%| F|  |TAMS 0x000000070ce00000, 0x000000070ce00000| Untracked 
| 173|0x000000070cf00000, 0x000000070cf00000, 0x000000070d000000|  0%| F|  |TAMS 0x000000070cf00000, 0x000000070cf00000| Untracked 
| 174|0x000000070d000000, 0x000000070d000000, 0x000000070d100000|  0%| F|  |TAMS 0x000000070d000000, 0x000000070d000000| Untracked 
| 175|0x000000070d100000, 0x000000070d100000, 0x000000070d200000|  0%| F|  |TAMS 0x000000070d100000, 0x000000070d100000| Untracked 
| 176|0x000000070d200000, 0x000000070d200000, 0x000000070d300000|  0%| F|  |TAMS 0x000000070d200000, 0x000000070d200000| Untracked 
| 177|0x000000070d300000, 0x000000070d300000, 0x000000070d400000|  0%| F|  |TAMS 0x000000070d300000, 0x000000070d300000| Untracked 
| 178|0x000000070d400000, 0x000000070d400000, 0x000000070d500000|  0%| F|  |TAMS 0x000000070d400000, 0x000000070d400000| Untracked 
| 179|0x000000070d500000, 0x000000070d500000, 0x000000070d600000|  0%| F|  |TAMS 0x000000070d500000, 0x000000070d500000| Untracked 
| 180|0x000000070d600000, 0x000000070d600000, 0x000000070d700000|  0%| F|  |TAMS 0x000000070d600000, 0x000000070d600000| Untracked 
| 181|0x000000070d700000, 0x000000070d700000, 0x000000070d800000|  0%| F|  |TAMS 0x000000070d700000, 0x000000070d700000| Untracked 
| 182|0x000000070d800000, 0x000000070d800000, 0x000000070d900000|  0%| F|  |TAMS 0x000000070d800000, 0x000000070d800000| Untracked 
| 183|0x000000070d900000, 0x000000070d900000, 0x000000070da00000|  0%| F|  |TAMS 0x000000070d900000, 0x000000070d900000| Untracked 
| 184|0x000000070da00000, 0x000000070da00000, 0x000000070db00000|  0%| F|  |TAMS 0x000000070da00000, 0x000000070da00000| Untracked 
| 185|0x000000070db00000, 0x000000070db00000, 0x000000070dc00000|  0%| F|  |TAMS 0x000000070db00000, 0x000000070db00000| Untracked 
| 186|0x000000070dc00000, 0x000000070dc00000, 0x000000070dd00000|  0%| F|  |TAMS 0x000000070dc00000, 0x000000070dc00000| Untracked 
| 187|0x000000070dd00000, 0x000000070dd00000, 0x000000070de00000|  0%| F|  |TAMS 0x000000070dd00000, 0x000000070dd00000| Untracked 
| 188|0x000000070de00000, 0x000000070de00000, 0x000000070df00000|  0%| F|  |TAMS 0x000000070de00000, 0x000000070de00000| Untracked 
| 189|0x000000070df00000, 0x000000070df00000, 0x000000070e000000|  0%| F|  |TAMS 0x000000070df00000, 0x000000070df00000| Untracked 
| 190|0x000000070e000000, 0x000000070e000000, 0x000000070e100000|  0%| F|  |TAMS 0x000000070e000000, 0x000000070e000000| Untracked 
| 191|0x000000070e100000, 0x000000070e100000, 0x000000070e200000|  0%| F|  |TAMS 0x000000070e100000, 0x000000070e100000| Untracked 
| 192|0x000000070e200000, 0x000000070e200000, 0x000000070e300000|  0%| F|  |TAMS 0x000000070e200000, 0x000000070e200000| Untracked 
| 193|0x000000070e300000, 0x000000070e300000, 0x000000070e400000|  0%| F|  |TAMS 0x000000070e300000, 0x000000070e300000| Untracked 
| 194|0x000000070e400000, 0x000000070e400000, 0x000000070e500000|  0%| F|  |TAMS 0x000000070e400000, 0x000000070e400000| Untracked 
| 195|0x000000070e500000, 0x000000070e500000, 0x000000070e600000|  0%| F|  |TAMS 0x000000070e500000, 0x000000070e500000| Untracked 
| 196|0x000000070e600000, 0x000000070e600000, 0x000000070e700000|  0%| F|  |TAMS 0x000000070e600000, 0x000000070e600000| Untracked 
| 197|0x000000070e700000, 0x000000070e700000, 0x000000070e800000|  0%| F|  |TAMS 0x000000070e700000, 0x000000070e700000| Untracked 
| 198|0x000000070e800000, 0x000000070e800000, 0x000000070e900000|  0%| F|  |TAMS 0x000000070e800000, 0x000000070e800000| Untracked 
| 199|0x000000070e900000, 0x000000070e900000, 0x000000070ea00000|  0%| F|  |TAMS 0x000000070e900000, 0x000000070e900000| Untracked 
| 200|0x000000070ea00000, 0x000000070ea00000, 0x000000070eb00000|  0%| F|  |TAMS 0x000000070ea00000, 0x000000070ea00000| Untracked 
| 201|0x000000070eb00000, 0x000000070eb00000, 0x000000070ec00000|  0%| F|  |TAMS 0x000000070eb00000, 0x000000070eb00000| Untracked 
| 202|0x000000070ec00000, 0x000000070ec00000, 0x000000070ed00000|  0%| F|  |TAMS 0x000000070ec00000, 0x000000070ec00000| Untracked 
| 203|0x000000070ed00000, 0x000000070ed00000, 0x000000070ee00000|  0%| F|  |TAMS 0x000000070ed00000, 0x000000070ed00000| Untracked 
| 204|0x000000070ee00000, 0x000000070ee00000, 0x000000070ef00000|  0%| F|  |TAMS 0x000000070ee00000, 0x000000070ee00000| Untracked 
| 205|0x000000070ef00000, 0x000000070ef00000, 0x000000070f000000|  0%| F|  |TAMS 0x000000070ef00000, 0x000000070ef00000| Untracked 
| 206|0x000000070f000000, 0x000000070f000000, 0x000000070f100000|  0%| F|  |TAMS 0x000000070f000000, 0x000000070f000000| Untracked 
| 207|0x000000070f100000, 0x000000070f100000, 0x000000070f200000|  0%| F|  |TAMS 0x000000070f100000, 0x000000070f100000| Untracked 
| 208|0x000000070f200000, 0x000000070f200000, 0x000000070f300000|  0%| F|  |TAMS 0x000000070f200000, 0x000000070f200000| Untracked 
| 209|0x000000070f300000, 0x000000070f300000, 0x000000070f400000|  0%| F|  |TAMS 0x000000070f300000, 0x000000070f300000| Untracked 
| 210|0x000000070f400000, 0x000000070f400000, 0x000000070f500000|  0%| F|  |TAMS 0x000000070f400000, 0x000000070f400000| Untracked 
| 211|0x000000070f500000, 0x000000070f586a10, 0x000000070f600000| 52%| E|  |TAMS 0x000000070f500000, 0x000000070f500000| Complete 
| 212|0x000000070f600000, 0x000000070f700000, 0x000000070f700000|100%| E|CS|TAMS 0x000000070f600000, 0x000000070f600000| Complete 
| 213|0x000000070f700000, 0x000000070f800000, 0x000000070f800000|100%| E|CS|TAMS 0x000000070f700000, 0x000000070f700000| Complete 
| 214|0x000000070f800000, 0x000000070f900000, 0x000000070f900000|100%| E|CS|TAMS 0x000000070f800000, 0x000000070f800000| Complete 
| 215|0x000000070f900000, 0x000000070fa00000, 0x000000070fa00000|100%| E|CS|TAMS 0x000000070f900000, 0x000000070f900000| Complete 
| 216|0x000000070fa00000, 0x000000070fb00000, 0x000000070fb00000|100%| E|CS|TAMS 0x000000070fa00000, 0x000000070fa00000| Complete 
| 217|0x000000070fb00000, 0x000000070fc00000, 0x000000070fc00000|100%| E|CS|TAMS 0x000000070fb00000, 0x000000070fb00000| Complete 
| 218|0x000000070fc00000, 0x000000070fd00000, 0x000000070fd00000|100%| E|CS|TAMS 0x000000070fc00000, 0x000000070fc00000| Complete 
| 219|0x000000070fd00000, 0x000000070fe00000, 0x000000070fe00000|100%| E|CS|TAMS 0x000000070fd00000, 0x000000070fd00000| Complete 
| 220|0x000000070fe00000, 0x000000070ff00000, 0x000000070ff00000|100%| E|CS|TAMS 0x000000070fe00000, 0x000000070fe00000| Complete 
| 221|0x000000070ff00000, 0x0000000710000000, 0x0000000710000000|100%| E|CS|TAMS 0x000000070ff00000, 0x000000070ff00000| Complete 
| 222|0x0000000710000000, 0x0000000710100000, 0x0000000710100000|100%| E|CS|TAMS 0x0000000710000000, 0x0000000710000000| Complete 
| 223|0x0000000710100000, 0x0000000710200000, 0x0000000710200000|100%| E|CS|TAMS 0x0000000710100000, 0x0000000710100000| Complete 
| 224|0x0000000710200000, 0x0000000710300000, 0x0000000710300000|100%| E|CS|TAMS 0x0000000710200000, 0x0000000710200000| Complete 
| 225|0x0000000710300000, 0x0000000710400000, 0x0000000710400000|100%| E|CS|TAMS 0x0000000710300000, 0x0000000710300000| Complete 
| 226|0x0000000710400000, 0x0000000710500000, 0x0000000710500000|100%| E|CS|TAMS 0x0000000710400000, 0x0000000710400000| Complete 
| 227|0x0000000710500000, 0x0000000710569078, 0x0000000710600000| 41%| S|CS|TAMS 0x0000000710500000, 0x0000000710500000| Complete 
| 228|0x0000000710600000, 0x0000000710700000, 0x0000000710700000|100%| S|CS|TAMS 0x0000000710600000, 0x0000000710600000| Complete 
| 229|0x0000000710700000, 0x0000000710800000, 0x0000000710800000|100%| S|CS|TAMS 0x0000000710700000, 0x0000000710700000| Complete 
| 230|0x0000000710800000, 0x0000000710900000, 0x0000000710900000|100%| E|CS|TAMS 0x0000000710800000, 0x0000000710800000| Complete 
| 231|0x0000000710900000, 0x0000000710a00000, 0x0000000710a00000|100%| E|CS|TAMS 0x0000000710900000, 0x0000000710900000| Complete 
| 232|0x0000000710a00000, 0x0000000710b00000, 0x0000000710b00000|100%| E|CS|TAMS 0x0000000710a00000, 0x0000000710a00000| Complete 
| 233|0x0000000710b00000, 0x0000000710c00000, 0x0000000710c00000|100%| E|CS|TAMS 0x0000000710b00000, 0x0000000710b00000| Complete 
| 234|0x0000000710c00000, 0x0000000710d00000, 0x0000000710d00000|100%| E|CS|TAMS 0x0000000710c00000, 0x0000000710c00000| Complete 
| 235|0x0000000710d00000, 0x0000000710e00000, 0x0000000710e00000|100%| E|CS|TAMS 0x0000000710d00000, 0x0000000710d00000| Complete 
| 236|0x0000000710e00000, 0x0000000710f00000, 0x0000000710f00000|100%| E|CS|TAMS 0x0000000710e00000, 0x0000000710e00000| Complete 
| 237|0x0000000710f00000, 0x0000000711000000, 0x0000000711000000|100%| E|CS|TAMS 0x0000000710f00000, 0x0000000710f00000| Complete 
| 238|0x0000000711000000, 0x0000000711100000, 0x0000000711100000|100%| E|CS|TAMS 0x0000000711000000, 0x0000000711000000| Complete 
| 239|0x0000000711100000, 0x0000000711200000, 0x0000000711200000|100%| E|CS|TAMS 0x0000000711100000, 0x0000000711100000| Complete 
| 240|0x0000000711200000, 0x0000000711300000, 0x0000000711300000|100%| E|CS|TAMS 0x0000000711200000, 0x0000000711200000| Complete 
| 241|0x0000000711300000, 0x0000000711400000, 0x0000000711400000|100%| E|CS|TAMS 0x0000000711300000, 0x0000000711300000| Complete 
| 242|0x0000000711400000, 0x0000000711500000, 0x0000000711500000|100%| E|CS|TAMS 0x0000000711400000, 0x0000000711400000| Complete 
| 243|0x0000000711500000, 0x0000000711600000, 0x0000000711600000|100%| E|CS|TAMS 0x0000000711500000, 0x0000000711500000| Complete 
| 244|0x0000000711600000, 0x0000000711700000, 0x0000000711700000|100%| E|CS|TAMS 0x0000000711600000, 0x0000000711600000| Complete 
| 245|0x0000000711700000, 0x0000000711800000, 0x0000000711800000|100%| E|CS|TAMS 0x0000000711700000, 0x0000000711700000| Complete 
| 246|0x0000000711800000, 0x0000000711900000, 0x0000000711900000|100%| E|CS|TAMS 0x0000000711800000, 0x0000000711800000| Complete 
| 247|0x0000000711900000, 0x0000000711a00000, 0x0000000711a00000|100%| E|CS|TAMS 0x0000000711900000, 0x0000000711900000| Complete 
| 248|0x0000000711a00000, 0x0000000711b00000, 0x0000000711b00000|100%| E|CS|TAMS 0x0000000711a00000, 0x0000000711a00000| Complete 
| 249|0x0000000711b00000, 0x0000000711c00000, 0x0000000711c00000|100%| E|CS|TAMS 0x0000000711b00000, 0x0000000711b00000| Complete 
| 250|0x0000000711c00000, 0x0000000711d00000, 0x0000000711d00000|100%| E|CS|TAMS 0x0000000711c00000, 0x0000000711c00000| Complete 
| 251|0x0000000711d00000, 0x0000000711e00000, 0x0000000711e00000|100%| E|CS|TAMS 0x0000000711d00000, 0x0000000711d00000| Complete 
| 252|0x0000000711e00000, 0x0000000711f00000, 0x0000000711f00000|100%| E|CS|TAMS 0x0000000711e00000, 0x0000000711e00000| Complete 
| 253|0x0000000711f00000, 0x0000000712000000, 0x0000000712000000|100%| E|CS|TAMS 0x0000000711f00000, 0x0000000711f00000| Complete 

Card table byte_map: [0x00000202f68f0000,0x00000202f70e0000] _byte_map_base: 0x00000202f30df000

Marking Bits (Prev, Next): (CMBitMap*) 0x00000202dc8e18e8, (CMBitMap*) 0x00000202dc8e1928
 Prev Bits: [0x00000202f78d0000, 0x00000202fb848000)
 Next Bits: [0x00000202fb850000, 0x00000202ff7c8000)

Polling page: 0x00000202dc940000

Metaspace:

Usage:
  Non-class:      8.92 MB capacity,     6.50 MB ( 73%) used,     2.40 MB ( 27%) free+waste,     8.50 KB ( <1%) overhead. 
      Class:    650.00 KB capacity,   359.67 KB ( 55%) used,   287.45 KB ( 44%) free+waste,     2.88 KB ( <1%) overhead. 
       Both:      9.55 MB capacity,     6.86 MB ( 72%) used,     2.69 MB ( 28%) free+waste,    11.38 KB ( <1%) overhead. 

Virtual space:
  Non-class space:       10.00 MB reserved,       9.00 MB ( 90%) committed 
      Class space:        1.00 GB reserved,     768.00 KB ( <1%) committed 
             Both:        1.01 GB reserved,       9.75 MB ( <1%) committed 

Chunk freelists:
   Non-Class:  84.00 KB
       Class:  22.00 KB
        Both:  106.00 KB

MaxMetaspaceSize: 17179869184.00 GB
CompressedClassSpaceSize: 1.00 GB

CodeHeap 'non-profiled nmethods': size=120000Kb used=493Kb max_used=493Kb free=119507Kb
 bounds [0x00000202ee030000, 0x00000202ee2a0000, 0x00000202f5560000]
CodeHeap 'profiled nmethods': size=120000Kb used=1997Kb max_used=1997Kb free=118002Kb
 bounds [0x00000202e6b00000, 0x00000202e6d70000, 0x00000202ee030000]
CodeHeap 'non-nmethods': size=5760Kb used=1615Kb max_used=1643Kb free=4144Kb
 bounds [0x00000202e6560000, 0x00000202e67d0000, 0x00000202e6b00000]
 total_blobs=2568 nmethods=991 adapters=914
 compilation: enabled
              stopped_count=0, restarted_count=0
 full_count=0

Compilation events (20 events):
Event: 2.175 Thread 0x0000020287a00800 nmethod 977 0x00000202ee0a8990 code [0x00000202ee0a8b20, 0x00000202ee0a8c58]
Event: 2.179 Thread 0x0000020282309000  982       3       java.nio.CharBuffer::array (35 bytes)
Event: 2.179 Thread 0x0000020282309000 nmethod 982 0x00000202e6cf1190 code [0x00000202e6cf1360, 0x00000202e6cf16c0]
Event: 2.183 Thread 0x0000020287a00800  983       4       java.util.concurrent.ConcurrentHashMap::get (162 bytes)
Event: 2.185 Thread 0x0000020282309000  984       3       jdk.internal.misc.Unsafe::getAndAddLong (27 bytes)
Event: 2.185 Thread 0x0000020282309000 nmethod 984 0x00000202e6cf1810 code [0x00000202e6cf19c0, 0x00000202e6cf1c98]
Event: 2.185 Thread 0x0000020282309000  985       3       jdk.internal.misc.Unsafe::weakCompareAndSetLong (11 bytes)
Event: 2.185 Thread 0x0000020282309000 nmethod 985 0x00000202e6cf1d90 code [0x00000202e6cf1f20, 0x00000202e6cf20b8]
Event: 2.185 Thread 0x0000020282309000  987  s    3       java.io.BufferedInputStream::read (113 bytes)
Event: 2.185 Thread 0x0000020282304800  988   !   4       java.util.zip.Inflater::inflate (418 bytes)
Event: 2.186 Thread 0x0000020282309000 nmethod 987 0x00000202e6cf2190 code [0x00000202e6cf23c0, 0x00000202e6cf2e00]
Event: 2.186 Thread 0x0000020282309000  986       1       java.util.concurrent.atomic.AtomicLong::get (5 bytes)
Event: 2.186 Thread 0x0000020282309000 nmethod 986 0x00000202ee0a8e10 code [0x00000202ee0a8fa0, 0x00000202ee0a90d8]
Event: 2.187 Thread 0x0000020282309000  990       3       org.newdawn.slick.opengl.PNGDecoder::readInt (43 bytes)
Event: 2.188 Thread 0x0000020282309000 nmethod 990 0x00000202e6cf3090 code [0x00000202e6cf3240, 0x00000202e6cf3478]
Event: 2.192 Thread 0x0000020287a00800 nmethod 983 0x00000202ee0a9190 code [0x00000202ee0a9380, 0x00000202ee0a9a78]
Event: 2.192 Thread 0x0000020287a00800  989       4       java.nio.ByteOrder::nativeOrder (4 bytes)
Event: 2.192 Thread 0x0000020287a00800 nmethod 989 0x00000202ee0a9f10 code [0x00000202ee0aa0a0, 0x00000202ee0aa0f8]
Event: 2.192 Thread 0x0000020287a00800  991       4       java.util.concurrent.ConcurrentHashMap::casTabAt (21 bytes)
Event: 2.192 Thread 0x0000020282304800 nmethod 988 0x00000202ee0aa210 code [0x00000202ee0aa3e0, 0x00000202ee0aabb8]

GC Heap History (2 events):
Event: 1.692 GC heap before
{Heap before GC invocations=0 (full 0):
 garbage-first heap   total 260096K, used 23552K [0x0000000702200000, 0x0000000800000000)
  region size 1024K, 24 young (24576K), 0 survivors (0K)
 Metaspace       used 2834K, capacity 6073K, committed 6272K, reserved 1056768K
  class space    used 183K, capacity 517K, committed 640K, reserved 1048576K
}
Event: 1.697 GC heap after
{Heap after GC invocations=1 (full 0):
 garbage-first heap   total 260096K, used 2468K [0x0000000702200000, 0x0000000800000000)
  region size 1024K, 3 young (3072K), 3 survivors (3072K)
 Metaspace       used 2834K, capacity 6073K, committed 6272K, reserved 1056768K
  class space    used 183K, capacity 517K, committed 640K, reserved 1048576K
}

Deoptimization events (20 events):
Event: 2.114 Thread 0x00000202dc875000 DEOPT PACKING pc=0x00000202e6cd1c14 sp=0x0000005721cff300
Event: 2.114 Thread 0x00000202dc875000 DEOPT UNPACKING pc=0x00000202e65a964e sp=0x0000005721cfe7a0 mode 0
Event: 2.115 Thread 0x00000202dc875000 DEOPT PACKING pc=0x00000202e6cd1c14 sp=0x0000005721cff300
Event: 2.115 Thread 0x00000202dc875000 DEOPT UNPACKING pc=0x00000202e65a964e sp=0x0000005721cfe7a0 mode 0
Event: 2.115 Thread 0x00000202dc875000 DEOPT PACKING pc=0x00000202e6cd1c14 sp=0x0000005721cff300
Event: 2.115 Thread 0x00000202dc875000 DEOPT UNPACKING pc=0x00000202e65a964e sp=0x0000005721cfe7a0 mode 0
Event: 2.116 Thread 0x00000202dc875000 DEOPT PACKING pc=0x00000202e6cd1c14 sp=0x0000005721cff300
Event: 2.116 Thread 0x00000202dc875000 DEOPT UNPACKING pc=0x00000202e65a964e sp=0x0000005721cfe7a0 mode 0
Event: 2.116 Thread 0x00000202dc875000 DEOPT PACKING pc=0x00000202e6cd1c14 sp=0x0000005721cff300
Event: 2.116 Thread 0x00000202dc875000 DEOPT UNPACKING pc=0x00000202e65a964e sp=0x0000005721cfe7a0 mode 0
Event: 2.117 Thread 0x00000202dc875000 DEOPT PACKING pc=0x00000202e6cd1c14 sp=0x0000005721cff300
Event: 2.117 Thread 0x00000202dc875000 DEOPT UNPACKING pc=0x00000202e65a964e sp=0x0000005721cfe7a0 mode 0
Event: 2.152 Thread 0x00000202dc875000 DEOPT PACKING pc=0x00000202e6ccd2e7 sp=0x0000005721cff2d0
Event: 2.152 Thread 0x00000202dc875000 DEOPT UNPACKING pc=0x00000202e65a964e sp=0x0000005721cfe760 mode 0
Event: 2.152 Thread 0x00000202dc875000 DEOPT PACKING pc=0x00000202e6ccd2e7 sp=0x0000005721cff2d0
Event: 2.152 Thread 0x00000202dc875000 DEOPT UNPACKING pc=0x00000202e65a964e sp=0x0000005721cfe760 mode 0
Event: 2.153 Thread 0x00000202dc875000 DEOPT PACKING pc=0x00000202e6ccd2e7 sp=0x0000005721cff2d0
Event: 2.153 Thread 0x00000202dc875000 DEOPT UNPACKING pc=0x00000202e65a964e sp=0x0000005721cfe760 mode 0
Event: 2.155 Thread 0x00000202dc875000 DEOPT PACKING pc=0x00000202e6ccd2e7 sp=0x0000005721cff2d0
Event: 2.155 Thread 0x00000202dc875000 DEOPT UNPACKING pc=0x00000202e65a964e sp=0x0000005721cfe760 mode 0

Classes unloaded (0 events):
No events

Classes redefined (0 events):
No events

Internal exceptions (5 events):
Event: 0.234 Thread 0x00000202dc875000 Exception <a 'java/lang/NoSuchMethodError'{0x000000071165a1d8}: 'void java.lang.invoke.DelegatingMethodHandle$Holder.delegate(java.lang.Object, java.lang.Object, int, java.lang.Object)'> (0x000000071165a1d8) 
thrown [t:/workspace/open/src/hotspot/share/interpreter/linkResolver.cpp, line 767]
Event: 0.235 Thread 0x00000202dc875000 Exception <a 'java/lang/NoSuchMethodError'{0x0000000711660f30}: 'java.lang.Object java.lang.invoke.DirectMethodHandle$Holder.invokeStaticInit(java.lang.Object, java.lang.Object, java.lang.Object)'> (0x0000000711660f30) 
thrown [t:/workspace/open/src/hotspot/share/interpreter/linkResolver.cpp, line 767]
Event: 0.442 Thread 0x00000202dc875000 Exception <a 'java/lang/NoSuchMethodError'{0x0000000710fc03e8}: 'int java.lang.invoke.DirectMethodHandle$Holder.invokeSpecialIFC(java.lang.Object, java.lang.Object, int)'> (0x0000000710fc03e8) 
thrown [t:/workspace/open/src/hotspot/share/interpreter/linkResolver.cpp, line 767]
Event: 1.726 Thread 0x00000202dc875000 Exception <a 'sun/nio/fs/WindowsException'{0x0000000711e31810}> (0x0000000711e31810) 
thrown [t:/workspace/open/src/hotspot/share/prims/jni.cpp, line 598]
Event: 1.726 Thread 0x00000202dc875000 Exception <a 'sun/nio/fs/WindowsException'{0x0000000711e31cf0}> (0x0000000711e31cf0) 
thrown [t:/workspace/open/src/hotspot/share/prims/jni.cpp, line 598]

Events (20 events):
Event: 2.184 loading class Items/RestoreSPItem
Event: 2.184 loading class Items/RestoreSPItem done
Event: 2.188 loading class battleClasses/BattleEntity
Event: 2.188 loading class battleClasses/BattleEntity done
Event: 2.189 loading class Data/Pcs
Event: 2.189 loading class Data/Pcs done
Event: 2.189 loading class battleClasses/TimedButton
Event: 2.189 loading class battleClasses/TimedButton done
Event: 2.189 loading class battleClasses/TimedButtonPress
Event: 2.189 loading class battleClasses/TimedButtonPress done
Event: 2.190 loading class battleClasses/TimedButtonCombo
Event: 2.190 loading class battleClasses/TimedButtonCombo done
Event: 2.190 loading class ScripterCommands/Commands
Event: 2.190 loading class ScripterCommands/Commands done
Event: 2.191 loading class ScripterCommands/DrawModel
Event: 2.191 loading class ScripterCommands/DrawModel done
Event: 2.191 loading class battleClasses/TimedButtonHold
Event: 2.191 loading class battleClasses/TimedButtonHold done
Event: 2.192 loading class java/nio/HeapFloatBuffer
Event: 2.192 loading class java/nio/HeapFloatBuffer done


Dynamic libraries:
0x00007ff7be6c0000 - 0x00007ff7be6cf000 	C:\Program Files\Java\jdk-13.0.2\bin\javaw.exe
0x00007ff9fa260000 - 0x00007ff9fa450000 	C:\WINDOWS\SYSTEM32\ntdll.dll
0x00007ff9f9930000 - 0x00007ff9f99e2000 	C:\WINDOWS\System32\KERNEL32.DLL
0x00007ff9f8040000 - 0x00007ff9f82e4000 	C:\WINDOWS\System32\KERNELBASE.dll
0x00007ff9f7440000 - 0x00007ff9f753a000 	C:\WINDOWS\System32\ucrtbase.dll
0x00007ff9ea2b0000 - 0x00007ff9ea2c5000 	C:\Program Files\Java\jdk-13.0.2\bin\VCRUNTIME140.dll
0x00007ff9ea310000 - 0x00007ff9ea328000 	C:\Program Files\Java\jdk-13.0.2\bin\jli.dll
0x00007ff9f9d10000 - 0x00007ff9f9db3000 	C:\WINDOWS\System32\ADVAPI32.dll
0x00007ff9f9760000 - 0x00007ff9f97fe000 	C:\WINDOWS\System32\msvcrt.dll
0x00007ff9f9ba0000 - 0x00007ff9f9c37000 	C:\WINDOWS\System32\sechost.dll
0x00007ff9fa100000 - 0x00007ff9fa220000 	C:\WINDOWS\System32\RPCRT4.dll
0x00007ff9f83c0000 - 0x00007ff9f8554000 	C:\WINDOWS\System32\USER32.dll
0x00007ff9f7740000 - 0x00007ff9f7761000 	C:\WINDOWS\System32\win32u.dll
0x00007ff9e53d0000 - 0x00007ff9e5654000 	C:\WINDOWS\WinSxS\amd64_microsoft.windows.common-controls_6595b64144ccf1df_6.0.18362.836_none_e6c4b943130f18ed\COMCTL32.dll
0x00007ff9f8310000 - 0x00007ff9f8336000 	C:\WINDOWS\System32\GDI32.dll
0x00007ff9f9dc0000 - 0x00007ff9fa0f6000 	C:\WINDOWS\System32\combase.dll
0x00007ff9f75a0000 - 0x00007ff9f7734000 	C:\WINDOWS\System32\gdi32full.dll
0x00007ff9f71f0000 - 0x00007ff9f7270000 	C:\WINDOWS\System32\bcryptPrimitives.dll
0x00007ff9f72c0000 - 0x00007ff9f735e000 	C:\WINDOWS\System32\msvcp_win.dll
0x00007ff9ee4a0000 - 0x00007ff9ee4aa000 	C:\WINDOWS\SYSTEM32\VERSION.dll
0x00007ff9f8c60000 - 0x00007ff9f8c8e000 	C:\WINDOWS\System32\IMM32.DLL
0x00007ff9c3c60000 - 0x00007ff9c3cfb000 	C:\Program Files\Java\jdk-13.0.2\bin\msvcp140.dll
0x00007ff989330000 - 0x00007ff989e8d000 	C:\Program Files\Java\jdk-13.0.2\bin\server\jvm.dll
0x00007ff9f8340000 - 0x00007ff9f8348000 	C:\WINDOWS\System32\PSAPI.DLL
0x00007ff9ee4b0000 - 0x00007ff9ee4b9000 	C:\WINDOWS\SYSTEM32\WSOCK32.dll
0x00007ff9f4910000 - 0x00007ff9f4934000 	C:\WINDOWS\SYSTEM32\WINMM.dll
0x00007ff9f9ca0000 - 0x00007ff9f9d0f000 	C:\WINDOWS\System32\WS2_32.dll
0x00007ff9f48e0000 - 0x00007ff9f490d000 	C:\WINDOWS\SYSTEM32\WINMMBASE.dll
0x00007ff9f7270000 - 0x00007ff9f72ba000 	C:\WINDOWS\System32\cfgmgr32.dll
0x00007ff9f7130000 - 0x00007ff9f7141000 	C:\WINDOWS\System32\kernel.appcore.dll
0x00007ff9ea2d0000 - 0x00007ff9ea2e0000 	C:\Program Files\Java\jdk-13.0.2\bin\verify.dll
0x00007ff9f5b00000 - 0x00007ff9f5cf4000 	C:\WINDOWS\SYSTEM32\DBGHELP.DLL
0x00007ff9e18d0000 - 0x00007ff9e18fa000 	C:\WINDOWS\SYSTEM32\dbgcore.DLL
0x00007ff9d9ca0000 - 0x00007ff9d9cc6000 	C:\Program Files\Java\jdk-13.0.2\bin\java.dll
0x00007ff9d4190000 - 0x00007ff9d41a7000 	C:\Program Files\Java\jdk-13.0.2\bin\zip.dll
0x00007ff9ea230000 - 0x00007ff9ea23a000 	C:\Program Files\Java\jdk-13.0.2\bin\jimage.dll
0x00007ff9f8560000 - 0x00007ff9f8c44000 	C:\WINDOWS\System32\SHELL32.dll
0x00007ff9f8c90000 - 0x00007ff9f8d39000 	C:\WINDOWS\System32\shcore.dll
0x00007ff9f78c0000 - 0x00007ff9f803e000 	C:\WINDOWS\System32\windows.storage.dll
0x00007ff9f71c0000 - 0x00007ff9f71e3000 	C:\WINDOWS\System32\profapi.dll
0x00007ff9f7170000 - 0x00007ff9f71ba000 	C:\WINDOWS\System32\powrprof.dll
0x00007ff9f7120000 - 0x00007ff9f7130000 	C:\WINDOWS\System32\UMPDC.dll
0x00007ff9f9c40000 - 0x00007ff9f9c92000 	C:\WINDOWS\System32\shlwapi.dll
0x00007ff9f82f0000 - 0x00007ff9f8307000 	C:\WINDOWS\System32\cryptsp.dll
0x00007ff9d4170000 - 0x00007ff9d4189000 	C:\Program Files\Java\jdk-13.0.2\bin\net.dll
0x00007ff9e8c60000 - 0x00007ff9e8d50000 	C:\WINDOWS\SYSTEM32\WINHTTP.dll
0x00007ff9f6990000 - 0x00007ff9f69f7000 	C:\WINDOWS\system32\mswsock.dll
0x00007ff9d3f30000 - 0x00007ff9d3f43000 	C:\Program Files\Java\jdk-13.0.2\bin\nio.dll
0x00007ff9d9730000 - 0x00007ff9d9790000 	C:\Users\jtkom\AppData\Local\Temp\lwjgljtkom\3.2.1-build-3\lwjgl.dll
0x00007ff9a2740000 - 0x00007ff9a2854000 	C:\Users\jtkom\AppData\Local\Temp\lwjgljtkom\3.2.1-build-3\OpenAL.dll
0x00007ff9f9600000 - 0x00007ff9f9757000 	C:\WINDOWS\System32\ole32.dll
0x00007ff9f9800000 - 0x00007ff9f98a2000 	C:\WINDOWS\System32\clbcatq.dll
0x00007ff9f17f0000 - 0x00007ff9f1862000 	C:\WINDOWS\System32\MMDevApi.dll
0x00007ff9f6f20000 - 0x00007ff9f6f4a000 	C:\WINDOWS\System32\DEVOBJ.dll
0x00007ff9f1b60000 - 0x00007ff9f1cbd000 	C:\WINDOWS\SYSTEM32\AUDIOSES.DLL
0x00007ff9f8e30000 - 0x00007ff9f8ef4000 	C:\WINDOWS\System32\OLEAUT32.dll
0x00007ff9f2580000 - 0x00007ff9f26d3000 	C:\WINDOWS\SYSTEM32\wintypes.dll
0x00007ff9f5470000 - 0x00007ff9f5484000 	C:\WINDOWS\SYSTEM32\resourcepolicyclient.dll
0x00007ff9ad210000 - 0x00007ff9ad26e000 	C:\Users\jtkom\AppData\Local\Temp\lwjgljtkom\3.2.1-build-3\glfw.dll
0x00007ff9f5130000 - 0x00007ff9f51c9000 	C:\WINDOWS\system32\uxtheme.dll
0x00007ff9a6fd0000 - 0x00007ff9a7013000 	C:\WINDOWS\SYSTEM32\dinput8.dll
0x00007ff9df6e0000 - 0x00007ff9df6f1000 	C:\WINDOWS\SYSTEM32\xinput1_4.dll
0x00007ff9f5490000 - 0x00007ff9f54bd000 	C:\WINDOWS\SYSTEM32\dwmapi.dll
0x00007ff9e99c0000 - 0x00007ff9e9adb000 	C:\WINDOWS\SYSTEM32\inputhost.dll
0x00007ff9f1e70000 - 0x00007ff9f219a000 	C:\WINDOWS\SYSTEM32\CoreUIComponents.dll
0x00007ff9f4cb0000 - 0x00007ff9f4d84000 	C:\WINDOWS\SYSTEM32\CoreMessaging.dll
0x00007ff9f3770000 - 0x00007ff9f3860000 	C:\WINDOWS\SYSTEM32\PROPSYS.dll
0x00007ff9f6160000 - 0x00007ff9f6191000 	C:\WINDOWS\SYSTEM32\ntmarta.dll
0x00007ff9f94b0000 - 0x00007ff9f95e6000 	C:\WINDOWS\System32\MSCTF.dll
0x00007ff99e210000 - 0x00007ff99e31d000 	C:\Program Files (x86)\Razer\Razer Cortex\x64\k_fps64.dll
0x00007ff9bfb30000 - 0x00007ff9bfbaf000 	C:\Program Files (x86)\Razer\Razer Cortex\x64\d3dx10_43.dll
0x00007ff9e3f10000 - 0x00007ff9e3f67000 	C:\Program Files (x86)\Razer\Razer Cortex\x64\EasyHook64.dll
0x00007ff9ca320000 - 0x00007ff9ca476000 	C:\WINDOWS\SYSTEM32\OPENGL32.dll
0x00007ff99dd30000 - 0x00007ff99df93000 	C:\Program Files (x86)\Razer\Razer Cortex\x64\d3dx9_43.dll
0x00007ff99dfa0000 - 0x00007ff99e20f000 	C:\Program Files (x86)\Razer\Razer Cortex\x64\D3DCOMPILER_43.dll
0x00007ff9ca2f0000 - 0x00007ff9ca31c000 	C:\WINDOWS\SYSTEM32\GLU32.dll
0x00007ff9f5d60000 - 0x00007ff9f5d80000 	C:\WINDOWS\SYSTEM32\dxcore.dll
0x00007ff9f5a40000 - 0x00007ff9f5a4e000 	C:\WINDOWS\SYSTEM32\HID.DLL
0x00007ff9f8fe0000 - 0x00007ff9f9450000 	C:\WINDOWS\System32\SETUPAPI.DLL
0x00007ff9f7360000 - 0x00007ff9f7386000 	C:\WINDOWS\System32\bcrypt.dll
0x00007ff9f7540000 - 0x00007ff9f759c000 	C:\WINDOWS\System32\WINTRUST.dll
0x00007ff9f7150000 - 0x00007ff9f7162000 	C:\WINDOWS\System32\MSASN1.dll
0x00007ff9f7770000 - 0x00007ff9f78b9000 	C:\WINDOWS\System32\CRYPT32.dll
0x00007ff9827c0000 - 0x00007ff984ee4000 	C:\WINDOWS\System32\DriverStore\FileRepository\nvlti.inf_amd64_8156ccdc8580286a\nvoglv64.dll
0x00007ff9f38c0000 - 0x00007ff9f38d3000 	C:\WINDOWS\SYSTEM32\WTSAPI32.dll
0x00007ff99da70000 - 0x00007ff99dd27000 	C:\WINDOWS\system32\nvspcap64.dll
0x00007ff9f61d0000 - 0x00007ff9f6226000 	C:\WINDOWS\SYSTEM32\WINSTA.dll
0x00007ff9f5e00000 - 0x00007ff9f5eeb000 	C:\WINDOWS\SYSTEM32\dxgi.dll
0x00007ff9f4010000 - 0x00007ff9f426b000 	C:\WINDOWS\SYSTEM32\d3d11.dll
0x00007ff9c8710000 - 0x00007ff9c87ff000 	C:\WINDOWS\System32\DriverStore\FileRepository\nvlti.inf_amd64_8156ccdc8580286a\nvldumdx.dll
0x00007ff9ee470000 - 0x00007ff9ee49f000 	C:\WINDOWS\SYSTEM32\cryptnet.dll
0x00007ff9f6b60000 - 0x00007ff9f6b6c000 	C:\WINDOWS\SYSTEM32\cryptbase.dll
0x00007ff9f8d40000 - 0x00007ff9f8d5d000 	C:\WINDOWS\System32\imagehlp.dll
0x00007ff9f6500000 - 0x00007ff9f6533000 	C:\WINDOWS\system32\rsaenh.dll
0x00007ff9b0930000 - 0x00007ff9b3104000 	C:\WINDOWS\System32\DriverStore\FileRepository\nvlti.inf_amd64_8156ccdc8580286a\nvwgf2umx.dll
0x00007ff9e8d50000 - 0x00007ff9e9236000 	C:\WINDOWS\SYSTEM32\nvapi64.dll
0x00007ff9e9ae0000 - 0x00007ff9e9b7e000 	C:\WINDOWS\System32\TextInputFramework.dll
0x00007ff9e7890000 - 0x00007ff9e7b36000 	C:\WINDOWS\System32\iertutil.dll
0x00007ff9a4ca0000 - 0x00007ff9a4cfa000 	C:\Users\jtkom\AppData\Local\Temp\lwjgljtkom\3.2.1-build-3\lwjgl_opengl.dll

dbghelp: loaded successfully - version: 4.0.5 - missing functions: none
symbol engine: initialized successfully - sym options: 0x614 - pdb path: .;C:\Program Files\Java\jdk-13.0.2\bin;C:\WINDOWS\SYSTEM32;C:\WINDOWS\WinSxS\amd64_microsoft.windows.common-controls_6595b64144ccf1df_6.0.18362.836_none_e6c4b943130f18ed;C:\Program Files\Java\jdk-13.0.2\bin\server;C:\Users\jtkom\AppData\Local\Temp\lwjgljtkom\3.2.1-build-3;C:\Program Files (x86)\Razer\Razer Cortex\x64;C:\WINDOWS\System32\DriverStore\FileRepository\nvlti.inf_amd64_8156ccdc8580286a

VM Arguments:
jvm_args: -Dfile.encoding=Cp1252 
java_command: gameEngine.Start
java_class_path (initial): D:\game3\Game\src;D:\game3\Game\libwin\slick-util.jar;D:\game3\Game\libwin\lwjgl-zstd-sources.jar;D:\game3\Game\libwin\lwjgl-zstd-natives-windows.jar;D:\game3\Game\libwin\lwjgl-zstd-javadoc.jar;D:\game3\Game\libwin\lwjgl-zstd.jar;D:\game3\Game\libwin\lwjgl-yoga-sources.jar;D:\game3\Game\libwin\lwjgl-yoga-natives-windows.jar;D:\game3\Game\libwin\lwjgl-yoga-javadoc.jar;D:\game3\Game\libwin\lwjgl-yoga.jar;D:\game3\Game\libwin\lwjgl-xxhash-sources.jar;D:\game3\Game\libwin\lwjgl-xxhash-natives-windows.jar;D:\game3\Game\libwin\lwjgl-xxhash-javadoc.jar;D:\game3\Game\libwin\lwjgl-xxhash.jar;D:\game3\Game\libwin\lwjgl-vulkan-sources.jar;D:\game3\Game\libwin\lwjgl-vulkan-javadoc.jar;D:\game3\Game\libwin\lwjgl-vulkan.jar;D:\game3\Game\libwin\lwjgl-vma-sources.jar;D:\game3\Game\libwin\lwjgl-vma-natives-windows.jar;D:\game3\Game\libwin\lwjgl-vma-javadoc.jar;D:\game3\Game\libwin\lwjgl-vma.jar;D:\game3\Game\libwin\lwjgl-tootle-sources.jar;D:\game3\Game\libwin\lwjgl-tootle-natives-windows.jar;D:\game3\Game\libwin\lwjgl-tootle-javadoc.jar;D:\game3\Game\libwin\lwjgl-tootle.jar;D:\game3\Game\libwin\lwjgl-tinyfd-sources.jar;D:\game3\Game\libwin\lwjgl-tinyfd-natives-windows.jar;D:\game3\Game\libwin\lwjgl-tinyfd-javadoc.jar;D:\game3\Game\libwin\lwjgl-tinyfd.jar;D:\game3\Game\libwin\lwjgl-tinyexr-sources.jar;D:\game3\Game\libwin\lwjgl-tinyexr-natives-windows.jar;D:\game3\Game\libwin\lwjgl-tinyexr-javadoc.jar;D:\game3\Game\libwin\lwjgl-tinyexr.jar;D:\game3\Game\libwin\lwjgl-stb-sources.jar;D:\game3\Game\libwin\lwjgl-stb-natives-windows.jar;D:\game3\Game\libwin\lwjgl-stb-javadoc.jar;D:\game3\Game\libwin\lwjgl-stb.jar;D:\game3\Game\libwin\lwjgl-sse-sources.jar;D:\game3\Game\libwin\lwjgl-sse-natives-windows.jar;D:\game3\Game\libwin\lwjgl-sse-javadoc.jar;D:\game3\Game\libwin\lwjgl-sse.jar;D:\game3\Game\libwin\lwjgl-sources.jar;D:\game3\Game\libwin\lwjgl-rpmalloc-sources.jar;D:\game3\Game\libwin\lwjgl-rpmalloc-natives-windows.jar;D:\game3\Game\libwin\lwjgl-rpmalloc-
Launcher Type: SUN_STANDARD

[Global flags]
     intx CICompilerCount                          = 4                                         {product} {ergonomic}
     uint ConcGCThreads                            = 2                                         {product} {ergonomic}
     uint G1ConcRefinementThreads                  = 8                                         {product} {ergonomic}
   size_t G1HeapRegionSize                         = 1048576                                   {product} {ergonomic}
    uintx GCDrainStackTargetSize                   = 64                                        {product} {ergonomic}
   size_t InitialHeapSize                          = 266338304                                 {product} {ergonomic}
   size_t MarkStackSize                            = 4194304                                   {product} {ergonomic}
   size_t MaxHeapSize                              = 4259315712                                {product} {ergonomic}
   size_t MaxNewSize                               = 2555379712                                {product} {ergonomic}
   size_t MinHeapDeltaBytes                        = 1048576                                   {product} {ergonomic}
   size_t MinHeapSize                              = 8388608                                   {product} {ergonomic}
    uintx NonNMethodCodeHeapSize                   = 5839372                                {pd product} {ergonomic}
    uintx NonProfiledCodeHeapSize                  = 122909434                              {pd product} {ergonomic}
    uintx ProfiledCodeHeapSize                     = 122909434                              {pd product} {ergonomic}
    uintx ReservedCodeCacheSize                    = 251658240                              {pd product} {ergonomic}
     bool SegmentedCodeCache                       = true                                      {product} {ergonomic}
   size_t SoftMaxHeapSize                          = 4259315712                             {manageable} {ergonomic}
     bool UseCompressedClassPointers               = true                                 {lp64_product} {ergonomic}
     bool UseCompressedOops                        = true                                 {lp64_product} {ergonomic}
     bool UseG1GC                                  = true                                      {product} {ergonomic}
     bool UseLargePagesIndividualAllocation        = false                                  {pd product} {ergonomic}

Logging:
Log output configuration:
 #0: stdout all=warning uptime,level,tags
 #1: stderr all=off uptime,level,tags

Environment Variables:
PATH=C:/Program Files/Java/jdk-13.0.2/bin/server;C:/Program Files/Java/jdk-13.0.2/bin;C:\MY_CPU_ASSEMBLER\MY_CPU_ASSEMBLER\bin\Release;C:\Program Files\Intel\Intel(R) Management Engine Components\iCLS\;C:\Windows\system32;C:\Windows;C:\Windows\System32\Wbem;C:\Windows\System32\WindowsPowerShell\v1.0\;C:\Windows\System32\OpenSSH\;C:\Program Files (x86)\Intel\Intel(R) Management Engine Components\DAL;C:\Program Files\Intel\Intel(R) Management Engine Components\DAL;C:\Program Files (x86)\Intel\Intel(R) Management Engine Components\IPT;C:\Program Files\Intel\Intel(R) Management Engine Components\IPT;C:\WINDOWS\system32;C:\WINDOWS;C:\WINDOWS\System32\Wbem;C:\WINDOWS\System32\WindowsPowerShell\v1.0\;C:\WINDOWS\System32\OpenSSH\;C:\Program Files\NVIDIA Corporation\NVIDIA NvDLISR;C:\Program Files (x86)\NVIDIA Corporation\PhysX\Common;C:\Program Files\Java\jdk-13.0.2\bin\;C:\MinGW\bin;C:\Program Files (x86)\Vim\vim82;C:\Program Files\dotnet\;C:\Program Files\Git\cmd;C:\Program Files (x86)\QuickTime\QTSystem\;C:\Program Files\CMake\bin;C:\Users\jtkom\AppData\Local\Microsoft\WindowsApps;C:\Users\jtkom\AppData\Local\GitHubDesktop\bin;C:\CodeRepository\eclipse;
USERNAME=jtkom
OS=Windows_NT
PROCESSOR_IDENTIFIER=Intel64 Family 6 Model 158 Stepping 9, GenuineIntel



---------------  S Y S T E M  ---------------

OS: Windows 10 , 64 bit Build 18362 (10.0.18362.778)

CPU:total 8 (initial active 8) (4 cores per cpu, 2 threads per core) family 6 model 158 stepping 9, cmov, cx8, fxsr, mmx, sse, sse2, sse3, ssse3, sse4.1, sse4.2, popcnt, avx, avx2, aes, clmul, erms, 3dnowpref, lzcnt, ht, tsc, tscinvbit, bmi1, bmi2, adx, fma

Memory: 4k page, system-wide physical 16244M (7421M free)
TotalPageFile size 32628M (AvailPageFile size 18521M)
current process WorkingSet (physical memory assigned to process): 180M, peak: 180M
current process commit charge ("private bytes"): 470M, peak: 470M

vm_info: Java HotSpot(TM) 64-Bit Server VM (13.0.2+8) for windows-amd64 JRE (13.0.2+8), built on Dec 11 2019 09:20:33 by "mach5one" with unknown MS VC++:1916

END.
