#
# A fatal error has been detected by the Java Runtime Environment:
#
#  EXCEPTION_ACCESS_VIOLATION (0xc0000005) at pc=0x00007fff3f22e2e0, pid=22048, tid=21636
#
# JRE version: Java(TM) SE Runtime Environment (13.0.2+8) (build 13.0.2+8)
# Java VM: Java HotSpot(TM) 64-Bit Server VM (13.0.2+8, mixed mode, sharing, tiered, compressed oops, g1 gc, windows-amd64)
# Problematic frame:
# C  [nvoglv64.dll+0xc7e2e0]
#
# No core dump will be written. Minidumps are not enabled by default on client versions of Windows
#
# If you would like to submit a bug report, please visit:
#   http://bugreport.java.com/bugreport/crash.jsp
# The crash happened outside the Java Virtual Machine in native code.
# See problematic frame for where to report the bug.
#

---------------  S U M M A R Y ------------

Command Line: -Dfile.encoding=Cp1252 gameEngine.Start

Host: Intel(R) Core(TM) i7-7700HQ CPU @ 2.80GHz, 8 cores, 15G,  Windows 10 , 64 bit Build 18362 (10.0.18362.778)
Time: Thu Jun  4 17:33:36 2020 Pacific Daylight Time elapsed time: 75 seconds (0d 0h 1m 15s)

---------------  T H R E A D  ---------------

Current thread (0x000001995cdc9000):  JavaThread "main" [_thread_in_native, id=21636, stack(0x0000004595700000,0x0000004595800000)]

Stack: [0x0000004595700000,0x0000004595800000],  sp=0x00000045957fe918,  free space=1018k
Native frames: (J=compiled Java code, j=interpreted, Vv=VM code, C=native code)
C  [nvoglv64.dll+0xc7e2e0]

Java frames: (J=compiled Java code, j=interpreted, Vv=VM code)
J 1547  org.lwjgl.opengl.GL11C.nglDrawElements(IIIJ)V (0 bytes) @ 0x000001996e63869e [0x000001996e638640+0x000000000000005e]
J 1671 c2 rendering.MainBatchRender.draw()V (60 bytes) @ 0x000001996e67eb70 [0x000001996e67d620+0x0000000000001550]
J 1684% c1 gameEngine.Start.main([Ljava/lang/String;)V (4620 bytes) @ 0x000001996736bbe4 [0x0000019967354dc0+0x0000000000016e24]
v  ~StubRoutines::call_stub

siginfo: EXCEPTION_ACCESS_VIOLATION (0xc0000005), reading address 0x0000000000000000


Register to memory mapping:

RIP=0x00007fff3f22e2e0 nvoglv64.dll
RAX=0x0 is NULL
RBX=0x000001990a0188d0 points into unknown readable memory: 00 00 00 00 00 00 00 00
RCX=0x000001990a0188d0 points into unknown readable memory: 00 00 00 00 00 00 00 00
RDX=0x0000000000000008 is an unknown value
RSP=0x00000045957fe918 is pointing into the stack for thread: 0x000001995cdc9000
RBP=0x0000000000000008 is an unknown value
RSI=0x0000000000000003 is an unknown value
RDI=0x000001990ac1bec0 points into unknown readable memory: 00 00 00 00 00 00 00 00
R8 =0x000000000000000c is an unknown value
R9 =0x0000000000000024 is an unknown value
R10=0x000000000000000c is an unknown value
R11=0x0 is NULL
R12=0x0 is NULL
R13=0x000001990ac1bb30 points into unknown readable memory: 00 00 00 00 00 00 00 00
R14=0x000001990707d05c points into unknown readable memory: 62 40 02 20
R15=0x00007fff3f22e2d0 nvoglv64.dll


Registers:
RAX=0x0000000000000000, RBX=0x000001990a0188d0, RCX=0x000001990a0188d0, RDX=0x0000000000000008
RSP=0x00000045957fe918, RBP=0x0000000000000008, RSI=0x0000000000000003, RDI=0x000001990ac1bec0
R8 =0x000000000000000c, R9 =0x0000000000000024, R10=0x000000000000000c, R11=0x0000000000000000
R12=0x0000000000000000, R13=0x000001990ac1bb30, R14=0x000001990707d05c, R15=0x00007fff3f22e2d0
RIP=0x00007fff3f22e2e0, EFLAGS=0x0000000000010202

Top of Stack: (sp=0x00000045957fe918)
0x00000045957fe918:   00007fff3f2f4ec1 00000000164a8690
0x00000045957fe928:   0000000000000000 000001990abc0000
0x00000045957fe938:   00000000000006c0 0000019900000000
0x00000045957fe948:   00007fff3eb8f247 0000019900000000
0x00000045957fe958:   0000000000000003 000000000000000f
0x00000045957fe968:   00000000164a8a80 000001990a0188d0
0x00000045957fe978:   10c0000000000000 0000019904503e70
0x00000045957fe988:   0000000000000004 000001990abc0000
0x00000045957fe998:   0000019904503e70 0000000000000000
0x00000045957fe9a8:   0000000000000000 0000000000000004
0x00000045957fe9b8:   000001990abc0000 0000000000001405
0x00000045957fe9c8:   0000000000000024 0000000000000036
0x00000045957fe9d8:   00007fff3f2e5e60 000001990abc0000
0x00000045957fe9e8:   0000000000000000 0000000000000024
0x00000045957fe9f8:   0000019900000000 0000019900001400
0x00000045957fea08:   0000000000000000 00000045957fea70 

Instructions: (pc=0x00007fff3f22e2e0)
0x00007fff3f22e1e0:   77 7b ba 0f 00 00 00 e8 d4 ed 01 00 8b 87 d4 03
0x00007fff3f22e1f0:   00 00 4c 8d 4c 24 68 44 8b 87 0c 23 00 00 48 8d
0x00007fff3f22e200:   54 24 40 83 e8 18 41 c1 e0 10 89 44 24 48 41 81
0x00007fff3f22e210:   f0 d0 85 ef be 44 03 c0 89 5c 24 60 48 8d 05 7d
0x00007fff3f22e220:   4d 1b 01 48 c7 44 24 40 0c 00 00 00 48 89 44 24
0x00007fff3f22e230:   30 48 8b cf 48 8d 44 24 60 c7 44 24 28 09 00 00
0x00007fff3f22e240:   00 48 89 44 24 20 e8 b5 5b ff ff 39 5c 24 60 75
0x00007fff3f22e250:   0c 8b 44 24 68 89 87 e8 22 00 00 eb 05 bb ff ff
0x00007fff3f22e260:   ff ff 8b d6 48 8b cf e8 54 ed 01 00 48 8b 74 24
0x00007fff3f22e270:   78 8b c3 48 8b 5c 24 70 48 83 c4 50 5f c3 cc cc
0x00007fff3f22e280:   4d 63 d0 0f 1f 40 00 66 0f 1f 84 00 00 00 00 00
0x00007fff3f22e290:   8b 02 49 03 d2 89 01 48 83 c1 04 41 83 e9 01 75
0x00007fff3f22e2a0:   ef 48 8b c1 c3 cc cc cc cc cc cc cc cc cc cc cc
0x00007fff3f22e2b0:   4d 63 d0 8b 02 89 01 8b 42 04 49 03 d2 89 41 04
0x00007fff3f22e2c0:   48 83 c1 08 41 83 e9 01 75 e9 48 8b c1 c3 cc cc
0x00007fff3f22e2d0:   4d 63 d0 48 83 c2 08 66 0f 1f 84 00 00 00 00 00
0x00007fff3f22e2e0:   8b 42 f8 89 01 8b 42 fc 89 41 04 8b 02 49 03 d2
0x00007fff3f22e2f0:   89 41 08 48 83 c1 0c 41 83 e9 01 75 e3 48 8b c1
0x00007fff3f22e300:   c3 cc cc cc cc cc cc cc cc cc cc cc cc cc cc cc
0x00007fff3f22e310:   4d 63 d0 48 83 c2 08 66 0f 1f 84 00 00 00 00 00
0x00007fff3f22e320:   8b 42 f8 89 01 8b 42 fc 89 41 04 8b 02 89 41 08
0x00007fff3f22e330:   8b 42 04 49 03 d2 89 41 0c 48 83 c1 10 41 83 e9
0x00007fff3f22e340:   01 75 dd 48 8b c1 c3 cc cc cc cc cc cc cc cc cc
0x00007fff3f22e350:   49 63 c0 0f 1f 40 00 66 0f 1f 84 00 00 00 00 00
0x00007fff3f22e360:   f2 0f 10 02 48 03 d0 66 0f 5a c0 f3 0f 11 01 48
0x00007fff3f22e370:   83 c1 04 41 83 e9 01 75 e7 48 8b c1 c3 cc cc cc
0x00007fff3f22e380:   49 63 c0 f2 0f 10 02 66 0f 5a c0 f3 0f 11 01 f2
0x00007fff3f22e390:   0f 10 4a 08 48 03 d0 66 0f 5a c9 f3 0f 11 49 04
0x00007fff3f22e3a0:   48 83 c1 08 41 83 e9 01 75 d9 48 8b c1 c3 cc cc
0x00007fff3f22e3b0:   49 63 c0 48 83 c2 10 66 0f 1f 84 00 00 00 00 00
0x00007fff3f22e3c0:   f2 0f 10 42 f0 66 0f 5a c0 f3 0f 11 01 f2 0f 10
0x00007fff3f22e3d0:   4a f8 66 0f 5a c9 f3 0f 11 49 04 f2 0f 10 02 48 


Stack slot to memory mapping:
stack at sp + 0 slots: 0x00007fff3f2f4ec1 nvoglv64.dll
stack at sp + 1 slots: 0x00000000164a8690 is an unknown value
stack at sp + 2 slots: 0x0 is NULL
stack at sp + 3 slots: 0x000001990abc0000 points into unknown readable memory: 80 40 2d 04 99 01 00 00
stack at sp + 4 slots: 0x00000000000006c0 is an unknown value
stack at sp + 5 slots: 0x0000019900000000 points into unknown readable memory: 00 00 00 00 00 00 00 00
stack at sp + 6 slots: 0x00007fff3eb8f247 nvoglv64.dll
stack at sp + 7 slots: 0x0000019900000000 points into unknown readable memory: 00 00 00 00 00 00 00 00


---------------  P R O C E S S  ---------------

Threads class SMR info:
_java_thread_list=0x0000019af9072b80, length=10, elements={
0x000001995cdc9000, 0x0000019902971000, 0x0000019902975000, 0x000001990297e000,
0x0000019903213000, 0x0000019903214000, 0x000001990321e000, 0x0000019903223800,
0x0000019903365800, 0x00000199033ce800
}

Java Threads: ( => current thread )
=>0x000001995cdc9000 JavaThread "main" [_thread_in_native, id=21636, stack(0x0000004595700000,0x0000004595800000)]
  0x0000019902971000 JavaThread "Reference Handler" daemon [_thread_blocked, id=8812, stack(0x0000004595e00000,0x0000004595f00000)]
  0x0000019902975000 JavaThread "Finalizer" daemon [_thread_blocked, id=4444, stack(0x0000004595f00000,0x0000004596000000)]
  0x000001990297e000 JavaThread "Signal Dispatcher" daemon [_thread_blocked, id=20784, stack(0x0000004596000000,0x0000004596100000)]
  0x0000019903213000 JavaThread "Attach Listener" daemon [_thread_blocked, id=20540, stack(0x0000004596100000,0x0000004596200000)]
  0x0000019903214000 JavaThread "C2 CompilerThread0" daemon [_thread_blocked, id=23196, stack(0x0000004596200000,0x0000004596300000)]
  0x000001990321e000 JavaThread "C1 CompilerThread0" daemon [_thread_blocked, id=18620, stack(0x0000004596300000,0x0000004596400000)]
  0x0000019903223800 JavaThread "Sweeper thread" daemon [_thread_blocked, id=23508, stack(0x0000004596400000,0x0000004596500000)]
  0x0000019903365800 JavaThread "Service Thread" daemon [_thread_blocked, id=9436, stack(0x0000004596500000,0x0000004596600000)]
  0x00000199033ce800 JavaThread "Common-Cleaner" daemon [_thread_blocked, id=10784, stack(0x0000004596700000,0x0000004596800000)]

Other Threads:
  0x000001990296e800 VMThread "VM Thread" [stack: 0x0000004595d00000,0x0000004595e00000] [id=21788]
  0x0000019903357800 WatcherThread [stack: 0x0000004596600000,0x0000004596700000] [id=21384]
  0x000001995ce34800 GCTaskThread "GC Thread#0" [stack: 0x0000004595800000,0x0000004595900000] [id=17896]
  0x000001990448d800 GCTaskThread "GC Thread#1" [stack: 0x0000004597400000,0x0000004597500000] [id=20896]
  0x0000019904493800 GCTaskThread "GC Thread#2" [stack: 0x0000004597500000,0x0000004597600000] [id=18624]
  0x0000019904492000 GCTaskThread "GC Thread#3" [stack: 0x0000004597600000,0x0000004597700000] [id=19656]
  0x0000019904491800 GCTaskThread "GC Thread#4" [stack: 0x0000004597700000,0x0000004597800000] [id=3264]
  0x0000019904493000 GCTaskThread "GC Thread#5" [stack: 0x0000004597800000,0x0000004597900000] [id=3080]
  0x000001995ce56800 ConcurrentGCThread "G1 Main Marker" [stack: 0x0000004595900000,0x0000004595a00000] [id=13180]
  0x000001995ce5b800 ConcurrentGCThread "G1 Conc#0" [stack: 0x0000004595a00000,0x0000004595b00000] [id=19108]
  0x000001990286c000 ConcurrentGCThread "G1 Refine#0" [stack: 0x0000004595b00000,0x0000004595c00000] [id=17568]
  0x0000019a3ea03800 ConcurrentGCThread "G1 Refine#1" [stack: 0x0000004597900000,0x0000004597a00000] [id=22616]
  0x0000019a3ea04000 ConcurrentGCThread "G1 Refine#2" [stack: 0x0000004597a00000,0x0000004597b00000] [id=14020]
  0x0000019c0e1e2800 ConcurrentGCThread "G1 Refine#3" [stack: 0x0000004597b00000,0x0000004597c00000] [id=556]
  0x0000019ac3484000 ConcurrentGCThread "G1 Refine#4" [stack: 0x0000004597c00000,0x0000004597d00000] [id=21048]
  0x0000019bf0143800 ConcurrentGCThread "G1 Refine#5" [stack: 0x0000004597d00000,0x0000004597e00000] [id=8832]
  0x0000019bf0144000 ConcurrentGCThread "G1 Refine#6" [stack: 0x0000004597e00000,0x0000004597f00000] [id=18868]
  0x0000019b3d7e4800 ConcurrentGCThread "G1 Refine#7" [stack: 0x0000004597f00000,0x0000004598000000] [id=16768]
  0x000001990286d800 ConcurrentGCThread "G1 Young RemSet Sampling" [stack: 0x0000004595c00000,0x0000004595d00000] [id=20108]

Threads with active compile tasks:

VM state:not at safepoint (normal execution)

VM Mutex/Monitor currently owned by a thread: None

Heap address: 0x0000000702200000, size: 4062 MB, Compressed Oops mode: Zero based, Oop shift amount: 3
Narrow klass base: 0x0000000800000000, Narrow klass shift: 3
Compressed class space size: 1073741824 Address: 0x0000000800b40000

Heap:
 garbage-first heap   total 260096K, used 173769K [0x0000000702200000, 0x0000000800000000)
  region size 1024K, 132 young (135168K), 11 survivors (11264K)
 Metaspace       used 8518K, capacity 11091K, committed 11264K, reserved 1060864K
  class space    used 430K, capacity 725K, committed 768K, reserved 1048576K
Heap Regions: E=young(eden), S=young(survivor), O=old, HS=humongous(starts), HC=humongous(continues), CS=collection set, F=free, A=archive, TAMS=top-at-mark-start (previous, next)
|   0|0x0000000702200000, 0x0000000702300000, 0x0000000702300000|100%| O|  |TAMS 0x0000000702200000, 0x0000000702200000| Untracked 
|   1|0x0000000702300000, 0x0000000702400000, 0x0000000702400000|100%| O|  |TAMS 0x0000000702300000, 0x0000000702300000| Untracked 
|   2|0x0000000702400000, 0x0000000702500000, 0x0000000702500000|100%| O|  |TAMS 0x0000000702400000, 0x0000000702400000| Untracked 
|   3|0x0000000702500000, 0x0000000702600000, 0x0000000702600000|100%| O|  |TAMS 0x0000000702500000, 0x0000000702500000| Untracked 
|   4|0x0000000702600000, 0x0000000702700000, 0x0000000702700000|100%| O|  |TAMS 0x0000000702600000, 0x0000000702600000| Untracked 
|   5|0x0000000702700000, 0x0000000702800000, 0x0000000702800000|100%| O|  |TAMS 0x0000000702700000, 0x0000000702700000| Untracked 
|   6|0x0000000702800000, 0x0000000702900000, 0x0000000702900000|100%| O|  |TAMS 0x0000000702800000, 0x0000000702800000| Untracked 
|   7|0x0000000702900000, 0x0000000702a00000, 0x0000000702a00000|100%| O|  |TAMS 0x0000000702900000, 0x0000000702900000| Untracked 
|   8|0x0000000702a00000, 0x0000000702b00000, 0x0000000702b00000|100%| O|  |TAMS 0x0000000702a00000, 0x0000000702a00000| Untracked 
|   9|0x0000000702b00000, 0x0000000702c00000, 0x0000000702c00000|100%| O|  |TAMS 0x0000000702b00000, 0x0000000702b00000| Untracked 
|  10|0x0000000702c00000, 0x0000000702d00000, 0x0000000702d00000|100%| O|  |TAMS 0x0000000702c00000, 0x0000000702c00000| Untracked 
|  11|0x0000000702d00000, 0x0000000702e00000, 0x0000000702e00000|100%| O|  |TAMS 0x0000000702d00000, 0x0000000702d00000| Untracked 
|  12|0x0000000702e00000, 0x0000000702f00000, 0x0000000702f00000|100%| O|  |TAMS 0x0000000702e00000, 0x0000000702e00000| Untracked 
|  13|0x0000000702f00000, 0x0000000703000000, 0x0000000703000000|100%| O|  |TAMS 0x0000000702f00000, 0x0000000702f00000| Untracked 
|  14|0x0000000703000000, 0x0000000703100000, 0x0000000703100000|100%| O|  |TAMS 0x0000000703000000, 0x0000000703000000| Untracked 
|  15|0x0000000703100000, 0x0000000703200000, 0x0000000703200000|100%| O|  |TAMS 0x0000000703100000, 0x0000000703100000| Untracked 
|  16|0x0000000703200000, 0x0000000703300000, 0x0000000703300000|100%| O|  |TAMS 0x0000000703200000, 0x0000000703200000| Untracked 
|  17|0x0000000703300000, 0x0000000703400000, 0x0000000703400000|100%| O|  |TAMS 0x0000000703300000, 0x0000000703300000| Untracked 
|  18|0x0000000703400000, 0x0000000703500000, 0x0000000703500000|100%| O|  |TAMS 0x0000000703400000, 0x0000000703400000| Untracked 
|  19|0x0000000703500000, 0x0000000703600000, 0x0000000703600000|100%| O|  |TAMS 0x0000000703500000, 0x0000000703500000| Untracked 
|  20|0x0000000703600000, 0x0000000703700000, 0x0000000703700000|100%| O|  |TAMS 0x0000000703600000, 0x0000000703600000| Untracked 
|  21|0x0000000703700000, 0x0000000703800000, 0x0000000703800000|100%| O|  |TAMS 0x0000000703700000, 0x0000000703700000| Untracked 
|  22|0x0000000703800000, 0x0000000703900000, 0x0000000703900000|100%| O|  |TAMS 0x0000000703800000, 0x0000000703800000| Untracked 
|  23|0x0000000703900000, 0x0000000703a00000, 0x0000000703a00000|100%| O|  |TAMS 0x0000000703900000, 0x0000000703900000| Untracked 
|  24|0x0000000703a00000, 0x0000000703b00000, 0x0000000703b00000|100%| O|  |TAMS 0x0000000703a00000, 0x0000000703a00000| Untracked 
|  25|0x0000000703b00000, 0x0000000703c00000, 0x0000000703c00000|100%| O|  |TAMS 0x0000000703b00000, 0x0000000703b00000| Untracked 
|  26|0x0000000703c00000, 0x0000000703d00000, 0x0000000703d00000|100%| O|  |TAMS 0x0000000703c00000, 0x0000000703c00000| Untracked 
|  27|0x0000000703d00000, 0x0000000703e00000, 0x0000000703e00000|100%| O|  |TAMS 0x0000000703d00000, 0x0000000703d00000| Untracked 
|  28|0x0000000703e00000, 0x0000000703f00000, 0x0000000703f00000|100%| O|  |TAMS 0x0000000703e00000, 0x0000000703e00000| Untracked 
|  29|0x0000000703f00000, 0x0000000704000000, 0x0000000704000000|100%| O|  |TAMS 0x0000000703f00000, 0x0000000703f00000| Untracked 
|  30|0x0000000704000000, 0x0000000704100000, 0x0000000704100000|100%| O|  |TAMS 0x0000000704000000, 0x0000000704000000| Untracked 
|  31|0x0000000704100000, 0x0000000704200000, 0x0000000704200000|100%| O|  |TAMS 0x0000000704100000, 0x0000000704100000| Untracked 
|  32|0x0000000704200000, 0x0000000704300000, 0x0000000704300000|100%| O|  |TAMS 0x0000000704200000, 0x0000000704200000| Untracked 
|  33|0x0000000704300000, 0x0000000704400000, 0x0000000704400000|100%| O|  |TAMS 0x0000000704300000, 0x0000000704300000| Untracked 
|  34|0x0000000704400000, 0x0000000704500000, 0x0000000704500000|100%| O|  |TAMS 0x0000000704400000, 0x0000000704400000| Untracked 
|  35|0x0000000704500000, 0x0000000704600000, 0x0000000704600000|100%| O|  |TAMS 0x0000000704500000, 0x0000000704500000| Untracked 
|  36|0x0000000704600000, 0x0000000704700000, 0x0000000704700000|100%| O|  |TAMS 0x0000000704600000, 0x0000000704600000| Untracked 
|  37|0x0000000704700000, 0x0000000704800000, 0x0000000704800000|100%| O|  |TAMS 0x0000000704700000, 0x0000000704700000| Untracked 
|  38|0x0000000704800000, 0x00000007048b2400, 0x0000000704900000| 69%| O|  |TAMS 0x0000000704800000, 0x0000000704800000| Untracked 
|  39|0x0000000704900000, 0x0000000704900000, 0x0000000704a00000|  0%| F|  |TAMS 0x0000000704900000, 0x0000000704900000| Untracked 
|  40|0x0000000704a00000, 0x0000000704a00000, 0x0000000704b00000|  0%| F|  |TAMS 0x0000000704a00000, 0x0000000704a00000| Untracked 
|  41|0x0000000704b00000, 0x0000000704b00000, 0x0000000704c00000|  0%| F|  |TAMS 0x0000000704b00000, 0x0000000704b00000| Untracked 
|  42|0x0000000704c00000, 0x0000000704c00000, 0x0000000704d00000|  0%| F|  |TAMS 0x0000000704c00000, 0x0000000704c00000| Untracked 
|  43|0x0000000704d00000, 0x0000000704d00000, 0x0000000704e00000|  0%| F|  |TAMS 0x0000000704d00000, 0x0000000704d00000| Untracked 
|  44|0x0000000704e00000, 0x0000000704e00000, 0x0000000704f00000|  0%| F|  |TAMS 0x0000000704e00000, 0x0000000704e00000| Untracked 
|  45|0x0000000704f00000, 0x0000000704f00000, 0x0000000705000000|  0%| F|  |TAMS 0x0000000704f00000, 0x0000000704f00000| Untracked 
|  46|0x0000000705000000, 0x0000000705000000, 0x0000000705100000|  0%| F|  |TAMS 0x0000000705000000, 0x0000000705000000| Untracked 
|  47|0x0000000705100000, 0x0000000705100000, 0x0000000705200000|  0%| F|  |TAMS 0x0000000705100000, 0x0000000705100000| Untracked 
|  48|0x0000000705200000, 0x0000000705200000, 0x0000000705300000|  0%| F|  |TAMS 0x0000000705200000, 0x0000000705200000| Untracked 
|  49|0x0000000705300000, 0x0000000705300000, 0x0000000705400000|  0%| F|  |TAMS 0x0000000705300000, 0x0000000705300000| Untracked 
|  50|0x0000000705400000, 0x0000000705400000, 0x0000000705500000|  0%| F|  |TAMS 0x0000000705400000, 0x0000000705400000| Untracked 
|  51|0x0000000705500000, 0x0000000705500000, 0x0000000705600000|  0%| F|  |TAMS 0x0000000705500000, 0x0000000705500000| Untracked 
|  52|0x0000000705600000, 0x0000000705600000, 0x0000000705700000|  0%| F|  |TAMS 0x0000000705600000, 0x0000000705600000| Untracked 
|  53|0x0000000705700000, 0x0000000705700000, 0x0000000705800000|  0%| F|  |TAMS 0x0000000705700000, 0x0000000705700000| Untracked 
|  54|0x0000000705800000, 0x0000000705800000, 0x0000000705900000|  0%| F|  |TAMS 0x0000000705800000, 0x0000000705800000| Untracked 
|  55|0x0000000705900000, 0x0000000705900000, 0x0000000705a00000|  0%| F|  |TAMS 0x0000000705900000, 0x0000000705900000| Untracked 
|  56|0x0000000705a00000, 0x0000000705a00000, 0x0000000705b00000|  0%| F|  |TAMS 0x0000000705a00000, 0x0000000705a00000| Untracked 
|  57|0x0000000705b00000, 0x0000000705b00000, 0x0000000705c00000|  0%| F|  |TAMS 0x0000000705b00000, 0x0000000705b00000| Untracked 
|  58|0x0000000705c00000, 0x0000000705c00000, 0x0000000705d00000|  0%| F|  |TAMS 0x0000000705c00000, 0x0000000705c00000| Untracked 
|  59|0x0000000705d00000, 0x0000000705d00000, 0x0000000705e00000|  0%| F|  |TAMS 0x0000000705d00000, 0x0000000705d00000| Untracked 
|  60|0x0000000705e00000, 0x0000000705e00000, 0x0000000705f00000|  0%| F|  |TAMS 0x0000000705e00000, 0x0000000705e00000| Untracked 
|  61|0x0000000705f00000, 0x0000000705f00000, 0x0000000706000000|  0%| F|  |TAMS 0x0000000705f00000, 0x0000000705f00000| Untracked 
|  62|0x0000000706000000, 0x0000000706000000, 0x0000000706100000|  0%| F|  |TAMS 0x0000000706000000, 0x0000000706000000| Untracked 
|  63|0x0000000706100000, 0x0000000706100000, 0x0000000706200000|  0%| F|  |TAMS 0x0000000706100000, 0x0000000706100000| Untracked 
|  64|0x0000000706200000, 0x0000000706200000, 0x0000000706300000|  0%| F|  |TAMS 0x0000000706200000, 0x0000000706200000| Untracked 
|  65|0x0000000706300000, 0x0000000706300000, 0x0000000706400000|  0%| F|  |TAMS 0x0000000706300000, 0x0000000706300000| Untracked 
|  66|0x0000000706400000, 0x0000000706400000, 0x0000000706500000|  0%| F|  |TAMS 0x0000000706400000, 0x0000000706400000| Untracked 
|  67|0x0000000706500000, 0x0000000706500000, 0x0000000706600000|  0%| F|  |TAMS 0x0000000706500000, 0x0000000706500000| Untracked 
|  68|0x0000000706600000, 0x0000000706600000, 0x0000000706700000|  0%| F|  |TAMS 0x0000000706600000, 0x0000000706600000| Untracked 
|  69|0x0000000706700000, 0x0000000706700000, 0x0000000706800000|  0%| F|  |TAMS 0x0000000706700000, 0x0000000706700000| Untracked 
|  70|0x0000000706800000, 0x0000000706800000, 0x0000000706900000|  0%| F|  |TAMS 0x0000000706800000, 0x0000000706800000| Untracked 
|  71|0x0000000706900000, 0x0000000706900000, 0x0000000706a00000|  0%| F|  |TAMS 0x0000000706900000, 0x0000000706900000| Untracked 
|  72|0x0000000706a00000, 0x0000000706a00000, 0x0000000706b00000|  0%| F|  |TAMS 0x0000000706a00000, 0x0000000706a00000| Untracked 
|  73|0x0000000706b00000, 0x0000000706b00000, 0x0000000706c00000|  0%| F|  |TAMS 0x0000000706b00000, 0x0000000706b00000| Untracked 
|  74|0x0000000706c00000, 0x0000000706c00000, 0x0000000706d00000|  0%| F|  |TAMS 0x0000000706c00000, 0x0000000706c00000| Untracked 
|  75|0x0000000706d00000, 0x0000000706d00000, 0x0000000706e00000|  0%| F|  |TAMS 0x0000000706d00000, 0x0000000706d00000| Untracked 
|  76|0x0000000706e00000, 0x0000000706e00000, 0x0000000706f00000|  0%| F|  |TAMS 0x0000000706e00000, 0x0000000706e00000| Untracked 
|  77|0x0000000706f00000, 0x0000000706f00000, 0x0000000707000000|  0%| F|  |TAMS 0x0000000706f00000, 0x0000000706f00000| Untracked 
|  78|0x0000000707000000, 0x0000000707000000, 0x0000000707100000|  0%| F|  |TAMS 0x0000000707000000, 0x0000000707000000| Untracked 
|  79|0x0000000707100000, 0x0000000707100000, 0x0000000707200000|  0%| F|  |TAMS 0x0000000707100000, 0x0000000707100000| Untracked 
|  80|0x0000000707200000, 0x0000000707200000, 0x0000000707300000|  0%| F|  |TAMS 0x0000000707200000, 0x0000000707200000| Untracked 
|  81|0x0000000707300000, 0x0000000707300000, 0x0000000707400000|  0%| F|  |TAMS 0x0000000707300000, 0x0000000707300000| Untracked 
|  82|0x0000000707400000, 0x0000000707400000, 0x0000000707500000|  0%| F|  |TAMS 0x0000000707400000, 0x0000000707400000| Untracked 
|  83|0x0000000707500000, 0x0000000707500000, 0x0000000707600000|  0%| F|  |TAMS 0x0000000707500000, 0x0000000707500000| Untracked 
|  84|0x0000000707600000, 0x0000000707600000, 0x0000000707700000|  0%| F|  |TAMS 0x0000000707600000, 0x0000000707600000| Untracked 
|  85|0x0000000707700000, 0x0000000707700000, 0x0000000707800000|  0%| F|  |TAMS 0x0000000707700000, 0x0000000707700000| Untracked 
|  86|0x0000000707800000, 0x0000000707800000, 0x0000000707900000|  0%| F|  |TAMS 0x0000000707800000, 0x0000000707800000| Untracked 
|  87|0x0000000707900000, 0x0000000707900000, 0x0000000707a00000|  0%| F|  |TAMS 0x0000000707900000, 0x0000000707900000| Untracked 
|  88|0x0000000707a00000, 0x0000000707a00000, 0x0000000707b00000|  0%| F|  |TAMS 0x0000000707a00000, 0x0000000707a00000| Untracked 
|  89|0x0000000707b00000, 0x0000000707b00000, 0x0000000707c00000|  0%| F|  |TAMS 0x0000000707b00000, 0x0000000707b00000| Untracked 
|  90|0x0000000707c00000, 0x0000000707c00000, 0x0000000707d00000|  0%| F|  |TAMS 0x0000000707c00000, 0x0000000707c00000| Untracked 
|  91|0x0000000707d00000, 0x0000000707d00000, 0x0000000707e00000|  0%| F|  |TAMS 0x0000000707d00000, 0x0000000707d00000| Untracked 
|  92|0x0000000707e00000, 0x0000000707e00000, 0x0000000707f00000|  0%| F|  |TAMS 0x0000000707e00000, 0x0000000707e00000| Untracked 
|  93|0x0000000707f00000, 0x0000000707f00000, 0x0000000708000000|  0%| F|  |TAMS 0x0000000707f00000, 0x0000000707f00000| Untracked 
|  94|0x0000000708000000, 0x0000000708000000, 0x0000000708100000|  0%| F|  |TAMS 0x0000000708000000, 0x0000000708000000| Untracked 
|  95|0x0000000708100000, 0x0000000708100000, 0x0000000708200000|  0%| F|  |TAMS 0x0000000708100000, 0x0000000708100000| Untracked 
|  96|0x0000000708200000, 0x0000000708200000, 0x0000000708300000|  0%| F|  |TAMS 0x0000000708200000, 0x0000000708200000| Untracked 
|  97|0x0000000708300000, 0x0000000708300000, 0x0000000708400000|  0%| F|  |TAMS 0x0000000708300000, 0x0000000708300000| Untracked 
|  98|0x0000000708400000, 0x0000000708400000, 0x0000000708500000|  0%| F|  |TAMS 0x0000000708400000, 0x0000000708400000| Untracked 
|  99|0x0000000708500000, 0x0000000708500000, 0x0000000708600000|  0%| F|  |TAMS 0x0000000708500000, 0x0000000708500000| Untracked 
| 100|0x0000000708600000, 0x0000000708600000, 0x0000000708700000|  0%| F|  |TAMS 0x0000000708600000, 0x0000000708600000| Untracked 
| 101|0x0000000708700000, 0x0000000708700000, 0x0000000708800000|  0%| F|  |TAMS 0x0000000708700000, 0x0000000708700000| Untracked 
| 102|0x0000000708800000, 0x0000000708800000, 0x0000000708900000|  0%| F|  |TAMS 0x0000000708800000, 0x0000000708800000| Untracked 
| 103|0x0000000708900000, 0x0000000708900000, 0x0000000708a00000|  0%| F|  |TAMS 0x0000000708900000, 0x0000000708900000| Untracked 
| 104|0x0000000708a00000, 0x0000000708a00000, 0x0000000708b00000|  0%| F|  |TAMS 0x0000000708a00000, 0x0000000708a00000| Untracked 
| 105|0x0000000708b00000, 0x0000000708b00000, 0x0000000708c00000|  0%| F|  |TAMS 0x0000000708b00000, 0x0000000708b00000| Untracked 
| 106|0x0000000708c00000, 0x0000000708c00000, 0x0000000708d00000|  0%| F|  |TAMS 0x0000000708c00000, 0x0000000708c00000| Untracked 
| 107|0x0000000708d00000, 0x0000000708d00000, 0x0000000708e00000|  0%| F|  |TAMS 0x0000000708d00000, 0x0000000708d00000| Untracked 
| 108|0x0000000708e00000, 0x0000000708e00000, 0x0000000708f00000|  0%| F|  |TAMS 0x0000000708e00000, 0x0000000708e00000| Untracked 
| 109|0x0000000708f00000, 0x0000000708f00000, 0x0000000709000000|  0%| F|  |TAMS 0x0000000708f00000, 0x0000000708f00000| Untracked 
| 110|0x0000000709000000, 0x0000000709000000, 0x0000000709100000|  0%| F|  |TAMS 0x0000000709000000, 0x0000000709000000| Untracked 
| 111|0x0000000709100000, 0x0000000709100000, 0x0000000709200000|  0%| F|  |TAMS 0x0000000709100000, 0x0000000709100000| Untracked 
| 112|0x0000000709200000, 0x0000000709200000, 0x0000000709300000|  0%| F|  |TAMS 0x0000000709200000, 0x0000000709200000| Untracked 
| 113|0x0000000709300000, 0x0000000709300000, 0x0000000709400000|  0%| F|  |TAMS 0x0000000709300000, 0x0000000709300000| Untracked 
| 114|0x0000000709400000, 0x0000000709400000, 0x0000000709500000|  0%| F|  |TAMS 0x0000000709400000, 0x0000000709400000| Untracked 
| 115|0x0000000709500000, 0x0000000709500000, 0x0000000709600000|  0%| F|  |TAMS 0x0000000709500000, 0x0000000709500000| Untracked 
| 116|0x0000000709600000, 0x0000000709600000, 0x0000000709700000|  0%| F|  |TAMS 0x0000000709600000, 0x0000000709600000| Untracked 
| 117|0x0000000709700000, 0x0000000709700000, 0x0000000709800000|  0%| F|  |TAMS 0x0000000709700000, 0x0000000709700000| Untracked 
| 118|0x0000000709800000, 0x0000000709800000, 0x0000000709900000|  0%| F|  |TAMS 0x0000000709800000, 0x0000000709800000| Untracked 
| 119|0x0000000709900000, 0x0000000709900000, 0x0000000709a00000|  0%| F|  |TAMS 0x0000000709900000, 0x0000000709900000| Untracked 
| 120|0x0000000709a00000, 0x0000000709a00000, 0x0000000709b00000|  0%| F|  |TAMS 0x0000000709a00000, 0x0000000709a00000| Untracked 
| 121|0x0000000709b00000, 0x0000000709b00000, 0x0000000709c00000|  0%| F|  |TAMS 0x0000000709b00000, 0x0000000709b00000| Untracked 
| 122|0x0000000709c00000, 0x0000000709c80800, 0x0000000709d00000| 50%| E|  |TAMS 0x0000000709c00000, 0x0000000709c00000| Complete 
| 123|0x0000000709d00000, 0x0000000709e00000, 0x0000000709e00000|100%| E|CS|TAMS 0x0000000709d00000, 0x0000000709d00000| Complete 
| 124|0x0000000709e00000, 0x0000000709f00000, 0x0000000709f00000|100%| E|CS|TAMS 0x0000000709e00000, 0x0000000709e00000| Complete 
| 125|0x0000000709f00000, 0x000000070a000000, 0x000000070a000000|100%| E|CS|TAMS 0x0000000709f00000, 0x0000000709f00000| Complete 
| 126|0x000000070a000000, 0x000000070a100000, 0x000000070a100000|100%| E|CS|TAMS 0x000000070a000000, 0x000000070a000000| Complete 
| 127|0x000000070a100000, 0x000000070a200000, 0x000000070a200000|100%| E|CS|TAMS 0x000000070a100000, 0x000000070a100000| Complete 
| 128|0x000000070a200000, 0x000000070a300000, 0x000000070a300000|100%| E|CS|TAMS 0x000000070a200000, 0x000000070a200000| Complete 
| 129|0x000000070a300000, 0x000000070a400000, 0x000000070a400000|100%| E|CS|TAMS 0x000000070a300000, 0x000000070a300000| Complete 
| 130|0x000000070a400000, 0x000000070a500000, 0x000000070a500000|100%| E|CS|TAMS 0x000000070a400000, 0x000000070a400000| Complete 
| 131|0x000000070a500000, 0x000000070a600000, 0x000000070a600000|100%| E|CS|TAMS 0x000000070a500000, 0x000000070a500000| Complete 
| 132|0x000000070a600000, 0x000000070a700000, 0x000000070a700000|100%| E|CS|TAMS 0x000000070a600000, 0x000000070a600000| Complete 
| 133|0x000000070a700000, 0x000000070a800000, 0x000000070a800000|100%| E|CS|TAMS 0x000000070a700000, 0x000000070a700000| Complete 
| 134|0x000000070a800000, 0x000000070a900000, 0x000000070a900000|100%| E|CS|TAMS 0x000000070a800000, 0x000000070a800000| Complete 
| 135|0x000000070a900000, 0x000000070aa00000, 0x000000070aa00000|100%| E|CS|TAMS 0x000000070a900000, 0x000000070a900000| Complete 
| 136|0x000000070aa00000, 0x000000070ab00000, 0x000000070ab00000|100%| E|CS|TAMS 0x000000070aa00000, 0x000000070aa00000| Complete 
| 137|0x000000070ab00000, 0x000000070ac00000, 0x000000070ac00000|100%| E|CS|TAMS 0x000000070ab00000, 0x000000070ab00000| Complete 
| 138|0x000000070ac00000, 0x000000070ad00000, 0x000000070ad00000|100%| E|CS|TAMS 0x000000070ac00000, 0x000000070ac00000| Complete 
| 139|0x000000070ad00000, 0x000000070ae00000, 0x000000070ae00000|100%| E|CS|TAMS 0x000000070ad00000, 0x000000070ad00000| Complete 
| 140|0x000000070ae00000, 0x000000070af00000, 0x000000070af00000|100%| E|CS|TAMS 0x000000070ae00000, 0x000000070ae00000| Complete 
| 141|0x000000070af00000, 0x000000070b000000, 0x000000070b000000|100%| E|CS|TAMS 0x000000070af00000, 0x000000070af00000| Complete 
| 142|0x000000070b000000, 0x000000070b100000, 0x000000070b100000|100%| E|CS|TAMS 0x000000070b000000, 0x000000070b000000| Complete 
| 143|0x000000070b100000, 0x000000070b200000, 0x000000070b200000|100%| E|CS|TAMS 0x000000070b100000, 0x000000070b100000| Complete 
| 144|0x000000070b200000, 0x000000070b300000, 0x000000070b300000|100%| E|CS|TAMS 0x000000070b200000, 0x000000070b200000| Complete 
| 145|0x000000070b300000, 0x000000070b400000, 0x000000070b400000|100%| E|CS|TAMS 0x000000070b300000, 0x000000070b300000| Complete 
| 146|0x000000070b400000, 0x000000070b500000, 0x000000070b500000|100%| E|CS|TAMS 0x000000070b400000, 0x000000070b400000| Complete 
| 147|0x000000070b500000, 0x000000070b600000, 0x000000070b600000|100%| E|CS|TAMS 0x000000070b500000, 0x000000070b500000| Complete 
| 148|0x000000070b600000, 0x000000070b700000, 0x000000070b700000|100%| E|CS|TAMS 0x000000070b600000, 0x000000070b600000| Complete 
| 149|0x000000070b700000, 0x000000070b800000, 0x000000070b800000|100%| E|CS|TAMS 0x000000070b700000, 0x000000070b700000| Complete 
| 150|0x000000070b800000, 0x000000070b900000, 0x000000070b900000|100%| E|CS|TAMS 0x000000070b800000, 0x000000070b800000| Complete 
| 151|0x000000070b900000, 0x000000070ba00000, 0x000000070ba00000|100%| E|CS|TAMS 0x000000070b900000, 0x000000070b900000| Complete 
| 152|0x000000070ba00000, 0x000000070bb00000, 0x000000070bb00000|100%| E|CS|TAMS 0x000000070ba00000, 0x000000070ba00000| Complete 
| 153|0x000000070bb00000, 0x000000070bc00000, 0x000000070bc00000|100%| E|CS|TAMS 0x000000070bb00000, 0x000000070bb00000| Complete 
| 154|0x000000070bc00000, 0x000000070bd00000, 0x000000070bd00000|100%| E|CS|TAMS 0x000000070bc00000, 0x000000070bc00000| Complete 
| 155|0x000000070bd00000, 0x000000070be00000, 0x000000070be00000|100%| E|CS|TAMS 0x000000070bd00000, 0x000000070bd00000| Complete 
| 156|0x000000070be00000, 0x000000070bf00000, 0x000000070bf00000|100%| E|CS|TAMS 0x000000070be00000, 0x000000070be00000| Complete 
| 157|0x000000070bf00000, 0x000000070c000000, 0x000000070c000000|100%| E|CS|TAMS 0x000000070bf00000, 0x000000070bf00000| Complete 
| 158|0x000000070c000000, 0x000000070c100000, 0x000000070c100000|100%| E|CS|TAMS 0x000000070c000000, 0x000000070c000000| Complete 
| 159|0x000000070c100000, 0x000000070c200000, 0x000000070c200000|100%| E|CS|TAMS 0x000000070c100000, 0x000000070c100000| Complete 
| 160|0x000000070c200000, 0x000000070c300000, 0x000000070c300000|100%| E|CS|TAMS 0x000000070c200000, 0x000000070c200000| Complete 
| 161|0x000000070c300000, 0x000000070c400000, 0x000000070c400000|100%| S|CS|TAMS 0x000000070c300000, 0x000000070c300000| Complete 
| 162|0x000000070c400000, 0x000000070c500000, 0x000000070c500000|100%| S|CS|TAMS 0x000000070c400000, 0x000000070c400000| Complete 
| 163|0x000000070c500000, 0x000000070c600000, 0x000000070c600000|100%| S|CS|TAMS 0x000000070c500000, 0x000000070c500000| Complete 
| 164|0x000000070c600000, 0x000000070c700000, 0x000000070c700000|100%| S|CS|TAMS 0x000000070c600000, 0x000000070c600000| Complete 
| 165|0x000000070c700000, 0x000000070c800000, 0x000000070c800000|100%| S|CS|TAMS 0x000000070c700000, 0x000000070c700000| Complete 
| 166|0x000000070c800000, 0x000000070c900000, 0x000000070c900000|100%| S|CS|TAMS 0x000000070c800000, 0x000000070c800000| Complete 
| 167|0x000000070c900000, 0x000000070ca00000, 0x000000070ca00000|100%| S|CS|TAMS 0x000000070c900000, 0x000000070c900000| Complete 
| 168|0x000000070ca00000, 0x000000070cb00000, 0x000000070cb00000|100%| S|CS|TAMS 0x000000070ca00000, 0x000000070ca00000| Complete 
| 169|0x000000070cb00000, 0x000000070cc00000, 0x000000070cc00000|100%| S|CS|TAMS 0x000000070cb00000, 0x000000070cb00000| Complete 
| 170|0x000000070cc00000, 0x000000070cd00000, 0x000000070cd00000|100%| S|CS|TAMS 0x000000070cc00000, 0x000000070cc00000| Complete 
| 171|0x000000070cd00000, 0x000000070ce00000, 0x000000070ce00000|100%| S|CS|TAMS 0x000000070cd00000, 0x000000070cd00000| Complete 
| 172|0x000000070ce00000, 0x000000070cf00000, 0x000000070cf00000|100%| E|CS|TAMS 0x000000070ce00000, 0x000000070ce00000| Complete 
| 173|0x000000070cf00000, 0x000000070d000000, 0x000000070d000000|100%| E|CS|TAMS 0x000000070cf00000, 0x000000070cf00000| Complete 
| 174|0x000000070d000000, 0x000000070d100000, 0x000000070d100000|100%| E|CS|TAMS 0x000000070d000000, 0x000000070d000000| Complete 
| 175|0x000000070d100000, 0x000000070d200000, 0x000000070d200000|100%| E|CS|TAMS 0x000000070d100000, 0x000000070d100000| Complete 
| 176|0x000000070d200000, 0x000000070d300000, 0x000000070d300000|100%| E|CS|TAMS 0x000000070d200000, 0x000000070d200000| Complete 
| 177|0x000000070d300000, 0x000000070d400000, 0x000000070d400000|100%| E|CS|TAMS 0x000000070d300000, 0x000000070d300000| Complete 
| 178|0x000000070d400000, 0x000000070d500000, 0x000000070d500000|100%| E|CS|TAMS 0x000000070d400000, 0x000000070d400000| Complete 
| 179|0x000000070d500000, 0x000000070d600000, 0x000000070d600000|100%| E|CS|TAMS 0x000000070d500000, 0x000000070d500000| Complete 
| 180|0x000000070d600000, 0x000000070d700000, 0x000000070d700000|100%| E|CS|TAMS 0x000000070d600000, 0x000000070d600000| Complete 
| 181|0x000000070d700000, 0x000000070d800000, 0x000000070d800000|100%| E|CS|TAMS 0x000000070d700000, 0x000000070d700000| Complete 
| 182|0x000000070d800000, 0x000000070d900000, 0x000000070d900000|100%| E|CS|TAMS 0x000000070d800000, 0x000000070d800000| Complete 
| 183|0x000000070d900000, 0x000000070da00000, 0x000000070da00000|100%| E|CS|TAMS 0x000000070d900000, 0x000000070d900000| Complete 
| 184|0x000000070da00000, 0x000000070db00000, 0x000000070db00000|100%| E|CS|TAMS 0x000000070da00000, 0x000000070da00000| Complete 
| 185|0x000000070db00000, 0x000000070dc00000, 0x000000070dc00000|100%| E|CS|TAMS 0x000000070db00000, 0x000000070db00000| Complete 
| 186|0x000000070dc00000, 0x000000070dd00000, 0x000000070dd00000|100%| E|CS|TAMS 0x000000070dc00000, 0x000000070dc00000| Complete 
| 187|0x000000070dd00000, 0x000000070de00000, 0x000000070de00000|100%| E|CS|TAMS 0x000000070dd00000, 0x000000070dd00000| Complete 
| 188|0x000000070de00000, 0x000000070df00000, 0x000000070df00000|100%| E|CS|TAMS 0x000000070de00000, 0x000000070de00000| Complete 
| 189|0x000000070df00000, 0x000000070e000000, 0x000000070e000000|100%| E|CS|TAMS 0x000000070df00000, 0x000000070df00000| Complete 
| 190|0x000000070e000000, 0x000000070e100000, 0x000000070e100000|100%| E|CS|TAMS 0x000000070e000000, 0x000000070e000000| Complete 
| 191|0x000000070e100000, 0x000000070e200000, 0x000000070e200000|100%| E|CS|TAMS 0x000000070e100000, 0x000000070e100000| Complete 
| 192|0x000000070e200000, 0x000000070e300000, 0x000000070e300000|100%| E|CS|TAMS 0x000000070e200000, 0x000000070e200000| Complete 
| 193|0x000000070e300000, 0x000000070e400000, 0x000000070e400000|100%| E|CS|TAMS 0x000000070e300000, 0x000000070e300000| Complete 
| 194|0x000000070e400000, 0x000000070e500000, 0x000000070e500000|100%| E|CS|TAMS 0x000000070e400000, 0x000000070e400000| Complete 
| 195|0x000000070e500000, 0x000000070e600000, 0x000000070e600000|100%| E|CS|TAMS 0x000000070e500000, 0x000000070e500000| Complete 
| 196|0x000000070e600000, 0x000000070e700000, 0x000000070e700000|100%| E|CS|TAMS 0x000000070e600000, 0x000000070e600000| Complete 
| 197|0x000000070e700000, 0x000000070e800000, 0x000000070e800000|100%| E|CS|TAMS 0x000000070e700000, 0x000000070e700000| Complete 
| 198|0x000000070e800000, 0x000000070e900000, 0x000000070e900000|100%| E|CS|TAMS 0x000000070e800000, 0x000000070e800000| Complete 
| 199|0x000000070e900000, 0x000000070ea00000, 0x000000070ea00000|100%| E|CS|TAMS 0x000000070e900000, 0x000000070e900000| Complete 
| 200|0x000000070ea00000, 0x000000070eb00000, 0x000000070eb00000|100%| E|CS|TAMS 0x000000070ea00000, 0x000000070ea00000| Complete 
| 201|0x000000070eb00000, 0x000000070ec00000, 0x000000070ec00000|100%| E|CS|TAMS 0x000000070eb00000, 0x000000070eb00000| Complete 
| 202|0x000000070ec00000, 0x000000070ed00000, 0x000000070ed00000|100%| E|CS|TAMS 0x000000070ec00000, 0x000000070ec00000| Complete 
| 203|0x000000070ed00000, 0x000000070ee00000, 0x000000070ee00000|100%| E|CS|TAMS 0x000000070ed00000, 0x000000070ed00000| Complete 
| 204|0x000000070ee00000, 0x000000070ef00000, 0x000000070ef00000|100%| E|CS|TAMS 0x000000070ee00000, 0x000000070ee00000| Complete 
| 205|0x000000070ef00000, 0x000000070f000000, 0x000000070f000000|100%| E|CS|TAMS 0x000000070ef00000, 0x000000070ef00000| Complete 
| 206|0x000000070f000000, 0x000000070f100000, 0x000000070f100000|100%| E|CS|TAMS 0x000000070f000000, 0x000000070f000000| Complete 
| 207|0x000000070f100000, 0x000000070f200000, 0x000000070f200000|100%| E|CS|TAMS 0x000000070f100000, 0x000000070f100000| Complete 
| 208|0x000000070f200000, 0x000000070f300000, 0x000000070f300000|100%| E|CS|TAMS 0x000000070f200000, 0x000000070f200000| Complete 
| 209|0x000000070f300000, 0x000000070f400000, 0x000000070f400000|100%| E|CS|TAMS 0x000000070f300000, 0x000000070f300000| Complete 
| 210|0x000000070f400000, 0x000000070f500000, 0x000000070f500000|100%| E|CS|TAMS 0x000000070f400000, 0x000000070f400000| Complete 
| 211|0x000000070f500000, 0x000000070f600000, 0x000000070f600000|100%| E|CS|TAMS 0x000000070f500000, 0x000000070f500000| Complete 
| 212|0x000000070f600000, 0x000000070f700000, 0x000000070f700000|100%| E|CS|TAMS 0x000000070f600000, 0x000000070f600000| Complete 
| 213|0x000000070f700000, 0x000000070f800000, 0x000000070f800000|100%| E|CS|TAMS 0x000000070f700000, 0x000000070f700000| Complete 
| 214|0x000000070f800000, 0x000000070f900000, 0x000000070f900000|100%| E|CS|TAMS 0x000000070f800000, 0x000000070f800000| Complete 
| 215|0x000000070f900000, 0x000000070fa00000, 0x000000070fa00000|100%| E|CS|TAMS 0x000000070f900000, 0x000000070f900000| Complete 
| 216|0x000000070fa00000, 0x000000070fb00000, 0x000000070fb00000|100%| E|CS|TAMS 0x000000070fa00000, 0x000000070fa00000| Complete 
| 217|0x000000070fb00000, 0x000000070fc00000, 0x000000070fc00000|100%| E|CS|TAMS 0x000000070fb00000, 0x000000070fb00000| Complete 
| 218|0x000000070fc00000, 0x000000070fd00000, 0x000000070fd00000|100%| E|CS|TAMS 0x000000070fc00000, 0x000000070fc00000| Complete 
| 219|0x000000070fd00000, 0x000000070fe00000, 0x000000070fe00000|100%| E|CS|TAMS 0x000000070fd00000, 0x000000070fd00000| Complete 
| 220|0x000000070fe00000, 0x000000070ff00000, 0x000000070ff00000|100%| E|CS|TAMS 0x000000070fe00000, 0x000000070fe00000| Complete 
| 221|0x000000070ff00000, 0x0000000710000000, 0x0000000710000000|100%| E|CS|TAMS 0x000000070ff00000, 0x000000070ff00000| Complete 
| 222|0x0000000710000000, 0x0000000710100000, 0x0000000710100000|100%| E|CS|TAMS 0x0000000710000000, 0x0000000710000000| Complete 
| 223|0x0000000710100000, 0x0000000710200000, 0x0000000710200000|100%| E|CS|TAMS 0x0000000710100000, 0x0000000710100000| Complete 
| 224|0x0000000710200000, 0x0000000710300000, 0x0000000710300000|100%| E|CS|TAMS 0x0000000710200000, 0x0000000710200000| Complete 
| 225|0x0000000710300000, 0x0000000710400000, 0x0000000710400000|100%| E|CS|TAMS 0x0000000710300000, 0x0000000710300000| Complete 
| 226|0x0000000710400000, 0x0000000710500000, 0x0000000710500000|100%| E|CS|TAMS 0x0000000710400000, 0x0000000710400000| Complete 
| 227|0x0000000710500000, 0x0000000710600000, 0x0000000710600000|100%| E|CS|TAMS 0x0000000710500000, 0x0000000710500000| Complete 
| 228|0x0000000710600000, 0x0000000710700000, 0x0000000710700000|100%| E|CS|TAMS 0x0000000710600000, 0x0000000710600000| Complete 
| 229|0x0000000710700000, 0x0000000710800000, 0x0000000710800000|100%| E|CS|TAMS 0x0000000710700000, 0x0000000710700000| Complete 
| 230|0x0000000710800000, 0x0000000710900000, 0x0000000710900000|100%| E|CS|TAMS 0x0000000710800000, 0x0000000710800000| Complete 
| 231|0x0000000710900000, 0x0000000710a00000, 0x0000000710a00000|100%| E|CS|TAMS 0x0000000710900000, 0x0000000710900000| Complete 
| 232|0x0000000710a00000, 0x0000000710b00000, 0x0000000710b00000|100%| E|CS|TAMS 0x0000000710a00000, 0x0000000710a00000| Complete 
| 233|0x0000000710b00000, 0x0000000710c00000, 0x0000000710c00000|100%| E|CS|TAMS 0x0000000710b00000, 0x0000000710b00000| Complete 
| 234|0x0000000710c00000, 0x0000000710d00000, 0x0000000710d00000|100%| E|CS|TAMS 0x0000000710c00000, 0x0000000710c00000| Complete 
| 235|0x0000000710d00000, 0x0000000710e00000, 0x0000000710e00000|100%| E|CS|TAMS 0x0000000710d00000, 0x0000000710d00000| Complete 
| 236|0x0000000710e00000, 0x0000000710f00000, 0x0000000710f00000|100%| E|CS|TAMS 0x0000000710e00000, 0x0000000710e00000| Complete 
| 237|0x0000000710f00000, 0x0000000711000000, 0x0000000711000000|100%| E|CS|TAMS 0x0000000710f00000, 0x0000000710f00000| Complete 
| 238|0x0000000711000000, 0x0000000711100000, 0x0000000711100000|100%| E|CS|TAMS 0x0000000711000000, 0x0000000711000000| Complete 
| 239|0x0000000711100000, 0x0000000711200000, 0x0000000711200000|100%| E|CS|TAMS 0x0000000711100000, 0x0000000711100000| Complete 
| 240|0x0000000711200000, 0x0000000711300000, 0x0000000711300000|100%| E|CS|TAMS 0x0000000711200000, 0x0000000711200000| Complete 
| 241|0x0000000711300000, 0x0000000711400000, 0x0000000711400000|100%| E|CS|TAMS 0x0000000711300000, 0x0000000711300000| Complete 
| 242|0x0000000711400000, 0x0000000711500000, 0x0000000711500000|100%| E|CS|TAMS 0x0000000711400000, 0x0000000711400000| Complete 
| 243|0x0000000711500000, 0x0000000711600000, 0x0000000711600000|100%| E|CS|TAMS 0x0000000711500000, 0x0000000711500000| Complete 
| 244|0x0000000711600000, 0x0000000711700000, 0x0000000711700000|100%| E|CS|TAMS 0x0000000711600000, 0x0000000711600000| Complete 
| 245|0x0000000711700000, 0x0000000711800000, 0x0000000711800000|100%| E|CS|TAMS 0x0000000711700000, 0x0000000711700000| Complete 
| 246|0x0000000711800000, 0x0000000711900000, 0x0000000711900000|100%| E|CS|TAMS 0x0000000711800000, 0x0000000711800000| Complete 
| 247|0x0000000711900000, 0x0000000711a00000, 0x0000000711a00000|100%| E|CS|TAMS 0x0000000711900000, 0x0000000711900000| Complete 
| 248|0x0000000711a00000, 0x0000000711b00000, 0x0000000711b00000|100%| E|CS|TAMS 0x0000000711a00000, 0x0000000711a00000| Complete 
| 249|0x0000000711b00000, 0x0000000711c00000, 0x0000000711c00000|100%| E|CS|TAMS 0x0000000711b00000, 0x0000000711b00000| Complete 
| 250|0x0000000711c00000, 0x0000000711d00000, 0x0000000711d00000|100%| E|CS|TAMS 0x0000000711c00000, 0x0000000711c00000| Complete 
| 251|0x0000000711d00000, 0x0000000711e00000, 0x0000000711e00000|100%| E|CS|TAMS 0x0000000711d00000, 0x0000000711d00000| Complete 
| 252|0x0000000711e00000, 0x0000000711f00000, 0x0000000711f00000|100%| E|CS|TAMS 0x0000000711e00000, 0x0000000711e00000| Complete 
| 253|0x0000000711f00000, 0x0000000712000000, 0x0000000712000000|100%| E|CS|TAMS 0x0000000711f00000, 0x0000000711f00000| Complete 

Card table byte_map: [0x0000019976e40000,0x0000019977630000] _byte_map_base: 0x000001997362f000

Marking Bits (Prev, Next): (CMBitMap*) 0x000001995ce35538, (CMBitMap*) 0x000001995ce35578
 Prev Bits: [0x0000019977e20000, 0x000001997bd98000)
 Next Bits: [0x000001997bda0000, 0x000001997fd18000)

Polling page: 0x000001995ce90000

Metaspace:

Usage:
  Non-class:     10.12 MB capacity,     7.90 MB ( 78%) used,     2.21 MB ( 22%) free+waste,    10.63 KB ( <1%) overhead. 
      Class:    725.00 KB capacity,   430.69 KB ( 59%) used,   290.69 KB ( 40%) free+waste,     3.63 KB ( <1%) overhead. 
       Both:     10.83 MB capacity,     8.32 MB ( 77%) used,     2.50 MB ( 23%) free+waste,    14.25 KB ( <1%) overhead. 

Virtual space:
  Non-class space:       12.00 MB reserved,      10.25 MB ( 85%) committed 
      Class space:        1.00 GB reserved,     768.00 KB ( <1%) committed 
             Both:        1.01 GB reserved,      11.00 MB (  1%) committed 

Chunk freelists:
   Non-Class:  66.00 KB
       Class:  11.00 KB
        Both:  77.00 KB

MaxMetaspaceSize: 17179869184.00 GB
CompressedClassSpaceSize: 1.00 GB

CodeHeap 'non-profiled nmethods': size=120000Kb used=1055Kb max_used=1055Kb free=118944Kb
 bounds [0x000001996e580000, 0x000001996e7f0000, 0x0000019975ab0000]
CodeHeap 'profiled nmethods': size=120000Kb used=3440Kb max_used=3440Kb free=116559Kb
 bounds [0x0000019967050000, 0x00000199673b0000, 0x000001996e580000]
CodeHeap 'non-nmethods': size=5760Kb used=1638Kb max_used=1679Kb free=4121Kb
 bounds [0x0000019966ab0000, 0x0000019966d20000, 0x0000019967050000]
 total_blobs=3722 nmethods=1687 adapters=946
 compilation: enabled
              stopped_count=0, restarted_count=0
 full_count=0

Compilation events (20 events):
Event: 25.141 Thread 0x000001990321e000 1679       3       java.nio.charset.CoderResult::isOverflow (14 bytes)
Event: 25.141 Thread 0x000001990321e000 nmethod 1679 0x0000019967350990 code [0x0000019967350b40, 0x0000019967350d18]
Event: 26.147 Thread 0x000001990321e000 1680       3       java.nio.CharBuffer::array (35 bytes)
Event: 26.147 Thread 0x000001990321e000 nmethod 1680 0x0000019967350d90 code [0x0000019967350f60, 0x00000199673512c0]
Event: 38.167 Thread 0x000001990321e000 1681       3       java.nio.CharBuffer::position (6 bytes)
Event: 38.167 Thread 0x000001990321e000 nmethod 1681 0x0000019967351410 code [0x00000199673515c0, 0x00000199673517f0]
Event: 38.167 Thread 0x000001990321e000 1682       3       java.nio.CharBuffer::position (8 bytes)
Event: 38.167 Thread 0x000001990321e000 nmethod 1682 0x0000019967351910 code [0x0000019967351ac0, 0x0000019967351c90]
Event: 38.565 Thread 0x0000019903214000 1683   !   4       java.lang.ref.Reference::processPendingReferences (132 bytes)
Event: 38.578 Thread 0x0000019903214000 nmethod 1683 0x000001996e685a90 code [0x000001996e685ce0, 0x000001996e686e90]
Event: 48.301 Thread 0x000001990321e000 1684 % !   3       gameEngine.Start::main @ 3262 (4620 bytes)
Event: 48.341 Thread 0x000001990321e000 nmethod 1684% 0x0000019967351d10 code [0x0000019967354dc0, 0x00000199673742e0]
Event: 49.323 Thread 0x000001990321e000 1685   !   3       gameEngine.Start::main (4620 bytes)
Event: 49.359 Thread 0x000001990321e000 nmethod 1685 0x000001996737ed90 code [0x0000019967381e40, 0x00000199673a1260]
Event: 50.299 Thread 0x0000019903214000 1686       4       Collisions.ColisionHandeler::updateTriggers (63 bytes)
Event: 50.300 Thread 0x0000019903214000 nmethod 1686 0x000001996e687310 code [0x000001996e6874a0, 0x000001996e687518]
Event: 51.337 Thread 0x0000019903214000 1687       4       jdk.internal.math.FloatingDecimal::getBinaryToASCIIConverter (163 bytes)
Event: 51.341 Thread 0x0000019903214000 nmethod 1687 0x000001996e687610 code [0x000001996e6877e0, 0x000001996e687aa8]
Event: 54.206 Thread 0x000001990321e000 1688       3       java.io.BufferedWriter::ensureOpen (18 bytes)
Event: 54.206 Thread 0x000001990321e000 nmethod 1688 0x00000199673abc10 code [0x00000199673abdc0, 0x00000199673ac050]

GC Heap History (10 events):
Event: 1.576 GC heap before
{Heap before GC invocations=0 (full 0):
 garbage-first heap   total 260096K, used 23552K [0x0000000702200000, 0x0000000800000000)
  region size 1024K, 24 young (24576K), 0 survivors (0K)
 Metaspace       used 2834K, capacity 6073K, committed 6272K, reserved 1056768K
  class space    used 183K, capacity 517K, committed 640K, reserved 1048576K
}
Event: 1.580 GC heap after
{Heap after GC invocations=1 (full 0):
 garbage-first heap   total 260096K, used 2488K [0x0000000702200000, 0x0000000800000000)
  region size 1024K, 3 young (3072K), 3 survivors (3072K)
 Metaspace       used 2834K, capacity 6073K, committed 6272K, reserved 1056768K
  class space    used 183K, capacity 517K, committed 640K, reserved 1048576K
}
Event: 12.034 GC heap before
{Heap before GC invocations=1 (full 0):
 garbage-first heap   total 260096K, used 155064K [0x0000000702200000, 0x0000000800000000)
  region size 1024K, 152 young (155648K), 3 survivors (3072K)
 Metaspace       used 8446K, capacity 11027K, committed 11264K, reserved 1060864K
  class space    used 430K, capacity 725K, committed 768K, reserved 1048576K
}
Event: 12.116 GC heap after
{Heap after GC invocations=2 (full 0):
 garbage-first heap   total 260096K, used 30756K [0x0000000702200000, 0x0000000800000000)
  region size 1024K, 19 young (19456K), 19 survivors (19456K)
 Metaspace       used 8446K, capacity 11027K, committed 11264K, reserved 1060864K
  class space    used 430K, capacity 725K, committed 768K, reserved 1048576K
}
Event: 12.484 GC heap before
{Heap before GC invocations=2 (full 0):
 garbage-first heap   total 260096K, used 33828K [0x0000000702200000, 0x0000000800000000)
  region size 1024K, 22 young (22528K), 19 survivors (19456K)
 Metaspace       used 8450K, capacity 11027K, committed 11264K, reserved 1060864K
  class space    used 430K, capacity 725K, committed 768K, reserved 1048576K
}
Event: 12.496 GC heap after
{Heap after GC invocations=3 (full 0):
 garbage-first heap   total 260096K, used 20288K [0x0000000702200000, 0x0000000800000000)
  region size 1024K, 2 young (2048K), 2 survivors (2048K)
 Metaspace       used 8450K, capacity 11027K, committed 11264K, reserved 1060864K
  class space    used 430K, capacity 725K, committed 768K, reserved 1048576K
}
Event: 21.191 GC heap before
{Heap before GC invocations=3 (full 0):
 garbage-first heap   total 260096K, used 65344K [0x0000000702200000, 0x0000000800000000)
  region size 1024K, 46 young (47104K), 2 survivors (2048K)
 Metaspace       used 8450K, capacity 11027K, committed 11264K, reserved 1060864K
  class space    used 430K, capacity 725K, committed 768K, reserved 1048576K
}
Event: 21.226 GC heap after
{Heap after GC invocations=4 (full 0):
 garbage-first heap   total 260096K, used 32400K [0x0000000702200000, 0x0000000800000000)
  region size 1024K, 6 young (6144K), 6 survivors (6144K)
 Metaspace       used 8450K, capacity 11027K, committed 11264K, reserved 1060864K
  class space    used 430K, capacity 725K, committed 768K, reserved 1048576K
}
Event: 38.506 GC heap before
{Heap before GC invocations=4 (full 0):
 garbage-first heap   total 260096K, used 110224K [0x0000000702200000, 0x0000000800000000)
  region size 1024K, 82 young (83968K), 6 survivors (6144K)
 Metaspace       used 8451K, capacity 11027K, committed 11264K, reserved 1060864K
  class space    used 430K, capacity 725K, committed 768K, reserved 1048576K
}
Event: 38.565 GC heap after
{Heap after GC invocations=5 (full 0):
 garbage-first heap   total 260096K, used 50889K [0x0000000702200000, 0x0000000800000000)
  region size 1024K, 11 young (11264K), 11 survivors (11264K)
 Metaspace       used 8451K, capacity 11027K, committed 11264K, reserved 1060864K
  class space    used 430K, capacity 725K, committed 768K, reserved 1048576K
}

Deoptimization events (20 events):
Event: 12.164 Thread 0x0000019902971000 DEOPT PACKING pc=0x000001996734e0c2 sp=0x0000004595efecc0
Event: 12.164 Thread 0x0000019902971000 DEOPT UNPACKING pc=0x0000019966af964e sp=0x0000004595efe1d0 mode 0
Event: 12.167 Thread 0x0000019902971000 DEOPT PACKING pc=0x000001996734e0c2 sp=0x0000004595efecc0
Event: 12.167 Thread 0x0000019902971000 DEOPT UNPACKING pc=0x0000019966af964e sp=0x0000004595efe1d0 mode 0
Event: 12.170 Thread 0x0000019902971000 DEOPT PACKING pc=0x000001996734e0c2 sp=0x0000004595efecc0
Event: 12.170 Thread 0x0000019902971000 DEOPT UNPACKING pc=0x0000019966af964e sp=0x0000004595efe1d0 mode 0
Event: 12.173 Thread 0x0000019902971000 DEOPT PACKING pc=0x000001996734e0c2 sp=0x0000004595efecc0
Event: 12.173 Thread 0x0000019902971000 DEOPT UNPACKING pc=0x0000019966af964e sp=0x0000004595efe1d0 mode 0
Event: 12.175 Thread 0x0000019902971000 DEOPT PACKING pc=0x000001996734e0c2 sp=0x0000004595efecc0
Event: 12.175 Thread 0x0000019902971000 DEOPT UNPACKING pc=0x0000019966af964e sp=0x0000004595efe1d0 mode 0
Event: 12.190 Thread 0x0000019902971000 Uncommon trap: trap_request=0xffffff45 fr.pc=0x000001996e66c208 relative=0x0000000000000d68
Event: 12.190 Thread 0x0000019902971000 Uncommon trap: reason=unstable_if action=reinterpret pc=0x000001996e66c208 method=java.lang.ref.Reference.processPendingReferences()V @ 28 c2
Event: 12.190 Thread 0x0000019902971000 DEOPT PACKING pc=0x000001996e66c208 sp=0x0000004595efed20
Event: 12.190 Thread 0x0000019902971000 DEOPT UNPACKING pc=0x0000019966af912f sp=0x0000004595efecd8 mode 2
Event: 38.565 Thread 0x0000019902971000 DEOPT PACKING pc=0x000001996734f9f2 sp=0x0000004595efecc0
Event: 38.565 Thread 0x0000019902971000 DEOPT UNPACKING pc=0x0000019966af964e sp=0x0000004595efe1d0 mode 0
Event: 57.716 Thread 0x000001995cdc9000 DEOPT PACKING pc=0x0000019967371098 sp=0x00000045957fedb0
Event: 57.716 Thread 0x000001995cdc9000 DEOPT UNPACKING pc=0x0000019966af964e sp=0x00000045957fe970 mode 0
Event: 71.197 Thread 0x000001995cdc9000 DEOPT PACKING pc=0x0000019967371098 sp=0x00000045957fedb0
Event: 71.197 Thread 0x000001995cdc9000 DEOPT UNPACKING pc=0x0000019966af964e sp=0x00000045957fe970 mode 0

Classes unloaded (0 events):
No events

Classes redefined (0 events):
No events

Internal exceptions (6 events):
Event: 0.230 Thread 0x000001995cdc9000 Exception <a 'java/lang/NoSuchMethodError'{0x000000071165a808}: 'void java.lang.invoke.DelegatingMethodHandle$Holder.delegate(java.lang.Object, java.lang.Object, int, java.lang.Object)'> (0x000000071165a808) 
thrown [t:/workspace/open/src/hotspot/share/interpreter/linkResolver.cpp, line 767]
Event: 0.231 Thread 0x000001995cdc9000 Exception <a 'java/lang/NoSuchMethodError'{0x0000000711661560}: 'java.lang.Object java.lang.invoke.DirectMethodHandle$Holder.invokeStaticInit(java.lang.Object, java.lang.Object, java.lang.Object)'> (0x0000000711661560) 
thrown [t:/workspace/open/src/hotspot/share/interpreter/linkResolver.cpp, line 767]
Event: 0.427 Thread 0x000001995cdc9000 Exception <a 'java/lang/NoSuchMethodError'{0x0000000710fc1780}: 'int java.lang.invoke.DirectMethodHandle$Holder.invokeSpecialIFC(java.lang.Object, java.lang.Object, int)'> (0x0000000710fc1780) 
thrown [t:/workspace/open/src/hotspot/share/interpreter/linkResolver.cpp, line 767]
Event: 1.606 Thread 0x000001995cdc9000 Exception <a 'sun/nio/fs/WindowsException'{0x0000000711e33c80}> (0x0000000711e33c80) 
thrown [t:/workspace/open/src/hotspot/share/prims/jni.cpp, line 598]
Event: 1.606 Thread 0x000001995cdc9000 Exception <a 'sun/nio/fs/WindowsException'{0x0000000711e34160}> (0x0000000711e34160) 
thrown [t:/workspace/open/src/hotspot/share/prims/jni.cpp, line 598]
Event: 12.190 Thread 0x0000019902971000 Implicit null exception at 0x000001996e66b74c to 0x000001996e66c1fd

Events (20 events):
Event: 4.315 Loaded shared library C:\Users\jtkom\AppData\Local\Temp\lwjgljtkom\3.2.1-build-3\lwjgl_opengl.dll
Event: 4.324 Loaded shared library C:\Users\jtkom\AppData\Local\Temp\lwjgljtkom\3.2.1-build-3\lwjgl_opengl.dll
Event: 12.034 Executing VM operation: G1CollectForAllocation
Event: 12.116 Executing VM operation: G1CollectForAllocation done
Event: 12.151 Executing VM operation: RevokeBias
Event: 12.151 Executing VM operation: RevokeBias done
Event: 12.151 Executing VM operation: RevokeBias
Event: 12.151 Executing VM operation: RevokeBias done
Event: 12.484 Executing VM operation: G1CollectForAllocation
Event: 12.496 Executing VM operation: G1CollectForAllocation done
Event: 19.120 Thread 0x0000019999fe2800 Thread added: 0x0000019999fe2800
Event: 21.191 Executing VM operation: G1CollectForAllocation
Event: 21.226 Executing VM operation: G1CollectForAllocation done
Event: 21.238 Thread 0x0000019999fe2800 Thread exited: 0x0000019999fe2800
Event: 22.842 Thread 0x0000019d2b728800 Thread added: 0x0000019d2b728800
Event: 22.843 Thread 0x0000019d2b6e5800 Thread added: 0x0000019d2b6e5800
Event: 25.141 Thread 0x0000019d2b728800 Thread exited: 0x0000019d2b728800
Event: 25.141 Thread 0x0000019d2b6e5800 Thread exited: 0x0000019d2b6e5800
Event: 38.506 Executing VM operation: G1CollectForAllocation
Event: 38.565 Executing VM operation: G1CollectForAllocation done


Dynamic libraries:
0x00007ff74a7e0000 - 0x00007ff74a7ef000 	C:\Program Files\Java\jdk-13.0.2\bin\javaw.exe
0x00007fffd2680000 - 0x00007fffd2870000 	C:\WINDOWS\SYSTEM32\ntdll.dll
0x00007fffd1790000 - 0x00007fffd1842000 	C:\WINDOWS\System32\KERNEL32.DLL
0x00007fffcf7f0000 - 0x00007fffcfa94000 	C:\WINDOWS\System32\KERNELBASE.dll
0x00007fffcfaa0000 - 0x00007fffcfb9a000 	C:\WINDOWS\System32\ucrtbase.dll
0x00007fffc8ce0000 - 0x00007fffc8cf5000 	C:\Program Files\Java\jdk-13.0.2\bin\VCRUNTIME140.dll
0x00007fffc8a20000 - 0x00007fffc8a38000 	C:\Program Files\Java\jdk-13.0.2\bin\jli.dll
0x00007fffd07c0000 - 0x00007fffd0863000 	C:\WINDOWS\System32\ADVAPI32.dll
0x00007fffd1180000 - 0x00007fffd121e000 	C:\WINDOWS\System32\msvcrt.dll
0x00007fffd25a0000 - 0x00007fffd2637000 	C:\WINDOWS\System32\sechost.dll
0x00007fffd0f90000 - 0x00007fffd10b0000 	C:\WINDOWS\System32\RPCRT4.dll
0x00007fffd0ae0000 - 0x00007fffd0c74000 	C:\WINDOWS\System32\USER32.dll
0x00007fffcf610000 - 0x00007fffcf631000 	C:\WINDOWS\System32\win32u.dll
0x00007fffcea20000 - 0x00007fffceca4000 	C:\WINDOWS\WinSxS\amd64_microsoft.windows.common-controls_6595b64144ccf1df_6.0.18362.836_none_e6c4b943130f18ed\COMCTL32.dll
0x00007fffd0e50000 - 0x00007fffd0e76000 	C:\WINDOWS\System32\GDI32.dll
0x00007fffd04b0000 - 0x00007fffd0644000 	C:\WINDOWS\System32\gdi32full.dll
0x00007fffd20a0000 - 0x00007fffd23d6000 	C:\WINDOWS\System32\combase.dll
0x00007fffd0410000 - 0x00007fffd04ae000 	C:\WINDOWS\System32\msvcp_win.dll
0x00007fffcfbf0000 - 0x00007fffcfc70000 	C:\WINDOWS\System32\bcryptPrimitives.dll
0x00007fffc4b40000 - 0x00007fffc4b4a000 	C:\WINDOWS\SYSTEM32\VERSION.dll
0x00007fffd0730000 - 0x00007fffd075e000 	C:\WINDOWS\System32\IMM32.DLL
0x00007fffc6230000 - 0x00007fffc62cb000 	C:\Program Files\Java\jdk-13.0.2\bin\msvcp140.dll
0x00007fff6f6e0000 - 0x00007fff7023d000 	C:\Program Files\Java\jdk-13.0.2\bin\server\jvm.dll
0x00007fffd1780000 - 0x00007fffd1788000 	C:\WINDOWS\System32\PSAPI.DLL
0x00007fffcc230000 - 0x00007fffcc254000 	C:\WINDOWS\SYSTEM32\WINMM.dll
0x00007fffc8cd0000 - 0x00007fffc8cd9000 	C:\WINDOWS\SYSTEM32\WSOCK32.dll
0x00007fffd1710000 - 0x00007fffd177f000 	C:\WINDOWS\System32\WS2_32.dll
0x00007fffcc1d0000 - 0x00007fffcc1fd000 	C:\WINDOWS\SYSTEM32\winmmbase.dll
0x00007fffcfba0000 - 0x00007fffcfbea000 	C:\WINDOWS\System32\cfgmgr32.dll
0x00007fffcf570000 - 0x00007fffcf581000 	C:\WINDOWS\System32\kernel.appcore.dll
0x00007fffc8700000 - 0x00007fffc8710000 	C:\Program Files\Java\jdk-13.0.2\bin\verify.dll
0x00007fffcf060000 - 0x00007fffcf254000 	C:\WINDOWS\SYSTEM32\DBGHELP.DLL
0x00007fffcedd0000 - 0x00007fffcedfa000 	C:\WINDOWS\SYSTEM32\dbgcore.DLL
0x00007fffb6310000 - 0x00007fffb6336000 	C:\Program Files\Java\jdk-13.0.2\bin\java.dll
0x00007fffc8500000 - 0x00007fffc8517000 	C:\Program Files\Java\jdk-13.0.2\bin\zip.dll
0x00007fffc86f0000 - 0x00007fffc86fa000 	C:\Program Files\Java\jdk-13.0.2\bin\jimage.dll
0x00007fffd1850000 - 0x00007fffd1f34000 	C:\WINDOWS\System32\SHELL32.dll
0x00007fffd0e80000 - 0x00007fffd0f29000 	C:\WINDOWS\System32\shcore.dll
0x00007fffcfc90000 - 0x00007fffd040e000 	C:\WINDOWS\System32\windows.storage.dll
0x00007fffcf590000 - 0x00007fffcf5b3000 	C:\WINDOWS\System32\profapi.dll
0x00007fffcf5c0000 - 0x00007fffcf60a000 	C:\WINDOWS\System32\powrprof.dll
0x00007fffcf540000 - 0x00007fffcf550000 	C:\WINDOWS\System32\UMPDC.dll
0x00007fffd0760000 - 0x00007fffd07b2000 	C:\WINDOWS\System32\shlwapi.dll
0x00007fffcfc70000 - 0x00007fffcfc87000 	C:\WINDOWS\System32\cryptsp.dll
0x00007fffb9b40000 - 0x00007fffb9b59000 	C:\Program Files\Java\jdk-13.0.2\bin\net.dll
0x00007fffc0b20000 - 0x00007fffc0c10000 	C:\WINDOWS\SYSTEM32\WINHTTP.dll
0x00007fffce730000 - 0x00007fffce797000 	C:\WINDOWS\system32\mswsock.dll
0x00007fffacad0000 - 0x00007fffacae3000 	C:\Program Files\Java\jdk-13.0.2\bin\nio.dll
0x00007fffc84a0000 - 0x00007fffc8500000 	C:\Users\jtkom\AppData\Local\Temp\lwjgljtkom\3.2.1-build-3\lwjgl.dll
0x00007fff9bfc0000 - 0x00007fff9c0d4000 	C:\Users\jtkom\AppData\Local\Temp\lwjgljtkom\3.2.1-build-3\OpenAL.dll
0x00007fffd0870000 - 0x00007fffd09c7000 	C:\WINDOWS\System32\ole32.dll
0x00007fffd0a30000 - 0x00007fffd0ad2000 	C:\WINDOWS\System32\clbcatq.dll
0x00007fffc9410000 - 0x00007fffc9482000 	C:\WINDOWS\System32\MMDevApi.dll
0x00007fffcf340000 - 0x00007fffcf36a000 	C:\WINDOWS\System32\DEVOBJ.dll
0x00007fffc96c0000 - 0x00007fffc981d000 	C:\WINDOWS\SYSTEM32\AUDIOSES.DLL
0x00007fffd1fc0000 - 0x00007fffd2084000 	C:\WINDOWS\System32\OLEAUT32.dll
0x00007fffc9f00000 - 0x00007fffca053000 	C:\WINDOWS\SYSTEM32\wintypes.dll
0x00007fffccd90000 - 0x00007fffccda4000 	C:\WINDOWS\SYSTEM32\resourcepolicyclient.dll
0x00007fffc7050000 - 0x00007fffc70ae000 	C:\Users\jtkom\AppData\Local\Temp\lwjgljtkom\3.2.1-build-3\glfw.dll
0x00007fffcca50000 - 0x00007fffccae9000 	C:\WINDOWS\system32\uxtheme.dll
0x00007fffc60e0000 - 0x00007fffc6123000 	C:\WINDOWS\SYSTEM32\dinput8.dll
0x00007fffc8580000 - 0x00007fffc8591000 	C:\WINDOWS\SYSTEM32\xinput1_4.dll
0x00007fffcce80000 - 0x00007fffccead000 	C:\WINDOWS\SYSTEM32\dwmapi.dll
0x00007fffc1430000 - 0x00007fffc154b000 	C:\WINDOWS\SYSTEM32\inputhost.dll
0x00007fffcc5d0000 - 0x00007fffcc6a4000 	C:\WINDOWS\SYSTEM32\CoreMessaging.dll
0x00007fffc9950000 - 0x00007fffc9c7a000 	C:\WINDOWS\SYSTEM32\CoreUIComponents.dll
0x00007fffcb090000 - 0x00007fffcb180000 	C:\WINDOWS\SYSTEM32\PROPSYS.dll
0x00007fffcf020000 - 0x00007fffcf051000 	C:\WINDOWS\SYSTEM32\ntmarta.dll
0x00007fffd2460000 - 0x00007fffd2596000 	C:\WINDOWS\System32\MSCTF.dll
0x00007fff91940000 - 0x00007fff91a4d000 	C:\Program Files (x86)\Razer\Razer Cortex\x64\k_fps64.dll
0x00007fff7cf90000 - 0x00007fff7d00f000 	C:\Program Files (x86)\Razer\Razer Cortex\x64\d3dx10_43.dll
0x00007fff7d070000 - 0x00007fff7d2df000 	C:\Program Files (x86)\Razer\Razer Cortex\x64\D3DCOMPILER_43.dll
0x00007fff7d010000 - 0x00007fff7d067000 	C:\Program Files (x86)\Razer\Razer Cortex\x64\EasyHook64.dll
0x00007fffa18e0000 - 0x00007fffa1a36000 	C:\WINDOWS\SYSTEM32\OPENGL32.dll
0x00007fff7cd20000 - 0x00007fff7cf83000 	C:\Program Files (x86)\Razer\Razer Cortex\x64\d3dx9_43.dll
0x00007fffa2710000 - 0x00007fffa273c000 	C:\WINDOWS\SYSTEM32\GLU32.dll
0x00007fffcdb20000 - 0x00007fffcdb40000 	C:\WINDOWS\SYSTEM32\dxcore.dll
0x00007fffcd450000 - 0x00007fffcd45e000 	C:\WINDOWS\SYSTEM32\HID.DLL
0x00007fffd12a0000 - 0x00007fffd1710000 	C:\WINDOWS\System32\SETUPAPI.DLL
0x00007fffd0700000 - 0x00007fffd0726000 	C:\WINDOWS\System32\bcrypt.dll
0x00007fffcf790000 - 0x00007fffcf7ec000 	C:\WINDOWS\System32\WINTRUST.dll
0x00007fffcf550000 - 0x00007fffcf562000 	C:\WINDOWS\System32\MSASN1.dll
0x00007fffcf640000 - 0x00007fffcf789000 	C:\WINDOWS\System32\CRYPT32.dll
0x00007fff3e5b0000 - 0x00007fff40cd4000 	C:\WINDOWS\System32\DriverStore\FileRepository\nvlti.inf_amd64_8156ccdc8580286a\nvoglv64.dll
0x00007fffcb1e0000 - 0x00007fffcb1f3000 	C:\WINDOWS\SYSTEM32\WTSAPI32.dll
0x00007fff91290000 - 0x00007fff91547000 	C:\WINDOWS\system32\nvspcap64.dll
0x00007fffcdf70000 - 0x00007fffcdfc6000 	C:\WINDOWS\SYSTEM32\WINSTA.dll
0x00007fffcdbb0000 - 0x00007fffcdc9b000 	C:\WINDOWS\SYSTEM32\dxgi.dll
0x00007fffcbd90000 - 0x00007fffcbfeb000 	C:\WINDOWS\SYSTEM32\d3d11.dll
0x00007fffa0650000 - 0x00007fffa073f000 	C:\WINDOWS\System32\DriverStore\FileRepository\nvlti.inf_amd64_8156ccdc8580286a\nvldumdx.dll
0x00007fffc55c0000 - 0x00007fffc55ef000 	C:\WINDOWS\SYSTEM32\cryptnet.dll
0x00007fffce900000 - 0x00007fffce90c000 	C:\WINDOWS\SYSTEM32\cryptbase.dll
0x00007fffd0c80000 - 0x00007fffd0c9d000 	C:\WINDOWS\System32\imagehlp.dll
0x00007fffce2a0000 - 0x00007fffce2d3000 	C:\WINDOWS\system32\rsaenh.dll
0x00007fff7f5c0000 - 0x00007fff81d94000 	C:\WINDOWS\System32\DriverStore\FileRepository\nvlti.inf_amd64_8156ccdc8580286a\nvwgf2umx.dll
0x00007fffbdc80000 - 0x00007fffbe166000 	C:\WINDOWS\SYSTEM32\nvapi64.dll
0x00007fffc4be0000 - 0x00007fffc4c7e000 	C:\WINDOWS\System32\TextInputFramework.dll
0x00007fffbf680000 - 0x00007fffbf926000 	C:\WINDOWS\System32\iertutil.dll
0x00007fffb9bd0000 - 0x00007fffb9c2a000 	C:\Users\jtkom\AppData\Local\Temp\lwjgljtkom\3.2.1-build-3\lwjgl_opengl.dll
0x00007fffcd9c0000 - 0x00007fffcd9c3000 	C:\Users\jtkom\AppData\Local\Temp\jomljtkom\a2476102\joml.dll
0x00007fffc3cf0000 - 0x00007fffc4b40000 	C:\WINDOWS\System32\DriverStore\FileRepository\igdlh64.inf_amd64_ba34b5e302b5992f\igd10iumd64.dll
0x00007fffcecb0000 - 0x00007fffcecd6000 	C:\WINDOWS\SYSTEM32\ncrypt.dll
0x00007fffce9e0000 - 0x00007fffcea1b000 	C:\WINDOWS\SYSTEM32\NTASN1.dll
0x00007fffc54a0000 - 0x00007fffc55bd000 	C:\WINDOWS\System32\DriverStore\FileRepository\igdlh64.inf_amd64_ba34b5e302b5992f\igdgmm64.dll
0x00007fffc1a40000 - 0x00007fffc3ce5000 	C:\WINDOWS\System32\DriverStore\FileRepository\igdlh64.inf_amd64_ba34b5e302b5992f\igc64.dll

dbghelp: loaded successfully - version: 4.0.5 - missing functions: none
symbol engine: initialized successfully - sym options: 0x614 - pdb path: .;C:\Program Files\Java\jdk-13.0.2\bin;C:\WINDOWS\SYSTEM32;C:\WINDOWS\WinSxS\amd64_microsoft.windows.common-controls_6595b64144ccf1df_6.0.18362.836_none_e6c4b943130f18ed;C:\Program Files\Java\jdk-13.0.2\bin\server;C:\Users\jtkom\AppData\Local\Temp\lwjgljtkom\3.2.1-build-3;C:\Program Files (x86)\Razer\Razer Cortex\x64;C:\WINDOWS\System32\DriverStore\FileRepository\nvlti.inf_amd64_8156ccdc8580286a;C:\Users\jtkom\AppData\Local\Temp\jomljtkom\a2476102;C:\WINDOWS\System32\DriverStore\FileRepository\igdlh64.inf_amd64_ba34b5e302b5992f

VM Arguments:
jvm_args: -Dfile.encoding=Cp1252 
java_command: gameEngine.Start
java_class_path (initial): D:\game3\Game\src;D:\game3\Game\libwin\slick-util.jar;D:\game3\Game\libwin\lwjgl-zstd-sources.jar;D:\game3\Game\libwin\lwjgl-zstd-natives-windows.jar;D:\game3\Game\libwin\lwjgl-zstd-javadoc.jar;D:\game3\Game\libwin\lwjgl-zstd.jar;D:\game3\Game\libwin\lwjgl-yoga-sources.jar;D:\game3\Game\libwin\lwjgl-yoga-natives-windows.jar;D:\game3\Game\libwin\lwjgl-yoga-javadoc.jar;D:\game3\Game\libwin\lwjgl-yoga.jar;D:\game3\Game\libwin\lwjgl-xxhash-sources.jar;D:\game3\Game\libwin\lwjgl-xxhash-natives-windows.jar;D:\game3\Game\libwin\lwjgl-xxhash-javadoc.jar;D:\game3\Game\libwin\lwjgl-xxhash.jar;D:\game3\Game\libwin\lwjgl-vulkan-sources.jar;D:\game3\Game\libwin\lwjgl-vulkan-javadoc.jar;D:\game3\Game\libwin\lwjgl-vulkan.jar;D:\game3\Game\libwin\lwjgl-vma-sources.jar;D:\game3\Game\libwin\lwjgl-vma-natives-windows.jar;D:\game3\Game\libwin\lwjgl-vma-javadoc.jar;D:\game3\Game\libwin\lwjgl-vma.jar;D:\game3\Game\libwin\lwjgl-tootle-sources.jar;D:\game3\Game\libwin\lwjgl-tootle-natives-windows.jar;D:\game3\Game\libwin\lwjgl-tootle-javadoc.jar;D:\game3\Game\libwin\lwjgl-tootle.jar;D:\game3\Game\libwin\lwjgl-tinyfd-sources.jar;D:\game3\Game\libwin\lwjgl-tinyfd-natives-windows.jar;D:\game3\Game\libwin\lwjgl-tinyfd-javadoc.jar;D:\game3\Game\libwin\lwjgl-tinyfd.jar;D:\game3\Game\libwin\lwjgl-tinyexr-sources.jar;D:\game3\Game\libwin\lwjgl-tinyexr-natives-windows.jar;D:\game3\Game\libwin\lwjgl-tinyexr-javadoc.jar;D:\game3\Game\libwin\lwjgl-tinyexr.jar;D:\game3\Game\libwin\lwjgl-stb-sources.jar;D:\game3\Game\libwin\lwjgl-stb-natives-windows.jar;D:\game3\Game\libwin\lwjgl-stb-javadoc.jar;D:\game3\Game\libwin\lwjgl-stb.jar;D:\game3\Game\libwin\lwjgl-sse-sources.jar;D:\game3\Game\libwin\lwjgl-sse-natives-windows.jar;D:\game3\Game\libwin\lwjgl-sse-javadoc.jar;D:\game3\Game\libwin\lwjgl-sse.jar;D:\game3\Game\libwin\lwjgl-sources.jar;D:\game3\Game\libwin\lwjgl-rpmalloc-sources.jar;D:\game3\Game\libwin\lwjgl-rpmalloc-natives-windows.jar;D:\game3\Game\libwin\lwjgl-rpmalloc-
Launcher Type: SUN_STANDARD

[Global flags]
     intx CICompilerCount                          = 4                                         {product} {ergonomic}
     uint ConcGCThreads                            = 2                                         {product} {ergonomic}
     uint G1ConcRefinementThreads                  = 8                                         {product} {ergonomic}
   size_t G1HeapRegionSize                         = 1048576                                   {product} {ergonomic}
    uintx GCDrainStackTargetSize                   = 64                                        {product} {ergonomic}
   size_t InitialHeapSize                          = 266338304                                 {product} {ergonomic}
   size_t MarkStackSize                            = 4194304                                   {product} {ergonomic}
   size_t MaxHeapSize                              = 4259315712                                {product} {ergonomic}
   size_t MaxNewSize                               = 2555379712                                {product} {ergonomic}
   size_t MinHeapDeltaBytes                        = 1048576                                   {product} {ergonomic}
   size_t MinHeapSize                              = 8388608                                   {product} {ergonomic}
    uintx NonNMethodCodeHeapSize                   = 5839372                                {pd product} {ergonomic}
    uintx NonProfiledCodeHeapSize                  = 122909434                              {pd product} {ergonomic}
    uintx ProfiledCodeHeapSize                     = 122909434                              {pd product} {ergonomic}
    uintx ReservedCodeCacheSize                    = 251658240                              {pd product} {ergonomic}
     bool SegmentedCodeCache                       = true                                      {product} {ergonomic}
   size_t SoftMaxHeapSize                          = 4259315712                             {manageable} {ergonomic}
     bool UseCompressedClassPointers               = true                                 {lp64_product} {ergonomic}
     bool UseCompressedOops                        = true                                 {lp64_product} {ergonomic}
     bool UseG1GC                                  = true                                      {product} {ergonomic}
     bool UseLargePagesIndividualAllocation        = false                                  {pd product} {ergonomic}

Logging:
Log output configuration:
 #0: stdout all=warning uptime,level,tags
 #1: stderr all=off uptime,level,tags

Environment Variables:
PATH=C:/Program Files/Java/jdk-13.0.2/bin/server;C:/Program Files/Java/jdk-13.0.2/bin;C:\MY_CPU_ASSEMBLER\MY_CPU_ASSEMBLER\bin\Release;C:\Program Files\Intel\Intel(R) Management Engine Components\iCLS\;C:\Windows\system32;C:\Windows;C:\Windows\System32\Wbem;C:\Windows\System32\WindowsPowerShell\v1.0\;C:\Windows\System32\OpenSSH\;C:\Program Files (x86)\Intel\Intel(R) Management Engine Components\DAL;C:\Program Files\Intel\Intel(R) Management Engine Components\DAL;C:\Program Files (x86)\Intel\Intel(R) Management Engine Components\IPT;C:\Program Files\Intel\Intel(R) Management Engine Components\IPT;C:\WINDOWS\system32;C:\WINDOWS;C:\WINDOWS\System32\Wbem;C:\WINDOWS\System32\WindowsPowerShell\v1.0\;C:\WINDOWS\System32\OpenSSH\;C:\Program Files\NVIDIA Corporation\NVIDIA NvDLISR;C:\Program Files (x86)\NVIDIA Corporation\PhysX\Common;C:\Program Files\Java\jdk-13.0.2\bin\;C:\MinGW\bin;C:\Program Files (x86)\Vim\vim82;C:\Program Files\dotnet\;C:\Program Files\Git\cmd;C:\Program Files (x86)\QuickTime\QTSystem\;C:\Program Files\CMake\bin;C:\Users\jtkom\AppData\Local\Microsoft\WindowsApps;C:\Users\jtkom\AppData\Local\GitHubDesktop\bin;C:\CodeRepository\eclipse;
USERNAME=jtkom
OS=Windows_NT
PROCESSOR_IDENTIFIER=Intel64 Family 6 Model 158 Stepping 9, GenuineIntel



---------------  S Y S T E M  ---------------

OS: Windows 10 , 64 bit Build 18362 (10.0.18362.778)

CPU:total 8 (initial active 8) (4 cores per cpu, 2 threads per core) family 6 model 158 stepping 9, cmov, cx8, fxsr, mmx, sse, sse2, sse3, ssse3, sse4.1, sse4.2, popcnt, avx, avx2, aes, clmul, erms, 3dnowpref, lzcnt, ht, tsc, tscinvbit, bmi1, bmi2, adx, fma

Memory: 4k page, system-wide physical 16244M (5950M free)
TotalPageFile size 65396M (AvailPageFile size 10M)
current process WorkingSet (physical memory assigned to process): 2366M, peak: 2366M
current process commit charge ("private bytes"): 12245M, peak: 12246M

vm_info: Java HotSpot(TM) 64-Bit Server VM (13.0.2+8) for windows-amd64 JRE (13.0.2+8), built on Dec 11 2019 09:20:33 by "mach5one" with unknown MS VC++:1916

END.
