#
# A fatal error has been detected by the Java Runtime Environment:
#
#  EXCEPTION_ACCESS_VIOLATION (0xc0000005) at pc=0x00007ff8bf14e320, pid=1596, tid=21380
#
# JRE version: Java(TM) SE Runtime Environment (13.0.2+8) (build 13.0.2+8)
# Java VM: Java HotSpot(TM) 64-Bit Server VM (13.0.2+8, mixed mode, sharing, tiered, compressed oops, g1 gc, windows-amd64)
# Problematic frame:
# C  [nvoglv64.dll+0xc7e320]
#
# No core dump will be written. Minidumps are not enabled by default on client versions of Windows
#
# If you would like to submit a bug report, please visit:
#   http://bugreport.java.com/bugreport/crash.jsp
# The crash happened outside the Java Virtual Machine in native code.
# See problematic frame for where to report the bug.
#

---------------  S U M M A R Y ------------

Command Line: -Dfile.encoding=Cp1252 gameEngine.Start

Host: Intel(R) Core(TM) i7-7700HQ CPU @ 2.80GHz, 8 cores, 15G,  Windows 10 , 64 bit Build 18362 (10.0.18362.778)
Time: Thu May 28 19:57:47 2020 Pacific Daylight Time elapsed time: 83 seconds (0d 0h 1m 23s)

---------------  T H R E A D  ---------------

Current thread (0x00000228b19ea000):  JavaThread "main" [_thread_in_native, id=21380, stack(0x000000d39b200000,0x000000d39b300000)]

Stack: [0x000000d39b200000,0x000000d39b300000],  sp=0x000000d39b2ff138,  free space=1020k
Native frames: (J=compiled Java code, j=interpreted, Vv=VM code, C=native code)
C  [nvoglv64.dll+0xc7e320]

Java frames: (J=compiled Java code, j=interpreted, Vv=VM code)
J 1610  org.lwjgl.opengl.GL11C.nglDrawElements(IIIJ)V (0 bytes) @ 0x00000228c1aa1c1e [0x00000228c1aa1bc0+0x000000000000005e]
J 1868 c2 rendering.Render.draw(Lrendering/MultipleTextureBatchedModel;Lorg/joml/Vector2f;FF[LgameEngine/Texture;)V (160 bytes) @ 0x00000228c1b33a2c [0x00000228c1b32940+0x00000000000010ec]
J 1629 c1 rendering.MainBatchRender.draw()V (62 bytes) @ 0x00000228ba81e674 [0x00000228ba81df80+0x00000000000006f4]
J 1737% c2 gameEngine.Start.main([Ljava/lang/String;)V (4755 bytes) @ 0x00000228c1acd10c [0x00000228c1ac7d20+0x00000000000053ec]
v  ~StubRoutines::call_stub

siginfo: EXCEPTION_ACCESS_VIOLATION (0xc0000005), reading address 0x0000000000000000


Register to memory mapping:

RIP=0x00007ff8bf14e320 nvoglv64.dll
RAX=0x0 is NULL
RBX=0x000002288c534e68 points into unknown readable memory: 00 00 80 3f 00 00 80 3f
RCX=0x000002288c534e68 points into unknown readable memory: 00 00 80 3f 00 00 80 3f
RDX=0x0000000000000008 is an unknown value
RSP=0x000000d39b2ff138 is pointing into the stack for thread: 0x00000228b19ea000
RBP=0x0000000000000004 is an unknown value
RSI=0x0000000000000002 is an unknown value
RDI=0x00000228d887be90 points into unknown readable memory: 00 00 00 00 00 00 00 00
R8 =0x0000000000000010 is an unknown value
R9 =0x00000000000000f0 is an unknown value
R10=0x0000000000000010 is an unknown value
R11=0x0 is NULL
R12=0x0000000000000001 is an unknown value
R13=0x00000228d887bb30 points into unknown readable memory: 00 00 00 00 00 00 00 00
R14=0x00000228de5f798c points into unknown readable memory: 85 05 00 80
R15=0x00007ff8bf14e310 nvoglv64.dll


Registers:
RAX=0x0000000000000000, RBX=0x000002288c534e68, RCX=0x000002288c534e68, RDX=0x0000000000000008
RSP=0x000000d39b2ff138, RBP=0x0000000000000004, RSI=0x0000000000000002, RDI=0x00000228d887be90
R8 =0x0000000000000010, R9 =0x00000000000000f0, R10=0x0000000000000010, R11=0x0000000000000000
R12=0x0000000000000001, R13=0x00000228d887bb30, R14=0x00000228de5f798c, R15=0x00007ff8bf14e310
RIP=0x00007ff8bf14e320, EFLAGS=0x0000000000010202

Top of Stack: (sp=0x000000d39b2ff138)
0x000000d39b2ff138:   00007ff8bf214ec1 0000000205d34328
0x000000d39b2ff148:   0000000000000000 00000228d8820000
0x000000d39b2ff158:   0000000000002d00 0000022800000000
0x000000d39b2ff168:   00007ff8beaaf247 0000022800000000
0x000000d39b2ff178:   0000000000000002 000000000000000f
0x000000d39b2ff188:   0000000205d368a8 000002288c534e68
0x000000d39b2ff198:   10c0000000000000 00000228d9a8c5a0
0x000000d39b2ff1a8:   0000000000000004 00000228d8820000
0x000000d39b2ff1b8:   00000228d9a8c5a0 0000000000000000
0x000000d39b2ff1c8:   0000000000000000 0000000000000004
0x000000d39b2ff1d8:   00000228d8820000 0000000000001405
0x000000d39b2ff1e8:   00000000000000f0 0000000000000168
0x000000d39b2ff1f8:   00007ff8bf205e60 00000228d8820000
0x000000d39b2ff208:   0000000000000000 00000000000000f0
0x000000d39b2ff218:   0000022800000000 0000022800001400
0x000000d39b2ff228:   0000000000000000 000000d39b2ff290 

Instructions: (pc=0x00007ff8bf14e320)
0x00007ff8bf14e220:   4d 1b 01 48 c7 44 24 40 0c 00 00 00 48 89 44 24
0x00007ff8bf14e230:   30 48 8b cf 48 8d 44 24 60 c7 44 24 28 09 00 00
0x00007ff8bf14e240:   00 48 89 44 24 20 e8 b5 5b ff ff 39 5c 24 60 75
0x00007ff8bf14e250:   0c 8b 44 24 68 89 87 e8 22 00 00 eb 05 bb ff ff
0x00007ff8bf14e260:   ff ff 8b d6 48 8b cf e8 54 ed 01 00 48 8b 74 24
0x00007ff8bf14e270:   78 8b c3 48 8b 5c 24 70 48 83 c4 50 5f c3 cc cc
0x00007ff8bf14e280:   4d 63 d0 0f 1f 40 00 66 0f 1f 84 00 00 00 00 00
0x00007ff8bf14e290:   8b 02 49 03 d2 89 01 48 83 c1 04 41 83 e9 01 75
0x00007ff8bf14e2a0:   ef 48 8b c1 c3 cc cc cc cc cc cc cc cc cc cc cc
0x00007ff8bf14e2b0:   4d 63 d0 8b 02 89 01 8b 42 04 49 03 d2 89 41 04
0x00007ff8bf14e2c0:   48 83 c1 08 41 83 e9 01 75 e9 48 8b c1 c3 cc cc
0x00007ff8bf14e2d0:   4d 63 d0 48 83 c2 08 66 0f 1f 84 00 00 00 00 00
0x00007ff8bf14e2e0:   8b 42 f8 89 01 8b 42 fc 89 41 04 8b 02 49 03 d2
0x00007ff8bf14e2f0:   89 41 08 48 83 c1 0c 41 83 e9 01 75 e3 48 8b c1
0x00007ff8bf14e300:   c3 cc cc cc cc cc cc cc cc cc cc cc cc cc cc cc
0x00007ff8bf14e310:   4d 63 d0 48 83 c2 08 66 0f 1f 84 00 00 00 00 00
0x00007ff8bf14e320:   8b 42 f8 89 01 8b 42 fc 89 41 04 8b 02 89 41 08
0x00007ff8bf14e330:   8b 42 04 49 03 d2 89 41 0c 48 83 c1 10 41 83 e9
0x00007ff8bf14e340:   01 75 dd 48 8b c1 c3 cc cc cc cc cc cc cc cc cc
0x00007ff8bf14e350:   49 63 c0 0f 1f 40 00 66 0f 1f 84 00 00 00 00 00
0x00007ff8bf14e360:   f2 0f 10 02 48 03 d0 66 0f 5a c0 f3 0f 11 01 48
0x00007ff8bf14e370:   83 c1 04 41 83 e9 01 75 e7 48 8b c1 c3 cc cc cc
0x00007ff8bf14e380:   49 63 c0 f2 0f 10 02 66 0f 5a c0 f3 0f 11 01 f2
0x00007ff8bf14e390:   0f 10 4a 08 48 03 d0 66 0f 5a c9 f3 0f 11 49 04
0x00007ff8bf14e3a0:   48 83 c1 08 41 83 e9 01 75 d9 48 8b c1 c3 cc cc
0x00007ff8bf14e3b0:   49 63 c0 48 83 c2 10 66 0f 1f 84 00 00 00 00 00
0x00007ff8bf14e3c0:   f2 0f 10 42 f0 66 0f 5a c0 f3 0f 11 01 f2 0f 10
0x00007ff8bf14e3d0:   4a f8 66 0f 5a c9 f3 0f 11 49 04 f2 0f 10 02 48
0x00007ff8bf14e3e0:   03 d0 66 0f 5a c0 f3 0f 11 41 08 48 83 c1 0c 41
0x00007ff8bf14e3f0:   83 e9 01 75 cb 48 8b c1 c3 cc cc cc cc cc cc cc
0x00007ff8bf14e400:   49 63 c0 48 83 c2 10 66 0f 1f 84 00 00 00 00 00
0x00007ff8bf14e410:   f2 0f 10 42 f0 66 0f 5a c0 f3 0f 11 01 f2 0f 10 


Stack slot to memory mapping:
stack at sp + 0 slots: 0x00007ff8bf214ec1 nvoglv64.dll
stack at sp + 1 slots: 0x0000000205d34328 is an unknown value
stack at sp + 2 slots: 0x0 is NULL
stack at sp + 3 slots: 0x00000228d8820000 points into unknown readable memory: 70 80 67 d9 28 02 00 00
stack at sp + 4 slots: 0x0000000000002d00 is an unknown value
stack at sp + 5 slots: 0x0000022800000000 is an unknown value
stack at sp + 6 slots: 0x00007ff8beaaf247 nvoglv64.dll
stack at sp + 7 slots: 0x0000022800000000 is an unknown value


---------------  P R O C E S S  ---------------

Threads class SMR info:
_java_thread_list=0x00000228e9f52fe0, length=10, elements={
0x00000228b19ea000, 0x00000228d556e000, 0x00000228d5573000, 0x00000228d5e12000,
0x00000228d5e16000, 0x00000228d5e17800, 0x00000228d5e1e800, 0x00000228d5e26800,
0x00000228d5f7b000, 0x00000228d5ff8000
}

Java Threads: ( => current thread )
=>0x00000228b19ea000 JavaThread "main" [_thread_in_native, id=21380, stack(0x000000d39b200000,0x000000d39b300000)]
  0x00000228d556e000 JavaThread "Reference Handler" daemon [_thread_blocked, id=24572, stack(0x000000d39b900000,0x000000d39ba00000)]
  0x00000228d5573000 JavaThread "Finalizer" daemon [_thread_blocked, id=23832, stack(0x000000d39ba00000,0x000000d39bb00000)]
  0x00000228d5e12000 JavaThread "Signal Dispatcher" daemon [_thread_blocked, id=19972, stack(0x000000d39bb00000,0x000000d39bc00000)]
  0x00000228d5e16000 JavaThread "Attach Listener" daemon [_thread_blocked, id=20984, stack(0x000000d39bc00000,0x000000d39bd00000)]
  0x00000228d5e17800 JavaThread "C2 CompilerThread0" daemon [_thread_blocked, id=23216, stack(0x000000d39bd00000,0x000000d39be00000)]
  0x00000228d5e1e800 JavaThread "C1 CompilerThread0" daemon [_thread_blocked, id=12120, stack(0x000000d39be00000,0x000000d39bf00000)]
  0x00000228d5e26800 JavaThread "Sweeper thread" daemon [_thread_blocked, id=20924, stack(0x000000d39bf00000,0x000000d39c000000)]
  0x00000228d5f7b000 JavaThread "Service Thread" daemon [_thread_blocked, id=19396, stack(0x000000d39c000000,0x000000d39c100000)]
  0x00000228d5ff8000 JavaThread "Common-Cleaner" daemon [_thread_blocked, id=9364, stack(0x000000d39c200000,0x000000d39c300000)]

Other Threads:
  0x00000228d556c800 VMThread "VM Thread" [stack: 0x000000d39b800000,0x000000d39b900000] [id=22612]
  0x00000228d5f85800 WatcherThread [stack: 0x000000d39c100000,0x000000d39c200000] [id=20604]
  0x00000228b1a55800 GCTaskThread "GC Thread#0" [stack: 0x000000d39b300000,0x000000d39b400000] [id=18340]
  0x00000228d63b1800 GCTaskThread "GC Thread#1" [stack: 0x000000d39c300000,0x000000d39c400000] [id=12044]
  0x00000228d73f4000 GCTaskThread "GC Thread#2" [stack: 0x000000d39ce00000,0x000000d39cf00000] [id=10028]
  0x00000228d73f4800 GCTaskThread "GC Thread#3" [stack: 0x000000d39d000000,0x000000d39d100000] [id=22236]
  0x00000228d73f5800 GCTaskThread "GC Thread#4" [stack: 0x000000d39d100000,0x000000d39d200000] [id=20612]
  0x00000228d73f6000 GCTaskThread "GC Thread#5" [stack: 0x000000d39d200000,0x000000d39d300000] [id=19528]
  0x0000022883932800 GCTaskThread "GC Thread#6" [stack: 0x000000d39cd00000,0x000000d39ce00000] [id=17444]
  0x00000228b1a78800 ConcurrentGCThread "G1 Main Marker" [stack: 0x000000d39b400000,0x000000d39b500000] [id=11296]
  0x00000228b1a7a000 ConcurrentGCThread "G1 Conc#0" [stack: 0x000000d39b500000,0x000000d39b600000] [id=19376]
  0x0000022897d56800 ConcurrentGCThread "G1 Conc#1" [stack: 0x000000d39af00000,0x000000d39b000000] [id=22792]
  0x00000228d5469800 ConcurrentGCThread "G1 Refine#0" [stack: 0x000000d39b600000,0x000000d39b700000] [id=5436]
  0x0000022889ede000 ConcurrentGCThread "G1 Refine#1" [stack: 0x000000d39d300000,0x000000d39d400000] [id=12156]
  0x0000022884c37000 ConcurrentGCThread "G1 Refine#2" [stack: 0x000000d39d400000,0x000000d39d500000] [id=11936]
  0x0000022887f3b800 ConcurrentGCThread "G1 Refine#3" [stack: 0x000000d39d500000,0x000000d39d600000] [id=23648]
  0x00000228f1a16800 ConcurrentGCThread "G1 Refine#4" [stack: 0x000000d39d600000,0x000000d39d700000] [id=5824]
  0x00000228a1672800 ConcurrentGCThread "G1 Refine#5" [stack: 0x000000d39b000000,0x000000d39b100000] [id=3604]
  0x000002294a396800 ConcurrentGCThread "G1 Refine#6" [stack: 0x000000d39b100000,0x000000d39b200000] [id=20692]
  0x000002294a397000 ConcurrentGCThread "G1 Refine#7" [stack: 0x000000d39d700000,0x000000d39d800000] [id=23404]
  0x00000228d546c000 ConcurrentGCThread "G1 Young RemSet Sampling" [stack: 0x000000d39b700000,0x000000d39b800000] [id=23644]

Threads with active compile tasks:

VM state:not at safepoint (normal execution)

VM Mutex/Monitor currently owned by a thread: None

Heap address: 0x0000000702200000, size: 4062 MB, Compressed Oops mode: Zero based, Oop shift amount: 3
Narrow klass base: 0x0000000800000000, Narrow klass shift: 3
Compressed class space size: 1073741824 Address: 0x0000000800b40000

Heap:
 garbage-first heap   total 319488K, used 195072K [0x0000000702200000, 0x0000000800000000)
  region size 1024K, 15 young (15360K), 8 survivors (8192K)
 Metaspace       used 8635K, capacity 11090K, committed 11264K, reserved 1060864K
  class space    used 428K, capacity 725K, committed 768K, reserved 1048576K
Heap Regions: E=young(eden), S=young(survivor), O=old, HS=humongous(starts), HC=humongous(continues), CS=collection set, F=free, A=archive, TAMS=top-at-mark-start (previous, next)
|   0|0x0000000702200000, 0x0000000702300000, 0x0000000702300000|100%| O|  |TAMS 0x0000000702300000, 0x0000000702200000| Complete 
|   1|0x0000000702300000, 0x0000000702400000, 0x0000000702400000|100%| O|  |TAMS 0x0000000702400000, 0x0000000702300000| Complete 
|   2|0x0000000702400000, 0x0000000702500000, 0x0000000702500000|100%| O|  |TAMS 0x0000000702500000, 0x0000000702400000| Complete 
|   3|0x0000000702500000, 0x0000000702600000, 0x0000000702600000|100%| O|  |TAMS 0x0000000702600000, 0x0000000702500000| Complete 
|   4|0x0000000702600000, 0x0000000702700000, 0x0000000702700000|100%| O|  |TAMS 0x0000000702700000, 0x0000000702600000| Complete 
|   5|0x0000000702700000, 0x0000000702800000, 0x0000000702800000|100%| O|  |TAMS 0x0000000702800000, 0x0000000702700000| Complete 
|   6|0x0000000702800000, 0x0000000702900000, 0x0000000702900000|100%| O|  |TAMS 0x0000000702900000, 0x0000000702800000| Complete 
|   7|0x0000000702900000, 0x0000000702a00000, 0x0000000702a00000|100%| O|  |TAMS 0x0000000702a00000, 0x0000000702900000| Complete 
|   8|0x0000000702a00000, 0x0000000702b00000, 0x0000000702b00000|100%| O|  |TAMS 0x0000000702b00000, 0x0000000702a00000| Complete 
|   9|0x0000000702b00000, 0x0000000702c00000, 0x0000000702c00000|100%| O|  |TAMS 0x0000000702c00000, 0x0000000702b00000| Complete 
|  10|0x0000000702c00000, 0x0000000702d00000, 0x0000000702d00000|100%| O|  |TAMS 0x0000000702d00000, 0x0000000702c00000| Complete 
|  11|0x0000000702d00000, 0x0000000702e00000, 0x0000000702e00000|100%| O|  |TAMS 0x0000000702e00000, 0x0000000702d00000| Complete 
|  12|0x0000000702e00000, 0x0000000702f00000, 0x0000000702f00000|100%| O|  |TAMS 0x0000000702f00000, 0x0000000702e00000| Complete 
|  13|0x0000000702f00000, 0x0000000703000000, 0x0000000703000000|100%| O|  |TAMS 0x0000000703000000, 0x0000000702f00000| Complete 
|  14|0x0000000703000000, 0x0000000703100000, 0x0000000703100000|100%| O|  |TAMS 0x0000000703100000, 0x0000000703000000| Complete 
|  15|0x0000000703100000, 0x0000000703200000, 0x0000000703200000|100%| O|  |TAMS 0x0000000703200000, 0x0000000703100000| Complete 
|  16|0x0000000703200000, 0x0000000703300000, 0x0000000703300000|100%| O|  |TAMS 0x0000000703300000, 0x0000000703200000| Complete 
|  17|0x0000000703300000, 0x0000000703400000, 0x0000000703400000|100%| O|  |TAMS 0x0000000703400000, 0x0000000703300000| Complete 
|  18|0x0000000703400000, 0x0000000703500000, 0x0000000703500000|100%| O|  |TAMS 0x0000000703500000, 0x0000000703400000| Complete 
|  19|0x0000000703500000, 0x0000000703600000, 0x0000000703600000|100%| O|  |TAMS 0x0000000703600000, 0x0000000703500000| Complete 
|  20|0x0000000703600000, 0x0000000703700000, 0x0000000703700000|100%| O|  |TAMS 0x0000000703700000, 0x0000000703600000| Complete 
|  21|0x0000000703700000, 0x0000000703800000, 0x0000000703800000|100%| O|  |TAMS 0x0000000703800000, 0x0000000703700000| Complete 
|  22|0x0000000703800000, 0x0000000703900000, 0x0000000703900000|100%| O|  |TAMS 0x0000000703900000, 0x0000000703800000| Complete 
|  23|0x0000000703900000, 0x0000000703a00000, 0x0000000703a00000|100%| O|  |TAMS 0x0000000703a00000, 0x0000000703900000| Complete 
|  24|0x0000000703a00000, 0x0000000703b00000, 0x0000000703b00000|100%| O|  |TAMS 0x0000000703b00000, 0x0000000703a00000| Complete 
|  25|0x0000000703b00000, 0x0000000703c00000, 0x0000000703c00000|100%| O|  |TAMS 0x0000000703c00000, 0x0000000703b00000| Complete 
|  26|0x0000000703c00000, 0x0000000703d00000, 0x0000000703d00000|100%| O|  |TAMS 0x0000000703d00000, 0x0000000703c00000| Complete 
|  27|0x0000000703d00000, 0x0000000703e00000, 0x0000000703e00000|100%| O|  |TAMS 0x0000000703e00000, 0x0000000703d00000| Complete 
|  28|0x0000000703e00000, 0x0000000703f00000, 0x0000000703f00000|100%| O|  |TAMS 0x0000000703f00000, 0x0000000703e00000| Complete 
|  29|0x0000000703f00000, 0x0000000704000000, 0x0000000704000000|100%| O|  |TAMS 0x0000000704000000, 0x0000000703f00000| Complete 
|  30|0x0000000704000000, 0x0000000704100000, 0x0000000704100000|100%| O|  |TAMS 0x0000000704100000, 0x0000000704000000| Complete 
|  31|0x0000000704100000, 0x0000000704200000, 0x0000000704200000|100%| O|  |TAMS 0x0000000704200000, 0x0000000704100000| Complete 
|  32|0x0000000704200000, 0x0000000704300000, 0x0000000704300000|100%| O|  |TAMS 0x0000000704300000, 0x0000000704200000| Complete 
|  33|0x0000000704300000, 0x0000000704400000, 0x0000000704400000|100%| O|  |TAMS 0x0000000704400000, 0x0000000704300000| Complete 
|  34|0x0000000704400000, 0x0000000704500000, 0x0000000704500000|100%| O|  |TAMS 0x0000000704500000, 0x0000000704400000| Untracked 
|  35|0x0000000704500000, 0x0000000704600000, 0x0000000704600000|100%| O|  |TAMS 0x0000000704600000, 0x0000000704500000| Untracked 
|  36|0x0000000704600000, 0x0000000704700000, 0x0000000704700000|100%| O|  |TAMS 0x0000000704700000, 0x0000000704600000| Untracked 
|  37|0x0000000704700000, 0x0000000704800000, 0x0000000704800000|100%| O|  |TAMS 0x0000000704800000, 0x0000000704700000| Complete 
|  38|0x0000000704800000, 0x0000000704900000, 0x0000000704900000|100%| O|  |TAMS 0x0000000704900000, 0x0000000704800000| Complete 
|  39|0x0000000704900000, 0x0000000704a00000, 0x0000000704a00000|100%| O|  |TAMS 0x0000000704a00000, 0x0000000704900000| Complete 
|  40|0x0000000704a00000, 0x0000000704b00000, 0x0000000704b00000|100%| O|  |TAMS 0x0000000704b00000, 0x0000000704a00000| Complete 
|  41|0x0000000704b00000, 0x0000000704c00000, 0x0000000704c00000|100%| O|  |TAMS 0x0000000704c00000, 0x0000000704b00000| Complete 
|  42|0x0000000704c00000, 0x0000000704d00000, 0x0000000704d00000|100%| O|  |TAMS 0x0000000704d00000, 0x0000000704c00000| Complete 
|  43|0x0000000704d00000, 0x0000000704e00000, 0x0000000704e00000|100%| O|  |TAMS 0x0000000704e00000, 0x0000000704d00000| Complete 
|  44|0x0000000704e00000, 0x0000000704f00000, 0x0000000704f00000|100%| O|  |TAMS 0x0000000704f00000, 0x0000000704e00000| Complete 
|  45|0x0000000704f00000, 0x0000000705000000, 0x0000000705000000|100%| O|  |TAMS 0x0000000705000000, 0x0000000704f00000| Complete 
|  46|0x0000000705000000, 0x0000000705100000, 0x0000000705100000|100%| O|  |TAMS 0x0000000705100000, 0x0000000705000000| Complete 
|  47|0x0000000705100000, 0x0000000705200000, 0x0000000705200000|100%| O|  |TAMS 0x0000000705200000, 0x0000000705100000| Complete 
|  48|0x0000000705200000, 0x0000000705300000, 0x0000000705300000|100%| O|  |TAMS 0x0000000705300000, 0x0000000705200000| Complete 
|  49|0x0000000705300000, 0x0000000705400000, 0x0000000705400000|100%| O|  |TAMS 0x0000000705400000, 0x0000000705300000| Complete 
|  50|0x0000000705400000, 0x0000000705500000, 0x0000000705500000|100%| O|  |TAMS 0x0000000705500000, 0x0000000705400000| Complete 
|  51|0x0000000705500000, 0x0000000705600000, 0x0000000705600000|100%| O|  |TAMS 0x0000000705600000, 0x0000000705500000| Complete 
|  52|0x0000000705600000, 0x0000000705700000, 0x0000000705700000|100%| O|  |TAMS 0x0000000705700000, 0x0000000705600000| Complete 
|  53|0x0000000705700000, 0x0000000705800000, 0x0000000705800000|100%| O|  |TAMS 0x0000000705800000, 0x0000000705700000| Complete 
|  54|0x0000000705800000, 0x0000000705900000, 0x0000000705900000|100%| O|  |TAMS 0x0000000705900000, 0x0000000705800000| Complete 
|  55|0x0000000705900000, 0x0000000705a00000, 0x0000000705a00000|100%| O|  |TAMS 0x0000000705a00000, 0x0000000705900000| Complete 
|  56|0x0000000705a00000, 0x0000000705b00000, 0x0000000705b00000|100%| O|  |TAMS 0x0000000705b00000, 0x0000000705a00000| Complete 
|  57|0x0000000705b00000, 0x0000000705c00000, 0x0000000705c00000|100%| O|  |TAMS 0x0000000705c00000, 0x0000000705b00000| Complete 
|  58|0x0000000705c00000, 0x0000000705d00000, 0x0000000705d00000|100%| O|  |TAMS 0x0000000705d00000, 0x0000000705c00000| Complete 
|  59|0x0000000705d00000, 0x0000000705e00000, 0x0000000705e00000|100%| O|  |TAMS 0x0000000705e00000, 0x0000000705d00000| Complete 
|  60|0x0000000705e00000, 0x0000000705f00000, 0x0000000705f00000|100%| O|  |TAMS 0x0000000705f00000, 0x0000000705e00000| Complete 
|  61|0x0000000705f00000, 0x0000000706000000, 0x0000000706000000|100%| O|  |TAMS 0x0000000706000000, 0x0000000705f00000| Complete 
|  62|0x0000000706000000, 0x0000000706100000, 0x0000000706100000|100%| O|  |TAMS 0x0000000706100000, 0x0000000706000000| Complete 
|  63|0x0000000706100000, 0x0000000706200000, 0x0000000706200000|100%| O|  |TAMS 0x0000000706200000, 0x0000000706100000| Complete 
|  64|0x0000000706200000, 0x0000000706300000, 0x0000000706300000|100%| O|  |TAMS 0x0000000706300000, 0x0000000706200000| Complete 
|  65|0x0000000706300000, 0x0000000706400000, 0x0000000706400000|100%| O|  |TAMS 0x0000000706400000, 0x0000000706300000| Complete 
|  66|0x0000000706400000, 0x0000000706500000, 0x0000000706500000|100%| O|  |TAMS 0x0000000706500000, 0x0000000706400000| Complete 
|  67|0x0000000706500000, 0x0000000706600000, 0x0000000706600000|100%| O|  |TAMS 0x0000000706600000, 0x0000000706500000| Complete 
|  68|0x0000000706600000, 0x0000000706700000, 0x0000000706700000|100%| O|  |TAMS 0x0000000706700000, 0x0000000706600000| Complete 
|  69|0x0000000706700000, 0x0000000706800000, 0x0000000706800000|100%| O|  |TAMS 0x0000000706800000, 0x0000000706700000| Complete 
|  70|0x0000000706800000, 0x0000000706900000, 0x0000000706900000|100%| O|  |TAMS 0x0000000706900000, 0x0000000706800000| Complete 
|  71|0x0000000706900000, 0x0000000706a00000, 0x0000000706a00000|100%| O|  |TAMS 0x0000000706a00000, 0x0000000706900000| Complete 
|  72|0x0000000706a00000, 0x0000000706b00000, 0x0000000706b00000|100%| O|  |TAMS 0x0000000706b00000, 0x0000000706a00000| Complete 
|  73|0x0000000706b00000, 0x0000000706c00000, 0x0000000706c00000|100%| O|  |TAMS 0x0000000706c00000, 0x0000000706b00000| Complete 
|  74|0x0000000706c00000, 0x0000000706d00000, 0x0000000706d00000|100%| O|  |TAMS 0x0000000706d00000, 0x0000000706c00000| Complete 
|  75|0x0000000706d00000, 0x0000000706e00000, 0x0000000706e00000|100%| O|  |TAMS 0x0000000706e00000, 0x0000000706d00000| Complete 
|  76|0x0000000706e00000, 0x0000000706f00000, 0x0000000706f00000|100%| O|  |TAMS 0x0000000706f00000, 0x0000000706e00000| Complete 
|  77|0x0000000706f00000, 0x0000000707000000, 0x0000000707000000|100%| O|  |TAMS 0x0000000707000000, 0x0000000706f00000| Complete 
|  78|0x0000000707000000, 0x0000000707100000, 0x0000000707100000|100%| O|  |TAMS 0x0000000707100000, 0x0000000707000000| Complete 
|  79|0x0000000707100000, 0x0000000707200000, 0x0000000707200000|100%| O|  |TAMS 0x0000000707200000, 0x0000000707100000| Complete 
|  80|0x0000000707200000, 0x0000000707300000, 0x0000000707300000|100%| O|  |TAMS 0x0000000707300000, 0x0000000707200000| Complete 
|  81|0x0000000707300000, 0x0000000707400000, 0x0000000707400000|100%| O|  |TAMS 0x0000000707400000, 0x0000000707300000| Complete 
|  82|0x0000000707400000, 0x0000000707500000, 0x0000000707500000|100%| O|  |TAMS 0x0000000707500000, 0x0000000707400000| Complete 
|  83|0x0000000707500000, 0x0000000707600000, 0x0000000707600000|100%| O|  |TAMS 0x0000000707600000, 0x0000000707500000| Complete 
|  84|0x0000000707600000, 0x0000000707700000, 0x0000000707700000|100%| O|  |TAMS 0x0000000707700000, 0x0000000707600000| Complete 
|  85|0x0000000707700000, 0x0000000707800000, 0x0000000707800000|100%| O|  |TAMS 0x0000000707800000, 0x0000000707700000| Complete 
|  86|0x0000000707800000, 0x0000000707900000, 0x0000000707900000|100%| O|  |TAMS 0x0000000707900000, 0x0000000707800000| Complete 
|  87|0x0000000707900000, 0x0000000707a00000, 0x0000000707a00000|100%| O|  |TAMS 0x0000000707a00000, 0x0000000707900000| Complete 
|  88|0x0000000707a00000, 0x0000000707b00000, 0x0000000707b00000|100%| O|  |TAMS 0x0000000707b00000, 0x0000000707a00000| Complete 
|  89|0x0000000707b00000, 0x0000000707c00000, 0x0000000707c00000|100%| O|  |TAMS 0x0000000707c00000, 0x0000000707b00000| Complete 
|  90|0x0000000707c00000, 0x0000000707d00000, 0x0000000707d00000|100%| O|  |TAMS 0x0000000707d00000, 0x0000000707c00000| Complete 
|  91|0x0000000707d00000, 0x0000000707e00000, 0x0000000707e00000|100%| O|  |TAMS 0x0000000707e00000, 0x0000000707d00000| Complete 
|  92|0x0000000707e00000, 0x0000000707f00000, 0x0000000707f00000|100%| O|  |TAMS 0x0000000707f00000, 0x0000000707e00000| Complete 
|  93|0x0000000707f00000, 0x0000000708000000, 0x0000000708000000|100%| O|  |TAMS 0x0000000708000000, 0x0000000707f00000| Complete 
|  94|0x0000000708000000, 0x0000000708100000, 0x0000000708100000|100%| O|  |TAMS 0x0000000708100000, 0x0000000708000000| Complete 
|  95|0x0000000708100000, 0x0000000708200000, 0x0000000708200000|100%| O|  |TAMS 0x0000000708200000, 0x0000000708100000| Complete 
|  96|0x0000000708200000, 0x0000000708300000, 0x0000000708300000|100%| O|  |TAMS 0x0000000708300000, 0x0000000708200000| Complete 
|  97|0x0000000708300000, 0x0000000708400000, 0x0000000708400000|100%| O|  |TAMS 0x0000000708400000, 0x0000000708300000| Complete 
|  98|0x0000000708400000, 0x0000000708500000, 0x0000000708500000|100%| O|  |TAMS 0x0000000708500000, 0x0000000708400000| Complete 
|  99|0x0000000708500000, 0x0000000708600000, 0x0000000708600000|100%| O|  |TAMS 0x0000000708600000, 0x0000000708500000| Complete 
| 100|0x0000000708600000, 0x0000000708700000, 0x0000000708700000|100%| O|  |TAMS 0x0000000708700000, 0x0000000708600000| Complete 
| 101|0x0000000708700000, 0x0000000708800000, 0x0000000708800000|100%| O|  |TAMS 0x0000000708800000, 0x0000000708700000| Complete 
| 102|0x0000000708800000, 0x0000000708900000, 0x0000000708900000|100%| O|  |TAMS 0x0000000708900000, 0x0000000708800000| Complete 
| 103|0x0000000708900000, 0x0000000708a00000, 0x0000000708a00000|100%| O|  |TAMS 0x0000000708a00000, 0x0000000708900000| Complete 
| 104|0x0000000708a00000, 0x0000000708b00000, 0x0000000708b00000|100%| O|  |TAMS 0x0000000708b00000, 0x0000000708a00000| Complete 
| 105|0x0000000708b00000, 0x0000000708c00000, 0x0000000708c00000|100%| O|  |TAMS 0x0000000708c00000, 0x0000000708b00000| Complete 
| 106|0x0000000708c00000, 0x0000000708d00000, 0x0000000708d00000|100%| O|  |TAMS 0x0000000708d00000, 0x0000000708c00000| Complete 
| 107|0x0000000708d00000, 0x0000000708e00000, 0x0000000708e00000|100%| O|  |TAMS 0x0000000708e00000, 0x0000000708d00000| Complete 
| 108|0x0000000708e00000, 0x0000000708f00000, 0x0000000708f00000|100%| O|  |TAMS 0x0000000708f00000, 0x0000000708e00000| Complete 
| 109|0x0000000708f00000, 0x0000000709000000, 0x0000000709000000|100%| O|  |TAMS 0x0000000709000000, 0x0000000708f00000| Complete 
| 110|0x0000000709000000, 0x0000000709100000, 0x0000000709100000|100%| O|  |TAMS 0x0000000709100000, 0x0000000709000000| Complete 
| 111|0x0000000709100000, 0x0000000709200000, 0x0000000709200000|100%| O|  |TAMS 0x0000000709200000, 0x0000000709100000| Complete 
| 112|0x0000000709200000, 0x0000000709300000, 0x0000000709300000|100%| O|  |TAMS 0x0000000709300000, 0x0000000709200000| Complete 
| 113|0x0000000709300000, 0x0000000709400000, 0x0000000709400000|100%| O|  |TAMS 0x0000000709400000, 0x0000000709300000| Complete 
| 114|0x0000000709400000, 0x0000000709500000, 0x0000000709500000|100%| O|  |TAMS 0x0000000709500000, 0x0000000709400000| Complete 
| 115|0x0000000709500000, 0x0000000709600000, 0x0000000709600000|100%| O|  |TAMS 0x0000000709600000, 0x0000000709500000| Complete 
| 116|0x0000000709600000, 0x0000000709700000, 0x0000000709700000|100%| O|  |TAMS 0x0000000709700000, 0x0000000709600000| Complete 
| 117|0x0000000709700000, 0x0000000709800000, 0x0000000709800000|100%| O|  |TAMS 0x0000000709800000, 0x0000000709700000| Complete 
| 118|0x0000000709800000, 0x0000000709900000, 0x0000000709900000|100%| O|  |TAMS 0x0000000709900000, 0x0000000709800000| Complete 
| 119|0x0000000709900000, 0x0000000709a00000, 0x0000000709a00000|100%| O|  |TAMS 0x0000000709a00000, 0x0000000709900000| Complete 
| 120|0x0000000709a00000, 0x0000000709b00000, 0x0000000709b00000|100%| O|  |TAMS 0x0000000709b00000, 0x0000000709a00000| Complete 
| 121|0x0000000709b00000, 0x0000000709c00000, 0x0000000709c00000|100%| O|  |TAMS 0x0000000709c00000, 0x0000000709b00000| Complete 
| 122|0x0000000709c00000, 0x0000000709d00000, 0x0000000709d00000|100%| O|  |TAMS 0x0000000709d00000, 0x0000000709c00000| Complete 
| 123|0x0000000709d00000, 0x0000000709e00000, 0x0000000709e00000|100%| O|  |TAMS 0x0000000709e00000, 0x0000000709d00000| Complete 
| 124|0x0000000709e00000, 0x0000000709f00000, 0x0000000709f00000|100%| O|  |TAMS 0x0000000709f00000, 0x0000000709e00000| Complete 
| 125|0x0000000709f00000, 0x000000070a000000, 0x000000070a000000|100%| O|  |TAMS 0x000000070a000000, 0x0000000709f00000| Complete 
| 126|0x000000070a000000, 0x000000070a100000, 0x000000070a100000|100%| O|  |TAMS 0x000000070a100000, 0x000000070a000000| Complete 
| 127|0x000000070a100000, 0x000000070a200000, 0x000000070a200000|100%| O|  |TAMS 0x000000070a200000, 0x000000070a100000| Complete 
| 128|0x000000070a200000, 0x000000070a300000, 0x000000070a300000|100%| O|  |TAMS 0x000000070a300000, 0x000000070a200000| Complete 
| 129|0x000000070a300000, 0x000000070a400000, 0x000000070a400000|100%| O|  |TAMS 0x000000070a400000, 0x000000070a300000| Complete 
| 130|0x000000070a400000, 0x000000070a500000, 0x000000070a500000|100%| O|  |TAMS 0x000000070a500000, 0x000000070a400000| Complete 
| 131|0x000000070a500000, 0x000000070a600000, 0x000000070a600000|100%| O|  |TAMS 0x000000070a600000, 0x000000070a500000| Complete 
| 132|0x000000070a600000, 0x000000070a700000, 0x000000070a700000|100%| O|  |TAMS 0x000000070a700000, 0x000000070a600000| Complete 
| 133|0x000000070a700000, 0x000000070a800000, 0x000000070a800000|100%| O|  |TAMS 0x000000070a800000, 0x000000070a700000| Complete 
| 134|0x000000070a800000, 0x000000070a900000, 0x000000070a900000|100%| O|  |TAMS 0x000000070a900000, 0x000000070a800000| Complete 
| 135|0x000000070a900000, 0x000000070aa00000, 0x000000070aa00000|100%| O|  |TAMS 0x000000070aa00000, 0x000000070a900000| Complete 
| 136|0x000000070aa00000, 0x000000070ab00000, 0x000000070ab00000|100%| O|  |TAMS 0x000000070ab00000, 0x000000070aa00000| Complete 
| 137|0x000000070ab00000, 0x000000070ac00000, 0x000000070ac00000|100%| O|  |TAMS 0x000000070ac00000, 0x000000070ab00000| Complete 
| 138|0x000000070ac00000, 0x000000070ad00000, 0x000000070ad00000|100%| O|  |TAMS 0x000000070ad00000, 0x000000070ac00000| Complete 
| 139|0x000000070ad00000, 0x000000070ae00000, 0x000000070ae00000|100%| O|  |TAMS 0x000000070ae00000, 0x000000070ad00000| Complete 
| 140|0x000000070ae00000, 0x000000070af00000, 0x000000070af00000|100%| O|  |TAMS 0x000000070af00000, 0x000000070ae00000| Complete 
| 141|0x000000070af00000, 0x000000070b000000, 0x000000070b000000|100%| O|  |TAMS 0x000000070b000000, 0x000000070af00000| Complete 
| 142|0x000000070b000000, 0x000000070b100000, 0x000000070b100000|100%| O|  |TAMS 0x000000070b100000, 0x000000070b000000| Complete 
| 143|0x000000070b100000, 0x000000070b200000, 0x000000070b200000|100%| O|  |TAMS 0x000000070b200000, 0x000000070b100000| Complete 
| 144|0x000000070b200000, 0x000000070b300000, 0x000000070b300000|100%| O|  |TAMS 0x000000070b300000, 0x000000070b200000| Complete 
| 145|0x000000070b300000, 0x000000070b400000, 0x000000070b400000|100%| O|  |TAMS 0x000000070b400000, 0x000000070b300000| Complete 
| 146|0x000000070b400000, 0x000000070b500000, 0x000000070b500000|100%| O|  |TAMS 0x000000070b500000, 0x000000070b400000| Complete 
| 147|0x000000070b500000, 0x000000070b600000, 0x000000070b600000|100%| O|  |TAMS 0x000000070b600000, 0x000000070b500000| Complete 
| 148|0x000000070b600000, 0x000000070b700000, 0x000000070b700000|100%| O|  |TAMS 0x000000070b700000, 0x000000070b600000| Complete 
| 149|0x000000070b700000, 0x000000070b800000, 0x000000070b800000|100%| O|  |TAMS 0x000000070b800000, 0x000000070b700000| Complete 
| 150|0x000000070b800000, 0x000000070b900000, 0x000000070b900000|100%| O|  |TAMS 0x000000070b900000, 0x000000070b800000| Complete 
| 151|0x000000070b900000, 0x000000070ba00000, 0x000000070ba00000|100%| O|  |TAMS 0x000000070ba00000, 0x000000070b900000| Complete 
| 152|0x000000070ba00000, 0x000000070bb00000, 0x000000070bb00000|100%| O|  |TAMS 0x000000070bb00000, 0x000000070ba00000| Complete 
| 153|0x000000070bb00000, 0x000000070bc00000, 0x000000070bc00000|100%| O|  |TAMS 0x000000070bc00000, 0x000000070bb00000| Complete 
| 154|0x000000070bc00000, 0x000000070bd00000, 0x000000070bd00000|100%| O|  |TAMS 0x000000070bd00000, 0x000000070bc00000| Complete 
| 155|0x000000070bd00000, 0x000000070be00000, 0x000000070be00000|100%| O|  |TAMS 0x000000070be00000, 0x000000070bd00000| Complete 
| 156|0x000000070be00000, 0x000000070bf00000, 0x000000070bf00000|100%| O|  |TAMS 0x000000070bf00000, 0x000000070be00000| Complete 
| 157|0x000000070bf00000, 0x000000070c000000, 0x000000070c000000|100%| O|  |TAMS 0x000000070bf00000, 0x000000070bf00000| Untracked 
| 158|0x000000070c000000, 0x000000070c100000, 0x000000070c100000|100%| O|  |TAMS 0x000000070c000000, 0x000000070c000000| Untracked 
| 159|0x000000070c100000, 0x000000070c200000, 0x000000070c200000|100%| O|  |TAMS 0x000000070c100000, 0x000000070c100000| Untracked 
| 160|0x000000070c200000, 0x000000070c300000, 0x000000070c300000|100%| O|  |TAMS 0x000000070c200000, 0x000000070c200000| Untracked 
| 161|0x000000070c300000, 0x000000070c400000, 0x000000070c400000|100%| O|  |TAMS 0x000000070c300000, 0x000000070c300000| Untracked 
| 162|0x000000070c400000, 0x000000070c500000, 0x000000070c500000|100%| O|  |TAMS 0x000000070c400000, 0x000000070c400000| Untracked 
| 163|0x000000070c500000, 0x000000070c600000, 0x000000070c600000|100%| O|  |TAMS 0x000000070c500000, 0x000000070c500000| Untracked 
| 164|0x000000070c600000, 0x000000070c700000, 0x000000070c700000|100%| O|  |TAMS 0x000000070c600000, 0x000000070c600000| Untracked 
| 165|0x000000070c700000, 0x000000070c800000, 0x000000070c800000|100%| O|  |TAMS 0x000000070c700000, 0x000000070c700000| Untracked 
| 166|0x000000070c800000, 0x000000070c900000, 0x000000070c900000|100%| O|  |TAMS 0x000000070c800000, 0x000000070c800000| Untracked 
| 167|0x000000070c900000, 0x000000070ca00000, 0x000000070ca00000|100%| O|  |TAMS 0x000000070c900000, 0x000000070c900000| Untracked 
| 168|0x000000070ca00000, 0x000000070cb00000, 0x000000070cb00000|100%| O|  |TAMS 0x000000070ca00000, 0x000000070ca00000| Untracked 
| 169|0x000000070cb00000, 0x000000070cc00000, 0x000000070cc00000|100%| O|  |TAMS 0x000000070cb00000, 0x000000070cb00000| Untracked 
| 170|0x000000070cc00000, 0x000000070cd00000, 0x000000070cd00000|100%| O|  |TAMS 0x000000070cc00000, 0x000000070cc00000| Untracked 
| 171|0x000000070cd00000, 0x000000070ce00000, 0x000000070ce00000|100%| O|  |TAMS 0x000000070cd00000, 0x000000070cd00000| Untracked 
| 172|0x000000070ce00000, 0x000000070cf00000, 0x000000070cf00000|100%| O|  |TAMS 0x000000070ce00000, 0x000000070ce00000| Untracked 
| 173|0x000000070cf00000, 0x000000070d000000, 0x000000070d000000|100%| O|  |TAMS 0x000000070cf00000, 0x000000070cf00000| Untracked 
| 174|0x000000070d000000, 0x000000070d100000, 0x000000070d100000|100%| O|  |TAMS 0x000000070d000000, 0x000000070d000000| Untracked 
| 175|0x000000070d100000, 0x000000070d200000, 0x000000070d200000|100%| O|  |TAMS 0x000000070d100000, 0x000000070d100000| Untracked 
| 176|0x000000070d200000, 0x000000070d280000, 0x000000070d300000| 50%| O|  |TAMS 0x000000070d200000, 0x000000070d200000| Untracked 
| 177|0x000000070d300000, 0x000000070d300000, 0x000000070d400000|  0%| F|  |TAMS 0x000000070d300000, 0x000000070d300000| Untracked 
| 178|0x000000070d400000, 0x000000070d400000, 0x000000070d500000|  0%| F|  |TAMS 0x000000070d400000, 0x000000070d400000| Untracked 
| 179|0x000000070d500000, 0x000000070d500000, 0x000000070d600000|  0%| F|  |TAMS 0x000000070d500000, 0x000000070d500000| Untracked 
| 180|0x000000070d600000, 0x000000070d600000, 0x000000070d700000|  0%| F|  |TAMS 0x000000070d600000, 0x000000070d600000| Untracked 
| 181|0x000000070d700000, 0x000000070d700000, 0x000000070d800000|  0%| F|  |TAMS 0x000000070d700000, 0x000000070d700000| Untracked 
| 182|0x000000070d800000, 0x000000070d800000, 0x000000070d900000|  0%| F|  |TAMS 0x000000070d800000, 0x000000070d800000| Untracked 
| 183|0x000000070d900000, 0x000000070d900000, 0x000000070da00000|  0%| F|  |TAMS 0x000000070d900000, 0x000000070d900000| Untracked 
| 184|0x000000070da00000, 0x000000070da00000, 0x000000070db00000|  0%| F|  |TAMS 0x000000070da00000, 0x000000070da00000| Untracked 
| 185|0x000000070db00000, 0x000000070db00000, 0x000000070dc00000|  0%| F|  |TAMS 0x000000070db00000, 0x000000070db00000| Untracked 
| 186|0x000000070dc00000, 0x000000070dc00000, 0x000000070dd00000|  0%| F|  |TAMS 0x000000070dc00000, 0x000000070dc00000| Untracked 
| 187|0x000000070dd00000, 0x000000070dd00000, 0x000000070de00000|  0%| F|  |TAMS 0x000000070dd00000, 0x000000070dd00000| Untracked 
| 188|0x000000070de00000, 0x000000070de00000, 0x000000070df00000|  0%| F|  |TAMS 0x000000070de00000, 0x000000070de00000| Untracked 
| 189|0x000000070df00000, 0x000000070df00000, 0x000000070e000000|  0%| F|  |TAMS 0x000000070df00000, 0x000000070df00000| Untracked 
| 190|0x000000070e000000, 0x000000070e000000, 0x000000070e100000|  0%| F|  |TAMS 0x000000070e000000, 0x000000070e000000| Untracked 
| 191|0x000000070e100000, 0x000000070e100000, 0x000000070e200000|  0%| F|  |TAMS 0x000000070e100000, 0x000000070e100000| Untracked 
| 192|0x000000070e200000, 0x000000070e200000, 0x000000070e300000|  0%| F|  |TAMS 0x000000070e200000, 0x000000070e200000| Untracked 
| 193|0x000000070e300000, 0x000000070e300000, 0x000000070e400000|  0%| F|  |TAMS 0x000000070e300000, 0x000000070e300000| Untracked 
| 194|0x000000070e400000, 0x000000070e400000, 0x000000070e500000|  0%| F|  |TAMS 0x000000070e400000, 0x000000070e400000| Untracked 
| 195|0x000000070e500000, 0x000000070e500000, 0x000000070e600000|  0%| F|  |TAMS 0x000000070e500000, 0x000000070e500000| Untracked 
| 196|0x000000070e600000, 0x000000070e600000, 0x000000070e700000|  0%| F|  |TAMS 0x000000070e600000, 0x000000070e600000| Untracked 
| 197|0x000000070e700000, 0x000000070e700000, 0x000000070e800000|  0%| F|  |TAMS 0x000000070e700000, 0x000000070e700000| Untracked 
| 198|0x000000070e800000, 0x000000070e800000, 0x000000070e900000|  0%| F|  |TAMS 0x000000070e800000, 0x000000070e800000| Untracked 
| 199|0x000000070e900000, 0x000000070e900000, 0x000000070ea00000|  0%| F|  |TAMS 0x000000070e900000, 0x000000070e900000| Untracked 
| 200|0x000000070ea00000, 0x000000070ea00000, 0x000000070eb00000|  0%| F|  |TAMS 0x000000070ea00000, 0x000000070ea00000| Untracked 
| 201|0x000000070eb00000, 0x000000070eb00000, 0x000000070ec00000|  0%| F|  |TAMS 0x000000070eb00000, 0x000000070eb00000| Untracked 
| 202|0x000000070ec00000, 0x000000070ec00000, 0x000000070ed00000|  0%| F|  |TAMS 0x000000070ec00000, 0x000000070ec00000| Untracked 
| 203|0x000000070ed00000, 0x000000070ed00000, 0x000000070ee00000|  0%| F|  |TAMS 0x000000070ed00000, 0x000000070ed00000| Untracked 
| 204|0x000000070ee00000, 0x000000070ee00000, 0x000000070ef00000|  0%| F|  |TAMS 0x000000070ee00000, 0x000000070ee00000| Untracked 
| 205|0x000000070ef00000, 0x000000070ef00000, 0x000000070f000000|  0%| F|  |TAMS 0x000000070ef00000, 0x000000070ef00000| Untracked 
| 206|0x000000070f000000, 0x000000070f000000, 0x000000070f100000|  0%| F|  |TAMS 0x000000070f000000, 0x000000070f000000| Untracked 
| 207|0x000000070f100000, 0x000000070f100000, 0x000000070f200000|  0%| F|  |TAMS 0x000000070f100000, 0x000000070f100000| Untracked 
| 208|0x000000070f200000, 0x000000070f200000, 0x000000070f300000|  0%| F|  |TAMS 0x000000070f200000, 0x000000070f200000| Untracked 
| 209|0x000000070f300000, 0x000000070f300000, 0x000000070f400000|  0%| F|  |TAMS 0x000000070f300000, 0x000000070f300000| Untracked 
| 210|0x000000070f400000, 0x000000070f400000, 0x000000070f500000|  0%| F|  |TAMS 0x000000070f400000, 0x000000070f400000| Untracked 
| 211|0x000000070f500000, 0x000000070f500000, 0x000000070f600000|  0%| F|  |TAMS 0x000000070f500000, 0x000000070f500000| Untracked 
| 212|0x000000070f600000, 0x000000070f600000, 0x000000070f700000|  0%| F|  |TAMS 0x000000070f600000, 0x000000070f600000| Untracked 
| 213|0x000000070f700000, 0x000000070f700000, 0x000000070f800000|  0%| F|  |TAMS 0x000000070f700000, 0x000000070f700000| Untracked 
| 214|0x000000070f800000, 0x000000070f800000, 0x000000070f900000|  0%| F|  |TAMS 0x000000070f800000, 0x000000070f800000| Untracked 
| 215|0x000000070f900000, 0x000000070f900000, 0x000000070fa00000|  0%| F|  |TAMS 0x000000070f900000, 0x000000070f900000| Untracked 
| 216|0x000000070fa00000, 0x000000070fa00000, 0x000000070fb00000|  0%| F|  |TAMS 0x000000070fa00000, 0x000000070fa00000| Untracked 
| 217|0x000000070fb00000, 0x000000070fb00000, 0x000000070fc00000|  0%| F|  |TAMS 0x000000070fb00000, 0x000000070fb00000| Untracked 
| 218|0x000000070fc00000, 0x000000070fc00000, 0x000000070fd00000|  0%| F|  |TAMS 0x000000070fc00000, 0x000000070fc00000| Untracked 
| 219|0x000000070fd00000, 0x000000070fd00000, 0x000000070fe00000|  0%| F|  |TAMS 0x000000070fd00000, 0x000000070fd00000| Untracked 
| 220|0x000000070fe00000, 0x000000070fe00000, 0x000000070ff00000|  0%| F|  |TAMS 0x000000070fe00000, 0x000000070fe00000| Untracked 
| 221|0x000000070ff00000, 0x000000070ff00000, 0x0000000710000000|  0%| F|  |TAMS 0x000000070ff00000, 0x000000070ff00000| Untracked 
| 222|0x0000000710000000, 0x0000000710000000, 0x0000000710100000|  0%| F|  |TAMS 0x0000000710000000, 0x0000000710000000| Untracked 
| 223|0x0000000710100000, 0x0000000710100000, 0x0000000710200000|  0%| F|  |TAMS 0x0000000710100000, 0x0000000710100000| Untracked 
| 224|0x0000000710200000, 0x0000000710200000, 0x0000000710300000|  0%| F|  |TAMS 0x0000000710200000, 0x0000000710200000| Untracked 
| 225|0x0000000710300000, 0x0000000710300000, 0x0000000710400000|  0%| F|  |TAMS 0x0000000710300000, 0x0000000710300000| Untracked 
| 226|0x0000000710400000, 0x0000000710400000, 0x0000000710500000|  0%| F|  |TAMS 0x0000000710400000, 0x0000000710400000| Untracked 
| 227|0x0000000710500000, 0x0000000710500000, 0x0000000710600000|  0%| F|  |TAMS 0x0000000710500000, 0x0000000710500000| Untracked 
| 228|0x0000000710600000, 0x0000000710600000, 0x0000000710700000|  0%| F|  |TAMS 0x0000000710600000, 0x0000000710600000| Untracked 
| 229|0x0000000710700000, 0x0000000710700000, 0x0000000710800000|  0%| F|  |TAMS 0x0000000710700000, 0x0000000710700000| Untracked 
| 230|0x0000000710800000, 0x0000000710800000, 0x0000000710900000|  0%| F|  |TAMS 0x0000000710800000, 0x0000000710800000| Untracked 
| 231|0x0000000710900000, 0x0000000710900000, 0x0000000710a00000|  0%| F|  |TAMS 0x0000000710900000, 0x0000000710900000| Untracked 
| 232|0x0000000710a00000, 0x0000000710a00000, 0x0000000710b00000|  0%| F|  |TAMS 0x0000000710a00000, 0x0000000710a00000| Untracked 
| 233|0x0000000710b00000, 0x0000000710b00000, 0x0000000710c00000|  0%| F|  |TAMS 0x0000000710b00000, 0x0000000710b00000| Untracked 
| 234|0x0000000710c00000, 0x0000000710c00000, 0x0000000710d00000|  0%| F|  |TAMS 0x0000000710c00000, 0x0000000710c00000| Untracked 
| 235|0x0000000710d00000, 0x0000000710d00000, 0x0000000710e00000|  0%| F|  |TAMS 0x0000000710d00000, 0x0000000710d00000| Untracked 
| 236|0x0000000710e00000, 0x0000000710e00000, 0x0000000710f00000|  0%| F|  |TAMS 0x0000000710e00000, 0x0000000710e00000| Untracked 
| 237|0x0000000710f00000, 0x0000000710f00000, 0x0000000711000000|  0%| F|  |TAMS 0x0000000710f00000, 0x0000000710f00000| Untracked 
| 238|0x0000000711000000, 0x0000000711000000, 0x0000000711100000|  0%| F|  |TAMS 0x0000000711000000, 0x0000000711000000| Untracked 
| 239|0x0000000711100000, 0x0000000711100000, 0x0000000711200000|  0%| F|  |TAMS 0x0000000711100000, 0x0000000711100000| Untracked 
| 240|0x0000000711200000, 0x0000000711200000, 0x0000000711300000|  0%| F|  |TAMS 0x0000000711200000, 0x0000000711200000| Untracked 
| 241|0x0000000711300000, 0x0000000711300000, 0x0000000711400000|  0%| F|  |TAMS 0x0000000711300000, 0x0000000711300000| Untracked 
| 242|0x0000000711400000, 0x0000000711400000, 0x0000000711500000|  0%| F|  |TAMS 0x0000000711400000, 0x0000000711400000| Untracked 
| 243|0x0000000711500000, 0x0000000711500000, 0x0000000711600000|  0%| F|  |TAMS 0x0000000711500000, 0x0000000711500000| Untracked 
| 244|0x0000000711600000, 0x0000000711600000, 0x0000000711700000|  0%| F|  |TAMS 0x0000000711600000, 0x0000000711600000| Untracked 
| 245|0x0000000711700000, 0x0000000711700000, 0x0000000711800000|  0%| F|  |TAMS 0x0000000711700000, 0x0000000711700000| Untracked 
| 246|0x0000000711800000, 0x0000000711800000, 0x0000000711900000|  0%| F|  |TAMS 0x0000000711800000, 0x0000000711800000| Untracked 
| 247|0x0000000711900000, 0x0000000711900000, 0x0000000711a00000|  0%| F|  |TAMS 0x0000000711900000, 0x0000000711900000| Untracked 
| 248|0x0000000711a00000, 0x0000000711a00000, 0x0000000711b00000|  0%| F|  |TAMS 0x0000000711a00000, 0x0000000711a00000| Untracked 
| 249|0x0000000711b00000, 0x0000000711b00000, 0x0000000711c00000|  0%| F|  |TAMS 0x0000000711b00000, 0x0000000711b00000| Untracked 
| 250|0x0000000711c00000, 0x0000000711c00000, 0x0000000711d00000|  0%| F|  |TAMS 0x0000000711c00000, 0x0000000711c00000| Untracked 
| 251|0x0000000711d00000, 0x0000000711d00000, 0x0000000711e00000|  0%| F|  |TAMS 0x0000000711d00000, 0x0000000711d00000| Untracked 
| 252|0x0000000711e00000, 0x0000000711f00000, 0x0000000711f00000|100%| S|CS|TAMS 0x0000000711e00000, 0x0000000711e00000| Complete 
| 253|0x0000000711f00000, 0x0000000712000000, 0x0000000712000000|100%| S|CS|TAMS 0x0000000711f00000, 0x0000000711f00000| Complete 
| 254|0x0000000712000000, 0x0000000712100000, 0x0000000712100000|100%| S|CS|TAMS 0x0000000712000000, 0x0000000712000000| Complete 
| 255|0x0000000712100000, 0x0000000712200000, 0x0000000712200000|100%| S|CS|TAMS 0x0000000712100000, 0x0000000712100000| Complete 
| 256|0x0000000712200000, 0x0000000712300000, 0x0000000712300000|100%| S|CS|TAMS 0x0000000712200000, 0x0000000712200000| Complete 
| 257|0x0000000712300000, 0x0000000712400000, 0x0000000712400000|100%| S|CS|TAMS 0x0000000712300000, 0x0000000712300000| Complete 
| 258|0x0000000712400000, 0x0000000712500000, 0x0000000712500000|100%| S|CS|TAMS 0x0000000712400000, 0x0000000712400000| Complete 
| 259|0x0000000712500000, 0x0000000712600000, 0x0000000712600000|100%| S|CS|TAMS 0x0000000712500000, 0x0000000712500000| Complete 
| 260|0x0000000712600000, 0x0000000712600000, 0x0000000712700000|  0%| F|  |TAMS 0x0000000712600000, 0x0000000712600000| Untracked 
| 261|0x0000000712700000, 0x0000000712700000, 0x0000000712800000|  0%| F|  |TAMS 0x0000000712700000, 0x0000000712700000| Untracked 
| 262|0x0000000712800000, 0x0000000712800000, 0x0000000712900000|  0%| F|  |TAMS 0x0000000712800000, 0x0000000712800000| Untracked 
| 263|0x0000000712900000, 0x0000000712900000, 0x0000000712a00000|  0%| F|  |TAMS 0x0000000712900000, 0x0000000712900000| Untracked 
| 264|0x0000000712a00000, 0x0000000712a00000, 0x0000000712b00000|  0%| F|  |TAMS 0x0000000712a00000, 0x0000000712a00000| Untracked 
| 265|0x0000000712b00000, 0x0000000712b00000, 0x0000000712c00000|  0%| F|  |TAMS 0x0000000712b00000, 0x0000000712b00000| Untracked 
| 266|0x0000000712c00000, 0x0000000712c00000, 0x0000000712d00000|  0%| F|  |TAMS 0x0000000712c00000, 0x0000000712c00000| Untracked 
| 267|0x0000000712d00000, 0x0000000712d00000, 0x0000000712e00000|  0%| F|  |TAMS 0x0000000712d00000, 0x0000000712d00000| Untracked 
| 268|0x0000000712e00000, 0x0000000712e00000, 0x0000000712f00000|  0%| F|  |TAMS 0x0000000712e00000, 0x0000000712e00000| Untracked 
| 269|0x0000000712f00000, 0x0000000712f00000, 0x0000000713000000|  0%| F|  |TAMS 0x0000000712f00000, 0x0000000712f00000| Untracked 
| 270|0x0000000713000000, 0x0000000713000000, 0x0000000713100000|  0%| F|  |TAMS 0x0000000713000000, 0x0000000713000000| Untracked 
| 271|0x0000000713100000, 0x0000000713100000, 0x0000000713200000|  0%| F|  |TAMS 0x0000000713100000, 0x0000000713100000| Untracked 
| 272|0x0000000713200000, 0x0000000713200000, 0x0000000713300000|  0%| F|  |TAMS 0x0000000713200000, 0x0000000713200000| Untracked 
| 273|0x0000000713300000, 0x0000000713300000, 0x0000000713400000|  0%| F|  |TAMS 0x0000000713300000, 0x0000000713300000| Untracked 
| 274|0x0000000713400000, 0x0000000713400000, 0x0000000713500000|  0%| F|  |TAMS 0x0000000713400000, 0x0000000713400000| Untracked 
| 275|0x0000000713500000, 0x0000000713500000, 0x0000000713600000|  0%| F|  |TAMS 0x0000000713500000, 0x0000000713500000| Untracked 
| 276|0x0000000713600000, 0x0000000713600000, 0x0000000713700000|  0%| F|  |TAMS 0x0000000713600000, 0x0000000713600000| Untracked 
| 277|0x0000000713700000, 0x0000000713700000, 0x0000000713800000|  0%| F|  |TAMS 0x0000000713700000, 0x0000000713700000| Untracked 
| 278|0x0000000713800000, 0x0000000713800000, 0x0000000713900000|  0%| F|  |TAMS 0x0000000713800000, 0x0000000713800000| Untracked 
| 279|0x0000000713900000, 0x0000000713900000, 0x0000000713a00000|  0%| F|  |TAMS 0x0000000713900000, 0x0000000713900000| Untracked 
| 280|0x0000000713a00000, 0x0000000713a00000, 0x0000000713b00000|  0%| F|  |TAMS 0x0000000713a00000, 0x0000000713a00000| Untracked 
| 281|0x0000000713b00000, 0x0000000713b00000, 0x0000000713c00000|  0%| F|  |TAMS 0x0000000713b00000, 0x0000000713b00000| Untracked 
| 282|0x0000000713c00000, 0x0000000713c00000, 0x0000000713d00000|  0%| F|  |TAMS 0x0000000713c00000, 0x0000000713c00000| Untracked 
| 283|0x0000000713d00000, 0x0000000713d00000, 0x0000000713e00000|  0%| F|  |TAMS 0x0000000713d00000, 0x0000000713d00000| Untracked 
| 284|0x0000000713e00000, 0x0000000713e00000, 0x0000000713f00000|  0%| F|  |TAMS 0x0000000713e00000, 0x0000000713e00000| Untracked 
| 285|0x0000000713f00000, 0x0000000713f00000, 0x0000000714000000|  0%| F|  |TAMS 0x0000000713f00000, 0x0000000713f00000| Untracked 
| 286|0x0000000714000000, 0x0000000714000000, 0x0000000714100000|  0%| F|  |TAMS 0x0000000714000000, 0x0000000714000000| Untracked 
| 287|0x0000000714100000, 0x0000000714100000, 0x0000000714200000|  0%| F|  |TAMS 0x0000000714100000, 0x0000000714100000| Untracked 
| 288|0x0000000714200000, 0x0000000714200000, 0x0000000714300000|  0%| F|  |TAMS 0x0000000714200000, 0x0000000714200000| Untracked 
| 289|0x0000000714300000, 0x0000000714300000, 0x0000000714400000|  0%| F|  |TAMS 0x0000000714300000, 0x0000000714300000| Untracked 
| 290|0x0000000714400000, 0x0000000714400000, 0x0000000714500000|  0%| F|  |TAMS 0x0000000714400000, 0x0000000714400000| Untracked 
| 291|0x0000000714500000, 0x0000000714500000, 0x0000000714600000|  0%| F|  |TAMS 0x0000000714500000, 0x0000000714500000| Untracked 
| 292|0x0000000714600000, 0x0000000714600000, 0x0000000714700000|  0%| F|  |TAMS 0x0000000714600000, 0x0000000714600000| Untracked 
| 293|0x0000000714700000, 0x0000000714700000, 0x0000000714800000|  0%| F|  |TAMS 0x0000000714700000, 0x0000000714700000| Untracked 
| 294|0x0000000714800000, 0x0000000714800000, 0x0000000714900000|  0%| F|  |TAMS 0x0000000714800000, 0x0000000714800000| Untracked 
| 295|0x0000000714900000, 0x0000000714900000, 0x0000000714a00000|  0%| F|  |TAMS 0x0000000714900000, 0x0000000714900000| Untracked 
| 296|0x0000000714a00000, 0x0000000714a00000, 0x0000000714b00000|  0%| F|  |TAMS 0x0000000714a00000, 0x0000000714a00000| Untracked 
| 297|0x0000000714b00000, 0x0000000714b00000, 0x0000000714c00000|  0%| F|  |TAMS 0x0000000714b00000, 0x0000000714b00000| Untracked 
| 298|0x0000000714c00000, 0x0000000714c00000, 0x0000000714d00000|  0%| F|  |TAMS 0x0000000714c00000, 0x0000000714c00000| Untracked 
| 299|0x0000000714d00000, 0x0000000714d00000, 0x0000000714e00000|  0%| F|  |TAMS 0x0000000714d00000, 0x0000000714d00000| Untracked 
| 300|0x0000000714e00000, 0x0000000714e00000, 0x0000000714f00000|  0%| F|  |TAMS 0x0000000714e00000, 0x0000000714e00000| Untracked 
| 301|0x0000000714f00000, 0x0000000714f00000, 0x0000000715000000|  0%| F|  |TAMS 0x0000000714f00000, 0x0000000714f00000| Untracked 
| 302|0x0000000715000000, 0x0000000715000000, 0x0000000715100000|  0%| F|  |TAMS 0x0000000715000000, 0x0000000715000000| Untracked 
| 303|0x0000000715100000, 0x0000000715100000, 0x0000000715200000|  0%| F|  |TAMS 0x0000000715100000, 0x0000000715100000| Untracked 
| 304|0x0000000715200000, 0x0000000715200000, 0x0000000715300000|  0%| F|  |TAMS 0x0000000715200000, 0x0000000715200000| Untracked 
| 305|0x0000000715300000, 0x0000000715380800, 0x0000000715400000| 50%| E|  |TAMS 0x0000000715300000, 0x0000000715300000| Complete 
| 306|0x0000000715400000, 0x0000000715500000, 0x0000000715500000|100%| E|CS|TAMS 0x0000000715400000, 0x0000000715400000| Complete 
| 307|0x0000000715500000, 0x0000000715600000, 0x0000000715600000|100%| E|CS|TAMS 0x0000000715500000, 0x0000000715500000| Complete 
| 308|0x0000000715600000, 0x0000000715700000, 0x0000000715700000|100%| E|CS|TAMS 0x0000000715600000, 0x0000000715600000| Complete 
| 309|0x0000000715700000, 0x0000000715800000, 0x0000000715800000|100%| E|CS|TAMS 0x0000000715700000, 0x0000000715700000| Complete 
| 310|0x0000000715800000, 0x0000000715900000, 0x0000000715900000|100%| E|CS|TAMS 0x0000000715800000, 0x0000000715800000| Complete 
| 311|0x0000000715900000, 0x0000000715a00000, 0x0000000715a00000|100%| E|CS|TAMS 0x0000000715900000, 0x0000000715900000| Complete 

Card table byte_map: [0x00000228c9b10000,0x00000228ca300000] _byte_map_base: 0x00000228c62ff000

Marking Bits (Prev, Next): (CMBitMap*) 0x00000228b1a56678, (CMBitMap*) 0x00000228b1a56638
 Prev Bits: [0x00000228cea70000, 0x00000228d29e8000)
 Next Bits: [0x00000228caaf0000, 0x00000228cea68000)

Polling page: 0x00000228af9a0000

Metaspace:

Usage:
  Non-class:     10.12 MB capacity,     8.01 MB ( 79%) used,     2.10 MB ( 21%) free+waste,    10.56 KB ( <1%) overhead. 
      Class:    725.00 KB capacity,   428.76 KB ( 59%) used,   292.62 KB ( 40%) free+waste,     3.63 KB ( <1%) overhead. 
       Both:     10.83 MB capacity,     8.43 MB ( 78%) used,     2.38 MB ( 22%) free+waste,    14.19 KB ( <1%) overhead. 

Virtual space:
  Non-class space:       12.00 MB reserved,      10.25 MB ( 85%) committed 
      Class space:        1.00 GB reserved,     768.00 KB ( <1%) committed 
             Both:        1.01 GB reserved,      11.00 MB (  1%) committed 

Chunk freelists:
   Non-Class:  67.00 KB
       Class:  11.00 KB
        Both:  78.00 KB

MaxMetaspaceSize: 17179869184.00 GB
CompressedClassSpaceSize: 1.00 GB

CodeHeap 'non-profiled nmethods': size=120000Kb used=1562Kb max_used=1562Kb free=118437Kb
 bounds [0x00000228c19b0000, 0x00000228c1c20000, 0x00000228c8ee0000]
CodeHeap 'profiled nmethods': size=120000Kb used=4531Kb max_used=4531Kb free=115468Kb
 bounds [0x00000228ba480000, 0x00000228ba8f0000, 0x00000228c19b0000]
CodeHeap 'non-nmethods': size=5760Kb used=1639Kb max_used=1698Kb free=4120Kb
 bounds [0x00000228b9ee0000, 0x00000228ba150000, 0x00000228ba480000]
 total_blobs=3964 nmethods=1869 adapters=946
 compilation: enabled
              stopped_count=0, restarted_count=0
 full_count=0

Compilation events (20 events):
Event: 47.095 Thread 0x00000228d5e17800 1860       4       java.util.List::sort (66 bytes)
Event: 47.154 Thread 0x00000228d5e17800 nmethod 1860 0x00000228c1b2b910 code [0x00000228c1b2bb00, 0x00000228c1b2c978]
Event: 47.154 Thread 0x00000228d5e17800 1861       4       java.util.LinkedList::toArray (39 bytes)
Event: 47.159 Thread 0x00000228d5e17800 nmethod 1861 0x00000228c1b2d490 code [0x00000228c1b2d620, 0x00000228c1b2d8f8]
Event: 47.218 Thread 0x00000228d5e17800 1862       4       guis.UIBox::Update (168 bytes)
Event: 47.219 Thread 0x00000228d5e17800 nmethod 1862 0x00000228c1b2da10 code [0x00000228c1b2dba0, 0x00000228c1b2dc38]
Event: 49.512 Thread 0x00000228d5e17800 1863       4       Collisions.ColisionHandeler::Debug (82 bytes)
Event: 49.548 Thread 0x00000228d5e17800 nmethod 1863 0x00000228c1b2dd10 code [0x00000228c1b2df20, 0x00000228c1b2eb18]
Event: 56.020 Thread 0x00000228d5e17800 1864       4       guis.UIBoxState::removeAllActiveELements (127 bytes)
Event: 56.073 Thread 0x00000228d5e17800 nmethod 1864 0x00000228c1b2f110 code [0x00000228c1b2f300, 0x00000228c1b30b38]
Event: 56.073 Thread 0x00000228d5e17800 1866       4       textrendering.TextBuilder::UIdrawString (71 bytes)
Event: 56.081 Thread 0x00000228d5e17800 nmethod 1866 0x00000228c1b31290 code [0x00000228c1b31440, 0x00000228c1b31b48]
Event: 56.081 Thread 0x00000228d5e17800 1865       4       guis.UIBox::draw (76 bytes)
Event: 56.082 Thread 0x00000228d5e17800 nmethod 1865 0x00000228c1b31d10 code [0x00000228c1b31ea0, 0x00000228c1b31f38]
Event: 56.082 Thread 0x00000228d5e17800 1867       4       rendering.MainRenderHandler::clear (7 bytes)
Event: 56.087 Thread 0x00000228d5e17800 nmethod 1867 0x00000228c1b32010 code [0x00000228c1b321a0, 0x00000228c1b32438]
Event: 59.184 Thread 0x00000228d5e17800 1868       4       rendering.Render::draw (160 bytes)
Event: 59.778 Thread 0x00000228d5e17800 nmethod 1868 0x00000228c1b32510 code [0x00000228c1b32940, 0x00000228c1b348f0]
Event: 68.081 Thread 0x00000228d5e17800 1869 %     4       input.InputHandler::EnableButtons @ 5 (21 bytes)
Event: 68.095 Thread 0x00000228d5e17800 nmethod 1869% 0x00000228c1b36390 code [0x00000228c1b36540, 0x00000228c1b368b8]

GC Heap History (20 events):
Event: 15.780 GC heap before
{Heap before GC invocations=2 (full 0):
 garbage-first heap   total 260096K, used 54250K [0x0000000702200000, 0x0000000800000000)
  region size 1024K, 22 young (22528K), 19 survivors (19456K)
 Metaspace       used 8633K, capacity 11090K, committed 11264K, reserved 1060864K
  class space    used 428K, capacity 725K, committed 768K, reserved 1048576K
}
Event: 15.798 GC heap after
{Heap after GC invocations=3 (full 0):
 garbage-first heap   total 260096K, used 40929K [0x0000000702200000, 0x0000000800000000)
  region size 1024K, 3 young (3072K), 3 survivors (3072K)
 Metaspace       used 8633K, capacity 11090K, committed 11264K, reserved 1060864K
  class space    used 428K, capacity 725K, committed 768K, reserved 1048576K
}
Event: 16.948 GC heap before
{Heap before GC invocations=3 (full 0):
 garbage-first heap   total 260096K, used 50145K [0x0000000702200000, 0x0000000800000000)
  region size 1024K, 12 young (12288K), 3 survivors (3072K)
 Metaspace       used 8634K, capacity 11090K, committed 11264K, reserved 1060864K
  class space    used 428K, capacity 725K, committed 768K, reserved 1048576K
}
Event: 16.959 GC heap after
{Heap after GC invocations=4 (full 0):
 garbage-first heap   total 260096K, used 43008K [0x0000000702200000, 0x0000000800000000)
  region size 1024K, 2 young (2048K), 2 survivors (2048K)
 Metaspace       used 8634K, capacity 11090K, committed 11264K, reserved 1060864K
  class space    used 428K, capacity 725K, committed 768K, reserved 1048576K
}
Event: 18.232 GC heap before
{Heap before GC invocations=4 (full 0):
 garbage-first heap   total 260096K, used 53248K [0x0000000702200000, 0x0000000800000000)
  region size 1024K, 12 young (12288K), 2 survivors (2048K)
 Metaspace       used 8634K, capacity 11090K, committed 11264K, reserved 1060864K
  class space    used 428K, capacity 725K, committed 768K, reserved 1048576K
}
Event: 18.245 GC heap after
{Heap after GC invocations=5 (full 0):
 garbage-first heap   total 260096K, used 45630K [0x0000000702200000, 0x0000000800000000)
  region size 1024K, 2 young (2048K), 2 survivors (2048K)
 Metaspace       used 8634K, capacity 11090K, committed 11264K, reserved 1060864K
  class space    used 428K, capacity 725K, committed 768K, reserved 1048576K
}
Event: 19.398 GC heap before
{Heap before GC invocations=5 (full 0):
 garbage-first heap   total 260096K, used 55870K [0x0000000702200000, 0x0000000800000000)
  region size 1024K, 12 young (12288K), 2 survivors (2048K)
 Metaspace       used 8634K, capacity 11090K, committed 11264K, reserved 1060864K
  class space    used 428K, capacity 725K, committed 768K, reserved 1048576K
}
Event: 19.411 GC heap after
{Heap after GC invocations=6 (full 0):
 garbage-first heap   total 260096K, used 48128K [0x0000000702200000, 0x0000000800000000)
  region size 1024K, 2 young (2048K), 2 survivors (2048K)
 Metaspace       used 8634K, capacity 11090K, committed 11264K, reserved 1060864K
  class space    used 428K, capacity 725K, committed 768K, reserved 1048576K
}
Event: 24.346 GC heap before
{Heap before GC invocations=6 (full 0):
 garbage-first heap   total 260096K, used 90112K [0x0000000702200000, 0x0000000800000000)
  region size 1024K, 43 young (44032K), 2 survivors (2048K)
 Metaspace       used 8634K, capacity 11090K, committed 11264K, reserved 1060864K
  class space    used 428K, capacity 725K, committed 768K, reserved 1048576K
}
Event: 24.405 GC heap after
{Heap after GC invocations=7 (full 0):
 garbage-first heap   total 260096K, used 65838K [0x0000000702200000, 0x0000000800000000)
  region size 1024K, 6 young (6144K), 6 survivors (6144K)
 Metaspace       used 8634K, capacity 11090K, committed 11264K, reserved 1060864K
  class space    used 428K, capacity 725K, committed 768K, reserved 1048576K
}
Event: 32.692 GC heap before
{Heap before GC invocations=7 (full 0):
 garbage-first heap   total 260096K, used 134446K [0x0000000702200000, 0x0000000800000000)
  region size 1024K, 73 young (74752K), 6 survivors (6144K)
 Metaspace       used 8635K, capacity 11090K, committed 11264K, reserved 1060864K
  class space    used 428K, capacity 725K, committed 768K, reserved 1048576K
}
Event: 32.796 GC heap after
{Heap after GC invocations=8 (full 0):
 garbage-first heap   total 260096K, used 93539K [0x0000000702200000, 0x0000000800000000)
  region size 1024K, 10 young (10240K), 10 survivors (10240K)
 Metaspace       used 8635K, capacity 11090K, committed 11264K, reserved 1060864K
  class space    used 428K, capacity 725K, committed 768K, reserved 1048576K
}
Event: 42.235 GC heap before
{Heap before GC invocations=8 (full 0):
 garbage-first heap   total 260096K, used 173411K [0x0000000702200000, 0x0000000800000000)
  region size 1024K, 88 young (90112K), 10 survivors (10240K)
 Metaspace       used 8635K, capacity 11090K, committed 11264K, reserved 1060864K
  class space    used 428K, capacity 725K, committed 768K, reserved 1048576K
}
Event: 42.381 GC heap after
{Heap after GC invocations=9 (full 0):
 garbage-first heap   total 260096K, used 124928K [0x0000000702200000, 0x0000000800000000)
  region size 1024K, 11 young (11264K), 11 survivors (11264K)
 Metaspace       used 8635K, capacity 11090K, committed 11264K, reserved 1060864K
  class space    used 428K, capacity 725K, committed 768K, reserved 1048576K
}
Event: 48.720 GC heap before
{Heap before GC invocations=9 (full 0):
 garbage-first heap   total 260096K, used 178176K [0x0000000702200000, 0x0000000800000000)
  region size 1024K, 63 young (64512K), 11 survivors (11264K)
 Metaspace       used 8635K, capacity 11090K, committed 11264K, reserved 1060864K
  class space    used 428K, capacity 725K, committed 768K, reserved 1048576K
}
Event: 48.819 GC heap after
{Heap after GC invocations=10 (full 0):
 garbage-first heap   total 319488K, used 140800K [0x0000000702200000, 0x0000000800000000)
  region size 1024K, 8 young (8192K), 8 survivors (8192K)
 Metaspace       used 8635K, capacity 11090K, committed 11264K, reserved 1060864K
  class space    used 428K, capacity 725K, committed 768K, reserved 1048576K
}
Event: 59.258 GC heap before
{Heap before GC invocations=10 (full 0):
 garbage-first heap   total 319488K, used 216576K [0x0000000702200000, 0x0000000800000000)
  region size 1024K, 82 young (83968K), 8 survivors (8192K)
 Metaspace       used 8635K, capacity 11090K, committed 11264K, reserved 1060864K
  class space    used 428K, capacity 725K, committed 768K, reserved 1048576K
}
Event: 59.452 GC heap after
{Heap after GC invocations=11 (full 0):
 garbage-first heap   total 319488K, used 172032K [0x0000000702200000, 0x0000000800000000)
  region size 1024K, 11 young (11264K), 11 survivors (11264K)
 Metaspace       used 8635K, capacity 11090K, committed 11264K, reserved 1060864K
  class space    used 428K, capacity 725K, committed 768K, reserved 1048576K
}
Event: 73.076 GC heap before
{Heap before GC invocations=11 (full 0):
 garbage-first heap   total 319488K, used 225280K [0x0000000702200000, 0x0000000800000000)
  region size 1024K, 63 young (64512K), 11 survivors (11264K)
 Metaspace       used 8635K, capacity 11090K, committed 11264K, reserved 1060864K
  class space    used 428K, capacity 725K, committed 768K, reserved 1048576K
}
Event: 73.262 GC heap after
{Heap after GC invocations=12 (full 0):
 garbage-first heap   total 319488K, used 188928K [0x0000000702200000, 0x0000000800000000)
  region size 1024K, 8 young (8192K), 8 survivors (8192K)
 Metaspace       used 8635K, capacity 11090K, committed 11264K, reserved 1060864K
  class space    used 428K, capacity 725K, committed 768K, reserved 1048576K
}

Deoptimization events (20 events):
Event: 19.397 Thread 0x00000228b19ea000 Uncommon trap: trap_request=0xffffff45 fr.pc=0x00000228c1ade420 relative=0x00000000000008c0
Event: 19.397 Thread 0x00000228b19ea000 Uncommon trap: reason=unstable_if action=reinterpret pc=0x00000228c1ade420 method=java.text.DigitList.round(IZZ)V @ 90 c2
Event: 19.397 Thread 0x00000228b19ea000 DEOPT PACKING pc=0x00000228c1ade420 sp=0x000000d39b2fed30
Event: 19.397 Thread 0x00000228b19ea000 DEOPT UNPACKING pc=0x00000228b9f2912f sp=0x000000d39b2fec30 mode 2
Event: 20.180 Thread 0x00000228b19ea000 Uncommon trap: trap_request=0xffffff45 fr.pc=0x00000228c1afa10c relative=0x00000000000033cc
Event: 20.180 Thread 0x00000228b19ea000 Uncommon trap: reason=unstable_if action=reinterpret pc=0x00000228c1afa10c method=java.text.DigitList.set(ZJI)V @ 8 c2
Event: 20.180 Thread 0x00000228b19ea000 DEOPT PACKING pc=0x00000228c1afa10c sp=0x000000d39b2fecd0
Event: 20.180 Thread 0x00000228b19ea000 DEOPT UNPACKING pc=0x00000228b9f2912f sp=0x000000d39b2feb30 mode 2
Event: 23.340 Thread 0x00000228b19ea000 Uncommon trap: trap_request=0xffffff45 fr.pc=0x00000228c1ae08cc relative=0x00000000000018ec
Event: 23.340 Thread 0x00000228b19ea000 Uncommon trap: reason=unstable_if action=reinterpret pc=0x00000228c1ae08cc method=jdk.internal.math.FloatingDecimal$BinaryToASCIIBuffer.dtoa(IJIZ)V @ 522 c2
Event: 23.340 Thread 0x00000228b19ea000 DEOPT PACKING pc=0x00000228c1ae08cc sp=0x000000d39b2ff510
Event: 23.340 Thread 0x00000228b19ea000 DEOPT UNPACKING pc=0x00000228b9f2912f sp=0x000000d39b2ff3d8 mode 2
Event: 31.501 Thread 0x00000228b19ea000 Uncommon trap: trap_request=0xffffff45 fr.pc=0x00000228c1b0f500 relative=0x0000000000001240
Event: 31.501 Thread 0x00000228b19ea000 Uncommon trap: reason=unstable_if action=reinterpret pc=0x00000228c1b0f500 method=jdk.internal.math.FloatingDecimal$BinaryToASCIIBuffer.estimateDecExp(JI)I @ 117 c2
Event: 31.501 Thread 0x00000228b19ea000 DEOPT PACKING pc=0x00000228c1b0f500 sp=0x000000d39b2ff240
Event: 31.501 Thread 0x00000228b19ea000 DEOPT UNPACKING pc=0x00000228b9f2912f sp=0x000000d39b2ff040 mode 2
Event: 33.830 Thread 0x00000228b19ea000 Uncommon trap: trap_request=0xffffff45 fr.pc=0x00000228c1afec54 relative=0x0000000000000474
Event: 33.830 Thread 0x00000228b19ea000 Uncommon trap: reason=unstable_if action=reinterpret pc=0x00000228c1afec54 method=java.text.DigitList.round(IZZ)V @ 26 c2
Event: 33.830 Thread 0x00000228b19ea000 DEOPT PACKING pc=0x00000228c1afec54 sp=0x000000d39b2ff220
Event: 33.830 Thread 0x00000228b19ea000 DEOPT UNPACKING pc=0x00000228b9f2912f sp=0x000000d39b2ff128 mode 2

Classes unloaded (0 events):
No events

Classes redefined (0 events):
No events

Internal exceptions (6 events):
Event: 0.303 Thread 0x00000228b19ea000 Exception <a 'java/lang/NoSuchMethodError'{0x00000007117e7f70}: 'void java.lang.invoke.DelegatingMethodHandle$Holder.delegate(java.lang.Object, java.lang.Object, int, java.lang.Object)'> (0x00000007117e7f70) 
thrown [t:/workspace/open/src/hotspot/share/interpreter/linkResolver.cpp, line 767]
Event: 0.305 Thread 0x00000228b19ea000 Exception <a 'java/lang/NoSuchMethodError'{0x00000007117eecc8}: 'java.lang.Object java.lang.invoke.DirectMethodHandle$Holder.invokeStaticInit(java.lang.Object, java.lang.Object, java.lang.Object)'> (0x00000007117eecc8) 
thrown [t:/workspace/open/src/hotspot/share/interpreter/linkResolver.cpp, line 767]
Event: 0.487 Thread 0x00000228b19ea000 Exception <a 'java/lang/NoSuchMethodError'{0x0000000710f4e8f0}: 'int java.lang.invoke.DirectMethodHandle$Holder.invokeSpecialIFC(java.lang.Object, java.lang.Object, int)'> (0x0000000710f4e8f0) 
thrown [t:/workspace/open/src/hotspot/share/interpreter/linkResolver.cpp, line 767]
Event: 1.911 Thread 0x00000228b19ea000 Exception <a 'sun/nio/fs/WindowsException'{0x0000000711fbf238}> (0x0000000711fbf238) 
thrown [t:/workspace/open/src/hotspot/share/prims/jni.cpp, line 598]
Event: 1.911 Thread 0x00000228b19ea000 Exception <a 'sun/nio/fs/WindowsException'{0x0000000711fbf718}> (0x0000000711fbf718) 
thrown [t:/workspace/open/src/hotspot/share/prims/jni.cpp, line 598]
Event: 15.803 Thread 0x00000228d556e000 Implicit null exception at 0x00000228c1ae66a2 to 0x00000228c1ae7162

Events (20 events):
Event: 18.232 Executing VM operation: G1CollectForAllocation
Event: 18.245 Executing VM operation: G1CollectForAllocation done
Event: 19.398 Executing VM operation: G1CollectForAllocation
Event: 19.411 Executing VM operation: G1CollectForAllocation done
Event: 24.346 Executing VM operation: G1CollectForAllocation
Event: 24.405 Executing VM operation: G1CollectForAllocation done
Event: 32.692 Executing VM operation: G1CollectForAllocation
Event: 32.796 Executing VM operation: G1CollectForAllocation done
Event: 42.235 Executing VM operation: G1CollectForAllocation
Event: 42.381 Executing VM operation: G1CollectForAllocation done
Event: 48.720 Executing VM operation: G1CollectForAllocation
Event: 48.819 Executing VM operation: G1CollectForAllocation done
Event: 59.258 Executing VM operation: G1CollectForAllocation
Event: 59.454 Executing VM operation: G1CollectForAllocation done
Event: 73.075 Executing VM operation: G1CollectForAllocation
Event: 73.262 Executing VM operation: G1CollectForAllocation done
Event: 77.387 Executing VM operation: G1Concurrent
Event: 77.795 Executing VM operation: G1Concurrent done
Event: 78.017 Executing VM operation: G1Concurrent
Event: 78.028 Executing VM operation: G1Concurrent done


Dynamic libraries:
0x00007ff6f8ea0000 - 0x00007ff6f8eaf000 	C:\Program Files\Java\jdk-13.0.2\bin\javaw.exe
0x00007ff93f320000 - 0x00007ff93f510000 	C:\WINDOWS\SYSTEM32\ntdll.dll
0x00007ff93d910000 - 0x00007ff93d9c2000 	C:\WINDOWS\System32\KERNEL32.DLL
0x00007ff93c2b0000 - 0x00007ff93c554000 	C:\WINDOWS\System32\KERNELBASE.dll
0x00007ff93d0b0000 - 0x00007ff93d1aa000 	C:\WINDOWS\System32\ucrtbase.dll
0x00007ff93a310000 - 0x00007ff93a325000 	C:\Program Files\Java\jdk-13.0.2\bin\VCRUNTIME140.dll
0x00007ff911d00000 - 0x00007ff911d18000 	C:\Program Files\Java\jdk-13.0.2\bin\jli.dll
0x00007ff93d400000 - 0x00007ff93d4a3000 	C:\WINDOWS\System32\ADVAPI32.dll
0x00007ff93e890000 - 0x00007ff93e92e000 	C:\WINDOWS\System32\msvcrt.dll
0x00007ff93d680000 - 0x00007ff93d717000 	C:\WINDOWS\System32\sechost.dll
0x00007ff93d7f0000 - 0x00007ff93d910000 	C:\WINDOWS\System32\RPCRT4.dll
0x00007ff93d4e0000 - 0x00007ff93d674000 	C:\WINDOWS\System32\USER32.dll
0x00007ff93d1d0000 - 0x00007ff93d1f1000 	C:\WINDOWS\System32\win32u.dll
0x00007ff93b6f0000 - 0x00007ff93b974000 	C:\WINDOWS\WinSxS\amd64_microsoft.windows.common-controls_6595b64144ccf1df_6.0.18362.836_none_e6c4b943130f18ed\COMCTL32.dll
0x00007ff93d3d0000 - 0x00007ff93d3f6000 	C:\WINDOWS\System32\GDI32.dll
0x00007ff93eda0000 - 0x00007ff93f0d6000 	C:\WINDOWS\System32\combase.dll
0x00007ff93cf10000 - 0x00007ff93d0a4000 	C:\WINDOWS\System32\gdi32full.dll
0x00007ff93d330000 - 0x00007ff93d3ce000 	C:\WINDOWS\System32\msvcp_win.dll
0x00007ff93d2b0000 - 0x00007ff93d330000 	C:\WINDOWS\System32\bcryptPrimitives.dll
0x00007ff9329a0000 - 0x00007ff9329aa000 	C:\WINDOWS\SYSTEM32\VERSION.dll
0x00007ff93d4b0000 - 0x00007ff93d4de000 	C:\WINDOWS\System32\IMM32.DLL
0x00007ff8df630000 - 0x00007ff8df6cb000 	C:\Program Files\Java\jdk-13.0.2\bin\msvcp140.dll
0x00007ff8c1e60000 - 0x00007ff8c29bd000 	C:\Program Files\Java\jdk-13.0.2\bin\server\jvm.dll
0x00007ff93f1b0000 - 0x00007ff93f1b8000 	C:\WINDOWS\System32\PSAPI.DLL
0x00007ff938ea0000 - 0x00007ff938ec4000 	C:\WINDOWS\SYSTEM32\WINMM.dll
0x00007ff93a530000 - 0x00007ff93a539000 	C:\WINDOWS\SYSTEM32\WSOCK32.dll
0x00007ff93e710000 - 0x00007ff93e77f000 	C:\WINDOWS\System32\WS2_32.dll
0x00007ff938e70000 - 0x00007ff938e9d000 	C:\WINDOWS\SYSTEM32\winmmbase.dll
0x00007ff93d200000 - 0x00007ff93d24a000 	C:\WINDOWS\System32\cfgmgr32.dll
0x00007ff93c1f0000 - 0x00007ff93c201000 	C:\WINDOWS\System32\kernel.appcore.dll
0x00007ff939510000 - 0x00007ff939520000 	C:\Program Files\Java\jdk-13.0.2\bin\verify.dll
0x00007ff93bd00000 - 0x00007ff93bef4000 	C:\WINDOWS\SYSTEM32\DBGHELP.DLL
0x00007ff93ba70000 - 0x00007ff93ba9a000 	C:\WINDOWS\SYSTEM32\dbgcore.DLL
0x00007ff92eb50000 - 0x00007ff92eb76000 	C:\Program Files\Java\jdk-13.0.2\bin\java.dll
0x00007ff922a90000 - 0x00007ff922aa7000 	C:\Program Files\Java\jdk-13.0.2\bin\zip.dll
0x00007ff939500000 - 0x00007ff93950a000 	C:\Program Files\Java\jdk-13.0.2\bin\jimage.dll
0x00007ff93e020000 - 0x00007ff93e704000 	C:\WINDOWS\System32\SHELL32.dll
0x00007ff93e7e0000 - 0x00007ff93e889000 	C:\WINDOWS\System32\shcore.dll
0x00007ff93c790000 - 0x00007ff93cf0e000 	C:\WINDOWS\System32\windows.storage.dll
0x00007ff93c280000 - 0x00007ff93c2a3000 	C:\WINDOWS\System32\profapi.dll
0x00007ff93c210000 - 0x00007ff93c25a000 	C:\WINDOWS\System32\powrprof.dll
0x00007ff93c1e0000 - 0x00007ff93c1f0000 	C:\WINDOWS\System32\UMPDC.dll
0x00007ff93d720000 - 0x00007ff93d772000 	C:\WINDOWS\System32\shlwapi.dll
0x00007ff93d1b0000 - 0x00007ff93d1c7000 	C:\WINDOWS\System32\cryptsp.dll
0x00007ff91f510000 - 0x00007ff91f529000 	C:\Program Files\Java\jdk-13.0.2\bin\net.dll
0x00007ff92c1a0000 - 0x00007ff92c290000 	C:\WINDOWS\SYSTEM32\WINHTTP.dll
0x00007ff93b3d0000 - 0x00007ff93b437000 	C:\WINDOWS\system32\mswsock.dll
0x00007ff91f000000 - 0x00007ff91f013000 	C:\Program Files\Java\jdk-13.0.2\bin\nio.dll
0x00007ff9080b0000 - 0x00007ff908110000 	C:\Users\jtkom\AppData\Local\Temp\lwjgljtkom\3.2.1-build-3\lwjgl.dll
0x00007ff8dc560000 - 0x00007ff8dc674000 	C:\Users\jtkom\AppData\Local\Temp\lwjgljtkom\3.2.1-build-3\OpenAL.dll
0x00007ff93d9d0000 - 0x00007ff93db27000 	C:\WINDOWS\System32\ole32.dll
0x00007ff93f1d0000 - 0x00007ff93f272000 	C:\WINDOWS\System32\clbcatq.dll
0x00007ff9361d0000 - 0x00007ff936242000 	C:\WINDOWS\System32\MMDevApi.dll
0x00007ff93bfe0000 - 0x00007ff93c00a000 	C:\WINDOWS\System32\DEVOBJ.dll
0x00007ff936390000 - 0x00007ff9364ed000 	C:\WINDOWS\SYSTEM32\AUDIOSES.DLL
0x00007ff93f0e0000 - 0x00007ff93f1a4000 	C:\WINDOWS\System32\OLEAUT32.dll
0x00007ff936d50000 - 0x00007ff936ea3000 	C:\WINDOWS\SYSTEM32\wintypes.dll
0x00007ff939a30000 - 0x00007ff939a44000 	C:\WINDOWS\SYSTEM32\resourcepolicyclient.dll
0x00007ff8f95f0000 - 0x00007ff8f964e000 	C:\Users\jtkom\AppData\Local\Temp\lwjgljtkom\3.2.1-build-3\glfw.dll
0x00007ff9396f0000 - 0x00007ff939789000 	C:\WINDOWS\system32\uxtheme.dll
0x00007ff8f64c0000 - 0x00007ff8f6503000 	C:\WINDOWS\SYSTEM32\dinput8.dll
0x00007ff908470000 - 0x00007ff908481000 	C:\WINDOWS\SYSTEM32\xinput1_4.dll
0x00007ff939b20000 - 0x00007ff939b4d000 	C:\WINDOWS\SYSTEM32\dwmapi.dll
0x00007ff93ec60000 - 0x00007ff93ed96000 	C:\WINDOWS\System32\MSCTF.dll
0x00007ff8f7150000 - 0x00007ff8f725d000 	C:\Program Files (x86)\Razer\Razer Cortex\x64\k_fps64.dll
0x00007ff8df2e0000 - 0x00007ff8df35f000 	C:\Program Files (x86)\Razer\Razer Cortex\x64\d3dx10_43.dll
0x00007ff8df070000 - 0x00007ff8df2df000 	C:\Program Files (x86)\Razer\Razer Cortex\x64\D3DCOMPILER_43.dll
0x00007ff8deda0000 - 0x00007ff8dedf7000 	C:\Program Files (x86)\Razer\Razer Cortex\x64\EasyHook64.dll
0x00007ff90add0000 - 0x00007ff90af26000 	C:\WINDOWS\SYSTEM32\OPENGL32.dll
0x00007ff90ada0000 - 0x00007ff90adcc000 	C:\WINDOWS\SYSTEM32\GLU32.dll
0x00007ff93a7c0000 - 0x00007ff93a7e0000 	C:\WINDOWS\SYSTEM32\dxcore.dll
0x00007ff8dee00000 - 0x00007ff8df063000 	C:\Program Files (x86)\Razer\Razer Cortex\x64\d3dx9_43.dll
0x00007ff92dfd0000 - 0x00007ff92e0eb000 	C:\WINDOWS\SYSTEM32\inputhost.dll
0x00007ff939240000 - 0x00007ff939314000 	C:\WINDOWS\SYSTEM32\CoreMessaging.dll
0x00007ff937d30000 - 0x00007ff937e20000 	C:\WINDOWS\SYSTEM32\PROPSYS.dll
0x00007ff9364f0000 - 0x00007ff93681a000 	C:\WINDOWS\SYSTEM32\CoreUIComponents.dll
0x00007ff93bcc0000 - 0x00007ff93bcf1000 	C:\WINDOWS\SYSTEM32\ntmarta.dll
0x00007ff939ff0000 - 0x00007ff939ffe000 	C:\WINDOWS\SYSTEM32\HID.DLL
0x00007ff93dbb0000 - 0x00007ff93e020000 	C:\WINDOWS\System32\SETUPAPI.DLL
0x00007ff93c6b0000 - 0x00007ff93c6d6000 	C:\WINDOWS\System32\bcrypt.dll
0x00007ff93d250000 - 0x00007ff93d2ac000 	C:\WINDOWS\System32\WINTRUST.dll
0x00007ff93c260000 - 0x00007ff93c272000 	C:\WINDOWS\System32\MSASN1.dll
0x00007ff93c560000 - 0x00007ff93c6a9000 	C:\WINDOWS\System32\CRYPT32.dll
0x00007ff8be4d0000 - 0x00007ff8c0bf4000 	C:\WINDOWS\System32\DriverStore\FileRepository\nvlti.inf_amd64_8156ccdc8580286a\nvoglv64.dll
0x00007ff937e80000 - 0x00007ff937e93000 	C:\WINDOWS\SYSTEM32\WTSAPI32.dll
0x00007ff8fb4a0000 - 0x00007ff8fb757000 	C:\WINDOWS\system32\nvspcap64.dll
0x00007ff93ac10000 - 0x00007ff93ac66000 	C:\WINDOWS\SYSTEM32\WINSTA.dll
0x00007ff93a850000 - 0x00007ff93a93b000 	C:\WINDOWS\SYSTEM32\dxgi.dll
0x00007ff9385d0000 - 0x00007ff93882b000 	C:\WINDOWS\SYSTEM32\d3d11.dll
0x00007ff907520000 - 0x00007ff90760f000 	C:\WINDOWS\System32\DriverStore\FileRepository\nvlti.inf_amd64_8156ccdc8580286a\nvldumdx.dll
0x00007ff932970000 - 0x00007ff93299f000 	C:\WINDOWS\SYSTEM32\cryptnet.dll
0x00007ff93b5a0000 - 0x00007ff93b5ac000 	C:\WINDOWS\SYSTEM32\cryptbase.dll
0x00007ff93eae0000 - 0x00007ff93eafd000 	C:\WINDOWS\System32\imagehlp.dll
0x00007ff93af40000 - 0x00007ff93af73000 	C:\WINDOWS\system32\rsaenh.dll
0x00007ff8e0410000 - 0x00007ff8e2be4000 	C:\WINDOWS\System32\DriverStore\FileRepository\nvlti.inf_amd64_8156ccdc8580286a\nvwgf2umx.dll
0x00007ff92a6b0000 - 0x00007ff92ab96000 	C:\WINDOWS\SYSTEM32\nvapi64.dll
0x00007ff92e0f0000 - 0x00007ff92e18e000 	C:\WINDOWS\System32\TextInputFramework.dll
0x00007ff92c5f0000 - 0x00007ff92c896000 	C:\WINDOWS\System32\iertutil.dll
0x00007ff8e8050000 - 0x00007ff8e80aa000 	C:\Users\jtkom\AppData\Local\Temp\lwjgljtkom\3.2.1-build-3\lwjgl_opengl.dll
0x00007ff9394f0000 - 0x00007ff9394f3000 	C:\Users\jtkom\AppData\Local\Temp\jomljtkom\a2476102\joml.dll
0x00007ff931770000 - 0x00007ff9325c0000 	C:\WINDOWS\System32\DriverStore\FileRepository\igdlh64.inf_amd64_ba34b5e302b5992f\igd10iumd64.dll
0x00007ff93b6c0000 - 0x00007ff93b6e6000 	C:\WINDOWS\SYSTEM32\ncrypt.dll
0x00007ff93b680000 - 0x00007ff93b6bb000 	C:\WINDOWS\SYSTEM32\NTASN1.dll
0x00007ff930fe0000 - 0x00007ff9310fd000 	C:\WINDOWS\System32\DriverStore\FileRepository\igdlh64.inf_amd64_ba34b5e302b5992f\igdgmm64.dll
0x00007ff92ed30000 - 0x00007ff930fd5000 	C:\WINDOWS\System32\DriverStore\FileRepository\igdlh64.inf_amd64_ba34b5e302b5992f\igc64.dll

dbghelp: loaded successfully - version: 4.0.5 - missing functions: none
symbol engine: initialized successfully - sym options: 0x614 - pdb path: .;C:\Program Files\Java\jdk-13.0.2\bin;C:\WINDOWS\SYSTEM32;C:\WINDOWS\WinSxS\amd64_microsoft.windows.common-controls_6595b64144ccf1df_6.0.18362.836_none_e6c4b943130f18ed;C:\Program Files\Java\jdk-13.0.2\bin\server;C:\Users\jtkom\AppData\Local\Temp\lwjgljtkom\3.2.1-build-3;C:\Program Files (x86)\Razer\Razer Cortex\x64;C:\WINDOWS\System32\DriverStore\FileRepository\nvlti.inf_amd64_8156ccdc8580286a;C:\Users\jtkom\AppData\Local\Temp\jomljtkom\a2476102;C:\WINDOWS\System32\DriverStore\FileRepository\igdlh64.inf_amd64_ba34b5e302b5992f

VM Arguments:
jvm_args: -Dfile.encoding=Cp1252 
java_command: gameEngine.Start
java_class_path (initial): D:\game3\Game\src;D:\game3\Game\libwin\slick-util.jar;D:\game3\Game\libwin\lwjgl-zstd-sources.jar;D:\game3\Game\libwin\lwjgl-zstd-natives-windows.jar;D:\game3\Game\libwin\lwjgl-zstd-javadoc.jar;D:\game3\Game\libwin\lwjgl-zstd.jar;D:\game3\Game\libwin\lwjgl-yoga-sources.jar;D:\game3\Game\libwin\lwjgl-yoga-natives-windows.jar;D:\game3\Game\libwin\lwjgl-yoga-javadoc.jar;D:\game3\Game\libwin\lwjgl-yoga.jar;D:\game3\Game\libwin\lwjgl-xxhash-sources.jar;D:\game3\Game\libwin\lwjgl-xxhash-natives-windows.jar;D:\game3\Game\libwin\lwjgl-xxhash-javadoc.jar;D:\game3\Game\libwin\lwjgl-xxhash.jar;D:\game3\Game\libwin\lwjgl-vulkan-sources.jar;D:\game3\Game\libwin\lwjgl-vulkan-javadoc.jar;D:\game3\Game\libwin\lwjgl-vulkan.jar;D:\game3\Game\libwin\lwjgl-vma-sources.jar;D:\game3\Game\libwin\lwjgl-vma-natives-windows.jar;D:\game3\Game\libwin\lwjgl-vma-javadoc.jar;D:\game3\Game\libwin\lwjgl-vma.jar;D:\game3\Game\libwin\lwjgl-tootle-sources.jar;D:\game3\Game\libwin\lwjgl-tootle-natives-windows.jar;D:\game3\Game\libwin\lwjgl-tootle-javadoc.jar;D:\game3\Game\libwin\lwjgl-tootle.jar;D:\game3\Game\libwin\lwjgl-tinyfd-sources.jar;D:\game3\Game\libwin\lwjgl-tinyfd-natives-windows.jar;D:\game3\Game\libwin\lwjgl-tinyfd-javadoc.jar;D:\game3\Game\libwin\lwjgl-tinyfd.jar;D:\game3\Game\libwin\lwjgl-tinyexr-sources.jar;D:\game3\Game\libwin\lwjgl-tinyexr-natives-windows.jar;D:\game3\Game\libwin\lwjgl-tinyexr-javadoc.jar;D:\game3\Game\libwin\lwjgl-tinyexr.jar;D:\game3\Game\libwin\lwjgl-stb-sources.jar;D:\game3\Game\libwin\lwjgl-stb-natives-windows.jar;D:\game3\Game\libwin\lwjgl-stb-javadoc.jar;D:\game3\Game\libwin\lwjgl-stb.jar;D:\game3\Game\libwin\lwjgl-sse-sources.jar;D:\game3\Game\libwin\lwjgl-sse-natives-windows.jar;D:\game3\Game\libwin\lwjgl-sse-javadoc.jar;D:\game3\Game\libwin\lwjgl-sse.jar;D:\game3\Game\libwin\lwjgl-sources.jar;D:\game3\Game\libwin\lwjgl-rpmalloc-sources.jar;D:\game3\Game\libwin\lwjgl-rpmalloc-natives-windows.jar;D:\game3\Game\libwin\lwjgl-rpmalloc-
Launcher Type: SUN_STANDARD

[Global flags]
     intx CICompilerCount                          = 4                                         {product} {ergonomic}
     uint ConcGCThreads                            = 2                                         {product} {ergonomic}
     uint G1ConcRefinementThreads                  = 8                                         {product} {ergonomic}
   size_t G1HeapRegionSize                         = 1048576                                   {product} {ergonomic}
    uintx GCDrainStackTargetSize                   = 64                                        {product} {ergonomic}
   size_t InitialHeapSize                          = 266338304                                 {product} {ergonomic}
   size_t MarkStackSize                            = 4194304                                   {product} {ergonomic}
   size_t MaxHeapSize                              = 4259315712                                {product} {ergonomic}
   size_t MaxNewSize                               = 2555379712                                {product} {ergonomic}
   size_t MinHeapDeltaBytes                        = 1048576                                   {product} {ergonomic}
   size_t MinHeapSize                              = 8388608                                   {product} {ergonomic}
    uintx NonNMethodCodeHeapSize                   = 5839372                                {pd product} {ergonomic}
    uintx NonProfiledCodeHeapSize                  = 122909434                              {pd product} {ergonomic}
    uintx ProfiledCodeHeapSize                     = 122909434                              {pd product} {ergonomic}
    uintx ReservedCodeCacheSize                    = 251658240                              {pd product} {ergonomic}
     bool SegmentedCodeCache                       = true                                      {product} {ergonomic}
   size_t SoftMaxHeapSize                          = 4259315712                             {manageable} {ergonomic}
     bool UseCompressedClassPointers               = true                                 {lp64_product} {ergonomic}
     bool UseCompressedOops                        = true                                 {lp64_product} {ergonomic}
     bool UseG1GC                                  = true                                      {product} {ergonomic}
     bool UseLargePagesIndividualAllocation        = false                                  {pd product} {ergonomic}

Logging:
Log output configuration:
 #0: stdout all=warning uptime,level,tags
 #1: stderr all=off uptime,level,tags

Environment Variables:
PATH=C:/Program Files/Java/jdk-13.0.2/bin/server;C:/Program Files/Java/jdk-13.0.2/bin;C:\MY_CPU_ASSEMBLER\MY_CPU_ASSEMBLER\bin\Release;C:\Program Files\Intel\Intel(R) Management Engine Components\iCLS\;C:\Windows\system32;C:\Windows;C:\Windows\System32\Wbem;C:\Windows\System32\WindowsPowerShell\v1.0\;C:\Windows\System32\OpenSSH\;C:\Program Files (x86)\Intel\Intel(R) Management Engine Components\DAL;C:\Program Files\Intel\Intel(R) Management Engine Components\DAL;C:\Program Files (x86)\Intel\Intel(R) Management Engine Components\IPT;C:\Program Files\Intel\Intel(R) Management Engine Components\IPT;C:\WINDOWS\system32;C:\WINDOWS;C:\WINDOWS\System32\Wbem;C:\WINDOWS\System32\WindowsPowerShell\v1.0\;C:\WINDOWS\System32\OpenSSH\;C:\Program Files\NVIDIA Corporation\NVIDIA NvDLISR;C:\Program Files (x86)\NVIDIA Corporation\PhysX\Common;C:\Program Files\Java\jdk-13.0.2\bin\;C:\MinGW\bin;C:\Program Files (x86)\Vim\vim82;C:\Program Files\dotnet\;C:\Program Files\Git\cmd;C:\Program Files (x86)\QuickTime\QTSystem\;C:\Program Files\CMake\bin;C:\Users\jtkom\AppData\Local\Microsoft\WindowsApps;C:\Users\jtkom\AppData\Local\GitHubDesktop\bin;C:\CodeRepository\eclipse;
USERNAME=jtkom
OS=Windows_NT
PROCESSOR_IDENTIFIER=Intel64 Family 6 Model 158 Stepping 9, GenuineIntel



---------------  S Y S T E M  ---------------

OS: Windows 10 , 64 bit Build 18362 (10.0.18362.778)

CPU:total 8 (initial active 8) (4 cores per cpu, 2 threads per core) family 6 model 158 stepping 9, cmov, cx8, fxsr, mmx, sse, sse2, sse3, ssse3, sse4.1, sse4.2, popcnt, avx, avx2, aes, clmul, erms, 3dnowpref, lzcnt, ht, tsc, tscinvbit, bmi1, bmi2, adx, fma

Memory: 4k page, system-wide physical 16244M (349M free)
TotalPageFile size 65396M (AvailPageFile size 324M)
current process WorkingSet (physical memory assigned to process): 1105M, peak: 1343M
current process commit charge ("private bytes"): 6862M, peak: 6862M

vm_info: Java HotSpot(TM) 64-Bit Server VM (13.0.2+8) for windows-amd64 JRE (13.0.2+8), built on Dec 11 2019 09:20:33 by "mach5one" with unknown MS VC++:1916

END.
