#
# A fatal error has been detected by the Java Runtime Environment:
#
#  EXCEPTION_ACCESS_VIOLATION (0xc0000005) at pc=0x00007ffb786b7f60, pid=26124, tid=11540
#
# JRE version: Java(TM) SE Runtime Environment (13.0.2+8) (build 13.0.2+8)
# Java VM: Java HotSpot(TM) 64-Bit Server VM (13.0.2+8, mixed mode, sharing, tiered, compressed oops, g1 gc, windows-amd64)
# Problematic frame:
# C  [nvoglv64.dll+0xc67f60]
#
# No core dump will be written. Minidumps are not enabled by default on client versions of Windows
#
# If you would like to submit a bug report, please visit:
#   http://bugreport.java.com/bugreport/crash.jsp
# The crash happened outside the Java Virtual Machine in native code.
# See problematic frame for where to report the bug.
#

---------------  S U M M A R Y ------------

Command Line: -Dfile.encoding=Cp1252 gameEngine.Start

Host: Intel(R) Core(TM) i7-7700HQ CPU @ 2.80GHz, 8 cores, 15G,  Windows 10 , 64 bit Build 18362 (10.0.18362.778)
Time: Mon Apr 20 13:47:33 2020 Pacific Daylight Time elapsed time: 3 seconds (0d 0h 0m 3s)

---------------  T H R E A D  ---------------

Current thread (0x0000011170d16000):  JavaThread "main" [_thread_in_native, id=11540, stack(0x00000007b1700000,0x00000007b1800000)]

Stack: [0x00000007b1700000,0x00000007b1800000],  sp=0x00000007b17ff018,  free space=1020k
Native frames: (J=compiled Java code, j=interpreted, Vv=VM code, C=native code)
C  [nvoglv64.dll+0xc67f60]

Java frames: (J=compiled Java code, j=interpreted, Vv=VM code)
j  org.lwjgl.opengl.GL11C.nglDrawElements(IIIJ)V+0
j  org.lwjgl.opengl.GL11C.glDrawElements(IIIJ)V+4
j  org.lwjgl.opengl.GL11.glDrawElements(IIIJ)V+4
j  rendering.MultipleTextureBatchedModel.draw()V+98
j  rendering.Render.draw(Lrendering/MultipleTextureBatchedModel;Lorg/joml/Vector2f;FF[LgameEngine/Texture;)V+138
j  rendering.MainBatchRender.draw()V+45
j  gameEngine.Start.main([Ljava/lang/String;)V+4523
v  ~StubRoutines::call_stub

siginfo: EXCEPTION_ACCESS_VIOLATION (0xc0000005), reading address 0x0000000000000000


Register to memory mapping:

RIP=0x00007ffb786b7f60 nvoglv64.dll
RAX=0x0 is NULL
RBX=0x00000000189af540 is an unknown value
RCX=0x00000111259cda20 points into unknown readable memory: 00 00 00 00 00 00 00 00
RDX=0x0000000000000008 is an unknown value
RSP=0x00000007b17ff018 is pointing into the stack for thread: 0x0000011170d16000
RBP=0x0000000000000004 is an unknown value
RSI=0x0000000000000002 is an unknown value
RDI=0x000001111cacbe90 points into unknown readable memory: 00 00 00 00 00 00 00 00
R8 =0x0000000000000010 is an unknown value
R9 =0x00000000000000f8 is an unknown value
R10=0x0000000000000010 is an unknown value
R11=0x0 is NULL
R12=0x00000111259cda20 points into unknown readable memory: 00 00 00 00 00 00 00 00
R13=0x000001111cacbb30 points into unknown readable memory: 00 00 00 00 00 00 00 00
R14=0x00000111268c51f0 points into unknown readable memory: 08 aa 37 06 00 1a 00 00
R15=0x00007ffb786b7f50 nvoglv64.dll


Registers:
RAX=0x0000000000000000, RBX=0x00000000189af540, RCX=0x00000111259cda20, RDX=0x0000000000000008
RSP=0x00000007b17ff018, RBP=0x0000000000000004, RSI=0x0000000000000002, RDI=0x000001111cacbe90
R8 =0x0000000000000010, R9 =0x00000000000000f8, R10=0x0000000000000010, R11=0x0000000000000000
R12=0x00000111259cda20, R13=0x000001111cacbb30, R14=0x00000111268c51f0, R15=0x00007ffb786b7f50
RIP=0x00007ffb786b7f60, EFLAGS=0x0000000000010202

Top of Stack: (sp=0x00000007b17ff018)
0x00000007b17ff018:   00007ffb7877e593 00000000189ace80
0x00000007b17ff028:   0000000000000174 000001111ca70000
0x00000007b17ff038:   0000000000002e80 0000000000000000
0x00000007b17ff048:   00007ffb78024042 0000011100000000
0x00000007b17ff058:   0000000000000000 000000000000000f
0x00000007b17ff068:   0000000300000001 00000111259cda20
0x00000007b17ff078:   00007ffb785eee80 00000000189af540
0x00000007b17ff088:   10c0000000000000 00000111167fb360
0x00000007b17ff098:   00007ffb785ef472 0000000100000000
0x00000007b17ff0a8:   00000111167fb360 0000000000000000
0x00000007b17ff0b8:   0000000000000000 0000000000000004
0x00000007b17ff0c8:   000001111ca70000 00000000000000f8
0x00000007b17ff0d8:   0000000000001405 0000000000000174
0x00000007b17ff0e8:   00007ffb7876f877 000001111ca70000
0x00000007b17ff0f8:   0000000000000000 00000000000000f8
0x00000007b17ff108:   0000011100000000 0000011100001400 

Instructions: (pc=0x00007ffb786b7f60)
0x00007ffb786b7e60:   e9 17 01 48 c7 44 24 40 0c 00 00 00 48 89 44 24
0x00007ffb786b7e70:   30 48 8b cf 48 8d 44 24 60 c7 44 24 28 09 00 00
0x00007ffb786b7e80:   00 48 89 44 24 20 e8 35 5c ff ff 39 5c 24 60 75
0x00007ffb786b7e90:   0c 8b 44 24 68 89 87 70 22 00 00 eb 05 bb ff ff
0x00007ffb786b7ea0:   ff ff 8b d6 48 8b cf e8 a4 f7 01 00 48 8b 74 24
0x00007ffb786b7eb0:   78 8b c3 48 8b 5c 24 70 48 83 c4 50 5f c3 cc cc
0x00007ffb786b7ec0:   4d 63 d0 0f 1f 40 00 66 0f 1f 84 00 00 00 00 00
0x00007ffb786b7ed0:   8b 02 49 03 d2 89 01 48 83 c1 04 41 83 e9 01 75
0x00007ffb786b7ee0:   ef 48 8b c1 c3 cc cc cc cc cc cc cc cc cc cc cc
0x00007ffb786b7ef0:   4d 63 d0 8b 02 89 01 8b 42 04 49 03 d2 89 41 04
0x00007ffb786b7f00:   48 83 c1 08 41 83 e9 01 75 e9 48 8b c1 c3 cc cc
0x00007ffb786b7f10:   4d 63 d0 48 83 c2 08 66 0f 1f 84 00 00 00 00 00
0x00007ffb786b7f20:   8b 42 f8 89 01 8b 42 fc 89 41 04 8b 02 49 03 d2
0x00007ffb786b7f30:   89 41 08 48 83 c1 0c 41 83 e9 01 75 e3 48 8b c1
0x00007ffb786b7f40:   c3 cc cc cc cc cc cc cc cc cc cc cc cc cc cc cc
0x00007ffb786b7f50:   4d 63 d0 48 83 c2 08 66 0f 1f 84 00 00 00 00 00
0x00007ffb786b7f60:   8b 42 f8 89 01 8b 42 fc 89 41 04 8b 02 89 41 08
0x00007ffb786b7f70:   8b 42 04 49 03 d2 89 41 0c 48 83 c1 10 41 83 e9
0x00007ffb786b7f80:   01 75 dd 48 8b c1 c3 cc cc cc cc cc cc cc cc cc
0x00007ffb786b7f90:   49 63 c0 0f 1f 40 00 66 0f 1f 84 00 00 00 00 00
0x00007ffb786b7fa0:   f2 0f 10 02 48 03 d0 66 0f 5a c0 f3 0f 11 01 48
0x00007ffb786b7fb0:   83 c1 04 41 83 e9 01 75 e7 48 8b c1 c3 cc cc cc
0x00007ffb786b7fc0:   49 63 c0 f2 0f 10 02 66 0f 5a c0 f3 0f 11 01 f2
0x00007ffb786b7fd0:   0f 10 4a 08 48 03 d0 66 0f 5a c9 f3 0f 11 49 04
0x00007ffb786b7fe0:   48 83 c1 08 41 83 e9 01 75 d9 48 8b c1 c3 cc cc
0x00007ffb786b7ff0:   49 63 c0 48 83 c2 10 66 0f 1f 84 00 00 00 00 00
0x00007ffb786b8000:   f2 0f 10 42 f0 66 0f 5a c0 f3 0f 11 01 f2 0f 10
0x00007ffb786b8010:   4a f8 66 0f 5a c9 f3 0f 11 49 04 f2 0f 10 02 48
0x00007ffb786b8020:   03 d0 66 0f 5a c0 f3 0f 11 41 08 48 83 c1 0c 41
0x00007ffb786b8030:   83 e9 01 75 cb 48 8b c1 c3 cc cc cc cc cc cc cc
0x00007ffb786b8040:   49 63 c0 48 83 c2 10 66 0f 1f 84 00 00 00 00 00
0x00007ffb786b8050:   f2 0f 10 42 f0 66 0f 5a c0 f3 0f 11 01 f2 0f 10 


Stack slot to memory mapping:
stack at sp + 0 slots: 0x00007ffb7877e593 nvoglv64.dll
stack at sp + 1 slots: 0x00000000189ace80 is an unknown value
stack at sp + 2 slots: 0x0000000000000174 is an unknown value
stack at sp + 3 slots: 0x000001111ca70000 points into unknown readable memory: e0 43 37 16 11 01 00 00
stack at sp + 4 slots: 0x0000000000002e80 is an unknown value
stack at sp + 5 slots: 0x0 is NULL
stack at sp + 6 slots: 0x00007ffb78024042 nvoglv64.dll
stack at sp + 7 slots: 0x0000011100000000 points into unknown readable memory: 06 00 00 00 00 00 00 00


---------------  P R O C E S S  ---------------

Threads class SMR info:
_java_thread_list=0x0000011122fd7a20, length=11, elements={
0x0000011170d16000, 0x000001117f92d000, 0x000001117f930800, 0x000001117f9cf000,
0x000001117f9d1800, 0x000001117f9d4000, 0x000001117f9dd800, 0x000001117f9df000,
0x000001117fb09800, 0x000001117fb22000, 0x0000011134d7e800
}

Java Threads: ( => current thread )
=>0x0000011170d16000 JavaThread "main" [_thread_in_native, id=11540, stack(0x00000007b1700000,0x00000007b1800000)]
  0x000001117f92d000 JavaThread "Reference Handler" daemon [_thread_blocked, id=24916, stack(0x00000007b1e00000,0x00000007b1f00000)]
  0x000001117f930800 JavaThread "Finalizer" daemon [_thread_blocked, id=26192, stack(0x00000007b1f00000,0x00000007b2000000)]
  0x000001117f9cf000 JavaThread "Signal Dispatcher" daemon [_thread_blocked, id=23728, stack(0x00000007b2000000,0x00000007b2100000)]
  0x000001117f9d1800 JavaThread "Attach Listener" daemon [_thread_blocked, id=25032, stack(0x00000007b2100000,0x00000007b2200000)]
  0x000001117f9d4000 JavaThread "C2 CompilerThread0" daemon [_thread_blocked, id=3788, stack(0x00000007b2200000,0x00000007b2300000)]
  0x000001117f9dd800 JavaThread "C1 CompilerThread0" daemon [_thread_blocked, id=24320, stack(0x00000007b2300000,0x00000007b2400000)]
  0x000001117f9df000 JavaThread "Sweeper thread" daemon [_thread_blocked, id=27516, stack(0x00000007b2400000,0x00000007b2500000)]
  0x000001117fb09800 JavaThread "Service Thread" daemon [_thread_blocked, id=284, stack(0x00000007b2500000,0x00000007b2600000)]
  0x000001117fb22000 JavaThread "Common-Cleaner" daemon [_thread_blocked, id=23632, stack(0x00000007b2700000,0x00000007b2800000)]
  0x0000011134d7e800 JavaThread "C2 CompilerThread1" daemon [_thread_blocked, id=10880, stack(0x00000007b3900000,0x00000007b3a00000)]

Other Threads:
  0x000001117f92b000 VMThread "VM Thread" [stack: 0x00000007b1d00000,0x00000007b1e00000] [id=12476]
  0x000001117fb1d000 WatcherThread [stack: 0x00000007b2600000,0x00000007b2700000] [id=21572]
  0x0000011170d80000 GCTaskThread "GC Thread#0" [stack: 0x00000007b1800000,0x00000007b1900000] [id=23444]
  0x0000011123029000 GCTaskThread "GC Thread#1" [stack: 0x00000007b2800000,0x00000007b2900000] [id=8072]
  0x0000011116f4b800 GCTaskThread "GC Thread#2" [stack: 0x00000007b3400000,0x00000007b3500000] [id=26148]
  0x0000011116f4c000 GCTaskThread "GC Thread#3" [stack: 0x00000007b3600000,0x00000007b3700000] [id=8888]
  0x0000011116f4d800 GCTaskThread "GC Thread#4" [stack: 0x00000007b3700000,0x00000007b3800000] [id=23856]
  0x0000011116f4e800 GCTaskThread "GC Thread#5" [stack: 0x00000007b3800000,0x00000007b3900000] [id=24052]
  0x0000011170da3000 ConcurrentGCThread "G1 Main Marker" [stack: 0x00000007b1900000,0x00000007b1a00000] [id=5448]
  0x0000011170da4800 ConcurrentGCThread "G1 Conc#0" [stack: 0x00000007b1a00000,0x00000007b1b00000] [id=24752]
  0x000001117f81c000 ConcurrentGCThread "G1 Refine#0" [stack: 0x00000007b1b00000,0x00000007b1c00000] [id=25532]
  0x000001117f821000 ConcurrentGCThread "G1 Young RemSet Sampling" [stack: 0x00000007b1c00000,0x00000007b1d00000] [id=20112]

Threads with active compile tasks:

VM state:not at safepoint (normal execution)

VM Mutex/Monitor currently owned by a thread: None

Heap address: 0x00000004d6c00000, size: 4062 MB, Compressed Oops mode: Zero based, Oop shift amount: 3
Narrow klass base: 0x0000000800000000, Narrow klass shift: 3
Compressed class space size: 1073741824 Address: 0x0000000800b40000

Heap:
 garbage-first heap   total 260096K, used 55194K [0x00000004d6c00000, 0x00000005d4a00000)
  region size 1024K, 55 young (56320K), 3 survivors (3072K)
 Metaspace       used 8456K, capacity 11091K, committed 11264K, reserved 1060864K
  class space    used 427K, capacity 725K, committed 768K, reserved 1048576K
Heap Regions: E=young(eden), S=young(survivor), O=old, HS=humongous(starts), HC=humongous(continues), CS=collection set, F=free, A=archive, TAMS=top-at-mark-start (previous, next)
|   0|0x00000004d6c00000, 0x00000004d6c00000, 0x00000004d6d00000|  0%| F|  |TAMS 0x00000004d6c00000, 0x00000004d6c00000| Untracked 
|   1|0x00000004d6d00000, 0x00000004d6d00000, 0x00000004d6e00000|  0%| F|  |TAMS 0x00000004d6d00000, 0x00000004d6d00000| Untracked 
|   2|0x00000004d6e00000, 0x00000004d6e00000, 0x00000004d6f00000|  0%| F|  |TAMS 0x00000004d6e00000, 0x00000004d6e00000| Untracked 
|   3|0x00000004d6f00000, 0x00000004d6f00000, 0x00000004d7000000|  0%| F|  |TAMS 0x00000004d6f00000, 0x00000004d6f00000| Untracked 
|   4|0x00000004d7000000, 0x00000004d7000000, 0x00000004d7100000|  0%| F|  |TAMS 0x00000004d7000000, 0x00000004d7000000| Untracked 
|   5|0x00000004d7100000, 0x00000004d7100000, 0x00000004d7200000|  0%| F|  |TAMS 0x00000004d7100000, 0x00000004d7100000| Untracked 
|   6|0x00000004d7200000, 0x00000004d7200000, 0x00000004d7300000|  0%| F|  |TAMS 0x00000004d7200000, 0x00000004d7200000| Untracked 
|   7|0x00000004d7300000, 0x00000004d7300000, 0x00000004d7400000|  0%| F|  |TAMS 0x00000004d7300000, 0x00000004d7300000| Untracked 
|   8|0x00000004d7400000, 0x00000004d7400000, 0x00000004d7500000|  0%| F|  |TAMS 0x00000004d7400000, 0x00000004d7400000| Untracked 
|   9|0x00000004d7500000, 0x00000004d7500000, 0x00000004d7600000|  0%| F|  |TAMS 0x00000004d7500000, 0x00000004d7500000| Untracked 
|  10|0x00000004d7600000, 0x00000004d7600000, 0x00000004d7700000|  0%| F|  |TAMS 0x00000004d7600000, 0x00000004d7600000| Untracked 
|  11|0x00000004d7700000, 0x00000004d7700000, 0x00000004d7800000|  0%| F|  |TAMS 0x00000004d7700000, 0x00000004d7700000| Untracked 
|  12|0x00000004d7800000, 0x00000004d7800000, 0x00000004d7900000|  0%| F|  |TAMS 0x00000004d7800000, 0x00000004d7800000| Untracked 
|  13|0x00000004d7900000, 0x00000004d7900000, 0x00000004d7a00000|  0%| F|  |TAMS 0x00000004d7900000, 0x00000004d7900000| Untracked 
|  14|0x00000004d7a00000, 0x00000004d7a00000, 0x00000004d7b00000|  0%| F|  |TAMS 0x00000004d7a00000, 0x00000004d7a00000| Untracked 
|  15|0x00000004d7b00000, 0x00000004d7b00000, 0x00000004d7c00000|  0%| F|  |TAMS 0x00000004d7b00000, 0x00000004d7b00000| Untracked 
|  16|0x00000004d7c00000, 0x00000004d7c00000, 0x00000004d7d00000|  0%| F|  |TAMS 0x00000004d7c00000, 0x00000004d7c00000| Untracked 
|  17|0x00000004d7d00000, 0x00000004d7d00000, 0x00000004d7e00000|  0%| F|  |TAMS 0x00000004d7d00000, 0x00000004d7d00000| Untracked 
|  18|0x00000004d7e00000, 0x00000004d7e00000, 0x00000004d7f00000|  0%| F|  |TAMS 0x00000004d7e00000, 0x00000004d7e00000| Untracked 
|  19|0x00000004d7f00000, 0x00000004d7f00000, 0x00000004d8000000|  0%| F|  |TAMS 0x00000004d7f00000, 0x00000004d7f00000| Untracked 
|  20|0x00000004d8000000, 0x00000004d8000000, 0x00000004d8100000|  0%| F|  |TAMS 0x00000004d8000000, 0x00000004d8000000| Untracked 
|  21|0x00000004d8100000, 0x00000004d8100000, 0x00000004d8200000|  0%| F|  |TAMS 0x00000004d8100000, 0x00000004d8100000| Untracked 
|  22|0x00000004d8200000, 0x00000004d8200000, 0x00000004d8300000|  0%| F|  |TAMS 0x00000004d8200000, 0x00000004d8200000| Untracked 
|  23|0x00000004d8300000, 0x00000004d8300000, 0x00000004d8400000|  0%| F|  |TAMS 0x00000004d8300000, 0x00000004d8300000| Untracked 
|  24|0x00000004d8400000, 0x00000004d8400000, 0x00000004d8500000|  0%| F|  |TAMS 0x00000004d8400000, 0x00000004d8400000| Untracked 
|  25|0x00000004d8500000, 0x00000004d8500000, 0x00000004d8600000|  0%| F|  |TAMS 0x00000004d8500000, 0x00000004d8500000| Untracked 
|  26|0x00000004d8600000, 0x00000004d8600000, 0x00000004d8700000|  0%| F|  |TAMS 0x00000004d8600000, 0x00000004d8600000| Untracked 
|  27|0x00000004d8700000, 0x00000004d8700000, 0x00000004d8800000|  0%| F|  |TAMS 0x00000004d8700000, 0x00000004d8700000| Untracked 
|  28|0x00000004d8800000, 0x00000004d8800000, 0x00000004d8900000|  0%| F|  |TAMS 0x00000004d8800000, 0x00000004d8800000| Untracked 
|  29|0x00000004d8900000, 0x00000004d8900000, 0x00000004d8a00000|  0%| F|  |TAMS 0x00000004d8900000, 0x00000004d8900000| Untracked 
|  30|0x00000004d8a00000, 0x00000004d8a00000, 0x00000004d8b00000|  0%| F|  |TAMS 0x00000004d8a00000, 0x00000004d8a00000| Untracked 
|  31|0x00000004d8b00000, 0x00000004d8b00000, 0x00000004d8c00000|  0%| F|  |TAMS 0x00000004d8b00000, 0x00000004d8b00000| Untracked 
|  32|0x00000004d8c00000, 0x00000004d8c00000, 0x00000004d8d00000|  0%| F|  |TAMS 0x00000004d8c00000, 0x00000004d8c00000| Untracked 
|  33|0x00000004d8d00000, 0x00000004d8d00000, 0x00000004d8e00000|  0%| F|  |TAMS 0x00000004d8d00000, 0x00000004d8d00000| Untracked 
|  34|0x00000004d8e00000, 0x00000004d8e00000, 0x00000004d8f00000|  0%| F|  |TAMS 0x00000004d8e00000, 0x00000004d8e00000| Untracked 
|  35|0x00000004d8f00000, 0x00000004d8f00000, 0x00000004d9000000|  0%| F|  |TAMS 0x00000004d8f00000, 0x00000004d8f00000| Untracked 
|  36|0x00000004d9000000, 0x00000004d9000000, 0x00000004d9100000|  0%| F|  |TAMS 0x00000004d9000000, 0x00000004d9000000| Untracked 
|  37|0x00000004d9100000, 0x00000004d9100000, 0x00000004d9200000|  0%| F|  |TAMS 0x00000004d9100000, 0x00000004d9100000| Untracked 
|  38|0x00000004d9200000, 0x00000004d9200000, 0x00000004d9300000|  0%| F|  |TAMS 0x00000004d9200000, 0x00000004d9200000| Untracked 
|  39|0x00000004d9300000, 0x00000004d9300000, 0x00000004d9400000|  0%| F|  |TAMS 0x00000004d9300000, 0x00000004d9300000| Untracked 
|  40|0x00000004d9400000, 0x00000004d9400000, 0x00000004d9500000|  0%| F|  |TAMS 0x00000004d9400000, 0x00000004d9400000| Untracked 
|  41|0x00000004d9500000, 0x00000004d9500000, 0x00000004d9600000|  0%| F|  |TAMS 0x00000004d9500000, 0x00000004d9500000| Untracked 
|  42|0x00000004d9600000, 0x00000004d9600000, 0x00000004d9700000|  0%| F|  |TAMS 0x00000004d9600000, 0x00000004d9600000| Untracked 
|  43|0x00000004d9700000, 0x00000004d9700000, 0x00000004d9800000|  0%| F|  |TAMS 0x00000004d9700000, 0x00000004d9700000| Untracked 
|  44|0x00000004d9800000, 0x00000004d9800000, 0x00000004d9900000|  0%| F|  |TAMS 0x00000004d9800000, 0x00000004d9800000| Untracked 
|  45|0x00000004d9900000, 0x00000004d9900000, 0x00000004d9a00000|  0%| F|  |TAMS 0x00000004d9900000, 0x00000004d9900000| Untracked 
|  46|0x00000004d9a00000, 0x00000004d9a00000, 0x00000004d9b00000|  0%| F|  |TAMS 0x00000004d9a00000, 0x00000004d9a00000| Untracked 
|  47|0x00000004d9b00000, 0x00000004d9b00000, 0x00000004d9c00000|  0%| F|  |TAMS 0x00000004d9b00000, 0x00000004d9b00000| Untracked 
|  48|0x00000004d9c00000, 0x00000004d9c00000, 0x00000004d9d00000|  0%| F|  |TAMS 0x00000004d9c00000, 0x00000004d9c00000| Untracked 
|  49|0x00000004d9d00000, 0x00000004d9d00000, 0x00000004d9e00000|  0%| F|  |TAMS 0x00000004d9d00000, 0x00000004d9d00000| Untracked 
|  50|0x00000004d9e00000, 0x00000004d9e00000, 0x00000004d9f00000|  0%| F|  |TAMS 0x00000004d9e00000, 0x00000004d9e00000| Untracked 
|  51|0x00000004d9f00000, 0x00000004d9f00000, 0x00000004da000000|  0%| F|  |TAMS 0x00000004d9f00000, 0x00000004d9f00000| Untracked 
|  52|0x00000004da000000, 0x00000004da000000, 0x00000004da100000|  0%| F|  |TAMS 0x00000004da000000, 0x00000004da000000| Untracked 
|  53|0x00000004da100000, 0x00000004da100000, 0x00000004da200000|  0%| F|  |TAMS 0x00000004da100000, 0x00000004da100000| Untracked 
|  54|0x00000004da200000, 0x00000004da200000, 0x00000004da300000|  0%| F|  |TAMS 0x00000004da200000, 0x00000004da200000| Untracked 
|  55|0x00000004da300000, 0x00000004da300000, 0x00000004da400000|  0%| F|  |TAMS 0x00000004da300000, 0x00000004da300000| Untracked 
|  56|0x00000004da400000, 0x00000004da400000, 0x00000004da500000|  0%| F|  |TAMS 0x00000004da400000, 0x00000004da400000| Untracked 
|  57|0x00000004da500000, 0x00000004da500000, 0x00000004da600000|  0%| F|  |TAMS 0x00000004da500000, 0x00000004da500000| Untracked 
|  58|0x00000004da600000, 0x00000004da600000, 0x00000004da700000|  0%| F|  |TAMS 0x00000004da600000, 0x00000004da600000| Untracked 
|  59|0x00000004da700000, 0x00000004da700000, 0x00000004da800000|  0%| F|  |TAMS 0x00000004da700000, 0x00000004da700000| Untracked 
|  60|0x00000004da800000, 0x00000004da800000, 0x00000004da900000|  0%| F|  |TAMS 0x00000004da800000, 0x00000004da800000| Untracked 
|  61|0x00000004da900000, 0x00000004da900000, 0x00000004daa00000|  0%| F|  |TAMS 0x00000004da900000, 0x00000004da900000| Untracked 
|  62|0x00000004daa00000, 0x00000004daa00000, 0x00000004dab00000|  0%| F|  |TAMS 0x00000004daa00000, 0x00000004daa00000| Untracked 
|  63|0x00000004dab00000, 0x00000004dab00000, 0x00000004dac00000|  0%| F|  |TAMS 0x00000004dab00000, 0x00000004dab00000| Untracked 
|  64|0x00000004dac00000, 0x00000004dac00000, 0x00000004dad00000|  0%| F|  |TAMS 0x00000004dac00000, 0x00000004dac00000| Untracked 
|  65|0x00000004dad00000, 0x00000004dad00000, 0x00000004dae00000|  0%| F|  |TAMS 0x00000004dad00000, 0x00000004dad00000| Untracked 
|  66|0x00000004dae00000, 0x00000004dae00000, 0x00000004daf00000|  0%| F|  |TAMS 0x00000004dae00000, 0x00000004dae00000| Untracked 
|  67|0x00000004daf00000, 0x00000004daf00000, 0x00000004db000000|  0%| F|  |TAMS 0x00000004daf00000, 0x00000004daf00000| Untracked 
|  68|0x00000004db000000, 0x00000004db000000, 0x00000004db100000|  0%| F|  |TAMS 0x00000004db000000, 0x00000004db000000| Untracked 
|  69|0x00000004db100000, 0x00000004db100000, 0x00000004db200000|  0%| F|  |TAMS 0x00000004db100000, 0x00000004db100000| Untracked 
|  70|0x00000004db200000, 0x00000004db200000, 0x00000004db300000|  0%| F|  |TAMS 0x00000004db200000, 0x00000004db200000| Untracked 
|  71|0x00000004db300000, 0x00000004db300000, 0x00000004db400000|  0%| F|  |TAMS 0x00000004db300000, 0x00000004db300000| Untracked 
|  72|0x00000004db400000, 0x00000004db400000, 0x00000004db500000|  0%| F|  |TAMS 0x00000004db400000, 0x00000004db400000| Untracked 
|  73|0x00000004db500000, 0x00000004db500000, 0x00000004db600000|  0%| F|  |TAMS 0x00000004db500000, 0x00000004db500000| Untracked 
|  74|0x00000004db600000, 0x00000004db600000, 0x00000004db700000|  0%| F|  |TAMS 0x00000004db600000, 0x00000004db600000| Untracked 
|  75|0x00000004db700000, 0x00000004db700000, 0x00000004db800000|  0%| F|  |TAMS 0x00000004db700000, 0x00000004db700000| Untracked 
|  76|0x00000004db800000, 0x00000004db800000, 0x00000004db900000|  0%| F|  |TAMS 0x00000004db800000, 0x00000004db800000| Untracked 
|  77|0x00000004db900000, 0x00000004db900000, 0x00000004dba00000|  0%| F|  |TAMS 0x00000004db900000, 0x00000004db900000| Untracked 
|  78|0x00000004dba00000, 0x00000004dba00000, 0x00000004dbb00000|  0%| F|  |TAMS 0x00000004dba00000, 0x00000004dba00000| Untracked 
|  79|0x00000004dbb00000, 0x00000004dbb00000, 0x00000004dbc00000|  0%| F|  |TAMS 0x00000004dbb00000, 0x00000004dbb00000| Untracked 
|  80|0x00000004dbc00000, 0x00000004dbc00000, 0x00000004dbd00000|  0%| F|  |TAMS 0x00000004dbc00000, 0x00000004dbc00000| Untracked 
|  81|0x00000004dbd00000, 0x00000004dbd00000, 0x00000004dbe00000|  0%| F|  |TAMS 0x00000004dbd00000, 0x00000004dbd00000| Untracked 
|  82|0x00000004dbe00000, 0x00000004dbe00000, 0x00000004dbf00000|  0%| F|  |TAMS 0x00000004dbe00000, 0x00000004dbe00000| Untracked 
|  83|0x00000004dbf00000, 0x00000004dbf00000, 0x00000004dc000000|  0%| F|  |TAMS 0x00000004dbf00000, 0x00000004dbf00000| Untracked 
|  84|0x00000004dc000000, 0x00000004dc000000, 0x00000004dc100000|  0%| F|  |TAMS 0x00000004dc000000, 0x00000004dc000000| Untracked 
|  85|0x00000004dc100000, 0x00000004dc100000, 0x00000004dc200000|  0%| F|  |TAMS 0x00000004dc100000, 0x00000004dc100000| Untracked 
|  86|0x00000004dc200000, 0x00000004dc200000, 0x00000004dc300000|  0%| F|  |TAMS 0x00000004dc200000, 0x00000004dc200000| Untracked 
|  87|0x00000004dc300000, 0x00000004dc300000, 0x00000004dc400000|  0%| F|  |TAMS 0x00000004dc300000, 0x00000004dc300000| Untracked 
|  88|0x00000004dc400000, 0x00000004dc400000, 0x00000004dc500000|  0%| F|  |TAMS 0x00000004dc400000, 0x00000004dc400000| Untracked 
|  89|0x00000004dc500000, 0x00000004dc500000, 0x00000004dc600000|  0%| F|  |TAMS 0x00000004dc500000, 0x00000004dc500000| Untracked 
|  90|0x00000004dc600000, 0x00000004dc600000, 0x00000004dc700000|  0%| F|  |TAMS 0x00000004dc600000, 0x00000004dc600000| Untracked 
|  91|0x00000004dc700000, 0x00000004dc700000, 0x00000004dc800000|  0%| F|  |TAMS 0x00000004dc700000, 0x00000004dc700000| Untracked 
|  92|0x00000004dc800000, 0x00000004dc800000, 0x00000004dc900000|  0%| F|  |TAMS 0x00000004dc800000, 0x00000004dc800000| Untracked 
|  93|0x00000004dc900000, 0x00000004dc900000, 0x00000004dca00000|  0%| F|  |TAMS 0x00000004dc900000, 0x00000004dc900000| Untracked 
|  94|0x00000004dca00000, 0x00000004dca00000, 0x00000004dcb00000|  0%| F|  |TAMS 0x00000004dca00000, 0x00000004dca00000| Untracked 
|  95|0x00000004dcb00000, 0x00000004dcb00000, 0x00000004dcc00000|  0%| F|  |TAMS 0x00000004dcb00000, 0x00000004dcb00000| Untracked 
|  96|0x00000004dcc00000, 0x00000004dcc00000, 0x00000004dcd00000|  0%| F|  |TAMS 0x00000004dcc00000, 0x00000004dcc00000| Untracked 
|  97|0x00000004dcd00000, 0x00000004dcd00000, 0x00000004dce00000|  0%| F|  |TAMS 0x00000004dcd00000, 0x00000004dcd00000| Untracked 
|  98|0x00000004dce00000, 0x00000004dce00000, 0x00000004dcf00000|  0%| F|  |TAMS 0x00000004dce00000, 0x00000004dce00000| Untracked 
|  99|0x00000004dcf00000, 0x00000004dcf00000, 0x00000004dd000000|  0%| F|  |TAMS 0x00000004dcf00000, 0x00000004dcf00000| Untracked 
| 100|0x00000004dd000000, 0x00000004dd000000, 0x00000004dd100000|  0%| F|  |TAMS 0x00000004dd000000, 0x00000004dd000000| Untracked 
| 101|0x00000004dd100000, 0x00000004dd100000, 0x00000004dd200000|  0%| F|  |TAMS 0x00000004dd100000, 0x00000004dd100000| Untracked 
| 102|0x00000004dd200000, 0x00000004dd200000, 0x00000004dd300000|  0%| F|  |TAMS 0x00000004dd200000, 0x00000004dd200000| Untracked 
| 103|0x00000004dd300000, 0x00000004dd300000, 0x00000004dd400000|  0%| F|  |TAMS 0x00000004dd300000, 0x00000004dd300000| Untracked 
| 104|0x00000004dd400000, 0x00000004dd400000, 0x00000004dd500000|  0%| F|  |TAMS 0x00000004dd400000, 0x00000004dd400000| Untracked 
| 105|0x00000004dd500000, 0x00000004dd500000, 0x00000004dd600000|  0%| F|  |TAMS 0x00000004dd500000, 0x00000004dd500000| Untracked 
| 106|0x00000004dd600000, 0x00000004dd600000, 0x00000004dd700000|  0%| F|  |TAMS 0x00000004dd600000, 0x00000004dd600000| Untracked 
| 107|0x00000004dd700000, 0x00000004dd700000, 0x00000004dd800000|  0%| F|  |TAMS 0x00000004dd700000, 0x00000004dd700000| Untracked 
| 108|0x00000004dd800000, 0x00000004dd800000, 0x00000004dd900000|  0%| F|  |TAMS 0x00000004dd800000, 0x00000004dd800000| Untracked 
| 109|0x00000004dd900000, 0x00000004dd900000, 0x00000004dda00000|  0%| F|  |TAMS 0x00000004dd900000, 0x00000004dd900000| Untracked 
| 110|0x00000004dda00000, 0x00000004dda00000, 0x00000004ddb00000|  0%| F|  |TAMS 0x00000004dda00000, 0x00000004dda00000| Untracked 
| 111|0x00000004ddb00000, 0x00000004ddb00000, 0x00000004ddc00000|  0%| F|  |TAMS 0x00000004ddb00000, 0x00000004ddb00000| Untracked 
| 112|0x00000004ddc00000, 0x00000004ddc00000, 0x00000004ddd00000|  0%| F|  |TAMS 0x00000004ddc00000, 0x00000004ddc00000| Untracked 
| 113|0x00000004ddd00000, 0x00000004ddd00000, 0x00000004dde00000|  0%| F|  |TAMS 0x00000004ddd00000, 0x00000004ddd00000| Untracked 
| 114|0x00000004dde00000, 0x00000004dde00000, 0x00000004ddf00000|  0%| F|  |TAMS 0x00000004dde00000, 0x00000004dde00000| Untracked 
| 115|0x00000004ddf00000, 0x00000004ddf00000, 0x00000004de000000|  0%| F|  |TAMS 0x00000004ddf00000, 0x00000004ddf00000| Untracked 
| 116|0x00000004de000000, 0x00000004de000000, 0x00000004de100000|  0%| F|  |TAMS 0x00000004de000000, 0x00000004de000000| Untracked 
| 117|0x00000004de100000, 0x00000004de100000, 0x00000004de200000|  0%| F|  |TAMS 0x00000004de100000, 0x00000004de100000| Untracked 
| 118|0x00000004de200000, 0x00000004de200000, 0x00000004de300000|  0%| F|  |TAMS 0x00000004de200000, 0x00000004de200000| Untracked 
| 119|0x00000004de300000, 0x00000004de300000, 0x00000004de400000|  0%| F|  |TAMS 0x00000004de300000, 0x00000004de300000| Untracked 
| 120|0x00000004de400000, 0x00000004de400000, 0x00000004de500000|  0%| F|  |TAMS 0x00000004de400000, 0x00000004de400000| Untracked 
| 121|0x00000004de500000, 0x00000004de500000, 0x00000004de600000|  0%| F|  |TAMS 0x00000004de500000, 0x00000004de500000| Untracked 
| 122|0x00000004de600000, 0x00000004de600000, 0x00000004de700000|  0%| F|  |TAMS 0x00000004de600000, 0x00000004de600000| Untracked 
| 123|0x00000004de700000, 0x00000004de700000, 0x00000004de800000|  0%| F|  |TAMS 0x00000004de700000, 0x00000004de700000| Untracked 
| 124|0x00000004de800000, 0x00000004de800000, 0x00000004de900000|  0%| F|  |TAMS 0x00000004de800000, 0x00000004de800000| Untracked 
| 125|0x00000004de900000, 0x00000004de900000, 0x00000004dea00000|  0%| F|  |TAMS 0x00000004de900000, 0x00000004de900000| Untracked 
| 126|0x00000004dea00000, 0x00000004dea00000, 0x00000004deb00000|  0%| F|  |TAMS 0x00000004dea00000, 0x00000004dea00000| Untracked 
| 127|0x00000004deb00000, 0x00000004deb00000, 0x00000004dec00000|  0%| F|  |TAMS 0x00000004deb00000, 0x00000004deb00000| Untracked 
| 128|0x00000004dec00000, 0x00000004dec00000, 0x00000004ded00000|  0%| F|  |TAMS 0x00000004dec00000, 0x00000004dec00000| Untracked 
| 129|0x00000004ded00000, 0x00000004ded00000, 0x00000004dee00000|  0%| F|  |TAMS 0x00000004ded00000, 0x00000004ded00000| Untracked 
| 130|0x00000004dee00000, 0x00000004dee00000, 0x00000004def00000|  0%| F|  |TAMS 0x00000004dee00000, 0x00000004dee00000| Untracked 
| 131|0x00000004def00000, 0x00000004def00000, 0x00000004df000000|  0%| F|  |TAMS 0x00000004def00000, 0x00000004def00000| Untracked 
| 132|0x00000004df000000, 0x00000004df000000, 0x00000004df100000|  0%| F|  |TAMS 0x00000004df000000, 0x00000004df000000| Untracked 
| 133|0x00000004df100000, 0x00000004df100000, 0x00000004df200000|  0%| F|  |TAMS 0x00000004df100000, 0x00000004df100000| Untracked 
| 134|0x00000004df200000, 0x00000004df200000, 0x00000004df300000|  0%| F|  |TAMS 0x00000004df200000, 0x00000004df200000| Untracked 
| 135|0x00000004df300000, 0x00000004df300000, 0x00000004df400000|  0%| F|  |TAMS 0x00000004df300000, 0x00000004df300000| Untracked 
| 136|0x00000004df400000, 0x00000004df400000, 0x00000004df500000|  0%| F|  |TAMS 0x00000004df400000, 0x00000004df400000| Untracked 
| 137|0x00000004df500000, 0x00000004df500000, 0x00000004df600000|  0%| F|  |TAMS 0x00000004df500000, 0x00000004df500000| Untracked 
| 138|0x00000004df600000, 0x00000004df600000, 0x00000004df700000|  0%| F|  |TAMS 0x00000004df600000, 0x00000004df600000| Untracked 
| 139|0x00000004df700000, 0x00000004df700000, 0x00000004df800000|  0%| F|  |TAMS 0x00000004df700000, 0x00000004df700000| Untracked 
| 140|0x00000004df800000, 0x00000004df800000, 0x00000004df900000|  0%| F|  |TAMS 0x00000004df800000, 0x00000004df800000| Untracked 
| 141|0x00000004df900000, 0x00000004df900000, 0x00000004dfa00000|  0%| F|  |TAMS 0x00000004df900000, 0x00000004df900000| Untracked 
| 142|0x00000004dfa00000, 0x00000004dfa00000, 0x00000004dfb00000|  0%| F|  |TAMS 0x00000004dfa00000, 0x00000004dfa00000| Untracked 
| 143|0x00000004dfb00000, 0x00000004dfb00000, 0x00000004dfc00000|  0%| F|  |TAMS 0x00000004dfb00000, 0x00000004dfb00000| Untracked 
| 144|0x00000004dfc00000, 0x00000004dfc00000, 0x00000004dfd00000|  0%| F|  |TAMS 0x00000004dfc00000, 0x00000004dfc00000| Untracked 
| 145|0x00000004dfd00000, 0x00000004dfd00000, 0x00000004dfe00000|  0%| F|  |TAMS 0x00000004dfd00000, 0x00000004dfd00000| Untracked 
| 146|0x00000004dfe00000, 0x00000004dfe00000, 0x00000004dff00000|  0%| F|  |TAMS 0x00000004dfe00000, 0x00000004dfe00000| Untracked 
| 147|0x00000004dff00000, 0x00000004dff00000, 0x00000004e0000000|  0%| F|  |TAMS 0x00000004dff00000, 0x00000004dff00000| Untracked 
| 148|0x00000004e0000000, 0x00000004e0000000, 0x00000004e0100000|  0%| F|  |TAMS 0x00000004e0000000, 0x00000004e0000000| Untracked 
| 149|0x00000004e0100000, 0x00000004e0100000, 0x00000004e0200000|  0%| F|  |TAMS 0x00000004e0100000, 0x00000004e0100000| Untracked 
| 150|0x00000004e0200000, 0x00000004e0200000, 0x00000004e0300000|  0%| F|  |TAMS 0x00000004e0200000, 0x00000004e0200000| Untracked 
| 151|0x00000004e0300000, 0x00000004e0300000, 0x00000004e0400000|  0%| F|  |TAMS 0x00000004e0300000, 0x00000004e0300000| Untracked 
| 152|0x00000004e0400000, 0x00000004e0400000, 0x00000004e0500000|  0%| F|  |TAMS 0x00000004e0400000, 0x00000004e0400000| Untracked 
| 153|0x00000004e0500000, 0x00000004e0500000, 0x00000004e0600000|  0%| F|  |TAMS 0x00000004e0500000, 0x00000004e0500000| Untracked 
| 154|0x00000004e0600000, 0x00000004e0600000, 0x00000004e0700000|  0%| F|  |TAMS 0x00000004e0600000, 0x00000004e0600000| Untracked 
| 155|0x00000004e0700000, 0x00000004e0700000, 0x00000004e0800000|  0%| F|  |TAMS 0x00000004e0700000, 0x00000004e0700000| Untracked 
| 156|0x00000004e0800000, 0x00000004e0800000, 0x00000004e0900000|  0%| F|  |TAMS 0x00000004e0800000, 0x00000004e0800000| Untracked 
| 157|0x00000004e0900000, 0x00000004e0900000, 0x00000004e0a00000|  0%| F|  |TAMS 0x00000004e0900000, 0x00000004e0900000| Untracked 
| 158|0x00000004e0a00000, 0x00000004e0a00000, 0x00000004e0b00000|  0%| F|  |TAMS 0x00000004e0a00000, 0x00000004e0a00000| Untracked 
| 159|0x00000004e0b00000, 0x00000004e0b00000, 0x00000004e0c00000|  0%| F|  |TAMS 0x00000004e0b00000, 0x00000004e0b00000| Untracked 
| 160|0x00000004e0c00000, 0x00000004e0c00000, 0x00000004e0d00000|  0%| F|  |TAMS 0x00000004e0c00000, 0x00000004e0c00000| Untracked 
| 161|0x00000004e0d00000, 0x00000004e0d00000, 0x00000004e0e00000|  0%| F|  |TAMS 0x00000004e0d00000, 0x00000004e0d00000| Untracked 
| 162|0x00000004e0e00000, 0x00000004e0e00000, 0x00000004e0f00000|  0%| F|  |TAMS 0x00000004e0e00000, 0x00000004e0e00000| Untracked 
| 163|0x00000004e0f00000, 0x00000004e0f00000, 0x00000004e1000000|  0%| F|  |TAMS 0x00000004e0f00000, 0x00000004e0f00000| Untracked 
| 164|0x00000004e1000000, 0x00000004e1000000, 0x00000004e1100000|  0%| F|  |TAMS 0x00000004e1000000, 0x00000004e1000000| Untracked 
| 165|0x00000004e1100000, 0x00000004e1100000, 0x00000004e1200000|  0%| F|  |TAMS 0x00000004e1100000, 0x00000004e1100000| Untracked 
| 166|0x00000004e1200000, 0x00000004e1200000, 0x00000004e1300000|  0%| F|  |TAMS 0x00000004e1200000, 0x00000004e1200000| Untracked 
| 167|0x00000004e1300000, 0x00000004e1300000, 0x00000004e1400000|  0%| F|  |TAMS 0x00000004e1300000, 0x00000004e1300000| Untracked 
| 168|0x00000004e1400000, 0x00000004e1400000, 0x00000004e1500000|  0%| F|  |TAMS 0x00000004e1400000, 0x00000004e1400000| Untracked 
| 169|0x00000004e1500000, 0x00000004e1500000, 0x00000004e1600000|  0%| F|  |TAMS 0x00000004e1500000, 0x00000004e1500000| Untracked 
| 170|0x00000004e1600000, 0x00000004e1600000, 0x00000004e1700000|  0%| F|  |TAMS 0x00000004e1600000, 0x00000004e1600000| Untracked 
| 171|0x00000004e1700000, 0x00000004e1700000, 0x00000004e1800000|  0%| F|  |TAMS 0x00000004e1700000, 0x00000004e1700000| Untracked 
| 172|0x00000004e1800000, 0x00000004e1800000, 0x00000004e1900000|  0%| F|  |TAMS 0x00000004e1800000, 0x00000004e1800000| Untracked 
| 173|0x00000004e1900000, 0x00000004e1900000, 0x00000004e1a00000|  0%| F|  |TAMS 0x00000004e1900000, 0x00000004e1900000| Untracked 
| 174|0x00000004e1a00000, 0x00000004e1a00000, 0x00000004e1b00000|  0%| F|  |TAMS 0x00000004e1a00000, 0x00000004e1a00000| Untracked 
| 175|0x00000004e1b00000, 0x00000004e1b00000, 0x00000004e1c00000|  0%| F|  |TAMS 0x00000004e1b00000, 0x00000004e1b00000| Untracked 
| 176|0x00000004e1c00000, 0x00000004e1c00000, 0x00000004e1d00000|  0%| F|  |TAMS 0x00000004e1c00000, 0x00000004e1c00000| Untracked 
| 177|0x00000004e1d00000, 0x00000004e1d00000, 0x00000004e1e00000|  0%| F|  |TAMS 0x00000004e1d00000, 0x00000004e1d00000| Untracked 
| 178|0x00000004e1e00000, 0x00000004e1e00000, 0x00000004e1f00000|  0%| F|  |TAMS 0x00000004e1e00000, 0x00000004e1e00000| Untracked 
| 179|0x00000004e1f00000, 0x00000004e1f00000, 0x00000004e2000000|  0%| F|  |TAMS 0x00000004e1f00000, 0x00000004e1f00000| Untracked 
| 180|0x00000004e2000000, 0x00000004e2000000, 0x00000004e2100000|  0%| F|  |TAMS 0x00000004e2000000, 0x00000004e2000000| Untracked 
| 181|0x00000004e2100000, 0x00000004e2100000, 0x00000004e2200000|  0%| F|  |TAMS 0x00000004e2100000, 0x00000004e2100000| Untracked 
| 182|0x00000004e2200000, 0x00000004e2200000, 0x00000004e2300000|  0%| F|  |TAMS 0x00000004e2200000, 0x00000004e2200000| Untracked 
| 183|0x00000004e2300000, 0x00000004e2300000, 0x00000004e2400000|  0%| F|  |TAMS 0x00000004e2300000, 0x00000004e2300000| Untracked 
| 184|0x00000004e2400000, 0x00000004e2400000, 0x00000004e2500000|  0%| F|  |TAMS 0x00000004e2400000, 0x00000004e2400000| Untracked 
| 185|0x00000004e2500000, 0x00000004e2500000, 0x00000004e2600000|  0%| F|  |TAMS 0x00000004e2500000, 0x00000004e2500000| Untracked 
| 186|0x00000004e2600000, 0x00000004e2600000, 0x00000004e2700000|  0%| F|  |TAMS 0x00000004e2600000, 0x00000004e2600000| Untracked 
| 187|0x00000004e2700000, 0x00000004e2700000, 0x00000004e2800000|  0%| F|  |TAMS 0x00000004e2700000, 0x00000004e2700000| Untracked 
| 188|0x00000004e2800000, 0x00000004e2800000, 0x00000004e2900000|  0%| F|  |TAMS 0x00000004e2800000, 0x00000004e2800000| Untracked 
| 189|0x00000004e2900000, 0x00000004e2900000, 0x00000004e2a00000|  0%| F|  |TAMS 0x00000004e2900000, 0x00000004e2900000| Untracked 
| 190|0x00000004e2a00000, 0x00000004e2a00000, 0x00000004e2b00000|  0%| F|  |TAMS 0x00000004e2a00000, 0x00000004e2a00000| Untracked 
| 191|0x00000004e2b00000, 0x00000004e2b00000, 0x00000004e2c00000|  0%| F|  |TAMS 0x00000004e2b00000, 0x00000004e2b00000| Untracked 
| 192|0x00000004e2c00000, 0x00000004e2c00000, 0x00000004e2d00000|  0%| F|  |TAMS 0x00000004e2c00000, 0x00000004e2c00000| Untracked 
| 193|0x00000004e2d00000, 0x00000004e2d00000, 0x00000004e2e00000|  0%| F|  |TAMS 0x00000004e2d00000, 0x00000004e2d00000| Untracked 
| 194|0x00000004e2e00000, 0x00000004e2e00000, 0x00000004e2f00000|  0%| F|  |TAMS 0x00000004e2e00000, 0x00000004e2e00000| Untracked 
| 195|0x00000004e2f00000, 0x00000004e2f00000, 0x00000004e3000000|  0%| F|  |TAMS 0x00000004e2f00000, 0x00000004e2f00000| Untracked 
| 196|0x00000004e3000000, 0x00000004e3000000, 0x00000004e3100000|  0%| F|  |TAMS 0x00000004e3000000, 0x00000004e3000000| Untracked 
| 197|0x00000004e3100000, 0x00000004e3100000, 0x00000004e3200000|  0%| F|  |TAMS 0x00000004e3100000, 0x00000004e3100000| Untracked 
| 198|0x00000004e3200000, 0x00000004e3200000, 0x00000004e3300000|  0%| F|  |TAMS 0x00000004e3200000, 0x00000004e3200000| Untracked 
| 199|0x00000004e3300000, 0x00000004e3400000, 0x00000004e3400000|100%| E|  |TAMS 0x00000004e3300000, 0x00000004e3300000| Complete 
| 200|0x00000004e3400000, 0x00000004e3500000, 0x00000004e3500000|100%| E|CS|TAMS 0x00000004e3400000, 0x00000004e3400000| Complete 
| 201|0x00000004e3500000, 0x00000004e3600000, 0x00000004e3600000|100%| E|CS|TAMS 0x00000004e3500000, 0x00000004e3500000| Complete 
| 202|0x00000004e3600000, 0x00000004e3700000, 0x00000004e3700000|100%| E|CS|TAMS 0x00000004e3600000, 0x00000004e3600000| Complete 
| 203|0x00000004e3700000, 0x00000004e3800000, 0x00000004e3800000|100%| E|CS|TAMS 0x00000004e3700000, 0x00000004e3700000| Complete 
| 204|0x00000004e3800000, 0x00000004e3900000, 0x00000004e3900000|100%| E|CS|TAMS 0x00000004e3800000, 0x00000004e3800000| Complete 
| 205|0x00000004e3900000, 0x00000004e3a00000, 0x00000004e3a00000|100%| E|CS|TAMS 0x00000004e3900000, 0x00000004e3900000| Complete 
| 206|0x00000004e3a00000, 0x00000004e3b00000, 0x00000004e3b00000|100%| E|CS|TAMS 0x00000004e3a00000, 0x00000004e3a00000| Complete 
| 207|0x00000004e3b00000, 0x00000004e3c00000, 0x00000004e3c00000|100%| E|CS|TAMS 0x00000004e3b00000, 0x00000004e3b00000| Complete 
| 208|0x00000004e3c00000, 0x00000004e3d00000, 0x00000004e3d00000|100%| E|CS|TAMS 0x00000004e3c00000, 0x00000004e3c00000| Complete 
| 209|0x00000004e3d00000, 0x00000004e3e00000, 0x00000004e3e00000|100%| E|CS|TAMS 0x00000004e3d00000, 0x00000004e3d00000| Complete 
| 210|0x00000004e3e00000, 0x00000004e3f00000, 0x00000004e3f00000|100%| E|CS|TAMS 0x00000004e3e00000, 0x00000004e3e00000| Complete 
| 211|0x00000004e3f00000, 0x00000004e4000000, 0x00000004e4000000|100%| E|CS|TAMS 0x00000004e3f00000, 0x00000004e3f00000| Complete 
| 212|0x00000004e4000000, 0x00000004e4100000, 0x00000004e4100000|100%| E|CS|TAMS 0x00000004e4000000, 0x00000004e4000000| Complete 
| 213|0x00000004e4100000, 0x00000004e4200000, 0x00000004e4200000|100%| E|CS|TAMS 0x00000004e4100000, 0x00000004e4100000| Complete 
| 214|0x00000004e4200000, 0x00000004e4300000, 0x00000004e4300000|100%| E|CS|TAMS 0x00000004e4200000, 0x00000004e4200000| Complete 
| 215|0x00000004e4300000, 0x00000004e4400000, 0x00000004e4400000|100%| E|CS|TAMS 0x00000004e4300000, 0x00000004e4300000| Complete 
| 216|0x00000004e4400000, 0x00000004e4500000, 0x00000004e4500000|100%| E|CS|TAMS 0x00000004e4400000, 0x00000004e4400000| Complete 
| 217|0x00000004e4500000, 0x00000004e4600000, 0x00000004e4600000|100%| E|CS|TAMS 0x00000004e4500000, 0x00000004e4500000| Complete 
| 218|0x00000004e4600000, 0x00000004e4700000, 0x00000004e4700000|100%| E|CS|TAMS 0x00000004e4600000, 0x00000004e4600000| Complete 
| 219|0x00000004e4700000, 0x00000004e4800000, 0x00000004e4800000|100%| E|CS|TAMS 0x00000004e4700000, 0x00000004e4700000| Complete 
| 220|0x00000004e4800000, 0x00000004e4900000, 0x00000004e4900000|100%| E|CS|TAMS 0x00000004e4800000, 0x00000004e4800000| Complete 
| 221|0x00000004e4900000, 0x00000004e4a00000, 0x00000004e4a00000|100%| E|CS|TAMS 0x00000004e4900000, 0x00000004e4900000| Complete 
| 222|0x00000004e4a00000, 0x00000004e4b00000, 0x00000004e4b00000|100%| E|CS|TAMS 0x00000004e4a00000, 0x00000004e4a00000| Complete 
| 223|0x00000004e4b00000, 0x00000004e4c00000, 0x00000004e4c00000|100%| E|CS|TAMS 0x00000004e4b00000, 0x00000004e4b00000| Complete 
| 224|0x00000004e4c00000, 0x00000004e4d00000, 0x00000004e4d00000|100%| E|CS|TAMS 0x00000004e4c00000, 0x00000004e4c00000| Complete 
| 225|0x00000004e4d00000, 0x00000004e4e00000, 0x00000004e4e00000|100%| E|CS|TAMS 0x00000004e4d00000, 0x00000004e4d00000| Complete 
| 226|0x00000004e4e00000, 0x00000004e4f00000, 0x00000004e4f00000|100%| E|CS|TAMS 0x00000004e4e00000, 0x00000004e4e00000| Complete 
| 227|0x00000004e4f00000, 0x00000004e4fe6818, 0x00000004e5000000| 90%| S|CS|TAMS 0x00000004e4f00000, 0x00000004e4f00000| Complete 
| 228|0x00000004e5000000, 0x00000004e5100000, 0x00000004e5100000|100%| S|CS|TAMS 0x00000004e5000000, 0x00000004e5000000| Complete 
| 229|0x00000004e5100000, 0x00000004e5200000, 0x00000004e5200000|100%| S|CS|TAMS 0x00000004e5100000, 0x00000004e5100000| Complete 
| 230|0x00000004e5200000, 0x00000004e5300000, 0x00000004e5300000|100%| E|CS|TAMS 0x00000004e5200000, 0x00000004e5200000| Complete 
| 231|0x00000004e5300000, 0x00000004e5400000, 0x00000004e5400000|100%| E|CS|TAMS 0x00000004e5300000, 0x00000004e5300000| Complete 
| 232|0x00000004e5400000, 0x00000004e5500000, 0x00000004e5500000|100%| E|CS|TAMS 0x00000004e5400000, 0x00000004e5400000| Complete 
| 233|0x00000004e5500000, 0x00000004e5600000, 0x00000004e5600000|100%| E|CS|TAMS 0x00000004e5500000, 0x00000004e5500000| Complete 
| 234|0x00000004e5600000, 0x00000004e5700000, 0x00000004e5700000|100%| E|CS|TAMS 0x00000004e5600000, 0x00000004e5600000| Complete 
| 235|0x00000004e5700000, 0x00000004e5800000, 0x00000004e5800000|100%| E|CS|TAMS 0x00000004e5700000, 0x00000004e5700000| Complete 
| 236|0x00000004e5800000, 0x00000004e5900000, 0x00000004e5900000|100%| E|CS|TAMS 0x00000004e5800000, 0x00000004e5800000| Complete 
| 237|0x00000004e5900000, 0x00000004e5a00000, 0x00000004e5a00000|100%| E|CS|TAMS 0x00000004e5900000, 0x00000004e5900000| Complete 
| 238|0x00000004e5a00000, 0x00000004e5b00000, 0x00000004e5b00000|100%| E|CS|TAMS 0x00000004e5a00000, 0x00000004e5a00000| Complete 
| 239|0x00000004e5b00000, 0x00000004e5c00000, 0x00000004e5c00000|100%| E|CS|TAMS 0x00000004e5b00000, 0x00000004e5b00000| Complete 
| 240|0x00000004e5c00000, 0x00000004e5d00000, 0x00000004e5d00000|100%| E|CS|TAMS 0x00000004e5c00000, 0x00000004e5c00000| Complete 
| 241|0x00000004e5d00000, 0x00000004e5e00000, 0x00000004e5e00000|100%| E|CS|TAMS 0x00000004e5d00000, 0x00000004e5d00000| Complete 
| 242|0x00000004e5e00000, 0x00000004e5f00000, 0x00000004e5f00000|100%| E|CS|TAMS 0x00000004e5e00000, 0x00000004e5e00000| Complete 
| 243|0x00000004e5f00000, 0x00000004e6000000, 0x00000004e6000000|100%| E|CS|TAMS 0x00000004e5f00000, 0x00000004e5f00000| Complete 
| 244|0x00000004e6000000, 0x00000004e6100000, 0x00000004e6100000|100%| E|CS|TAMS 0x00000004e6000000, 0x00000004e6000000| Complete 
| 245|0x00000004e6100000, 0x00000004e6200000, 0x00000004e6200000|100%| E|CS|TAMS 0x00000004e6100000, 0x00000004e6100000| Complete 
| 246|0x00000004e6200000, 0x00000004e6300000, 0x00000004e6300000|100%| E|CS|TAMS 0x00000004e6200000, 0x00000004e6200000| Complete 
| 247|0x00000004e6300000, 0x00000004e6400000, 0x00000004e6400000|100%| E|CS|TAMS 0x00000004e6300000, 0x00000004e6300000| Complete 
| 248|0x00000004e6400000, 0x00000004e6500000, 0x00000004e6500000|100%| E|CS|TAMS 0x00000004e6400000, 0x00000004e6400000| Complete 
| 249|0x00000004e6500000, 0x00000004e6600000, 0x00000004e6600000|100%| E|CS|TAMS 0x00000004e6500000, 0x00000004e6500000| Complete 
| 250|0x00000004e6600000, 0x00000004e6700000, 0x00000004e6700000|100%| E|CS|TAMS 0x00000004e6600000, 0x00000004e6600000| Complete 
| 251|0x00000004e6700000, 0x00000004e6800000, 0x00000004e6800000|100%| E|CS|TAMS 0x00000004e6700000, 0x00000004e6700000| Complete 
| 252|0x00000004e6800000, 0x00000004e6900000, 0x00000004e6900000|100%| E|CS|TAMS 0x00000004e6800000, 0x00000004e6800000| Complete 
| 253|0x00000004e6900000, 0x00000004e6a00000, 0x00000004e6a00000|100%| E|CS|TAMS 0x00000004e6900000, 0x00000004e6900000| Complete 

Card table byte_map: [0x0000011179e50000,0x000001117a640000] _byte_map_base: 0x000001117779a000

Marking Bits (Prev, Next): (CMBitMap*) 0x0000011170d81fe8, (CMBitMap*) 0x0000011170d82028
 Prev Bits: [0x000001117ae30000, 0x000001117eda8000)
 Next Bits: [0x000001110f000000, 0x0000011112f78000)

Polling page: 0x000001116ec60000

Metaspace:

Usage:
  Non-class:     10.12 MB capacity,     7.84 MB ( 77%) used,     2.27 MB ( 22%) free+waste,    10.63 KB ( <1%) overhead. 
      Class:    725.00 KB capacity,   427.64 KB ( 59%) used,   293.73 KB ( 41%) free+waste,     3.63 KB ( <1%) overhead. 
       Both:     10.83 MB capacity,     8.26 MB ( 76%) used,     2.56 MB ( 24%) free+waste,    14.25 KB ( <1%) overhead. 

Virtual space:
  Non-class space:       12.00 MB reserved,      10.25 MB ( 85%) committed 
      Class space:        1.00 GB reserved,     768.00 KB ( <1%) committed 
             Both:        1.01 GB reserved,      11.00 MB (  1%) committed 

Chunk freelists:
   Non-Class:  66.00 KB
       Class:  11.00 KB
        Both:  77.00 KB

MaxMetaspaceSize: 17179869184.00 GB
CompressedClassSpaceSize: 1.00 GB

CodeHeap 'non-profiled nmethods': size=120000Kb used=645Kb max_used=645Kb free=119354Kb
 bounds [0x0000011107ad0000, 0x0000011107d40000, 0x000001110f000000]
CodeHeap 'profiled nmethods': size=120000Kb used=3084Kb max_used=3084Kb free=116915Kb
 bounds [0x00000111005a0000, 0x00000111008b0000, 0x0000011107ad0000]
CodeHeap 'non-nmethods': size=5760Kb used=1643Kb max_used=1665Kb free=4116Kb
 bounds [0x0000011100000000, 0x0000011100270000, 0x00000111005a0000]
 total_blobs=3215 nmethods=1433 adapters=947
 compilation: enabled
              stopped_count=0, restarted_count=0
 full_count=0

Compilation events (20 events):
Event: 3.706 Thread 0x000001117f9d4000 1423       4       animation.Animate::updateTime (150 bytes)
Event: 3.707 Thread 0x000001117f9d4000 nmethod 1423 0x0000011107b6e590 code [0x0000011107b6e740, 0x0000011107b6e858]
Event: 3.710 Thread 0x000001117f9dd800 1424 % !   3       gameEngine.Start::main @ 3175 (4616 bytes)
Event: 3.715 Thread 0x0000011134d7e800 nmethod 1421 0x0000011107b6e910 code [0x0000011107b6eb20, 0x0000011107b6f0d8]
Event: 3.718 Thread 0x000001117f9d4000 1426       4       gameEngine.Timer::getTIme (9 bytes)
Event: 3.718 Thread 0x000001117f9d4000 nmethod 1426 0x0000011107b6f410 code [0x0000011107b6f5c0, 0x0000011107b6f618]
Event: 3.742 Thread 0x000001117f9dd800 nmethod 1424% 0x0000011100846310 code [0x00000111008494a0, 0x0000011100869960]
Event: 3.742 Thread 0x000001117f9dd800 1425       2       gameEngine.Start::fps (223 bytes)
Event: 3.742 Thread 0x000001117f9dd800 nmethod 1425 0x0000011100874390 code [0x00000111008745a0, 0x0000011100874a70]
Event: 3.742 Thread 0x000001117f9dd800 1427   !   3       gameEngine.Start::main (4616 bytes)
Event: 3.743 Thread 0x0000011134d7e800 1428       4       gameEngine.Start::fps (223 bytes)
Event: 3.746 Thread 0x000001117f9d4000 1429       4       org.lwjgl.system.MemoryUtil::checkAlignment (38 bytes)
Event: 3.747 Thread 0x000001117f9d4000 nmethod 1429 0x0000011107b6f710 code [0x0000011107b6f8a0, 0x0000011107b6f918]
Event: 3.748 Thread 0x000001117f9d4000 1430       4       org.lwjgl.system.MemoryUtil::memSet (38 bytes)
Event: 3.751 Thread 0x000001117f9d4000 nmethod 1430 0x0000011107b6fa10 code [0x0000011107b6fba0, 0x0000011107b6fd18]
Event: 3.751 Thread 0x000001117f9d4000 1431       4       org.lwjgl.system.MemoryAccess$MemoryAccessorUnsafe::memSetLoop (201 bytes)
Event: 3.752 Thread 0x000001117f9d4000 nmethod 1431 0x0000011107b6fe90 code [0x0000011107b70020, 0x0000011107b70198]
Event: 3.754 Thread 0x0000011134d7e800 nmethod 1428 0x0000011107b70310 code [0x0000011107b70560, 0x0000011107b70c70]
Event: 3.763 Thread 0x0000011134d7e800 1433       4       org.joml.Matrix4f::mul (139 bytes)
Event: 3.765 Thread 0x0000011134d7e800 nmethod 1433 0x0000011107b71110 code [0x0000011107b712c0, 0x0000011107b714b8]

GC Heap History (2 events):
Event: 1.770 GC heap before
{Heap before GC invocations=0 (full 0):
 garbage-first heap   total 260096K, used 24576K [0x00000004d6c00000, 0x00000005d4a00000)
  region size 1024K, 24 young (24576K), 0 survivors (0K)
 Metaspace       used 3228K, capacity 6448K, committed 6784K, reserved 1056768K
  class space    used 194K, capacity 520K, committed 640K, reserved 1048576K
}
Event: 1.774 GC heap after
{Heap after GC invocations=1 (full 0):
 garbage-first heap   total 260096K, used 2970K [0x00000004d6c00000, 0x00000005d4a00000)
  region size 1024K, 3 young (3072K), 3 survivors (3072K)
 Metaspace       used 3228K, capacity 6448K, committed 6784K, reserved 1056768K
  class space    used 194K, capacity 520K, committed 640K, reserved 1048576K
}

Deoptimization events (20 events):
Event: 3.342 Thread 0x0000011170d16000 DEOPT PACKING pc=0x0000011107b69788 sp=0x00000007b17ff330
Event: 3.342 Thread 0x0000011170d16000 DEOPT UNPACKING pc=0x000001110004912f sp=0x00000007b17ff2a0 mode 2
Event: 3.342 Thread 0x0000011170d16000 Uncommon trap: trap_request=0xffffff54 fr.pc=0x0000011107b14710 relative=0x0000000000000070
Event: 3.342 Thread 0x0000011170d16000 Uncommon trap: reason=speculate_null_assert action=make_not_entrant pc=0x0000011107b14710 method=sun.misc.Unsafe.putLong(Ljava/lang/Object;JJ)V @ 7 c2
Event: 3.342 Thread 0x0000011170d16000 DEOPT PACKING pc=0x0000011107b14710 sp=0x00000007b17ff260
Event: 3.342 Thread 0x0000011170d16000 DEOPT UNPACKING pc=0x000001110004912f sp=0x00000007b17ff1d8 mode 2
Event: 3.717 Thread 0x0000011170d16000 Uncommon trap: trap_request=0xffffff45 fr.pc=0x0000011107b6f00c relative=0x00000000000004ec
Event: 3.717 Thread 0x0000011170d16000 Uncommon trap: reason=unstable_if action=reinterpret pc=0x0000011107b6f00c method=animation.Animate.updateTime()V @ 62 c2
Event: 3.717 Thread 0x0000011170d16000 DEOPT PACKING pc=0x0000011107b6f00c sp=0x00000007b17ff630
Event: 3.717 Thread 0x0000011170d16000 DEOPT UNPACKING pc=0x000001110004912f sp=0x00000007b17ff540 mode 2
Event: 3.743 Thread 0x0000011170d16000 DEOPT PACKING pc=0x0000011100866621 sp=0x00000007b17fef30
Event: 3.743 Thread 0x0000011170d16000 DEOPT UNPACKING pc=0x000001110004964e sp=0x00000007b17feb58 mode 0
Event: 3.744 Thread 0x0000011170d16000 DEOPT PACKING pc=0x0000011100866621 sp=0x00000007b17fef30
Event: 3.744 Thread 0x0000011170d16000 DEOPT UNPACKING pc=0x000001110004964e sp=0x00000007b17feb58 mode 0
Event: 3.758 Thread 0x0000011170d16000 DEOPT PACKING pc=0x0000011100866621 sp=0x00000007b17fef30
Event: 3.758 Thread 0x0000011170d16000 DEOPT UNPACKING pc=0x000001110004964e sp=0x00000007b17feb58 mode 0
Event: 3.760 Thread 0x0000011170d16000 DEOPT PACKING pc=0x0000011100866621 sp=0x00000007b17fef30
Event: 3.760 Thread 0x0000011170d16000 DEOPT UNPACKING pc=0x000001110004964e sp=0x00000007b17feb58 mode 0
Event: 3.761 Thread 0x0000011170d16000 DEOPT PACKING pc=0x0000011100866621 sp=0x00000007b17fef30
Event: 3.761 Thread 0x0000011170d16000 DEOPT UNPACKING pc=0x000001110004964e sp=0x00000007b17feb58 mode 0

Classes unloaded (0 events):
No events

Classes redefined (0 events):
No events

Internal exceptions (5 events):
Event: 0.326 Thread 0x0000011170d16000 Exception <a 'java/lang/NoSuchMethodError'{0x00000004e61dcbe0}: 'void java.lang.invoke.DelegatingMethodHandle$Holder.delegate(java.lang.Object, java.lang.Object, int, java.lang.Object)'> (0x00000004e61dcbe0) 
thrown [t:/workspace/open/src/hotspot/share/interpreter/linkResolver.cpp, line 767]
Event: 0.327 Thread 0x0000011170d16000 Exception <a 'java/lang/NoSuchMethodError'{0x00000004e61e3938}: 'java.lang.Object java.lang.invoke.DirectMethodHandle$Holder.invokeStaticInit(java.lang.Object, java.lang.Object, java.lang.Object)'> (0x00000004e61e3938) 
thrown [t:/workspace/open/src/hotspot/share/interpreter/linkResolver.cpp, line 767]
Event: 0.469 Thread 0x0000011170d16000 Exception <a 'java/lang/NoSuchMethodError'{0x00000004e5aea830}: 'int java.lang.invoke.DirectMethodHandle$Holder.invokeSpecialIFC(java.lang.Object, java.lang.Object, int)'> (0x00000004e5aea830) 
thrown [t:/workspace/open/src/hotspot/share/interpreter/linkResolver.cpp, line 767]
Event: 1.745 Thread 0x0000011170d16000 Exception <a 'sun/nio/fs/WindowsException'{0x00000004e53b0dc8}> (0x00000004e53b0dc8) 
thrown [t:/workspace/open/src/hotspot/share/prims/jni.cpp, line 598]
Event: 1.745 Thread 0x0000011170d16000 Exception <a 'sun/nio/fs/WindowsException'{0x00000004e53b12a8}> (0x00000004e53b12a8) 
thrown [t:/workspace/open/src/hotspot/share/prims/jni.cpp, line 598]

Events (20 events):
Event: 3.007 Thread 0x0000011123641000 Thread exited: 0x0000011123641000
Event: 3.187 Loaded shared library C:\Program Files\Java\jdk-13.0.2\bin\java.dll
Event: 3.188 Loaded shared library C:\Program Files\Java\jdk-13.0.2\bin\java.dll
Event: 3.190 Loaded shared library C:\Program Files\Java\jdk-13.0.2\bin\java.dll
Event: 3.191 Loaded shared library C:\Program Files\Java\jdk-13.0.2\bin\java.dll
Event: 3.301 Loaded shared library C:\Users\jtkom\AppData\Local\Temp\lwjgljtkom\3.2.1-build-3\lwjgl_opengl.dll
Event: 3.309 Loaded shared library C:\Users\jtkom\AppData\Local\Temp\lwjgljtkom\3.2.1-build-3\lwjgl_opengl.dll
Event: 3.317 Loaded shared library C:\Users\jtkom\AppData\Local\Temp\lwjgljtkom\3.2.1-build-3\lwjgl_opengl.dll
Event: 3.327 Loaded shared library C:\Users\jtkom\AppData\Local\Temp\lwjgljtkom\3.2.1-build-3\lwjgl_opengl.dll
Event: 3.439 Loaded shared library C:\Users\jtkom\AppData\Local\Temp\lwjgljtkom\3.2.1-build-3\lwjgl_opengl.dll
Event: 3.447 Loaded shared library C:\Users\jtkom\AppData\Local\Temp\lwjgljtkom\3.2.1-build-3\lwjgl_opengl.dll
Event: 3.457 Loaded shared library C:\Users\jtkom\AppData\Local\Temp\lwjgljtkom\3.2.1-build-3\lwjgl_opengl.dll
Event: 3.467 Loaded shared library C:\Users\jtkom\AppData\Local\Temp\lwjgljtkom\3.2.1-build-3\lwjgl_opengl.dll
Event: 3.572 Loaded shared library C:\Users\jtkom\AppData\Local\Temp\lwjgljtkom\3.2.1-build-3\lwjgl.dll
Event: 3.575 Loaded shared library C:\Users\jtkom\AppData\Local\Temp\lwjgljtkom\3.2.1-build-3\lwjgl.dll
Event: 3.686 Loaded shared library C:\Users\jtkom\AppData\Local\Temp\lwjgljtkom\3.2.1-build-3\lwjgl.dll
Event: 3.688 Loaded shared library C:\Users\jtkom\AppData\Local\Temp\lwjgljtkom\3.2.1-build-3\lwjgl.dll
Event: 3.691 Loaded shared library C:\Users\jtkom\AppData\Local\Temp\lwjgljtkom\3.2.1-build-3\lwjgl.dll
Event: 3.693 Loaded shared library C:\Users\jtkom\AppData\Local\Temp\lwjgljtkom\3.2.1-build-3\lwjgl.dll
Event: 3.701 Thread 0x0000011134d7e800 Thread added: 0x0000011134d7e800


Dynamic libraries:
0x00007ff7d93e0000 - 0x00007ff7d93ef000 	C:\Program Files\Java\jdk-13.0.2\bin\javaw.exe
0x00007ffc0dca0000 - 0x00007ffc0de90000 	C:\WINDOWS\SYSTEM32\ntdll.dll
0x00007ffc0c850000 - 0x00007ffc0c902000 	C:\WINDOWS\System32\KERNEL32.DLL
0x00007ffc0ac90000 - 0x00007ffc0af33000 	C:\WINDOWS\System32\KERNELBASE.dll
0x00007ffc0b130000 - 0x00007ffc0b22a000 	C:\WINDOWS\System32\ucrtbase.dll
0x00007ffbf1550000 - 0x00007ffbf1568000 	C:\Program Files\Java\jdk-13.0.2\bin\jli.dll
0x00007ffbf1ba0000 - 0x00007ffbf1bb5000 	C:\Program Files\Java\jdk-13.0.2\bin\VCRUNTIME140.dll
0x00007ffc0bd50000 - 0x00007ffc0bdf3000 	C:\WINDOWS\System32\ADVAPI32.dll
0x00007ffc0c560000 - 0x00007ffc0c5fe000 	C:\WINDOWS\System32\msvcrt.dll
0x00007ffc0c600000 - 0x00007ffc0c697000 	C:\WINDOWS\System32\sechost.dll
0x00007ffc0cb90000 - 0x00007ffc0ccb0000 	C:\WINDOWS\System32\RPCRT4.dll
0x00007ffc0c240000 - 0x00007ffc0c3d4000 	C:\WINDOWS\System32\USER32.dll
0x00007ffc0afb0000 - 0x00007ffc0afd1000 	C:\WINDOWS\System32\win32u.dll
0x00007ffbfb8b0000 - 0x00007ffbfbb35000 	C:\WINDOWS\WinSxS\amd64_microsoft.windows.common-controls_6595b64144ccf1df_6.0.18362.778_none_e6c6b761130d4fb8\COMCTL32.dll
0x00007ffc0c160000 - 0x00007ffc0c186000 	C:\WINDOWS\System32\GDI32.dll
0x00007ffc0d3a0000 - 0x00007ffc0d6d6000 	C:\WINDOWS\System32\combase.dll
0x00007ffc0bb10000 - 0x00007ffc0bca4000 	C:\WINDOWS\System32\gdi32full.dll
0x00007ffc0b9e0000 - 0x00007ffc0ba60000 	C:\WINDOWS\System32\bcryptPrimitives.dll
0x00007ffc0bcb0000 - 0x00007ffc0bd4e000 	C:\WINDOWS\System32\msvcp_win.dll
0x00007ffc03490000 - 0x00007ffc0349a000 	C:\WINDOWS\SYSTEM32\VERSION.dll
0x00007ffc0c910000 - 0x00007ffc0c93e000 	C:\WINDOWS\System32\IMM32.DLL
0x00007ffbc7650000 - 0x00007ffbc76eb000 	C:\Program Files\Java\jdk-13.0.2\bin\msvcp140.dll
0x00007ffbae590000 - 0x00007ffbaf0ed000 	C:\Program Files\Java\jdk-13.0.2\bin\server\jvm.dll
0x00007ffc0c770000 - 0x00007ffc0c778000 	C:\WINDOWS\System32\PSAPI.DLL
0x00007ffc087b0000 - 0x00007ffc087d4000 	C:\WINDOWS\SYSTEM32\WINMM.dll
0x00007ffbfdce0000 - 0x00007ffbfdce9000 	C:\WINDOWS\SYSTEM32\WSOCK32.dll
0x0000011170470000 - 0x00000111704df000 	C:\WINDOWS\System32\ws2_32.DLL
0x00007ffc08330000 - 0x00007ffc0835d000 	C:\WINDOWS\SYSTEM32\WINMMBASE.dll
0x00007ffc0af40000 - 0x00007ffc0af8a000 	C:\WINDOWS\System32\cfgmgr32.dll
0x00007ffc0abc0000 - 0x00007ffc0abd1000 	C:\WINDOWS\System32\kernel.appcore.dll
0x00007ffbf8d80000 - 0x00007ffbf8d90000 	C:\Program Files\Java\jdk-13.0.2\bin\verify.dll
0x00007ffc09530000 - 0x00007ffc09724000 	C:\WINDOWS\SYSTEM32\DBGHELP.DLL
0x00007ffbf6bf0000 - 0x00007ffbf6c1a000 	C:\WINDOWS\SYSTEM32\dbgcore.DLL
0x00007ffbebc60000 - 0x00007ffbebc86000 	C:\Program Files\Java\jdk-13.0.2\bin\java.dll
0x00007ffbf1b10000 - 0x00007ffbf1b27000 	C:\Program Files\Java\jdk-13.0.2\bin\zip.dll
0x00007ffbf7c20000 - 0x00007ffbf7c2a000 	C:\Program Files\Java\jdk-13.0.2\bin\jimage.dll
0x00007ffc0ccb0000 - 0x00007ffc0d395000 	C:\WINDOWS\System32\SHELL32.dll
0x00007ffc0c190000 - 0x00007ffc0c239000 	C:\WINDOWS\System32\shcore.dll
0x00007ffc0b260000 - 0x00007ffc0b9e0000 	C:\WINDOWS\System32\windows.storage.dll
0x00007ffc0ab90000 - 0x00007ffc0abb3000 	C:\WINDOWS\System32\profapi.dll
0x00007ffc0abe0000 - 0x00007ffc0ac2a000 	C:\WINDOWS\System32\powrprof.dll
0x00007ffc0ab60000 - 0x00007ffc0ab70000 	C:\WINDOWS\System32\UMPDC.dll
0x00007ffc0c940000 - 0x00007ffc0c992000 	C:\WINDOWS\System32\shlwapi.dll
0x00007ffc0af90000 - 0x00007ffc0afa7000 	C:\WINDOWS\System32\cryptsp.dll
0x00007ffbf1500000 - 0x00007ffbf1519000 	C:\Program Files\Java\jdk-13.0.2\bin\net.dll
0x00007ffbfc100000 - 0x00007ffbfc1f0000 	C:\WINDOWS\SYSTEM32\WINHTTP.dll
0x00007ffc0a3d0000 - 0x00007ffc0a437000 	C:\WINDOWS\system32\mswsock.dll
0x00007ffbee250000 - 0x00007ffbee263000 	C:\Program Files\Java\jdk-13.0.2\bin\nio.dll
0x00007ffbf1040000 - 0x00007ffbf10a0000 	C:\Users\jtkom\AppData\Local\Temp\lwjgljtkom\3.2.1-build-3\lwjgl.dll
0x00007ffbb3e70000 - 0x00007ffbb3f84000 	C:\Users\jtkom\AppData\Local\Temp\lwjgljtkom\3.2.1-build-3\OpenAL.dll
0x00007ffc0c400000 - 0x00007ffc0c557000 	C:\WINDOWS\System32\ole32.dll
0x00007ffc0cae0000 - 0x00007ffc0cb82000 	C:\WINDOWS\System32\clbcatq.dll
0x00007ffc039e0000 - 0x00007ffc03a52000 	C:\WINDOWS\System32\MMDevApi.dll
0x00007ffc0a960000 - 0x00007ffc0a98a000 	C:\WINDOWS\System32\DEVOBJ.dll
0x00007ffc03dc0000 - 0x00007ffc03f1d000 	C:\WINDOWS\SYSTEM32\AUDIOSES.DLL
0x00007ffc0c6a0000 - 0x00007ffc0c764000 	C:\WINDOWS\System32\OLEAUT32.dll
0x00007ffc06470000 - 0x00007ffc065c3000 	C:\WINDOWS\SYSTEM32\wintypes.dll
0x00007ffc08f90000 - 0x00007ffc08fa4000 	C:\WINDOWS\SYSTEM32\resourcepolicyclient.dll
0x00007ffbe3dd0000 - 0x00007ffbe3e2e000 	C:\Users\jtkom\AppData\Local\Temp\lwjgljtkom\3.2.1-build-3\glfw.dll
0x00007ffc08b80000 - 0x00007ffc08c19000 	C:\WINDOWS\system32\uxtheme.dll
0x00007ffbde7d0000 - 0x00007ffbde813000 	C:\WINDOWS\SYSTEM32\dinput8.dll
0x00007ffbf1530000 - 0x00007ffbf1541000 	C:\WINDOWS\SYSTEM32\xinput1_4.dll
0x00007ffc08c50000 - 0x00007ffc08c7d000 	C:\WINDOWS\SYSTEM32\dwmapi.dll
0x00007ffbe5e90000 - 0x00007ffbe5faa000 	C:\WINDOWS\SYSTEM32\inputhost.dll
0x00007ffc086d0000 - 0x00007ffc087a4000 	C:\WINDOWS\SYSTEM32\CoreMessaging.dll
0x00007ffc05cc0000 - 0x00007ffc05fea000 	C:\WINDOWS\SYSTEM32\CoreUIComponents.dll
0x00007ffc071c0000 - 0x00007ffc072af000 	C:\WINDOWS\SYSTEM32\PROPSYS.dll
0x00007ffc09ba0000 - 0x00007ffc09bd1000 	C:\WINDOWS\SYSTEM32\ntmarta.dll
0x00007ffc0c9a0000 - 0x00007ffc0cad6000 	C:\WINDOWS\System32\MSCTF.dll
0x00007ffba0740000 - 0x00007ffba084d000 	C:\Program Files (x86)\Razer\Razer Cortex\x64\k_fps64.dll
0x00007ffba0be0000 - 0x00007ffba0c37000 	C:\Program Files (x86)\Razer\Razer Cortex\x64\EasyHook64.dll
0x00007ffba0b60000 - 0x00007ffba0bdf000 	C:\Program Files (x86)\Razer\Razer Cortex\x64\d3dx10_43.dll
0x00007ffba04d0000 - 0x00007ffba073f000 	C:\Program Files (x86)\Razer\Razer Cortex\x64\D3DCOMPILER_43.dll
0x00007ffbe0b20000 - 0x00007ffbe0c76000 	C:\WINDOWS\SYSTEM32\OPENGL32.dll
0x00007ffba0260000 - 0x00007ffba04c3000 	C:\Program Files (x86)\Razer\Razer Cortex\x64\d3dx9_43.dll
0x00007ffbe2490000 - 0x00007ffbe24bc000 	C:\WINDOWS\SYSTEM32\GLU32.dll
0x00007ffc097b0000 - 0x00007ffc097d0000 	C:\WINDOWS\SYSTEM32\dxcore.dll
0x00007ffc09750000 - 0x00007ffc0975e000 	C:\WINDOWS\SYSTEM32\HID.DLL
0x00007ffc0d700000 - 0x00007ffc0db70000 	C:\WINDOWS\System32\SETUPAPI.DLL
0x00007ffc0b230000 - 0x00007ffc0b256000 	C:\WINDOWS\System32\bcrypt.dll
0x00007ffc0ac30000 - 0x00007ffc0ac8c000 	C:\WINDOWS\System32\WINTRUST.dll
0x00007ffc0ab70000 - 0x00007ffc0ab82000 	C:\WINDOWS\System32\MSASN1.dll
0x00007ffc0afe0000 - 0x00007ffc0b129000 	C:\WINDOWS\System32\CRYPT32.dll
0x00007ffb77a50000 - 0x00007ffb7a128000 	C:\WINDOWS\System32\DriverStore\FileRepository\nvlti.inf_amd64_eff2296cb1446d0e\nvoglv64.dll
0x00007ffc07310000 - 0x00007ffc07323000 	C:\WINDOWS\SYSTEM32\WTSAPI32.dll
0x00007ffbce440000 - 0x00007ffbce704000 	C:\WINDOWS\system32\nvspcap64.dll
0x00007ffc09c40000 - 0x00007ffc09c9c000 	C:\WINDOWS\SYSTEM32\WINSTA.dll
0x00007ffc09840000 - 0x00007ffc0992b000 	C:\WINDOWS\SYSTEM32\dxgi.dll
0x00007ffc07a90000 - 0x00007ffc07ceb000 	C:\WINDOWS\SYSTEM32\d3d11.dll
0x00007ffbdb660000 - 0x00007ffbdb74f000 	C:\WINDOWS\System32\DriverStore\FileRepository\nvlti.inf_amd64_eff2296cb1446d0e\nvldumdx.dll
0x00007ffc03460000 - 0x00007ffc0348f000 	C:\WINDOWS\SYSTEM32\cryptnet.dll
0x00007ffc0a5a0000 - 0x00007ffc0a5ac000 	C:\WINDOWS\SYSTEM32\cryptbase.dll
0x00007ffc0c3e0000 - 0x00007ffc0c3fd000 	C:\WINDOWS\System32\imagehlp.dll
0x00007ffc09f40000 - 0x00007ffc09f73000 	C:\WINDOWS\system32\rsaenh.dll
0x00007ffbb5eb0000 - 0x00007ffbb854e000 	C:\WINDOWS\System32\DriverStore\FileRepository\nvlti.inf_amd64_eff2296cb1446d0e\nvwgf2umx.dll
0x00007ffbfc660000 - 0x00007ffbfcb4e000 	C:\WINDOWS\SYSTEM32\nvapi64.dll
0x00007ffbe6df0000 - 0x00007ffbe6e8e000 	C:\WINDOWS\System32\TextInputFramework.dll
0x00007ffbf4280000 - 0x00007ffbf4526000 	C:\WINDOWS\System32\iertutil.dll
0x00007ffbce3e0000 - 0x00007ffbce43a000 	C:\Users\jtkom\AppData\Local\Temp\lwjgljtkom\3.2.1-build-3\lwjgl_opengl.dll
0x00007ffbfdcd0000 - 0x00007ffbfdcd3000 	C:\Users\jtkom\AppData\Local\Temp\jomljtkom\a2476102\joml.dll
0x00007ffc003f0000 - 0x00007ffc01240000 	C:\WINDOWS\System32\DriverStore\FileRepository\igdlh64.inf_amd64_ba34b5e302b5992f\igd10iumd64.dll
0x00007ffc0a6a0000 - 0x00007ffc0a6c6000 	C:\WINDOWS\SYSTEM32\ncrypt.dll
0x00007ffc0a660000 - 0x00007ffc0a69b000 	C:\WINDOWS\SYSTEM32\NTASN1.dll
0x00007ffc001a0000 - 0x00007ffc002bd000 	C:\WINDOWS\System32\DriverStore\FileRepository\igdlh64.inf_amd64_ba34b5e302b5992f\igdgmm64.dll
0x00007ffbfdef0000 - 0x00007ffc00195000 	C:\WINDOWS\System32\DriverStore\FileRepository\igdlh64.inf_amd64_ba34b5e302b5992f\igc64.dll

dbghelp: loaded successfully - version: 4.0.5 - missing functions: none
symbol engine: initialized successfully - sym options: 0x614 - pdb path: .;C:\Program Files\Java\jdk-13.0.2\bin;C:\WINDOWS\SYSTEM32;C:\WINDOWS\WinSxS\amd64_microsoft.windows.common-controls_6595b64144ccf1df_6.0.18362.778_none_e6c6b761130d4fb8;C:\Program Files\Java\jdk-13.0.2\bin\server;C:\Users\jtkom\AppData\Local\Temp\lwjgljtkom\3.2.1-build-3;C:\Program Files (x86)\Razer\Razer Cortex\x64;C:\WINDOWS\System32\DriverStore\FileRepository\nvlti.inf_amd64_eff2296cb1446d0e;C:\Users\jtkom\AppData\Local\Temp\jomljtkom\a2476102;C:\WINDOWS\System32\DriverStore\FileRepository\igdlh64.inf_amd64_ba34b5e302b5992f

VM Arguments:
jvm_args: -Dfile.encoding=Cp1252 
java_command: gameEngine.Start
java_class_path (initial): D:\game3\Game\src;D:\game3\Game\libwin\joml-1.9.9-sources.jar;D:\game3\Game\libwin\joml-1.9.9.jar;D:\game3\Game\libwin\lwjgl-assimp-javadoc.jar;D:\game3\Game\libwin\lwjgl-assimp-natives-windows.jar;D:\game3\Game\libwin\lwjgl-assimp-sources.jar;D:\game3\Game\libwin\lwjgl-assimp.jar;D:\game3\Game\libwin\lwjgl-bgfx-javadoc.jar;D:\game3\Game\libwin\lwjgl-bgfx-natives-windows.jar;D:\game3\Game\libwin\lwjgl-bgfx-sources.jar;D:\game3\Game\libwin\lwjgl-bgfx.jar;D:\game3\Game\libwin\lwjgl-egl-javadoc.jar;D:\game3\Game\libwin\lwjgl-egl-sources.jar;D:\game3\Game\libwin\lwjgl-egl.jar;D:\game3\Game\libwin\lwjgl-glfw-javadoc.jar;D:\game3\Game\libwin\lwjgl-glfw-natives-windows.jar;D:\game3\Game\libwin\lwjgl-glfw-sources.jar;D:\game3\Game\libwin\lwjgl-glfw.jar;D:\game3\Game\libwin\lwjgl-javadoc.jar;D:\game3\Game\libwin\lwjgl-jawt-javadoc.jar;D:\game3\Game\libwin\lwjgl-jawt-sources.jar;D:\game3\Game\libwin\lwjgl-jawt.jar;D:\game3\Game\libwin\lwjgl-jemalloc-javadoc.jar;D:\game3\Game\libwin\lwjgl-jemalloc-natives-windows.jar;D:\game3\Game\libwin\lwjgl-jemalloc-sources.jar;D:\game3\Game\libwin\lwjgl-jemalloc.jar;D:\game3\Game\libwin\lwjgl-lmdb-javadoc.jar;D:\game3\Game\libwin\lwjgl-lmdb-natives-windows.jar;D:\game3\Game\libwin\lwjgl-lmdb-sources.jar;D:\game3\Game\libwin\lwjgl-lmdb.jar;D:\game3\Game\libwin\lwjgl-lz4-javadoc.jar;D:\game3\Game\libwin\lwjgl-lz4-natives-windows.jar;D:\game3\Game\libwin\lwjgl-lz4-sources.jar;D:\game3\Game\libwin\lwjgl-lz4.jar;D:\game3\Game\libwin\lwjgl-nanovg-javadoc.jar;D:\game3\Game\libwin\lwjgl-nanovg-natives-windows.jar;D:\game3\Game\libwin\lwjgl-nanovg-sources.jar;D:\game3\Game\libwin\lwjgl-nanovg.jar;D:\game3\Game\libwin\lwjgl-natives-windows.jar;D:\game3\Game\libwin\lwjgl-nfd-javadoc.jar;D:\game3\Game\libwin\lwjgl-nfd-natives-windows.jar;D:\game3\Game\libwin\lwjgl-nfd-sources.jar;D:\game3\Game\libwin\lwjgl-nfd.jar;D:\game3\Game\libwin\lwjgl-nuklear-javadoc.jar;D:\game3\Game\libwin\lwjgl-nuklear-natives-windows.jar;D:\game3
Launcher Type: SUN_STANDARD

[Global flags]
     intx CICompilerCount                          = 4                                         {product} {ergonomic}
     uint ConcGCThreads                            = 2                                         {product} {ergonomic}
     uint G1ConcRefinementThreads                  = 8                                         {product} {ergonomic}
   size_t G1HeapRegionSize                         = 1048576                                   {product} {ergonomic}
    uintx GCDrainStackTargetSize                   = 64                                        {product} {ergonomic}
   size_t InitialHeapSize                          = 266338304                                 {product} {ergonomic}
   size_t MarkStackSize                            = 4194304                                   {product} {ergonomic}
   size_t MaxHeapSize                              = 4259315712                                {product} {ergonomic}
   size_t MaxNewSize                               = 2555379712                                {product} {ergonomic}
   size_t MinHeapDeltaBytes                        = 1048576                                   {product} {ergonomic}
   size_t MinHeapSize                              = 8388608                                   {product} {ergonomic}
    uintx NonNMethodCodeHeapSize                   = 5839372                                {pd product} {ergonomic}
    uintx NonProfiledCodeHeapSize                  = 122909434                              {pd product} {ergonomic}
    uintx ProfiledCodeHeapSize                     = 122909434                              {pd product} {ergonomic}
    uintx ReservedCodeCacheSize                    = 251658240                              {pd product} {ergonomic}
     bool SegmentedCodeCache                       = true                                      {product} {ergonomic}
   size_t SoftMaxHeapSize                          = 4259315712                             {manageable} {ergonomic}
     bool UseCompressedClassPointers               = true                                 {lp64_product} {ergonomic}
     bool UseCompressedOops                        = true                                 {lp64_product} {ergonomic}
     bool UseG1GC                                  = true                                      {product} {ergonomic}
     bool UseLargePagesIndividualAllocation        = false                                  {pd product} {ergonomic}

Logging:
Log output configuration:
 #0: stdout all=warning uptime,level,tags
 #1: stderr all=off uptime,level,tags

Environment Variables:
PATH=C:/Program Files/Java/jdk-13.0.2/bin/server;C:/Program Files/Java/jdk-13.0.2/bin;C:\MY_CPU_ASSEMBLER\MY_CPU_ASSEMBLER\bin\Release;C:\Program Files\Intel\Intel(R) Management Engine Components\iCLS\;C:\Windows\system32;C:\Windows;C:\Windows\System32\Wbem;C:\Windows\System32\WindowsPowerShell\v1.0\;C:\Windows\System32\OpenSSH\;C:\Program Files (x86)\Intel\Intel(R) Management Engine Components\DAL;C:\Program Files\Intel\Intel(R) Management Engine Components\DAL;C:\Program Files (x86)\Intel\Intel(R) Management Engine Components\IPT;C:\Program Files\Intel\Intel(R) Management Engine Components\IPT;C:\WINDOWS\system32;C:\WINDOWS;C:\WINDOWS\System32\Wbem;C:\WINDOWS\System32\WindowsPowerShell\v1.0\;C:\WINDOWS\System32\OpenSSH\;C:\Program Files\NVIDIA Corporation\NVIDIA NvDLISR;C:\Program Files (x86)\NVIDIA Corporation\PhysX\Common;C:\Program Files\Java\jdk-13.0.2\bin\;C:\MinGW\bin;C:\Program Files (x86)\Vim\vim82;C:\Users\jtkom\AppData\Local\Microsoft\WindowsApps;C:\Users\jtkom\AppData\Local\GitHubDesktop\bin;C:\CodeRepository\eclipse;
USERNAME=jtkom
OS=Windows_NT
PROCESSOR_IDENTIFIER=Intel64 Family 6 Model 158 Stepping 9, GenuineIntel



---------------  S Y S T E M  ---------------

OS: Windows 10 , 64 bit Build 18362 (10.0.18362.778)

CPU:total 8 (initial active 8) (4 cores per cpu, 2 threads per core) family 6 model 158 stepping 9, cmov, cx8, fxsr, mmx, sse, sse2, sse3, ssse3, sse4.1, sse4.2, popcnt, avx, avx2, aes, clmul, erms, 3dnowpref, lzcnt, ht, tsc, tscinvbit, bmi1, bmi2, adx, fma

Memory: 4k page, system-wide physical 16244M (1597M free)
TotalPageFile size 65396M (AvailPageFile size 4M)
current process WorkingSet (physical memory assigned to process): 258M, peak: 258M
current process commit charge ("private bytes"): 743M, peak: 743M

vm_info: Java HotSpot(TM) 64-Bit Server VM (13.0.2+8) for windows-amd64 JRE (13.0.2+8), built on Dec 11 2019 09:20:33 by "mach5one" with unknown MS VC++:1916

END.
