#
# A fatal error has been detected by the Java Runtime Environment:
#
#  EXCEPTION_ACCESS_VIOLATION (0xc0000005) at pc=0x000000005a72e9c3, pid=2472, tid=9896
#
# JRE version: OpenJDK Runtime Environment (13.0.1+9) (build 13.0.1+9)
# Java VM: OpenJDK 64-Bit Server VM (13.0.1+9, mixed mode, sharing, tiered, compressed oops, g1 gc, windows-amd64)
# Problematic frame:
# C  [nvoglv64.dll+0xc1e9c3]
#
# No core dump will be written. Minidumps are not enabled by default on client versions of Windows
#
# If you would like to submit a bug report, please visit:
#   https://github.com/AdoptOpenJDK/openjdk-build/issues
#

---------------  S U M M A R Y ------------

Command Line: gameEngine.Start]

Java frames: (J=compiled Java code, j=interpreted, Vv=VM code)
J 1173  org.lwjgl.opengl.GL11C.nglDrawElements(IIIJ)V (0 bytes) @ 0x000002055c83399e [0x000002055c833940+0x000000000000005e]
J 1416 c2 gameEngine.Render.draw(LgameEngine/ModelFramwork;Lorg/joml/Vector2f;FFLgameEngine/Texture;)V (103 bytes) @ 0x000002055c8522d0 [0x000002055c851a40+0x0000000000000890]
J 1506 c2 textrendering.TextBuilder.drawString(FFFF)V (27 bytes) @ 0x000002055c87a698 [0x000002055c87a5a0+0x00000000000000f8]
J 1504 c2 battleClasses.Bars.draw(Lorg/joml/Vector2f;LgameEngine/Texture;Ltextrendering/TextBuilder;)V (224 bytes) @ 0x000002055c872398 [0x000002055c86fea0+0x00000000000024f8]
J 1526 c2 gameEngine.Start.battleupdate()V (1043 bytes) @ 0x000002055c88e150 [0x000002055c88c740+0x0000000000001a10]
j  gameEngine.Start.main([Ljava/lang/String;)V+3288
v  ~StubRoutines::call_stub

siginfo: EXCEPTION_ACCESS_VIOLATION (0xc0000005), reading address 0x0000000000000000


Register to memory mapping:

RIP=0x000000005a72e9c3 nvoglv64.dll
RAX=0x0 is NULL
RBX=0x0000020577d1cc28 points into unknown readable memory: 00 00 00 00 00 00 00 00
RCX=0x0000020577083bb0 points into unknown readable memory: 00 00 00 00 00 00 00 00
RDX=0x0 is NULL
RSP=0x000000fbd86fea68 is pointing into the stack for thread: 0x000002054c528800
RBP=0x0000020571f734c0 points into unknown readable memory: 09 00 00 00 04 14 00 00
RSI=0x00000205745f00e8 points into unknown readable memory: 94 0b a4 17 00 76 00 00
RDI=0x0 is NULL
R8 =0x0000000000000008 is an unknown value
R9 =0x000000000000002c is an unknown value
R10=0x0000000000000008 is an unknown value
R11=0x0 is NULL
R12=0x0000000000000001 is an unknown value
R13=0x00000000163f3e70 is an unknown value
R14=0x000000fbd86feb10 is pointing into the stack for thread: 0x000002054c528800
R15=0x00000205745f00e8 points into unknown readable memory: 94 0b a4 17 00 76 00 00


Registers:
RAX=0x0000000000000000, RBX=0x0000020577d1cc28, RCX=0x0000020577083bb0, RDX=0x0000000000000000
RSP=0x000000fbd86fea68, RBP=0x0000020571f734c0, RSI=0x00000205745f00e8, RDI=0x0000000000000000
R8 =0x0000000000000008, R9 =0x000000000000002c, R10=0x0000000000000008, R11=0x0000000000000000
R12=0x0000000000000001, R13=0x00000000163f3e70, R14=0x000000fbd86feb10, R15=0x00000205745f00e8
RIP=0x000000005a72e9c3, EFLAGS=0x0000000000010246

Top of Stack: (sp=0x000000fbd86fea68)
0x000000fbd86fea68:   000000005a7f1af2 0000020571f734c0
0x000000fbd86fea78:   0000020571f734c0 0000000000000000
0x000000fbd86fea88:   0000000000000000 00000205745f00e8
0x000000fbd86fea98:   0000020577d1c928 0000000000000000
0x000000fbd86feaa8:   000000005a7f2124 0000020577d1cc28
0x000000fbd86feab8:   000000005a72e9c0 0000000000000001
0x000000fbd86feac8:   00000000000002c0 0000020577d1cc28
0x000000fbd86fead8:   000000005a72e9c0 0000000000000000
0x000000fbd86feae8:   000000fbd86feb10 00000000163f3e70
0x000000fbd86feaf8:   000002057e7aafc0 0000000000000003
0x000000fbd86feb08:   0000020500000000 0000020577083bb0
0x000000fbd86feb18:   10c0000000000000 0000020571f734c0
0x000000fbd86feb28:   0000020577d1cc58 0000000000000003
0x000000fbd86feb38:   0000000000000000 0000020571f734c0
0x000000fbd86feb48:   0000000000000000 0000000000000004
0x000000fbd86feb58:   0000020577cc0000 0000000000001405 

Instructions: (pc=0x000000005a72e9c3)
0x000000005a72e8c3:   11 01 48 83 c1 04 41 83 e9 01 75 e1 48 8b c1 c3
0x000000005a72e8d3:   cc cc cc cc cc cc cc cc cc cc cc cc cc f3 0f 10
0x000000005a72e8e3:   15 00 39 f9 00 4d 63 d0 0f 1f 44 00 00 0f b7 02
0x000000005a72e8f3:   66 0f 6e c0 0f 5b c0 f3 0f 59 c2 f3 0f 11 01 0f
0x000000005a72e903:   b7 42 02 49 03 d2 66 0f 6e c8 0f 5b c9 f3 0f 59
0x000000005a72e913:   ca f3 0f 11 49 04 48 83 c1 08 41 83 e9 01 75 cd
0x000000005a72e923:   48 8b c1 c3 cc cc cc cc cc cc cc cc cc 4d 63 d0
0x000000005a72e933:   0f 1f 40 00 66 0f 1f 84 00 00 00 00 00 8b 02 49
0x000000005a72e943:   03 d2 89 01 48 83 c1 04 41 83 e9 01 75 ef 48 8b
0x000000005a72e953:   c1 c3 cc cc cc cc cc cc cc cc cc cc cc f3 0f 10
0x000000005a72e963:   15 80 38 f9 00 48 83 c2 04 4d 63 d0 90 0f b7 42
0x000000005a72e973:   fc 66 0f 6e c0 0f 5b c0 f3 0f 59 c2 f3 0f 11 01
0x000000005a72e983:   0f b7 42 fe 66 0f 6e c8 0f 5b c9 f3 0f 59 ca f3
0x000000005a72e993:   0f 11 49 04 0f b7 02 49 03 d2 66 0f 6e c0 0f 5b
0x000000005a72e9a3:   c0 f3 0f 59 c2 f3 0f 11 41 08 48 83 c1 0c 41 83
0x000000005a72e9b3:   e9 01 75 b9 48 8b c1 c3 cc cc cc cc cc 4d 63 d0
0x000000005a72e9c3:   8b 02 89 01 8b 42 04 49 03 d2 89 41 04 48 83 c1
0x000000005a72e9d3:   08 41 83 e9 01 75 e9 48 8b c1 c3 cc cc f3 0f 10
0x000000005a72e9e3:   15 00 38 f9 00 48 83 c2 04 4d 63 d0 90 0f b7 42
0x000000005a72e9f3:   fc 66 0f 6e c0 0f 5b c0 f3 0f 59 c2 f3 0f 11 01
0x000000005a72ea03:   0f b7 42 fe 66 0f 6e c8 0f 5b c9 f3 0f 59 ca f3
0x000000005a72ea13:   0f 11 49 04 0f b7 02 66 0f 6e c0 0f 5b c0 f3 0f
0x000000005a72ea23:   59 c2 f3 0f 11 41 08 0f b7 42 02 49 03 d2 66 0f
0x000000005a72ea33:   6e c8 0f 5b c9 f3 0f 59 ca f3 0f 11 49 0c 48 83
0x000000005a72ea43:   c1 10 41 83 e9 01 75 a5 48 8b c1 c3 cc 4d 63 d0
0x000000005a72ea53:   48 83 c2 08 66 0f 1f 84 00 00 00 00 00 8b 42 f8
0x000000005a72ea63:   89 01 8b 42 fc 89 41 04 8b 02 89 41 08 8b 42 04
0x000000005a72ea73:   49 03 d2 89 41 0c 48 83 c1 10 41 83 e9 01 75 dd
0x000000005a72ea83:   48 8b c1 c3 cc cc cc cc cc cc cc cc cc f3 0f 10
0x000000005a72ea93:   15 d4 39 f9 00 49 63 c0 0f 1f 44 00 00 66 0f 6e
0x000000005a72eaa3:   02 48 03 d0 0f 5b c0 0f 28 c8 f3 0f 59 c2 f3 0f
0x000000005a72eab3:   59 ca f3 0f 58 c8 f3 0f 58 ca f3 0f 11 09 48 83 


Stack slot to memory mapping:
stack at sp + 0 slots: 0x000000005a7f1af2 nvoglv64.dll
stack at sp + 1 slots: 0x0000020571f734c0 points into unknown readable memory: 09 00 00 00 04 14 00 00
stack at sp + 2 slots: 0x0000020571f734c0 points into unknown readable memory: 09 00 00 00 04 14 00 00
stack at sp + 3 slots: 0x0 is NULL
stack at sp + 4 slots: 0x0 is NULL
stack at sp + 5 slots: 0x00000205745f00e8 points into unknown readable memory: 94 0b a4 17 00 76 00 00
stack at sp + 6 slots: 0x0000020577d1c928 points into unknown readable memory: 00 00 00 00 00 00 00 00
stack at sp + 7 slots: 0x0 is NULL


---------------  P R O C E S S  ---------------

Threads class SMR info:
_java_thread_list=0x000002057e220880, length=10, elements={
0x000002054c528800, 0x0000020570390800, 0x0000020570393000, 0x0000020570c32800,
0x0000020570c36000, 0x0000020570c37000, 0x0000020570c38000, 0x0000020570c3d800,
0x0000020570d7d000, 0x0000020570de2000
}

Java Threads: ( => current thread )
=>0x000002054c528800 JavaThread "main" [_thread_in_native, id=9896, stack(0x000000fbd8600000,0x000000fbd8700000)]
  0x0000020570390800 JavaThread "Reference Handler" daemon [_thread_blocked, id=3608, stack(0x000000fbd8d00000,0x000000fbd8e00000)]
  0x0000020570393000 JavaThread "Finalizer" daemon [_thread_blocked, id=8696, stack(0x000000fbd8e00000,0x000000fbd8f00000)]
  0x0000020570c32800 JavaThread "Signal Dispatcher" daemon [_thread_blocked, id=6584, stack(0x000000fbd8f00000,0x000000fbd9000000)]
  0x0000020570c36000 JavaThread "Attach Listener" daemon [_thread_blocked, id=224, stack(0x000000fbd9000000,0x000000fbd9100000)]
  0x0000020570c37000 JavaThread "C2 CompilerThread0" daemon [_thread_blocked, id=2256, stack(0x000000fbd9100000,0x000000fbd9200000)]
  0x0000020570c38000 JavaThread "C1 CompilerThread0" daemon [_thread_blocked, id=3688, stack(0x000000fbd9200000,0x000000fbd9300000)]
  0x0000020570c3d800 JavaThread "Sweeper thread" daemon [_thread_blocked, id=9068, stack(0x000000fbd9300000,0x000000fbd9400000)]
  0x0000020570d7d000 JavaThread "Service Thread" daemon [_thread_blocked, id=19872, stack(0x000000fbd9400000,0x000000fbd9500000)]
  0x0000020570de2000 JavaThread "Common-Cleaner" daemon [_thread_blocked, id=4936, stack(0x000000fbd9600000,0x000000fbd9700000)]

Other Threads:
  0x000002057038d800 VMThread "VM Thread" [stack: 0x000000fbd8c00000,0x000000fbd8d00000] [id=11660]
  0x0000020570d7e800 WatcherThread [stack: 0x000000fbd9500000,0x000000fbd9600000] [id=19744]
  0x000002054c594800 GCTaskThread "GC Thread#0" [stack: 0x000000fbd8700000,0x000000fbd8800000] [id=7808]
  0x0000020570f21000 GCTaskThread "GC Thread#1" [stack: 0x000000fbd9700000,0x000000fbd9800000] [id=13032]
  0x0000020570f20800 GCTaskThread "GC Thread#2" [stack: 0x000000fbda100000,0x000000fbda200000] [id=13372]
  0x0000020570f1d000 GCTaskThread "GC Thread#3" [stack: 0x000000fbda200000,0x000000fbda300000] [id=13564]
  0x0000020570f20000 GCTaskThread "GC Thread#4" [stack: 0x000000fbda300000,0x000000fbda400000] [id=13280]
  0x0000020570f22000 GCTaskThread "GC Thread#5" [stack: 0x000000fbda400000,0x000000fbda500000] [id=15468]
  0x000002057e289800 GCTaskThread "GC Thread#6" [stack: 0x000000fbd8300000,0x000000fbd8400000] [id=10388]
  0x000002054c5b6800 ConcurrentGCThread "G1 Main Marker" [stack: 0x000000fbd8800000,0x000000fbd8900000] [id=13960]
  0x000002054c5b8800 ConcurrentGCThread "G1 Conc#0" [stack: 0x000000fbd8900000,0x000000fbd8a00000] [id=9608]
  0x000002057e28f000 ConcurrentGCThread "G1 Conc#1" [stack: 0x000000fbd9f00000,0x000000fbda000000] [id=20436]
  0x0000020570288000 ConcurrentGCThread "G1 Refine#0" [stack: 0x000000fbd8a00000,0x000000fbd8b00000] [id=10168]
  0x000002057e74e800 ConcurrentGCThread "G1 Refine#1" [stack: 0x000000fbda500000,0x000000fbda600000] [id=19892]
  0x00000205719e0800 ConcurrentGCThread "G1 Refine#2" [stack: 0x000000fbda600000,0x000000fbda700000] [id=14668]
  0x0000020500eaf800 ConcurrentGCThread "G1 Refine#3" [stack: 0x000000fbda700000,0x000000fbda800000] [id=12616]
  0x0000020500eb0000 ConcurrentGCThread "G1 Refine#4" [stack: 0x000000fbda800000,0x000000fbda900000] [id=20364]
  0x00000205ec1c2800 ConcurrentGCThread "G1 Refine#5" [stack: 0x000000fbda900000,0x000000fbdaa00000] [id=9368]
  0x00000205ec1c3000 ConcurrentGCThread "G1 Refine#6" [stack: 0x000000fbdaa00000,0x000000fbdab00000] [id=4192]
  0x00000205ebaa5000 ConcurrentGCThread "G1 Refine#7" [stack: 0x000000fbdac00000,0x000000fbdad00000] [id=2716]
  0x000002057028a000 ConcurrentGCThread "G1 Young RemSet Sampling" [stack: 0x000000fbd8b00000,0x000000fbd8c00000] [id=10452]

Threads with active compile tasks:

VM state:not at safepoint (normal execution)

VM Mutex/Monitor currently owned by a thread: None

Heap address: 0x0000000702200000, size: 4062 MB, Compressed Oops mode: Zero based, Oop shift amount: 3
Narrow klass base: 0x0000000800000000, Narrow klass shift: 3
Compressed class space size: 1073741824 Address: 0x0000000800b50000

Heap:
 garbage-first heap   total 313344K, used 168645K [0x0000000702200000, 0x0000000800000000)
  region size 1024K, 43 young (44032K), 18 survivors (18432K)
 Metaspace       used 7829K, capacity 10595K, committed 10752K, reserved 1058816K
  class space    used 376K, capacity 687K, committed 768K, reserved 1048576K
Heap Regions: E=young(eden), S=young(survivor), O=old, HS=humongous(starts), HC=humongous(continues), CS=collection set, F=free, A=archive, TAMS=top-at-mark-start (previous, next)
|   0|0x0000000702200000, 0x0000000702300000, 0x0000000702300000|100%| O|  |TAMS 0x0000000702200000, 0x0000000702200000| Untracked 
|   1|0x0000000702300000, 0x0000000702400000, 0x0000000702400000|100%| O|  |TAMS 0x0000000702300000, 0x0000000702300000| Untracked 
|   2|0x0000000702400000, 0x0000000702500000, 0x0000000702500000|100%| O|  |TAMS 0x0000000702400000, 0x0000000702400000| Untracked 
|   3|0x0000000702500000, 0x0000000702600000, 0x0000000702600000|100%| O|  |TAMS 0x0000000702500000, 0x0000000702500000| Untracked 
|   4|0x0000000702600000, 0x0000000702700000, 0x0000000702700000|100%| O|  |TAMS 0x0000000702600000, 0x0000000702600000| Untracked 
|   5|0x0000000702700000, 0x0000000702800000, 0x0000000702800000|100%| O|  |TAMS 0x0000000702700000, 0x0000000702700000| Untracked 
|   6|0x0000000702800000, 0x0000000702900000, 0x0000000702900000|100%| O|  |TAMS 0x0000000702800000, 0x0000000702800000| Untracked 
|   7|0x0000000702900000, 0x0000000702a00000, 0x0000000702a00000|100%| O|  |TAMS 0x0000000702900000, 0x0000000702900000| Untracked 
|   8|0x0000000702a00000, 0x0000000702b00000, 0x0000000702b00000|100%| O|  |TAMS 0x0000000702a00000, 0x0000000702a00000| Untracked 
|   9|0x0000000702b00000, 0x0000000702c00000, 0x0000000702c00000|100%| O|  |TAMS 0x0000000702b00000, 0x0000000702b00000| Untracked 
|  10|0x0000000702c00000, 0x0000000702d00000, 0x0000000702d00000|100%| O|  |TAMS 0x0000000702c00000, 0x0000000702c00000| Untracked 
|  11|0x0000000702d00000, 0x0000000702e00000, 0x0000000702e00000|100%| O|  |TAMS 0x0000000702d00000, 0x0000000702d00000| Untracked 
|  12|0x0000000702e00000, 0x0000000702f00000, 0x0000000702f00000|100%| O|  |TAMS 0x0000000702e00000, 0x0000000702e00000| Untracked 
|  13|0x0000000702f00000, 0x0000000703000000, 0x0000000703000000|100%| O|  |TAMS 0x0000000702f00000, 0x0000000702f00000| Untracked 
|  14|0x0000000703000000, 0x0000000703100000, 0x0000000703100000|100%| O|  |TAMS 0x0000000703000000, 0x0000000703000000| Untracked 
|  15|0x0000000703100000, 0x0000000703200000, 0x0000000703200000|100%| O|  |TAMS 0x0000000703100000, 0x0000000703100000| Untracked 
|  16|0x0000000703200000, 0x0000000703300000, 0x0000000703300000|100%| O|  |TAMS 0x0000000703200000, 0x0000000703200000| Untracked 
|  17|0x0000000703300000, 0x0000000703400000, 0x0000000703400000|100%| O|  |TAMS 0x0000000703300000, 0x0000000703300000| Untracked 
|  18|0x0000000703400000, 0x0000000703500000, 0x0000000703500000|100%| O|  |TAMS 0x0000000703400000, 0x0000000703400000| Untracked 
|  19|0x0000000703500000, 0x0000000703600000, 0x0000000703600000|100%| O|  |TAMS 0x0000000703500000, 0x0000000703500000| Untracked 
|  20|0x0000000703600000, 0x0000000703700000, 0x0000000703700000|100%| O|  |TAMS 0x0000000703600000, 0x0000000703600000| Untracked 
|  21|0x0000000703700000, 0x0000000703800000, 0x0000000703800000|100%| O|  |TAMS 0x0000000703700000, 0x0000000703700000| Untracked 
|  22|0x0000000703800000, 0x0000000703900000, 0x0000000703900000|100%| O|  |TAMS 0x0000000703800000, 0x0000000703800000| Untracked 
|  23|0x0000000703900000, 0x0000000703a00000, 0x0000000703a00000|100%| O|  |TAMS 0x0000000703900000, 0x0000000703900000| Untracked 
|  24|0x0000000703a00000, 0x0000000703b00000, 0x0000000703b00000|100%| O|  |TAMS 0x0000000703a00000, 0x0000000703a00000| Untracked 
|  25|0x0000000703b00000, 0x0000000703c00000, 0x0000000703c00000|100%| O|  |TAMS 0x0000000703b00000, 0x0000000703b00000| Untracked 
|  26|0x0000000703c00000, 0x0000000703d00000, 0x0000000703d00000|100%| O|  |TAMS 0x0000000703c00000, 0x0000000703c00000| Untracked 
|  27|0x0000000703d00000, 0x0000000703e00000, 0x0000000703e00000|100%| O|  |TAMS 0x0000000703d00000, 0x0000000703d00000| Untracked 
|  28|0x0000000703e00000, 0x0000000703f00000, 0x0000000703f00000|100%| O|  |TAMS 0x0000000703e00000, 0x0000000703e00000| Untracked 
|  29|0x0000000703f00000, 0x0000000704000000, 0x0000000704000000|100%| O|  |TAMS 0x0000000703f00000, 0x0000000703f00000| Untracked 
|  30|0x0000000704000000, 0x0000000704100000, 0x0000000704100000|100%| O|  |TAMS 0x0000000704000000, 0x0000000704000000| Untracked 
|  31|0x0000000704100000, 0x0000000704200000, 0x0000000704200000|100%| O|  |TAMS 0x0000000704100000, 0x0000000704100000| Untracked 
|  32|0x0000000704200000, 0x0000000704300000, 0x0000000704300000|100%| O|  |TAMS 0x0000000704200000, 0x0000000704200000| Untracked 
|  33|0x0000000704300000, 0x0000000704400000, 0x0000000704400000|100%| O|  |TAMS 0x0000000704300000, 0x0000000704300000| Untracked 
|  34|0x0000000704400000, 0x0000000704500000, 0x0000000704500000|100%| O|  |TAMS 0x0000000704400000, 0x0000000704400000| Untracked 
|  35|0x0000000704500000, 0x0000000704600000, 0x0000000704600000|100%| O|  |TAMS 0x0000000704500000, 0x0000000704500000| Untracked 
|  36|0x0000000704600000, 0x0000000704700000, 0x0000000704700000|100%| O|  |TAMS 0x0000000704600000, 0x0000000704600000| Untracked 
|  37|0x0000000704700000, 0x0000000704800000, 0x0000000704800000|100%| O|  |TAMS 0x0000000704700000, 0x0000000704700000| Untracked 
|  38|0x0000000704800000, 0x0000000704900000, 0x0000000704900000|100%| O|  |TAMS 0x0000000704800000, 0x0000000704800000| Untracked 
|  39|0x0000000704900000, 0x0000000704a00000, 0x0000000704a00000|100%| O|  |TAMS 0x0000000704900000, 0x0000000704900000| Untracked 
|  40|0x0000000704a00000, 0x0000000704b00000, 0x0000000704b00000|100%| O|  |TAMS 0x0000000704a00000, 0x0000000704a00000| Untracked 
|  41|0x0000000704b00000, 0x0000000704c00000, 0x0000000704c00000|100%| O|  |TAMS 0x0000000704b00000, 0x0000000704b00000| Untracked 
|  42|0x0000000704c00000, 0x0000000704d00000, 0x0000000704d00000|100%| O|  |TAMS 0x0000000704c00000, 0x0000000704c00000| Untracked 
|  43|0x0000000704d00000, 0x0000000704e00000, 0x0000000704e00000|100%| O|  |TAMS 0x0000000704d00000, 0x0000000704d00000| Untracked 
|  44|0x0000000704e00000, 0x0000000704f00000, 0x0000000704f00000|100%| O|  |TAMS 0x0000000704e00000, 0x0000000704e00000| Untracked 
|  45|0x0000000704f00000, 0x0000000705000000, 0x0000000705000000|100%| O|  |TAMS 0x0000000704f00000, 0x0000000704f00000| Untracked 
|  46|0x0000000705000000, 0x0000000705100000, 0x0000000705100000|100%| O|  |TAMS 0x0000000705000000, 0x0000000705000000| Untracked 
|  47|0x0000000705100000, 0x0000000705200000, 0x0000000705200000|100%| O|  |TAMS 0x0000000705100000, 0x0000000705100000| Untracked 
|  48|0x0000000705200000, 0x0000000705300000, 0x0000000705300000|100%| O|  |TAMS 0x0000000705200000, 0x0000000705200000| Untracked 
|  49|0x0000000705300000, 0x0000000705400000, 0x0000000705400000|100%| O|  |TAMS 0x0000000705300000, 0x0000000705300000| Untracked 
|  50|0x0000000705400000, 0x0000000705500000, 0x0000000705500000|100%| O|  |TAMS 0x0000000705400000, 0x0000000705400000| Untracked 
|  51|0x0000000705500000, 0x0000000705600000, 0x0000000705600000|100%| O|  |TAMS 0x0000000705600000, 0x0000000705500000| Untracked 
|  52|0x0000000705600000, 0x0000000705700000, 0x0000000705700000|100%| O|  |TAMS 0x0000000705600000, 0x0000000705600000| Untracked 
|  53|0x0000000705700000, 0x0000000705800000, 0x0000000705800000|100%| O|  |TAMS 0x0000000705700000, 0x0000000705700000| Untracked 
|  54|0x0000000705800000, 0x0000000705900000, 0x0000000705900000|100%| O|  |TAMS 0x0000000705900000, 0x0000000705800000| Untracked 
|  55|0x0000000705900000, 0x0000000705a00000, 0x0000000705a00000|100%| O|  |TAMS 0x0000000705a00000, 0x0000000705900000| Untracked 
|  56|0x0000000705a00000, 0x0000000705b00000, 0x0000000705b00000|100%| O|  |TAMS 0x0000000705b00000, 0x0000000705a00000| Untracked 
|  57|0x0000000705b00000, 0x0000000705c00000, 0x0000000705c00000|100%| O|  |TAMS 0x0000000705b00000, 0x0000000705b00000| Untracked 
|  58|0x0000000705c00000, 0x0000000705d00000, 0x0000000705d00000|100%| O|  |TAMS 0x0000000705c00000, 0x0000000705c00000| Untracked 
|  59|0x0000000705d00000, 0x0000000705e00000, 0x0000000705e00000|100%| O|  |TAMS 0x0000000705d00000, 0x0000000705d00000| Untracked 
|  60|0x0000000705e00000, 0x0000000705f00000, 0x0000000705f00000|100%| O|  |TAMS 0x0000000705e00000, 0x0000000705e00000| Untracked 
|  61|0x0000000705f00000, 0x0000000706000000, 0x0000000706000000|100%| O|  |TAMS 0x0000000705f00000, 0x0000000705f00000| Untracked 
|  62|0x0000000706000000, 0x0000000706100000, 0x0000000706100000|100%| O|  |TAMS 0x0000000706000000, 0x0000000706000000| Untracked 
|  63|0x0000000706100000, 0x0000000706200000, 0x0000000706200000|100%| O|  |TAMS 0x0000000706100000, 0x0000000706100000| Untracked 
|  64|0x0000000706200000, 0x0000000706300000, 0x0000000706300000|100%| O|  |TAMS 0x0000000706200000, 0x0000000706200000| Untracked 
|  65|0x0000000706300000, 0x0000000706400000, 0x0000000706400000|100%| O|  |TAMS 0x0000000706300000, 0x0000000706300000| Untracked 
|  66|0x0000000706400000, 0x0000000706500000, 0x0000000706500000|100%| O|  |TAMS 0x0000000706400000, 0x0000000706400000| Untracked 
|  67|0x0000000706500000, 0x0000000706600000, 0x0000000706600000|100%| O|  |TAMS 0x0000000706500000, 0x0000000706500000| Untracked 
|  68|0x0000000706600000, 0x0000000706700000, 0x0000000706700000|100%| O|  |TAMS 0x0000000706600000, 0x0000000706600000| Untracked 
|  69|0x0000000706700000, 0x0000000706800000, 0x0000000706800000|100%| O|  |TAMS 0x0000000706700000, 0x0000000706700000| Untracked 
|  70|0x0000000706800000, 0x0000000706900000, 0x0000000706900000|100%| O|  |TAMS 0x0000000706800000, 0x0000000706800000| Untracked 
|  71|0x0000000706900000, 0x0000000706a00000, 0x0000000706a00000|100%| O|  |TAMS 0x0000000706900000, 0x0000000706900000| Untracked 
|  72|0x0000000706a00000, 0x0000000706b00000, 0x0000000706b00000|100%| O|  |TAMS 0x0000000706a00000, 0x0000000706a00000| Untracked 
|  73|0x0000000706b00000, 0x0000000706c00000, 0x0000000706c00000|100%| O|  |TAMS 0x0000000706b00000, 0x0000000706b00000| Untracked 
|  74|0x0000000706c00000, 0x0000000706d00000, 0x0000000706d00000|100%| O|  |TAMS 0x0000000706c00000, 0x0000000706c00000| Untracked 
|  75|0x0000000706d00000, 0x0000000706e00000, 0x0000000706e00000|100%| O|  |TAMS 0x0000000706d00000, 0x0000000706d00000| Untracked 
|  76|0x0000000706e00000, 0x0000000706f00000, 0x0000000706f00000|100%| O|  |TAMS 0x0000000706e00000, 0x0000000706e00000| Untracked 
|  77|0x0000000706f00000, 0x0000000707000000, 0x0000000707000000|100%| O|  |TAMS 0x0000000706f00000, 0x0000000706f00000| Untracked 
|  78|0x0000000707000000, 0x0000000707100000, 0x0000000707100000|100%| O|  |TAMS 0x0000000707000000, 0x0000000707000000| Untracked 
|  79|0x0000000707100000, 0x0000000707200000, 0x0000000707200000|100%| O|  |TAMS 0x0000000707100000, 0x0000000707100000| Untracked 
|  80|0x0000000707200000, 0x00000007072b1600, 0x0000000707300000| 69%| O|  |TAMS 0x0000000707200000, 0x0000000707200000| Untracked 
|  81|0x0000000707300000, 0x0000000707300000, 0x0000000707400000|  0%| F|  |TAMS 0x0000000707300000, 0x0000000707300000| Untracked 
|  82|0x0000000707400000, 0x0000000707400000, 0x0000000707500000|  0%| F|  |TAMS 0x0000000707400000, 0x0000000707400000| Untracked 
|  83|0x0000000707500000, 0x0000000707500000, 0x0000000707600000|  0%| F|  |TAMS 0x0000000707500000, 0x0000000707500000| Untracked 
|  84|0x0000000707600000, 0x0000000707600000, 0x0000000707700000|  0%| F|  |TAMS 0x0000000707600000, 0x0000000707600000| Untracked 
|  85|0x0000000707700000, 0x0000000707700000, 0x0000000707800000|  0%| F|  |TAMS 0x0000000707700000, 0x0000000707700000| Untracked 
|  86|0x0000000707800000, 0x0000000707800000, 0x0000000707900000|  0%| F|  |TAMS 0x0000000707800000, 0x0000000707800000| Untracked 
|  87|0x0000000707900000, 0x0000000707900000, 0x0000000707a00000|  0%| F|  |TAMS 0x0000000707900000, 0x0000000707900000| Untracked 
|  88|0x0000000707a00000, 0x0000000707a00000, 0x0000000707b00000|  0%| F|  |TAMS 0x0000000707a00000, 0x0000000707a00000| Untracked 
|  89|0x0000000707b00000, 0x0000000707b00000, 0x0000000707c00000|  0%| F|  |TAMS 0x0000000707b00000, 0x0000000707b00000| Untracked 
|  90|0x0000000707c00000, 0x0000000707c00000, 0x0000000707d00000|  0%| F|  |TAMS 0x0000000707c00000, 0x0000000707c00000| Untracked 
|  91|0x0000000707d00000, 0x0000000707d00000, 0x0000000707e00000|  0%| F|  |TAMS 0x0000000707d00000, 0x0000000707d00000| Untracked 
|  92|0x0000000707e00000, 0x0000000707e00000, 0x0000000707f00000|  0%| F|  |TAMS 0x0000000707e00000, 0x0000000707e00000| Untracked 
|  93|0x0000000707f00000, 0x0000000707f00000, 0x0000000708000000|  0%| F|  |TAMS 0x0000000707f00000, 0x0000000707f00000| Untracked 
|  94|0x0000000708000000, 0x0000000708000000, 0x0000000708100000|  0%| F|  |TAMS 0x0000000708000000, 0x0000000708000000| Untracked 
|  95|0x0000000708100000, 0x0000000708100000, 0x0000000708200000|  0%| F|  |TAMS 0x0000000708100000, 0x0000000708100000| Untracked 
|  96|0x0000000708200000, 0x0000000708200000, 0x0000000708300000|  0%| F|  |TAMS 0x0000000708200000, 0x0000000708200000| Untracked 
|  97|0x0000000708300000, 0x0000000708300000, 0x0000000708400000|  0%| F|  |TAMS 0x0000000708300000, 0x0000000708300000| Untracked 
|  98|0x0000000708400000, 0x0000000708400000, 0x0000000708500000|  0%| F|  |TAMS 0x0000000708400000, 0x0000000708400000| Untracked 
|  99|0x0000000708500000, 0x0000000708500000, 0x0000000708600000|  0%| F|  |TAMS 0x0000000708500000, 0x0000000708500000| Untracked 
| 100|0x0000000708600000, 0x0000000708600000, 0x0000000708700000|  0%| F|  |TAMS 0x0000000708600000, 0x0000000708600000| Untracked 
| 101|0x0000000708700000, 0x0000000708700000, 0x0000000708800000|  0%| F|  |TAMS 0x0000000708700000, 0x0000000708700000| Untracked 
| 102|0x0000000708800000, 0x0000000708800000, 0x0000000708900000|  0%| F|  |TAMS 0x0000000708800000, 0x0000000708800000| Untracked 
| 103|0x0000000708900000, 0x0000000708a00000, 0x0000000708a00000|100%| O|  |TAMS 0x0000000708a00000, 0x0000000708900000| Untracked 
| 104|0x0000000708a00000, 0x0000000708a00000, 0x0000000708b00000|  0%| F|  |TAMS 0x0000000708a00000, 0x0000000708a00000| Untracked 
| 105|0x0000000708b00000, 0x0000000708b00000, 0x0000000708c00000|  0%| F|  |TAMS 0x0000000708b00000, 0x0000000708b00000| Untracked 
| 106|0x0000000708c00000, 0x0000000708c00000, 0x0000000708d00000|  0%| F|  |TAMS 0x0000000708c00000, 0x0000000708c00000| Untracked 
| 107|0x0000000708d00000, 0x0000000708d00000, 0x0000000708e00000|  0%| F|  |TAMS 0x0000000708d00000, 0x0000000708d00000| Untracked 
| 108|0x0000000708e00000, 0x0000000708f00000, 0x0000000708f00000|100%| O|  |TAMS 0x0000000708f00000, 0x0000000708e00000| Untracked 
| 109|0x0000000708f00000, 0x0000000708f00000, 0x0000000709000000|  0%| F|  |TAMS 0x0000000708f00000, 0x0000000708f00000| Untracked 
| 110|0x0000000709000000, 0x0000000709000000, 0x0000000709100000|  0%| F|  |TAMS 0x0000000709000000, 0x0000000709000000| Untracked 
| 111|0x0000000709100000, 0x0000000709200000, 0x0000000709200000|100%| O|  |TAMS 0x0000000709200000, 0x0000000709100000| Untracked 
| 112|0x0000000709200000, 0x0000000709300000, 0x0000000709300000|100%| S|CS|TAMS 0x0000000709200000, 0x0000000709200000| Complete 
| 113|0x0000000709300000, 0x0000000709400000, 0x0000000709400000|100%| S|CS|TAMS 0x0000000709300000, 0x0000000709300000| Complete 
| 114|0x0000000709400000, 0x0000000709500000, 0x0000000709500000|100%| O|  |TAMS 0x0000000709500000, 0x0000000709400000| Untracked 
| 115|0x0000000709500000, 0x0000000709600000, 0x0000000709600000|100%| S|CS|TAMS 0x0000000709500000, 0x0000000709500000| Complete 
| 116|0x0000000709600000, 0x0000000709700000, 0x0000000709700000|100%| S|CS|TAMS 0x0000000709600000, 0x0000000709600000| Complete 
| 117|0x0000000709700000, 0x0000000709800000, 0x0000000709800000|100%| S|CS|TAMS 0x0000000709700000, 0x0000000709700000| Complete 
| 118|0x0000000709800000, 0x0000000709900000, 0x0000000709900000|100%| O|  |TAMS 0x0000000709900000, 0x0000000709800000| Untracked 
| 119|0x0000000709900000, 0x0000000709a00000, 0x0000000709a00000|100%| S|CS|TAMS 0x0000000709900000, 0x0000000709900000| Complete 
| 120|0x0000000709a00000, 0x0000000709b00000, 0x0000000709b00000|100%| S|CS|TAMS 0x0000000709a00000, 0x0000000709a00000| Complete 
| 121|0x0000000709b00000, 0x0000000709c00000, 0x0000000709c00000|100%| S|CS|TAMS 0x0000000709b00000, 0x0000000709b00000| Complete 
| 122|0x0000000709c00000, 0x0000000709d00000, 0x0000000709d00000|100%| S|CS|TAMS 0x0000000709c00000, 0x0000000709c00000| Complete 
| 123|0x0000000709d00000, 0x0000000709e00000, 0x0000000709e00000|100%| S|CS|TAMS 0x0000000709d00000, 0x0000000709d00000| Complete 
| 124|0x0000000709e00000, 0x0000000709f00000, 0x0000000709f00000|100%| S|CS|TAMS 0x0000000709e00000, 0x0000000709e00000| Complete 
| 125|0x0000000709f00000, 0x000000070a000000, 0x000000070a000000|100%| O|  |TAMS 0x0000000709f00000, 0x0000000709f00000| Untracked 
| 126|0x000000070a000000, 0x000000070a100000, 0x000000070a100000|100%| O|  |TAMS 0x000000070a000000, 0x000000070a000000| Untracked 
| 127|0x000000070a100000, 0x000000070a200000, 0x000000070a200000|100%| O|  |TAMS 0x000000070a100000, 0x000000070a100000| Untracked 
| 128|0x000000070a200000, 0x000000070a300000, 0x000000070a300000|100%| O|  |TAMS 0x000000070a200000, 0x000000070a200000| Untracked 
| 129|0x000000070a300000, 0x000000070a400000, 0x000000070a400000|100%| O|  |TAMS 0x000000070a300000, 0x000000070a300000| Untracked 
| 130|0x000000070a400000, 0x000000070a500000, 0x000000070a500000|100%| O|  |TAMS 0x000000070a400000, 0x000000070a400000| Untracked 
| 131|0x000000070a500000, 0x000000070a600000, 0x000000070a600000|100%| O|  |TAMS 0x000000070a500000, 0x000000070a500000| Untracked 
| 132|0x000000070a600000, 0x000000070a700000, 0x000000070a700000|100%| O|  |TAMS 0x000000070a600000, 0x000000070a600000| Untracked 
| 133|0x000000070a700000, 0x000000070a800000, 0x000000070a800000|100%| O|  |TAMS 0x000000070a700000, 0x000000070a700000| Untracked 
| 134|0x000000070a800000, 0x000000070a900000, 0x000000070a900000|100%| O|  |TAMS 0x000000070a800000, 0x000000070a800000| Untracked 
| 135|0x000000070a900000, 0x000000070aa00000, 0x000000070aa00000|100%| O|  |TAMS 0x000000070a900000, 0x000000070a900000| Untracked 
| 136|0x000000070aa00000, 0x000000070ab00000, 0x000000070ab00000|100%| O|  |TAMS 0x000000070aa00000, 0x000000070aa00000| Untracked 
| 137|0x000000070ab00000, 0x000000070ac00000, 0x000000070ac00000|100%| O|  |TAMS 0x000000070ab00000, 0x000000070ab00000| Untracked 
| 138|0x000000070ac00000, 0x000000070ad00000, 0x000000070ad00000|100%| O|  |TAMS 0x000000070ac00000, 0x000000070ac00000| Untracked 
| 139|0x000000070ad00000, 0x000000070ae00000, 0x000000070ae00000|100%| O|  |TAMS 0x000000070ad00000, 0x000000070ad00000| Untracked 
| 140|0x000000070ae00000, 0x000000070af00000, 0x000000070af00000|100%| O|  |TAMS 0x000000070ae00000, 0x000000070ae00000| Untracked 
| 141|0x000000070af00000, 0x000000070b000000, 0x000000070b000000|100%| O|  |TAMS 0x000000070af00000, 0x000000070af00000| Untracked 
| 142|0x000000070b000000, 0x000000070b100000, 0x000000070b100000|100%| O|  |TAMS 0x000000070b000000, 0x000000070b000000| Untracked 
| 143|0x000000070b100000, 0x000000070b200000, 0x000000070b200000|100%| O|  |TAMS 0x000000070b100000, 0x000000070b100000| Untracked 
| 144|0x000000070b200000, 0x000000070b300000, 0x000000070b300000|100%| O|  |TAMS 0x000000070b200000, 0x000000070b200000| Untracked 
| 145|0x000000070b300000, 0x000000070b400000, 0x000000070b400000|100%| O|  |TAMS 0x000000070b300000, 0x000000070b300000| Untracked 
| 146|0x000000070b400000, 0x000000070b500000, 0x000000070b500000|100%| O|  |TAMS 0x000000070b400000, 0x000000070b400000| Untracked 
| 147|0x000000070b500000, 0x000000070b600000, 0x000000070b600000|100%| O|  |TAMS 0x000000070b500000, 0x000000070b500000| Untracked 
| 148|0x000000070b600000, 0x000000070b700000, 0x000000070b700000|100%| O|  |TAMS 0x000000070b600000, 0x000000070b600000| Untracked 
| 149|0x000000070b700000, 0x000000070b800000, 0x000000070b800000|100%| O|  |TAMS 0x000000070b700000, 0x000000070b700000| Untracked 
| 150|0x000000070b800000, 0x000000070b900000, 0x000000070b900000|100%| O|  |TAMS 0x000000070b800000, 0x000000070b800000| Untracked 
| 151|0x000000070b900000, 0x000000070ba00000, 0x000000070ba00000|100%| O|  |TAMS 0x000000070b900000, 0x000000070b900000| Untracked 
| 152|0x000000070ba00000, 0x000000070bb00000, 0x000000070bb00000|100%| O|  |TAMS 0x000000070ba00000, 0x000000070ba00000| Untracked 
| 153|0x000000070bb00000, 0x000000070bc00000, 0x000000070bc00000|100%| O|  |TAMS 0x000000070bb00000, 0x000000070bb00000| Untracked 
| 154|0x000000070bc00000, 0x000000070bd00000, 0x000000070bd00000|100%| O|  |TAMS 0x000000070bc00000, 0x000000070bc00000| Untracked 
| 155|0x000000070bd00000, 0x000000070be00000, 0x000000070be00000|100%| O|  |TAMS 0x000000070bd00000, 0x000000070bd00000| Untracked 
| 156|0x000000070be00000, 0x000000070bf00000, 0x000000070bf00000|100%| O|  |TAMS 0x000000070be00000, 0x000000070be00000| Untracked 
| 157|0x000000070bf00000, 0x000000070c000000, 0x000000070c000000|100%| O|  |TAMS 0x000000070bf00000, 0x000000070bf00000| Untracked 
| 158|0x000000070c000000, 0x000000070c100000, 0x000000070c100000|100%| O|  |TAMS 0x000000070c000000, 0x000000070c000000| Untracked 
| 159|0x000000070c100000, 0x000000070c200000, 0x000000070c200000|100%| O|  |TAMS 0x000000070c100000, 0x000000070c100000| Untracked 
| 160|0x000000070c200000, 0x000000070c300000, 0x000000070c300000|100%| O|  |TAMS 0x000000070c200000, 0x000000070c200000| Untracked 
| 161|0x000000070c300000, 0x000000070c400000, 0x000000070c400000|100%| O|  |TAMS 0x000000070c300000, 0x000000070c300000| Untracked 
| 162|0x000000070c400000, 0x000000070c500000, 0x000000070c500000|100%| S|CS|TAMS 0x000000070c400000, 0x000000070c400000| Complete 
| 163|0x000000070c500000, 0x000000070c600000, 0x000000070c600000|100%| S|CS|TAMS 0x000000070c500000, 0x000000070c500000| Complete 
| 164|0x000000070c600000, 0x000000070c700000, 0x000000070c700000|100%| S|CS|TAMS 0x000000070c600000, 0x000000070c600000| Complete 
| 165|0x000000070c700000, 0x000000070c800000, 0x000000070c800000|100%| S|CS|TAMS 0x000000070c700000, 0x000000070c700000| Complete 
| 166|0x000000070c800000, 0x000000070c900000, 0x000000070c900000|100%| S|CS|TAMS 0x000000070c800000, 0x000000070c800000| Complete 
| 167|0x000000070c900000, 0x000000070ca00000, 0x000000070ca00000|100%| S|CS|TAMS 0x000000070c900000, 0x000000070c900000| Complete 
| 168|0x000000070ca00000, 0x000000070cb00000, 0x000000070cb00000|100%| S|CS|TAMS 0x000000070ca00000, 0x000000070ca00000| Complete 
| 169|0x000000070cb00000, 0x000000070cb00000, 0x000000070cc00000|  0%| F|  |TAMS 0x000000070cb00000, 0x000000070cb00000| Untracked 
| 170|0x000000070cc00000, 0x000000070cc00000, 0x000000070cd00000|  0%| F|  |TAMS 0x000000070cc00000, 0x000000070cc00000| Untracked 
| 171|0x000000070cd00000, 0x000000070cd00000, 0x000000070ce00000|  0%| F|  |TAMS 0x000000070cd00000, 0x000000070cd00000| Untracked 
| 172|0x000000070ce00000, 0x000000070ce00000, 0x000000070cf00000|  0%| F|  |TAMS 0x000000070ce00000, 0x000000070ce00000| Untracked 
| 173|0x000000070cf00000, 0x000000070cf00000, 0x000000070d000000|  0%| F|  |TAMS 0x000000070cf00000, 0x000000070cf00000| Untracked 
| 174|0x000000070d000000, 0x000000070d000000, 0x000000070d100000|  0%| F|  |TAMS 0x000000070d000000, 0x000000070d000000| Untracked 
| 175|0x000000070d100000, 0x000000070d100000, 0x000000070d200000|  0%| F|  |TAMS 0x000000070d100000, 0x000000070d100000| Untracked 
| 176|0x000000070d200000, 0x000000070d200000, 0x000000070d300000|  0%| F|  |TAMS 0x000000070d200000, 0x000000070d200000| Untracked 
| 177|0x000000070d300000, 0x000000070d300000, 0x000000070d400000|  0%| F|  |TAMS 0x000000070d300000, 0x000000070d300000| Untracked 
| 178|0x000000070d400000, 0x000000070d400000, 0x000000070d500000|  0%| F|  |TAMS 0x000000070d400000, 0x000000070d400000| Untracked 
| 179|0x000000070d500000, 0x000000070d500000, 0x000000070d600000|  0%| F|  |TAMS 0x000000070d500000, 0x000000070d500000| Untracked 
| 180|0x000000070d600000, 0x000000070d600000, 0x000000070d700000|  0%| F|  |TAMS 0x000000070d600000, 0x000000070d600000| Untracked 
| 181|0x000000070d700000, 0x000000070d700000, 0x000000070d800000|  0%| F|  |TAMS 0x000000070d700000, 0x000000070d700000| Untracked 
| 182|0x000000070d800000, 0x000000070d800000, 0x000000070d900000|  0%| F|  |TAMS 0x000000070d800000, 0x000000070d800000| Untracked 
| 183|0x000000070d900000, 0x000000070d900000, 0x000000070da00000|  0%| F|  |TAMS 0x000000070d900000, 0x000000070d900000| Untracked 
| 184|0x000000070da00000, 0x000000070da00000, 0x000000070db00000|  0%| F|  |TAMS 0x000000070da00000, 0x000000070da00000| Untracked 
| 185|0x000000070db00000, 0x000000070db00000, 0x000000070dc00000|  0%| F|  |TAMS 0x000000070db00000, 0x000000070db00000| Untracked 
| 186|0x000000070dc00000, 0x000000070dc00000, 0x000000070dd00000|  0%| F|  |TAMS 0x000000070dc00000, 0x000000070dc00000| Untracked 
| 187|0x000000070dd00000, 0x000000070dd00000, 0x000000070de00000|  0%| F|  |TAMS 0x000000070dd00000, 0x000000070dd00000| Untracked 
| 188|0x000000070de00000, 0x000000070de00000, 0x000000070df00000|  0%| F|  |TAMS 0x000000070de00000, 0x000000070de00000| Untracked 
| 189|0x000000070df00000, 0x000000070df00000, 0x000000070e000000|  0%| F|  |TAMS 0x000000070df00000, 0x000000070df00000| Untracked 
| 190|0x000000070e000000, 0x000000070e000000, 0x000000070e100000|  0%| F|  |TAMS 0x000000070e000000, 0x000000070e000000| Untracked 
| 191|0x000000070e100000, 0x000000070e100000, 0x000000070e200000|  0%| F|  |TAMS 0x000000070e100000, 0x000000070e100000| Untracked 
| 192|0x000000070e200000, 0x000000070e200000, 0x000000070e300000|  0%| F|  |TAMS 0x000000070e200000, 0x000000070e200000| Untracked 
| 193|0x000000070e300000, 0x000000070e300000, 0x000000070e400000|  0%| F|  |TAMS 0x000000070e300000, 0x000000070e300000| Untracked 
| 194|0x000000070e400000, 0x000000070e400000, 0x000000070e500000|  0%| F|  |TAMS 0x000000070e400000, 0x000000070e400000| Untracked 
| 195|0x000000070e500000, 0x000000070e500000, 0x000000070e600000|  0%| F|  |TAMS 0x000000070e500000, 0x000000070e500000| Untracked 
| 196|0x000000070e600000, 0x000000070e600000, 0x000000070e700000|  0%| F|  |TAMS 0x000000070e600000, 0x000000070e600000| Untracked 
| 197|0x000000070e700000, 0x000000070e700000, 0x000000070e800000|  0%| F|  |TAMS 0x000000070e700000, 0x000000070e700000| Untracked 
| 198|0x000000070e800000, 0x000000070e800000, 0x000000070e900000|  0%| F|  |TAMS 0x000000070e800000, 0x000000070e800000| Untracked 
| 199|0x000000070e900000, 0x000000070e900000, 0x000000070ea00000|  0%| F|  |TAMS 0x000000070e900000, 0x000000070e900000| Untracked 
| 200|0x000000070ea00000, 0x000000070ea00000, 0x000000070eb00000|  0%| F|  |TAMS 0x000000070ea00000, 0x000000070ea00000| Untracked 
| 201|0x000000070eb00000, 0x000000070eb00000, 0x000000070ec00000|  0%| F|  |TAMS 0x000000070eb00000, 0x000000070eb00000| Untracked 
| 202|0x000000070ec00000, 0x000000070ec00000, 0x000000070ed00000|  0%| F|  |TAMS 0x000000070ec00000, 0x000000070ec00000| Untracked 
| 203|0x000000070ed00000, 0x000000070ed00000, 0x000000070ee00000|  0%| F|  |TAMS 0x000000070ed00000, 0x000000070ed00000| Untracked 
| 204|0x000000070ee00000, 0x000000070ee00000, 0x000000070ef00000|  0%| F|  |TAMS 0x000000070ee00000, 0x000000070ee00000| Untracked 
| 205|0x000000070ef00000, 0x000000070ef00000, 0x000000070f000000|  0%| F|  |TAMS 0x000000070ef00000, 0x000000070ef00000| Untracked 
| 206|0x000000070f000000, 0x000000070f000000, 0x000000070f100000|  0%| F|  |TAMS 0x000000070f000000, 0x000000070f000000| Untracked 
| 207|0x000000070f100000, 0x000000070f100000, 0x000000070f200000|  0%| F|  |TAMS 0x000000070f100000, 0x000000070f100000| Untracked 
| 208|0x000000070f200000, 0x000000070f200000, 0x000000070f300000|  0%| F|  |TAMS 0x000000070f200000, 0x000000070f200000| Untracked 
| 209|0x000000070f300000, 0x000000070f300000, 0x000000070f400000|  0%| F|  |TAMS 0x000000070f300000, 0x000000070f300000| Untracked 
| 210|0x000000070f400000, 0x000000070f400000, 0x000000070f500000|  0%| F|  |TAMS 0x000000070f400000, 0x000000070f400000| Untracked 
| 211|0x000000070f500000, 0x000000070f500000, 0x000000070f600000|  0%| F|  |TAMS 0x000000070f500000, 0x000000070f500000| Untracked 
| 212|0x000000070f600000, 0x000000070f600000, 0x000000070f700000|  0%| F|  |TAMS 0x000000070f600000, 0x000000070f600000| Untracked 
| 213|0x000000070f700000, 0x000000070f700000, 0x000000070f800000|  0%| F|  |TAMS 0x000000070f700000, 0x000000070f700000| Untracked 
| 214|0x000000070f800000, 0x000000070f800000, 0x000000070f900000|  0%| F|  |TAMS 0x000000070f800000, 0x000000070f800000| Untracked 
| 215|0x000000070f900000, 0x000000070f900000, 0x000000070fa00000|  0%| F|  |TAMS 0x000000070f900000, 0x000000070f900000| Untracked 
| 216|0x000000070fa00000, 0x000000070fa00000, 0x000000070fb00000|  0%| F|  |TAMS 0x000000070fa00000, 0x000000070fa00000| Untracked 
| 217|0x000000070fb00000, 0x000000070fb00000, 0x000000070fc00000|  0%| F|  |TAMS 0x000000070fb00000, 0x000000070fb00000| Untracked 
| 218|0x000000070fc00000, 0x000000070fc00000, 0x000000070fd00000|  0%| F|  |TAMS 0x000000070fc00000, 0x000000070fc00000| Untracked 
| 219|0x000000070fd00000, 0x000000070fd00000, 0x000000070fe00000|  0%| F|  |TAMS 0x000000070fd00000, 0x000000070fd00000| Untracked 
| 220|0x000000070fe00000, 0x000000070fe00000, 0x000000070ff00000|  0%| F|  |TAMS 0x000000070fe00000, 0x000000070fe00000| Untracked 
| 221|0x000000070ff00000, 0x000000070ff00000, 0x0000000710000000|  0%| F|  |TAMS 0x000000070ff00000, 0x000000070ff00000| Untracked 
| 222|0x0000000710000000, 0x0000000710000000, 0x0000000710100000|  0%| F|  |TAMS 0x0000000710000000, 0x0000000710000000| Untracked 
| 223|0x0000000710100000, 0x0000000710100000, 0x0000000710200000|  0%| F|  |TAMS 0x0000000710100000, 0x0000000710100000| Untracked 
| 224|0x0000000710200000, 0x0000000710200000, 0x0000000710300000|  0%| F|  |TAMS 0x0000000710200000, 0x0000000710200000| Untracked 
| 225|0x0000000710300000, 0x0000000710300000, 0x0000000710400000|  0%| F|  |TAMS 0x0000000710300000, 0x0000000710300000| Untracked 
| 226|0x0000000710400000, 0x0000000710400000, 0x0000000710500000|  0%| F|  |TAMS 0x0000000710400000, 0x0000000710400000| Untracked 
| 227|0x0000000710500000, 0x0000000710500000, 0x0000000710600000|  0%| F|  |TAMS 0x0000000710500000, 0x0000000710500000| Untracked 
| 228|0x0000000710600000, 0x0000000710600000, 0x0000000710700000|  0%| F|  |TAMS 0x0000000710600000, 0x0000000710600000| Untracked 
| 229|0x0000000710700000, 0x0000000710700000, 0x0000000710800000|  0%| F|  |TAMS 0x0000000710700000, 0x0000000710700000| Untracked 
| 230|0x0000000710800000, 0x0000000710800000, 0x0000000710900000|  0%| F|  |TAMS 0x0000000710800000, 0x0000000710800000| Untracked 
| 231|0x0000000710900000, 0x0000000710900000, 0x0000000710a00000|  0%| F|  |TAMS 0x0000000710900000, 0x0000000710900000| Untracked 
| 232|0x0000000710a00000, 0x0000000710a00000, 0x0000000710b00000|  0%| F|  |TAMS 0x0000000710a00000, 0x0000000710a00000| Untracked 
| 233|0x0000000710b00000, 0x0000000710b00000, 0x0000000710c00000|  0%| F|  |TAMS 0x0000000710b00000, 0x0000000710b00000| Untracked 
| 234|0x0000000710c00000, 0x0000000710c00000, 0x0000000710d00000|  0%| F|  |TAMS 0x0000000710c00000, 0x0000000710c00000| Untracked 
| 235|0x0000000710d00000, 0x0000000710d00000, 0x0000000710e00000|  0%| F|  |TAMS 0x0000000710d00000, 0x0000000710d00000| Untracked 
| 236|0x0000000710e00000, 0x0000000710e00000, 0x0000000710f00000|  0%| F|  |TAMS 0x0000000710e00000, 0x0000000710e00000| Untracked 
| 237|0x0000000710f00000, 0x0000000710f00000, 0x0000000711000000|  0%| F|  |TAMS 0x0000000710f00000, 0x0000000710f00000| Untracked 
| 238|0x0000000711000000, 0x0000000711000000, 0x0000000711100000|  0%| F|  |TAMS 0x0000000711000000, 0x0000000711000000| Untracked 
| 239|0x0000000711100000, 0x0000000711100000, 0x0000000711200000|  0%| F|  |TAMS 0x0000000711100000, 0x0000000711100000| Untracked 
| 240|0x0000000711200000, 0x0000000711200000, 0x0000000711300000|  0%| F|  |TAMS 0x0000000711200000, 0x0000000711200000| Untracked 
| 241|0x0000000711300000, 0x0000000711300000, 0x0000000711400000|  0%| F|  |TAMS 0x0000000711300000, 0x0000000711300000| Untracked 
| 242|0x0000000711400000, 0x0000000711400000, 0x0000000711500000|  0%| F|  |TAMS 0x0000000711400000, 0x0000000711400000| Untracked 
| 243|0x0000000711500000, 0x0000000711500000, 0x0000000711600000|  0%| F|  |TAMS 0x0000000711500000, 0x0000000711500000| Untracked 
| 244|0x0000000711600000, 0x0000000711600000, 0x0000000711700000|  0%| F|  |TAMS 0x0000000711600000, 0x0000000711600000| Untracked 
| 245|0x0000000711700000, 0x0000000711700000, 0x0000000711800000|  0%| F|  |TAMS 0x0000000711700000, 0x0000000711700000| Untracked 
| 246|0x0000000711800000, 0x0000000711800000, 0x0000000711900000|  0%| F|  |TAMS 0x0000000711800000, 0x0000000711800000| Untracked 
| 247|0x0000000711900000, 0x0000000711900000, 0x0000000711a00000|  0%| F|  |TAMS 0x0000000711900000, 0x0000000711900000| Untracked 
| 248|0x0000000711a00000, 0x0000000711a00000, 0x0000000711b00000|  0%| F|  |TAMS 0x0000000711a00000, 0x0000000711a00000| Untracked 
| 249|0x0000000711b00000, 0x0000000711b00000, 0x0000000711c00000|  0%| F|  |TAMS 0x0000000711b00000, 0x0000000711b00000| Untracked 
| 250|0x0000000711c00000, 0x0000000711c00000, 0x0000000711d00000|  0%| F|  |TAMS 0x0000000711c00000, 0x0000000711c00000| Untracked 
| 251|0x0000000711d00000, 0x0000000711d00000, 0x0000000711e00000|  0%| F|  |TAMS 0x0000000711d00000, 0x0000000711d00000| Untracked 
| 252|0x0000000711e00000, 0x0000000711e00000, 0x0000000711f00000|  0%| F|  |TAMS 0x0000000711e00000, 0x0000000711e00000| Untracked 
| 253|0x0000000711f00000, 0x0000000711f00000, 0x0000000712000000|  0%| F|  |TAMS 0x0000000711f00000, 0x0000000711f00000| Untracked 
| 254|0x0000000712000000, 0x0000000712000000, 0x0000000712100000|  0%| F|  |TAMS 0x0000000712000000, 0x0000000712000000| Untracked 
| 255|0x0000000712100000, 0x0000000712100000, 0x0000000712200000|  0%| F|  |TAMS 0x0000000712100000, 0x0000000712100000| Untracked 
| 256|0x0000000712200000, 0x0000000712200000, 0x0000000712300000|  0%| F|  |TAMS 0x0000000712200000, 0x0000000712200000| Untracked 
| 257|0x0000000712300000, 0x0000000712300000, 0x0000000712400000|  0%| F|  |TAMS 0x0000000712300000, 0x0000000712300000| Untracked 
| 258|0x0000000712400000, 0x0000000712400000, 0x0000000712500000|  0%| F|  |TAMS 0x0000000712400000, 0x0000000712400000| Untracked 
| 259|0x0000000712500000, 0x0000000712500000, 0x0000000712600000|  0%| F|  |TAMS 0x0000000712500000, 0x0000000712500000| Untracked 
| 260|0x0000000712600000, 0x0000000712600000, 0x0000000712700000|  0%| F|  |TAMS 0x0000000712600000, 0x0000000712600000| Untracked 
| 261|0x0000000712700000, 0x0000000712700000, 0x0000000712800000|  0%| F|  |TAMS 0x0000000712700000, 0x0000000712700000| Untracked 
| 262|0x0000000712800000, 0x0000000712800000, 0x0000000712900000|  0%| F|  |TAMS 0x0000000712800000, 0x0000000712800000| Untracked 
| 263|0x0000000712900000, 0x0000000712900000, 0x0000000712a00000|  0%| F|  |TAMS 0x0000000712900000, 0x0000000712900000| Untracked 
| 264|0x0000000712a00000, 0x0000000712a00000, 0x0000000712b00000|  0%| F|  |TAMS 0x0000000712a00000, 0x0000000712a00000| Untracked 
| 265|0x0000000712b00000, 0x0000000712b00000, 0x0000000712c00000|  0%| F|  |TAMS 0x0000000712b00000, 0x0000000712b00000| Untracked 
| 266|0x0000000712c00000, 0x0000000712c00000, 0x0000000712d00000|  0%| F|  |TAMS 0x0000000712c00000, 0x0000000712c00000| Untracked 
| 267|0x0000000712d00000, 0x0000000712d00000, 0x0000000712e00000|  0%| F|  |TAMS 0x0000000712d00000, 0x0000000712d00000| Untracked 
| 268|0x0000000712e00000, 0x0000000712e00000, 0x0000000712f00000|  0%| F|  |TAMS 0x0000000712e00000, 0x0000000712e00000| Untracked 
| 269|0x0000000712f00000, 0x0000000712f00000, 0x0000000713000000|  0%| F|  |TAMS 0x0000000712f00000, 0x0000000712f00000| Untracked 
| 270|0x0000000713000000, 0x0000000713000000, 0x0000000713100000|  0%| F|  |TAMS 0x0000000713000000, 0x0000000713000000| Untracked 
| 271|0x0000000713100000, 0x0000000713100000, 0x0000000713200000|  0%| F|  |TAMS 0x0000000713100000, 0x0000000713100000| Untracked 
| 272|0x0000000713200000, 0x0000000713200000, 0x0000000713300000|  0%| F|  |TAMS 0x0000000713200000, 0x0000000713200000| Untracked 
| 273|0x0000000713300000, 0x0000000713300000, 0x0000000713400000|  0%| F|  |TAMS 0x0000000713300000, 0x0000000713300000| Untracked 
| 274|0x0000000713400000, 0x0000000713400000, 0x0000000713500000|  0%| F|  |TAMS 0x0000000713400000, 0x0000000713400000| Untracked 
| 275|0x0000000713500000, 0x0000000713500000, 0x0000000713600000|  0%| F|  |TAMS 0x0000000713500000, 0x0000000713500000| Untracked 
| 276|0x0000000713600000, 0x0000000713600000, 0x0000000713700000|  0%| F|  |TAMS 0x0000000713600000, 0x0000000713600000| Untracked 
| 277|0x0000000713700000, 0x0000000713700000, 0x0000000713800000|  0%| F|  |TAMS 0x0000000713700000, 0x0000000713700000| Untracked 
| 278|0x0000000713800000, 0x0000000713800000, 0x0000000713900000|  0%| F|  |TAMS 0x0000000713800000, 0x0000000713800000| Untracked 
| 279|0x0000000713900000, 0x0000000713900000, 0x0000000713a00000|  0%| F|  |TAMS 0x0000000713900000, 0x0000000713900000| Untracked 
| 280|0x0000000713a00000, 0x0000000713a00000, 0x0000000713b00000|  0%| F|  |TAMS 0x0000000713a00000, 0x0000000713a00000| Untracked 
| 281|0x0000000713b00000, 0x0000000713c00000, 0x0000000713c00000|100%| E|  |TAMS 0x0000000713b00000, 0x0000000713b00000| Complete 
| 282|0x0000000713c00000, 0x0000000713d00000, 0x0000000713d00000|100%| E|CS|TAMS 0x0000000713c00000, 0x0000000713c00000| Complete 
| 283|0x0000000713d00000, 0x0000000713e00000, 0x0000000713e00000|100%| E|CS|TAMS 0x0000000713d00000, 0x0000000713d00000| Complete 
| 284|0x0000000713e00000, 0x0000000713f00000, 0x0000000713f00000|100%| E|CS|TAMS 0x0000000713e00000, 0x0000000713e00000| Complete 
| 285|0x0000000713f00000, 0x0000000714000000, 0x0000000714000000|100%| E|CS|TAMS 0x0000000713f00000, 0x0000000713f00000| Complete 
| 286|0x0000000714000000, 0x0000000714100000, 0x0000000714100000|100%| E|CS|TAMS 0x0000000714000000, 0x0000000714000000| Complete 
| 287|0x0000000714100000, 0x0000000714200000, 0x0000000714200000|100%| E|CS|TAMS 0x0000000714100000, 0x0000000714100000| Complete 
| 288|0x0000000714200000, 0x0000000714300000, 0x0000000714300000|100%| E|CS|TAMS 0x0000000714200000, 0x0000000714200000| Complete 
| 289|0x0000000714300000, 0x0000000714400000, 0x0000000714400000|100%| E|CS|TAMS 0x0000000714300000, 0x0000000714300000| Complete 
| 290|0x0000000714400000, 0x0000000714500000, 0x0000000714500000|100%| E|CS|TAMS 0x0000000714400000, 0x0000000714400000| Complete 
| 291|0x0000000714500000, 0x0000000714600000, 0x0000000714600000|100%| E|CS|TAMS 0x0000000714500000, 0x0000000714500000| Complete 
| 292|0x0000000714600000, 0x0000000714700000, 0x0000000714700000|100%| E|CS|TAMS 0x0000000714600000, 0x0000000714600000| Complete 
| 293|0x0000000714700000, 0x0000000714800000, 0x0000000714800000|100%| E|CS|TAMS 0x0000000714700000, 0x0000000714700000| Complete 
| 294|0x0000000714800000, 0x0000000714900000, 0x0000000714900000|100%| E|CS|TAMS 0x0000000714800000, 0x0000000714800000| Complete 
| 295|0x0000000714900000, 0x0000000714a00000, 0x0000000714a00000|100%| E|CS|TAMS 0x0000000714900000, 0x0000000714900000| Complete 
| 296|0x0000000714a00000, 0x0000000714b00000, 0x0000000714b00000|100%| E|CS|TAMS 0x0000000714a00000, 0x0000000714a00000| Complete 
| 297|0x0000000714b00000, 0x0000000714c00000, 0x0000000714c00000|100%| E|CS|TAMS 0x0000000714b00000, 0x0000000714b00000| Complete 
| 298|0x0000000714c00000, 0x0000000714d00000, 0x0000000714d00000|100%| E|CS|TAMS 0x0000000714c00000, 0x0000000714c00000| Complete 
| 299|0x0000000714d00000, 0x0000000714e00000, 0x0000000714e00000|100%| E|CS|TAMS 0x0000000714d00000, 0x0000000714d00000| Complete 
| 300|0x0000000714e00000, 0x0000000714f00000, 0x0000000714f00000|100%| E|CS|TAMS 0x0000000714e00000, 0x0000000714e00000| Complete 
| 301|0x0000000714f00000, 0x0000000715000000, 0x0000000715000000|100%| E|CS|TAMS 0x0000000714f00000, 0x0000000714f00000| Complete 
| 302|0x0000000715000000, 0x0000000715100000, 0x0000000715100000|100%| E|CS|TAMS 0x0000000715000000, 0x0000000715000000| Complete 
| 303|0x0000000715100000, 0x0000000715200000, 0x0000000715200000|100%| E|CS|TAMS 0x0000000715100000, 0x0000000715100000| Complete 
| 304|0x0000000715200000, 0x0000000715300000, 0x0000000715300000|100%| E|CS|TAMS 0x0000000715200000, 0x0000000715200000| Complete 
| 305|0x0000000715300000, 0x0000000715400000, 0x0000000715400000|100%| E|CS|TAMS 0x0000000715300000, 0x0000000715300000| Complete 

Card table byte_map: [0x0000020564920000,0x0000020565110000] _byte_map_base: 0x000002056110f000

Marking Bits (Prev, Next): (CMBitMap*) 0x000002054c5958f8, (CMBitMap*) 0x000002054c5958b8
 Prev Bits: [0x0000020569880000, 0x000002056d7f8000)
 Next Bits: [0x0000020565900000, 0x0000020569878000)

Polling page: 0x000002054bcf0000

Metaspace:

Usage:
  Non-class:      9.68 MB capacity,     7.28 MB ( 75%) used,     2.39 MB ( 25%) free+waste,     9.56 KB ( <1%) overhead. 
      Class:    687.00 KB capacity,   376.19 KB ( 55%) used,   307.63 KB ( 45%) free+waste,     3.19 KB ( <1%) overhead. 
       Both:     10.35 MB capacity,     7.65 MB ( 74%) used,     2.69 MB ( 26%) free+waste,    12.75 KB ( <1%) overhead. 

Virtual space:
  Non-class space:       10.00 MB reserved,       9.75 MB ( 98%) committed 
      Class space:        1.00 GB reserved,     768.00 KB ( <1%) committed 
             Both:        1.01 GB reserved,      10.50 MB (  1%) committed 

Chunk freelists:
   Non-Class:  76.00 KB
       Class:  17.00 KB
        Both:  93.00 KB

MaxMetaspaceSize: 17179869184.00 GB
CompressedClassSpaceSize: 1.00 GB

CodeHeap 'non-profiled nmethods': size=120000Kb used=898Kb max_used=898Kb free=119101Kb
 bounds [0x000002055c7c0000, 0x000002055ca30000, 0x0000020563cf0000]
CodeHeap 'profiled nmethods': size=120000Kb used=3077Kb max_used=3077Kb free=116922Kb
 bounds [0x0000020555290000, 0x00000205555a0000, 0x000002055c7c0000]
CodeHeap 'non-nmethods': size=5760Kb used=1624Kb max_used=1672Kb free=4135Kb
 bounds [0x0000020554cf0000, 0x0000020554f60000, 0x0000020555290000]
 total_blobs=3439 nmethods=1538 adapters=928
 compilation: enabled
              stopped_count=0, restarted_count=0
 full_count=0

Compilation events (20 events):
Event: 92.433 Thread 0x0000020570c37000 1531       4       textrendering.TextBuilder::drawString (26 bytes)
Event: 92.435 Thread 0x0000020570c37000 nmethod 1531 0x000002055c89ab90 code [0x000002055c89ad20, 0x000002055c89ae88]
Event: 94.316 Thread 0x0000020570c37000 1532       4       textrendering.TextBuilder::UIDebugdrawString (26 bytes)
Event: 94.319 Thread 0x0000020570c37000 nmethod 1532 0x000002055c89af90 code [0x000002055c89b140, 0x000002055c89b308]
Event: 97.210 Thread 0x0000020570c37000 1533       4       gameEngine.Window::isExited (8 bytes)
Event: 97.212 Thread 0x0000020570c37000 nmethod 1533 0x000002055c89b490 code [0x000002055c89b620, 0x000002055c89b708]
Event: 97.225 Thread 0x0000020570c37000 1534       4       animation.AnimationHandler::amountInList (9 bytes)
Event: 97.225 Thread 0x0000020570c37000 nmethod 1534 0x000002055c89b810 code [0x000002055c89b9a0, 0x000002055c89ba18]
Event: 97.226 Thread 0x0000020570c37000 1535       4       textrendering.TextBuilder::UIdrawString (26 bytes)
Event: 97.228 Thread 0x0000020570c37000 nmethod 1535 0x000002055c89bb10 code [0x000002055c89bca0, 0x000002055c89be08]
Event: 97.228 Thread 0x0000020570c37000 1536       4       gameEngine.Window::clear (7 bytes)
Event: 97.228 Thread 0x0000020570c37000 nmethod 1536 0x000002055c89bf10 code [0x000002055c89c0a0, 0x000002055c89c148]
Event: 100.392 Thread 0x0000020570c37000 1537       4       gameEngine.Start::fps (223 bytes)
Event: 100.403 Thread 0x0000020570c37000 nmethod 1537 0x000002055c89c210 code [0x000002055c89c440, 0x000002055c89cc10]
Event: 100.404 Thread 0x0000020570c37000 1538       4       Scripter.Proccesor::proccesCommands (295 bytes)
Event: 100.451 Thread 0x0000020570c37000 nmethod 1538 0x000002055c89d090 code [0x000002055c89d3e0, 0x000002055c89eaf8]
Event: 100.451 Thread 0x0000020570c37000 1539       4       java.util.AbstractCollection::isEmpty (13 bytes)
Event: 100.452 Thread 0x0000020570c37000 nmethod 1539 0x000002055c89f990 code [0x000002055c89fb20, 0x000002055c89fbb8]
Event: 104.384 Thread 0x0000020570c37000 1540       4       input.InputHandler::EnableButtons (21 bytes)
Event: 104.404 Thread 0x0000020570c37000 nmethod 1540 0x000002055c89fc90 code [0x000002055c89fe60, 0x000002055c8a0758]

GC Heap History (20 events):
Event: 31.197 GC heap before
{Heap before GC invocations=7 (full 0):
 garbage-first heap   total 260096K, used 85937K [0x0000000702200000, 0x0000000800000000)
  region size 1024K, 12 young (12288K), 2 survivors (2048K)
 Metaspace       used 7829K, capacity 10595K, committed 10752K, reserved 1058816K
  class space    used 376K, capacity 687K, committed 768K, reserved 1048576K
}
Event: 31.213 GC heap after
{Heap after GC invocations=8 (full 0):
 garbage-first heap   total 260096K, used 79054K [0x0000000702200000, 0x0000000800000000)
  region size 1024K, 2 young (2048K), 2 survivors (2048K)
 Metaspace       used 7829K, capacity 10595K, committed 10752K, reserved 1058816K
  class space    used 376K, capacity 687K, committed 768K, reserved 1048576K
}
Event: 39.451 GC heap before
{Heap before GC invocations=8 (full 0):
 garbage-first heap   total 260096K, used 130254K [0x0000000702200000, 0x0000000800000000)
  region size 1024K, 52 young (53248K), 2 survivors (2048K)
 Metaspace       used 7829K, capacity 10595K, committed 10752K, reserved 1058816K
  class space    used 376K, capacity 687K, committed 768K, reserved 1048576K
}
Event: 39.528 GC heap after
{Heap after GC invocations=9 (full 0):
 garbage-first heap   total 260096K, used 105469K [0x0000000702200000, 0x0000000800000000)
  region size 1024K, 7 young (7168K), 7 survivors (7168K)
 Metaspace       used 7829K, capacity 10595K, committed 10752K, reserved 1058816K
  class space    used 376K, capacity 687K, committed 768K, reserved 1048576K
}
Event: 50.966 GC heap before
{Heap before GC invocations=9 (full 0):
 garbage-first heap   total 260096K, used 176125K [0x0000000702200000, 0x0000000800000000)
  region size 1024K, 76 young (77824K), 7 survivors (7168K)
 Metaspace       used 7829K, capacity 10595K, committed 10752K, reserved 1058816K
  class space    used 376K, capacity 687K, committed 768K, reserved 1048576K
}
Event: 51.072 GC heap after
{Heap after GC invocations=10 (full 0):
 garbage-first heap   total 260096K, used 138240K [0x0000000702200000, 0x0000000800000000)
  region size 1024K, 10 young (10240K), 10 survivors (10240K)
 Metaspace       used 7829K, capacity 10595K, committed 10752K, reserved 1058816K
  class space    used 376K, capacity 687K, committed 768K, reserved 1048576K
}
Event: 58.582 GC heap before
{Heap before GC invocations=10 (full 0):
 garbage-first heap   total 260096K, used 184320K [0x0000000702200000, 0x0000000800000000)
  region size 1024K, 55 young (56320K), 10 survivors (10240K)
 Metaspace       used 7829K, capacity 10595K, committed 10752K, reserved 1058816K
  class space    used 376K, capacity 687K, committed 768K, reserved 1048576K
}
Event: 58.648 GC heap after
{Heap after GC invocations=11 (full 0):
 garbage-first heap   total 260096K, used 154624K [0x0000000702200000, 0x0000000800000000)
  region size 1024K, 7 young (7168K), 7 survivors (7168K)
 Metaspace       used 7829K, capacity 10595K, committed 10752K, reserved 1058816K
  class space    used 376K, capacity 687K, committed 768K, reserved 1048576K
}
Event: 64.717 GC heap before
{Heap before GC invocations=12 (full 0):
 garbage-first heap   total 261120K, used 190464K [0x0000000702200000, 0x0000000800000000)
  region size 1024K, 42 young (43008K), 7 survivors (7168K)
 Metaspace       used 7829K, capacity 10595K, committed 10752K, reserved 1058816K
  class space    used 376K, capacity 687K, committed 768K, reserved 1048576K
}
Event: 64.772 GC heap after
{Heap after GC invocations=13 (full 0):
 garbage-first heap   total 313344K, used 167936K [0x0000000702200000, 0x0000000800000000)
  region size 1024K, 6 young (6144K), 6 survivors (6144K)
 Metaspace       used 7829K, capacity 10595K, committed 10752K, reserved 1058816K
  class space    used 376K, capacity 687K, committed 768K, reserved 1048576K
}
Event: 66.263 GC heap before
{Heap before GC invocations=13 (full 0):
 garbage-first heap   total 313344K, used 177152K [0x0000000702200000, 0x0000000800000000)
  region size 1024K, 15 young (15360K), 6 survivors (6144K)
 Metaspace       used 7829K, capacity 10595K, committed 10752K, reserved 1058816K
  class space    used 376K, capacity 687K, committed 768K, reserved 1048576K
}
Event: 66.277 GC heap after
{Heap after GC invocations=14 (full 0):
 garbage-first heap   total 313344K, used 135578K [0x0000000702200000, 0x0000000800000000)
  region size 1024K, 2 young (2048K), 2 survivors (2048K)
 Metaspace       used 7829K, capacity 10595K, committed 10752K, reserved 1058816K
  class space    used 376K, capacity 687K, committed 768K, reserved 1048576K
}
Event: 68.440 GC heap before
{Heap before GC invocations=14 (full 0):
 garbage-first heap   total 313344K, used 148890K [0x0000000702200000, 0x0000000800000000)
  region size 1024K, 15 young (15360K), 2 survivors (2048K)
 Metaspace       used 7829K, capacity 10595K, committed 10752K, reserved 1058816K
  class space    used 376K, capacity 687K, committed 768K, reserved 1048576K
}
Event: 68.462 GC heap after
{Heap after GC invocations=15 (full 0):
 garbage-first heap   total 313344K, used 109868K [0x0000000702200000, 0x0000000800000000)
  region size 1024K, 2 young (2048K), 2 survivors (2048K)
 Metaspace       used 7829K, capacity 10595K, committed 10752K, reserved 1058816K
  class space    used 376K, capacity 687K, committed 768K, reserved 1048576K
}
Event: 70.738 GC heap before
{Heap before GC invocations=15 (full 0):
 garbage-first heap   total 313344K, used 123180K [0x0000000702200000, 0x0000000800000000)
  region size 1024K, 15 young (15360K), 2 survivors (2048K)
 Metaspace       used 7829K, capacity 10595K, committed 10752K, reserved 1058816K
  class space    used 376K, capacity 687K, committed 768K, reserved 1048576K
}
Event: 70.761 GC heap after
{Heap after GC invocations=16 (full 0):
 garbage-first heap   total 313344K, used 93184K [0x0000000702200000, 0x0000000800000000)
  region size 1024K, 2 young (2048K), 2 survivors (2048K)
 Metaspace       used 7829K, capacity 10595K, committed 10752K, reserved 1058816K
  class space    used 376K, capacity 687K, committed 768K, reserved 1048576K
}
Event: 72.924 GC heap before
{Heap before GC invocations=16 (full 0):
 garbage-first heap   total 313344K, used 106496K [0x0000000702200000, 0x0000000800000000)
  region size 1024K, 15 young (15360K), 2 survivors (2048K)
 Metaspace       used 7829K, capacity 10595K, committed 10752K, reserved 1058816K
  class space    used 376K, capacity 687K, committed 768K, reserved 1048576K
}
Event: 72.945 GC heap after
{Heap after GC invocations=17 (full 0):
 garbage-first heap   total 313344K, used 68280K [0x0000000702200000, 0x0000000800000000)
  region size 1024K, 2 young (2048K), 2 survivors (2048K)
 Metaspace       used 7829K, capacity 10595K, committed 10752K, reserved 1058816K
  class space    used 376K, capacity 687K, committed 768K, reserved 1048576K
}
Event: 99.061 GC heap before
{Heap before GC invocations=17 (full 0):
 garbage-first heap   total 313344K, used 206520K [0x0000000702200000, 0x0000000800000000)
  region size 1024K, 137 young (140288K), 2 survivors (2048K)
 Metaspace       used 7829K, capacity 10595K, committed 10752K, reserved 1058816K
  class space    used 376K, capacity 687K, committed 768K, reserved 1048576K
}
Event: 99.264 GC heap after
{Heap after GC invocations=18 (full 0):
 garbage-first heap   total 313344K, used 144069K [0x0000000702200000, 0x0000000800000000)
  region size 1024K, 18 young (18432K), 18 survivors (18432K)
 Metaspace       used 7829K, capacity 10595K, committed 10752K, reserved 1058816K
  class space    used 376K, capacity 687K, committed 768K, reserved 1048576K
}

Deoptimization events (20 events):
Event: 64.787 Thread 0x0000020570390800 DEOPT PACKING pc=0x000002055557cfb2 sp=0x000000fbd8dff070
Event: 64.787 Thread 0x0000020570390800 DEOPT UNPACKING pc=0x0000020554d3964e sp=0x000000fbd8dfe580 mode 0
Event: 64.790 Thread 0x0000020570390800 DEOPT PACKING pc=0x000002055557cfb2 sp=0x000000fbd8dff070
Event: 64.790 Thread 0x0000020570390800 DEOPT UNPACKING pc=0x0000020554d3964e sp=0x000000fbd8dfe580 mode 0
Event: 64.793 Thread 0x0000020570390800 DEOPT PACKING pc=0x000002055557cfb2 sp=0x000000fbd8dff070
Event: 64.793 Thread 0x0000020570390800 DEOPT UNPACKING pc=0x0000020554d3964e sp=0x000000fbd8dfe580 mode 0
Event: 64.795 Thread 0x0000020570390800 DEOPT PACKING pc=0x000002055557cfb2 sp=0x000000fbd8dff070
Event: 64.795 Thread 0x0000020570390800 DEOPT UNPACKING pc=0x0000020554d3964e sp=0x000000fbd8dfe580 mode 0
Event: 64.798 Thread 0x0000020570390800 DEOPT PACKING pc=0x000002055557cfb2 sp=0x000000fbd8dff070
Event: 64.798 Thread 0x0000020570390800 DEOPT UNPACKING pc=0x0000020554d3964e sp=0x000000fbd8dfe580 mode 0
Event: 64.801 Thread 0x0000020570390800 DEOPT PACKING pc=0x000002055557cfb2 sp=0x000000fbd8dff070
Event: 64.801 Thread 0x0000020570390800 DEOPT UNPACKING pc=0x0000020554d3964e sp=0x000000fbd8dfe580 mode 0
Event: 66.278 Thread 0x0000020570390800 DEOPT PACKING pc=0x000002055557e8f2 sp=0x000000fbd8dff070
Event: 66.278 Thread 0x0000020570390800 DEOPT UNPACKING pc=0x0000020554d3964e sp=0x000000fbd8dfe580 mode 0
Event: 68.467 Thread 0x0000020570390800 DEOPT PACKING pc=0x000002055557e8f2 sp=0x000000fbd8dff070
Event: 68.467 Thread 0x0000020570390800 DEOPT UNPACKING pc=0x0000020554d3964e sp=0x000000fbd8dfe580 mode 0
Event: 89.038 Thread 0x000002054c528800 DEOPT PACKING pc=0x0000020555554a06 sp=0x000000fbd86fed50
Event: 89.038 Thread 0x000002054c528800 DEOPT UNPACKING pc=0x0000020554d3964e sp=0x000000fbd86fe398 mode 0
Event: 104.384 Thread 0x000002054c528800 DEOPT PACKING pc=0x00000205555095ae sp=0x000000fbd86fed30
Event: 104.384 Thread 0x000002054c528800 DEOPT UNPACKING pc=0x0000020554d3964e sp=0x000000fbd86fe1e8 mode 0

Classes unloaded (0 events):
No events

Classes redefined (0 events):
No events

Internal exceptions (5 events):
Event: 0.394 Thread 0x000002054c528800 Exception <a 'java/lang/NoSuchMethodError'{0x00000007116a4560}: 'void java.lang.invoke.DelegatingMethodHandle$Holder.delegate(java.lang.Object, java.lang.Object, int, java.lang.Object)'> (0x00000007116a4560) 
thrown [c:/cygwin64/tmp/openjdk-jdk13u-windows-x64-hotspot/workspace/build/src/src/hotspot/share/interpreter/linkResolver.cpp, line 767]
Event: 0.396 Thread 0x000002054c528800 Exception <a 'java/lang/NoSuchMethodError'{0x00000007116ab2b8}: 'java.lang.Object java.lang.invoke.DirectMethodHandle$Holder.invokeStaticInit(java.lang.Object, java.lang.Object, java.lang.Object)'> (0x00000007116ab2b8) 
thrown [c:/cygwin64/tmp/openjdk-jdk13u-windows-x64-hotspot/workspace/build/src/src/hotspot/share/interpreter/linkResolver.cpp, line 767]
Event: 2.035 Thread 0x000002054c528800 Exception <a 'sun/nio/fs/WindowsException'{0x0000000710f66808}> (0x0000000710f66808) 
thrown [c:/cygwin64/tmp/openjdk-jdk13u-windows-x64-hotspot/workspace/build/src/src/hotspot/share/prims/jni.cpp, line 598]
Event: 2.036 Thread 0x000002054c528800 Exception <a 'sun/nio/fs/WindowsException'{0x0000000710f66ce8}> (0x0000000710f66ce8) 
thrown [c:/cygwin64/tmp/openjdk-jdk13u-windows-x64-hotspot/workspace/build/src/src/hotspot/share/prims/jni.cpp, line 598]
Event: 22.892 Thread 0x0000020570390800 Implicit null exception at 0x000002055c8662a2 to 0x000002055c866d62

Events (20 events):
Event: 50.966 Executing VM operation: G1CollectForAllocation
Event: 51.072 Executing VM operation: G1CollectForAllocation done
Event: 58.582 Executing VM operation: G1CollectForAllocation
Event: 58.648 Executing VM operation: G1CollectForAllocation done
Event: 58.899 Executing VM operation: G1Concurrent
Event: 58.939 Executing VM operation: G1Concurrent done
Event: 59.031 Executing VM operation: G1Concurrent
Event: 59.031 Executing VM operation: G1Concurrent done
Event: 64.717 Executing VM operation: G1CollectForAllocation
Event: 64.772 Executing VM operation: G1CollectForAllocation done
Event: 66.263 Executing VM operation: G1CollectForAllocation
Event: 66.277 Executing VM operation: G1CollectForAllocation done
Event: 68.440 Executing VM operation: G1CollectForAllocation
Event: 68.462 Executing VM operation: G1CollectForAllocation done
Event: 70.738 Executing VM operation: G1CollectForAllocation
Event: 70.761 Executing VM operation: G1CollectForAllocation done
Event: 72.924 Executing VM operation: G1CollectForAllocation
Event: 72.946 Executing VM operation: G1CollectForAllocation done
Event: 99.061 Executing VM operation: G1CollectForAllocation
Event: 99.264 Executing VM operation: G1CollectForAllocation done


Dynamic libraries:
0x00007ff79b700000 - 0x00007ff79b70d000 	C:\Program Files\AdoptOpenJDK\jdk-13.0.1.9-hotspot\bin\javaw.exe
0x00007ffd7e4c0000 - 0x00007ffd7e6b0000 	C:\WINDOWS\SYSTEM32\ntdll.dll
0x00007ffd7d740000 - 0x00007ffd7d7f2000 	C:\WINDOWS\System32\KERNEL32.DLL
0x00007ffd7c2c0000 - 0x00007ffd7c563000 	C:\WINDOWS\System32\KERNELBASE.dll
0x00007ffd7b670000 - 0x00007ffd7b76a000 	C:\WINDOWS\System32\ucrtbase.dll
0x00007ffd55cb0000 - 0x00007ffd55cc8000 	C:\Program Files\AdoptOpenJDK\jdk-13.0.1.9-hotspot\bin\jli.dll
0x00007ffd5b5f0000 - 0x00007ffd5b606000 	C:\Program Files\AdoptOpenJDK\jdk-13.0.1.9-hotspot\bin\VCRUNTIME140.dll
0x00007ffd7d480000 - 0x00007ffd7d614000 	C:\WINDOWS\System32\USER32.dll
0x00007ffd7b640000 - 0x00007ffd7b661000 	C:\WINDOWS\System32\win32u.dll
0x00007ffd7d980000 - 0x00007ffd7d9a6000 	C:\WINDOWS\System32\GDI32.dll
0x00007ffd7b7f0000 - 0x00007ffd7b984000 	C:\WINDOWS\System32\gdi32full.dll
0x00007ffd6c8b0000 - 0x00007ffd6cb35000 	C:\WINDOWS\WinSxS\amd64_microsoft.windows.common-controls_6595b64144ccf1df_6.0.18362.535_none_e6c3b34713100821\COMCTL32.dll
0x00007ffd7b5a0000 - 0x00007ffd7b63e000 	C:\WINDOWS\System32\msvcp_win.dll
0x00007ffd7d6a0000 - 0x00007ffd7d73e000 	C:\WINDOWS\System32\msvcrt.dll
0x00007ffd7c730000 - 0x00007ffd7ca66000 	C:\WINDOWS\System32\combase.dll
0x00007ffd7cc60000 - 0x00007ffd7cd80000 	C:\WINDOWS\System32\RPCRT4.dll
0x00007ffd7b770000 - 0x00007ffd7b7f0000 	C:\WINDOWS\System32\bcryptPrimitives.dll
0x00007ffd7ca80000 - 0x00007ffd7caae000 	C:\WINDOWS\System32\IMM32.DLL
0x00007ffd412f0000 - 0x00007ffd4138b000 	C:\Program Files\AdoptOpenJDK\jdk-13.0.1.9-hotspot\bin\msvcp140.dll
0x00007ffcfc000000 - 0x00007ffcfcbf4000 	C:\Program Files\AdoptOpenJDK\jdk-13.0.1.9-hotspot\bin\server\jvm.dll
0x00007ffd7cd80000 - 0x00007ffd7ce23000 	C:\WINDOWS\System32\ADVAPI32.dll
0x00007ffd7d300000 - 0x00007ffd7d397000 	C:\WINDOWS\System32\sechost.dll
0x00007ffd7dcc0000 - 0x00007ffd7dcc8000 	C:\WINDOWS\System32\PSAPI.DLL
0x00007ffd57d20000 - 0x00007ffd57d29000 	C:\WINDOWS\SYSTEM32\WSOCK32.dll
0x00007ffd79080000 - 0x00007ffd790a4000 	C:\WINDOWS\SYSTEM32\WINMM.dll
0x00007ffd7d3a0000 - 0x00007ffd7d40f000 	C:\WINDOWS\System32\WS2_32.dll
0x00007ffd75240000 - 0x00007ffd7524a000 	C:\WINDOWS\SYSTEM32\VERSION.dll
0x00007ffd78c00000 - 0x00007ffd78c2d000 	C:\WINDOWS\SYSTEM32\winmmbase.dll
0x00007ffd7c190000 - 0x00007ffd7c1da000 	C:\WINDOWS\System32\cfgmgr32.dll
0x00007ffd7b430000 - 0x00007ffd7b441000 	C:\WINDOWS\System32\kernel.appcore.dll
0x00007ffd79220000 - 0x00007ffd79230000 	C:\Program Files\AdoptOpenJDK\jdk-13.0.1.9-hotspot\bin\verify.dll
0x00007ffd79d70000 - 0x00007ffd79f64000 	C:\WINDOWS\SYSTEM32\DBGHELP.DLL
0x00007ffd639c0000 - 0x00007ffd639ea000 	C:\WINDOWS\SYSTEM32\dbgcore.DLL
0x00007ffd778d0000 - 0x00007ffd778f6000 	C:\Program Files\AdoptOpenJDK\jdk-13.0.1.9-hotspot\bin\java.dll
0x00007ffd778b0000 - 0x00007ffd778c7000 	C:\Program Files\AdoptOpenJDK\jdk-13.0.1.9-hotspot\bin\zip.dll
0x00007ffd778a0000 - 0x00007ffd778aa000 	C:\Program Files\AdoptOpenJDK\jdk-13.0.1.9-hotspot\bin\jimage.dll
0x00007ffd7dcd0000 - 0x00007ffd7e3b5000 	C:\WINDOWS\System32\SHELL32.dll
0x00007ffd7da80000 - 0x00007ffd7db29000 	C:\WINDOWS\System32\shcore.dll
0x00007ffd7b9f0000 - 0x00007ffd7c16f000 	C:\WINDOWS\System32\windows.storage.dll
0x00007ffd7b3c0000 - 0x00007ffd7b3df000 	C:\WINDOWS\System32\profapi.dll
0x00007ffd7b3e0000 - 0x00007ffd7b42a000 	C:\WINDOWS\System32\powrprof.dll
0x00007ffd7b390000 - 0x00007ffd7b3a0000 	C:\WINDOWS\System32\UMPDC.dll
0x00007ffd7e3c0000 - 0x00007ffd7e412000 	C:\WINDOWS\System32\shlwapi.dll
0x00007ffd7c170000 - 0x00007ffd7c187000 	C:\WINDOWS\System32\cryptsp.dll
0x00007ffd6b6e0000 - 0x00007ffd6b6f9000 	C:\Program Files\AdoptOpenJDK\jdk-13.0.1.9-hotspot\bin\net.dll
0x00007ffd6e9e0000 - 0x00007ffd6ead0000 	C:\WINDOWS\SYSTEM32\WINHTTP.dll
0x00007ffd7ac00000 - 0x00007ffd7ac67000 	C:\WINDOWS\system32\mswsock.dll
0x00007ffd6b5d0000 - 0x00007ffd6b5e3000 	C:\Program Files\AdoptOpenJDK\jdk-13.0.1.9-hotspot\bin\nio.dll
0x00007ffd48fd0000 - 0x00007ffd49030000 	C:\Users\jtkom\AppData\Local\Temp\lwjgljtkom\3.2.1-build-3\lwjgl.dll
0x00007ffd47400000 - 0x00007ffd4745e000 	C:\Users\jtkom\AppData\Local\Temp\lwjgljtkom\3.2.1-build-3\glfw.dll
0x00007ffd793b0000 - 0x00007ffd79449000 	C:\WINDOWS\system32\uxtheme.dll
0x00007ffd42140000 - 0x00007ffd42183000 	C:\WINDOWS\SYSTEM32\dinput8.dll
0x00007ffd2e820000 - 0x00007ffd2e831000 	C:\WINDOWS\SYSTEM32\xinput1_4.dll
0x00007ffd7b190000 - 0x00007ffd7b1ba000 	C:\WINDOWS\SYSTEM32\DEVOBJ.dll
0x00007ffd797d0000 - 0x00007ffd797fd000 	C:\WINDOWS\SYSTEM32\dwmapi.dll
0x00007ffd5a480000 - 0x00007ffd5a59a000 	C:\WINDOWS\SYSTEM32\inputhost.dll
0x00007ffd77030000 - 0x00007ffd77183000 	C:\WINDOWS\SYSTEM32\wintypes.dll
0x00007ffd779f0000 - 0x00007ffd77adf000 	C:\WINDOWS\SYSTEM32\PROPSYS.dll
0x00007ffd77190000 - 0x00007ffd774ba000 	C:\WINDOWS\SYSTEM32\CoreUIComponents.dll
0x00007ffd78fa0000 - 0x00007ffd79074000 	C:\WINDOWS\SYSTEM32\CoreMessaging.dll
0x00007ffd7d800000 - 0x00007ffd7d8c4000 	C:\WINDOWS\System32\OLEAUT32.dll
0x00007ffd7a3d0000 - 0x00007ffd7a401000 	C:\WINDOWS\SYSTEM32\ntmarta.dll
0x00007ffd7c5f0000 - 0x00007ffd7c725000 	C:\WINDOWS\System32\MSCTF.dll
0x00007ffd56400000 - 0x00007ffd5650d000 	C:\Program Files (x86)\Razer\Razer Cortex\x64\k_fps64.dll
0x00007ffd56380000 - 0x00007ffd563ff000 	C:\Program Files (x86)\Razer\Razer Cortex\x64\d3dx10_43.dll
0x00007ffd7db40000 - 0x00007ffd7dc96000 	C:\WINDOWS\System32\ole32.dll
0x00007ffd4f6b0000 - 0x00007ffd4f707000 	C:\Program Files (x86)\Razer\Razer Cortex\x64\EasyHook64.dll
0x00007ffd145e0000 - 0x00007ffd1484f000 	C:\Program Files (x86)\Razer\Razer Cortex\x64\D3DCOMPILER_43.dll
0x00007ffd51190000 - 0x00007ffd512e6000 	C:\WINDOWS\SYSTEM32\OPENGL32.dll
0x00007ffd14370000 - 0x00007ffd145d3000 	C:\Program Files (x86)\Razer\Razer Cortex\x64\d3dx9_43.dll
0x00007ffd5c060000 - 0x00007ffd5c08c000 	C:\WINDOWS\SYSTEM32\GLU32.dll
0x00007ffd79fe0000 - 0x00007ffd7a000000 	C:\WINDOWS\SYSTEM32\dxcore.dll
0x00007ffd79cb0000 - 0x00007ffd79cbe000 	C:\WINDOWS\SYSTEM32\HID.DLL
0x00007ffd7ce90000 - 0x00007ffd7d300000 	C:\WINDOWS\System32\SETUPAPI.DLL
0x00007ffd7c1e0000 - 0x00007ffd7c206000 	C:\WINDOWS\System32\bcrypt.dll
0x00007ffd7b990000 - 0x00007ffd7b9ec000 	C:\WINDOWS\System32\WINTRUST.dll
0x00007ffd7b3a0000 - 0x00007ffd7b3b2000 	C:\WINDOWS\System32\MSASN1.dll
0x00007ffd7b450000 - 0x00007ffd7b599000 	C:\WINDOWS\System32\CRYPT32.dll
0x0000000059b10000 - 0x000000005c149000 	C:\WINDOWS\System32\DriverStore\FileRepository\nvlti.inf_amd64_c0cfdefe088aa746\nvoglv64.dll
0x00007ffd77b10000 - 0x00007ffd77b23000 	C:\WINDOWS\SYSTEM32\WTSAPI32.dll
0x00007ffd30a90000 - 0x00007ffd30d52000 	C:\WINDOWS\system32\nvspcap64.dll
0x00007ffd7a440000 - 0x00007ffd7a49c000 	C:\WINDOWS\SYSTEM32\WINSTA.dll
0x00007ffd7a070000 - 0x00007ffd7a15b000 	C:\WINDOWS\SYSTEM32\dxgi.dll
0x00007ffd787c0000 - 0x00007ffd78a1b000 	C:\WINDOWS\SYSTEM32\d3d11.dll
0x00007ffd4c940000 - 0x00007ffd4ca2e000 	C:\WINDOWS\System32\DriverStore\FileRepository\nvlti.inf_amd64_c0cfdefe088aa746\nvldumdx.dll
0x00007ffd7dca0000 - 0x00007ffd7dcbd000 	C:\WINDOWS\System32\imagehlp.dll
0x00007ffd7a770000 - 0x00007ffd7a7a3000 	C:\WINDOWS\system32\rsaenh.dll
0x00007ffd7add0000 - 0x00007ffd7addc000 	C:\WINDOWS\SYSTEM32\CRYPTBASE.dll
0x00007ffd17a40000 - 0x00007ffd1a09b000 	C:\WINDOWS\System32\DriverStore\FileRepository\nvlti.inf_amd64_c0cfdefe088aa746\nvwgf2umx.dll
0x00007ffd6dd00000 - 0x00007ffd6e1f7000 	C:\WINDOWS\SYSTEM32\nvapi64.dll
0x00007ffd5a3e0000 - 0x00007ffd5a47e000 	C:\WINDOWS\System32\TextInputFramework.dll
0x00007ffd6cf40000 - 0x00007ffd6d1e6000 	C:\WINDOWS\System32\iertutil.dll
0x00007ffd40cc0000 - 0x00007ffd40d1a000 	C:\Users\jtkom\AppData\Local\Temp\lwjgljtkom\3.2.1-build-3\lwjgl_opengl.dll
0x00007ffd77890000 - 0x00007ffd77893000 	C:\Users\jtkom\AppData\Local\Temp\jomljtkom\a2476102\joml.dll
0x00007ffd71cf0000 - 0x00007ffd72b40000 	C:\WINDOWS\System32\DriverStore\FileRepository\igdlh64.inf_amd64_ba34b5e302b5992f\igd10iumd64.dll
0x00007ffd7aed0000 - 0x00007ffd7aef6000 	C:\WINDOWS\SYSTEM32\ncrypt.dll
0x00007ffd7ae90000 - 0x00007ffd7aecb000 	C:\WINDOWS\SYSTEM32\NTASN1.dll
0x00007ffd71b80000 - 0x00007ffd71c9d000 	C:\WINDOWS\System32\DriverStore\FileRepository\igdlh64.inf_amd64_ba34b5e302b5992f\igdgmm64.dll
0x00007ffd6f050000 - 0x00007ffd712f5000 	C:\WINDOWS\System32\DriverStore\FileRepository\igdlh64.inf_amd64_ba34b5e302b5992f\igc64.dll

dbghelp: loaded successfully - version: 4.0.5 - missing functions: none
symbol engine: initialized successfully - sym options: 0x614 - pdb path: .;C:\Program Files\AdoptOpenJDK\jdk-13.0.1.9-hotspot\bin;C:\WINDOWS\SYSTEM32;C:\WINDOWS\WinSxS\amd64_microsoft.windows.common-controls_6595b64144ccf1df_6.0.18362.535_none_e6c3b34713100821;C:\Program Files\AdoptOpenJDK\jdk-13.0.1.9-hotspot\bin\server;C:\Users\jtkom\AppData\Local\Temp\lwjgljtkom\3.2.1-build-3;C:\Program Files (x86)\Razer\Razer Cortex\x64;C:\WINDOWS\System32\DriverStore\FileRepository\nvlti.inf_amd64_c0cfdefe088aa746;C:\Users\jtkom\AppData\Local\Temp\jomljtkom\a2476102;C:\WINDOWS\System32\DriverStore\FileRepository\igdlh64.inf_amd64_ba34b5e302b5992f

VM Arguments:
jvm_args: -Dfile.encoding=Cp1252 
java_command: gameEngine.Start
java_class_path (initial): D:\game3\Game\src;D:\game3\Game\libwin\joml-1.9.9-sources.jar;D:\game3\Game\libwin\joml-1.9.9.jar;D:\game3\Game\libwin\lwjgl-assimp-javadoc.jar;D:\game3\Game\libwin\lwjgl-assimp-natives-windows.jar;D:\game3\Game\libwin\lwjgl-assimp-sources.jar;D:\game3\Game\libwin\lwjgl-assimp.jar;D:\game3\Game\libwin\lwjgl-bgfx-javadoc.jar;D:\game3\Game\libwin\lwjgl-bgfx-natives-windows.jar;D:\game3\Game\libwin\lwjgl-bgfx-sources.jar;D:\game3\Game\libwin\lwjgl-bgfx.jar;D:\game3\Game\libwin\lwjgl-egl-javadoc.jar;D:\game3\Game\libwin\lwjgl-egl-sources.jar;D:\game3\Game\libwin\lwjgl-egl.jar;D:\game3\Game\libwin\lwjgl-glfw-javadoc.jar;D:\game3\Game\libwin\lwjgl-glfw-natives-windows.jar;D:\game3\Game\libwin\lwjgl-glfw-sources.jar;D:\game3\Game\libwin\lwjgl-glfw.jar;D:\game3\Game\libwin\lwjgl-javadoc.jar;D:\game3\Game\libwin\lwjgl-jawt-javadoc.jar;D:\game3\Game\libwin\lwjgl-jawt-sources.jar;D:\game3\Game\libwin\lwjgl-jawt.jar;D:\game3\Game\libwin\lwjgl-jemalloc-javadoc.jar;D:\game3\Game\libwin\lwjgl-jemalloc-natives-windows.jar;D:\game3\Game\libwin\lwjgl-jemalloc-sources.jar;D:\game3\Game\libwin\lwjgl-jemalloc.jar;D:\game3\Game\libwin\lwjgl-lmdb-javadoc.jar;D:\game3\Game\libwin\lwjgl-lmdb-natives-windows.jar;D:\game3\Game\libwin\lwjgl-lmdb-sources.jar;D:\game3\Game\libwin\lwjgl-lmdb.jar;D:\game3\Game\libwin\lwjgl-lz4-javadoc.jar;D:\game3\Game\libwin\lwjgl-lz4-natives-windows.jar;D:\game3\Game\libwin\lwjgl-lz4-sources.jar;D:\game3\Game\libwin\lwjgl-lz4.jar;D:\game3\Game\libwin\lwjgl-nanovg-javadoc.jar;D:\game3\Game\libwin\lwjgl-nanovg-natives-windows.jar;D:\game3\Game\libwin\lwjgl-nanovg-sources.jar;D:\game3\Game\libwin\lwjgl-nanovg.jar;D:\game3\Game\libwin\lwjgl-natives-windows.jar;D:\game3\Game\libwin\lwjgl-nfd-javadoc.jar;D:\game3\Game\libwin\lwjgl-nfd-natives-windows.jar;D:\game3\Game\libwin\lwjgl-nfd-sources.jar;D:\game3\Game\libwin\lwjgl-nfd.jar;D:\game3\Game\libwin\lwjgl-nuklear-javadoc.jar;D:\game3\Game\libwin\lwjgl-nuklear-natives-windows.jar;D:\game3
Launcher Type: SUN_STANDARD

[Global flags]
     intx CICompilerCount                          = 4                                         {product} {ergonomic}
     uint ConcGCThreads                            = 2                                         {product} {ergonomic}
     uint G1ConcRefinementThreads                  = 8                                         {product} {ergonomic}
   size_t G1HeapRegionSize                         = 1048576                                   {product} {ergonomic}
    uintx GCDrainStackTargetSize                   = 64                                        {product} {ergonomic}
   size_t InitialHeapSize                          = 266338304                                 {product} {ergonomic}
   size_t MarkStackSize                            = 4194304                                   {product} {ergonomic}
   size_t MaxHeapSize                              = 4259315712                                {product} {ergonomic}
   size_t MaxNewSize                               = 2555379712                                {product} {ergonomic}
   size_t MinHeapDeltaBytes                        = 1048576                                   {product} {ergonomic}
   size_t MinHeapSize                              = 8388608                                   {product} {ergonomic}
    uintx NonNMethodCodeHeapSize                   = 5836300                                {pd product} {ergonomic}
    uintx NonProfiledCodeHeapSize                  = 122910970                              {pd product} {ergonomic}
    uintx ProfiledCodeHeapSize                     = 122910970                              {pd product} {ergonomic}
    uintx ReservedCodeCacheSize                    = 251658240                              {pd product} {ergonomic}
     bool SegmentedCodeCache                       = true                                      {product} {ergonomic}
   size_t SoftMaxHeapSize                          = 4259315712                             {manageable} {ergonomic}
     bool UseCompressedClassPointers               = true                                 {lp64_product} {ergonomic}
     bool UseCompressedOops                        = true                                 {lp64_product} {ergonomic}
     bool UseG1GC                                  = true                                      {product} {ergonomic}
     bool UseLargePagesIndividualAllocation        = false                                  {pd product} {ergonomic}

Logging:
Log output configuration:
 #0: stdout all=warning uptime,level,tags
 #1: stderr all=off uptime,level,tags

Environment Variables:
JAVA_HOME=C:\Program Files\Java\jdk-10.0.2
PATH=C:/Program Files/AdoptOpenJDK/jdk-13.0.1.9-hotspot/bin/client;C:/Program Files/AdoptOpenJDK/jdk-13.0.1.9-hotspot/bin;C:\Program Files\AdoptOpenJDK\jdk-13.0.1.9-hotspot\bin;C:\Program Files\Python37\Scripts\;C:\Program Files\Python37\;C:\Program Files (x86)\Common Files\Oracle\Java\javapath;C:\Program Files\Intel\Intel(R) Management Engine Components\iCLS\;C:\Windows\system32;C:\Windows;C:\Windows\System32\Wbem;C:\Windows\System32\WindowsPowerShell\v1.0\;C:\Windows\System32\OpenSSH\;C:\Program Files (x86)\Intel\Intel(R) Management Engine Components\DAL;C:\Program Files\Intel\Intel(R) Management Engine Components\DAL;C:\Program Files (x86)\Intel\Intel(R) Management Engine Components\IPT;C:\Program Files\Intel\Intel(R) Management Engine Components\IPT;C:\android-sdk\tools;C:\android-sdk\platform-tools;C:\Users\jtkom\AppData\Local\Microsoft\WindowsApps;C:\adb;C:\Program Files\Microsoft VS Code\bin;C:\Program Files\Git\cmd;C:\Users\jtkom\eclipse\java-photon\eclipse.exe;C:\Program Files\NASM;C:\Program Files\Python37\Scripts;C:\Program Files (x86)\NVIDIA Corporation\PhysX\Common;C:\apache-maven-3.6.0\bin;C:\Program Files\dotnet\;C:\Program Files\Java\jdk-10.0.2;C:\eda\ghdl\GHDL\20181129-mingw32-mcode\bin;C:\eda\gtkwave\gtkwave\bin;C:\eda;C:\WINDOWS\system32;C:\WINDOWS;C:\WINDOWS\System32\Wbem;C:\WINDOWS\System32\WindowsPowerShell\v1.0\;C:\WINDOWS\System32\OpenSSH\;C:\Program Files\NVIDIA Corporation\NVIDIA NvDLISR;C:\Gradle\gradle-5.6.3-all;C:\Gradle\gradle-5.6.3-all\gradle-5.6.3\bin;C:\Users\jtkom\AppData\Local\Microsoft\WindowsApps;C:\Users\jtkom\AppData\Local\GitHubDesktop\bin;C:\Users\jtkom\AppData\Local\Programs\Microsoft VS Code\bin;C:\Users\jtkom\AppData\Local\Microsoft\WindowsApps;;C:\Program Files\JetBrains\IntelliJ IDEA Community Edition 2019.2.3\bin;;C:\CodeRepository\eclipse;
USERNAME=jtkom
OS=Windows_NT
PROCESSOR_IDENTIFIER=Intel64 Family 6 Model 158 Stepping 9, GenuineIntel



---------------  S Y S T E M  ---------------

OS: Windows 10 , 64 bit Build 18362 (10.0.18362.329)

CPU:total 8 (initial active 8) (4 cores per cpu, 2 threads per core) family 6 model 158 stepping 9, cmov, cx8, fxsr, mmx, sse, sse2, sse3, ssse3, sse4.1, sse4.2, popcnt, avx, avx2, aes, clmul, erms, 3dnowpref, lzcnt, ht, tsc, tscinvbit, bmi1, bmi2, adx, fma

Memory: 4k page, system-wide physical 16244M (941M free)
TotalPageFile size 65396M (AvailPageFile size 0M)
current process WorkingSet (physical memory assigned to process): 3912M, peak: 3914M
current process commit charge ("private bytes"): 6867M, peak: 6867M

vm_info: OpenJDK 64-Bit Server VM (13.0.1+9) for windows-amd64 JRE (13.0.1+9), built on Oct 26 2019 10:16:33 by "" with MS VC++ 15.8 (VS2017)

END.
