#
# A fatal error has been detected by the Java Runtime Environment:
#
#  EXCEPTION_ACCESS_VIOLATION (0xc0000005) at pc=0x0000000062a89297, pid=25644, tid=25216
#
# JRE version: OpenJDK Runtime Environment (13.0.1+9) (build 13.0.1+9)
# Java VM: OpenJDK 64-Bit Server VM (13.0.1+9, mixed mode, sharing, tiered, compressed oops, g1 gc, windows-amd64)
# Problematic frame:
# C  [nvoglv64.dll+0xf29297]
#
# No core dump will be written. Minidumps are not enabled by default on client versions of Windows
#
# If you would like to submit a bug report, please visit:
#   https://github.com/AdoptOpenJDK/openjdk-build/issues
# The crash happened outside the Java Virtual Machine in native code.
# See problematic frame for where to report the bug.
#

---------------  S U M M A R Y ------------

Command Line: -Dfile.encoding=Cp1252 gameEngine.Start

Host: Intel(R) Core(TM) i7-7700HQ CPU @ 2.80GHz, 8 cores, 15G,  Windows 10 , 64 bit Build 18362 (10.0.18362.329)
Time: Wed Nov 13 14:17:16 2019 Pacific Standard Time elapsed time: 1 seconds (0d 0h 0m 1s)

---------------  T H R E A D  ---------------

Current thread (0x00000252bde95800):  JavaThread "main" [_thread_in_native, id=25216, stack(0x000000aa7a500000,0x000000aa7a600000)]

Stack: [0x000000aa7a500000,0x000000aa7a600000],  sp=0x000000aa7a5fee08,  free space=1019k
Native frames: (J=compiled Java code, j=interpreted, Vv=VM code, C=native code)
C  [nvoglv64.dll+0xf29297]

Java frames: (J=compiled Java code, j=interpreted, Vv=VM code)
j  org.lwjgl.opengl.GL11C.nglTexImage2D(IIIIIIIIJ)V+0
j  org.lwjgl.opengl.GL11C.glTexImage2D(IIIIIIIILjava/nio/ByteBuffer;)V+17
j  org.lwjgl.opengl.GL11.glTexImage2D(IIIIIIIILjava/nio/ByteBuffer;)V+14
j  gameEngine.Texture.loadTexture(Ljava/nio/ByteBuffer;)V+62
j  gameEngine.Texture.<init>(II)V+68
j  fboclasses.FBO.createTexture(II)V+7
j  fboclasses.FBO.<init>(II)V+39
j  gameEngine.Start.main([Ljava/lang/String;)V+1168
v  ~StubRoutines::call_stub

siginfo: EXCEPTION_ACCESS_VIOLATION (0xc0000005), reading address 0x0000000000000010


Register to memory mapping:

RIP=0x0000000062a89297 nvoglv64.dll
RAX=0x00000252e46d391c points into unknown readable memory: 00 00 00 00
RBX=0x00000252e46d391c points into unknown readable memory: 00 00 00 00
RCX=0x0000000000004000 is an unknown value
RDX=0xfffffdad1b92c6f4 is an unknown value
RSP=0x000000aa7a5fee08 is pointing into the stack for thread: 0x00000252bde95800
RBP=0x0000000000000010 is an unknown value
RSI=0x0000000000000010 is an unknown value
RDI=0x00000252e46d391c points into unknown readable memory: 00 00 00 00
R8 =0x0000000000004000 is an unknown value
R9 =0x0000000000000008 is an unknown value
R10=0x0000000000000010 is an unknown value
R11=0x00000252e509e080 points into unknown readable memory: 00 00 00 00 00 00 00 00
R12=0x0000000000001908 is an unknown value
R13=0x0 is NULL
R14=0x0000000000000040 is an unknown value
R15=0x0000000000001401 is an unknown value


Registers:
RAX=0x00000252e46d391c, RBX=0x00000252e46d391c, RCX=0x0000000000004000, RDX=0xfffffdad1b92c6f4
RSP=0x000000aa7a5fee08, RBP=0x0000000000000010, RSI=0x0000000000000010, RDI=0x00000252e46d391c
R8 =0x0000000000004000, R9 =0x0000000000000008, R10=0x0000000000000010, R11=0x00000252e509e080
R12=0x0000000000001908, R13=0x0000000000000000, R14=0x0000000000000040, R15=0x0000000000001401
RIP=0x0000000062a89297, EFLAGS=0x0000000000010203

Top of Stack: (sp=0x000000aa7a5fee08)
0x000000aa7a5fee08:   000000006220e5b2 0000000000000040
0x000000aa7a5fee18:   0000000000000000 00000000ffffffff
0x000000aa7a5fee28:   000000aa7a5feed9 0000025200001908
0x000000aa7a5fee38:   0000000700001401 0000000000000010
0x000000aa7a5fee48:   0000025200000000 0000000000004000
0x000000aa7a5fee58:   00000252bde95800 00000252bde95800
0x000000aa7a5fee68:   000000aa7a5ff080 00000252f0a7a780
0x000000aa7a5fee78:   0000000000000000 0000000000001908
0x000000aa7a5fee88:   0000000000000000 0000000000000de1
0x000000aa7a5fee98:   00007ffc1a7402f4 000000aa00000de1
0x000000aa7a5feea8:   000000aa00000000 0000025200001908
0x000000aa7a5feeb8:   0000000000000040 0000025200000040
0x000000aa7a5feec8:   0000025200000000 000000aa00001908
0x000000aa7a5feed8:   000000aa00001401 0000000000000010
0x000000aa7a5feee8:   0000000710538938 0000000000000010
0x000000aa7a5feef8:   00007ffbfe85cab5 0000000000000de1 

Instructions: (pc=0x0000000062a89297)
0x0000000062a89197:   02 84 45 00 74 05 f6 07 08 74 24 41 f6 06 01 74
0x0000000062a891a7:   05 f6 07 01 74 19 41 f6 06 04 74 05 f6 07 04 74
0x0000000062a891b7:   0e 41 84 06 74 04 84 07 74 05 bb 01 00 00 00 8b
0x0000000062a891c7:   c3 eb 05 b8 01 00 00 00 48 8b 5c 24 30 48 8b 6c
0x0000000062a891d7:   24 38 48 8b 74 24 40 48 8b 7c 24 48 48 83 c4 20
0x0000000062a891e7:   41 5e c3 cc cc 48 83 ec 28 e8 23 e4 01 00 cc cc
0x0000000062a891f7:   cc 48 83 ec 28 e8 67 1e 00 00 48 85 c0 74 03 8b
0x0000000062a89207:   40 30 85 c0 0f 95 c0 48 83 c4 28 c3 cc 4d 85 c0
0x0000000062a89217:   74 0d 38 11 74 09 48 ff c1 49 83 e8 01 75 f3 49
0x0000000062a89227:   f7 d8 48 1b c0 48 23 c1 c3 cc cc cc cc cc cc 66
0x0000000062a89237:   66 0f 1f 84 00 00 00 00 00 4c 8b d9 4c 8b d2 49
0x0000000062a89247:   83 f8 10 0f 86 70 00 00 00 49 83 f8 20 76 4a 48
0x0000000062a89257:   2b d1 73 0f 49 8b c2 49 03 c0 48 3b c8 0f 8c 36
0x0000000062a89267:   03 00 00 49 81 f8 80 00 00 00 0f 86 69 02 00 00
0x0000000062a89277:   0f ba 25 75 4f 57 01 01 0f 83 ab 01 00 00 49 8b
0x0000000062a89287:   c3 4c 8b df 48 8b f9 49 8b c8 4c 8b c6 49 8b f2
0x0000000062a89297:   f3 a4 49 8b f0 49 8b fb c3 0f 10 02 41 0f 10 4c
0x0000000062a892a7:   10 f0 0f 11 01 41 0f 11 4c 08 f0 48 8b c1 c3 66
0x0000000062a892b7:   66 0f 1f 84 00 00 00 00 00 48 8b c1 4c 8d 0d 36
0x0000000062a892c7:   6d 0d ff 43 8b 8c 81 d7 92 f2 00 49 03 c9 ff e1
0x0000000062a892d7:   20 93 f2 00 3f 93 f2 00 21 93 f2 00 2f 93 f2 00
0x0000000062a892e7:   6b 93 f2 00 70 93 f2 00 80 93 f2 00 90 93 f2 00
0x0000000062a892f7:   28 93 f2 00 c0 93 f2 00 d0 93 f2 00 50 93 f2 00
0x0000000062a89307:   e0 93 f2 00 a8 93 f2 00 f0 93 f2 00 10 94 f2 00
0x0000000062a89317:   45 93 f2 00 0f 1f 44 00 00 c3 0f b7 0a 66 89 08
0x0000000062a89327:   c3 48 8b 0a 48 89 08 c3 0f b7 0a 44 0f b6 42 02
0x0000000062a89337:   66 89 08 44 88 40 02 c3 0f b6 0a 88 08 c3 f3 0f
0x0000000062a89347:   6f 02 f3 0f 7f 00 c3 66 90 4c 8b 02 0f b7 4a 08
0x0000000062a89357:   44 0f b6 4a 0a 4c 89 00 66 89 48 08 44 88 48 0a
0x0000000062a89367:   49 8b cb c3 8b 0a 89 08 c3 8b 0a 44 0f b6 42 04
0x0000000062a89377:   89 08 44 88 40 04 c3 66 90 8b 0a 44 0f b7 42 04
0x0000000062a89387:   89 08 66 44 89 40 04 c3 90 8b 0a 44 0f b7 42 04 


Stack slot to memory mapping:
stack at sp + 0 slots: 0x000000006220e5b2 nvoglv64.dll
stack at sp + 1 slots: 0x0000000000000040 is an unknown value
stack at sp + 2 slots: 0x0 is NULL
stack at sp + 3 slots: 0x00000000ffffffff is an unknown value
stack at sp + 4 slots: 0x000000aa7a5feed9 is pointing into the stack for thread: 0x00000252bde95800
stack at sp + 5 slots: 0x0000025200001908 is an unknown value
stack at sp + 6 slots: 0x0000000700001401 is an unknown value
stack at sp + 7 slots: 0x0000000000000010 is an unknown value


---------------  P R O C E S S  ---------------

Threads class SMR info:
_java_thread_list=0x00000252e4ac3fe0, length=12, elements={
0x00000252bde95800, 0x00000252e1cfc800, 0x00000252e1cff000, 0x00000252e25a1000,
0x00000252e25a3800, 0x00000252e25a5800, 0x00000252e25af800, 0x00000252e25b0800,
0x00000252e26f6800, 0x00000252e2718800, 0x00000252e4c5e800, 0x00000252e4c5f800
}

Java Threads: ( => current thread )
=>0x00000252bde95800 JavaThread "main" [_thread_in_native, id=25216, stack(0x000000aa7a500000,0x000000aa7a600000)]
  0x00000252e1cfc800 JavaThread "Reference Handler" daemon [_thread_blocked, id=5188, stack(0x000000aa7ac00000,0x000000aa7ad00000)]
  0x00000252e1cff000 JavaThread "Finalizer" daemon [_thread_blocked, id=26572, stack(0x000000aa7ad00000,0x000000aa7ae00000)]
  0x00000252e25a1000 JavaThread "Signal Dispatcher" daemon [_thread_blocked, id=5972, stack(0x000000aa7ae00000,0x000000aa7af00000)]
  0x00000252e25a3800 JavaThread "Attach Listener" daemon [_thread_blocked, id=4276, stack(0x000000aa7af00000,0x000000aa7b000000)]
  0x00000252e25a5800 JavaThread "C2 CompilerThread0" daemon [_thread_blocked, id=644, stack(0x000000aa7b000000,0x000000aa7b100000)]
  0x00000252e25af800 JavaThread "C1 CompilerThread0" daemon [_thread_blocked, id=12964, stack(0x000000aa7b100000,0x000000aa7b200000)]
  0x00000252e25b0800 JavaThread "Sweeper thread" daemon [_thread_blocked, id=900, stack(0x000000aa7b200000,0x000000aa7b300000)]
  0x00000252e26f6800 JavaThread "Service Thread" daemon [_thread_blocked, id=22224, stack(0x000000aa7b300000,0x000000aa7b400000)]
  0x00000252e2718800 JavaThread "Common-Cleaner" daemon [_thread_blocked, id=21748, stack(0x000000aa7b500000,0x000000aa7b600000)]
  0x00000252e4c5e800 JavaThread "C2 CompilerThread1" daemon [_thread_blocked, id=22704, stack(0x000000aa7be00000,0x000000aa7bf00000)]
  0x00000252e4c5f800 JavaThread "C2 CompilerThread2" daemon [_thread_blocked, id=3980, stack(0x000000aa7bf00000,0x000000aa7c000000)]

Other Threads:
  0x00000252e1cfb000 VMThread "VM Thread" [stack: 0x000000aa7ab00000,0x000000aa7ac00000] [id=26304]
  0x00000252e26f7800 WatcherThread [stack: 0x000000aa7b400000,0x000000aa7b500000] [id=20760]
  0x00000252bdf02800 GCTaskThread "GC Thread#0" [stack: 0x000000aa7a600000,0x000000aa7a700000] [id=16740]
  0x00000252e4ad3800 GCTaskThread "GC Thread#1" [stack: 0x000000aa7c000000,0x000000aa7c100000] [id=4112]
  0x00000252e4af3800 GCTaskThread "GC Thread#2" [stack: 0x000000aa7c100000,0x000000aa7c200000] [id=22172]
  0x00000252e4ae5000 GCTaskThread "GC Thread#3" [stack: 0x000000aa7c200000,0x000000aa7c300000] [id=10848]
  0x00000252e4ae5800 GCTaskThread "GC Thread#4" [stack: 0x000000aa7c300000,0x000000aa7c400000] [id=24156]
  0x00000252e4ae6800 GCTaskThread "GC Thread#5" [stack: 0x000000aa7c400000,0x000000aa7c500000] [id=2504]
  0x00000252bdf24000 ConcurrentGCThread "G1 Main Marker" [stack: 0x000000aa7a700000,0x000000aa7a800000] [id=23236]
  0x00000252bdf25800 ConcurrentGCThread "G1 Conc#0" [stack: 0x000000aa7a800000,0x000000aa7a900000] [id=18424]
  0x00000252e1bed800 ConcurrentGCThread "G1 Refine#0" [stack: 0x000000aa7a900000,0x000000aa7aa00000] [id=1936]
  0x00000252e1bf1000 ConcurrentGCThread "G1 Young RemSet Sampling" [stack: 0x000000aa7aa00000,0x000000aa7ab00000] [id=20448]

Threads with active compile tasks:

VM state:not at safepoint (normal execution)

VM Mutex/Monitor currently owned by a thread: None

Heap address: 0x0000000702200000, size: 4062 MB, Compressed Oops mode: Zero based, Oop shift amount: 3
Narrow klass base: 0x0000000800000000, Narrow klass shift: 3
Compressed class space size: 1073741824 Address: 0x0000000800b50000

Heap:
 garbage-first heap   total 260096K, used 33613K [0x0000000702200000, 0x0000000800000000)
  region size 1024K, 34 young (34816K), 3 survivors (3072K)
 Metaspace       used 6223K, capacity 9290K, committed 9600K, reserved 1058816K
  class space    used 289K, capacity 614K, committed 640K, reserved 1048576K
Heap Regions: E=young(eden), S=young(survivor), O=old, HS=humongous(starts), HC=humongous(continues), CS=collection set, F=free, A=archive, TAMS=top-at-mark-start (previous, next)
|   0|0x0000000702200000, 0x0000000702200000, 0x0000000702300000|  0%| F|  |TAMS 0x0000000702200000, 0x0000000702200000| Untracked 
|   1|0x0000000702300000, 0x0000000702300000, 0x0000000702400000|  0%| F|  |TAMS 0x0000000702300000, 0x0000000702300000| Untracked 
|   2|0x0000000702400000, 0x0000000702400000, 0x0000000702500000|  0%| F|  |TAMS 0x0000000702400000, 0x0000000702400000| Untracked 
|   3|0x0000000702500000, 0x0000000702500000, 0x0000000702600000|  0%| F|  |TAMS 0x0000000702500000, 0x0000000702500000| Untracked 
|   4|0x0000000702600000, 0x0000000702600000, 0x0000000702700000|  0%| F|  |TAMS 0x0000000702600000, 0x0000000702600000| Untracked 
|   5|0x0000000702700000, 0x0000000702700000, 0x0000000702800000|  0%| F|  |TAMS 0x0000000702700000, 0x0000000702700000| Untracked 
|   6|0x0000000702800000, 0x0000000702800000, 0x0000000702900000|  0%| F|  |TAMS 0x0000000702800000, 0x0000000702800000| Untracked 
|   7|0x0000000702900000, 0x0000000702900000, 0x0000000702a00000|  0%| F|  |TAMS 0x0000000702900000, 0x0000000702900000| Untracked 
|   8|0x0000000702a00000, 0x0000000702a00000, 0x0000000702b00000|  0%| F|  |TAMS 0x0000000702a00000, 0x0000000702a00000| Untracked 
|   9|0x0000000702b00000, 0x0000000702b00000, 0x0000000702c00000|  0%| F|  |TAMS 0x0000000702b00000, 0x0000000702b00000| Untracked 
|  10|0x0000000702c00000, 0x0000000702c00000, 0x0000000702d00000|  0%| F|  |TAMS 0x0000000702c00000, 0x0000000702c00000| Untracked 
|  11|0x0000000702d00000, 0x0000000702d00000, 0x0000000702e00000|  0%| F|  |TAMS 0x0000000702d00000, 0x0000000702d00000| Untracked 
|  12|0x0000000702e00000, 0x0000000702e00000, 0x0000000702f00000|  0%| F|  |TAMS 0x0000000702e00000, 0x0000000702e00000| Untracked 
|  13|0x0000000702f00000, 0x0000000702f00000, 0x0000000703000000|  0%| F|  |TAMS 0x0000000702f00000, 0x0000000702f00000| Untracked 
|  14|0x0000000703000000, 0x0000000703000000, 0x0000000703100000|  0%| F|  |TAMS 0x0000000703000000, 0x0000000703000000| Untracked 
|  15|0x0000000703100000, 0x0000000703100000, 0x0000000703200000|  0%| F|  |TAMS 0x0000000703100000, 0x0000000703100000| Untracked 
|  16|0x0000000703200000, 0x0000000703200000, 0x0000000703300000|  0%| F|  |TAMS 0x0000000703200000, 0x0000000703200000| Untracked 
|  17|0x0000000703300000, 0x0000000703300000, 0x0000000703400000|  0%| F|  |TAMS 0x0000000703300000, 0x0000000703300000| Untracked 
|  18|0x0000000703400000, 0x0000000703400000, 0x0000000703500000|  0%| F|  |TAMS 0x0000000703400000, 0x0000000703400000| Untracked 
|  19|0x0000000703500000, 0x0000000703500000, 0x0000000703600000|  0%| F|  |TAMS 0x0000000703500000, 0x0000000703500000| Untracked 
|  20|0x0000000703600000, 0x0000000703600000, 0x0000000703700000|  0%| F|  |TAMS 0x0000000703600000, 0x0000000703600000| Untracked 
|  21|0x0000000703700000, 0x0000000703700000, 0x0000000703800000|  0%| F|  |TAMS 0x0000000703700000, 0x0000000703700000| Untracked 
|  22|0x0000000703800000, 0x0000000703800000, 0x0000000703900000|  0%| F|  |TAMS 0x0000000703800000, 0x0000000703800000| Untracked 
|  23|0x0000000703900000, 0x0000000703900000, 0x0000000703a00000|  0%| F|  |TAMS 0x0000000703900000, 0x0000000703900000| Untracked 
|  24|0x0000000703a00000, 0x0000000703a00000, 0x0000000703b00000|  0%| F|  |TAMS 0x0000000703a00000, 0x0000000703a00000| Untracked 
|  25|0x0000000703b00000, 0x0000000703b00000, 0x0000000703c00000|  0%| F|  |TAMS 0x0000000703b00000, 0x0000000703b00000| Untracked 
|  26|0x0000000703c00000, 0x0000000703c00000, 0x0000000703d00000|  0%| F|  |TAMS 0x0000000703c00000, 0x0000000703c00000| Untracked 
|  27|0x0000000703d00000, 0x0000000703d00000, 0x0000000703e00000|  0%| F|  |TAMS 0x0000000703d00000, 0x0000000703d00000| Untracked 
|  28|0x0000000703e00000, 0x0000000703e00000, 0x0000000703f00000|  0%| F|  |TAMS 0x0000000703e00000, 0x0000000703e00000| Untracked 
|  29|0x0000000703f00000, 0x0000000703f00000, 0x0000000704000000|  0%| F|  |TAMS 0x0000000703f00000, 0x0000000703f00000| Untracked 
|  30|0x0000000704000000, 0x0000000704000000, 0x0000000704100000|  0%| F|  |TAMS 0x0000000704000000, 0x0000000704000000| Untracked 
|  31|0x0000000704100000, 0x0000000704100000, 0x0000000704200000|  0%| F|  |TAMS 0x0000000704100000, 0x0000000704100000| Untracked 
|  32|0x0000000704200000, 0x0000000704200000, 0x0000000704300000|  0%| F|  |TAMS 0x0000000704200000, 0x0000000704200000| Untracked 
|  33|0x0000000704300000, 0x0000000704300000, 0x0000000704400000|  0%| F|  |TAMS 0x0000000704300000, 0x0000000704300000| Untracked 
|  34|0x0000000704400000, 0x0000000704400000, 0x0000000704500000|  0%| F|  |TAMS 0x0000000704400000, 0x0000000704400000| Untracked 
|  35|0x0000000704500000, 0x0000000704500000, 0x0000000704600000|  0%| F|  |TAMS 0x0000000704500000, 0x0000000704500000| Untracked 
|  36|0x0000000704600000, 0x0000000704600000, 0x0000000704700000|  0%| F|  |TAMS 0x0000000704600000, 0x0000000704600000| Untracked 
|  37|0x0000000704700000, 0x0000000704700000, 0x0000000704800000|  0%| F|  |TAMS 0x0000000704700000, 0x0000000704700000| Untracked 
|  38|0x0000000704800000, 0x0000000704800000, 0x0000000704900000|  0%| F|  |TAMS 0x0000000704800000, 0x0000000704800000| Untracked 
|  39|0x0000000704900000, 0x0000000704900000, 0x0000000704a00000|  0%| F|  |TAMS 0x0000000704900000, 0x0000000704900000| Untracked 
|  40|0x0000000704a00000, 0x0000000704a00000, 0x0000000704b00000|  0%| F|  |TAMS 0x0000000704a00000, 0x0000000704a00000| Untracked 
|  41|0x0000000704b00000, 0x0000000704b00000, 0x0000000704c00000|  0%| F|  |TAMS 0x0000000704b00000, 0x0000000704b00000| Untracked 
|  42|0x0000000704c00000, 0x0000000704c00000, 0x0000000704d00000|  0%| F|  |TAMS 0x0000000704c00000, 0x0000000704c00000| Untracked 
|  43|0x0000000704d00000, 0x0000000704d00000, 0x0000000704e00000|  0%| F|  |TAMS 0x0000000704d00000, 0x0000000704d00000| Untracked 
|  44|0x0000000704e00000, 0x0000000704e00000, 0x0000000704f00000|  0%| F|  |TAMS 0x0000000704e00000, 0x0000000704e00000| Untracked 
|  45|0x0000000704f00000, 0x0000000704f00000, 0x0000000705000000|  0%| F|  |TAMS 0x0000000704f00000, 0x0000000704f00000| Untracked 
|  46|0x0000000705000000, 0x0000000705000000, 0x0000000705100000|  0%| F|  |TAMS 0x0000000705000000, 0x0000000705000000| Untracked 
|  47|0x0000000705100000, 0x0000000705100000, 0x0000000705200000|  0%| F|  |TAMS 0x0000000705100000, 0x0000000705100000| Untracked 
|  48|0x0000000705200000, 0x0000000705200000, 0x0000000705300000|  0%| F|  |TAMS 0x0000000705200000, 0x0000000705200000| Untracked 
|  49|0x0000000705300000, 0x0000000705300000, 0x0000000705400000|  0%| F|  |TAMS 0x0000000705300000, 0x0000000705300000| Untracked 
|  50|0x0000000705400000, 0x0000000705400000, 0x0000000705500000|  0%| F|  |TAMS 0x0000000705400000, 0x0000000705400000| Untracked 
|  51|0x0000000705500000, 0x0000000705500000, 0x0000000705600000|  0%| F|  |TAMS 0x0000000705500000, 0x0000000705500000| Untracked 
|  52|0x0000000705600000, 0x0000000705600000, 0x0000000705700000|  0%| F|  |TAMS 0x0000000705600000, 0x0000000705600000| Untracked 
|  53|0x0000000705700000, 0x0000000705700000, 0x0000000705800000|  0%| F|  |TAMS 0x0000000705700000, 0x0000000705700000| Untracked 
|  54|0x0000000705800000, 0x0000000705800000, 0x0000000705900000|  0%| F|  |TAMS 0x0000000705800000, 0x0000000705800000| Untracked 
|  55|0x0000000705900000, 0x0000000705900000, 0x0000000705a00000|  0%| F|  |TAMS 0x0000000705900000, 0x0000000705900000| Untracked 
|  56|0x0000000705a00000, 0x0000000705a00000, 0x0000000705b00000|  0%| F|  |TAMS 0x0000000705a00000, 0x0000000705a00000| Untracked 
|  57|0x0000000705b00000, 0x0000000705b00000, 0x0000000705c00000|  0%| F|  |TAMS 0x0000000705b00000, 0x0000000705b00000| Untracked 
|  58|0x0000000705c00000, 0x0000000705c00000, 0x0000000705d00000|  0%| F|  |TAMS 0x0000000705c00000, 0x0000000705c00000| Untracked 
|  59|0x0000000705d00000, 0x0000000705d00000, 0x0000000705e00000|  0%| F|  |TAMS 0x0000000705d00000, 0x0000000705d00000| Untracked 
|  60|0x0000000705e00000, 0x0000000705e00000, 0x0000000705f00000|  0%| F|  |TAMS 0x0000000705e00000, 0x0000000705e00000| Untracked 
|  61|0x0000000705f00000, 0x0000000705f00000, 0x0000000706000000|  0%| F|  |TAMS 0x0000000705f00000, 0x0000000705f00000| Untracked 
|  62|0x0000000706000000, 0x0000000706000000, 0x0000000706100000|  0%| F|  |TAMS 0x0000000706000000, 0x0000000706000000| Untracked 
|  63|0x0000000706100000, 0x0000000706100000, 0x0000000706200000|  0%| F|  |TAMS 0x0000000706100000, 0x0000000706100000| Untracked 
|  64|0x0000000706200000, 0x0000000706200000, 0x0000000706300000|  0%| F|  |TAMS 0x0000000706200000, 0x0000000706200000| Untracked 
|  65|0x0000000706300000, 0x0000000706300000, 0x0000000706400000|  0%| F|  |TAMS 0x0000000706300000, 0x0000000706300000| Untracked 
|  66|0x0000000706400000, 0x0000000706400000, 0x0000000706500000|  0%| F|  |TAMS 0x0000000706400000, 0x0000000706400000| Untracked 
|  67|0x0000000706500000, 0x0000000706500000, 0x0000000706600000|  0%| F|  |TAMS 0x0000000706500000, 0x0000000706500000| Untracked 
|  68|0x0000000706600000, 0x0000000706600000, 0x0000000706700000|  0%| F|  |TAMS 0x0000000706600000, 0x0000000706600000| Untracked 
|  69|0x0000000706700000, 0x0000000706700000, 0x0000000706800000|  0%| F|  |TAMS 0x0000000706700000, 0x0000000706700000| Untracked 
|  70|0x0000000706800000, 0x0000000706800000, 0x0000000706900000|  0%| F|  |TAMS 0x0000000706800000, 0x0000000706800000| Untracked 
|  71|0x0000000706900000, 0x0000000706900000, 0x0000000706a00000|  0%| F|  |TAMS 0x0000000706900000, 0x0000000706900000| Untracked 
|  72|0x0000000706a00000, 0x0000000706a00000, 0x0000000706b00000|  0%| F|  |TAMS 0x0000000706a00000, 0x0000000706a00000| Untracked 
|  73|0x0000000706b00000, 0x0000000706b00000, 0x0000000706c00000|  0%| F|  |TAMS 0x0000000706b00000, 0x0000000706b00000| Untracked 
|  74|0x0000000706c00000, 0x0000000706c00000, 0x0000000706d00000|  0%| F|  |TAMS 0x0000000706c00000, 0x0000000706c00000| Untracked 
|  75|0x0000000706d00000, 0x0000000706d00000, 0x0000000706e00000|  0%| F|  |TAMS 0x0000000706d00000, 0x0000000706d00000| Untracked 
|  76|0x0000000706e00000, 0x0000000706e00000, 0x0000000706f00000|  0%| F|  |TAMS 0x0000000706e00000, 0x0000000706e00000| Untracked 
|  77|0x0000000706f00000, 0x0000000706f00000, 0x0000000707000000|  0%| F|  |TAMS 0x0000000706f00000, 0x0000000706f00000| Untracked 
|  78|0x0000000707000000, 0x0000000707000000, 0x0000000707100000|  0%| F|  |TAMS 0x0000000707000000, 0x0000000707000000| Untracked 
|  79|0x0000000707100000, 0x0000000707100000, 0x0000000707200000|  0%| F|  |TAMS 0x0000000707100000, 0x0000000707100000| Untracked 
|  80|0x0000000707200000, 0x0000000707200000, 0x0000000707300000|  0%| F|  |TAMS 0x0000000707200000, 0x0000000707200000| Untracked 
|  81|0x0000000707300000, 0x0000000707300000, 0x0000000707400000|  0%| F|  |TAMS 0x0000000707300000, 0x0000000707300000| Untracked 
|  82|0x0000000707400000, 0x0000000707400000, 0x0000000707500000|  0%| F|  |TAMS 0x0000000707400000, 0x0000000707400000| Untracked 
|  83|0x0000000707500000, 0x0000000707500000, 0x0000000707600000|  0%| F|  |TAMS 0x0000000707500000, 0x0000000707500000| Untracked 
|  84|0x0000000707600000, 0x0000000707600000, 0x0000000707700000|  0%| F|  |TAMS 0x0000000707600000, 0x0000000707600000| Untracked 
|  85|0x0000000707700000, 0x0000000707700000, 0x0000000707800000|  0%| F|  |TAMS 0x0000000707700000, 0x0000000707700000| Untracked 
|  86|0x0000000707800000, 0x0000000707800000, 0x0000000707900000|  0%| F|  |TAMS 0x0000000707800000, 0x0000000707800000| Untracked 
|  87|0x0000000707900000, 0x0000000707900000, 0x0000000707a00000|  0%| F|  |TAMS 0x0000000707900000, 0x0000000707900000| Untracked 
|  88|0x0000000707a00000, 0x0000000707a00000, 0x0000000707b00000|  0%| F|  |TAMS 0x0000000707a00000, 0x0000000707a00000| Untracked 
|  89|0x0000000707b00000, 0x0000000707b00000, 0x0000000707c00000|  0%| F|  |TAMS 0x0000000707b00000, 0x0000000707b00000| Untracked 
|  90|0x0000000707c00000, 0x0000000707c00000, 0x0000000707d00000|  0%| F|  |TAMS 0x0000000707c00000, 0x0000000707c00000| Untracked 
|  91|0x0000000707d00000, 0x0000000707d00000, 0x0000000707e00000|  0%| F|  |TAMS 0x0000000707d00000, 0x0000000707d00000| Untracked 
|  92|0x0000000707e00000, 0x0000000707e00000, 0x0000000707f00000|  0%| F|  |TAMS 0x0000000707e00000, 0x0000000707e00000| Untracked 
|  93|0x0000000707f00000, 0x0000000707f00000, 0x0000000708000000|  0%| F|  |TAMS 0x0000000707f00000, 0x0000000707f00000| Untracked 
|  94|0x0000000708000000, 0x0000000708000000, 0x0000000708100000|  0%| F|  |TAMS 0x0000000708000000, 0x0000000708000000| Untracked 
|  95|0x0000000708100000, 0x0000000708100000, 0x0000000708200000|  0%| F|  |TAMS 0x0000000708100000, 0x0000000708100000| Untracked 
|  96|0x0000000708200000, 0x0000000708200000, 0x0000000708300000|  0%| F|  |TAMS 0x0000000708200000, 0x0000000708200000| Untracked 
|  97|0x0000000708300000, 0x0000000708300000, 0x0000000708400000|  0%| F|  |TAMS 0x0000000708300000, 0x0000000708300000| Untracked 
|  98|0x0000000708400000, 0x0000000708400000, 0x0000000708500000|  0%| F|  |TAMS 0x0000000708400000, 0x0000000708400000| Untracked 
|  99|0x0000000708500000, 0x0000000708500000, 0x0000000708600000|  0%| F|  |TAMS 0x0000000708500000, 0x0000000708500000| Untracked 
| 100|0x0000000708600000, 0x0000000708600000, 0x0000000708700000|  0%| F|  |TAMS 0x0000000708600000, 0x0000000708600000| Untracked 
| 101|0x0000000708700000, 0x0000000708700000, 0x0000000708800000|  0%| F|  |TAMS 0x0000000708700000, 0x0000000708700000| Untracked 
| 102|0x0000000708800000, 0x0000000708800000, 0x0000000708900000|  0%| F|  |TAMS 0x0000000708800000, 0x0000000708800000| Untracked 
| 103|0x0000000708900000, 0x0000000708900000, 0x0000000708a00000|  0%| F|  |TAMS 0x0000000708900000, 0x0000000708900000| Untracked 
| 104|0x0000000708a00000, 0x0000000708a00000, 0x0000000708b00000|  0%| F|  |TAMS 0x0000000708a00000, 0x0000000708a00000| Untracked 
| 105|0x0000000708b00000, 0x0000000708b00000, 0x0000000708c00000|  0%| F|  |TAMS 0x0000000708b00000, 0x0000000708b00000| Untracked 
| 106|0x0000000708c00000, 0x0000000708c00000, 0x0000000708d00000|  0%| F|  |TAMS 0x0000000708c00000, 0x0000000708c00000| Untracked 
| 107|0x0000000708d00000, 0x0000000708d00000, 0x0000000708e00000|  0%| F|  |TAMS 0x0000000708d00000, 0x0000000708d00000| Untracked 
| 108|0x0000000708e00000, 0x0000000708e00000, 0x0000000708f00000|  0%| F|  |TAMS 0x0000000708e00000, 0x0000000708e00000| Untracked 
| 109|0x0000000708f00000, 0x0000000708f00000, 0x0000000709000000|  0%| F|  |TAMS 0x0000000708f00000, 0x0000000708f00000| Untracked 
| 110|0x0000000709000000, 0x0000000709000000, 0x0000000709100000|  0%| F|  |TAMS 0x0000000709000000, 0x0000000709000000| Untracked 
| 111|0x0000000709100000, 0x0000000709100000, 0x0000000709200000|  0%| F|  |TAMS 0x0000000709100000, 0x0000000709100000| Untracked 
| 112|0x0000000709200000, 0x0000000709200000, 0x0000000709300000|  0%| F|  |TAMS 0x0000000709200000, 0x0000000709200000| Untracked 
| 113|0x0000000709300000, 0x0000000709300000, 0x0000000709400000|  0%| F|  |TAMS 0x0000000709300000, 0x0000000709300000| Untracked 
| 114|0x0000000709400000, 0x0000000709400000, 0x0000000709500000|  0%| F|  |TAMS 0x0000000709400000, 0x0000000709400000| Untracked 
| 115|0x0000000709500000, 0x0000000709500000, 0x0000000709600000|  0%| F|  |TAMS 0x0000000709500000, 0x0000000709500000| Untracked 
| 116|0x0000000709600000, 0x0000000709600000, 0x0000000709700000|  0%| F|  |TAMS 0x0000000709600000, 0x0000000709600000| Untracked 
| 117|0x0000000709700000, 0x0000000709700000, 0x0000000709800000|  0%| F|  |TAMS 0x0000000709700000, 0x0000000709700000| Untracked 
| 118|0x0000000709800000, 0x0000000709800000, 0x0000000709900000|  0%| F|  |TAMS 0x0000000709800000, 0x0000000709800000| Untracked 
| 119|0x0000000709900000, 0x0000000709900000, 0x0000000709a00000|  0%| F|  |TAMS 0x0000000709900000, 0x0000000709900000| Untracked 
| 120|0x0000000709a00000, 0x0000000709a00000, 0x0000000709b00000|  0%| F|  |TAMS 0x0000000709a00000, 0x0000000709a00000| Untracked 
| 121|0x0000000709b00000, 0x0000000709b00000, 0x0000000709c00000|  0%| F|  |TAMS 0x0000000709b00000, 0x0000000709b00000| Untracked 
| 122|0x0000000709c00000, 0x0000000709c00000, 0x0000000709d00000|  0%| F|  |TAMS 0x0000000709c00000, 0x0000000709c00000| Untracked 
| 123|0x0000000709d00000, 0x0000000709d00000, 0x0000000709e00000|  0%| F|  |TAMS 0x0000000709d00000, 0x0000000709d00000| Untracked 
| 124|0x0000000709e00000, 0x0000000709e00000, 0x0000000709f00000|  0%| F|  |TAMS 0x0000000709e00000, 0x0000000709e00000| Untracked 
| 125|0x0000000709f00000, 0x0000000709f00000, 0x000000070a000000|  0%| F|  |TAMS 0x0000000709f00000, 0x0000000709f00000| Untracked 
| 126|0x000000070a000000, 0x000000070a000000, 0x000000070a100000|  0%| F|  |TAMS 0x000000070a000000, 0x000000070a000000| Untracked 
| 127|0x000000070a100000, 0x000000070a100000, 0x000000070a200000|  0%| F|  |TAMS 0x000000070a100000, 0x000000070a100000| Untracked 
| 128|0x000000070a200000, 0x000000070a200000, 0x000000070a300000|  0%| F|  |TAMS 0x000000070a200000, 0x000000070a200000| Untracked 
| 129|0x000000070a300000, 0x000000070a300000, 0x000000070a400000|  0%| F|  |TAMS 0x000000070a300000, 0x000000070a300000| Untracked 
| 130|0x000000070a400000, 0x000000070a400000, 0x000000070a500000|  0%| F|  |TAMS 0x000000070a400000, 0x000000070a400000| Untracked 
| 131|0x000000070a500000, 0x000000070a500000, 0x000000070a600000|  0%| F|  |TAMS 0x000000070a500000, 0x000000070a500000| Untracked 
| 132|0x000000070a600000, 0x000000070a600000, 0x000000070a700000|  0%| F|  |TAMS 0x000000070a600000, 0x000000070a600000| Untracked 
| 133|0x000000070a700000, 0x000000070a700000, 0x000000070a800000|  0%| F|  |TAMS 0x000000070a700000, 0x000000070a700000| Untracked 
| 134|0x000000070a800000, 0x000000070a800000, 0x000000070a900000|  0%| F|  |TAMS 0x000000070a800000, 0x000000070a800000| Untracked 
| 135|0x000000070a900000, 0x000000070a900000, 0x000000070aa00000|  0%| F|  |TAMS 0x000000070a900000, 0x000000070a900000| Untracked 
| 136|0x000000070aa00000, 0x000000070aa00000, 0x000000070ab00000|  0%| F|  |TAMS 0x000000070aa00000, 0x000000070aa00000| Untracked 
| 137|0x000000070ab00000, 0x000000070ab00000, 0x000000070ac00000|  0%| F|  |TAMS 0x000000070ab00000, 0x000000070ab00000| Untracked 
| 138|0x000000070ac00000, 0x000000070ac00000, 0x000000070ad00000|  0%| F|  |TAMS 0x000000070ac00000, 0x000000070ac00000| Untracked 
| 139|0x000000070ad00000, 0x000000070ad00000, 0x000000070ae00000|  0%| F|  |TAMS 0x000000070ad00000, 0x000000070ad00000| Untracked 
| 140|0x000000070ae00000, 0x000000070ae00000, 0x000000070af00000|  0%| F|  |TAMS 0x000000070ae00000, 0x000000070ae00000| Untracked 
| 141|0x000000070af00000, 0x000000070af00000, 0x000000070b000000|  0%| F|  |TAMS 0x000000070af00000, 0x000000070af00000| Untracked 
| 142|0x000000070b000000, 0x000000070b000000, 0x000000070b100000|  0%| F|  |TAMS 0x000000070b000000, 0x000000070b000000| Untracked 
| 143|0x000000070b100000, 0x000000070b100000, 0x000000070b200000|  0%| F|  |TAMS 0x000000070b100000, 0x000000070b100000| Untracked 
| 144|0x000000070b200000, 0x000000070b200000, 0x000000070b300000|  0%| F|  |TAMS 0x000000070b200000, 0x000000070b200000| Untracked 
| 145|0x000000070b300000, 0x000000070b300000, 0x000000070b400000|  0%| F|  |TAMS 0x000000070b300000, 0x000000070b300000| Untracked 
| 146|0x000000070b400000, 0x000000070b400000, 0x000000070b500000|  0%| F|  |TAMS 0x000000070b400000, 0x000000070b400000| Untracked 
| 147|0x000000070b500000, 0x000000070b500000, 0x000000070b600000|  0%| F|  |TAMS 0x000000070b500000, 0x000000070b500000| Untracked 
| 148|0x000000070b600000, 0x000000070b600000, 0x000000070b700000|  0%| F|  |TAMS 0x000000070b600000, 0x000000070b600000| Untracked 
| 149|0x000000070b700000, 0x000000070b700000, 0x000000070b800000|  0%| F|  |TAMS 0x000000070b700000, 0x000000070b700000| Untracked 
| 150|0x000000070b800000, 0x000000070b800000, 0x000000070b900000|  0%| F|  |TAMS 0x000000070b800000, 0x000000070b800000| Untracked 
| 151|0x000000070b900000, 0x000000070b900000, 0x000000070ba00000|  0%| F|  |TAMS 0x000000070b900000, 0x000000070b900000| Untracked 
| 152|0x000000070ba00000, 0x000000070ba00000, 0x000000070bb00000|  0%| F|  |TAMS 0x000000070ba00000, 0x000000070ba00000| Untracked 
| 153|0x000000070bb00000, 0x000000070bb00000, 0x000000070bc00000|  0%| F|  |TAMS 0x000000070bb00000, 0x000000070bb00000| Untracked 
| 154|0x000000070bc00000, 0x000000070bc00000, 0x000000070bd00000|  0%| F|  |TAMS 0x000000070bc00000, 0x000000070bc00000| Untracked 
| 155|0x000000070bd00000, 0x000000070bd00000, 0x000000070be00000|  0%| F|  |TAMS 0x000000070bd00000, 0x000000070bd00000| Untracked 
| 156|0x000000070be00000, 0x000000070be00000, 0x000000070bf00000|  0%| F|  |TAMS 0x000000070be00000, 0x000000070be00000| Untracked 
| 157|0x000000070bf00000, 0x000000070bf00000, 0x000000070c000000|  0%| F|  |TAMS 0x000000070bf00000, 0x000000070bf00000| Untracked 
| 158|0x000000070c000000, 0x000000070c000000, 0x000000070c100000|  0%| F|  |TAMS 0x000000070c000000, 0x000000070c000000| Untracked 
| 159|0x000000070c100000, 0x000000070c100000, 0x000000070c200000|  0%| F|  |TAMS 0x000000070c100000, 0x000000070c100000| Untracked 
| 160|0x000000070c200000, 0x000000070c200000, 0x000000070c300000|  0%| F|  |TAMS 0x000000070c200000, 0x000000070c200000| Untracked 
| 161|0x000000070c300000, 0x000000070c300000, 0x000000070c400000|  0%| F|  |TAMS 0x000000070c300000, 0x000000070c300000| Untracked 
| 162|0x000000070c400000, 0x000000070c400000, 0x000000070c500000|  0%| F|  |TAMS 0x000000070c400000, 0x000000070c400000| Untracked 
| 163|0x000000070c500000, 0x000000070c500000, 0x000000070c600000|  0%| F|  |TAMS 0x000000070c500000, 0x000000070c500000| Untracked 
| 164|0x000000070c600000, 0x000000070c600000, 0x000000070c700000|  0%| F|  |TAMS 0x000000070c600000, 0x000000070c600000| Untracked 
| 165|0x000000070c700000, 0x000000070c700000, 0x000000070c800000|  0%| F|  |TAMS 0x000000070c700000, 0x000000070c700000| Untracked 
| 166|0x000000070c800000, 0x000000070c800000, 0x000000070c900000|  0%| F|  |TAMS 0x000000070c800000, 0x000000070c800000| Untracked 
| 167|0x000000070c900000, 0x000000070c900000, 0x000000070ca00000|  0%| F|  |TAMS 0x000000070c900000, 0x000000070c900000| Untracked 
| 168|0x000000070ca00000, 0x000000070ca00000, 0x000000070cb00000|  0%| F|  |TAMS 0x000000070ca00000, 0x000000070ca00000| Untracked 
| 169|0x000000070cb00000, 0x000000070cb00000, 0x000000070cc00000|  0%| F|  |TAMS 0x000000070cb00000, 0x000000070cb00000| Untracked 
| 170|0x000000070cc00000, 0x000000070cc00000, 0x000000070cd00000|  0%| F|  |TAMS 0x000000070cc00000, 0x000000070cc00000| Untracked 
| 171|0x000000070cd00000, 0x000000070cd00000, 0x000000070ce00000|  0%| F|  |TAMS 0x000000070cd00000, 0x000000070cd00000| Untracked 
| 172|0x000000070ce00000, 0x000000070ce00000, 0x000000070cf00000|  0%| F|  |TAMS 0x000000070ce00000, 0x000000070ce00000| Untracked 
| 173|0x000000070cf00000, 0x000000070cf00000, 0x000000070d000000|  0%| F|  |TAMS 0x000000070cf00000, 0x000000070cf00000| Untracked 
| 174|0x000000070d000000, 0x000000070d000000, 0x000000070d100000|  0%| F|  |TAMS 0x000000070d000000, 0x000000070d000000| Untracked 
| 175|0x000000070d100000, 0x000000070d100000, 0x000000070d200000|  0%| F|  |TAMS 0x000000070d100000, 0x000000070d100000| Untracked 
| 176|0x000000070d200000, 0x000000070d200000, 0x000000070d300000|  0%| F|  |TAMS 0x000000070d200000, 0x000000070d200000| Untracked 
| 177|0x000000070d300000, 0x000000070d300000, 0x000000070d400000|  0%| F|  |TAMS 0x000000070d300000, 0x000000070d300000| Untracked 
| 178|0x000000070d400000, 0x000000070d400000, 0x000000070d500000|  0%| F|  |TAMS 0x000000070d400000, 0x000000070d400000| Untracked 
| 179|0x000000070d500000, 0x000000070d500000, 0x000000070d600000|  0%| F|  |TAMS 0x000000070d500000, 0x000000070d500000| Untracked 
| 180|0x000000070d600000, 0x000000070d600000, 0x000000070d700000|  0%| F|  |TAMS 0x000000070d600000, 0x000000070d600000| Untracked 
| 181|0x000000070d700000, 0x000000070d700000, 0x000000070d800000|  0%| F|  |TAMS 0x000000070d700000, 0x000000070d700000| Untracked 
| 182|0x000000070d800000, 0x000000070d800000, 0x000000070d900000|  0%| F|  |TAMS 0x000000070d800000, 0x000000070d800000| Untracked 
| 183|0x000000070d900000, 0x000000070d900000, 0x000000070da00000|  0%| F|  |TAMS 0x000000070d900000, 0x000000070d900000| Untracked 
| 184|0x000000070da00000, 0x000000070da00000, 0x000000070db00000|  0%| F|  |TAMS 0x000000070da00000, 0x000000070da00000| Untracked 
| 185|0x000000070db00000, 0x000000070db00000, 0x000000070dc00000|  0%| F|  |TAMS 0x000000070db00000, 0x000000070db00000| Untracked 
| 186|0x000000070dc00000, 0x000000070dc00000, 0x000000070dd00000|  0%| F|  |TAMS 0x000000070dc00000, 0x000000070dc00000| Untracked 
| 187|0x000000070dd00000, 0x000000070dd00000, 0x000000070de00000|  0%| F|  |TAMS 0x000000070dd00000, 0x000000070dd00000| Untracked 
| 188|0x000000070de00000, 0x000000070de00000, 0x000000070df00000|  0%| F|  |TAMS 0x000000070de00000, 0x000000070de00000| Untracked 
| 189|0x000000070df00000, 0x000000070df00000, 0x000000070e000000|  0%| F|  |TAMS 0x000000070df00000, 0x000000070df00000| Untracked 
| 190|0x000000070e000000, 0x000000070e000000, 0x000000070e100000|  0%| F|  |TAMS 0x000000070e000000, 0x000000070e000000| Untracked 
| 191|0x000000070e100000, 0x000000070e100000, 0x000000070e200000|  0%| F|  |TAMS 0x000000070e100000, 0x000000070e100000| Untracked 
| 192|0x000000070e200000, 0x000000070e200000, 0x000000070e300000|  0%| F|  |TAMS 0x000000070e200000, 0x000000070e200000| Untracked 
| 193|0x000000070e300000, 0x000000070e300000, 0x000000070e400000|  0%| F|  |TAMS 0x000000070e300000, 0x000000070e300000| Untracked 
| 194|0x000000070e400000, 0x000000070e400000, 0x000000070e500000|  0%| F|  |TAMS 0x000000070e400000, 0x000000070e400000| Untracked 
| 195|0x000000070e500000, 0x000000070e500000, 0x000000070e600000|  0%| F|  |TAMS 0x000000070e500000, 0x000000070e500000| Untracked 
| 196|0x000000070e600000, 0x000000070e600000, 0x000000070e700000|  0%| F|  |TAMS 0x000000070e600000, 0x000000070e600000| Untracked 
| 197|0x000000070e700000, 0x000000070e700000, 0x000000070e800000|  0%| F|  |TAMS 0x000000070e700000, 0x000000070e700000| Untracked 
| 198|0x000000070e800000, 0x000000070e800000, 0x000000070e900000|  0%| F|  |TAMS 0x000000070e800000, 0x000000070e800000| Untracked 
| 199|0x000000070e900000, 0x000000070e900000, 0x000000070ea00000|  0%| F|  |TAMS 0x000000070e900000, 0x000000070e900000| Untracked 
| 200|0x000000070ea00000, 0x000000070ea00000, 0x000000070eb00000|  0%| F|  |TAMS 0x000000070ea00000, 0x000000070ea00000| Untracked 
| 201|0x000000070eb00000, 0x000000070eb00000, 0x000000070ec00000|  0%| F|  |TAMS 0x000000070eb00000, 0x000000070eb00000| Untracked 
| 202|0x000000070ec00000, 0x000000070ec00000, 0x000000070ed00000|  0%| F|  |TAMS 0x000000070ec00000, 0x000000070ec00000| Untracked 
| 203|0x000000070ed00000, 0x000000070ed00000, 0x000000070ee00000|  0%| F|  |TAMS 0x000000070ed00000, 0x000000070ed00000| Untracked 
| 204|0x000000070ee00000, 0x000000070ee00000, 0x000000070ef00000|  0%| F|  |TAMS 0x000000070ee00000, 0x000000070ee00000| Untracked 
| 205|0x000000070ef00000, 0x000000070ef00000, 0x000000070f000000|  0%| F|  |TAMS 0x000000070ef00000, 0x000000070ef00000| Untracked 
| 206|0x000000070f000000, 0x000000070f000000, 0x000000070f100000|  0%| F|  |TAMS 0x000000070f000000, 0x000000070f000000| Untracked 
| 207|0x000000070f100000, 0x000000070f100000, 0x000000070f200000|  0%| F|  |TAMS 0x000000070f100000, 0x000000070f100000| Untracked 
| 208|0x000000070f200000, 0x000000070f200000, 0x000000070f300000|  0%| F|  |TAMS 0x000000070f200000, 0x000000070f200000| Untracked 
| 209|0x000000070f300000, 0x000000070f300000, 0x000000070f400000|  0%| F|  |TAMS 0x000000070f300000, 0x000000070f300000| Untracked 
| 210|0x000000070f400000, 0x000000070f400000, 0x000000070f500000|  0%| F|  |TAMS 0x000000070f400000, 0x000000070f400000| Untracked 
| 211|0x000000070f500000, 0x000000070f500000, 0x000000070f600000|  0%| F|  |TAMS 0x000000070f500000, 0x000000070f500000| Untracked 
| 212|0x000000070f600000, 0x000000070f600000, 0x000000070f700000|  0%| F|  |TAMS 0x000000070f600000, 0x000000070f600000| Untracked 
| 213|0x000000070f700000, 0x000000070f700000, 0x000000070f800000|  0%| F|  |TAMS 0x000000070f700000, 0x000000070f700000| Untracked 
| 214|0x000000070f800000, 0x000000070f800000, 0x000000070f900000|  0%| F|  |TAMS 0x000000070f800000, 0x000000070f800000| Untracked 
| 215|0x000000070f900000, 0x000000070f900000, 0x000000070fa00000|  0%| F|  |TAMS 0x000000070f900000, 0x000000070f900000| Untracked 
| 216|0x000000070fa00000, 0x000000070fa00000, 0x000000070fb00000|  0%| F|  |TAMS 0x000000070fa00000, 0x000000070fa00000| Untracked 
| 217|0x000000070fb00000, 0x000000070fb00000, 0x000000070fc00000|  0%| F|  |TAMS 0x000000070fb00000, 0x000000070fb00000| Untracked 
| 218|0x000000070fc00000, 0x000000070fc00000, 0x000000070fd00000|  0%| F|  |TAMS 0x000000070fc00000, 0x000000070fc00000| Untracked 
| 219|0x000000070fd00000, 0x000000070fd00000, 0x000000070fe00000|  0%| F|  |TAMS 0x000000070fd00000, 0x000000070fd00000| Untracked 
| 220|0x000000070fe00000, 0x000000070ff00000, 0x000000070ff00000|100%| E|  |TAMS 0x000000070fe00000, 0x000000070fe00000| Complete 
| 221|0x000000070ff00000, 0x0000000710000000, 0x0000000710000000|100%| E|CS|TAMS 0x000000070ff00000, 0x000000070ff00000| Complete 
| 222|0x0000000710000000, 0x0000000710100000, 0x0000000710100000|100%| E|CS|TAMS 0x0000000710000000, 0x0000000710000000| Complete 
| 223|0x0000000710100000, 0x0000000710200000, 0x0000000710200000|100%| E|CS|TAMS 0x0000000710100000, 0x0000000710100000| Complete 
| 224|0x0000000710200000, 0x0000000710300000, 0x0000000710300000|100%| E|CS|TAMS 0x0000000710200000, 0x0000000710200000| Complete 
| 225|0x0000000710300000, 0x0000000710400000, 0x0000000710400000|100%| E|CS|TAMS 0x0000000710300000, 0x0000000710300000| Complete 
| 226|0x0000000710400000, 0x0000000710500000, 0x0000000710500000|100%| E|CS|TAMS 0x0000000710400000, 0x0000000710400000| Complete 
| 227|0x0000000710500000, 0x00000007105d3528, 0x0000000710600000| 82%| S|CS|TAMS 0x0000000710500000, 0x0000000710500000| Complete 
| 228|0x0000000710600000, 0x0000000710700000, 0x0000000710700000|100%| S|CS|TAMS 0x0000000710600000, 0x0000000710600000| Complete 
| 229|0x0000000710700000, 0x0000000710800000, 0x0000000710800000|100%| S|CS|TAMS 0x0000000710700000, 0x0000000710700000| Complete 
| 230|0x0000000710800000, 0x0000000710900000, 0x0000000710900000|100%| E|CS|TAMS 0x0000000710800000, 0x0000000710800000| Complete 
| 231|0x0000000710900000, 0x0000000710a00000, 0x0000000710a00000|100%| E|CS|TAMS 0x0000000710900000, 0x0000000710900000| Complete 
| 232|0x0000000710a00000, 0x0000000710b00000, 0x0000000710b00000|100%| E|CS|TAMS 0x0000000710a00000, 0x0000000710a00000| Complete 
| 233|0x0000000710b00000, 0x0000000710c00000, 0x0000000710c00000|100%| E|CS|TAMS 0x0000000710b00000, 0x0000000710b00000| Complete 
| 234|0x0000000710c00000, 0x0000000710d00000, 0x0000000710d00000|100%| E|CS|TAMS 0x0000000710c00000, 0x0000000710c00000| Complete 
| 235|0x0000000710d00000, 0x0000000710e00000, 0x0000000710e00000|100%| E|CS|TAMS 0x0000000710d00000, 0x0000000710d00000| Complete 
| 236|0x0000000710e00000, 0x0000000710f00000, 0x0000000710f00000|100%| E|CS|TAMS 0x0000000710e00000, 0x0000000710e00000| Complete 
| 237|0x0000000710f00000, 0x0000000711000000, 0x0000000711000000|100%| E|CS|TAMS 0x0000000710f00000, 0x0000000710f00000| Complete 
| 238|0x0000000711000000, 0x0000000711100000, 0x0000000711100000|100%| E|CS|TAMS 0x0000000711000000, 0x0000000711000000| Complete 
| 239|0x0000000711100000, 0x0000000711200000, 0x0000000711200000|100%| E|CS|TAMS 0x0000000711100000, 0x0000000711100000| Complete 
| 240|0x0000000711200000, 0x0000000711300000, 0x0000000711300000|100%| E|CS|TAMS 0x0000000711200000, 0x0000000711200000| Complete 
| 241|0x0000000711300000, 0x0000000711400000, 0x0000000711400000|100%| E|CS|TAMS 0x0000000711300000, 0x0000000711300000| Complete 
| 242|0x0000000711400000, 0x0000000711500000, 0x0000000711500000|100%| E|CS|TAMS 0x0000000711400000, 0x0000000711400000| Complete 
| 243|0x0000000711500000, 0x0000000711600000, 0x0000000711600000|100%| E|CS|TAMS 0x0000000711500000, 0x0000000711500000| Complete 
| 244|0x0000000711600000, 0x0000000711700000, 0x0000000711700000|100%| E|CS|TAMS 0x0000000711600000, 0x0000000711600000| Complete 
| 245|0x0000000711700000, 0x0000000711800000, 0x0000000711800000|100%| E|CS|TAMS 0x0000000711700000, 0x0000000711700000| Complete 
| 246|0x0000000711800000, 0x0000000711900000, 0x0000000711900000|100%| E|CS|TAMS 0x0000000711800000, 0x0000000711800000| Complete 
| 247|0x0000000711900000, 0x0000000711a00000, 0x0000000711a00000|100%| E|CS|TAMS 0x0000000711900000, 0x0000000711900000| Complete 
| 248|0x0000000711a00000, 0x0000000711b00000, 0x0000000711b00000|100%| E|CS|TAMS 0x0000000711a00000, 0x0000000711a00000| Complete 
| 249|0x0000000711b00000, 0x0000000711c00000, 0x0000000711c00000|100%| E|CS|TAMS 0x0000000711b00000, 0x0000000711b00000| Complete 
| 250|0x0000000711c00000, 0x0000000711d00000, 0x0000000711d00000|100%| E|CS|TAMS 0x0000000711c00000, 0x0000000711c00000| Complete 
| 251|0x0000000711d00000, 0x0000000711e00000, 0x0000000711e00000|100%| E|CS|TAMS 0x0000000711d00000, 0x0000000711d00000| Complete 
| 252|0x0000000711e00000, 0x0000000711f00000, 0x0000000711f00000|100%| E|CS|TAMS 0x0000000711e00000, 0x0000000711e00000| Complete 
| 253|0x0000000711f00000, 0x0000000712000000, 0x0000000712000000|100%| E|CS|TAMS 0x0000000711f00000, 0x0000000711f00000| Complete 

Card table byte_map: [0x00000252d6290000,0x00000252d6a80000] _byte_map_base: 0x00000252d2a7f000

Marking Bits (Prev, Next): (CMBitMap*) 0x00000252bdf031d8, (CMBitMap*) 0x00000252bdf03218
 Prev Bits: [0x00000252d7270000, 0x00000252db1e8000)
 Next Bits: [0x00000252db1f0000, 0x00000252df168000)

Polling page: 0x00000252bd660000

Metaspace:

Usage:
  Non-class:      8.47 MB capacity,     5.79 MB ( 68%) used,     2.67 MB ( 32%) free+waste,     7.56 KB ( <1%) overhead. 
      Class:    614.00 KB capacity,   289.51 KB ( 47%) used,   321.93 KB ( 52%) free+waste,     2.56 KB ( <1%) overhead. 
       Both:      9.07 MB capacity,     6.08 MB ( 67%) used,     2.99 MB ( 33%) free+waste,    10.13 KB ( <1%) overhead. 

Virtual space:
  Non-class space:       10.00 MB reserved,       8.75 MB ( 88%) committed 
      Class space:        1.00 GB reserved,     640.00 KB ( <1%) committed 
             Both:        1.01 GB reserved,       9.38 MB ( <1%) committed 

Chunk freelists:
   Non-Class:  92.00 KB
       Class:  26.00 KB
        Both:  118.00 KB

MaxMetaspaceSize: 17179869184.00 GB
CompressedClassSpaceSize: 1.00 GB

CodeHeap 'non-profiled nmethods': size=120000Kb used=396Kb max_used=396Kb free=119604Kb
 bounds [0x00000252ce130000, 0x00000252ce3a0000, 0x00000252d5660000]
CodeHeap 'profiled nmethods': size=120000Kb used=1865Kb max_used=1865Kb free=118134Kb
 bounds [0x00000252c6c00000, 0x00000252c6e70000, 0x00000252ce130000]
CodeHeap 'non-nmethods': size=5760Kb used=1585Kb max_used=1633Kb free=4174Kb
 bounds [0x00000252c6660000, 0x00000252c68d0000, 0x00000252c6c00000]
 total_blobs=2415 nmethods=917 adapters=879
 compilation: enabled
              stopped_count=0, restarted_count=0
 full_count=0

Compilation events (20 events):
Event: 1.794 Thread 0x00000252e25af800  908       1       java.lang.Byte::byteValue (5 bytes)
Event: 1.794 Thread 0x00000252e25af800 nmethod 908 0x00000252ce17e810 code [0x00000252ce17e9a0, 0x00000252ce17ead8]
Event: 1.794 Thread 0x00000252e25af800  909       3       Data.TilesData::getColorR (8 bytes)
Event: 1.794 Thread 0x00000252e25af800 nmethod 909 0x00000252c6dcff10 code [0x00000252c6dd00c0, 0x00000252c6dd02d8]
Event: 1.794 Thread 0x00000252e25af800  910       3       java.lang.Integer::equals (29 bytes)
Event: 1.794 Thread 0x00000252e4c5e800 nmethod 894% 0x00000252ce17eb90 code [0x00000252ce17ed20, 0x00000252ce17f1b8]
Event: 1.794 Thread 0x00000252e4c5e800  903       4       java.util.HashMap::putVal (300 bytes)
Event: 1.795 Thread 0x00000252e25af800 nmethod 910 0x00000252c6dd0410 code [0x00000252c6dd05c0, 0x00000252c6dd0a18]
Event: 1.795 Thread 0x00000252e25af800  911       3       Data.TilesData::getColorG (8 bytes)
Event: 1.795 Thread 0x00000252e25af800 nmethod 911 0x00000252c6dd0b10 code [0x00000252c6dd0cc0, 0x00000252c6dd0ed8]
Event: 1.795 Thread 0x00000252e25af800  912       3       Data.TilesData::getColorB (8 bytes)
Event: 1.795 Thread 0x00000252e25af800 nmethod 912 0x00000252c6dd1010 code [0x00000252c6dd11c0, 0x00000252c6dd13d8]
Event: 1.800 Thread 0x00000252e25af800  915       1       Data.TilesData::getUVcoords (5 bytes)
Event: 1.800 Thread 0x00000252e25af800 nmethod 915 0x00000252ce17f310 code [0x00000252ce17f4a0, 0x00000252ce17f5d8]
Event: 1.808 Thread 0x00000252e25af800  916       3       java.nio.CharBuffer::position (6 bytes)
Event: 1.808 Thread 0x00000252e25af800 nmethod 916 0x00000252c6dd1510 code [0x00000252c6dd16c0, 0x00000252c6dd18f0]
Event: 1.808 Thread 0x00000252e25af800  917       3       java.nio.CharBuffer::position (8 bytes)
Event: 1.808 Thread 0x00000252e25af800 nmethod 917 0x00000252c6dd1a10 code [0x00000252c6dd1bc0, 0x00000252c6dd1d90]
Event: 1.808 Thread 0x00000252e25af800  918       3       java.nio.ByteBuffer::array (35 bytes)
Event: 1.809 Thread 0x00000252e25af800 nmethod 918 0x00000252c6dd1e10 code [0x00000252c6dd1fe0, 0x00000252c6dd2340]

GC Heap History (2 events):
Event: 1.578 GC heap before
{Heap before GC invocations=0 (full 0):
 garbage-first heap   total 260096K, used 23552K [0x0000000702200000, 0x0000000800000000)
  region size 1024K, 24 young (24576K), 0 survivors (0K)
 Metaspace       used 4055K, capacity 7335K, committed 7552K, reserved 1056768K
  class space    used 176K, capacity 517K, committed 640K, reserved 1048576K
}
Event: 1.581 GC heap after
{Heap after GC invocations=1 (full 0):
 garbage-first heap   total 260096K, used 2893K [0x0000000702200000, 0x0000000800000000)
  region size 1024K, 3 young (3072K), 3 survivors (3072K)
 Metaspace       used 4055K, capacity 7335K, committed 7552K, reserved 1056768K
  class space    used 176K, capacity 517K, committed 640K, reserved 1048576K
}

Deoptimization events (20 events):
Event: 1.746 Thread 0x00000252bde95800 DEOPT PACKING pc=0x00000252c6daec54 sp=0x000000aa7a5ff180
Event: 1.746 Thread 0x00000252bde95800 DEOPT UNPACKING pc=0x00000252c66a964e sp=0x000000aa7a5fe608 mode 0
Event: 1.746 Thread 0x00000252bde95800 DEOPT PACKING pc=0x00000252c6db8194 sp=0x000000aa7a5ff1b0
Event: 1.746 Thread 0x00000252bde95800 DEOPT UNPACKING pc=0x00000252c66a964e sp=0x000000aa7a5fe650 mode 0
Event: 1.746 Thread 0x00000252bde95800 DEOPT PACKING pc=0x00000252c6daec54 sp=0x000000aa7a5ff180
Event: 1.746 Thread 0x00000252bde95800 DEOPT UNPACKING pc=0x00000252c66a964e sp=0x000000aa7a5fe608 mode 0
Event: 1.747 Thread 0x00000252bde95800 DEOPT PACKING pc=0x00000252c6daec54 sp=0x000000aa7a5ff180
Event: 1.747 Thread 0x00000252bde95800 DEOPT UNPACKING pc=0x00000252c66a964e sp=0x000000aa7a5fe608 mode 0
Event: 1.747 Thread 0x00000252bde95800 DEOPT PACKING pc=0x00000252c6db8194 sp=0x000000aa7a5ff1b0
Event: 1.747 Thread 0x00000252bde95800 DEOPT UNPACKING pc=0x00000252c66a964e sp=0x000000aa7a5fe650 mode 0
Event: 1.747 Thread 0x00000252bde95800 DEOPT PACKING pc=0x00000252c6db8194 sp=0x000000aa7a5ff1b0
Event: 1.747 Thread 0x00000252bde95800 DEOPT UNPACKING pc=0x00000252c66a964e sp=0x000000aa7a5fe650 mode 0
Event: 1.781 Thread 0x00000252bde95800 DEOPT PACKING pc=0x00000252c6db4e67 sp=0x000000aa7a5ff180
Event: 1.781 Thread 0x00000252bde95800 DEOPT UNPACKING pc=0x00000252c66a964e sp=0x000000aa7a5fe610 mode 0
Event: 1.781 Thread 0x00000252bde95800 DEOPT PACKING pc=0x00000252c6db4e67 sp=0x000000aa7a5ff180
Event: 1.781 Thread 0x00000252bde95800 DEOPT UNPACKING pc=0x00000252c66a964e sp=0x000000aa7a5fe610 mode 0
Event: 1.781 Thread 0x00000252bde95800 DEOPT PACKING pc=0x00000252c6db4e67 sp=0x000000aa7a5ff180
Event: 1.781 Thread 0x00000252bde95800 DEOPT UNPACKING pc=0x00000252c66a964e sp=0x000000aa7a5fe610 mode 0
Event: 1.789 Thread 0x00000252bde95800 DEOPT PACKING pc=0x00000252c6db4e67 sp=0x000000aa7a5ff150
Event: 1.789 Thread 0x00000252bde95800 DEOPT UNPACKING pc=0x00000252c66a964e sp=0x000000aa7a5fe5e0 mode 0

Classes unloaded (0 events):
No events

Classes redefined (0 events):
No events

Internal exceptions (4 events):
Event: 0.261 Thread 0x00000252bde95800 Exception <a 'java/lang/NoSuchMethodError'{0x000000071162d0c8}: 'void java.lang.invoke.DelegatingMethodHandle$Holder.delegate(java.lang.Object, java.lang.Object, int, java.lang.Object)'> (0x000000071162d0c8) 
thrown [c:/cygwin64/tmp/openjdk-jdk13u-windows-x64-hotspot/workspace/build/src/src/hotspot/share/interpreter/linkResolver.cpp, line 767]
Event: 0.263 Thread 0x00000252bde95800 Exception <a 'java/lang/NoSuchMethodError'{0x0000000711633e20}: 'java.lang.Object java.lang.invoke.DirectMethodHandle$Holder.invokeStaticInit(java.lang.Object, java.lang.Object, java.lang.Object)'> (0x0000000711633e20) 
thrown [c:/cygwin64/tmp/openjdk-jdk13u-windows-x64-hotspot/workspace/build/src/src/hotspot/share/interpreter/linkResolver.cpp, line 767]
Event: 1.435 Thread 0x00000252bde95800 Exception <a 'sun/nio/fs/WindowsException'{0x0000000710f58d48}> (0x0000000710f58d48) 
thrown [c:/cygwin64/tmp/openjdk-jdk13u-windows-x64-hotspot/workspace/build/src/src/hotspot/share/prims/jni.cpp, line 598]
Event: 1.436 Thread 0x00000252bde95800 Exception <a 'sun/nio/fs/WindowsException'{0x0000000710f59228}> (0x0000000710f59228) 
thrown [c:/cygwin64/tmp/openjdk-jdk13u-windows-x64-hotspot/workspace/build/src/src/hotspot/share/prims/jni.cpp, line 598]

Events (20 events):
Event: 1.788 loading class gameEngine/WorldLoader
Event: 1.788 loading class gameEngine/WorldLoader done
Event: 1.789 loading class java/lang/Byte$ByteCache
Event: 1.790 loading class java/lang/Byte$ByteCache done
Event: 1.794 loading class Data/TilesData
Event: 1.794 loading class Data/TilesData done
Event: 1.799 loading class gameEngine/MapLoader
Event: 1.799 loading class gameEngine/MapLoader done
Event: 1.804 loading class gameEngine/PositionTest
Event: 1.804 loading class gameEngine/PositionTest done
Event: 1.805 loading class Collisions/AABB
Event: 1.805 loading class Collisions/AABB done
Event: 1.805 loading class Collisions/CollisionFunctions
Event: 1.805 loading class Collisions/CollisionFunctions done
Event: 1.805 loading class gameEngine/VectorMath
Event: 1.805 loading class gameEngine/VectorMath done
Event: 1.807 loading class gameEngine/Animate
Event: 1.807 loading class gameEngine/Animate done
Event: 1.808 loading class fboclasses/FBO
Event: 1.808 loading class fboclasses/FBO done


Dynamic libraries:
0x00007ff6c9250000 - 0x00007ff6c925d000 	C:\Program Files\AdoptOpenJDK\jdk-13.0.1.9-hotspot\bin\javaw.exe
0x00007ffc49e60000 - 0x00007ffc4a050000 	C:\WINDOWS\SYSTEM32\ntdll.dll
0x00007ffc48fd0000 - 0x00007ffc49082000 	C:\WINDOWS\System32\KERNEL32.DLL
0x00007ffc47b30000 - 0x00007ffc47dd3000 	C:\WINDOWS\System32\KERNELBASE.dll
0x00007ffc47e10000 - 0x00007ffc47f0a000 	C:\WINDOWS\System32\ucrtbase.dll
0x00007ffc252e0000 - 0x00007ffc252f8000 	C:\Program Files\AdoptOpenJDK\jdk-13.0.1.9-hotspot\bin\jli.dll
0x00007ffc252c0000 - 0x00007ffc252d6000 	C:\Program Files\AdoptOpenJDK\jdk-13.0.1.9-hotspot\bin\VCRUNTIME140.dll
0x00007ffc49b40000 - 0x00007ffc49cd4000 	C:\WINDOWS\System32\USER32.dll
0x00007ffc46e90000 - 0x00007ffc46eb1000 	C:\WINDOWS\System32\win32u.dll
0x00007ffc49a00000 - 0x00007ffc49a26000 	C:\WINDOWS\System32\GDI32.dll
0x00007ffc47940000 - 0x00007ffc47ad4000 	C:\WINDOWS\System32\gdi32full.dll
0x00007ffc36d20000 - 0x00007ffc36fa5000 	C:\WINDOWS\WinSxS\amd64_microsoft.windows.common-controls_6595b64144ccf1df_6.0.18362.418_none_e6c6b287130d565d\COMCTL32.dll
0x00007ffc46df0000 - 0x00007ffc46e8e000 	C:\WINDOWS\System32\msvcp_win.dll
0x00007ffc49730000 - 0x00007ffc497ce000 	C:\WINDOWS\System32\msvcrt.dll
0x00007ffc489a0000 - 0x00007ffc48cd6000 	C:\WINDOWS\System32\combase.dll
0x00007ffc48880000 - 0x00007ffc489a0000 	C:\WINDOWS\System32\RPCRT4.dll
0x00007ffc46ec0000 - 0x00007ffc46f40000 	C:\WINDOWS\System32\bcryptPrimitives.dll
0x00007ffc47fc0000 - 0x00007ffc47fee000 	C:\WINDOWS\System32\IMM32.DLL
0x00007ffbfe8b0000 - 0x00007ffbfe94b000 	C:\Program Files\AdoptOpenJDK\jdk-13.0.1.9-hotspot\bin\msvcp140.dll
0x00007ffbc44d0000 - 0x00007ffbc50c4000 	C:\Program Files\AdoptOpenJDK\jdk-13.0.1.9-hotspot\bin\server\jvm.dll
0x00007ffc47f10000 - 0x00007ffc47fb3000 	C:\WINDOWS\System32\ADVAPI32.dll
0x00007ffc48da0000 - 0x00007ffc48e37000 	C:\WINDOWS\System32\sechost.dll
0x00007ffc48ce0000 - 0x00007ffc48ce8000 	C:\WINDOWS\System32\PSAPI.DLL
0x00007ffc392f0000 - 0x00007ffc392f9000 	C:\WINDOWS\SYSTEM32\WSOCK32.dll
0x00007ffc449f0000 - 0x00007ffc44a14000 	C:\WINDOWS\SYSTEM32\WINMM.dll
0x00007ffc49500000 - 0x00007ffc4956f000 	C:\WINDOWS\System32\WS2_32.dll
0x00007ffc45830000 - 0x00007ffc4583a000 	C:\WINDOWS\SYSTEM32\VERSION.dll
0x00007ffc44570000 - 0x00007ffc4459d000 	C:\WINDOWS\SYSTEM32\winmmbase.dll
0x00007ffc47ae0000 - 0x00007ffc47b2a000 	C:\WINDOWS\System32\cfgmgr32.dll
0x00007ffc46d40000 - 0x00007ffc46d51000 	C:\WINDOWS\System32\kernel.appcore.dll
0x00007ffc45900000 - 0x00007ffc45910000 	C:\Program Files\AdoptOpenJDK\jdk-13.0.1.9-hotspot\bin\verify.dll
0x00007ffc35580000 - 0x00007ffc35774000 	C:\WINDOWS\SYSTEM32\DBGHELP.DLL
0x00007ffc29740000 - 0x00007ffc2976a000 	C:\WINDOWS\SYSTEM32\dbgcore.DLL
0x00007ffc454c0000 - 0x00007ffc454e6000 	C:\Program Files\AdoptOpenJDK\jdk-13.0.1.9-hotspot\bin\java.dll
0x00007ffc45850000 - 0x00007ffc45867000 	C:\Program Files\AdoptOpenJDK\jdk-13.0.1.9-hotspot\bin\zip.dll
0x00007ffc458f0000 - 0x00007ffc458fa000 	C:\Program Files\AdoptOpenJDK\jdk-13.0.1.9-hotspot\bin\jimage.dll
0x00007ffc48120000 - 0x00007ffc48805000 	C:\WINDOWS\System32\SHELL32.dll
0x00007ffc49a30000 - 0x00007ffc49ad9000 	C:\WINDOWS\System32\shcore.dll
0x00007ffc471c0000 - 0x00007ffc4793f000 	C:\WINDOWS\System32\windows.storage.dll
0x00007ffc46dd0000 - 0x00007ffc46def000 	C:\WINDOWS\System32\profapi.dll
0x00007ffc46d80000 - 0x00007ffc46dca000 	C:\WINDOWS\System32\powrprof.dll
0x00007ffc46d30000 - 0x00007ffc46d40000 	C:\WINDOWS\System32\UMPDC.dll
0x00007ffc47ff0000 - 0x00007ffc48042000 	C:\WINDOWS\System32\shlwapi.dll
0x00007ffc47140000 - 0x00007ffc47157000 	C:\WINDOWS\System32\cryptsp.dll
0x00007ffc454a0000 - 0x00007ffc454b9000 	C:\Program Files\AdoptOpenJDK\jdk-13.0.1.9-hotspot\bin\net.dll
0x00007ffc3a100000 - 0x00007ffc3a1f0000 	C:\WINDOWS\SYSTEM32\WINHTTP.dll
0x00007ffc465a0000 - 0x00007ffc46607000 	C:\WINDOWS\system32\mswsock.dll
0x00007ffc3a210000 - 0x00007ffc3a223000 	C:\Program Files\AdoptOpenJDK\jdk-13.0.1.9-hotspot\bin\nio.dll
0x00007ffc00210000 - 0x00007ffc00270000 	C:\Users\jtkom\AppData\Local\Temp\lwjgljtkom\3.2.1-build-3\lwjgl.dll
0x00007ffc00040000 - 0x00007ffc0009e000 	C:\Users\jtkom\AppData\Local\Temp\lwjgljtkom\3.2.1-build-3\glfw.dll
0x00007ffc44d20000 - 0x00007ffc44db9000 	C:\WINDOWS\system32\uxtheme.dll
0x00007ffc008d0000 - 0x00007ffc00913000 	C:\WINDOWS\SYSTEM32\dinput8.dll
0x00007ffbff5c0000 - 0x00007ffbff5d1000 	C:\WINDOWS\SYSTEM32\xinput1_4.dll
0x00007ffc46b30000 - 0x00007ffc46b5a000 	C:\WINDOWS\SYSTEM32\DEVOBJ.dll
0x00007ffc45140000 - 0x00007ffc4516d000 	C:\WINDOWS\SYSTEM32\dwmapi.dll
0x00007ffc38b80000 - 0x00007ffc38c9a000 	C:\WINDOWS\SYSTEM32\inputhost.dll
0x00007ffc42a00000 - 0x00007ffc42b53000 	C:\WINDOWS\SYSTEM32\wintypes.dll
0x00007ffc445a0000 - 0x00007ffc44674000 	C:\WINDOWS\SYSTEM32\CoreMessaging.dll
0x00007ffc45630000 - 0x00007ffc4571f000 	C:\WINDOWS\SYSTEM32\PROPSYS.dll
0x00007ffc42b60000 - 0x00007ffc42e8a000 	C:\WINDOWS\SYSTEM32\CoreUIComponents.dll
0x00007ffc48e50000 - 0x00007ffc48f14000 	C:\WINDOWS\System32\OLEAUT32.dll
0x00007ffc45d70000 - 0x00007ffc45da1000 	C:\WINDOWS\SYSTEM32\ntmarta.dll
0x00007ffc49ce0000 - 0x00007ffc49e16000 	C:\WINDOWS\System32\MSCTF.dll
0x00007ffbd2570000 - 0x00007ffbd267d000 	C:\Program Files (x86)\Razer\Razer Cortex\x64\k_fps64.dll
0x00007ffbe91d0000 - 0x00007ffbe924f000 	C:\Program Files (x86)\Razer\Razer Cortex\x64\d3dx10_43.dll
0x00007ffbd2300000 - 0x00007ffbd256f000 	C:\Program Files (x86)\Razer\Razer Cortex\x64\D3DCOMPILER_43.dll
0x00007ffc49570000 - 0x00007ffc496c6000 	C:\WINDOWS\System32\ole32.dll
0x00007ffbd41a0000 - 0x00007ffbd41f7000 	C:\Program Files (x86)\Razer\Razer Cortex\x64\EasyHook64.dll
0x00007ffc1a710000 - 0x00007ffc1a866000 	C:\WINDOWS\SYSTEM32\OPENGL32.dll
0x00007ffbd2090000 - 0x00007ffbd22f3000 	C:\Program Files (x86)\Razer\Razer Cortex\x64\d3dx9_43.dll
0x00007ffc1a6e0000 - 0x00007ffc1a70c000 	C:\WINDOWS\SYSTEM32\GLU32.dll
0x00007ffc45980000 - 0x00007ffc459a0000 	C:\WINDOWS\SYSTEM32\dxcore.dll
0x00007ffc45780000 - 0x00007ffc4578e000 	C:\WINDOWS\SYSTEM32\HID.DLL
0x00007ffc49090000 - 0x00007ffc49500000 	C:\WINDOWS\System32\SETUPAPI.DLL
0x00007ffc47de0000 - 0x00007ffc47e06000 	C:\WINDOWS\System32\bcrypt.dll
0x00007ffc47160000 - 0x00007ffc471bc000 	C:\WINDOWS\System32\WINTRUST.dll
0x00007ffc46d60000 - 0x00007ffc46d72000 	C:\WINDOWS\System32\MSASN1.dll
0x00007ffc46f40000 - 0x00007ffc47089000 	C:\WINDOWS\System32\CRYPT32.dll
0x0000000061b60000 - 0x0000000064199000 	C:\WINDOWS\System32\DriverStore\FileRepository\nvlti.inf_amd64_c0cfdefe088aa746\nvoglv64.dll
0x00007ffc43480000 - 0x00007ffc43493000 	C:\WINDOWS\SYSTEM32\WTSAPI32.dll
0x00007ffbeab90000 - 0x00007ffbeae51000 	C:\WINDOWS\system32\nvspcap64.dll
0x00007ffc45de0000 - 0x00007ffc45e3c000 	C:\WINDOWS\SYSTEM32\WINSTA.dll
0x00007ffc45a10000 - 0x00007ffc45afb000 	C:\WINDOWS\SYSTEM32\dxgi.dll
0x00007ffc43c30000 - 0x00007ffc43e8b000 	C:\WINDOWS\SYSTEM32\d3d11.dll
0x00007ffc17610000 - 0x00007ffc176fe000 	C:\WINDOWS\System32\DriverStore\FileRepository\nvlti.inf_amd64_c0cfdefe088aa746\nvldumdx.dll
0x00007ffc48fa0000 - 0x00007ffc48fbd000 	C:\WINDOWS\System32\imagehlp.dll
0x00007ffc46110000 - 0x00007ffc46143000 	C:\WINDOWS\system32\rsaenh.dll
0x00007ffc46770000 - 0x00007ffc4677c000 	C:\WINDOWS\SYSTEM32\CRYPTBASE.dll
0x00007ffbded20000 - 0x00007ffbe137b000 	C:\WINDOWS\System32\DriverStore\FileRepository\nvlti.inf_amd64_c0cfdefe088aa746\nvwgf2umx.dll
0x00007ffc398b0000 - 0x00007ffc39da7000 	C:\WINDOWS\SYSTEM32\nvapi64.dll
0x00007ffc38ae0000 - 0x00007ffc38b7e000 	C:\WINDOWS\System32\TextInputFramework.dll
0x00007ffc37480000 - 0x00007ffc37726000 	C:\WINDOWS\System32\iertutil.dll
0x00007ffbfe850000 - 0x00007ffbfe8aa000 	C:\Users\jtkom\AppData\Local\Temp\lwjgljtkom\3.2.1-build-3\lwjgl_opengl.dll

dbghelp: loaded successfully - version: 4.0.5 - missing functions: none
symbol engine: initialized successfully - sym options: 0x614 - pdb path: .;C:\Program Files\AdoptOpenJDK\jdk-13.0.1.9-hotspot\bin;C:\WINDOWS\SYSTEM32;C:\WINDOWS\WinSxS\amd64_microsoft.windows.common-controls_6595b64144ccf1df_6.0.18362.418_none_e6c6b287130d565d;C:\Program Files\AdoptOpenJDK\jdk-13.0.1.9-hotspot\bin\server;C:\Users\jtkom\AppData\Local\Temp\lwjgljtkom\3.2.1-build-3;C:\Program Files (x86)\Razer\Razer Cortex\x64;C:\WINDOWS\System32\DriverStore\FileRepository\nvlti.inf_amd64_c0cfdefe088aa746

VM Arguments:
jvm_args: -Dfile.encoding=Cp1252 
java_command: gameEngine.Start
java_class_path (initial): D:\game3\Game\src;D:\game3\Game\libwin\joml-1.9.9-sources.jar;D:\game3\Game\libwin\joml-1.9.9.jar;D:\game3\Game\libwin\lwjgl-assimp-javadoc.jar;D:\game3\Game\libwin\lwjgl-assimp-natives-windows.jar;D:\game3\Game\libwin\lwjgl-assimp-sources.jar;D:\game3\Game\libwin\lwjgl-assimp.jar;D:\game3\Game\libwin\lwjgl-bgfx-javadoc.jar;D:\game3\Game\libwin\lwjgl-bgfx-natives-windows.jar;D:\game3\Game\libwin\lwjgl-bgfx-sources.jar;D:\game3\Game\libwin\lwjgl-bgfx.jar;D:\game3\Game\libwin\lwjgl-egl-javadoc.jar;D:\game3\Game\libwin\lwjgl-egl-sources.jar;D:\game3\Game\libwin\lwjgl-egl.jar;D:\game3\Game\libwin\lwjgl-glfw-javadoc.jar;D:\game3\Game\libwin\lwjgl-glfw-natives-windows.jar;D:\game3\Game\libwin\lwjgl-glfw-sources.jar;D:\game3\Game\libwin\lwjgl-glfw.jar;D:\game3\Game\libwin\lwjgl-javadoc.jar;D:\game3\Game\libwin\lwjgl-jawt-javadoc.jar;D:\game3\Game\libwin\lwjgl-jawt-sources.jar;D:\game3\Game\libwin\lwjgl-jawt.jar;D:\game3\Game\libwin\lwjgl-jemalloc-javadoc.jar;D:\game3\Game\libwin\lwjgl-jemalloc-natives-windows.jar;D:\game3\Game\libwin\lwjgl-jemalloc-sources.jar;D:\game3\Game\libwin\lwjgl-jemalloc.jar;D:\game3\Game\libwin\lwjgl-lmdb-javadoc.jar;D:\game3\Game\libwin\lwjgl-lmdb-natives-windows.jar;D:\game3\Game\libwin\lwjgl-lmdb-sources.jar;D:\game3\Game\libwin\lwjgl-lmdb.jar;D:\game3\Game\libwin\lwjgl-lz4-javadoc.jar;D:\game3\Game\libwin\lwjgl-lz4-natives-windows.jar;D:\game3\Game\libwin\lwjgl-lz4-sources.jar;D:\game3\Game\libwin\lwjgl-lz4.jar;D:\game3\Game\libwin\lwjgl-nanovg-javadoc.jar;D:\game3\Game\libwin\lwjgl-nanovg-natives-windows.jar;D:\game3\Game\libwin\lwjgl-nanovg-sources.jar;D:\game3\Game\libwin\lwjgl-nanovg.jar;D:\game3\Game\libwin\lwjgl-natives-windows.jar;D:\game3\Game\libwin\lwjgl-nfd-javadoc.jar;D:\game3\Game\libwin\lwjgl-nfd-natives-windows.jar;D:\game3\Game\libwin\lwjgl-nfd-sources.jar;D:\game3\Game\libwin\lwjgl-nfd.jar;D:\game3\Game\libwin\lwjgl-nuklear-javadoc.jar;D:\game3\Game\libwin\lwjgl-nuklear-natives-windows.jar;D:\game3
Launcher Type: SUN_STANDARD

[Global flags]
     intx CICompilerCount                          = 4                                         {product} {ergonomic}
     uint ConcGCThreads                            = 2                                         {product} {ergonomic}
     uint G1ConcRefinementThreads                  = 8                                         {product} {ergonomic}
   size_t G1HeapRegionSize                         = 1048576                                   {product} {ergonomic}
    uintx GCDrainStackTargetSize                   = 64                                        {product} {ergonomic}
   size_t InitialHeapSize                          = 266338304                                 {product} {ergonomic}
   size_t MarkStackSize                            = 4194304                                   {product} {ergonomic}
   size_t MaxHeapSize                              = 4259315712                                {product} {ergonomic}
   size_t MaxNewSize                               = 2555379712                                {product} {ergonomic}
   size_t MinHeapDeltaBytes                        = 1048576                                   {product} {ergonomic}
   size_t MinHeapSize                              = 8388608                                   {product} {ergonomic}
    uintx NonNMethodCodeHeapSize                   = 5836300                                {pd product} {ergonomic}
    uintx NonProfiledCodeHeapSize                  = 122910970                              {pd product} {ergonomic}
    uintx ProfiledCodeHeapSize                     = 122910970                              {pd product} {ergonomic}
    uintx ReservedCodeCacheSize                    = 251658240                              {pd product} {ergonomic}
     bool SegmentedCodeCache                       = true                                      {product} {ergonomic}
   size_t SoftMaxHeapSize                          = 4259315712                             {manageable} {ergonomic}
     bool UseCompressedClassPointers               = true                                 {lp64_product} {ergonomic}
     bool UseCompressedOops                        = true                                 {lp64_product} {ergonomic}
     bool UseG1GC                                  = true                                      {product} {ergonomic}
     bool UseLargePagesIndividualAllocation        = false                                  {pd product} {ergonomic}

Logging:
Log output configuration:
 #0: stdout all=warning uptime,level,tags
 #1: stderr all=off uptime,level,tags

Environment Variables:
JAVA_HOME=C:\Program Files\Java\jdk-10.0.2
PATH=C:/Program Files/AdoptOpenJDK/jdk-13.0.1.9-hotspot/bin/client;C:/Program Files/AdoptOpenJDK/jdk-13.0.1.9-hotspot/bin;C:\Program Files\AdoptOpenJDK\jdk-13.0.1.9-hotspot\bin;C:\Program Files\Python37\Scripts\;C:\Program Files\Python37\;C:\Program Files (x86)\Common Files\Oracle\Java\javapath;C:\Program Files\Intel\Intel(R) Management Engine Components\iCLS\;C:\Windows\system32;C:\Windows;C:\Windows\System32\Wbem;C:\Windows\System32\WindowsPowerShell\v1.0\;C:\Windows\System32\OpenSSH\;C:\Program Files (x86)\Intel\Intel(R) Management Engine Components\DAL;C:\Program Files\Intel\Intel(R) Management Engine Components\DAL;C:\Program Files (x86)\Intel\Intel(R) Management Engine Components\IPT;C:\Program Files\Intel\Intel(R) Management Engine Components\IPT;C:\android-sdk\tools;C:\android-sdk\platform-tools;C:\Users\jtkom\AppData\Local\Microsoft\WindowsApps;C:\adb;C:\Program Files\Microsoft VS Code\bin;C:\Program Files\Git\cmd;C:\Users\jtkom\eclipse\java-photon\eclipse.exe;C:\Program Files\NASM;C:\Program Files\Python37\Scripts;C:\Program Files (x86)\NVIDIA Corporation\PhysX\Common;C:\apache-maven-3.6.0\bin;C:\Program Files\dotnet\;C:\Program Files\Java\jdk-10.0.2;C:\eda\ghdl\GHDL\20181129-mingw32-mcode\bin;C:\eda\gtkwave\gtkwave\bin;C:\eda;C:\WINDOWS\system32;C:\WINDOWS;C:\WINDOWS\System32\Wbem;C:\WINDOWS\System32\WindowsPowerShell\v1.0\;C:\WINDOWS\System32\OpenSSH\;C:\Program Files\NVIDIA Corporation\NVIDIA NvDLISR;C:\Gradle\gradle-5.6.3-all;C:\Gradle\gradle-5.6.3-all\gradle-5.6.3\bin;C:\Users\jtkom\AppData\Local\Microsoft\WindowsApps;C:\Users\jtkom\AppData\Local\GitHubDesktop\bin;C:\Users\jtkom\AppData\Local\Programs\Microsoft VS Code\bin;C:\Users\jtkom\AppData\Local\Microsoft\WindowsApps;;C:\Program Files\JetBrains\IntelliJ IDEA Community Edition 2019.2.3\bin;;C:\CodeRepository\eclipse;
USERNAME=jtkom
OS=Windows_NT
PROCESSOR_IDENTIFIER=Intel64 Family 6 Model 158 Stepping 9, GenuineIntel



---------------  S Y S T E M  ---------------

OS: Windows 10 , 64 bit Build 18362 (10.0.18362.329)

CPU:total 8 (initial active 8) (4 cores per cpu, 2 threads per core) family 6 model 158 stepping 9, cmov, cx8, fxsr, mmx, sse, sse2, sse3, ssse3, sse4.1, sse4.2, popcnt, avx, avx2, aes, clmul, erms, 3dnowpref, lzcnt, ht, tsc, tscinvbit, bmi1, bmi2, adx, fma

Memory: 4k page, system-wide physical 16244M (7627M free)
TotalPageFile size 18676M (AvailPageFile size 3676M)
current process WorkingSet (physical memory assigned to process): 154M, peak: 161M
current process commit charge ("private bytes"): 452M, peak: 460M

vm_info: OpenJDK 64-Bit Server VM (13.0.1+9) for windows-amd64 JRE (13.0.1+9), built on Oct 26 2019 10:16:33 by "" with MS VC++ 15.8 (VS2017)

END.
