#
# A fatal error has been detected by the Java Runtime Environment:
#
#  EXCEPTION_ACCESS_VIOLATION (0xc0000005) at pc=0x00007ffd063d7ef3, pid=22632, tid=3096
#
# JRE version: Java(TM) SE Runtime Environment (13.0.2+8) (build 13.0.2+8)
# Java VM: Java HotSpot(TM) 64-Bit Server VM (13.0.2+8, mixed mode, sharing, tiered, compressed oops, g1 gc, windows-amd64)
# Problematic frame:
# C  [nvoglv64.dll+0xc67ef3]
#
# No core dump will be written. Minidumps are not enabled by default on client versions of Windows
#
# If you would like to submit a bug report, please visit:
#   http://bugreport.java.com/bugreport/crash.jsp
# The crash happened outside the Java Virtual Machine in native code.
# See problematic frame for where to report the bug.
#

---------------  S U M M A R Y ------------

Command Line: -Dfile.encoding=Cp1252 gameEngine.Start

Host: Intel(R) Core(TM) i7-7700HQ CPU @ 2.80GHz, 8 cores, 15G,  Windows 10 , 64 bit Build 18362 (10.0.18362.329)
Time: Mon Feb 24 22:10:05 2020 Pacific Standard Time elapsed time: 154 seconds (0d 0h 2m 34s)

---------------  T H R E A D  ---------------

Current thread (0x00000211767a6800):  JavaThread "main" [_thread_in_native, id=3096, stack(0x00000072de200000,0x00000072de300000)]

Stack: [0x00000072de200000,0x00000072de300000],  sp=0x00000072de2febe8,  free space=1018k
Native frames: (J=compiled Java code, j=interpreted, Vv=VM code, C=native code)
C  [nvoglv64.dll+0xc67ef3]

Java frames: (J=compiled Java code, j=interpreted, Vv=VM code)
J 1609  org.lwjgl.opengl.GL11C.nglDrawElements(IIIJ)V (0 bytes) @ 0x0000021107bbab1e [0x0000021107bbaac0+0x000000000000005e]
J 1713 c2 gameEngine.MultipleTextureBatchedModel.draw()V (102 bytes) @ 0x0000021107bf5d98 [0x0000021107bf5c80+0x0000000000000118]
J 1687 c2 gameEngine.Render.draw(LgameEngine/MultipleTextureBatchedModel;Lorg/joml/Vector2f;FF[LgameEngine/Texture;)V (160 bytes) @ 0x0000021107bdbe0c [0x0000021107bda620+0x00000000000017ec]
J 1729 c2 gameEngine.MainBatchRender.draw()V (62 bytes) @ 0x0000021107bfbc1c [0x0000021107bfb980+0x000000000000029c]
J 1415% c2 gameEngine.Start.main([Ljava/lang/String;)V (4285 bytes) @ 0x0000021107b85da0 [0x0000021107b83fc0+0x0000000000001de0]
v  ~StubRoutines::call_stub

siginfo: EXCEPTION_ACCESS_VIOLATION (0xc0000005), reading address 0x0000000000000000


Register to memory mapping:

RIP=0x00007ffd063d7ef3 nvoglv64.dll
RAX=0x0 is NULL
RBX=0x000000001884df80 is an unknown value
RCX=0x000002112e49d1e0 points into unknown readable memory: 00 00 4d c3 00 00 a0 43
RDX=0x0 is NULL
RSP=0x00000072de2febe8 is pointing into the stack for thread: 0x00000211767a6800
RBP=0x0000000000000008 is an unknown value
RSI=0x0000000000000003 is an unknown value
RDI=0x00000211225ebec0 points into unknown readable memory: 00 00 00 00 00 00 00 00
R8 =0x0000000000000008 is an unknown value
R9 =0x00000000000001b4 is an unknown value
R10=0x0000000000000008 is an unknown value
R11=0x0 is NULL
R12=0x000002112e49d1e0 points into unknown readable memory: 00 00 4d c3 00 00 a0 43
R13=0x00000211225ebb30 points into unknown readable memory: 00 00 00 00 00 00 00 00
R14=0x00000211312a84b4 points into unknown readable memory: 00 46 00 00
R15=0x00007ffd063d7ef0 nvoglv64.dll


Registers:
RAX=0x0000000000000000, RBX=0x000000001884df80, RCX=0x000002112e49d1e0, RDX=0x0000000000000000
RSP=0x00000072de2febe8, RBP=0x0000000000000008, RSI=0x0000000000000003, RDI=0x00000211225ebec0
R8 =0x0000000000000008, R9 =0x00000000000001b4, R10=0x0000000000000008, R11=0x0000000000000000
R12=0x000002112e49d1e0, R13=0x00000211225ebb30, R14=0x00000211312a84b4, R15=0x00007ffd063d7ef0
RIP=0x00007ffd063d7ef3, EFLAGS=0x0000000000010246

Top of Stack: (sp=0x00000072de2febe8)
0x00000072de2febe8:   00007ffd0649e593 000000001884b6a0
0x00000072de2febf8:   000000000000028e 0000021122590000
0x00000072de2fec08:   00000000000051c0 0000000000000000
0x00000072de2fec18:   00007ffd05d44042 0000021100000000
0x00000072de2fec28:   0000000000000000 000000000000000f
0x00000072de2fec38:   0000000100000000 000002112e49d1e0
0x00000072de2fec48:   00007ffd0630ee80 000000001884df80
0x00000072de2fec58:   10c0000000000000 000002111be01d90
0x00000072de2fec68:   00007ffd0630f472 0000000100000000
0x00000072de2fec78:   000002111be01d90 0000000000000000
0x00000072de2fec88:   0000000000000000 0000000000000004
0x00000072de2fec98:   0000021122590000 00000000000001b4
0x00000072de2feca8:   0000000000001405 000000000000028e
0x00000072de2fecb8:   00007ffd0648f877 0000021122590000
0x00000072de2fecc8:   0000000000000000 00000000000001b4
0x00000072de2fecd8:   0000021100000000 0000021100001400 

Instructions: (pc=0x00007ffd063d7ef3)
0x00007ffd063d7df3:   5c 24 60 0f 85 a1 00 00 00 8b 44 24 68 89 87 6c
0x00007ffd063d7e03:   22 00 00 e9 97 00 00 00 83 f8 0f 0f 85 8e 00 00
0x00007ffd063d7e13:   00 8b 81 d4 03 00 00 83 e8 18 83 f8 02 77 7b ba
0x00007ffd063d7e23:   0f 00 00 00 e8 24 f8 01 00 8b 87 d4 03 00 00 4c
0x00007ffd063d7e33:   8d 4c 24 68 44 8b 87 94 22 00 00 48 8d 54 24 40
0x00007ffd063d7e43:   83 e8 18 41 c1 e0 10 89 44 24 48 41 81 f0 d0 85
0x00007ffd063d7e53:   ef be 44 03 c0 89 5c 24 60 48 8d 05 dd e9 17 01
0x00007ffd063d7e63:   48 c7 44 24 40 0c 00 00 00 48 89 44 24 30 48 8b
0x00007ffd063d7e73:   cf 48 8d 44 24 60 c7 44 24 28 09 00 00 00 48 89
0x00007ffd063d7e83:   44 24 20 e8 35 5c ff ff 39 5c 24 60 75 0c 8b 44
0x00007ffd063d7e93:   24 68 89 87 70 22 00 00 eb 05 bb ff ff ff ff 8b
0x00007ffd063d7ea3:   d6 48 8b cf e8 a4 f7 01 00 48 8b 74 24 78 8b c3
0x00007ffd063d7eb3:   48 8b 5c 24 70 48 83 c4 50 5f c3 cc cc 4d 63 d0
0x00007ffd063d7ec3:   0f 1f 40 00 66 0f 1f 84 00 00 00 00 00 8b 02 49
0x00007ffd063d7ed3:   03 d2 89 01 48 83 c1 04 41 83 e9 01 75 ef 48 8b
0x00007ffd063d7ee3:   c1 c3 cc cc cc cc cc cc cc cc cc cc cc 4d 63 d0
0x00007ffd063d7ef3:   8b 02 89 01 8b 42 04 49 03 d2 89 41 04 48 83 c1
0x00007ffd063d7f03:   08 41 83 e9 01 75 e9 48 8b c1 c3 cc cc 4d 63 d0
0x00007ffd063d7f13:   48 83 c2 08 66 0f 1f 84 00 00 00 00 00 8b 42 f8
0x00007ffd063d7f23:   89 01 8b 42 fc 89 41 04 8b 02 49 03 d2 89 41 08
0x00007ffd063d7f33:   48 83 c1 0c 41 83 e9 01 75 e3 48 8b c1 c3 cc cc
0x00007ffd063d7f43:   cc cc cc cc cc cc cc cc cc cc cc cc cc 4d 63 d0
0x00007ffd063d7f53:   48 83 c2 08 66 0f 1f 84 00 00 00 00 00 8b 42 f8
0x00007ffd063d7f63:   89 01 8b 42 fc 89 41 04 8b 02 89 41 08 8b 42 04
0x00007ffd063d7f73:   49 03 d2 89 41 0c 48 83 c1 10 41 83 e9 01 75 dd
0x00007ffd063d7f83:   48 8b c1 c3 cc cc cc cc cc cc cc cc cc 49 63 c0
0x00007ffd063d7f93:   0f 1f 40 00 66 0f 1f 84 00 00 00 00 00 f2 0f 10
0x00007ffd063d7fa3:   02 48 03 d0 66 0f 5a c0 f3 0f 11 01 48 83 c1 04
0x00007ffd063d7fb3:   41 83 e9 01 75 e7 48 8b c1 c3 cc cc cc 49 63 c0
0x00007ffd063d7fc3:   f2 0f 10 02 66 0f 5a c0 f3 0f 11 01 f2 0f 10 4a
0x00007ffd063d7fd3:   08 48 03 d0 66 0f 5a c9 f3 0f 11 49 04 48 83 c1
0x00007ffd063d7fe3:   08 41 83 e9 01 75 d9 48 8b c1 c3 cc cc 49 63 c0 


Stack slot to memory mapping:
stack at sp + 0 slots: 0x00007ffd0649e593 nvoglv64.dll
stack at sp + 1 slots: 0x000000001884b6a0 is an unknown value
stack at sp + 2 slots: 0x000000000000028e is an unknown value
stack at sp + 3 slots: 0x0000021122590000 points into unknown readable memory: 10 1e a8 1b 11 02 00 00
stack at sp + 4 slots: 0x00000000000051c0 is an unknown value
stack at sp + 5 slots: 0x0 is NULL
stack at sp + 6 slots: 0x00007ffd05d44042 nvoglv64.dll
stack at sp + 7 slots: 0x0000021100000000 points into unknown readable memory: 06 00 00 00 00 00 00 00


---------------  P R O C E S S  ---------------

Threads class SMR info:
_java_thread_list=0x00000217550506f0, length=10, elements={
0x00000211767a6800, 0x000002111a40c800, 0x000002111a40f800, 0x000002111acae000,
0x000002111acb1800, 0x000002111acb2800, 0x000002111acb8000, 0x000002111acc3800,
0x000002111ae15000, 0x000002111ae59800
}

Java Threads: ( => current thread )
=>0x00000211767a6800 JavaThread "main" [_thread_in_native, id=3096, stack(0x00000072de200000,0x00000072de300000)]
  0x000002111a40c800 JavaThread "Reference Handler" daemon [_thread_blocked, id=12336, stack(0x00000072de900000,0x00000072dea00000)]
  0x000002111a40f800 JavaThread "Finalizer" daemon [_thread_blocked, id=2656, stack(0x00000072dea00000,0x00000072deb00000)]
  0x000002111acae000 JavaThread "Signal Dispatcher" daemon [_thread_blocked, id=2660, stack(0x00000072deb00000,0x00000072dec00000)]
  0x000002111acb1800 JavaThread "Attach Listener" daemon [_thread_blocked, id=25864, stack(0x00000072dec00000,0x00000072ded00000)]
  0x000002111acb2800 JavaThread "C2 CompilerThread0" daemon [_thread_blocked, id=22952, stack(0x00000072ded00000,0x00000072dee00000)]
  0x000002111acb8000 JavaThread "C1 CompilerThread0" daemon [_thread_blocked, id=9208, stack(0x00000072dee00000,0x00000072def00000)]
  0x000002111acc3800 JavaThread "Sweeper thread" daemon [_thread_blocked, id=3984, stack(0x00000072def00000,0x00000072df000000)]
  0x000002111ae15000 JavaThread "Service Thread" daemon [_thread_blocked, id=11040, stack(0x00000072df000000,0x00000072df100000)]
  0x000002111ae59800 JavaThread "Common-Cleaner" daemon [_thread_blocked, id=1448, stack(0x00000072df200000,0x00000072df300000)]

Other Threads:
  0x000002111a40b000 VMThread "VM Thread" [stack: 0x00000072de800000,0x00000072de900000] [id=17464]
  0x000002111ae1b000 WatcherThread [stack: 0x00000072df100000,0x00000072df200000] [id=23976]
  0x0000021176812800 GCTaskThread "GC Thread#0" [stack: 0x00000072de300000,0x00000072de400000] [id=25216]
  0x000002111c580800 GCTaskThread "GC Thread#1" [stack: 0x00000072dfe00000,0x00000072dff00000] [id=27588]
  0x000002111c581000 GCTaskThread "GC Thread#2" [stack: 0x00000072dff00000,0x00000072e0000000] [id=1344]
  0x000002111c581800 GCTaskThread "GC Thread#3" [stack: 0x00000072e0000000,0x00000072e0100000] [id=24704]
  0x000002111c553000 GCTaskThread "GC Thread#4" [stack: 0x00000072e0100000,0x00000072e0200000] [id=13944]
  0x000002111c553800 GCTaskThread "GC Thread#5" [stack: 0x00000072e0200000,0x00000072e0300000] [id=5644]
  0x0000021172b75800 GCTaskThread "GC Thread#6" [stack: 0x00000072dfc00000,0x00000072dfd00000] [id=14520]
  0x0000021176834000 ConcurrentGCThread "G1 Main Marker" [stack: 0x00000072de400000,0x00000072de500000] [id=3220]
  0x0000021176836000 ConcurrentGCThread "G1 Conc#0" [stack: 0x00000072de500000,0x00000072de600000] [id=9452]
  0x000002111a2fd800 ConcurrentGCThread "G1 Refine#0" [stack: 0x00000072de600000,0x00000072de700000] [id=25004]
  0x000002111a2ff800 ConcurrentGCThread "G1 Young RemSet Sampling" [stack: 0x00000072de700000,0x00000072de800000] [id=18968]

Threads with active compile tasks:

VM state:not at safepoint (normal execution)

VM Mutex/Monitor currently owned by a thread: None

Heap address: 0x0000000702200000, size: 4062 MB, Compressed Oops mode: Zero based, Oop shift amount: 3
Narrow klass base: 0x0000000800000000, Narrow klass shift: 3
Compressed class space size: 1073741824 Address: 0x0000000800b40000

Heap:
 garbage-first heap   total 312320K, used 177726K [0x0000000702200000, 0x0000000800000000)
  region size 1024K, 170 young (174080K), 14 survivors (14336K)
 Metaspace       used 8550K, capacity 11091K, committed 11264K, reserved 1060864K
  class space    used 425K, capacity 725K, committed 768K, reserved 1048576K
Heap Regions: E=young(eden), S=young(survivor), O=old, HS=humongous(starts), HC=humongous(continues), CS=collection set, F=free, A=archive, TAMS=top-at-mark-start (previous, next)
|   0|0x0000000702200000, 0x0000000702300000, 0x0000000702300000|100%| O|  |TAMS 0x0000000702200000, 0x0000000702200000| Untracked 
|   1|0x0000000702300000, 0x0000000702400000, 0x0000000702400000|100%| O|  |TAMS 0x0000000702300000, 0x0000000702300000| Untracked 
|   2|0x0000000702400000, 0x0000000702500000, 0x0000000702500000|100%| O|  |TAMS 0x0000000702400000, 0x0000000702400000| Untracked 
|   3|0x0000000702500000, 0x0000000702600000, 0x0000000702600000|100%| O|  |TAMS 0x0000000702500000, 0x0000000702500000| Untracked 
|   4|0x0000000702600000, 0x0000000702700000, 0x0000000702700000|100%| O|  |TAMS 0x0000000702600000, 0x0000000702600000| Untracked 
|   5|0x0000000702700000, 0x000000070276aa00, 0x0000000702800000| 41%| O|  |TAMS 0x0000000702700000, 0x0000000702700000| Untracked 
|   6|0x0000000702800000, 0x0000000702800000, 0x0000000702900000|  0%| F|  |TAMS 0x0000000702800000, 0x0000000702800000| Untracked 
|   7|0x0000000702900000, 0x0000000702900000, 0x0000000702a00000|  0%| F|  |TAMS 0x0000000702900000, 0x0000000702900000| Untracked 
|   8|0x0000000702a00000, 0x0000000702a00000, 0x0000000702b00000|  0%| F|  |TAMS 0x0000000702a00000, 0x0000000702a00000| Untracked 
|   9|0x0000000702b00000, 0x0000000702b00000, 0x0000000702c00000|  0%| F|  |TAMS 0x0000000702b00000, 0x0000000702b00000| Untracked 
|  10|0x0000000702c00000, 0x0000000702c00000, 0x0000000702d00000|  0%| F|  |TAMS 0x0000000702c00000, 0x0000000702c00000| Untracked 
|  11|0x0000000702d00000, 0x0000000702d00000, 0x0000000702e00000|  0%| F|  |TAMS 0x0000000702d00000, 0x0000000702d00000| Untracked 
|  12|0x0000000702e00000, 0x0000000702e00000, 0x0000000702f00000|  0%| F|  |TAMS 0x0000000702e00000, 0x0000000702e00000| Untracked 
|  13|0x0000000702f00000, 0x0000000702f00000, 0x0000000703000000|  0%| F|  |TAMS 0x0000000702f00000, 0x0000000702f00000| Untracked 
|  14|0x0000000703000000, 0x0000000703000000, 0x0000000703100000|  0%| F|  |TAMS 0x0000000703000000, 0x0000000703000000| Untracked 
|  15|0x0000000703100000, 0x0000000703100000, 0x0000000703200000|  0%| F|  |TAMS 0x0000000703100000, 0x0000000703100000| Untracked 
|  16|0x0000000703200000, 0x0000000703200000, 0x0000000703300000|  0%| F|  |TAMS 0x0000000703200000, 0x0000000703200000| Untracked 
|  17|0x0000000703300000, 0x0000000703300000, 0x0000000703400000|  0%| F|  |TAMS 0x0000000703300000, 0x0000000703300000| Untracked 
|  18|0x0000000703400000, 0x0000000703400000, 0x0000000703500000|  0%| F|  |TAMS 0x0000000703400000, 0x0000000703400000| Untracked 
|  19|0x0000000703500000, 0x0000000703500000, 0x0000000703600000|  0%| F|  |TAMS 0x0000000703500000, 0x0000000703500000| Untracked 
|  20|0x0000000703600000, 0x0000000703600000, 0x0000000703700000|  0%| F|  |TAMS 0x0000000703600000, 0x0000000703600000| Untracked 
|  21|0x0000000703700000, 0x0000000703700000, 0x0000000703800000|  0%| F|  |TAMS 0x0000000703700000, 0x0000000703700000| Untracked 
|  22|0x0000000703800000, 0x0000000703800000, 0x0000000703900000|  0%| F|  |TAMS 0x0000000703800000, 0x0000000703800000| Untracked 
|  23|0x0000000703900000, 0x0000000703900000, 0x0000000703a00000|  0%| F|  |TAMS 0x0000000703900000, 0x0000000703900000| Untracked 
|  24|0x0000000703a00000, 0x0000000703a00000, 0x0000000703b00000|  0%| F|  |TAMS 0x0000000703a00000, 0x0000000703a00000| Untracked 
|  25|0x0000000703b00000, 0x0000000703b00000, 0x0000000703c00000|  0%| F|  |TAMS 0x0000000703b00000, 0x0000000703b00000| Untracked 
|  26|0x0000000703c00000, 0x0000000703c00000, 0x0000000703d00000|  0%| F|  |TAMS 0x0000000703c00000, 0x0000000703c00000| Untracked 
|  27|0x0000000703d00000, 0x0000000703d00000, 0x0000000703e00000|  0%| F|  |TAMS 0x0000000703d00000, 0x0000000703d00000| Untracked 
|  28|0x0000000703e00000, 0x0000000703e00000, 0x0000000703f00000|  0%| F|  |TAMS 0x0000000703e00000, 0x0000000703e00000| Untracked 
|  29|0x0000000703f00000, 0x0000000703f00000, 0x0000000704000000|  0%| F|  |TAMS 0x0000000703f00000, 0x0000000703f00000| Untracked 
|  30|0x0000000704000000, 0x0000000704000000, 0x0000000704100000|  0%| F|  |TAMS 0x0000000704000000, 0x0000000704000000| Untracked 
|  31|0x0000000704100000, 0x0000000704100000, 0x0000000704200000|  0%| F|  |TAMS 0x0000000704100000, 0x0000000704100000| Untracked 
|  32|0x0000000704200000, 0x0000000704200000, 0x0000000704300000|  0%| F|  |TAMS 0x0000000704200000, 0x0000000704200000| Untracked 
|  33|0x0000000704300000, 0x0000000704300000, 0x0000000704400000|  0%| F|  |TAMS 0x0000000704300000, 0x0000000704300000| Untracked 
|  34|0x0000000704400000, 0x0000000704400000, 0x0000000704500000|  0%| F|  |TAMS 0x0000000704400000, 0x0000000704400000| Untracked 
|  35|0x0000000704500000, 0x0000000704500000, 0x0000000704600000|  0%| F|  |TAMS 0x0000000704500000, 0x0000000704500000| Untracked 
|  36|0x0000000704600000, 0x0000000704600000, 0x0000000704700000|  0%| F|  |TAMS 0x0000000704600000, 0x0000000704600000| Untracked 
|  37|0x0000000704700000, 0x0000000704700000, 0x0000000704800000|  0%| F|  |TAMS 0x0000000704700000, 0x0000000704700000| Untracked 
|  38|0x0000000704800000, 0x0000000704800000, 0x0000000704900000|  0%| F|  |TAMS 0x0000000704800000, 0x0000000704800000| Untracked 
|  39|0x0000000704900000, 0x0000000704900000, 0x0000000704a00000|  0%| F|  |TAMS 0x0000000704900000, 0x0000000704900000| Untracked 
|  40|0x0000000704a00000, 0x0000000704a00000, 0x0000000704b00000|  0%| F|  |TAMS 0x0000000704a00000, 0x0000000704a00000| Untracked 
|  41|0x0000000704b00000, 0x0000000704b00000, 0x0000000704c00000|  0%| F|  |TAMS 0x0000000704b00000, 0x0000000704b00000| Untracked 
|  42|0x0000000704c00000, 0x0000000704c00000, 0x0000000704d00000|  0%| F|  |TAMS 0x0000000704c00000, 0x0000000704c00000| Untracked 
|  43|0x0000000704d00000, 0x0000000704d00000, 0x0000000704e00000|  0%| F|  |TAMS 0x0000000704d00000, 0x0000000704d00000| Untracked 
|  44|0x0000000704e00000, 0x0000000704e00000, 0x0000000704f00000|  0%| F|  |TAMS 0x0000000704e00000, 0x0000000704e00000| Untracked 
|  45|0x0000000704f00000, 0x0000000704f00000, 0x0000000705000000|  0%| F|  |TAMS 0x0000000704f00000, 0x0000000704f00000| Untracked 
|  46|0x0000000705000000, 0x0000000705000000, 0x0000000705100000|  0%| F|  |TAMS 0x0000000705000000, 0x0000000705000000| Untracked 
|  47|0x0000000705100000, 0x0000000705100000, 0x0000000705200000|  0%| F|  |TAMS 0x0000000705100000, 0x0000000705100000| Untracked 
|  48|0x0000000705200000, 0x0000000705200000, 0x0000000705300000|  0%| F|  |TAMS 0x0000000705200000, 0x0000000705200000| Untracked 
|  49|0x0000000705300000, 0x0000000705300000, 0x0000000705400000|  0%| F|  |TAMS 0x0000000705300000, 0x0000000705300000| Untracked 
|  50|0x0000000705400000, 0x0000000705400000, 0x0000000705500000|  0%| F|  |TAMS 0x0000000705400000, 0x0000000705400000| Untracked 
|  51|0x0000000705500000, 0x0000000705500000, 0x0000000705600000|  0%| F|  |TAMS 0x0000000705500000, 0x0000000705500000| Untracked 
|  52|0x0000000705600000, 0x0000000705600000, 0x0000000705700000|  0%| F|  |TAMS 0x0000000705600000, 0x0000000705600000| Untracked 
|  53|0x0000000705700000, 0x0000000705700000, 0x0000000705800000|  0%| F|  |TAMS 0x0000000705700000, 0x0000000705700000| Untracked 
|  54|0x0000000705800000, 0x0000000705800000, 0x0000000705900000|  0%| F|  |TAMS 0x0000000705800000, 0x0000000705800000| Untracked 
|  55|0x0000000705900000, 0x0000000705900000, 0x0000000705a00000|  0%| F|  |TAMS 0x0000000705900000, 0x0000000705900000| Untracked 
|  56|0x0000000705a00000, 0x0000000705a00000, 0x0000000705b00000|  0%| F|  |TAMS 0x0000000705a00000, 0x0000000705a00000| Untracked 
|  57|0x0000000705b00000, 0x0000000705b00000, 0x0000000705c00000|  0%| F|  |TAMS 0x0000000705b00000, 0x0000000705b00000| Untracked 
|  58|0x0000000705c00000, 0x0000000705c00000, 0x0000000705d00000|  0%| F|  |TAMS 0x0000000705c00000, 0x0000000705c00000| Untracked 
|  59|0x0000000705d00000, 0x0000000705d00000, 0x0000000705e00000|  0%| F|  |TAMS 0x0000000705d00000, 0x0000000705d00000| Untracked 
|  60|0x0000000705e00000, 0x0000000705e00000, 0x0000000705f00000|  0%| F|  |TAMS 0x0000000705e00000, 0x0000000705e00000| Untracked 
|  61|0x0000000705f00000, 0x0000000705f00000, 0x0000000706000000|  0%| F|  |TAMS 0x0000000705f00000, 0x0000000705f00000| Untracked 
|  62|0x0000000706000000, 0x0000000706000000, 0x0000000706100000|  0%| F|  |TAMS 0x0000000706000000, 0x0000000706000000| Untracked 
|  63|0x0000000706100000, 0x0000000706100000, 0x0000000706200000|  0%| F|  |TAMS 0x0000000706100000, 0x0000000706100000| Untracked 
|  64|0x0000000706200000, 0x0000000706200000, 0x0000000706300000|  0%| F|  |TAMS 0x0000000706200000, 0x0000000706200000| Untracked 
|  65|0x0000000706300000, 0x0000000706300000, 0x0000000706400000|  0%| F|  |TAMS 0x0000000706300000, 0x0000000706300000| Untracked 
|  66|0x0000000706400000, 0x0000000706400000, 0x0000000706500000|  0%| F|  |TAMS 0x0000000706400000, 0x0000000706400000| Untracked 
|  67|0x0000000706500000, 0x0000000706500000, 0x0000000706600000|  0%| F|  |TAMS 0x0000000706500000, 0x0000000706500000| Untracked 
|  68|0x0000000706600000, 0x0000000706600000, 0x0000000706700000|  0%| F|  |TAMS 0x0000000706600000, 0x0000000706600000| Untracked 
|  69|0x0000000706700000, 0x0000000706700000, 0x0000000706800000|  0%| F|  |TAMS 0x0000000706700000, 0x0000000706700000| Untracked 
|  70|0x0000000706800000, 0x0000000706800000, 0x0000000706900000|  0%| F|  |TAMS 0x0000000706800000, 0x0000000706800000| Untracked 
|  71|0x0000000706900000, 0x0000000706900000, 0x0000000706a00000|  0%| F|  |TAMS 0x0000000706900000, 0x0000000706900000| Untracked 
|  72|0x0000000706a00000, 0x0000000706a00000, 0x0000000706b00000|  0%| F|  |TAMS 0x0000000706a00000, 0x0000000706a00000| Untracked 
|  73|0x0000000706b00000, 0x0000000706b00000, 0x0000000706c00000|  0%| F|  |TAMS 0x0000000706b00000, 0x0000000706b00000| Untracked 
|  74|0x0000000706c00000, 0x0000000706c00000, 0x0000000706d00000|  0%| F|  |TAMS 0x0000000706c00000, 0x0000000706c00000| Untracked 
|  75|0x0000000706d00000, 0x0000000706d00000, 0x0000000706e00000|  0%| F|  |TAMS 0x0000000706d00000, 0x0000000706d00000| Untracked 
|  76|0x0000000706e00000, 0x0000000706e00000, 0x0000000706f00000|  0%| F|  |TAMS 0x0000000706e00000, 0x0000000706e00000| Untracked 
|  77|0x0000000706f00000, 0x0000000706f00000, 0x0000000707000000|  0%| F|  |TAMS 0x0000000706f00000, 0x0000000706f00000| Untracked 
|  78|0x0000000707000000, 0x0000000707000000, 0x0000000707100000|  0%| F|  |TAMS 0x0000000707000000, 0x0000000707000000| Untracked 
|  79|0x0000000707100000, 0x0000000707100000, 0x0000000707200000|  0%| F|  |TAMS 0x0000000707100000, 0x0000000707100000| Untracked 
|  80|0x0000000707200000, 0x0000000707200000, 0x0000000707300000|  0%| F|  |TAMS 0x0000000707200000, 0x0000000707200000| Untracked 
|  81|0x0000000707300000, 0x0000000707300000, 0x0000000707400000|  0%| F|  |TAMS 0x0000000707300000, 0x0000000707300000| Untracked 
|  82|0x0000000707400000, 0x0000000707400000, 0x0000000707500000|  0%| F|  |TAMS 0x0000000707400000, 0x0000000707400000| Untracked 
|  83|0x0000000707500000, 0x0000000707500000, 0x0000000707600000|  0%| F|  |TAMS 0x0000000707500000, 0x0000000707500000| Untracked 
|  84|0x0000000707600000, 0x0000000707600000, 0x0000000707700000|  0%| F|  |TAMS 0x0000000707600000, 0x0000000707600000| Untracked 
|  85|0x0000000707700000, 0x0000000707700000, 0x0000000707800000|  0%| F|  |TAMS 0x0000000707700000, 0x0000000707700000| Untracked 
|  86|0x0000000707800000, 0x0000000707800000, 0x0000000707900000|  0%| F|  |TAMS 0x0000000707800000, 0x0000000707800000| Untracked 
|  87|0x0000000707900000, 0x0000000707900000, 0x0000000707a00000|  0%| F|  |TAMS 0x0000000707900000, 0x0000000707900000| Untracked 
|  88|0x0000000707a00000, 0x0000000707a00000, 0x0000000707b00000|  0%| F|  |TAMS 0x0000000707a00000, 0x0000000707a00000| Untracked 
|  89|0x0000000707b00000, 0x0000000707b00000, 0x0000000707c00000|  0%| F|  |TAMS 0x0000000707b00000, 0x0000000707b00000| Untracked 
|  90|0x0000000707c00000, 0x0000000707c00000, 0x0000000707d00000|  0%| F|  |TAMS 0x0000000707c00000, 0x0000000707c00000| Untracked 
|  91|0x0000000707d00000, 0x0000000707d00000, 0x0000000707e00000|  0%| F|  |TAMS 0x0000000707d00000, 0x0000000707d00000| Untracked 
|  92|0x0000000707e00000, 0x0000000707e00000, 0x0000000707f00000|  0%| F|  |TAMS 0x0000000707e00000, 0x0000000707e00000| Untracked 
|  93|0x0000000707f00000, 0x0000000707f00000, 0x0000000708000000|  0%| F|  |TAMS 0x0000000707f00000, 0x0000000707f00000| Untracked 
|  94|0x0000000708000000, 0x0000000708000000, 0x0000000708100000|  0%| F|  |TAMS 0x0000000708000000, 0x0000000708000000| Untracked 
|  95|0x0000000708100000, 0x0000000708100000, 0x0000000708200000|  0%| F|  |TAMS 0x0000000708100000, 0x0000000708100000| Untracked 
|  96|0x0000000708200000, 0x0000000708200000, 0x0000000708300000|  0%| F|  |TAMS 0x0000000708200000, 0x0000000708200000| Untracked 
|  97|0x0000000708300000, 0x0000000708300000, 0x0000000708400000|  0%| F|  |TAMS 0x0000000708300000, 0x0000000708300000| Untracked 
|  98|0x0000000708400000, 0x0000000708400000, 0x0000000708500000|  0%| F|  |TAMS 0x0000000708400000, 0x0000000708400000| Untracked 
|  99|0x0000000708500000, 0x0000000708500000, 0x0000000708600000|  0%| F|  |TAMS 0x0000000708500000, 0x0000000708500000| Untracked 
| 100|0x0000000708600000, 0x0000000708600000, 0x0000000708700000|  0%| F|  |TAMS 0x0000000708600000, 0x0000000708600000| Untracked 
| 101|0x0000000708700000, 0x0000000708700000, 0x0000000708800000|  0%| F|  |TAMS 0x0000000708700000, 0x0000000708700000| Untracked 
| 102|0x0000000708800000, 0x0000000708800000, 0x0000000708900000|  0%| F|  |TAMS 0x0000000708800000, 0x0000000708800000| Untracked 
| 103|0x0000000708900000, 0x0000000708900000, 0x0000000708a00000|  0%| F|  |TAMS 0x0000000708900000, 0x0000000708900000| Untracked 
| 104|0x0000000708a00000, 0x0000000708a00000, 0x0000000708b00000|  0%| F|  |TAMS 0x0000000708a00000, 0x0000000708a00000| Untracked 
| 105|0x0000000708b00000, 0x0000000708b00000, 0x0000000708c00000|  0%| F|  |TAMS 0x0000000708b00000, 0x0000000708b00000| Untracked 
| 106|0x0000000708c00000, 0x0000000708c00000, 0x0000000708d00000|  0%| F|  |TAMS 0x0000000708c00000, 0x0000000708c00000| Untracked 
| 107|0x0000000708d00000, 0x0000000708d00000, 0x0000000708e00000|  0%| F|  |TAMS 0x0000000708d00000, 0x0000000708d00000| Untracked 
| 108|0x0000000708e00000, 0x0000000708e251c0, 0x0000000708f00000| 14%| S|CS|TAMS 0x0000000708e00000, 0x0000000708e00000| Complete 
| 109|0x0000000708f00000, 0x0000000709000000, 0x0000000709000000|100%| S|CS|TAMS 0x0000000708f00000, 0x0000000708f00000| Complete 
| 110|0x0000000709000000, 0x0000000709100000, 0x0000000709100000|100%| S|CS|TAMS 0x0000000709000000, 0x0000000709000000| Complete 
| 111|0x0000000709100000, 0x0000000709200000, 0x0000000709200000|100%| S|CS|TAMS 0x0000000709100000, 0x0000000709100000| Complete 
| 112|0x0000000709200000, 0x0000000709300000, 0x0000000709300000|100%| S|CS|TAMS 0x0000000709200000, 0x0000000709200000| Complete 
| 113|0x0000000709300000, 0x0000000709400000, 0x0000000709400000|100%| S|CS|TAMS 0x0000000709300000, 0x0000000709300000| Complete 
| 114|0x0000000709400000, 0x0000000709500000, 0x0000000709500000|100%| S|CS|TAMS 0x0000000709400000, 0x0000000709400000| Complete 
| 115|0x0000000709500000, 0x0000000709600000, 0x0000000709600000|100%| S|CS|TAMS 0x0000000709500000, 0x0000000709500000| Complete 
| 116|0x0000000709600000, 0x0000000709700000, 0x0000000709700000|100%| S|CS|TAMS 0x0000000709600000, 0x0000000709600000| Complete 
| 117|0x0000000709700000, 0x0000000709700000, 0x0000000709800000|  0%| F|  |TAMS 0x0000000709700000, 0x0000000709700000| Untracked 
| 118|0x0000000709800000, 0x0000000709900000, 0x0000000709900000|100%| S|CS|TAMS 0x0000000709800000, 0x0000000709800000| Complete 
| 119|0x0000000709900000, 0x0000000709a00000, 0x0000000709a00000|100%| S|CS|TAMS 0x0000000709900000, 0x0000000709900000| Complete 
| 120|0x0000000709a00000, 0x0000000709b00000, 0x0000000709b00000|100%| S|CS|TAMS 0x0000000709a00000, 0x0000000709a00000| Complete 
| 121|0x0000000709b00000, 0x0000000709c00000, 0x0000000709c00000|100%| S|CS|TAMS 0x0000000709b00000, 0x0000000709b00000| Complete 
| 122|0x0000000709c00000, 0x0000000709c00000, 0x0000000709d00000|  0%| F|  |TAMS 0x0000000709c00000, 0x0000000709c00000| Untracked 
| 123|0x0000000709d00000, 0x0000000709d00000, 0x0000000709e00000|  0%| F|  |TAMS 0x0000000709d00000, 0x0000000709d00000| Untracked 
| 124|0x0000000709e00000, 0x0000000709e00000, 0x0000000709f00000|  0%| F|  |TAMS 0x0000000709e00000, 0x0000000709e00000| Untracked 
| 125|0x0000000709f00000, 0x0000000709f00000, 0x000000070a000000|  0%| F|  |TAMS 0x0000000709f00000, 0x0000000709f00000| Untracked 
| 126|0x000000070a000000, 0x000000070a100000, 0x000000070a100000|100%| S|CS|TAMS 0x000000070a000000, 0x000000070a000000| Complete 
| 127|0x000000070a100000, 0x000000070a100000, 0x000000070a200000|  0%| F|  |TAMS 0x000000070a100000, 0x000000070a100000| Untracked 
| 128|0x000000070a200000, 0x000000070a200000, 0x000000070a300000|  0%| F|  |TAMS 0x000000070a200000, 0x000000070a200000| Untracked 
| 129|0x000000070a300000, 0x000000070a300000, 0x000000070a400000|  0%| F|  |TAMS 0x000000070a300000, 0x000000070a300000| Untracked 
| 130|0x000000070a400000, 0x000000070a400000, 0x000000070a500000|  0%| F|  |TAMS 0x000000070a400000, 0x000000070a400000| Untracked 
| 131|0x000000070a500000, 0x000000070a500000, 0x000000070a600000|  0%| F|  |TAMS 0x000000070a500000, 0x000000070a500000| Untracked 
| 132|0x000000070a600000, 0x000000070a600000, 0x000000070a700000|  0%| F|  |TAMS 0x000000070a600000, 0x000000070a600000| Untracked 
| 133|0x000000070a700000, 0x000000070a700000, 0x000000070a800000|  0%| F|  |TAMS 0x000000070a700000, 0x000000070a700000| Untracked 
| 134|0x000000070a800000, 0x000000070a800000, 0x000000070a900000|  0%| F|  |TAMS 0x000000070a800000, 0x000000070a800000| Untracked 
| 135|0x000000070a900000, 0x000000070a900000, 0x000000070aa00000|  0%| F|  |TAMS 0x000000070a900000, 0x000000070a900000| Untracked 
| 136|0x000000070aa00000, 0x000000070aa00000, 0x000000070ab00000|  0%| F|  |TAMS 0x000000070aa00000, 0x000000070aa00000| Untracked 
| 137|0x000000070ab00000, 0x000000070ab00000, 0x000000070ac00000|  0%| F|  |TAMS 0x000000070ab00000, 0x000000070ab00000| Untracked 
| 138|0x000000070ac00000, 0x000000070ac00000, 0x000000070ad00000|  0%| F|  |TAMS 0x000000070ac00000, 0x000000070ac00000| Untracked 
| 139|0x000000070ad00000, 0x000000070ad00000, 0x000000070ae00000|  0%| F|  |TAMS 0x000000070ad00000, 0x000000070ad00000| Untracked 
| 140|0x000000070ae00000, 0x000000070ae00000, 0x000000070af00000|  0%| F|  |TAMS 0x000000070ae00000, 0x000000070ae00000| Untracked 
| 141|0x000000070af00000, 0x000000070af00000, 0x000000070b000000|  0%| F|  |TAMS 0x000000070af00000, 0x000000070af00000| Untracked 
| 142|0x000000070b000000, 0x000000070b000000, 0x000000070b100000|  0%| F|  |TAMS 0x000000070b000000, 0x000000070b000000| Untracked 
| 143|0x000000070b100000, 0x000000070b100000, 0x000000070b200000|  0%| F|  |TAMS 0x000000070b100000, 0x000000070b100000| Untracked 
| 144|0x000000070b200000, 0x000000070b200000, 0x000000070b300000|  0%| F|  |TAMS 0x000000070b200000, 0x000000070b200000| Untracked 
| 145|0x000000070b300000, 0x000000070b300000, 0x000000070b400000|  0%| F|  |TAMS 0x000000070b300000, 0x000000070b300000| Untracked 
| 146|0x000000070b400000, 0x000000070b400000, 0x000000070b500000|  0%| F|  |TAMS 0x000000070b400000, 0x000000070b400000| Untracked 
| 147|0x000000070b500000, 0x000000070b500000, 0x000000070b600000|  0%| F|  |TAMS 0x000000070b500000, 0x000000070b500000| Untracked 
| 148|0x000000070b600000, 0x000000070b600000, 0x000000070b700000|  0%| F|  |TAMS 0x000000070b600000, 0x000000070b600000| Untracked 
| 149|0x000000070b700000, 0x000000070b780800, 0x000000070b800000| 50%| E|  |TAMS 0x000000070b700000, 0x000000070b700000| Complete 
| 150|0x000000070b800000, 0x000000070b900000, 0x000000070b900000|100%| E|CS|TAMS 0x000000070b800000, 0x000000070b800000| Complete 
| 151|0x000000070b900000, 0x000000070ba00000, 0x000000070ba00000|100%| E|CS|TAMS 0x000000070b900000, 0x000000070b900000| Complete 
| 152|0x000000070ba00000, 0x000000070bb00000, 0x000000070bb00000|100%| E|CS|TAMS 0x000000070ba00000, 0x000000070ba00000| Complete 
| 153|0x000000070bb00000, 0x000000070bc00000, 0x000000070bc00000|100%| E|CS|TAMS 0x000000070bb00000, 0x000000070bb00000| Complete 
| 154|0x000000070bc00000, 0x000000070bd00000, 0x000000070bd00000|100%| E|CS|TAMS 0x000000070bc00000, 0x000000070bc00000| Complete 
| 155|0x000000070bd00000, 0x000000070be00000, 0x000000070be00000|100%| E|CS|TAMS 0x000000070bd00000, 0x000000070bd00000| Complete 
| 156|0x000000070be00000, 0x000000070bf00000, 0x000000070bf00000|100%| E|CS|TAMS 0x000000070be00000, 0x000000070be00000| Complete 
| 157|0x000000070bf00000, 0x000000070c000000, 0x000000070c000000|100%| E|CS|TAMS 0x000000070bf00000, 0x000000070bf00000| Complete 
| 158|0x000000070c000000, 0x000000070c100000, 0x000000070c100000|100%| E|CS|TAMS 0x000000070c000000, 0x000000070c000000| Complete 
| 159|0x000000070c100000, 0x000000070c200000, 0x000000070c200000|100%| E|CS|TAMS 0x000000070c100000, 0x000000070c100000| Complete 
| 160|0x000000070c200000, 0x000000070c300000, 0x000000070c300000|100%| E|CS|TAMS 0x000000070c200000, 0x000000070c200000| Complete 
| 161|0x000000070c300000, 0x000000070c400000, 0x000000070c400000|100%| E|CS|TAMS 0x000000070c300000, 0x000000070c300000| Complete 
| 162|0x000000070c400000, 0x000000070c500000, 0x000000070c500000|100%| E|CS|TAMS 0x000000070c400000, 0x000000070c400000| Complete 
| 163|0x000000070c500000, 0x000000070c600000, 0x000000070c600000|100%| E|CS|TAMS 0x000000070c500000, 0x000000070c500000| Complete 
| 164|0x000000070c600000, 0x000000070c700000, 0x000000070c700000|100%| E|CS|TAMS 0x000000070c600000, 0x000000070c600000| Complete 
| 165|0x000000070c700000, 0x000000070c800000, 0x000000070c800000|100%| E|CS|TAMS 0x000000070c700000, 0x000000070c700000| Complete 
| 166|0x000000070c800000, 0x000000070c900000, 0x000000070c900000|100%| E|CS|TAMS 0x000000070c800000, 0x000000070c800000| Complete 
| 167|0x000000070c900000, 0x000000070ca00000, 0x000000070ca00000|100%| E|CS|TAMS 0x000000070c900000, 0x000000070c900000| Complete 
| 168|0x000000070ca00000, 0x000000070cb00000, 0x000000070cb00000|100%| E|CS|TAMS 0x000000070ca00000, 0x000000070ca00000| Complete 
| 169|0x000000070cb00000, 0x000000070cc00000, 0x000000070cc00000|100%| E|CS|TAMS 0x000000070cb00000, 0x000000070cb00000| Complete 
| 170|0x000000070cc00000, 0x000000070cd00000, 0x000000070cd00000|100%| E|CS|TAMS 0x000000070cc00000, 0x000000070cc00000| Complete 
| 171|0x000000070cd00000, 0x000000070ce00000, 0x000000070ce00000|100%| E|CS|TAMS 0x000000070cd00000, 0x000000070cd00000| Complete 
| 172|0x000000070ce00000, 0x000000070cf00000, 0x000000070cf00000|100%| E|CS|TAMS 0x000000070ce00000, 0x000000070ce00000| Complete 
| 173|0x000000070cf00000, 0x000000070d000000, 0x000000070d000000|100%| E|CS|TAMS 0x000000070cf00000, 0x000000070cf00000| Complete 
| 174|0x000000070d000000, 0x000000070d100000, 0x000000070d100000|100%| E|CS|TAMS 0x000000070d000000, 0x000000070d000000| Complete 
| 175|0x000000070d100000, 0x000000070d200000, 0x000000070d200000|100%| E|CS|TAMS 0x000000070d100000, 0x000000070d100000| Complete 
| 176|0x000000070d200000, 0x000000070d300000, 0x000000070d300000|100%| E|CS|TAMS 0x000000070d200000, 0x000000070d200000| Complete 
| 177|0x000000070d300000, 0x000000070d400000, 0x000000070d400000|100%| E|CS|TAMS 0x000000070d300000, 0x000000070d300000| Complete 
| 178|0x000000070d400000, 0x000000070d500000, 0x000000070d500000|100%| E|CS|TAMS 0x000000070d400000, 0x000000070d400000| Complete 
| 179|0x000000070d500000, 0x000000070d600000, 0x000000070d600000|100%| E|CS|TAMS 0x000000070d500000, 0x000000070d500000| Complete 
| 180|0x000000070d600000, 0x000000070d700000, 0x000000070d700000|100%| E|CS|TAMS 0x000000070d600000, 0x000000070d600000| Complete 
| 181|0x000000070d700000, 0x000000070d800000, 0x000000070d800000|100%| E|CS|TAMS 0x000000070d700000, 0x000000070d700000| Complete 
| 182|0x000000070d800000, 0x000000070d900000, 0x000000070d900000|100%| E|CS|TAMS 0x000000070d800000, 0x000000070d800000| Complete 
| 183|0x000000070d900000, 0x000000070da00000, 0x000000070da00000|100%| E|CS|TAMS 0x000000070d900000, 0x000000070d900000| Complete 
| 184|0x000000070da00000, 0x000000070db00000, 0x000000070db00000|100%| E|CS|TAMS 0x000000070da00000, 0x000000070da00000| Complete 
| 185|0x000000070db00000, 0x000000070dc00000, 0x000000070dc00000|100%| E|CS|TAMS 0x000000070db00000, 0x000000070db00000| Complete 
| 186|0x000000070dc00000, 0x000000070dd00000, 0x000000070dd00000|100%| E|CS|TAMS 0x000000070dc00000, 0x000000070dc00000| Complete 
| 187|0x000000070dd00000, 0x000000070de00000, 0x000000070de00000|100%| E|CS|TAMS 0x000000070dd00000, 0x000000070dd00000| Complete 
| 188|0x000000070de00000, 0x000000070df00000, 0x000000070df00000|100%| E|CS|TAMS 0x000000070de00000, 0x000000070de00000| Complete 
| 189|0x000000070df00000, 0x000000070e000000, 0x000000070e000000|100%| E|CS|TAMS 0x000000070df00000, 0x000000070df00000| Complete 
| 190|0x000000070e000000, 0x000000070e100000, 0x000000070e100000|100%| E|CS|TAMS 0x000000070e000000, 0x000000070e000000| Complete 
| 191|0x000000070e100000, 0x000000070e200000, 0x000000070e200000|100%| E|CS|TAMS 0x000000070e100000, 0x000000070e100000| Complete 
| 192|0x000000070e200000, 0x000000070e300000, 0x000000070e300000|100%| E|CS|TAMS 0x000000070e200000, 0x000000070e200000| Complete 
| 193|0x000000070e300000, 0x000000070e400000, 0x000000070e400000|100%| E|CS|TAMS 0x000000070e300000, 0x000000070e300000| Complete 
| 194|0x000000070e400000, 0x000000070e500000, 0x000000070e500000|100%| E|CS|TAMS 0x000000070e400000, 0x000000070e400000| Complete 
| 195|0x000000070e500000, 0x000000070e600000, 0x000000070e600000|100%| E|CS|TAMS 0x000000070e500000, 0x000000070e500000| Complete 
| 196|0x000000070e600000, 0x000000070e700000, 0x000000070e700000|100%| E|CS|TAMS 0x000000070e600000, 0x000000070e600000| Complete 
| 197|0x000000070e700000, 0x000000070e800000, 0x000000070e800000|100%| E|CS|TAMS 0x000000070e700000, 0x000000070e700000| Complete 
| 198|0x000000070e800000, 0x000000070e900000, 0x000000070e900000|100%| E|CS|TAMS 0x000000070e800000, 0x000000070e800000| Complete 
| 199|0x000000070e900000, 0x000000070ea00000, 0x000000070ea00000|100%| E|CS|TAMS 0x000000070e900000, 0x000000070e900000| Complete 
| 200|0x000000070ea00000, 0x000000070eb00000, 0x000000070eb00000|100%| E|CS|TAMS 0x000000070ea00000, 0x000000070ea00000| Complete 
| 201|0x000000070eb00000, 0x000000070ec00000, 0x000000070ec00000|100%| E|CS|TAMS 0x000000070eb00000, 0x000000070eb00000| Complete 
| 202|0x000000070ec00000, 0x000000070ed00000, 0x000000070ed00000|100%| E|CS|TAMS 0x000000070ec00000, 0x000000070ec00000| Complete 
| 203|0x000000070ed00000, 0x000000070ee00000, 0x000000070ee00000|100%| E|CS|TAMS 0x000000070ed00000, 0x000000070ed00000| Complete 
| 204|0x000000070ee00000, 0x000000070ef00000, 0x000000070ef00000|100%| E|CS|TAMS 0x000000070ee00000, 0x000000070ee00000| Complete 
| 205|0x000000070ef00000, 0x000000070f000000, 0x000000070f000000|100%| E|CS|TAMS 0x000000070ef00000, 0x000000070ef00000| Complete 
| 206|0x000000070f000000, 0x000000070f100000, 0x000000070f100000|100%| E|CS|TAMS 0x000000070f000000, 0x000000070f000000| Complete 
| 207|0x000000070f100000, 0x000000070f200000, 0x000000070f200000|100%| E|CS|TAMS 0x000000070f100000, 0x000000070f100000| Complete 
| 208|0x000000070f200000, 0x000000070f300000, 0x000000070f300000|100%| E|CS|TAMS 0x000000070f200000, 0x000000070f200000| Complete 
| 209|0x000000070f300000, 0x000000070f400000, 0x000000070f400000|100%| E|CS|TAMS 0x000000070f300000, 0x000000070f300000| Complete 
| 210|0x000000070f400000, 0x000000070f500000, 0x000000070f500000|100%| E|CS|TAMS 0x000000070f400000, 0x000000070f400000| Complete 
| 211|0x000000070f500000, 0x000000070f600000, 0x000000070f600000|100%| E|CS|TAMS 0x000000070f500000, 0x000000070f500000| Complete 
| 212|0x000000070f600000, 0x000000070f700000, 0x000000070f700000|100%| E|CS|TAMS 0x000000070f600000, 0x000000070f600000| Complete 
| 213|0x000000070f700000, 0x000000070f800000, 0x000000070f800000|100%| E|CS|TAMS 0x000000070f700000, 0x000000070f700000| Complete 
| 214|0x000000070f800000, 0x000000070f900000, 0x000000070f900000|100%| E|CS|TAMS 0x000000070f800000, 0x000000070f800000| Complete 
| 215|0x000000070f900000, 0x000000070fa00000, 0x000000070fa00000|100%| E|CS|TAMS 0x000000070f900000, 0x000000070f900000| Complete 
| 216|0x000000070fa00000, 0x000000070fb00000, 0x000000070fb00000|100%| E|CS|TAMS 0x000000070fa00000, 0x000000070fa00000| Complete 
| 217|0x000000070fb00000, 0x000000070fc00000, 0x000000070fc00000|100%| E|CS|TAMS 0x000000070fb00000, 0x000000070fb00000| Complete 
| 218|0x000000070fc00000, 0x000000070fd00000, 0x000000070fd00000|100%| E|CS|TAMS 0x000000070fc00000, 0x000000070fc00000| Complete 
| 219|0x000000070fd00000, 0x000000070fe00000, 0x000000070fe00000|100%| E|CS|TAMS 0x000000070fd00000, 0x000000070fd00000| Complete 
| 220|0x000000070fe00000, 0x000000070ff00000, 0x000000070ff00000|100%| E|CS|TAMS 0x000000070fe00000, 0x000000070fe00000| Complete 
| 221|0x000000070ff00000, 0x0000000710000000, 0x0000000710000000|100%| E|CS|TAMS 0x000000070ff00000, 0x000000070ff00000| Complete 
| 222|0x0000000710000000, 0x0000000710100000, 0x0000000710100000|100%| E|CS|TAMS 0x0000000710000000, 0x0000000710000000| Complete 
| 223|0x0000000710100000, 0x0000000710200000, 0x0000000710200000|100%| E|CS|TAMS 0x0000000710100000, 0x0000000710100000| Complete 
| 224|0x0000000710200000, 0x0000000710300000, 0x0000000710300000|100%| E|CS|TAMS 0x0000000710200000, 0x0000000710200000| Complete 
| 225|0x0000000710300000, 0x0000000710400000, 0x0000000710400000|100%| E|CS|TAMS 0x0000000710300000, 0x0000000710300000| Complete 
| 226|0x0000000710400000, 0x0000000710500000, 0x0000000710500000|100%| E|CS|TAMS 0x0000000710400000, 0x0000000710400000| Complete 
| 227|0x0000000710500000, 0x0000000710600000, 0x0000000710600000|100%| E|CS|TAMS 0x0000000710500000, 0x0000000710500000| Complete 
| 228|0x0000000710600000, 0x0000000710700000, 0x0000000710700000|100%| E|CS|TAMS 0x0000000710600000, 0x0000000710600000| Complete 
| 229|0x0000000710700000, 0x0000000710800000, 0x0000000710800000|100%| E|CS|TAMS 0x0000000710700000, 0x0000000710700000| Complete 
| 230|0x0000000710800000, 0x0000000710900000, 0x0000000710900000|100%| E|CS|TAMS 0x0000000710800000, 0x0000000710800000| Complete 
| 231|0x0000000710900000, 0x0000000710a00000, 0x0000000710a00000|100%| E|CS|TAMS 0x0000000710900000, 0x0000000710900000| Complete 
| 232|0x0000000710a00000, 0x0000000710b00000, 0x0000000710b00000|100%| E|CS|TAMS 0x0000000710a00000, 0x0000000710a00000| Complete 
| 233|0x0000000710b00000, 0x0000000710c00000, 0x0000000710c00000|100%| E|CS|TAMS 0x0000000710b00000, 0x0000000710b00000| Complete 
| 234|0x0000000710c00000, 0x0000000710d00000, 0x0000000710d00000|100%| E|CS|TAMS 0x0000000710c00000, 0x0000000710c00000| Complete 
| 235|0x0000000710d00000, 0x0000000710e00000, 0x0000000710e00000|100%| E|CS|TAMS 0x0000000710d00000, 0x0000000710d00000| Complete 
| 236|0x0000000710e00000, 0x0000000710f00000, 0x0000000710f00000|100%| E|CS|TAMS 0x0000000710e00000, 0x0000000710e00000| Complete 
| 237|0x0000000710f00000, 0x0000000711000000, 0x0000000711000000|100%| E|CS|TAMS 0x0000000710f00000, 0x0000000710f00000| Complete 
| 238|0x0000000711000000, 0x0000000711100000, 0x0000000711100000|100%| E|CS|TAMS 0x0000000711000000, 0x0000000711000000| Complete 
| 239|0x0000000711100000, 0x0000000711200000, 0x0000000711200000|100%| E|CS|TAMS 0x0000000711100000, 0x0000000711100000| Complete 
| 240|0x0000000711200000, 0x0000000711300000, 0x0000000711300000|100%| E|CS|TAMS 0x0000000711200000, 0x0000000711200000| Complete 
| 241|0x0000000711300000, 0x0000000711400000, 0x0000000711400000|100%| E|CS|TAMS 0x0000000711300000, 0x0000000711300000| Complete 
| 242|0x0000000711400000, 0x0000000711500000, 0x0000000711500000|100%| E|CS|TAMS 0x0000000711400000, 0x0000000711400000| Complete 
| 243|0x0000000711500000, 0x0000000711600000, 0x0000000711600000|100%| E|CS|TAMS 0x0000000711500000, 0x0000000711500000| Complete 
| 244|0x0000000711600000, 0x0000000711700000, 0x0000000711700000|100%| E|CS|TAMS 0x0000000711600000, 0x0000000711600000| Complete 
| 245|0x0000000711700000, 0x0000000711800000, 0x0000000711800000|100%| E|CS|TAMS 0x0000000711700000, 0x0000000711700000| Complete 
| 246|0x0000000711800000, 0x0000000711900000, 0x0000000711900000|100%| E|CS|TAMS 0x0000000711800000, 0x0000000711800000| Complete 
| 247|0x0000000711900000, 0x0000000711a00000, 0x0000000711a00000|100%| E|CS|TAMS 0x0000000711900000, 0x0000000711900000| Complete 
| 248|0x0000000711a00000, 0x0000000711b00000, 0x0000000711b00000|100%| E|CS|TAMS 0x0000000711a00000, 0x0000000711a00000| Complete 
| 249|0x0000000711b00000, 0x0000000711c00000, 0x0000000711c00000|100%| E|CS|TAMS 0x0000000711b00000, 0x0000000711b00000| Complete 
| 250|0x0000000711c00000, 0x0000000711d00000, 0x0000000711d00000|100%| E|CS|TAMS 0x0000000711c00000, 0x0000000711c00000| Complete 
| 251|0x0000000711d00000, 0x0000000711e00000, 0x0000000711e00000|100%| E|CS|TAMS 0x0000000711d00000, 0x0000000711d00000| Complete 
| 252|0x0000000711e00000, 0x0000000711f00000, 0x0000000711f00000|100%| E|CS|TAMS 0x0000000711e00000, 0x0000000711e00000| Complete 
| 253|0x0000000711f00000, 0x0000000712000000, 0x0000000712000000|100%| E|CS|TAMS 0x0000000711f00000, 0x0000000711f00000| Complete 
| 254|0x0000000712000000, 0x0000000712100000, 0x0000000712100000|100%| E|CS|TAMS 0x0000000712000000, 0x0000000712000000| Complete 
| 255|0x0000000712100000, 0x0000000712200000, 0x0000000712200000|100%| E|CS|TAMS 0x0000000712100000, 0x0000000712100000| Complete 
| 256|0x0000000712200000, 0x0000000712300000, 0x0000000712300000|100%| E|CS|TAMS 0x0000000712200000, 0x0000000712200000| Complete 
| 257|0x0000000712300000, 0x0000000712400000, 0x0000000712400000|100%| E|CS|TAMS 0x0000000712300000, 0x0000000712300000| Complete 
| 258|0x0000000712400000, 0x0000000712500000, 0x0000000712500000|100%| E|CS|TAMS 0x0000000712400000, 0x0000000712400000| Complete 
| 259|0x0000000712500000, 0x0000000712600000, 0x0000000712600000|100%| E|CS|TAMS 0x0000000712500000, 0x0000000712500000| Complete 
| 260|0x0000000712600000, 0x0000000712700000, 0x0000000712700000|100%| E|CS|TAMS 0x0000000712600000, 0x0000000712600000| Complete 
| 261|0x0000000712700000, 0x0000000712800000, 0x0000000712800000|100%| E|CS|TAMS 0x0000000712700000, 0x0000000712700000| Complete 
| 262|0x0000000712800000, 0x0000000712900000, 0x0000000712900000|100%| E|CS|TAMS 0x0000000712800000, 0x0000000712800000| Complete 
| 263|0x0000000712900000, 0x0000000712a00000, 0x0000000712a00000|100%| E|CS|TAMS 0x0000000712900000, 0x0000000712900000| Complete 
| 264|0x0000000712a00000, 0x0000000712b00000, 0x0000000712b00000|100%| E|CS|TAMS 0x0000000712a00000, 0x0000000712a00000| Complete 
| 265|0x0000000712b00000, 0x0000000712c00000, 0x0000000712c00000|100%| E|CS|TAMS 0x0000000712b00000, 0x0000000712b00000| Complete 
| 266|0x0000000712c00000, 0x0000000712d00000, 0x0000000712d00000|100%| E|CS|TAMS 0x0000000712c00000, 0x0000000712c00000| Complete 
| 267|0x0000000712d00000, 0x0000000712e00000, 0x0000000712e00000|100%| E|CS|TAMS 0x0000000712d00000, 0x0000000712d00000| Complete 
| 268|0x0000000712e00000, 0x0000000712f00000, 0x0000000712f00000|100%| E|CS|TAMS 0x0000000712e00000, 0x0000000712e00000| Complete 
| 269|0x0000000712f00000, 0x0000000713000000, 0x0000000713000000|100%| E|CS|TAMS 0x0000000712f00000, 0x0000000712f00000| Complete 
| 270|0x0000000713000000, 0x0000000713100000, 0x0000000713100000|100%| E|CS|TAMS 0x0000000713000000, 0x0000000713000000| Complete 
| 271|0x0000000713100000, 0x0000000713200000, 0x0000000713200000|100%| E|CS|TAMS 0x0000000713100000, 0x0000000713100000| Complete 
| 272|0x0000000713200000, 0x0000000713300000, 0x0000000713300000|100%| E|CS|TAMS 0x0000000713200000, 0x0000000713200000| Complete 
| 273|0x0000000713300000, 0x0000000713400000, 0x0000000713400000|100%| E|CS|TAMS 0x0000000713300000, 0x0000000713300000| Complete 
| 274|0x0000000713400000, 0x0000000713500000, 0x0000000713500000|100%| E|CS|TAMS 0x0000000713400000, 0x0000000713400000| Complete 
| 275|0x0000000713500000, 0x0000000713600000, 0x0000000713600000|100%| E|CS|TAMS 0x0000000713500000, 0x0000000713500000| Complete 
| 276|0x0000000713600000, 0x0000000713700000, 0x0000000713700000|100%| E|CS|TAMS 0x0000000713600000, 0x0000000713600000| Complete 
| 277|0x0000000713700000, 0x0000000713800000, 0x0000000713800000|100%| E|CS|TAMS 0x0000000713700000, 0x0000000713700000| Complete 
| 278|0x0000000713800000, 0x0000000713900000, 0x0000000713900000|100%| E|CS|TAMS 0x0000000713800000, 0x0000000713800000| Complete 
| 279|0x0000000713900000, 0x0000000713a00000, 0x0000000713a00000|100%| E|CS|TAMS 0x0000000713900000, 0x0000000713900000| Complete 
| 280|0x0000000713a00000, 0x0000000713b00000, 0x0000000713b00000|100%| E|CS|TAMS 0x0000000713a00000, 0x0000000713a00000| Complete 
| 281|0x0000000713b00000, 0x0000000713c00000, 0x0000000713c00000|100%| E|CS|TAMS 0x0000000713b00000, 0x0000000713b00000| Complete 
| 282|0x0000000713c00000, 0x0000000713d00000, 0x0000000713d00000|100%| E|CS|TAMS 0x0000000713c00000, 0x0000000713c00000| Complete 
| 283|0x0000000713d00000, 0x0000000713e00000, 0x0000000713e00000|100%| E|CS|TAMS 0x0000000713d00000, 0x0000000713d00000| Complete 
| 284|0x0000000713e00000, 0x0000000713f00000, 0x0000000713f00000|100%| E|CS|TAMS 0x0000000713e00000, 0x0000000713e00000| Complete 
| 285|0x0000000713f00000, 0x0000000714000000, 0x0000000714000000|100%| E|CS|TAMS 0x0000000713f00000, 0x0000000713f00000| Complete 
| 286|0x0000000714000000, 0x0000000714100000, 0x0000000714100000|100%| E|CS|TAMS 0x0000000714000000, 0x0000000714000000| Complete 
| 287|0x0000000714100000, 0x0000000714200000, 0x0000000714200000|100%| E|CS|TAMS 0x0000000714100000, 0x0000000714100000| Complete 
| 288|0x0000000714200000, 0x0000000714300000, 0x0000000714300000|100%| E|CS|TAMS 0x0000000714200000, 0x0000000714200000| Complete 
| 289|0x0000000714300000, 0x0000000714400000, 0x0000000714400000|100%| E|CS|TAMS 0x0000000714300000, 0x0000000714300000| Complete 
| 290|0x0000000714400000, 0x0000000714500000, 0x0000000714500000|100%| E|CS|TAMS 0x0000000714400000, 0x0000000714400000| Complete 
| 291|0x0000000714500000, 0x0000000714600000, 0x0000000714600000|100%| E|CS|TAMS 0x0000000714500000, 0x0000000714500000| Complete 
| 292|0x0000000714600000, 0x0000000714700000, 0x0000000714700000|100%| E|CS|TAMS 0x0000000714600000, 0x0000000714600000| Complete 
| 293|0x0000000714700000, 0x0000000714800000, 0x0000000714800000|100%| E|CS|TAMS 0x0000000714700000, 0x0000000714700000| Complete 
| 294|0x0000000714800000, 0x0000000714900000, 0x0000000714900000|100%| E|CS|TAMS 0x0000000714800000, 0x0000000714800000| Complete 
| 295|0x0000000714900000, 0x0000000714a00000, 0x0000000714a00000|100%| E|CS|TAMS 0x0000000714900000, 0x0000000714900000| Complete 
| 296|0x0000000714a00000, 0x0000000714b00000, 0x0000000714b00000|100%| E|CS|TAMS 0x0000000714a00000, 0x0000000714a00000| Complete 
| 297|0x0000000714b00000, 0x0000000714c00000, 0x0000000714c00000|100%| E|CS|TAMS 0x0000000714b00000, 0x0000000714b00000| Complete 
| 298|0x0000000714c00000, 0x0000000714d00000, 0x0000000714d00000|100%| E|CS|TAMS 0x0000000714c00000, 0x0000000714c00000| Complete 
| 299|0x0000000714d00000, 0x0000000714e00000, 0x0000000714e00000|100%| E|CS|TAMS 0x0000000714d00000, 0x0000000714d00000| Complete 
| 300|0x0000000714e00000, 0x0000000714f00000, 0x0000000714f00000|100%| E|CS|TAMS 0x0000000714e00000, 0x0000000714e00000| Complete 
| 301|0x0000000714f00000, 0x0000000715000000, 0x0000000715000000|100%| E|CS|TAMS 0x0000000714f00000, 0x0000000714f00000| Complete 
| 302|0x0000000715000000, 0x0000000715100000, 0x0000000715100000|100%| E|CS|TAMS 0x0000000715000000, 0x0000000715000000| Complete 
| 303|0x0000000715100000, 0x0000000715200000, 0x0000000715200000|100%| E|CS|TAMS 0x0000000715100000, 0x0000000715100000| Complete 
| 304|0x0000000715200000, 0x0000000715300000, 0x0000000715300000|100%| E|CS|TAMS 0x0000000715200000, 0x0000000715200000| Complete 

Card table byte_map: [0x000002110f000000,0x000002110f7f0000] _byte_map_base: 0x000002110b7ef000

Marking Bits (Prev, Next): (CMBitMap*) 0x0000021176813108, (CMBitMap*) 0x0000021176813148
 Prev Bits: [0x000002110ffe0000, 0x0000021113f58000)
 Next Bits: [0x0000021113f60000, 0x0000021117ed8000)

Polling page: 0x0000021174630000

Metaspace:

Usage:
  Non-class:     10.12 MB capacity,     7.93 MB ( 78%) used,     2.18 MB ( 22%) free+waste,    10.63 KB ( <1%) overhead. 
      Class:    725.00 KB capacity,   425.83 KB ( 59%) used,   295.55 KB ( 41%) free+waste,     3.63 KB ( <1%) overhead. 
       Both:     10.83 MB capacity,     8.35 MB ( 77%) used,     2.47 MB ( 23%) free+waste,    14.25 KB ( <1%) overhead. 

Virtual space:
  Non-class space:       12.00 MB reserved,      10.25 MB ( 85%) committed 
      Class space:        1.00 GB reserved,     768.00 KB ( <1%) committed 
             Both:        1.01 GB reserved,      11.00 MB (  1%) committed 

Chunk freelists:
   Non-Class:  66.00 KB
       Class:  11.00 KB
        Both:  77.00 KB

MaxMetaspaceSize: 17179869184.00 GB
CompressedClassSpaceSize: 1.00 GB

CodeHeap 'non-profiled nmethods': size=120000Kb used=1225Kb max_used=1225Kb free=118774Kb
 bounds [0x0000021107ad0000, 0x0000021107d40000, 0x000002110f000000]
CodeHeap 'profiled nmethods': size=120000Kb used=3775Kb max_used=3775Kb free=116224Kb
 bounds [0x00000211005a0000, 0x0000021100950000, 0x0000021107ad0000]
CodeHeap 'non-nmethods': size=5760Kb used=1634Kb max_used=1706Kb free=4125Kb
 bounds [0x0000021100000000, 0x0000021100270000, 0x00000211005a0000]
 total_blobs=3831 nmethods=1739 adapters=937
 compilation: enabled
              stopped_count=0, restarted_count=0
 full_count=0

Compilation events (20 events):
Event: 123.123 Thread 0x000002153fba7800 nmethod 1727 0x0000021107bfdd10 code [0x0000021107bfdee0, 0x0000021107bfe0a8]
Event: 123.123 Thread 0x000002111acb2800 nmethod 1728 0x0000021107bfe210 code [0x0000021107bfe3a0, 0x0000021107bfe4b8]
Event: 140.252 Thread 0x000002111acb2800 1731       4       java.lang.StringBuilder::append (8 bytes)
Event: 140.258 Thread 0x000002111acb2800 nmethod 1731 0x0000021107bfe590 code [0x0000021107bfe740, 0x0000021107bfec88]
Event: 140.258 Thread 0x000002111acb2800 1732       4       java.lang.AbstractStringBuilder::append (161 bytes)
Event: 140.258 Thread 0x00000213b6faa000 1733       4       animation.Animate::drawAnimatedModel (44 bytes)
Event: 140.259 Thread 0x0000021128e58000 1738       4       gameEngine.Window::clear (7 bytes)
Event: 140.259 Thread 0x0000021128e58000 nmethod 1738 0x0000021107bfef90 code [0x0000021107bff120, 0x0000021107bff1c8]
Event: 140.259 Thread 0x0000021128e58000 1739       4       gameEngine.MapLoader::flushModel (8 bytes)
Event: 140.261 Thread 0x0000021128e58000 nmethod 1739 0x0000021107bff290 code [0x0000021107bff480, 0x0000021107bff6d0]
Event: 140.261 Thread 0x0000021128e58000 1735       4       textrendering.TextBuilder::UIdrawString (65 bytes)
Event: 140.266 Thread 0x000002111acb2800 nmethod 1732 0x0000021107bffa10 code [0x0000021107bffbc0, 0x0000021107c000e8]
Event: 140.266 Thread 0x000002111acb2800 1734       4       animation.AnimationHandler::amountInList (9 bytes)
Event: 140.266 Thread 0x00000213b6faa000 nmethod 1733 0x0000021107c00390 code [0x0000021107c00540, 0x0000021107c00968]
Event: 140.266 Thread 0x00000213b6faa000 1736       4       Scripter.Proccesor::proccesCommands (295 bytes)
Event: 140.266 Thread 0x000002111acb2800 nmethod 1734 0x0000021107c00c90 code [0x0000021107c00e20, 0x0000021107c00e98]
Event: 140.266 Thread 0x000002111acb2800 1737       4       gameEngine.MainRenderHandler::SortEntities (25 bytes)
Event: 140.267 Thread 0x00000213b6faa000 nmethod 1736 0x0000021107c00f90 code [0x0000021107c01120, 0x0000021107c01218]
Event: 140.269 Thread 0x000002111acb2800 nmethod 1737 0x0000021107c01390 code [0x0000021107c01540, 0x0000021107c01708]
Event: 140.275 Thread 0x0000021128e58000 nmethod 1735 0x0000021107c01910 code [0x0000021107c01ae0, 0x0000021107c02388]

GC Heap History (20 events):
Event: 114.915 GC heap before
{Heap before GC invocations=84 (full 0):
 garbage-first heap   total 312320K, used 192263K [0x0000000702200000, 0x0000000800000000)
  region size 1024K, 183 young (187392K), 5 survivors (5120K)
 Metaspace       used 8550K, capacity 11091K, committed 11264K, reserved 1060864K
  class space    used 425K, capacity 725K, committed 768K, reserved 1048576K
}
Event: 114.930 GC heap after
{Heap after GC invocations=85 (full 0):
 garbage-first heap   total 312320K, used 9985K [0x0000000702200000, 0x0000000800000000)
  region size 1024K, 5 young (5120K), 5 survivors (5120K)
 Metaspace       used 8550K, capacity 11091K, committed 11264K, reserved 1060864K
  class space    used 425K, capacity 725K, committed 768K, reserved 1048576K
}
Event: 116.706 GC heap before
{Heap before GC invocations=85 (full 0):
 garbage-first heap   total 312320K, used 192257K [0x0000000702200000, 0x0000000800000000)
  region size 1024K, 183 young (187392K), 5 survivors (5120K)
 Metaspace       used 8550K, capacity 11091K, committed 11264K, reserved 1060864K
  class space    used 425K, capacity 725K, committed 768K, reserved 1048576K
}
Event: 116.722 GC heap after
{Heap after GC invocations=86 (full 0):
 garbage-first heap   total 312320K, used 9981K [0x0000000702200000, 0x0000000800000000)
  region size 1024K, 5 young (5120K), 5 survivors (5120K)
 Metaspace       used 8550K, capacity 11091K, committed 11264K, reserved 1060864K
  class space    used 425K, capacity 725K, committed 768K, reserved 1048576K
}
Event: 118.433 GC heap before
{Heap before GC invocations=86 (full 0):
 garbage-first heap   total 312320K, used 192253K [0x0000000702200000, 0x0000000800000000)
  region size 1024K, 183 young (187392K), 5 survivors (5120K)
 Metaspace       used 8550K, capacity 11091K, committed 11264K, reserved 1060864K
  class space    used 425K, capacity 725K, committed 768K, reserved 1048576K
}
Event: 118.449 GC heap after
{Heap after GC invocations=87 (full 0):
 garbage-first heap   total 312320K, used 9991K [0x0000000702200000, 0x0000000800000000)
  region size 1024K, 5 young (5120K), 5 survivors (5120K)
 Metaspace       used 8550K, capacity 11091K, committed 11264K, reserved 1060864K
  class space    used 425K, capacity 725K, committed 768K, reserved 1048576K
}
Event: 120.211 GC heap before
{Heap before GC invocations=87 (full 0):
 garbage-first heap   total 312320K, used 192263K [0x0000000702200000, 0x0000000800000000)
  region size 1024K, 183 young (187392K), 5 survivors (5120K)
 Metaspace       used 8550K, capacity 11091K, committed 11264K, reserved 1060864K
  class space    used 425K, capacity 725K, committed 768K, reserved 1048576K
}
Event: 120.227 GC heap after
{Heap after GC invocations=88 (full 0):
 garbage-first heap   total 312320K, used 10221K [0x0000000702200000, 0x0000000800000000)
  region size 1024K, 5 young (5120K), 5 survivors (5120K)
 Metaspace       used 8550K, capacity 11091K, committed 11264K, reserved 1060864K
  class space    used 425K, capacity 725K, committed 768K, reserved 1048576K
}
Event: 122.669 GC heap before
{Heap before GC invocations=88 (full 0):
 garbage-first heap   total 312320K, used 192493K [0x0000000702200000, 0x0000000800000000)
  region size 1024K, 183 young (187392K), 5 survivors (5120K)
 Metaspace       used 8550K, capacity 11091K, committed 11264K, reserved 1060864K
  class space    used 425K, capacity 725K, committed 768K, reserved 1048576K
}
Event: 122.692 GC heap after
{Heap after GC invocations=89 (full 0):
 garbage-first heap   total 312320K, used 11807K [0x0000000702200000, 0x0000000800000000)
  region size 1024K, 7 young (7168K), 7 survivors (7168K)
 Metaspace       used 8550K, capacity 11091K, committed 11264K, reserved 1060864K
  class space    used 425K, capacity 725K, committed 768K, reserved 1048576K
}
Event: 124.778 GC heap before
{Heap before GC invocations=89 (full 0):
 garbage-first heap   total 312320K, used 192031K [0x0000000702200000, 0x0000000800000000)
  region size 1024K, 183 young (187392K), 7 survivors (7168K)
 Metaspace       used 8550K, capacity 11091K, committed 11264K, reserved 1060864K
  class space    used 425K, capacity 725K, committed 768K, reserved 1048576K
}
Event: 124.797 GC heap after
{Heap after GC invocations=90 (full 0):
 garbage-first heap   total 312320K, used 10970K [0x0000000702200000, 0x0000000800000000)
  region size 1024K, 6 young (6144K), 6 survivors (6144K)
 Metaspace       used 8550K, capacity 11091K, committed 11264K, reserved 1060864K
  class space    used 425K, capacity 725K, committed 768K, reserved 1048576K
}
Event: 126.781 GC heap before
{Heap before GC invocations=90 (full 0):
 garbage-first heap   total 312320K, used 192218K [0x0000000702200000, 0x0000000800000000)
  region size 1024K, 183 young (187392K), 6 survivors (6144K)
 Metaspace       used 8550K, capacity 11091K, committed 11264K, reserved 1060864K
  class space    used 425K, capacity 725K, committed 768K, reserved 1048576K
}
Event: 126.800 GC heap after
{Heap after GC invocations=91 (full 0):
 garbage-first heap   total 312320K, used 10647K [0x0000000702200000, 0x0000000800000000)
  region size 1024K, 5 young (5120K), 5 survivors (5120K)
 Metaspace       used 8550K, capacity 11091K, committed 11264K, reserved 1060864K
  class space    used 425K, capacity 725K, committed 768K, reserved 1048576K
}
Event: 128.953 GC heap before
{Heap before GC invocations=91 (full 0):
 garbage-first heap   total 312320K, used 192919K [0x0000000702200000, 0x0000000800000000)
  region size 1024K, 183 young (187392K), 5 survivors (5120K)
 Metaspace       used 8550K, capacity 11091K, committed 11264K, reserved 1060864K
  class space    used 425K, capacity 725K, committed 768K, reserved 1048576K
}
Event: 128.972 GC heap after
{Heap after GC invocations=92 (full 0):
 garbage-first heap   total 312320K, used 11073K [0x0000000702200000, 0x0000000800000000)
  region size 1024K, 6 young (6144K), 6 survivors (6144K)
 Metaspace       used 8550K, capacity 11091K, committed 11264K, reserved 1060864K
  class space    used 425K, capacity 725K, committed 768K, reserved 1048576K
}
Event: 131.220 GC heap before
{Heap before GC invocations=92 (full 0):
 garbage-first heap   total 312320K, used 192321K [0x0000000702200000, 0x0000000800000000)
  region size 1024K, 183 young (187392K), 6 survivors (6144K)
 Metaspace       used 8550K, capacity 11091K, committed 11264K, reserved 1060864K
  class space    used 425K, capacity 725K, committed 768K, reserved 1048576K
}
Event: 131.242 GC heap after
{Heap after GC invocations=93 (full 0):
 garbage-first heap   total 312320K, used 11517K [0x0000000702200000, 0x0000000800000000)
  region size 1024K, 6 young (6144K), 6 survivors (6144K)
 Metaspace       used 8550K, capacity 11091K, committed 11264K, reserved 1060864K
  class space    used 425K, capacity 725K, committed 768K, reserved 1048576K
}
Event: 136.899 GC heap before
{Heap before GC invocations=93 (full 0):
 garbage-first heap   total 312320K, used 192765K [0x0000000702200000, 0x0000000800000000)
  region size 1024K, 183 young (187392K), 6 survivors (6144K)
 Metaspace       used 8550K, capacity 11091K, committed 11264K, reserved 1060864K
  class space    used 425K, capacity 725K, committed 768K, reserved 1048576K
}
Event: 136.950 GC heap after
{Heap after GC invocations=94 (full 0):
 garbage-first heap   total 312320K, used 19006K [0x0000000702200000, 0x0000000800000000)
  region size 1024K, 14 young (14336K), 14 survivors (14336K)
 Metaspace       used 8550K, capacity 11091K, committed 11264K, reserved 1060864K
  class space    used 425K, capacity 725K, committed 768K, reserved 1048576K
}

Deoptimization events (20 events):
Event: 16.095 Thread 0x000002111a40c800 DEOPT PACKING pc=0x000002110092b4f2 sp=0x00000072de9ff1f0
Event: 16.095 Thread 0x000002111a40c800 DEOPT UNPACKING pc=0x000002110004964e sp=0x00000072de9fe700 mode 0
Event: 17.088 Thread 0x000002111a40c800 DEOPT PACKING pc=0x000002110092b4f2 sp=0x00000072de9ff1f0
Event: 17.088 Thread 0x000002111a40c800 DEOPT UNPACKING pc=0x000002110004964e sp=0x00000072de9fe700 mode 0
Event: 17.089 Thread 0x000002111a40c800 Uncommon trap: trap_request=0xffffff45 fr.pc=0x0000021107bafd64 relative=0x0000000000000ba4
Event: 17.089 Thread 0x000002111a40c800 Uncommon trap: reason=unstable_if action=reinterpret pc=0x0000021107bafd64 method=jdk.internal.ref.Cleaner.remove(Ljdk/internal/ref/Cleaner;)Z @ 14 c2
Event: 17.089 Thread 0x000002111a40c800 DEOPT PACKING pc=0x0000021107bafd64 sp=0x00000072de9ff250
Event: 17.089 Thread 0x000002111a40c800 DEOPT UNPACKING pc=0x000002110004912f sp=0x00000072de9ff128 mode 2
Event: 17.094 Thread 0x000002111a40c800 DEOPT PACKING pc=0x000002110092e932 sp=0x00000072de9ff1f0
Event: 17.094 Thread 0x000002111a40c800 DEOPT UNPACKING pc=0x000002110004964e sp=0x00000072de9fe700 mode 0
Event: 17.096 Thread 0x000002111a40c800 DEOPT PACKING pc=0x000002110092e932 sp=0x00000072de9ff1f0
Event: 17.096 Thread 0x000002111a40c800 DEOPT UNPACKING pc=0x000002110004964e sp=0x00000072de9fe700 mode 0
Event: 73.307 Thread 0x00000211767a6800 DEOPT PACKING pc=0x00000211008e1b8d sp=0x00000072de2fec70
Event: 73.307 Thread 0x00000211767a6800 DEOPT UNPACKING pc=0x000002110004964e sp=0x00000072de2fe450 mode 0
Event: 84.690 Thread 0x00000211767a6800 DEOPT PACKING pc=0x00000211008bcaae sp=0x00000072de2fec40
Event: 84.690 Thread 0x00000211767a6800 DEOPT UNPACKING pc=0x000002110004964e sp=0x00000072de2fe0f8 mode 0
Event: 87.526 Thread 0x00000211767a6800 Uncommon trap: trap_request=0xffffffcc fr.pc=0x0000021107be99e0 relative=0x0000000000000140
Event: 87.526 Thread 0x00000211767a6800 Uncommon trap: reason=intrinsic_or_type_checked_inlining action=make_not_entrant pc=0x0000021107be99e0 method=java.util.ArrayList.toArray([Ljava/lang/Object;)[Ljava/lang/Object; @ 36 c2
Event: 87.526 Thread 0x00000211767a6800 DEOPT PACKING pc=0x0000021107be99e0 sp=0x00000072de2feff0
Event: 87.526 Thread 0x00000211767a6800 DEOPT UNPACKING pc=0x000002110004912f sp=0x00000072de2fef90 mode 2

Classes unloaded (0 events):
No events

Classes redefined (0 events):
No events

Internal exceptions (5 events):
Event: 0.246 Thread 0x00000211767a6800 Exception <a 'java/lang/NoSuchMethodError'{0x00000007117dea70}: 'void java.lang.invoke.DelegatingMethodHandle$Holder.delegate(java.lang.Object, java.lang.Object, int, java.lang.Object)'> (0x00000007117dea70) 
thrown [t:/workspace/open/src/hotspot/share/interpreter/linkResolver.cpp, line 767]
Event: 0.247 Thread 0x00000211767a6800 Exception <a 'java/lang/NoSuchMethodError'{0x00000007117e57c8}: 'java.lang.Object java.lang.invoke.DirectMethodHandle$Holder.invokeStaticInit(java.lang.Object, java.lang.Object, java.lang.Object)'> (0x00000007117e57c8) 
thrown [t:/workspace/open/src/hotspot/share/interpreter/linkResolver.cpp, line 767]
Event: 0.441 Thread 0x00000211767a6800 Exception <a 'java/lang/NoSuchMethodError'{0x00000007110ed7d0}: 'int java.lang.invoke.DirectMethodHandle$Holder.invokeSpecialIFC(java.lang.Object, java.lang.Object, int)'> (0x00000007110ed7d0) 
thrown [t:/workspace/open/src/hotspot/share/interpreter/linkResolver.cpp, line 767]
Event: 1.702 Thread 0x00000211767a6800 Exception <a 'sun/nio/fs/WindowsException'{0x00000007109b3638}> (0x00000007109b3638) 
thrown [t:/workspace/open/src/hotspot/share/prims/jni.cpp, line 598]
Event: 1.703 Thread 0x00000211767a6800 Exception <a 'sun/nio/fs/WindowsException'{0x00000007109b3b18}> (0x00000007109b3b18) 
thrown [t:/workspace/open/src/hotspot/share/prims/jni.cpp, line 598]

Events (20 events):
Event: 120.211 Executing VM operation: G1CollectForAllocation
Event: 120.227 Executing VM operation: G1CollectForAllocation done
Event: 122.669 Executing VM operation: G1CollectForAllocation
Event: 122.692 Executing VM operation: G1CollectForAllocation done
Event: 123.106 Thread 0x000002153fba7800 Thread added: 0x000002153fba7800
Event: 124.778 Executing VM operation: G1CollectForAllocation
Event: 124.797 Executing VM operation: G1CollectForAllocation done
Event: 126.781 Executing VM operation: G1CollectForAllocation
Event: 126.800 Executing VM operation: G1CollectForAllocation done
Event: 128.122 Thread 0x000002153fba7800 Thread exited: 0x000002153fba7800
Event: 128.953 Executing VM operation: G1CollectForAllocation
Event: 128.972 Executing VM operation: G1CollectForAllocation done
Event: 131.220 Executing VM operation: G1CollectForAllocation
Event: 131.242 Executing VM operation: G1CollectForAllocation done
Event: 136.899 Executing VM operation: G1CollectForAllocation
Event: 136.950 Executing VM operation: G1CollectForAllocation done
Event: 140.258 Thread 0x00000213b6faa000 Thread added: 0x00000213b6faa000
Event: 140.258 Thread 0x0000021128e58000 Thread added: 0x0000021128e58000
Event: 145.275 Thread 0x0000021128e58000 Thread exited: 0x0000021128e58000
Event: 150.267 Thread 0x00000213b6faa000 Thread exited: 0x00000213b6faa000


Dynamic libraries:
0x00007ff619520000 - 0x00007ff61952f000 	C:\Program Files\Java\jdk-13.0.2\bin\javaw.exe
0x00007ffd8c460000 - 0x00007ffd8c650000 	C:\WINDOWS\SYSTEM32\ntdll.dll
0x00007ffd8b550000 - 0x00007ffd8b602000 	C:\WINDOWS\System32\KERNEL32.DLL
0x00007ffd8a130000 - 0x00007ffd8a3d3000 	C:\WINDOWS\System32\KERNELBASE.dll
0x00007ffd8a3e0000 - 0x00007ffd8a4da000 	C:\WINDOWS\System32\ucrtbase.dll
0x00007ffd595d0000 - 0x00007ffd595e5000 	C:\Program Files\Java\jdk-13.0.2\bin\VCRUNTIME140.dll
0x00007ffd595b0000 - 0x00007ffd595c8000 	C:\Program Files\Java\jdk-13.0.2\bin\jli.dll
0x00007ffd8be20000 - 0x00007ffd8bec3000 	C:\WINDOWS\System32\ADVAPI32.dll
0x00007ffd8b940000 - 0x00007ffd8b9de000 	C:\WINDOWS\System32\msvcrt.dll
0x00007ffd8b9e0000 - 0x00007ffd8ba77000 	C:\WINDOWS\System32\sechost.dll
0x00007ffd8bc70000 - 0x00007ffd8bd90000 	C:\WINDOWS\System32\RPCRT4.dll
0x00007ffd8bf40000 - 0x00007ffd8c0d4000 	C:\WINDOWS\System32\USER32.dll
0x00007ffd89bd0000 - 0x00007ffd89bf1000 	C:\WINDOWS\System32\win32u.dll
0x00007ffd8bdf0000 - 0x00007ffd8be16000 	C:\WINDOWS\System32\GDI32.dll
0x00007ffd88840000 - 0x00007ffd88ac5000 	C:\WINDOWS\WinSxS\amd64_microsoft.windows.common-controls_6595b64144ccf1df_6.0.18362.657_none_e6c5b579130e3898\COMCTL32.dll
0x00007ffd89e90000 - 0x00007ffd8a024000 	C:\WINDOWS\System32\gdi32full.dll
0x00007ffd89c00000 - 0x00007ffd89c9e000 	C:\WINDOWS\System32\msvcp_win.dll
0x00007ffd8c0e0000 - 0x00007ffd8c416000 	C:\WINDOWS\System32\combase.dll
0x00007ffd89e10000 - 0x00007ffd89e90000 	C:\WINDOWS\System32\bcryptPrimitives.dll
0x00007ffd7d160000 - 0x00007ffd7d16a000 	C:\WINDOWS\SYSTEM32\VERSION.dll
0x00007ffd8ba80000 - 0x00007ffd8baae000 	C:\WINDOWS\System32\IMM32.DLL
0x00007ffd58ac0000 - 0x00007ffd58b5b000 	C:\Program Files\Java\jdk-13.0.2\bin\msvcp140.dll
0x00007ffd10a00000 - 0x00007ffd1155d000 	C:\Program Files\Java\jdk-13.0.2\bin\server\jvm.dll
0x00007ffd8bab0000 - 0x00007ffd8bab8000 	C:\WINDOWS\System32\PSAPI.DLL
0x00007ffd83940000 - 0x00007ffd83949000 	C:\WINDOWS\SYSTEM32\WSOCK32.dll
0x00007ffd86520000 - 0x00007ffd86544000 	C:\WINDOWS\SYSTEM32\WINMM.dll
0x00007ffd8bed0000 - 0x00007ffd8bf3f000 	C:\WINDOWS\System32\WS2_32.dll
0x00007ffd864f0000 - 0x00007ffd8651d000 	C:\WINDOWS\SYSTEM32\WINMMBASE.dll
0x00007ffd8a0e0000 - 0x00007ffd8a12a000 	C:\WINDOWS\System32\cfgmgr32.dll
0x00007ffd89340000 - 0x00007ffd89351000 	C:\WINDOWS\System32\kernel.appcore.dll
0x00007ffd825d0000 - 0x00007ffd825e0000 	C:\Program Files\Java\jdk-13.0.2\bin\verify.dll
0x00007ffd88e50000 - 0x00007ffd89044000 	C:\WINDOWS\SYSTEM32\DBGHELP.DLL
0x00007ffd88bc0000 - 0x00007ffd88bea000 	C:\WINDOWS\SYSTEM32\dbgcore.DLL
0x00007ffd5bf40000 - 0x00007ffd5bf66000 	C:\Program Files\Java\jdk-13.0.2\bin\java.dll
0x00007ffd6a970000 - 0x00007ffd6a987000 	C:\Program Files\Java\jdk-13.0.2\bin\zip.dll
0x00007ffd825c0000 - 0x00007ffd825ca000 	C:\Program Files\Java\jdk-13.0.2\bin\jimage.dll
0x00007ffd8a5f0000 - 0x00007ffd8acd5000 	C:\WINDOWS\System32\SHELL32.dll
0x00007ffd8af60000 - 0x00007ffd8b009000 	C:\WINDOWS\System32\shcore.dll
0x00007ffd893f0000 - 0x00007ffd89b6f000 	C:\WINDOWS\System32\windows.storage.dll
0x00007ffd89360000 - 0x00007ffd8937f000 	C:\WINDOWS\System32\profapi.dll
0x00007ffd893a0000 - 0x00007ffd893ea000 	C:\WINDOWS\System32\powrprof.dll
0x00007ffd89330000 - 0x00007ffd89340000 	C:\WINDOWS\System32\UMPDC.dll
0x00007ffd8a510000 - 0x00007ffd8a562000 	C:\WINDOWS\System32\shlwapi.dll
0x00007ffd89df0000 - 0x00007ffd89e07000 	C:\WINDOWS\System32\cryptsp.dll
0x00007ffd6a900000 - 0x00007ffd6a919000 	C:\Program Files\Java\jdk-13.0.2\bin\net.dll
0x00007ffd80040000 - 0x00007ffd80130000 	C:\WINDOWS\SYSTEM32\WINHTTP.dll
0x00007ffd88520000 - 0x00007ffd88587000 	C:\WINDOWS\system32\mswsock.dll
0x00007ffd5cb30000 - 0x00007ffd5cb43000 	C:\Program Files\Java\jdk-13.0.2\bin\nio.dll
0x00007ffd56960000 - 0x00007ffd569c0000 	C:\Users\jtkom\AppData\Local\Temp\lwjgljtkom\3.2.1-build-3\lwjgl.dll
0x00007ffd2a570000 - 0x00007ffd2a684000 	C:\Users\jtkom\AppData\Local\Temp\lwjgljtkom\3.2.1-build-3\OpenAL.dll
0x00007ffd8b780000 - 0x00007ffd8b8d6000 	C:\WINDOWS\System32\ole32.dll
0x00007ffd8ace0000 - 0x00007ffd8ad82000 	C:\WINDOWS\System32\clbcatq.dll
0x00007ffd819c0000 - 0x00007ffd81a32000 	C:\WINDOWS\System32\MMDevApi.dll
0x00007ffd89130000 - 0x00007ffd8915a000 	C:\WINDOWS\System32\DEVOBJ.dll
0x00007ffd81d40000 - 0x00007ffd81e9d000 	C:\WINDOWS\SYSTEM32\AUDIOSES.DLL
0x00007ffd8b630000 - 0x00007ffd8b6f4000 	C:\WINDOWS\System32\OLEAUT32.dll
0x00007ffd83f20000 - 0x00007ffd84073000 	C:\WINDOWS\SYSTEM32\wintypes.dll
0x00007ffd86b80000 - 0x00007ffd86b94000 	C:\WINDOWS\SYSTEM32\resourcepolicyclient.dll
0x00007ffd56900000 - 0x00007ffd5695e000 	C:\Users\jtkom\AppData\Local\Temp\lwjgljtkom\3.2.1-build-3\glfw.dll
0x00007ffd86850000 - 0x00007ffd868e9000 	C:\WINDOWS\system32\uxtheme.dll
0x00007ffd563b0000 - 0x00007ffd563f3000 	C:\WINDOWS\SYSTEM32\dinput8.dll
0x00007ffd59500000 - 0x00007ffd59511000 	C:\WINDOWS\SYSTEM32\xinput1_4.dll
0x00007ffd86c70000 - 0x00007ffd86c9d000 	C:\WINDOWS\SYSTEM32\dwmapi.dll
0x00007ffd7b730000 - 0x00007ffd7b84a000 	C:\WINDOWS\SYSTEM32\inputhost.dll
0x00007ffd86410000 - 0x00007ffd864e4000 	C:\WINDOWS\SYSTEM32\CoreMessaging.dll
0x00007ffd83b80000 - 0x00007ffd83eaa000 	C:\WINDOWS\SYSTEM32\CoreUIComponents.dll
0x00007ffd84e90000 - 0x00007ffd84f7f000 	C:\WINDOWS\SYSTEM32\PROPSYS.dll
0x00007ffd88e10000 - 0x00007ffd88e41000 	C:\WINDOWS\SYSTEM32\ntmarta.dll
0x00007ffd8ae10000 - 0x00007ffd8af45000 	C:\WINDOWS\System32\MSCTF.dll
0x00007ffd675d0000 - 0x00007ffd676dd000 	C:\Program Files (x86)\Razer\Razer Cortex\x64\k_fps64.dll
0x00007ffd67550000 - 0x00007ffd675cf000 	C:\Program Files (x86)\Razer\Razer Cortex\x64\d3dx10_43.dll
0x00007ffd34320000 - 0x00007ffd3458f000 	C:\Program Files (x86)\Razer\Razer Cortex\x64\D3DCOMPILER_43.dll
0x00007ffd5f810000 - 0x00007ffd5f966000 	C:\WINDOWS\SYSTEM32\OPENGL32.dll
0x00007ffd34590000 - 0x00007ffd347f3000 	C:\Program Files (x86)\Razer\Razer Cortex\x64\d3dx9_43.dll
0x00007ffd603b0000 - 0x00007ffd603dc000 	C:\WINDOWS\SYSTEM32\GLU32.dll
0x00007ffd87910000 - 0x00007ffd87930000 	C:\WINDOWS\SYSTEM32\dxcore.dll
0x00007ffd56df0000 - 0x00007ffd56e47000 	C:\Program Files (x86)\Razer\Razer Cortex\x64\EasyHook64.dll
0x00007ffd87240000 - 0x00007ffd8724e000 	C:\WINDOWS\SYSTEM32\HID.DLL
0x00007ffd8b010000 - 0x00007ffd8b480000 	C:\WINDOWS\System32\SETUPAPI.DLL
0x00007ffd8a4e0000 - 0x00007ffd8a506000 	C:\WINDOWS\System32\bcrypt.dll
0x00007ffd89b70000 - 0x00007ffd89bcc000 	C:\WINDOWS\System32\WINTRUST.dll
0x00007ffd89380000 - 0x00007ffd89392000 	C:\WINDOWS\System32\MSASN1.dll
0x00007ffd89ca0000 - 0x00007ffd89de9000 	C:\WINDOWS\System32\CRYPT32.dll
0x00007ffd05770000 - 0x00007ffd07e48000 	C:\WINDOWS\System32\DriverStore\FileRepository\nvlti.inf_amd64_eff2296cb1446d0e\nvoglv64.dll
0x00007ffd84fc0000 - 0x00007ffd84fd3000 	C:\WINDOWS\SYSTEM32\WTSAPI32.dll
0x00007ffd32750000 - 0x00007ffd32a14000 	C:\WINDOWS\system32\nvspcap64.dll
0x00007ffd87de0000 - 0x00007ffd87e3c000 	C:\WINDOWS\SYSTEM32\WINSTA.dll
0x00007ffd879a0000 - 0x00007ffd87a8b000 	C:\WINDOWS\SYSTEM32\dxgi.dll
0x00007ffd85800000 - 0x00007ffd85a5b000 	C:\WINDOWS\SYSTEM32\d3d11.dll
0x00007ffd5c000000 - 0x00007ffd5c0ef000 	C:\WINDOWS\System32\DriverStore\FileRepository\nvlti.inf_amd64_eff2296cb1446d0e\nvldumdx.dll
0x00007ffd7cfe0000 - 0x00007ffd7d00f000 	C:\WINDOWS\SYSTEM32\cryptnet.dll
0x00007ffd886f0000 - 0x00007ffd886fc000 	C:\WINDOWS\SYSTEM32\cryptbase.dll
0x00007ffd8b610000 - 0x00007ffd8b62d000 	C:\WINDOWS\System32\imagehlp.dll
0x00007ffd88090000 - 0x00007ffd880c3000 	C:\WINDOWS\system32\rsaenh.dll
0x00007ffd35cd0000 - 0x00007ffd3836e000 	C:\WINDOWS\System32\DriverStore\FileRepository\nvlti.inf_amd64_eff2296cb1446d0e\nvwgf2umx.dll
0x00007ffd78bd0000 - 0x00007ffd790be000 	C:\WINDOWS\SYSTEM32\nvapi64.dll
0x00007ffd7b850000 - 0x00007ffd7b8ee000 	C:\WINDOWS\System32\TextInputFramework.dll
0x00007ffd79540000 - 0x00007ffd797e6000 	C:\WINDOWS\System32\iertutil.dll
0x00007ffd781a0000 - 0x00007ffd78205000 	C:\WINDOWS\system32\Oleacc.dll
0x00007ffd53140000 - 0x00007ffd5319a000 	C:\Users\jtkom\AppData\Local\Temp\lwjgljtkom\3.2.1-build-3\lwjgl_opengl.dll
0x00007ffd84e10000 - 0x00007ffd84e13000 	C:\Users\jtkom\AppData\Local\Temp\jomljtkom\a2476102\joml.dll
0x00007ffd801c0000 - 0x00007ffd81010000 	C:\WINDOWS\System32\DriverStore\FileRepository\igdlh64.inf_amd64_ba34b5e302b5992f\igd10iumd64.dll
0x00007ffd88810000 - 0x00007ffd88836000 	C:\WINDOWS\SYSTEM32\ncrypt.dll
0x00007ffd887d0000 - 0x00007ffd8880b000 	C:\WINDOWS\SYSTEM32\NTASN1.dll
0x00007ffd7fb90000 - 0x00007ffd7fcad000 	C:\WINDOWS\System32\DriverStore\FileRepository\igdlh64.inf_amd64_ba34b5e302b5992f\igdgmm64.dll
0x00007ffd7d170000 - 0x00007ffd7f415000 	C:\WINDOWS\System32\DriverStore\FileRepository\igdlh64.inf_amd64_ba34b5e302b5992f\igc64.dll

dbghelp: loaded successfully - version: 4.0.5 - missing functions: none
symbol engine: initialized successfully - sym options: 0x614 - pdb path: .;C:\Program Files\Java\jdk-13.0.2\bin;C:\WINDOWS\SYSTEM32;C:\WINDOWS\WinSxS\amd64_microsoft.windows.common-controls_6595b64144ccf1df_6.0.18362.657_none_e6c5b579130e3898;C:\Program Files\Java\jdk-13.0.2\bin\server;C:\Users\jtkom\AppData\Local\Temp\lwjgljtkom\3.2.1-build-3;C:\Program Files (x86)\Razer\Razer Cortex\x64;C:\WINDOWS\System32\DriverStore\FileRepository\nvlti.inf_amd64_eff2296cb1446d0e;C:\Users\jtkom\AppData\Local\Temp\jomljtkom\a2476102;C:\WINDOWS\System32\DriverStore\FileRepository\igdlh64.inf_amd64_ba34b5e302b5992f

VM Arguments:
jvm_args: -Dfile.encoding=Cp1252 
java_command: gameEngine.Start
java_class_path (initial): D:\game3\Game\src;D:\game3\Game\libwin\joml-1.9.9-sources.jar;D:\game3\Game\libwin\joml-1.9.9.jar;D:\game3\Game\libwin\lwjgl-assimp-javadoc.jar;D:\game3\Game\libwin\lwjgl-assimp-natives-windows.jar;D:\game3\Game\libwin\lwjgl-assimp-sources.jar;D:\game3\Game\libwin\lwjgl-assimp.jar;D:\game3\Game\libwin\lwjgl-bgfx-javadoc.jar;D:\game3\Game\libwin\lwjgl-bgfx-natives-windows.jar;D:\game3\Game\libwin\lwjgl-bgfx-sources.jar;D:\game3\Game\libwin\lwjgl-bgfx.jar;D:\game3\Game\libwin\lwjgl-egl-javadoc.jar;D:\game3\Game\libwin\lwjgl-egl-sources.jar;D:\game3\Game\libwin\lwjgl-egl.jar;D:\game3\Game\libwin\lwjgl-glfw-javadoc.jar;D:\game3\Game\libwin\lwjgl-glfw-natives-windows.jar;D:\game3\Game\libwin\lwjgl-glfw-sources.jar;D:\game3\Game\libwin\lwjgl-glfw.jar;D:\game3\Game\libwin\lwjgl-javadoc.jar;D:\game3\Game\libwin\lwjgl-jawt-javadoc.jar;D:\game3\Game\libwin\lwjgl-jawt-sources.jar;D:\game3\Game\libwin\lwjgl-jawt.jar;D:\game3\Game\libwin\lwjgl-jemalloc-javadoc.jar;D:\game3\Game\libwin\lwjgl-jemalloc-natives-windows.jar;D:\game3\Game\libwin\lwjgl-jemalloc-sources.jar;D:\game3\Game\libwin\lwjgl-jemalloc.jar;D:\game3\Game\libwin\lwjgl-lmdb-javadoc.jar;D:\game3\Game\libwin\lwjgl-lmdb-natives-windows.jar;D:\game3\Game\libwin\lwjgl-lmdb-sources.jar;D:\game3\Game\libwin\lwjgl-lmdb.jar;D:\game3\Game\libwin\lwjgl-lz4-javadoc.jar;D:\game3\Game\libwin\lwjgl-lz4-natives-windows.jar;D:\game3\Game\libwin\lwjgl-lz4-sources.jar;D:\game3\Game\libwin\lwjgl-lz4.jar;D:\game3\Game\libwin\lwjgl-nanovg-javadoc.jar;D:\game3\Game\libwin\lwjgl-nanovg-natives-windows.jar;D:\game3\Game\libwin\lwjgl-nanovg-sources.jar;D:\game3\Game\libwin\lwjgl-nanovg.jar;D:\game3\Game\libwin\lwjgl-natives-windows.jar;D:\game3\Game\libwin\lwjgl-nfd-javadoc.jar;D:\game3\Game\libwin\lwjgl-nfd-natives-windows.jar;D:\game3\Game\libwin\lwjgl-nfd-sources.jar;D:\game3\Game\libwin\lwjgl-nfd.jar;D:\game3\Game\libwin\lwjgl-nuklear-javadoc.jar;D:\game3\Game\libwin\lwjgl-nuklear-natives-windows.jar;D:\game3
Launcher Type: SUN_STANDARD

[Global flags]
     intx CICompilerCount                          = 4                                         {product} {ergonomic}
     uint ConcGCThreads                            = 2                                         {product} {ergonomic}
     uint G1ConcRefinementThreads                  = 8                                         {product} {ergonomic}
   size_t G1HeapRegionSize                         = 1048576                                   {product} {ergonomic}
    uintx GCDrainStackTargetSize                   = 64                                        {product} {ergonomic}
   size_t InitialHeapSize                          = 266338304                                 {product} {ergonomic}
   size_t MarkStackSize                            = 4194304                                   {product} {ergonomic}
   size_t MaxHeapSize                              = 4259315712                                {product} {ergonomic}
   size_t MaxNewSize                               = 2555379712                                {product} {ergonomic}
   size_t MinHeapDeltaBytes                        = 1048576                                   {product} {ergonomic}
   size_t MinHeapSize                              = 8388608                                   {product} {ergonomic}
    uintx NonNMethodCodeHeapSize                   = 5839372                                {pd product} {ergonomic}
    uintx NonProfiledCodeHeapSize                  = 122909434                              {pd product} {ergonomic}
    uintx ProfiledCodeHeapSize                     = 122909434                              {pd product} {ergonomic}
    uintx ReservedCodeCacheSize                    = 251658240                              {pd product} {ergonomic}
     bool SegmentedCodeCache                       = true                                      {product} {ergonomic}
   size_t SoftMaxHeapSize                          = 4259315712                             {manageable} {ergonomic}
     bool UseCompressedClassPointers               = true                                 {lp64_product} {ergonomic}
     bool UseCompressedOops                        = true                                 {lp64_product} {ergonomic}
     bool UseG1GC                                  = true                                      {product} {ergonomic}
     bool UseLargePagesIndividualAllocation        = false                                  {pd product} {ergonomic}

Logging:
Log output configuration:
 #0: stdout all=warning uptime,level,tags
 #1: stderr all=off uptime,level,tags

Environment Variables:
PATH=C:/Program Files/Java/jdk-13.0.2/bin/server;C:/Program Files/Java/jdk-13.0.2/bin;C:\MY_CPU_ASSEMBLER\MY_CPU_ASSEMBLER\bin\Release;C:\Program Files\Intel\Intel(R) Management Engine Components\iCLS\;C:\Windows\system32;C:\Windows;C:\Windows\System32\Wbem;C:\Windows\System32\WindowsPowerShell\v1.0\;C:\Windows\System32\OpenSSH\;C:\Program Files (x86)\Intel\Intel(R) Management Engine Components\DAL;C:\Program Files\Intel\Intel(R) Management Engine Components\DAL;C:\Program Files (x86)\Intel\Intel(R) Management Engine Components\IPT;C:\Program Files\Intel\Intel(R) Management Engine Components\IPT;C:\WINDOWS\system32;C:\WINDOWS;C:\WINDOWS\System32\Wbem;C:\WINDOWS\System32\WindowsPowerShell\v1.0\;C:\WINDOWS\System32\OpenSSH\;C:\Program Files\NVIDIA Corporation\NVIDIA NvDLISR;C:\Program Files (x86)\NVIDIA Corporation\PhysX\Common;C:\Program Files\Java\jdk-13.0.2\bin\;C:\MinGW\bin;C:\Program Files (x86)\Vim\vim82;C:\Users\jtkom\AppData\Local\Microsoft\WindowsApps;C:\Users\jtkom\AppData\Local\GitHubDesktop\bin;C:\CodeRepository\eclipse;
USERNAME=jtkom
OS=Windows_NT
PROCESSOR_IDENTIFIER=Intel64 Family 6 Model 158 Stepping 9, GenuineIntel



---------------  S Y S T E M  ---------------

OS: Windows 10 , 64 bit Build 18362 (10.0.18362.329)

CPU:total 8 (initial active 8) (4 cores per cpu, 2 threads per core) family 6 model 158 stepping 9, cmov, cx8, fxsr, mmx, sse, sse2, sse3, ssse3, sse4.1, sse4.2, popcnt, avx, avx2, aes, clmul, erms, 3dnowpref, lzcnt, ht, tsc, tscinvbit, bmi1, bmi2, adx, fma

Memory: 4k page, system-wide physical 16244M (3665M free)
TotalPageFile size 65396M (AvailPageFile size 16M)
current process WorkingSet (physical memory assigned to process): 4265M, peak: 4321M
current process commit charge ("private bytes"): 7827M, peak: 8130M

vm_info: Java HotSpot(TM) 64-Bit Server VM (13.0.2+8) for windows-amd64 JRE (13.0.2+8), built on Dec 11 2019 09:20:33 by "mach5one" with unknown MS VC++:1916

END.
