#
# A fatal error has been detected by the Java Runtime Environment:
#
#  EXCEPTION_ACCESS_VIOLATION (0xc0000005) at pc=0x000000005a7ae9c3, pid=27340, tid=31156
#
# JRE version: OpenJDK Runtime Environment (13.0.1+9) (build 13.0.1+9)
# Java VM: OpenJDK 64-Bit Server VM (13.0.1+9, mixed mode, sharing, tiered, compressed oops, g1 gc, windows-amd64)
# Problematic frame:
# C  [nvoglv64.dll+0xc1e9c3]
#
# No core dump will be written. Minidumps are not enabled by default on client versions of Windows
#
# If you would like to submit a bug report, please visit:
#   https://github.com/AdoptOpenJDK/openjdk-build/issues
# The crash happened outside the Java Virtual Machine in native code.
# See problematic frame for where to report the bug.
#

---------------  S U M M A R Y ------------

Command Line: -Dfile.encoding=Cp1252 gameEngine.Start

Host: Intel(R) Core(TM) i7-7700HQ CPU @ 2.80GHz, 8 cores, 15G,  Windows 10 , 64 bit Build 18362 (10.0.18362.329)
Time: Thu Jan  9 19:04:16 2020 Pacific Standard Time elapsed time: 20 seconds (0d 0h 0m 20s)

---------------  T H R E A D  ---------------

Current thread (0x00000226176b6000):  JavaThread "main" [_thread_in_native, id=31156, stack(0x000000f57ea00000,0x000000f57eb00000)]

Stack: [0x000000f57ea00000,0x000000f57eb00000],  sp=0x000000f57eafeaa8,  free space=1018k
Native frames: (J=compiled Java code, j=interpreted, Vv=VM code, C=native code)
C  [nvoglv64.dll+0xc1e9c3]

Java frames: (J=compiled Java code, j=interpreted, Vv=VM code)
J 1214  org.lwjgl.opengl.GL11C.nglDrawElements(IIIJ)V (0 bytes) @ 0x00000226279c2a9e [0x00000226279c2a40+0x000000000000005e]
J 1431 c2 gameEngine.Render.draw(LgameEngine/ModelFramwork;Lorg/joml/Vector2f;FFLgameEngine/Texture;)V (103 bytes) @ 0x00000226279dd0a0 [0x00000226279dc7c0+0x00000000000008e0]
J 1326 c1 battleClasses.Bars.draw(Lorg/joml/Vector2f;LgameEngine/Texture;Ltextrendering/TextBuilder;)V (224 bytes) @ 0x0000022620697b0c [0x00000226206971c0+0x000000000000094c]
J 1374 c1 gameEngine.Start.battleupdate()V (1027 bytes) @ 0x00000226206c0d6c [0x00000226206be300+0x0000000000002a6c]
j  gameEngine.Start.main([Ljava/lang/String;)V+3291
v  ~StubRoutines::call_stub

siginfo: EXCEPTION_ACCESS_VIOLATION (0xc0000005), reading address 0x0000000000000000


Register to memory mapping:

RIP=0x000000005a7ae9c3 nvoglv64.dll
RAX=0x0 is NULL
RBX=0x0000022642e1cc28 points into unknown readable memory: 00 00 00 00 00 00 00 00
RCX=0x0000022642183bb0 points into unknown readable memory: 00 00 00 00 00 00 00 00
RDX=0x0 is NULL
RSP=0x000000f57eafeaa8 is pointing into the stack for thread: 0x00000226176b6000
RBP=0x000002263cde5760 points into unknown readable memory: 09 00 00 00 04 14 00 00
RSI=0x000002263f6fdee4 points into unknown readable memory: 00 00 0f 3f
RDI=0x0 is NULL
R8 =0x0000000000000008 is an unknown value
R9 =0x000000000000002c is an unknown value
R10=0x0000000000000008 is an unknown value
R11=0x0 is NULL
R12=0x0000000000000001 is an unknown value
R13=0x00000000163f3e70 is an unknown value
R14=0x000000f57eafeb50 is pointing into the stack for thread: 0x00000226176b6000
R15=0x000002263f6fdee4 points into unknown readable memory: 00 00 0f 3f


Registers:
RAX=0x0000000000000000, RBX=0x0000022642e1cc28, RCX=0x0000022642183bb0, RDX=0x0000000000000000
RSP=0x000000f57eafeaa8, RBP=0x000002263cde5760, RSI=0x000002263f6fdee4, RDI=0x0000000000000000
R8 =0x0000000000000008, R9 =0x000000000000002c, R10=0x0000000000000008, R11=0x0000000000000000
R12=0x0000000000000001, R13=0x00000000163f3e70, R14=0x000000f57eafeb50, R15=0x000002263f6fdee4
RIP=0x000000005a7ae9c3, EFLAGS=0x0000000000010246

Top of Stack: (sp=0x000000f57eafeaa8)
0x000000f57eafeaa8:   000000005a871af2 000002263cde5760
0x000000f57eafeab8:   000002263cde5760 0000000000000000
0x000000f57eafeac8:   0000000000000000 000002263f6fdee4
0x000000f57eafead8:   0000022642e1c928 0000000000000000
0x000000f57eafeae8:   000000005a872124 0000022642e1cc28
0x000000f57eafeaf8:   000000005a7ae9c0 0000000000000001
0x000000f57eafeb08:   00000000000002c0 0000022642e1cc28
0x000000f57eafeb18:   000000005a7ae9c0 0000000000000000
0x000000f57eafeb28:   000000f57eafeb50 00000000163f3e70
0x000000f57eafeb38:   0000022649cf3380 0000000000000003
0x000000f57eafeb48:   0000022600000000 0000022642183bb0
0x000000f57eafeb58:   10c0000000000000 000002263cde5760
0x000000f57eafeb68:   0000022642e1cc58 0000000000000003
0x000000f57eafeb78:   0000000000000000 000002263cde5760
0x000000f57eafeb88:   0000000000000000 0000000000000004
0x000000f57eafeb98:   0000022642dc0000 0000000000001405 

Instructions: (pc=0x000000005a7ae9c3)
0x000000005a7ae8c3:   11 01 48 83 c1 04 41 83 e9 01 75 e1 48 8b c1 c3
0x000000005a7ae8d3:   cc cc cc cc cc cc cc cc cc cc cc cc cc f3 0f 10
0x000000005a7ae8e3:   15 00 39 f9 00 4d 63 d0 0f 1f 44 00 00 0f b7 02
0x000000005a7ae8f3:   66 0f 6e c0 0f 5b c0 f3 0f 59 c2 f3 0f 11 01 0f
0x000000005a7ae903:   b7 42 02 49 03 d2 66 0f 6e c8 0f 5b c9 f3 0f 59
0x000000005a7ae913:   ca f3 0f 11 49 04 48 83 c1 08 41 83 e9 01 75 cd
0x000000005a7ae923:   48 8b c1 c3 cc cc cc cc cc cc cc cc cc 4d 63 d0
0x000000005a7ae933:   0f 1f 40 00 66 0f 1f 84 00 00 00 00 00 8b 02 49
0x000000005a7ae943:   03 d2 89 01 48 83 c1 04 41 83 e9 01 75 ef 48 8b
0x000000005a7ae953:   c1 c3 cc cc cc cc cc cc cc cc cc cc cc f3 0f 10
0x000000005a7ae963:   15 80 38 f9 00 48 83 c2 04 4d 63 d0 90 0f b7 42
0x000000005a7ae973:   fc 66 0f 6e c0 0f 5b c0 f3 0f 59 c2 f3 0f 11 01
0x000000005a7ae983:   0f b7 42 fe 66 0f 6e c8 0f 5b c9 f3 0f 59 ca f3
0x000000005a7ae993:   0f 11 49 04 0f b7 02 49 03 d2 66 0f 6e c0 0f 5b
0x000000005a7ae9a3:   c0 f3 0f 59 c2 f3 0f 11 41 08 48 83 c1 0c 41 83
0x000000005a7ae9b3:   e9 01 75 b9 48 8b c1 c3 cc cc cc cc cc 4d 63 d0
0x000000005a7ae9c3:   8b 02 89 01 8b 42 04 49 03 d2 89 41 04 48 83 c1
0x000000005a7ae9d3:   08 41 83 e9 01 75 e9 48 8b c1 c3 cc cc f3 0f 10
0x000000005a7ae9e3:   15 00 38 f9 00 48 83 c2 04 4d 63 d0 90 0f b7 42
0x000000005a7ae9f3:   fc 66 0f 6e c0 0f 5b c0 f3 0f 59 c2 f3 0f 11 01
0x000000005a7aea03:   0f b7 42 fe 66 0f 6e c8 0f 5b c9 f3 0f 59 ca f3
0x000000005a7aea13:   0f 11 49 04 0f b7 02 66 0f 6e c0 0f 5b c0 f3 0f
0x000000005a7aea23:   59 c2 f3 0f 11 41 08 0f b7 42 02 49 03 d2 66 0f
0x000000005a7aea33:   6e c8 0f 5b c9 f3 0f 59 ca f3 0f 11 49 0c 48 83
0x000000005a7aea43:   c1 10 41 83 e9 01 75 a5 48 8b c1 c3 cc 4d 63 d0
0x000000005a7aea53:   48 83 c2 08 66 0f 1f 84 00 00 00 00 00 8b 42 f8
0x000000005a7aea63:   89 01 8b 42 fc 89 41 04 8b 02 89 41 08 8b 42 04
0x000000005a7aea73:   49 03 d2 89 41 0c 48 83 c1 10 41 83 e9 01 75 dd
0x000000005a7aea83:   48 8b c1 c3 cc cc cc cc cc cc cc cc cc f3 0f 10
0x000000005a7aea93:   15 d4 39 f9 00 49 63 c0 0f 1f 44 00 00 66 0f 6e
0x000000005a7aeaa3:   02 48 03 d0 0f 5b c0 0f 28 c8 f3 0f 59 c2 f3 0f
0x000000005a7aeab3:   59 ca f3 0f 58 c8 f3 0f 58 ca f3 0f 11 09 48 83 


Stack slot to memory mapping:
stack at sp + 0 slots: 0x000000005a871af2 nvoglv64.dll
stack at sp + 1 slots: 0x000002263cde5760 points into unknown readable memory: 09 00 00 00 04 14 00 00
stack at sp + 2 slots: 0x000002263cde5760 points into unknown readable memory: 09 00 00 00 04 14 00 00
stack at sp + 3 slots: 0x0 is NULL
stack at sp + 4 slots: 0x0 is NULL
stack at sp + 5 slots: 0x000002263f6fdee4 points into unknown readable memory: 00 00 0f 3f
stack at sp + 6 slots: 0x0000022642e1c928 points into unknown readable memory: 00 00 00 00 00 00 00 00
stack at sp + 7 slots: 0x0 is NULL


---------------  P R O C E S S  ---------------

Threads class SMR info:
_java_thread_list=0x000002263c7848c0, length=10, elements={
0x00000226176b6000, 0x000002263b50d800, 0x000002263b510800, 0x000002263bda9800,
0x000002263bdad000, 0x000002263bdae000, 0x000002263bdb7000, 0x000002263bdc6800,
0x000002263bf30800, 0x000002263bf39800
}

Java Threads: ( => current thread )
=>0x00000226176b6000 JavaThread "main" [_thread_in_native, id=31156, stack(0x000000f57ea00000,0x000000f57eb00000)]
  0x000002263b50d800 JavaThread "Reference Handler" daemon [_thread_blocked, id=3304, stack(0x000000f57f100000,0x000000f57f200000)]
  0x000002263b510800 JavaThread "Finalizer" daemon [_thread_blocked, id=23436, stack(0x000000f57f200000,0x000000f57f300000)]
  0x000002263bda9800 JavaThread "Signal Dispatcher" daemon [_thread_blocked, id=28904, stack(0x000000f57f300000,0x000000f57f400000)]
  0x000002263bdad000 JavaThread "Attach Listener" daemon [_thread_blocked, id=32916, stack(0x000000f57f400000,0x000000f57f500000)]
  0x000002263bdae000 JavaThread "C2 CompilerThread0" daemon [_thread_blocked, id=33552, stack(0x000000f57f500000,0x000000f57f600000)]
  0x000002263bdb7000 JavaThread "C1 CompilerThread0" daemon [_thread_blocked, id=8968, stack(0x000000f57f600000,0x000000f57f700000)]
  0x000002263bdc6800 JavaThread "Sweeper thread" daemon [_thread_blocked, id=28516, stack(0x000000f57f700000,0x000000f57f800000)]
  0x000002263bf30800 JavaThread "Service Thread" daemon [_thread_blocked, id=19576, stack(0x000000f57f800000,0x000000f57f900000)]
  0x000002263bf39800 JavaThread "Common-Cleaner" daemon [_thread_blocked, id=33092, stack(0x000000f57fa00000,0x000000f57fb00000)]

Other Threads:
  0x000002263b50c000 VMThread "VM Thread" [stack: 0x000000f57f000000,0x000000f57f100000] [id=13016]
  0x000002263bf3c000 WatcherThread [stack: 0x000000f57f900000,0x000000f57fa00000] [id=26844]
  0x0000022617723800 GCTaskThread "GC Thread#0" [stack: 0x000000f57eb00000,0x000000f57ec00000] [id=21752]
  0x000002263c0c8800 GCTaskThread "GC Thread#1" [stack: 0x000000f500800000,0x000000f500900000] [id=31708]
  0x000002263c0c4800 GCTaskThread "GC Thread#2" [stack: 0x000000f500900000,0x000000f500a00000] [id=12988]
  0x000002263c0c6000 GCTaskThread "GC Thread#3" [stack: 0x000000f500a00000,0x000000f500b00000] [id=21100]
  0x000002263c0c6800 GCTaskThread "GC Thread#4" [stack: 0x000000f500b00000,0x000000f500c00000] [id=21080]
  0x000002263c0ca800 GCTaskThread "GC Thread#5" [stack: 0x000000f500c00000,0x000000f500d00000] [id=20992]
  0x0000022617745800 ConcurrentGCThread "G1 Main Marker" [stack: 0x000000f57ec00000,0x000000f57ed00000] [id=25876]
  0x000002261774b000 ConcurrentGCThread "G1 Conc#0" [stack: 0x000000f57ed00000,0x000000f57ee00000] [id=32172]
  0x000002263b402000 ConcurrentGCThread "G1 Refine#0" [stack: 0x000000f57ee00000,0x000000f57ef00000] [id=32508]
  0x000002263b404000 ConcurrentGCThread "G1 Young RemSet Sampling" [stack: 0x000000f57ef00000,0x000000f57f000000] [id=24148]

Threads with active compile tasks:

VM state:not at safepoint (normal execution)

VM Mutex/Monitor currently owned by a thread: None

Heap address: 0x0000000702200000, size: 4062 MB, Compressed Oops mode: Zero based, Oop shift amount: 3
Narrow klass base: 0x0000000800000000, Narrow klass shift: 3
Compressed class space size: 1073741824 Address: 0x0000000800b50000

Heap:
 garbage-first heap   total 260096K, used 105342K [0x0000000702200000, 0x0000000800000000)
  region size 1024K, 104 young (106496K), 3 survivors (3072K)
 Metaspace       used 7852K, capacity 10601K, committed 10752K, reserved 1058816K
  class space    used 376K, capacity 689K, committed 768K, reserved 1048576K
Heap Regions: E=young(eden), S=young(survivor), O=old, HS=humongous(starts), HC=humongous(continues), CS=collection set, F=free, A=archive, TAMS=top-at-mark-start (previous, next)
|   0|0x0000000702200000, 0x0000000702200000, 0x0000000702300000|  0%| F|  |TAMS 0x0000000702200000, 0x0000000702200000| Untracked 
|   1|0x0000000702300000, 0x0000000702300000, 0x0000000702400000|  0%| F|  |TAMS 0x0000000702300000, 0x0000000702300000| Untracked 
|   2|0x0000000702400000, 0x0000000702400000, 0x0000000702500000|  0%| F|  |TAMS 0x0000000702400000, 0x0000000702400000| Untracked 
|   3|0x0000000702500000, 0x0000000702500000, 0x0000000702600000|  0%| F|  |TAMS 0x0000000702500000, 0x0000000702500000| Untracked 
|   4|0x0000000702600000, 0x0000000702600000, 0x0000000702700000|  0%| F|  |TAMS 0x0000000702600000, 0x0000000702600000| Untracked 
|   5|0x0000000702700000, 0x0000000702700000, 0x0000000702800000|  0%| F|  |TAMS 0x0000000702700000, 0x0000000702700000| Untracked 
|   6|0x0000000702800000, 0x0000000702800000, 0x0000000702900000|  0%| F|  |TAMS 0x0000000702800000, 0x0000000702800000| Untracked 
|   7|0x0000000702900000, 0x0000000702900000, 0x0000000702a00000|  0%| F|  |TAMS 0x0000000702900000, 0x0000000702900000| Untracked 
|   8|0x0000000702a00000, 0x0000000702a00000, 0x0000000702b00000|  0%| F|  |TAMS 0x0000000702a00000, 0x0000000702a00000| Untracked 
|   9|0x0000000702b00000, 0x0000000702b00000, 0x0000000702c00000|  0%| F|  |TAMS 0x0000000702b00000, 0x0000000702b00000| Untracked 
|  10|0x0000000702c00000, 0x0000000702c00000, 0x0000000702d00000|  0%| F|  |TAMS 0x0000000702c00000, 0x0000000702c00000| Untracked 
|  11|0x0000000702d00000, 0x0000000702d00000, 0x0000000702e00000|  0%| F|  |TAMS 0x0000000702d00000, 0x0000000702d00000| Untracked 
|  12|0x0000000702e00000, 0x0000000702e00000, 0x0000000702f00000|  0%| F|  |TAMS 0x0000000702e00000, 0x0000000702e00000| Untracked 
|  13|0x0000000702f00000, 0x0000000702f00000, 0x0000000703000000|  0%| F|  |TAMS 0x0000000702f00000, 0x0000000702f00000| Untracked 
|  14|0x0000000703000000, 0x0000000703000000, 0x0000000703100000|  0%| F|  |TAMS 0x0000000703000000, 0x0000000703000000| Untracked 
|  15|0x0000000703100000, 0x0000000703100000, 0x0000000703200000|  0%| F|  |TAMS 0x0000000703100000, 0x0000000703100000| Untracked 
|  16|0x0000000703200000, 0x0000000703200000, 0x0000000703300000|  0%| F|  |TAMS 0x0000000703200000, 0x0000000703200000| Untracked 
|  17|0x0000000703300000, 0x0000000703300000, 0x0000000703400000|  0%| F|  |TAMS 0x0000000703300000, 0x0000000703300000| Untracked 
|  18|0x0000000703400000, 0x0000000703400000, 0x0000000703500000|  0%| F|  |TAMS 0x0000000703400000, 0x0000000703400000| Untracked 
|  19|0x0000000703500000, 0x0000000703500000, 0x0000000703600000|  0%| F|  |TAMS 0x0000000703500000, 0x0000000703500000| Untracked 
|  20|0x0000000703600000, 0x0000000703600000, 0x0000000703700000|  0%| F|  |TAMS 0x0000000703600000, 0x0000000703600000| Untracked 
|  21|0x0000000703700000, 0x0000000703700000, 0x0000000703800000|  0%| F|  |TAMS 0x0000000703700000, 0x0000000703700000| Untracked 
|  22|0x0000000703800000, 0x0000000703800000, 0x0000000703900000|  0%| F|  |TAMS 0x0000000703800000, 0x0000000703800000| Untracked 
|  23|0x0000000703900000, 0x0000000703900000, 0x0000000703a00000|  0%| F|  |TAMS 0x0000000703900000, 0x0000000703900000| Untracked 
|  24|0x0000000703a00000, 0x0000000703a00000, 0x0000000703b00000|  0%| F|  |TAMS 0x0000000703a00000, 0x0000000703a00000| Untracked 
|  25|0x0000000703b00000, 0x0000000703b00000, 0x0000000703c00000|  0%| F|  |TAMS 0x0000000703b00000, 0x0000000703b00000| Untracked 
|  26|0x0000000703c00000, 0x0000000703c00000, 0x0000000703d00000|  0%| F|  |TAMS 0x0000000703c00000, 0x0000000703c00000| Untracked 
|  27|0x0000000703d00000, 0x0000000703d00000, 0x0000000703e00000|  0%| F|  |TAMS 0x0000000703d00000, 0x0000000703d00000| Untracked 
|  28|0x0000000703e00000, 0x0000000703e00000, 0x0000000703f00000|  0%| F|  |TAMS 0x0000000703e00000, 0x0000000703e00000| Untracked 
|  29|0x0000000703f00000, 0x0000000703f00000, 0x0000000704000000|  0%| F|  |TAMS 0x0000000703f00000, 0x0000000703f00000| Untracked 
|  30|0x0000000704000000, 0x0000000704000000, 0x0000000704100000|  0%| F|  |TAMS 0x0000000704000000, 0x0000000704000000| Untracked 
|  31|0x0000000704100000, 0x0000000704100000, 0x0000000704200000|  0%| F|  |TAMS 0x0000000704100000, 0x0000000704100000| Untracked 
|  32|0x0000000704200000, 0x0000000704200000, 0x0000000704300000|  0%| F|  |TAMS 0x0000000704200000, 0x0000000704200000| Untracked 
|  33|0x0000000704300000, 0x0000000704300000, 0x0000000704400000|  0%| F|  |TAMS 0x0000000704300000, 0x0000000704300000| Untracked 
|  34|0x0000000704400000, 0x0000000704400000, 0x0000000704500000|  0%| F|  |TAMS 0x0000000704400000, 0x0000000704400000| Untracked 
|  35|0x0000000704500000, 0x0000000704500000, 0x0000000704600000|  0%| F|  |TAMS 0x0000000704500000, 0x0000000704500000| Untracked 
|  36|0x0000000704600000, 0x0000000704600000, 0x0000000704700000|  0%| F|  |TAMS 0x0000000704600000, 0x0000000704600000| Untracked 
|  37|0x0000000704700000, 0x0000000704700000, 0x0000000704800000|  0%| F|  |TAMS 0x0000000704700000, 0x0000000704700000| Untracked 
|  38|0x0000000704800000, 0x0000000704800000, 0x0000000704900000|  0%| F|  |TAMS 0x0000000704800000, 0x0000000704800000| Untracked 
|  39|0x0000000704900000, 0x0000000704900000, 0x0000000704a00000|  0%| F|  |TAMS 0x0000000704900000, 0x0000000704900000| Untracked 
|  40|0x0000000704a00000, 0x0000000704a00000, 0x0000000704b00000|  0%| F|  |TAMS 0x0000000704a00000, 0x0000000704a00000| Untracked 
|  41|0x0000000704b00000, 0x0000000704b00000, 0x0000000704c00000|  0%| F|  |TAMS 0x0000000704b00000, 0x0000000704b00000| Untracked 
|  42|0x0000000704c00000, 0x0000000704c00000, 0x0000000704d00000|  0%| F|  |TAMS 0x0000000704c00000, 0x0000000704c00000| Untracked 
|  43|0x0000000704d00000, 0x0000000704d00000, 0x0000000704e00000|  0%| F|  |TAMS 0x0000000704d00000, 0x0000000704d00000| Untracked 
|  44|0x0000000704e00000, 0x0000000704e00000, 0x0000000704f00000|  0%| F|  |TAMS 0x0000000704e00000, 0x0000000704e00000| Untracked 
|  45|0x0000000704f00000, 0x0000000704f00000, 0x0000000705000000|  0%| F|  |TAMS 0x0000000704f00000, 0x0000000704f00000| Untracked 
|  46|0x0000000705000000, 0x0000000705000000, 0x0000000705100000|  0%| F|  |TAMS 0x0000000705000000, 0x0000000705000000| Untracked 
|  47|0x0000000705100000, 0x0000000705100000, 0x0000000705200000|  0%| F|  |TAMS 0x0000000705100000, 0x0000000705100000| Untracked 
|  48|0x0000000705200000, 0x0000000705200000, 0x0000000705300000|  0%| F|  |TAMS 0x0000000705200000, 0x0000000705200000| Untracked 
|  49|0x0000000705300000, 0x0000000705300000, 0x0000000705400000|  0%| F|  |TAMS 0x0000000705300000, 0x0000000705300000| Untracked 
|  50|0x0000000705400000, 0x0000000705400000, 0x0000000705500000|  0%| F|  |TAMS 0x0000000705400000, 0x0000000705400000| Untracked 
|  51|0x0000000705500000, 0x0000000705500000, 0x0000000705600000|  0%| F|  |TAMS 0x0000000705500000, 0x0000000705500000| Untracked 
|  52|0x0000000705600000, 0x0000000705600000, 0x0000000705700000|  0%| F|  |TAMS 0x0000000705600000, 0x0000000705600000| Untracked 
|  53|0x0000000705700000, 0x0000000705700000, 0x0000000705800000|  0%| F|  |TAMS 0x0000000705700000, 0x0000000705700000| Untracked 
|  54|0x0000000705800000, 0x0000000705800000, 0x0000000705900000|  0%| F|  |TAMS 0x0000000705800000, 0x0000000705800000| Untracked 
|  55|0x0000000705900000, 0x0000000705900000, 0x0000000705a00000|  0%| F|  |TAMS 0x0000000705900000, 0x0000000705900000| Untracked 
|  56|0x0000000705a00000, 0x0000000705a00000, 0x0000000705b00000|  0%| F|  |TAMS 0x0000000705a00000, 0x0000000705a00000| Untracked 
|  57|0x0000000705b00000, 0x0000000705b00000, 0x0000000705c00000|  0%| F|  |TAMS 0x0000000705b00000, 0x0000000705b00000| Untracked 
|  58|0x0000000705c00000, 0x0000000705c00000, 0x0000000705d00000|  0%| F|  |TAMS 0x0000000705c00000, 0x0000000705c00000| Untracked 
|  59|0x0000000705d00000, 0x0000000705d00000, 0x0000000705e00000|  0%| F|  |TAMS 0x0000000705d00000, 0x0000000705d00000| Untracked 
|  60|0x0000000705e00000, 0x0000000705e00000, 0x0000000705f00000|  0%| F|  |TAMS 0x0000000705e00000, 0x0000000705e00000| Untracked 
|  61|0x0000000705f00000, 0x0000000705f00000, 0x0000000706000000|  0%| F|  |TAMS 0x0000000705f00000, 0x0000000705f00000| Untracked 
|  62|0x0000000706000000, 0x0000000706000000, 0x0000000706100000|  0%| F|  |TAMS 0x0000000706000000, 0x0000000706000000| Untracked 
|  63|0x0000000706100000, 0x0000000706100000, 0x0000000706200000|  0%| F|  |TAMS 0x0000000706100000, 0x0000000706100000| Untracked 
|  64|0x0000000706200000, 0x0000000706200000, 0x0000000706300000|  0%| F|  |TAMS 0x0000000706200000, 0x0000000706200000| Untracked 
|  65|0x0000000706300000, 0x0000000706300000, 0x0000000706400000|  0%| F|  |TAMS 0x0000000706300000, 0x0000000706300000| Untracked 
|  66|0x0000000706400000, 0x0000000706400000, 0x0000000706500000|  0%| F|  |TAMS 0x0000000706400000, 0x0000000706400000| Untracked 
|  67|0x0000000706500000, 0x0000000706500000, 0x0000000706600000|  0%| F|  |TAMS 0x0000000706500000, 0x0000000706500000| Untracked 
|  68|0x0000000706600000, 0x0000000706600000, 0x0000000706700000|  0%| F|  |TAMS 0x0000000706600000, 0x0000000706600000| Untracked 
|  69|0x0000000706700000, 0x0000000706700000, 0x0000000706800000|  0%| F|  |TAMS 0x0000000706700000, 0x0000000706700000| Untracked 
|  70|0x0000000706800000, 0x0000000706800000, 0x0000000706900000|  0%| F|  |TAMS 0x0000000706800000, 0x0000000706800000| Untracked 
|  71|0x0000000706900000, 0x0000000706900000, 0x0000000706a00000|  0%| F|  |TAMS 0x0000000706900000, 0x0000000706900000| Untracked 
|  72|0x0000000706a00000, 0x0000000706a00000, 0x0000000706b00000|  0%| F|  |TAMS 0x0000000706a00000, 0x0000000706a00000| Untracked 
|  73|0x0000000706b00000, 0x0000000706b00000, 0x0000000706c00000|  0%| F|  |TAMS 0x0000000706b00000, 0x0000000706b00000| Untracked 
|  74|0x0000000706c00000, 0x0000000706c00000, 0x0000000706d00000|  0%| F|  |TAMS 0x0000000706c00000, 0x0000000706c00000| Untracked 
|  75|0x0000000706d00000, 0x0000000706d00000, 0x0000000706e00000|  0%| F|  |TAMS 0x0000000706d00000, 0x0000000706d00000| Untracked 
|  76|0x0000000706e00000, 0x0000000706e00000, 0x0000000706f00000|  0%| F|  |TAMS 0x0000000706e00000, 0x0000000706e00000| Untracked 
|  77|0x0000000706f00000, 0x0000000706f00000, 0x0000000707000000|  0%| F|  |TAMS 0x0000000706f00000, 0x0000000706f00000| Untracked 
|  78|0x0000000707000000, 0x0000000707000000, 0x0000000707100000|  0%| F|  |TAMS 0x0000000707000000, 0x0000000707000000| Untracked 
|  79|0x0000000707100000, 0x0000000707100000, 0x0000000707200000|  0%| F|  |TAMS 0x0000000707100000, 0x0000000707100000| Untracked 
|  80|0x0000000707200000, 0x0000000707200000, 0x0000000707300000|  0%| F|  |TAMS 0x0000000707200000, 0x0000000707200000| Untracked 
|  81|0x0000000707300000, 0x0000000707300000, 0x0000000707400000|  0%| F|  |TAMS 0x0000000707300000, 0x0000000707300000| Untracked 
|  82|0x0000000707400000, 0x0000000707400000, 0x0000000707500000|  0%| F|  |TAMS 0x0000000707400000, 0x0000000707400000| Untracked 
|  83|0x0000000707500000, 0x0000000707500000, 0x0000000707600000|  0%| F|  |TAMS 0x0000000707500000, 0x0000000707500000| Untracked 
|  84|0x0000000707600000, 0x0000000707600000, 0x0000000707700000|  0%| F|  |TAMS 0x0000000707600000, 0x0000000707600000| Untracked 
|  85|0x0000000707700000, 0x0000000707700000, 0x0000000707800000|  0%| F|  |TAMS 0x0000000707700000, 0x0000000707700000| Untracked 
|  86|0x0000000707800000, 0x0000000707800000, 0x0000000707900000|  0%| F|  |TAMS 0x0000000707800000, 0x0000000707800000| Untracked 
|  87|0x0000000707900000, 0x0000000707900000, 0x0000000707a00000|  0%| F|  |TAMS 0x0000000707900000, 0x0000000707900000| Untracked 
|  88|0x0000000707a00000, 0x0000000707a00000, 0x0000000707b00000|  0%| F|  |TAMS 0x0000000707a00000, 0x0000000707a00000| Untracked 
|  89|0x0000000707b00000, 0x0000000707b00000, 0x0000000707c00000|  0%| F|  |TAMS 0x0000000707b00000, 0x0000000707b00000| Untracked 
|  90|0x0000000707c00000, 0x0000000707c00000, 0x0000000707d00000|  0%| F|  |TAMS 0x0000000707c00000, 0x0000000707c00000| Untracked 
|  91|0x0000000707d00000, 0x0000000707d00000, 0x0000000707e00000|  0%| F|  |TAMS 0x0000000707d00000, 0x0000000707d00000| Untracked 
|  92|0x0000000707e00000, 0x0000000707e00000, 0x0000000707f00000|  0%| F|  |TAMS 0x0000000707e00000, 0x0000000707e00000| Untracked 
|  93|0x0000000707f00000, 0x0000000707f00000, 0x0000000708000000|  0%| F|  |TAMS 0x0000000707f00000, 0x0000000707f00000| Untracked 
|  94|0x0000000708000000, 0x0000000708000000, 0x0000000708100000|  0%| F|  |TAMS 0x0000000708000000, 0x0000000708000000| Untracked 
|  95|0x0000000708100000, 0x0000000708100000, 0x0000000708200000|  0%| F|  |TAMS 0x0000000708100000, 0x0000000708100000| Untracked 
|  96|0x0000000708200000, 0x0000000708200000, 0x0000000708300000|  0%| F|  |TAMS 0x0000000708200000, 0x0000000708200000| Untracked 
|  97|0x0000000708300000, 0x0000000708300000, 0x0000000708400000|  0%| F|  |TAMS 0x0000000708300000, 0x0000000708300000| Untracked 
|  98|0x0000000708400000, 0x0000000708400000, 0x0000000708500000|  0%| F|  |TAMS 0x0000000708400000, 0x0000000708400000| Untracked 
|  99|0x0000000708500000, 0x0000000708500000, 0x0000000708600000|  0%| F|  |TAMS 0x0000000708500000, 0x0000000708500000| Untracked 
| 100|0x0000000708600000, 0x0000000708600000, 0x0000000708700000|  0%| F|  |TAMS 0x0000000708600000, 0x0000000708600000| Untracked 
| 101|0x0000000708700000, 0x0000000708700000, 0x0000000708800000|  0%| F|  |TAMS 0x0000000708700000, 0x0000000708700000| Untracked 
| 102|0x0000000708800000, 0x0000000708800000, 0x0000000708900000|  0%| F|  |TAMS 0x0000000708800000, 0x0000000708800000| Untracked 
| 103|0x0000000708900000, 0x0000000708900000, 0x0000000708a00000|  0%| F|  |TAMS 0x0000000708900000, 0x0000000708900000| Untracked 
| 104|0x0000000708a00000, 0x0000000708a00000, 0x0000000708b00000|  0%| F|  |TAMS 0x0000000708a00000, 0x0000000708a00000| Untracked 
| 105|0x0000000708b00000, 0x0000000708b00000, 0x0000000708c00000|  0%| F|  |TAMS 0x0000000708b00000, 0x0000000708b00000| Untracked 
| 106|0x0000000708c00000, 0x0000000708c00000, 0x0000000708d00000|  0%| F|  |TAMS 0x0000000708c00000, 0x0000000708c00000| Untracked 
| 107|0x0000000708d00000, 0x0000000708d00000, 0x0000000708e00000|  0%| F|  |TAMS 0x0000000708d00000, 0x0000000708d00000| Untracked 
| 108|0x0000000708e00000, 0x0000000708e00000, 0x0000000708f00000|  0%| F|  |TAMS 0x0000000708e00000, 0x0000000708e00000| Untracked 
| 109|0x0000000708f00000, 0x0000000708f00000, 0x0000000709000000|  0%| F|  |TAMS 0x0000000708f00000, 0x0000000708f00000| Untracked 
| 110|0x0000000709000000, 0x0000000709000000, 0x0000000709100000|  0%| F|  |TAMS 0x0000000709000000, 0x0000000709000000| Untracked 
| 111|0x0000000709100000, 0x0000000709100000, 0x0000000709200000|  0%| F|  |TAMS 0x0000000709100000, 0x0000000709100000| Untracked 
| 112|0x0000000709200000, 0x0000000709200000, 0x0000000709300000|  0%| F|  |TAMS 0x0000000709200000, 0x0000000709200000| Untracked 
| 113|0x0000000709300000, 0x0000000709300000, 0x0000000709400000|  0%| F|  |TAMS 0x0000000709300000, 0x0000000709300000| Untracked 
| 114|0x0000000709400000, 0x0000000709400000, 0x0000000709500000|  0%| F|  |TAMS 0x0000000709400000, 0x0000000709400000| Untracked 
| 115|0x0000000709500000, 0x0000000709500000, 0x0000000709600000|  0%| F|  |TAMS 0x0000000709500000, 0x0000000709500000| Untracked 
| 116|0x0000000709600000, 0x0000000709600000, 0x0000000709700000|  0%| F|  |TAMS 0x0000000709600000, 0x0000000709600000| Untracked 
| 117|0x0000000709700000, 0x0000000709700000, 0x0000000709800000|  0%| F|  |TAMS 0x0000000709700000, 0x0000000709700000| Untracked 
| 118|0x0000000709800000, 0x0000000709800000, 0x0000000709900000|  0%| F|  |TAMS 0x0000000709800000, 0x0000000709800000| Untracked 
| 119|0x0000000709900000, 0x0000000709900000, 0x0000000709a00000|  0%| F|  |TAMS 0x0000000709900000, 0x0000000709900000| Untracked 
| 120|0x0000000709a00000, 0x0000000709a00000, 0x0000000709b00000|  0%| F|  |TAMS 0x0000000709a00000, 0x0000000709a00000| Untracked 
| 121|0x0000000709b00000, 0x0000000709b00000, 0x0000000709c00000|  0%| F|  |TAMS 0x0000000709b00000, 0x0000000709b00000| Untracked 
| 122|0x0000000709c00000, 0x0000000709c00000, 0x0000000709d00000|  0%| F|  |TAMS 0x0000000709c00000, 0x0000000709c00000| Untracked 
| 123|0x0000000709d00000, 0x0000000709d00000, 0x0000000709e00000|  0%| F|  |TAMS 0x0000000709d00000, 0x0000000709d00000| Untracked 
| 124|0x0000000709e00000, 0x0000000709e00000, 0x0000000709f00000|  0%| F|  |TAMS 0x0000000709e00000, 0x0000000709e00000| Untracked 
| 125|0x0000000709f00000, 0x0000000709f00000, 0x000000070a000000|  0%| F|  |TAMS 0x0000000709f00000, 0x0000000709f00000| Untracked 
| 126|0x000000070a000000, 0x000000070a000000, 0x000000070a100000|  0%| F|  |TAMS 0x000000070a000000, 0x000000070a000000| Untracked 
| 127|0x000000070a100000, 0x000000070a100000, 0x000000070a200000|  0%| F|  |TAMS 0x000000070a100000, 0x000000070a100000| Untracked 
| 128|0x000000070a200000, 0x000000070a200000, 0x000000070a300000|  0%| F|  |TAMS 0x000000070a200000, 0x000000070a200000| Untracked 
| 129|0x000000070a300000, 0x000000070a300000, 0x000000070a400000|  0%| F|  |TAMS 0x000000070a300000, 0x000000070a300000| Untracked 
| 130|0x000000070a400000, 0x000000070a400000, 0x000000070a500000|  0%| F|  |TAMS 0x000000070a400000, 0x000000070a400000| Untracked 
| 131|0x000000070a500000, 0x000000070a500000, 0x000000070a600000|  0%| F|  |TAMS 0x000000070a500000, 0x000000070a500000| Untracked 
| 132|0x000000070a600000, 0x000000070a600000, 0x000000070a700000|  0%| F|  |TAMS 0x000000070a600000, 0x000000070a600000| Untracked 
| 133|0x000000070a700000, 0x000000070a700000, 0x000000070a800000|  0%| F|  |TAMS 0x000000070a700000, 0x000000070a700000| Untracked 
| 134|0x000000070a800000, 0x000000070a800000, 0x000000070a900000|  0%| F|  |TAMS 0x000000070a800000, 0x000000070a800000| Untracked 
| 135|0x000000070a900000, 0x000000070a900000, 0x000000070aa00000|  0%| F|  |TAMS 0x000000070a900000, 0x000000070a900000| Untracked 
| 136|0x000000070aa00000, 0x000000070aa00000, 0x000000070ab00000|  0%| F|  |TAMS 0x000000070aa00000, 0x000000070aa00000| Untracked 
| 137|0x000000070ab00000, 0x000000070ab00000, 0x000000070ac00000|  0%| F|  |TAMS 0x000000070ab00000, 0x000000070ab00000| Untracked 
| 138|0x000000070ac00000, 0x000000070ac00000, 0x000000070ad00000|  0%| F|  |TAMS 0x000000070ac00000, 0x000000070ac00000| Untracked 
| 139|0x000000070ad00000, 0x000000070ad00000, 0x000000070ae00000|  0%| F|  |TAMS 0x000000070ad00000, 0x000000070ad00000| Untracked 
| 140|0x000000070ae00000, 0x000000070ae00000, 0x000000070af00000|  0%| F|  |TAMS 0x000000070ae00000, 0x000000070ae00000| Untracked 
| 141|0x000000070af00000, 0x000000070af00000, 0x000000070b000000|  0%| F|  |TAMS 0x000000070af00000, 0x000000070af00000| Untracked 
| 142|0x000000070b000000, 0x000000070b000000, 0x000000070b100000|  0%| F|  |TAMS 0x000000070b000000, 0x000000070b000000| Untracked 
| 143|0x000000070b100000, 0x000000070b100000, 0x000000070b200000|  0%| F|  |TAMS 0x000000070b100000, 0x000000070b100000| Untracked 
| 144|0x000000070b200000, 0x000000070b200000, 0x000000070b300000|  0%| F|  |TAMS 0x000000070b200000, 0x000000070b200000| Untracked 
| 145|0x000000070b300000, 0x000000070b300000, 0x000000070b400000|  0%| F|  |TAMS 0x000000070b300000, 0x000000070b300000| Untracked 
| 146|0x000000070b400000, 0x000000070b400000, 0x000000070b500000|  0%| F|  |TAMS 0x000000070b400000, 0x000000070b400000| Untracked 
| 147|0x000000070b500000, 0x000000070b500000, 0x000000070b600000|  0%| F|  |TAMS 0x000000070b500000, 0x000000070b500000| Untracked 
| 148|0x000000070b600000, 0x000000070b600000, 0x000000070b700000|  0%| F|  |TAMS 0x000000070b600000, 0x000000070b600000| Untracked 
| 149|0x000000070b700000, 0x000000070b700000, 0x000000070b800000|  0%| F|  |TAMS 0x000000070b700000, 0x000000070b700000| Untracked 
| 150|0x000000070b800000, 0x000000070b900000, 0x000000070b900000|100%| E|  |TAMS 0x000000070b800000, 0x000000070b800000| Complete 
| 151|0x000000070b900000, 0x000000070ba00000, 0x000000070ba00000|100%| E|CS|TAMS 0x000000070b900000, 0x000000070b900000| Complete 
| 152|0x000000070ba00000, 0x000000070bb00000, 0x000000070bb00000|100%| E|CS|TAMS 0x000000070ba00000, 0x000000070ba00000| Complete 
| 153|0x000000070bb00000, 0x000000070bc00000, 0x000000070bc00000|100%| E|CS|TAMS 0x000000070bb00000, 0x000000070bb00000| Complete 
| 154|0x000000070bc00000, 0x000000070bd00000, 0x000000070bd00000|100%| E|CS|TAMS 0x000000070bc00000, 0x000000070bc00000| Complete 
| 155|0x000000070bd00000, 0x000000070be00000, 0x000000070be00000|100%| E|CS|TAMS 0x000000070bd00000, 0x000000070bd00000| Complete 
| 156|0x000000070be00000, 0x000000070bf00000, 0x000000070bf00000|100%| E|CS|TAMS 0x000000070be00000, 0x000000070be00000| Complete 
| 157|0x000000070bf00000, 0x000000070c000000, 0x000000070c000000|100%| E|CS|TAMS 0x000000070bf00000, 0x000000070bf00000| Complete 
| 158|0x000000070c000000, 0x000000070c100000, 0x000000070c100000|100%| E|CS|TAMS 0x000000070c000000, 0x000000070c000000| Complete 
| 159|0x000000070c100000, 0x000000070c200000, 0x000000070c200000|100%| E|CS|TAMS 0x000000070c100000, 0x000000070c100000| Complete 
| 160|0x000000070c200000, 0x000000070c300000, 0x000000070c300000|100%| E|CS|TAMS 0x000000070c200000, 0x000000070c200000| Complete 
| 161|0x000000070c300000, 0x000000070c400000, 0x000000070c400000|100%| E|CS|TAMS 0x000000070c300000, 0x000000070c300000| Complete 
| 162|0x000000070c400000, 0x000000070c500000, 0x000000070c500000|100%| E|CS|TAMS 0x000000070c400000, 0x000000070c400000| Complete 
| 163|0x000000070c500000, 0x000000070c600000, 0x000000070c600000|100%| E|CS|TAMS 0x000000070c500000, 0x000000070c500000| Complete 
| 164|0x000000070c600000, 0x000000070c700000, 0x000000070c700000|100%| E|CS|TAMS 0x000000070c600000, 0x000000070c600000| Complete 
| 165|0x000000070c700000, 0x000000070c800000, 0x000000070c800000|100%| E|CS|TAMS 0x000000070c700000, 0x000000070c700000| Complete 
| 166|0x000000070c800000, 0x000000070c900000, 0x000000070c900000|100%| E|CS|TAMS 0x000000070c800000, 0x000000070c800000| Complete 
| 167|0x000000070c900000, 0x000000070ca00000, 0x000000070ca00000|100%| E|CS|TAMS 0x000000070c900000, 0x000000070c900000| Complete 
| 168|0x000000070ca00000, 0x000000070cb00000, 0x000000070cb00000|100%| E|CS|TAMS 0x000000070ca00000, 0x000000070ca00000| Complete 
| 169|0x000000070cb00000, 0x000000070cc00000, 0x000000070cc00000|100%| E|CS|TAMS 0x000000070cb00000, 0x000000070cb00000| Complete 
| 170|0x000000070cc00000, 0x000000070cd00000, 0x000000070cd00000|100%| E|CS|TAMS 0x000000070cc00000, 0x000000070cc00000| Complete 
| 171|0x000000070cd00000, 0x000000070ce00000, 0x000000070ce00000|100%| E|CS|TAMS 0x000000070cd00000, 0x000000070cd00000| Complete 
| 172|0x000000070ce00000, 0x000000070cf00000, 0x000000070cf00000|100%| E|CS|TAMS 0x000000070ce00000, 0x000000070ce00000| Complete 
| 173|0x000000070cf00000, 0x000000070d000000, 0x000000070d000000|100%| E|CS|TAMS 0x000000070cf00000, 0x000000070cf00000| Complete 
| 174|0x000000070d000000, 0x000000070d100000, 0x000000070d100000|100%| E|CS|TAMS 0x000000070d000000, 0x000000070d000000| Complete 
| 175|0x000000070d100000, 0x000000070d200000, 0x000000070d200000|100%| E|CS|TAMS 0x000000070d100000, 0x000000070d100000| Complete 
| 176|0x000000070d200000, 0x000000070d300000, 0x000000070d300000|100%| E|CS|TAMS 0x000000070d200000, 0x000000070d200000| Complete 
| 177|0x000000070d300000, 0x000000070d400000, 0x000000070d400000|100%| E|CS|TAMS 0x000000070d300000, 0x000000070d300000| Complete 
| 178|0x000000070d400000, 0x000000070d500000, 0x000000070d500000|100%| E|CS|TAMS 0x000000070d400000, 0x000000070d400000| Complete 
| 179|0x000000070d500000, 0x000000070d600000, 0x000000070d600000|100%| E|CS|TAMS 0x000000070d500000, 0x000000070d500000| Complete 
| 180|0x000000070d600000, 0x000000070d700000, 0x000000070d700000|100%| E|CS|TAMS 0x000000070d600000, 0x000000070d600000| Complete 
| 181|0x000000070d700000, 0x000000070d800000, 0x000000070d800000|100%| E|CS|TAMS 0x000000070d700000, 0x000000070d700000| Complete 
| 182|0x000000070d800000, 0x000000070d900000, 0x000000070d900000|100%| E|CS|TAMS 0x000000070d800000, 0x000000070d800000| Complete 
| 183|0x000000070d900000, 0x000000070da00000, 0x000000070da00000|100%| E|CS|TAMS 0x000000070d900000, 0x000000070d900000| Complete 
| 184|0x000000070da00000, 0x000000070db00000, 0x000000070db00000|100%| E|CS|TAMS 0x000000070da00000, 0x000000070da00000| Complete 
| 185|0x000000070db00000, 0x000000070dc00000, 0x000000070dc00000|100%| E|CS|TAMS 0x000000070db00000, 0x000000070db00000| Complete 
| 186|0x000000070dc00000, 0x000000070dd00000, 0x000000070dd00000|100%| E|CS|TAMS 0x000000070dc00000, 0x000000070dc00000| Complete 
| 187|0x000000070dd00000, 0x000000070de00000, 0x000000070de00000|100%| E|CS|TAMS 0x000000070dd00000, 0x000000070dd00000| Complete 
| 188|0x000000070de00000, 0x000000070df00000, 0x000000070df00000|100%| E|CS|TAMS 0x000000070de00000, 0x000000070de00000| Complete 
| 189|0x000000070df00000, 0x000000070e000000, 0x000000070e000000|100%| E|CS|TAMS 0x000000070df00000, 0x000000070df00000| Complete 
| 190|0x000000070e000000, 0x000000070e100000, 0x000000070e100000|100%| E|CS|TAMS 0x000000070e000000, 0x000000070e000000| Complete 
| 191|0x000000070e100000, 0x000000070e200000, 0x000000070e200000|100%| E|CS|TAMS 0x000000070e100000, 0x000000070e100000| Complete 
| 192|0x000000070e200000, 0x000000070e300000, 0x000000070e300000|100%| E|CS|TAMS 0x000000070e200000, 0x000000070e200000| Complete 
| 193|0x000000070e300000, 0x000000070e400000, 0x000000070e400000|100%| E|CS|TAMS 0x000000070e300000, 0x000000070e300000| Complete 
| 194|0x000000070e400000, 0x000000070e500000, 0x000000070e500000|100%| E|CS|TAMS 0x000000070e400000, 0x000000070e400000| Complete 
| 195|0x000000070e500000, 0x000000070e600000, 0x000000070e600000|100%| E|CS|TAMS 0x000000070e500000, 0x000000070e500000| Complete 
| 196|0x000000070e600000, 0x000000070e700000, 0x000000070e700000|100%| E|CS|TAMS 0x000000070e600000, 0x000000070e600000| Complete 
| 197|0x000000070e700000, 0x000000070e800000, 0x000000070e800000|100%| E|CS|TAMS 0x000000070e700000, 0x000000070e700000| Complete 
| 198|0x000000070e800000, 0x000000070e900000, 0x000000070e900000|100%| E|CS|TAMS 0x000000070e800000, 0x000000070e800000| Complete 
| 199|0x000000070e900000, 0x000000070ea00000, 0x000000070ea00000|100%| E|CS|TAMS 0x000000070e900000, 0x000000070e900000| Complete 
| 200|0x000000070ea00000, 0x000000070eb00000, 0x000000070eb00000|100%| E|CS|TAMS 0x000000070ea00000, 0x000000070ea00000| Complete 
| 201|0x000000070eb00000, 0x000000070ec00000, 0x000000070ec00000|100%| E|CS|TAMS 0x000000070eb00000, 0x000000070eb00000| Complete 
| 202|0x000000070ec00000, 0x000000070ed00000, 0x000000070ed00000|100%| E|CS|TAMS 0x000000070ec00000, 0x000000070ec00000| Complete 
| 203|0x000000070ed00000, 0x000000070ee00000, 0x000000070ee00000|100%| E|CS|TAMS 0x000000070ed00000, 0x000000070ed00000| Complete 
| 204|0x000000070ee00000, 0x000000070ef00000, 0x000000070ef00000|100%| E|CS|TAMS 0x000000070ee00000, 0x000000070ee00000| Complete 
| 205|0x000000070ef00000, 0x000000070f000000, 0x000000070f000000|100%| E|CS|TAMS 0x000000070ef00000, 0x000000070ef00000| Complete 
| 206|0x000000070f000000, 0x000000070f100000, 0x000000070f100000|100%| E|CS|TAMS 0x000000070f000000, 0x000000070f000000| Complete 
| 207|0x000000070f100000, 0x000000070f200000, 0x000000070f200000|100%| E|CS|TAMS 0x000000070f100000, 0x000000070f100000| Complete 
| 208|0x000000070f200000, 0x000000070f300000, 0x000000070f300000|100%| E|CS|TAMS 0x000000070f200000, 0x000000070f200000| Complete 
| 209|0x000000070f300000, 0x000000070f400000, 0x000000070f400000|100%| E|CS|TAMS 0x000000070f300000, 0x000000070f300000| Complete 
| 210|0x000000070f400000, 0x000000070f500000, 0x000000070f500000|100%| E|CS|TAMS 0x000000070f400000, 0x000000070f400000| Complete 
| 211|0x000000070f500000, 0x000000070f600000, 0x000000070f600000|100%| E|CS|TAMS 0x000000070f500000, 0x000000070f500000| Complete 
| 212|0x000000070f600000, 0x000000070f700000, 0x000000070f700000|100%| E|CS|TAMS 0x000000070f600000, 0x000000070f600000| Complete 
| 213|0x000000070f700000, 0x000000070f800000, 0x000000070f800000|100%| E|CS|TAMS 0x000000070f700000, 0x000000070f700000| Complete 
| 214|0x000000070f800000, 0x000000070f900000, 0x000000070f900000|100%| E|CS|TAMS 0x000000070f800000, 0x000000070f800000| Complete 
| 215|0x000000070f900000, 0x000000070fa00000, 0x000000070fa00000|100%| E|CS|TAMS 0x000000070f900000, 0x000000070f900000| Complete 
| 216|0x000000070fa00000, 0x000000070fb00000, 0x000000070fb00000|100%| E|CS|TAMS 0x000000070fa00000, 0x000000070fa00000| Complete 
| 217|0x000000070fb00000, 0x000000070fc00000, 0x000000070fc00000|100%| E|CS|TAMS 0x000000070fb00000, 0x000000070fb00000| Complete 
| 218|0x000000070fc00000, 0x000000070fd00000, 0x000000070fd00000|100%| E|CS|TAMS 0x000000070fc00000, 0x000000070fc00000| Complete 
| 219|0x000000070fd00000, 0x000000070fe00000, 0x000000070fe00000|100%| E|CS|TAMS 0x000000070fd00000, 0x000000070fd00000| Complete 
| 220|0x000000070fe00000, 0x000000070ff00000, 0x000000070ff00000|100%| E|CS|TAMS 0x000000070fe00000, 0x000000070fe00000| Complete 
| 221|0x000000070ff00000, 0x0000000710000000, 0x0000000710000000|100%| E|CS|TAMS 0x000000070ff00000, 0x000000070ff00000| Complete 
| 222|0x0000000710000000, 0x0000000710100000, 0x0000000710100000|100%| E|CS|TAMS 0x0000000710000000, 0x0000000710000000| Complete 
| 223|0x0000000710100000, 0x0000000710200000, 0x0000000710200000|100%| E|CS|TAMS 0x0000000710100000, 0x0000000710100000| Complete 
| 224|0x0000000710200000, 0x0000000710300000, 0x0000000710300000|100%| E|CS|TAMS 0x0000000710200000, 0x0000000710200000| Complete 
| 225|0x0000000710300000, 0x0000000710400000, 0x0000000710400000|100%| E|CS|TAMS 0x0000000710300000, 0x0000000710300000| Complete 
| 226|0x0000000710400000, 0x0000000710500000, 0x0000000710500000|100%| E|CS|TAMS 0x0000000710400000, 0x0000000710400000| Complete 
| 227|0x0000000710500000, 0x00000007105dfa48, 0x0000000710600000| 87%| S|CS|TAMS 0x0000000710500000, 0x0000000710500000| Complete 
| 228|0x0000000710600000, 0x0000000710700000, 0x0000000710700000|100%| S|CS|TAMS 0x0000000710600000, 0x0000000710600000| Complete 
| 229|0x0000000710700000, 0x0000000710800000, 0x0000000710800000|100%| S|CS|TAMS 0x0000000710700000, 0x0000000710700000| Complete 
| 230|0x0000000710800000, 0x0000000710900000, 0x0000000710900000|100%| E|CS|TAMS 0x0000000710800000, 0x0000000710800000| Complete 
| 231|0x0000000710900000, 0x0000000710a00000, 0x0000000710a00000|100%| E|CS|TAMS 0x0000000710900000, 0x0000000710900000| Complete 
| 232|0x0000000710a00000, 0x0000000710b00000, 0x0000000710b00000|100%| E|CS|TAMS 0x0000000710a00000, 0x0000000710a00000| Complete 
| 233|0x0000000710b00000, 0x0000000710c00000, 0x0000000710c00000|100%| E|CS|TAMS 0x0000000710b00000, 0x0000000710b00000| Complete 
| 234|0x0000000710c00000, 0x0000000710d00000, 0x0000000710d00000|100%| E|CS|TAMS 0x0000000710c00000, 0x0000000710c00000| Complete 
| 235|0x0000000710d00000, 0x0000000710e00000, 0x0000000710e00000|100%| E|CS|TAMS 0x0000000710d00000, 0x0000000710d00000| Complete 
| 236|0x0000000710e00000, 0x0000000710f00000, 0x0000000710f00000|100%| E|CS|TAMS 0x0000000710e00000, 0x0000000710e00000| Complete 
| 237|0x0000000710f00000, 0x0000000711000000, 0x0000000711000000|100%| E|CS|TAMS 0x0000000710f00000, 0x0000000710f00000| Complete 
| 238|0x0000000711000000, 0x0000000711100000, 0x0000000711100000|100%| E|CS|TAMS 0x0000000711000000, 0x0000000711000000| Complete 
| 239|0x0000000711100000, 0x0000000711200000, 0x0000000711200000|100%| E|CS|TAMS 0x0000000711100000, 0x0000000711100000| Complete 
| 240|0x0000000711200000, 0x0000000711300000, 0x0000000711300000|100%| E|CS|TAMS 0x0000000711200000, 0x0000000711200000| Complete 
| 241|0x0000000711300000, 0x0000000711400000, 0x0000000711400000|100%| E|CS|TAMS 0x0000000711300000, 0x0000000711300000| Complete 
| 242|0x0000000711400000, 0x0000000711500000, 0x0000000711500000|100%| E|CS|TAMS 0x0000000711400000, 0x0000000711400000| Complete 
| 243|0x0000000711500000, 0x0000000711600000, 0x0000000711600000|100%| E|CS|TAMS 0x0000000711500000, 0x0000000711500000| Complete 
| 244|0x0000000711600000, 0x0000000711700000, 0x0000000711700000|100%| E|CS|TAMS 0x0000000711600000, 0x0000000711600000| Complete 
| 245|0x0000000711700000, 0x0000000711800000, 0x0000000711800000|100%| E|CS|TAMS 0x0000000711700000, 0x0000000711700000| Complete 
| 246|0x0000000711800000, 0x0000000711900000, 0x0000000711900000|100%| E|CS|TAMS 0x0000000711800000, 0x0000000711800000| Complete 
| 247|0x0000000711900000, 0x0000000711a00000, 0x0000000711a00000|100%| E|CS|TAMS 0x0000000711900000, 0x0000000711900000| Complete 
| 248|0x0000000711a00000, 0x0000000711b00000, 0x0000000711b00000|100%| E|CS|TAMS 0x0000000711a00000, 0x0000000711a00000| Complete 
| 249|0x0000000711b00000, 0x0000000711c00000, 0x0000000711c00000|100%| E|CS|TAMS 0x0000000711b00000, 0x0000000711b00000| Complete 
| 250|0x0000000711c00000, 0x0000000711d00000, 0x0000000711d00000|100%| E|CS|TAMS 0x0000000711c00000, 0x0000000711c00000| Complete 
| 251|0x0000000711d00000, 0x0000000711e00000, 0x0000000711e00000|100%| E|CS|TAMS 0x0000000711d00000, 0x0000000711d00000| Complete 
| 252|0x0000000711e00000, 0x0000000711f00000, 0x0000000711f00000|100%| E|CS|TAMS 0x0000000711e00000, 0x0000000711e00000| Complete 
| 253|0x0000000711f00000, 0x0000000712000000, 0x0000000712000000|100%| E|CS|TAMS 0x0000000711f00000, 0x0000000711f00000| Complete 

Card table byte_map: [0x000002262fab0000,0x00000226302a0000] _byte_map_base: 0x000002262c29f000

Marking Bits (Prev, Next): (CMBitMap*) 0x0000022617724798, (CMBitMap*) 0x00000226177247d8
 Prev Bits: [0x0000022630a90000, 0x0000022634a08000)
 Next Bits: [0x0000022634a10000, 0x0000022638988000)

Polling page: 0x0000022615510000

Metaspace:

Usage:
  Non-class:      9.68 MB capacity,     7.30 MB ( 75%) used,     2.37 MB ( 24%) free+waste,     9.81 KB ( <1%) overhead. 
      Class:    689.00 KB capacity,   376.88 KB ( 55%) used,   308.81 KB ( 45%) free+waste,     3.31 KB ( <1%) overhead. 
       Both:     10.35 MB capacity,     7.67 MB ( 74%) used,     2.67 MB ( 26%) free+waste,    13.13 KB ( <1%) overhead. 

Virtual space:
  Non-class space:       10.00 MB reserved,       9.75 MB ( 98%) committed 
      Class space:        1.00 GB reserved,     768.00 KB ( <1%) committed 
             Both:        1.01 GB reserved,      10.50 MB (  1%) committed 

Chunk freelists:
   Non-Class:  72.00 KB
       Class:  15.00 KB
        Both:  87.00 KB

MaxMetaspaceSize: 17179869184.00 GB
CompressedClassSpaceSize: 1.00 GB

CodeHeap 'non-profiled nmethods': size=120000Kb used=571Kb max_used=571Kb free=119428Kb
 bounds [0x0000022627950000, 0x0000022627bc0000, 0x000002262ee80000]
CodeHeap 'profiled nmethods': size=120000Kb used=2901Kb max_used=2901Kb free=117098Kb
 bounds [0x0000022620420000, 0x0000022620700000, 0x0000022627950000]
CodeHeap 'non-nmethods': size=5760Kb used=1626Kb max_used=1667Kb free=4133Kb
 bounds [0x000002261fe80000, 0x00000226200f0000, 0x0000022620420000]
 total_blobs=3179 nmethods=1433 adapters=931
 compilation: enabled
              stopped_count=0, restarted_count=0
 full_count=0

Compilation events (20 events):
Event: 15.817 Thread 0x000002263bdb7000 1426       3       gameEngine.Start::DebugPrint (14 bytes)
Event: 15.817 Thread 0x000002263bdb7000 nmethod 1426 0x00000226206ef190 code [0x00000226206ef340, 0x00000226206ef530]
Event: 16.133 Thread 0x000002263bdb7000 1427       3       guis.UIBox::hide (42 bytes)
Event: 16.134 Thread 0x000002263bdb7000 nmethod 1427 0x00000226206ef610 code [0x00000226206ef7e0, 0x00000226206efbe0]
Event: 16.134 Thread 0x000002263bdb7000 1428       1       battleClasses.TimedButton::isGoing (5 bytes)
Event: 16.134 Thread 0x000002263bdb7000 nmethod 1428 0x00000226279dc090 code [0x00000226279dc220, 0x00000226279dc358]
Event: 16.182 Thread 0x000002263bdb7000 1429       3       java.util.ArrayList::fastRemove (44 bytes)
Event: 16.183 Thread 0x000002263bdb7000 nmethod 1429 0x00000226206efd10 code [0x00000226206efee0, 0x00000226206f0370]
Event: 16.251 Thread 0x000002263bdb7000 1430       3       input.InputHandler::DisableAll (9 bytes)
Event: 16.251 Thread 0x000002263bdb7000 nmethod 1430 0x00000226206f0490 code [0x00000226206f0640, 0x00000226206f0870]
Event: 16.266 Thread 0x000002263bdae000 1431       4       gameEngine.Render::draw (103 bytes)
Event: 16.267 Thread 0x000002263bdb7000 1432       3       java.util.ArrayList::remove (76 bytes)
Event: 16.267 Thread 0x000002263bdb7000 nmethod 1432 0x00000226206f0910 code [0x00000226206f0b00, 0x00000226206f1060]
Event: 16.267 Thread 0x000002263bdb7000 1433       3       battleClasses.TimedButtonPress::update (288 bytes)
Event: 16.271 Thread 0x000002263bdb7000 nmethod 1433 0x00000226206f1290 code [0x00000226206f1840, 0x00000226206f4230]
Event: 16.271 Thread 0x000002263bdb7000 1434       3       java.lang.Math::max (45 bytes)
Event: 16.271 Thread 0x000002263bdb7000 nmethod 1434 0x00000226206f5110 code [0x00000226206f52c0, 0x00000226206f5618]
Event: 16.319 Thread 0x000002263bdae000 nmethod 1431 0x00000226279dc410 code [0x00000226279dc7c0, 0x00000226279dd7d8]
Event: 20.424 Thread 0x000002263bdae000 1435       4       gameEngine.BatchedModel::draw (64 bytes)
Event: 20.426 Thread 0x000002263bdae000 nmethod 1435 0x00000226279de890 code [0x00000226279dea60, 0x00000226279debd0]

GC Heap History (2 events):
Event: 2.740 GC heap before
{Heap before GC invocations=0 (full 0):
 garbage-first heap   total 260096K, used 23552K [0x0000000702200000, 0x0000000800000000)
  region size 1024K, 24 young (24576K), 0 survivors (0K)
 Metaspace       used 4110K, capacity 7400K, committed 7808K, reserved 1056768K
  class space    used 183K, capacity 517K, committed 640K, reserved 1048576K
}
Event: 2.744 GC heap after
{Heap after GC invocations=1 (full 0):
 garbage-first heap   total 260096K, used 2942K [0x0000000702200000, 0x0000000800000000)
  region size 1024K, 3 young (3072K), 3 survivors (3072K)
 Metaspace       used 4110K, capacity 7400K, committed 7808K, reserved 1056768K
  class space    used 183K, capacity 517K, committed 640K, reserved 1048576K
}

Deoptimization events (20 events):
Event: 6.483 Thread 0x00000226176b6000 Uncommon trap: trap_request=0xffffff66 fr.pc=0x00000226279cf688 relative=0x0000000000000168
Event: 6.483 Thread 0x00000226176b6000 Uncommon trap: reason=speculate_class_check action=maybe_recompile pc=0x00000226279cf688 method=org.lwjgl.system.MemoryAccess$MemoryAccessorUnsafe.setup(Ljava/lang/Class;JI)Ljava/nio/Buffer; @ 53 c2
Event: 6.483 Thread 0x00000226176b6000 DEOPT PACKING pc=0x00000226279cf688 sp=0x000000f57eafefc0
Event: 6.483 Thread 0x00000226176b6000 DEOPT UNPACKING pc=0x000002261fec912f sp=0x000000f57eafef30 mode 2
Event: 6.483 Thread 0x00000226176b6000 Uncommon trap: trap_request=0xffffff66 fr.pc=0x00000226279cf688 relative=0x0000000000000168
Event: 6.484 Thread 0x00000226176b6000 Uncommon trap: reason=speculate_class_check action=maybe_recompile pc=0x00000226279cf688 method=org.lwjgl.system.MemoryAccess$MemoryAccessorUnsafe.setup(Ljava/lang/Class;JI)Ljava/nio/Buffer; @ 53 c2
Event: 6.484 Thread 0x00000226176b6000 DEOPT PACKING pc=0x00000226279cf688 sp=0x000000f57eafefc0
Event: 6.484 Thread 0x00000226176b6000 DEOPT UNPACKING pc=0x000002261fec912f sp=0x000000f57eafef30 mode 2
Event: 6.484 Thread 0x00000226176b6000 Uncommon trap: trap_request=0xffffff54 fr.pc=0x000002262798ed90 relative=0x0000000000000070
Event: 6.484 Thread 0x00000226176b6000 Uncommon trap: reason=speculate_null_assert action=make_not_entrant pc=0x000002262798ed90 method=sun.misc.Unsafe.putLong(Ljava/lang/Object;JJ)V @ 7 c2
Event: 6.484 Thread 0x00000226176b6000 DEOPT PACKING pc=0x000002262798ed90 sp=0x000000f57eafeef0
Event: 6.484 Thread 0x00000226176b6000 DEOPT UNPACKING pc=0x000002261fec912f sp=0x000000f57eafee68 mode 2
Event: 13.331 Thread 0x00000226176b6000 Uncommon trap: trap_request=0xffffffc6 fr.pc=0x00000226279c44bc relative=0x000000000000027c
Event: 13.331 Thread 0x00000226176b6000 Uncommon trap: reason=bimorphic_or_optimized_type_check action=maybe_recompile pc=0x00000226279c44bc method=java.util.HashMap.getNode(ILjava/lang/Object;)Ljava/util/HashMap$Node; @ 126 c2
Event: 13.331 Thread 0x00000226176b6000 DEOPT PACKING pc=0x00000226279c44bc sp=0x000000f57eafee90
Event: 13.331 Thread 0x00000226176b6000 DEOPT UNPACKING pc=0x000002261fec912f sp=0x000000f57eafedf8 mode 2
Event: 13.331 Thread 0x00000226176b6000 Uncommon trap: trap_request=0xffffffc6 fr.pc=0x00000226279c4d28 relative=0x00000000000002e8
Event: 13.331 Thread 0x00000226176b6000 Uncommon trap: reason=bimorphic_or_optimized_type_check action=maybe_recompile pc=0x00000226279c4d28 method=java.util.HashMap.getNode(ILjava/lang/Object;)Ljava/util/HashMap$Node; @ 126 c2
Event: 13.331 Thread 0x00000226176b6000 DEOPT PACKING pc=0x00000226279c4d28 sp=0x000000f57eafeef0
Event: 13.331 Thread 0x00000226176b6000 DEOPT UNPACKING pc=0x000002261fec912f sp=0x000000f57eafedf8 mode 2

Classes unloaded (0 events):
No events

Classes redefined (0 events):
No events

Internal exceptions (4 events):
Event: 0.754 Thread 0x00000226176b6000 Exception <a 'java/lang/NoSuchMethodError'{0x00000007116a3398}: 'void java.lang.invoke.DelegatingMethodHandle$Holder.delegate(java.lang.Object, java.lang.Object, int, java.lang.Object)'> (0x00000007116a3398) 
thrown [c:/cygwin64/tmp/openjdk-jdk13u-windows-x64-hotspot/workspace/build/src/src/hotspot/share/interpreter/linkResolver.cpp, line 767]
Event: 0.756 Thread 0x00000226176b6000 Exception <a 'java/lang/NoSuchMethodError'{0x00000007116aa0f0}: 'java.lang.Object java.lang.invoke.DirectMethodHandle$Holder.invokeStaticInit(java.lang.Object, java.lang.Object, java.lang.Object)'> (0x00000007116aa0f0) 
thrown [c:/cygwin64/tmp/openjdk-jdk13u-windows-x64-hotspot/workspace/build/src/src/hotspot/share/interpreter/linkResolver.cpp, line 767]
Event: 2.529 Thread 0x00000226176b6000 Exception <a 'sun/nio/fs/WindowsException'{0x0000000710f63b68}> (0x0000000710f63b68) 
thrown [c:/cygwin64/tmp/openjdk-jdk13u-windows-x64-hotspot/workspace/build/src/src/hotspot/share/prims/jni.cpp, line 598]
Event: 2.529 Thread 0x00000226176b6000 Exception <a 'sun/nio/fs/WindowsException'{0x0000000710f64048}> (0x0000000710f64048) 
thrown [c:/cygwin64/tmp/openjdk-jdk13u-windows-x64-hotspot/workspace/build/src/src/hotspot/share/prims/jni.cpp, line 598]

Events (20 events):
Event: 8.943 Loaded shared library C:\Users\jtkom\AppData\Local\Temp\lwjgljtkom\3.2.1-build-3\lwjgl.dll
Event: 8.946 Loaded shared library C:\Users\jtkom\AppData\Local\Temp\lwjgljtkom\3.2.1-build-3\lwjgl.dll
Event: 8.952 Loaded shared library C:\Users\jtkom\AppData\Local\Temp\lwjgljtkom\3.2.1-build-3\lwjgl.dll
Event: 8.955 Loaded shared library C:\Users\jtkom\AppData\Local\Temp\lwjgljtkom\3.2.1-build-3\lwjgl.dll
Event: 8.959 Loaded shared library C:\Users\jtkom\AppData\Local\Temp\lwjgljtkom\3.2.1-build-3\lwjgl.dll
Event: 8.962 Loaded shared library C:\Users\jtkom\AppData\Local\Temp\lwjgljtkom\3.2.1-build-3\lwjgl.dll
Event: 11.468 Loaded shared library C:\Users\jtkom\AppData\Local\Temp\lwjgljtkom\3.2.1-build-3\lwjgl.dll
Event: 11.471 Loaded shared library C:\Users\jtkom\AppData\Local\Temp\lwjgljtkom\3.2.1-build-3\lwjgl.dll
Event: 11.474 Loaded shared library C:\Users\jtkom\AppData\Local\Temp\lwjgljtkom\3.2.1-build-3\lwjgl.dll
Event: 11.476 Loaded shared library C:\Users\jtkom\AppData\Local\Temp\lwjgljtkom\3.2.1-build-3\lwjgl.dll
Event: 11.491 Loaded shared library C:\Users\jtkom\AppData\Local\Temp\lwjgljtkom\3.2.1-build-3\lwjgl_opengl.dll
Event: 11.500 Loaded shared library C:\Users\jtkom\AppData\Local\Temp\lwjgljtkom\3.2.1-build-3\lwjgl_opengl.dll
Event: 11.509 Loaded shared library C:\Users\jtkom\AppData\Local\Temp\lwjgljtkom\3.2.1-build-3\lwjgl_opengl.dll
Event: 11.518 Loaded shared library C:\Users\jtkom\AppData\Local\Temp\lwjgljtkom\3.2.1-build-3\lwjgl_opengl.dll
Event: 13.867 Loaded shared library C:\Users\jtkom\AppData\Local\Temp\lwjgljtkom\3.2.1-build-3\lwjgl.dll
Event: 13.870 Loaded shared library C:\Users\jtkom\AppData\Local\Temp\lwjgljtkom\3.2.1-build-3\lwjgl.dll
Event: 13.874 Loaded shared library C:\Users\jtkom\AppData\Local\Temp\lwjgljtkom\3.2.1-build-3\lwjgl.dll
Event: 13.877 Loaded shared library C:\Users\jtkom\AppData\Local\Temp\lwjgljtkom\3.2.1-build-3\lwjgl.dll
Event: 13.880 Loaded shared library C:\Users\jtkom\AppData\Local\Temp\lwjgljtkom\3.2.1-build-3\lwjgl.dll
Event: 13.883 Loaded shared library C:\Users\jtkom\AppData\Local\Temp\lwjgljtkom\3.2.1-build-3\lwjgl.dll


Dynamic libraries:
0x00007ff7b71d0000 - 0x00007ff7b71dd000 	C:\Program Files\AdoptOpenJDK\jdk-13.0.1.9-hotspot\bin\javaw.exe
0x00007ffd7e4c0000 - 0x00007ffd7e6b0000 	C:\WINDOWS\SYSTEM32\ntdll.dll
0x00007ffd7d740000 - 0x00007ffd7d7f2000 	C:\WINDOWS\System32\KERNEL32.DLL
0x00007ffd7c2c0000 - 0x00007ffd7c563000 	C:\WINDOWS\System32\KERNELBASE.dll
0x00007ffd7b670000 - 0x00007ffd7b76a000 	C:\WINDOWS\System32\ucrtbase.dll
0x00007ffd48b20000 - 0x00007ffd48b38000 	C:\Program Files\AdoptOpenJDK\jdk-13.0.1.9-hotspot\bin\jli.dll
0x00007ffd54a30000 - 0x00007ffd54a46000 	C:\Program Files\AdoptOpenJDK\jdk-13.0.1.9-hotspot\bin\VCRUNTIME140.dll
0x00007ffd7d480000 - 0x00007ffd7d614000 	C:\WINDOWS\System32\USER32.dll
0x00007ffd7b640000 - 0x00007ffd7b661000 	C:\WINDOWS\System32\win32u.dll
0x00007ffd7d980000 - 0x00007ffd7d9a6000 	C:\WINDOWS\System32\GDI32.dll
0x00007ffd7b7f0000 - 0x00007ffd7b984000 	C:\WINDOWS\System32\gdi32full.dll
0x00007ffd6c8b0000 - 0x00007ffd6cb35000 	C:\WINDOWS\WinSxS\amd64_microsoft.windows.common-controls_6595b64144ccf1df_6.0.18362.535_none_e6c3b34713100821\COMCTL32.dll
0x00007ffd7b5a0000 - 0x00007ffd7b63e000 	C:\WINDOWS\System32\msvcp_win.dll
0x00007ffd7d6a0000 - 0x00007ffd7d73e000 	C:\WINDOWS\System32\msvcrt.dll
0x00007ffd7c730000 - 0x00007ffd7ca66000 	C:\WINDOWS\System32\combase.dll
0x00007ffd7cc60000 - 0x00007ffd7cd80000 	C:\WINDOWS\System32\RPCRT4.dll
0x00007ffd7b770000 - 0x00007ffd7b7f0000 	C:\WINDOWS\System32\bcryptPrimitives.dll
0x00007ffd7ca80000 - 0x00007ffd7caae000 	C:\WINDOWS\System32\IMM32.DLL
0x00007ffd2cc30000 - 0x00007ffd2cccb000 	C:\Program Files\AdoptOpenJDK\jdk-13.0.1.9-hotspot\bin\msvcp140.dll
0x00007ffce77a0000 - 0x00007ffce8394000 	C:\Program Files\AdoptOpenJDK\jdk-13.0.1.9-hotspot\bin\server\jvm.dll
0x00007ffd7cd80000 - 0x00007ffd7ce23000 	C:\WINDOWS\System32\ADVAPI32.dll
0x00007ffd7d300000 - 0x00007ffd7d397000 	C:\WINDOWS\System32\sechost.dll
0x00007ffd7dcc0000 - 0x00007ffd7dcc8000 	C:\WINDOWS\System32\PSAPI.DLL
0x00007ffd57d20000 - 0x00007ffd57d29000 	C:\WINDOWS\SYSTEM32\WSOCK32.dll
0x00007ffd79080000 - 0x00007ffd790a4000 	C:\WINDOWS\SYSTEM32\WINMM.dll
0x00007ffd75240000 - 0x00007ffd7524a000 	C:\WINDOWS\SYSTEM32\VERSION.dll
0x00007ffd7d3a0000 - 0x00007ffd7d40f000 	C:\WINDOWS\System32\WS2_32.dll
0x00007ffd78c00000 - 0x00007ffd78c2d000 	C:\WINDOWS\SYSTEM32\winmmbase.dll
0x00007ffd7c190000 - 0x00007ffd7c1da000 	C:\WINDOWS\System32\cfgmgr32.dll
0x00007ffd7b430000 - 0x00007ffd7b441000 	C:\WINDOWS\System32\kernel.appcore.dll
0x00007ffd6bb60000 - 0x00007ffd6bb70000 	C:\Program Files\AdoptOpenJDK\jdk-13.0.1.9-hotspot\bin\verify.dll
0x00007ffd79d70000 - 0x00007ffd79f64000 	C:\WINDOWS\SYSTEM32\DBGHELP.DLL
0x00007ffd639c0000 - 0x00007ffd639ea000 	C:\WINDOWS\SYSTEM32\dbgcore.DLL
0x00007ffd43b80000 - 0x00007ffd43ba6000 	C:\Program Files\AdoptOpenJDK\jdk-13.0.1.9-hotspot\bin\java.dll
0x00007ffd54b00000 - 0x00007ffd54b17000 	C:\Program Files\AdoptOpenJDK\jdk-13.0.1.9-hotspot\bin\zip.dll
0x00007ffd69dd0000 - 0x00007ffd69dda000 	C:\Program Files\AdoptOpenJDK\jdk-13.0.1.9-hotspot\bin\jimage.dll
0x00007ffd7dcd0000 - 0x00007ffd7e3b5000 	C:\WINDOWS\System32\SHELL32.dll
0x00007ffd7da80000 - 0x00007ffd7db29000 	C:\WINDOWS\System32\shcore.dll
0x00007ffd7b9f0000 - 0x00007ffd7c16f000 	C:\WINDOWS\System32\windows.storage.dll
0x00007ffd7b3c0000 - 0x00007ffd7b3df000 	C:\WINDOWS\System32\profapi.dll
0x00007ffd7b3e0000 - 0x00007ffd7b42a000 	C:\WINDOWS\System32\powrprof.dll
0x00007ffd7b390000 - 0x00007ffd7b3a0000 	C:\WINDOWS\System32\UMPDC.dll
0x00007ffd7e3c0000 - 0x00007ffd7e412000 	C:\WINDOWS\System32\shlwapi.dll
0x00007ffd7c170000 - 0x00007ffd7c187000 	C:\WINDOWS\System32\cryptsp.dll
0x00007ffd54970000 - 0x00007ffd54989000 	C:\Program Files\AdoptOpenJDK\jdk-13.0.1.9-hotspot\bin\net.dll
0x00007ffd6e9e0000 - 0x00007ffd6ead0000 	C:\WINDOWS\SYSTEM32\WINHTTP.dll
0x00007ffd7ac00000 - 0x00007ffd7ac67000 	C:\WINDOWS\system32\mswsock.dll
0x00007ffd48ed0000 - 0x00007ffd48ee3000 	C:\Program Files\AdoptOpenJDK\jdk-13.0.1.9-hotspot\bin\nio.dll
0x00007ffd42880000 - 0x00007ffd428e0000 	C:\Users\jtkom\AppData\Local\Temp\lwjgljtkom\3.2.1-build-3\lwjgl.dll
0x00007ffd2ef90000 - 0x00007ffd2efee000 	C:\Users\jtkom\AppData\Local\Temp\lwjgljtkom\3.2.1-build-3\glfw.dll
0x00007ffd793b0000 - 0x00007ffd79449000 	C:\WINDOWS\system32\uxtheme.dll
0x00007ffd405d0000 - 0x00007ffd40613000 	C:\WINDOWS\SYSTEM32\dinput8.dll
0x00007ffd2e820000 - 0x00007ffd2e831000 	C:\WINDOWS\SYSTEM32\xinput1_4.dll
0x00007ffd7b190000 - 0x00007ffd7b1ba000 	C:\WINDOWS\SYSTEM32\DEVOBJ.dll
0x00007ffd797d0000 - 0x00007ffd797fd000 	C:\WINDOWS\SYSTEM32\dwmapi.dll
0x00007ffd5a480000 - 0x00007ffd5a59a000 	C:\WINDOWS\SYSTEM32\inputhost.dll
0x00007ffd77030000 - 0x00007ffd77183000 	C:\WINDOWS\SYSTEM32\wintypes.dll
0x00007ffd78fa0000 - 0x00007ffd79074000 	C:\WINDOWS\SYSTEM32\CoreMessaging.dll
0x00007ffd779f0000 - 0x00007ffd77adf000 	C:\WINDOWS\SYSTEM32\PROPSYS.dll
0x00007ffd77190000 - 0x00007ffd774ba000 	C:\WINDOWS\SYSTEM32\CoreUIComponents.dll
0x00007ffd7d800000 - 0x00007ffd7d8c4000 	C:\WINDOWS\System32\OLEAUT32.dll
0x00007ffd7a3d0000 - 0x00007ffd7a401000 	C:\WINDOWS\SYSTEM32\ntmarta.dll
0x00007ffd7c5f0000 - 0x00007ffd7c725000 	C:\WINDOWS\System32\MSCTF.dll
0x00007ffd56400000 - 0x00007ffd5650d000 	C:\Program Files (x86)\Razer\Razer Cortex\x64\k_fps64.dll
0x00007ffd145e0000 - 0x00007ffd1484f000 	C:\Program Files (x86)\Razer\Razer Cortex\x64\D3DCOMPILER_43.dll
0x00007ffd4f6b0000 - 0x00007ffd4f707000 	C:\Program Files (x86)\Razer\Razer Cortex\x64\EasyHook64.dll
0x00007ffd56380000 - 0x00007ffd563ff000 	C:\Program Files (x86)\Razer\Razer Cortex\x64\d3dx10_43.dll
0x00007ffd7db40000 - 0x00007ffd7dc96000 	C:\WINDOWS\System32\ole32.dll
0x00007ffd51190000 - 0x00007ffd512e6000 	C:\WINDOWS\SYSTEM32\OPENGL32.dll
0x00007ffd14370000 - 0x00007ffd145d3000 	C:\Program Files (x86)\Razer\Razer Cortex\x64\d3dx9_43.dll
0x00007ffd5c060000 - 0x00007ffd5c08c000 	C:\WINDOWS\SYSTEM32\GLU32.dll
0x00007ffd79fe0000 - 0x00007ffd7a000000 	C:\WINDOWS\SYSTEM32\dxcore.dll
0x00007ffd79cb0000 - 0x00007ffd79cbe000 	C:\WINDOWS\SYSTEM32\HID.DLL
0x00007ffd7ce90000 - 0x00007ffd7d300000 	C:\WINDOWS\System32\SETUPAPI.DLL
0x00007ffd7c1e0000 - 0x00007ffd7c206000 	C:\WINDOWS\System32\bcrypt.dll
0x00007ffd7b990000 - 0x00007ffd7b9ec000 	C:\WINDOWS\System32\WINTRUST.dll
0x00007ffd7b3a0000 - 0x00007ffd7b3b2000 	C:\WINDOWS\System32\MSASN1.dll
0x00007ffd7b450000 - 0x00007ffd7b599000 	C:\WINDOWS\System32\CRYPT32.dll
0x0000000059b90000 - 0x000000005c1c9000 	C:\WINDOWS\System32\DriverStore\FileRepository\nvlti.inf_amd64_c0cfdefe088aa746\nvoglv64.dll
0x00007ffd77b10000 - 0x00007ffd77b23000 	C:\WINDOWS\SYSTEM32\WTSAPI32.dll
0x00007ffd30a90000 - 0x00007ffd30d52000 	C:\WINDOWS\system32\nvspcap64.dll
0x00007ffd7a440000 - 0x00007ffd7a49c000 	C:\WINDOWS\SYSTEM32\WINSTA.dll
0x00007ffd7a070000 - 0x00007ffd7a15b000 	C:\WINDOWS\SYSTEM32\dxgi.dll
0x00007ffd787c0000 - 0x00007ffd78a1b000 	C:\WINDOWS\SYSTEM32\d3d11.dll
0x00007ffd4c940000 - 0x00007ffd4ca2e000 	C:\WINDOWS\System32\DriverStore\FileRepository\nvlti.inf_amd64_c0cfdefe088aa746\nvldumdx.dll
0x00007ffd7dca0000 - 0x00007ffd7dcbd000 	C:\WINDOWS\System32\imagehlp.dll
0x00007ffd7a770000 - 0x00007ffd7a7a3000 	C:\WINDOWS\system32\rsaenh.dll
0x00007ffd7add0000 - 0x00007ffd7addc000 	C:\WINDOWS\SYSTEM32\CRYPTBASE.dll
0x00007ffd17a40000 - 0x00007ffd1a09b000 	C:\WINDOWS\System32\DriverStore\FileRepository\nvlti.inf_amd64_c0cfdefe088aa746\nvwgf2umx.dll
0x00007ffd6dd00000 - 0x00007ffd6e1f7000 	C:\WINDOWS\SYSTEM32\nvapi64.dll
0x00007ffd5a3e0000 - 0x00007ffd5a47e000 	C:\WINDOWS\System32\TextInputFramework.dll
0x00007ffd6cf40000 - 0x00007ffd6d1e6000 	C:\WINDOWS\System32\iertutil.dll
0x00007ffd2ece0000 - 0x00007ffd2ed3a000 	C:\Users\jtkom\AppData\Local\Temp\lwjgljtkom\3.2.1-build-3\lwjgl_opengl.dll
0x00007ffd6bde0000 - 0x00007ffd6bde3000 	C:\Users\jtkom\AppData\Local\Temp\jomljtkom\a2476102\joml.dll
0x00007ffd71cf0000 - 0x00007ffd72b40000 	C:\WINDOWS\System32\DriverStore\FileRepository\igdlh64.inf_amd64_ba34b5e302b5992f\igd10iumd64.dll
0x00007ffd7aed0000 - 0x00007ffd7aef6000 	C:\WINDOWS\SYSTEM32\ncrypt.dll
0x00007ffd7ae90000 - 0x00007ffd7aecb000 	C:\WINDOWS\SYSTEM32\NTASN1.dll
0x00007ffd71b80000 - 0x00007ffd71c9d000 	C:\WINDOWS\System32\DriverStore\FileRepository\igdlh64.inf_amd64_ba34b5e302b5992f\igdgmm64.dll
0x00007ffd6f050000 - 0x00007ffd712f5000 	C:\WINDOWS\System32\DriverStore\FileRepository\igdlh64.inf_amd64_ba34b5e302b5992f\igc64.dll

dbghelp: loaded successfully - version: 4.0.5 - missing functions: none
symbol engine: initialized successfully - sym options: 0x614 - pdb path: .;C:\Program Files\AdoptOpenJDK\jdk-13.0.1.9-hotspot\bin;C:\WINDOWS\SYSTEM32;C:\WINDOWS\WinSxS\amd64_microsoft.windows.common-controls_6595b64144ccf1df_6.0.18362.535_none_e6c3b34713100821;C:\Program Files\AdoptOpenJDK\jdk-13.0.1.9-hotspot\bin\server;C:\Users\jtkom\AppData\Local\Temp\lwjgljtkom\3.2.1-build-3;C:\Program Files (x86)\Razer\Razer Cortex\x64;C:\WINDOWS\System32\DriverStore\FileRepository\nvlti.inf_amd64_c0cfdefe088aa746;C:\Users\jtkom\AppData\Local\Temp\jomljtkom\a2476102;C:\WINDOWS\System32\DriverStore\FileRepository\igdlh64.inf_amd64_ba34b5e302b5992f

VM Arguments:
jvm_args: -Dfile.encoding=Cp1252 
java_command: gameEngine.Start
java_class_path (initial): D:\game3\Game\src;D:\game3\Game\libwin\joml-1.9.9-sources.jar;D:\game3\Game\libwin\joml-1.9.9.jar;D:\game3\Game\libwin\lwjgl-assimp-javadoc.jar;D:\game3\Game\libwin\lwjgl-assimp-natives-windows.jar;D:\game3\Game\libwin\lwjgl-assimp-sources.jar;D:\game3\Game\libwin\lwjgl-assimp.jar;D:\game3\Game\libwin\lwjgl-bgfx-javadoc.jar;D:\game3\Game\libwin\lwjgl-bgfx-natives-windows.jar;D:\game3\Game\libwin\lwjgl-bgfx-sources.jar;D:\game3\Game\libwin\lwjgl-bgfx.jar;D:\game3\Game\libwin\lwjgl-egl-javadoc.jar;D:\game3\Game\libwin\lwjgl-egl-sources.jar;D:\game3\Game\libwin\lwjgl-egl.jar;D:\game3\Game\libwin\lwjgl-glfw-javadoc.jar;D:\game3\Game\libwin\lwjgl-glfw-natives-windows.jar;D:\game3\Game\libwin\lwjgl-glfw-sources.jar;D:\game3\Game\libwin\lwjgl-glfw.jar;D:\game3\Game\libwin\lwjgl-javadoc.jar;D:\game3\Game\libwin\lwjgl-jawt-javadoc.jar;D:\game3\Game\libwin\lwjgl-jawt-sources.jar;D:\game3\Game\libwin\lwjgl-jawt.jar;D:\game3\Game\libwin\lwjgl-jemalloc-javadoc.jar;D:\game3\Game\libwin\lwjgl-jemalloc-natives-windows.jar;D:\game3\Game\libwin\lwjgl-jemalloc-sources.jar;D:\game3\Game\libwin\lwjgl-jemalloc.jar;D:\game3\Game\libwin\lwjgl-lmdb-javadoc.jar;D:\game3\Game\libwin\lwjgl-lmdb-natives-windows.jar;D:\game3\Game\libwin\lwjgl-lmdb-sources.jar;D:\game3\Game\libwin\lwjgl-lmdb.jar;D:\game3\Game\libwin\lwjgl-lz4-javadoc.jar;D:\game3\Game\libwin\lwjgl-lz4-natives-windows.jar;D:\game3\Game\libwin\lwjgl-lz4-sources.jar;D:\game3\Game\libwin\lwjgl-lz4.jar;D:\game3\Game\libwin\lwjgl-nanovg-javadoc.jar;D:\game3\Game\libwin\lwjgl-nanovg-natives-windows.jar;D:\game3\Game\libwin\lwjgl-nanovg-sources.jar;D:\game3\Game\libwin\lwjgl-nanovg.jar;D:\game3\Game\libwin\lwjgl-natives-windows.jar;D:\game3\Game\libwin\lwjgl-nfd-javadoc.jar;D:\game3\Game\libwin\lwjgl-nfd-natives-windows.jar;D:\game3\Game\libwin\lwjgl-nfd-sources.jar;D:\game3\Game\libwin\lwjgl-nfd.jar;D:\game3\Game\libwin\lwjgl-nuklear-javadoc.jar;D:\game3\Game\libwin\lwjgl-nuklear-natives-windows.jar;D:\game3
Launcher Type: SUN_STANDARD

[Global flags]
     intx CICompilerCount                          = 4                                         {product} {ergonomic}
     uint ConcGCThreads                            = 2                                         {product} {ergonomic}
     uint G1ConcRefinementThreads                  = 8                                         {product} {ergonomic}
   size_t G1HeapRegionSize                         = 1048576                                   {product} {ergonomic}
    uintx GCDrainStackTargetSize                   = 64                                        {product} {ergonomic}
   size_t InitialHeapSize                          = 266338304                                 {product} {ergonomic}
   size_t MarkStackSize                            = 4194304                                   {product} {ergonomic}
   size_t MaxHeapSize                              = 4259315712                                {product} {ergonomic}
   size_t MaxNewSize                               = 2555379712                                {product} {ergonomic}
   size_t MinHeapDeltaBytes                        = 1048576                                   {product} {ergonomic}
   size_t MinHeapSize                              = 8388608                                   {product} {ergonomic}
    uintx NonNMethodCodeHeapSize                   = 5836300                                {pd product} {ergonomic}
    uintx NonProfiledCodeHeapSize                  = 122910970                              {pd product} {ergonomic}
    uintx ProfiledCodeHeapSize                     = 122910970                              {pd product} {ergonomic}
    uintx ReservedCodeCacheSize                    = 251658240                              {pd product} {ergonomic}
     bool SegmentedCodeCache                       = true                                      {product} {ergonomic}
   size_t SoftMaxHeapSize                          = 4259315712                             {manageable} {ergonomic}
     bool UseCompressedClassPointers               = true                                 {lp64_product} {ergonomic}
     bool UseCompressedOops                        = true                                 {lp64_product} {ergonomic}
     bool UseG1GC                                  = true                                      {product} {ergonomic}
     bool UseLargePagesIndividualAllocation        = false                                  {pd product} {ergonomic}

Logging:
Log output configuration:
 #0: stdout all=warning uptime,level,tags
 #1: stderr all=off uptime,level,tags

Environment Variables:
JAVA_HOME=C:\Program Files\Java\jdk-10.0.2
PATH=C:/Program Files/AdoptOpenJDK/jdk-13.0.1.9-hotspot/bin/client;C:/Program Files/AdoptOpenJDK/jdk-13.0.1.9-hotspot/bin;C:\Program Files\AdoptOpenJDK\jdk-13.0.1.9-hotspot\bin;C:\Program Files\Python37\Scripts\;C:\Program Files\Python37\;C:\Program Files (x86)\Common Files\Oracle\Java\javapath;C:\Program Files\Intel\Intel(R) Management Engine Components\iCLS\;C:\Windows\system32;C:\Windows;C:\Windows\System32\Wbem;C:\Windows\System32\WindowsPowerShell\v1.0\;C:\Windows\System32\OpenSSH\;C:\Program Files (x86)\Intel\Intel(R) Management Engine Components\DAL;C:\Program Files\Intel\Intel(R) Management Engine Components\DAL;C:\Program Files (x86)\Intel\Intel(R) Management Engine Components\IPT;C:\Program Files\Intel\Intel(R) Management Engine Components\IPT;C:\android-sdk\tools;C:\android-sdk\platform-tools;C:\Users\jtkom\AppData\Local\Microsoft\WindowsApps;C:\adb;C:\Program Files\Microsoft VS Code\bin;C:\Program Files\Git\cmd;C:\Users\jtkom\eclipse\java-photon\eclipse.exe;C:\Program Files\NASM;C:\Program Files\Python37\Scripts;C:\Program Files (x86)\NVIDIA Corporation\PhysX\Common;C:\apache-maven-3.6.0\bin;C:\Program Files\dotnet\;C:\Program Files\Java\jdk-10.0.2;C:\eda\ghdl\GHDL\20181129-mingw32-mcode\bin;C:\eda\gtkwave\gtkwave\bin;C:\eda;C:\WINDOWS\system32;C:\WINDOWS;C:\WINDOWS\System32\Wbem;C:\WINDOWS\System32\WindowsPowerShell\v1.0\;C:\WINDOWS\System32\OpenSSH\;C:\Program Files\NVIDIA Corporation\NVIDIA NvDLISR;C:\Gradle\gradle-5.6.3-all;C:\Gradle\gradle-5.6.3-all\gradle-5.6.3\bin;C:\Users\jtkom\AppData\Local\Microsoft\WindowsApps;C:\Users\jtkom\AppData\Local\GitHubDesktop\bin;C:\Users\jtkom\AppData\Local\Programs\Microsoft VS Code\bin;C:\Users\jtkom\AppData\Local\Microsoft\WindowsApps;;C:\Program Files\JetBrains\IntelliJ IDEA Community Edition 2019.2.3\bin;;C:\CodeRepository\eclipse;
USERNAME=jtkom
OS=Windows_NT
PROCESSOR_IDENTIFIER=Intel64 Family 6 Model 158 Stepping 9, GenuineIntel



---------------  S Y S T E M  ---------------

OS: Windows 10 , 64 bit Build 18362 (10.0.18362.329)

CPU:total 8 (initial active 8) (4 cores per cpu, 2 threads per core) family 6 model 158 stepping 9, cmov, cx8, fxsr, mmx, sse, sse2, sse3, ssse3, sse4.1, sse4.2, popcnt, avx, avx2, aes, clmul, erms, 3dnowpref, lzcnt, ht, tsc, tscinvbit, bmi1, bmi2, adx, fma

Memory: 4k page, system-wide physical 16244M (1952M free)
TotalPageFile size 65396M (AvailPageFile size 7M)
current process WorkingSet (physical memory assigned to process): 300M, peak: 302M
current process commit charge ("private bytes"): 1692M, peak: 1694M

vm_info: OpenJDK 64-Bit Server VM (13.0.1+9) for windows-amd64 JRE (13.0.1+9), built on Oct 26 2019 10:16:33 by "" with MS VC++ 15.8 (VS2017)

END.
