#
# A fatal error has been detected by the Java Runtime Environment:
#
#  EXCEPTION_ACCESS_VIOLATION (0xc0000005) at pc=0x00007ffe3e307d33, pid=20568, tid=21180
#
# JRE version: Java(TM) SE Runtime Environment (13.0.2+8) (build 13.0.2+8)
# Java VM: Java HotSpot(TM) 64-Bit Server VM (13.0.2+8, mixed mode, sharing, tiered, compressed oops, g1 gc, windows-amd64)
# Problematic frame:
# C  [nvoglv64.dll+0xc67d33]
#
# No core dump will be written. Minidumps are not enabled by default on client versions of Windows
#
# If you would like to submit a bug report, please visit:
#   http://bugreport.java.com/bugreport/crash.jsp
# The crash happened outside the Java Virtual Machine in native code.
# See problematic frame for where to report the bug.
#

---------------  S U M M A R Y ------------

Command Line: -Dfile.encoding=Cp1252 gameEngine.Start

Host: Intel(R) Core(TM) i7-7700HQ CPU @ 2.80GHz, 8 cores, 15G,  Windows 10 , 64 bit Build 18362 (10.0.18362.329)
Time: Sat Feb  8 13:33:52 2020 Pacific Standard Time elapsed time: 412 seconds (0d 0h 6m 52s)

---------------  T H R E A D  ---------------

Current thread (0x00000212bab6e000):  JavaThread "main" [_thread_in_native, id=21180, stack(0x0000003941500000,0x0000003941600000)]

Stack: [0x0000003941500000,0x0000003941600000],  sp=0x00000039415fe928,  free space=1018k
Native frames: (J=compiled Java code, j=interpreted, Vv=VM code, C=native code)
C  [nvoglv64.dll+0xc67d33]

Java frames: (J=compiled Java code, j=interpreted, Vv=VM code)
J 1210  org.lwjgl.opengl.GL11C.nglDrawElements(IIIJ)V (0 bytes) @ 0x00000212ccd85e1e [0x00000212ccd85dc0+0x000000000000005e]
J 1468 c2 gameEngine.Render.draw(LgameEngine/ModelFramwork;Lorg/joml/Vector2f;FFLgameEngine/Texture;)V (103 bytes) @ 0x00000212ccdc9600 [0x00000212ccdc8f80+0x0000000000000680]
J 1483 c2 battleClasses.Bars.draw(Lorg/joml/Vector2f;LgameEngine/Texture;Ltextrendering/TextBuilder;)V (224 bytes) @ 0x00000212ccdd13e0 [0x00000212ccdd04a0+0x0000000000000f40]
J 1511 c2 gameEngine.Start.battleupdate()V (1113 bytes) @ 0x00000212ccdec744 [0x00000212ccdec3e0+0x0000000000000364]
J 1371% c1 gameEngine.Start.main([Ljava/lang/String;)V (3994 bytes) @ 0x00000212ccdaa70c [0x00000212ccd9f780+0x000000000000af8c]
v  ~StubRoutines::call_stub

siginfo: EXCEPTION_ACCESS_VIOLATION (0xc0000005), reading address 0x0000000000000000


Register to memory mapping:

RIP=0x00007ffe3e307d33 nvoglv64.dll
RAX=0x0 is NULL
RBX=0x0000000018967dc0 is an unknown value
RCX=0x00000212f0e17bc0 points into unknown readable memory: 00 00 00 00 00 00 00 00
RDX=0x0 is NULL
RSP=0x00000039415fe928 is pointing into the stack for thread: 0x00000212bab6e000
RBP=0x0000000000000001 is an unknown value
RSI=0x0 is NULL
RDI=0x00000212e814be30 points into unknown readable memory: 00 00 00 00 00 00 00 00
R8 =0x0000000000000008 is an unknown value
R9 =0x0000000000000020 is an unknown value
R10=0x0000000000000008 is an unknown value
R11=0x0 is NULL
R12=0x00000212f0e17bc0 points into unknown readable memory: 00 00 00 00 00 00 00 00
R13=0x00000212e814bb30 points into unknown readable memory: 00 00 00 00 00 00 00 00
R14=0x00000212f1f357a4 points into unknown readable memory: 78 04 04 20
R15=0x00007ffe3e307d30 nvoglv64.dll


Registers:
RAX=0x0000000000000000, RBX=0x0000000018967dc0, RCX=0x00000212f0e17bc0, RDX=0x0000000000000000
RSP=0x00000039415fe928, RBP=0x0000000000000001, RSI=0x0000000000000000, RDI=0x00000212e814be30
R8 =0x0000000000000008, R9 =0x0000000000000020, R10=0x0000000000000008, R11=0x0000000000000000
R12=0x00000212f0e17bc0, R13=0x00000212e814bb30, R14=0x00000212f1f357a4, R15=0x00007ffe3e307d30
RIP=0x00007ffe3e307d33, EFLAGS=0x0000000000010246

Top of Stack: (sp=0x00000039415fe928)
0x00000039415fe928:   00007ffe3e3ce3e3 0000000000000000
0x00000039415fe938:   0000000000000030 00000212e80f0000
0x00000039415fe948:   0000000000000200 0000000000000000
0x00000039415fe958:   00007ffe3dc73fd2 0000021200000000
0x00000039415fe968:   0000000000000000 0000000000000003
0x00000039415fe978:   0000000300000001 00000212f0e17bc0
0x00000039415fe988:   00007ffe3e23edf0 0000000018967dc0
0x00000039415fe998:   10c0000000000000 00000212e241db60
0x00000039415fe9a8:   00007ffe3e23f3e2 0000000100000000
0x00000039415fe9b8:   00000212e241db60 0000000000000000
0x00000039415fe9c8:   0000000000000000 0000000000000004
0x00000039415fe9d8:   00000212e80f0000 0000000000000020
0x00000039415fe9e8:   0000000000001405 0000000000000030
0x00000039415fe9f8:   00007ffe3e3bf6c7 00000212e80f0000
0x00000039415fea08:   0000000000000000 0000000000000020
0x00000039415fea18:   0000021200000000 0000021200001400 

Instructions: (pc=0x00007ffe3e307d33)
0x00007ffe3e307c33:   5c 24 60 0f 85 a1 00 00 00 8b 44 24 68 89 87 6c
0x00007ffe3e307c43:   22 00 00 e9 97 00 00 00 83 f8 0f 0f 85 8e 00 00
0x00007ffe3e307c53:   00 8b 81 d4 03 00 00 83 e8 18 83 f8 02 77 7b ba
0x00007ffe3e307c63:   0f 00 00 00 e8 34 f8 01 00 8b 87 d4 03 00 00 4c
0x00007ffe3e307c73:   8d 4c 24 68 44 8b 87 94 22 00 00 48 8d 54 24 40
0x00007ffe3e307c83:   83 e8 18 41 c1 e0 10 89 44 24 48 41 81 f0 d0 85
0x00007ffe3e307c93:   ef be 44 03 c0 89 5c 24 60 48 8d 05 ad eb 17 01
0x00007ffe3e307ca3:   48 c7 44 24 40 0c 00 00 00 48 89 44 24 30 48 8b
0x00007ffe3e307cb3:   cf 48 8d 44 24 60 c7 44 24 28 09 00 00 00 48 89
0x00007ffe3e307cc3:   44 24 20 e8 f5 5c ff ff 39 5c 24 60 75 0c 8b 44
0x00007ffe3e307cd3:   24 68 89 87 70 22 00 00 eb 05 bb ff ff ff ff 8b
0x00007ffe3e307ce3:   d6 48 8b cf e8 b4 f7 01 00 48 8b 74 24 78 8b c3
0x00007ffe3e307cf3:   48 8b 5c 24 70 48 83 c4 50 5f c3 cc cc 4d 63 d0
0x00007ffe3e307d03:   0f 1f 40 00 66 0f 1f 84 00 00 00 00 00 8b 02 49
0x00007ffe3e307d13:   03 d2 89 01 48 83 c1 04 41 83 e9 01 75 ef 48 8b
0x00007ffe3e307d23:   c1 c3 cc cc cc cc cc cc cc cc cc cc cc 4d 63 d0
0x00007ffe3e307d33:   8b 02 89 01 8b 42 04 49 03 d2 89 41 04 48 83 c1
0x00007ffe3e307d43:   08 41 83 e9 01 75 e9 48 8b c1 c3 cc cc 4d 63 d0
0x00007ffe3e307d53:   48 83 c2 08 66 0f 1f 84 00 00 00 00 00 8b 42 f8
0x00007ffe3e307d63:   89 01 8b 42 fc 89 41 04 8b 02 49 03 d2 89 41 08
0x00007ffe3e307d73:   48 83 c1 0c 41 83 e9 01 75 e3 48 8b c1 c3 cc cc
0x00007ffe3e307d83:   cc cc cc cc cc cc cc cc cc cc cc cc cc 4d 63 d0
0x00007ffe3e307d93:   48 83 c2 08 66 0f 1f 84 00 00 00 00 00 8b 42 f8
0x00007ffe3e307da3:   89 01 8b 42 fc 89 41 04 8b 02 89 41 08 8b 42 04
0x00007ffe3e307db3:   49 03 d2 89 41 0c 48 83 c1 10 41 83 e9 01 75 dd
0x00007ffe3e307dc3:   48 8b c1 c3 cc cc cc cc cc cc cc cc cc 49 63 c0
0x00007ffe3e307dd3:   0f 1f 40 00 66 0f 1f 84 00 00 00 00 00 f2 0f 10
0x00007ffe3e307de3:   02 48 03 d0 66 0f 5a c0 f3 0f 11 01 48 83 c1 04
0x00007ffe3e307df3:   41 83 e9 01 75 e7 48 8b c1 c3 cc cc cc 49 63 c0
0x00007ffe3e307e03:   f2 0f 10 02 66 0f 5a c0 f3 0f 11 01 f2 0f 10 4a
0x00007ffe3e307e13:   08 48 03 d0 66 0f 5a c9 f3 0f 11 49 04 48 83 c1
0x00007ffe3e307e23:   08 41 83 e9 01 75 d9 48 8b c1 c3 cc cc 49 63 c0 


Stack slot to memory mapping:
stack at sp + 0 slots: 0x00007ffe3e3ce3e3 nvoglv64.dll
stack at sp + 1 slots: 0x0 is NULL
stack at sp + 2 slots: 0x0000000000000030 is an unknown value
stack at sp + 3 slots: 0x00000212e80f0000 points into unknown readable memory: c0 f7 21 e2 12 02 00 00
stack at sp + 4 slots: 0x0000000000000200 is an unknown value
stack at sp + 5 slots: 0x0 is NULL
stack at sp + 6 slots: 0x00007ffe3dc73fd2 nvoglv64.dll
stack at sp + 7 slots: 0x0000021200000000 is an unknown value


---------------  P R O C E S S  ---------------

Threads class SMR info:
_java_thread_list=0x00000212f066ee60, length=10, elements={
0x00000212bab6e000, 0x00000212e08dd800, 0x00000212e08e0800, 0x00000212e117f000,
0x00000212e1182000, 0x00000212e1183000, 0x00000212e1188800, 0x00000212e11bc800,
0x00000212e12e8800, 0x00000212e12f1800
}

Java Threads: ( => current thread )
=>0x00000212bab6e000 JavaThread "main" [_thread_in_native, id=21180, stack(0x0000003941500000,0x0000003941600000)]
  0x00000212e08dd800 JavaThread "Reference Handler" daemon [_thread_blocked, id=8552, stack(0x0000003941c00000,0x0000003941d00000)]
  0x00000212e08e0800 JavaThread "Finalizer" daemon [_thread_blocked, id=19492, stack(0x0000003941d00000,0x0000003941e00000)]
  0x00000212e117f000 JavaThread "Signal Dispatcher" daemon [_thread_blocked, id=15000, stack(0x0000003941e00000,0x0000003941f00000)]
  0x00000212e1182000 JavaThread "Attach Listener" daemon [_thread_blocked, id=31316, stack(0x0000003941f00000,0x0000003942000000)]
  0x00000212e1183000 JavaThread "C2 CompilerThread0" daemon [_thread_blocked, id=476, stack(0x0000003942000000,0x0000003942100000)]
  0x00000212e1188800 JavaThread "C1 CompilerThread0" daemon [_thread_blocked, id=3240, stack(0x0000003942100000,0x0000003942200000)]
  0x00000212e11bc800 JavaThread "Sweeper thread" daemon [_thread_blocked, id=2768, stack(0x0000003942200000,0x0000003942300000)]
  0x00000212e12e8800 JavaThread "Service Thread" daemon [_thread_blocked, id=28524, stack(0x0000003942300000,0x0000003942400000)]
  0x00000212e12f1800 JavaThread "Common-Cleaner" daemon [_thread_blocked, id=28356, stack(0x0000003942500000,0x0000003942600000)]

Other Threads:
  0x00000212e08dc000 VMThread "VM Thread" [stack: 0x0000003941b00000,0x0000003941c00000] [id=19732]
  0x00000212e12e9800 WatcherThread [stack: 0x0000003942400000,0x0000003942500000] [id=28344]
  0x00000212bcdb0800 GCTaskThread "GC Thread#0" [stack: 0x0000003941600000,0x0000003941700000] [id=8832]
  0x00000212e2b89000 GCTaskThread "GC Thread#1" [stack: 0x0000003942f10000,0x0000003943010000] [id=20312]
  0x00000212e2ce2800 GCTaskThread "GC Thread#2" [stack: 0x0000003943010000,0x0000003943110000] [id=9100]
  0x00000212e2b60000 GCTaskThread "GC Thread#3" [stack: 0x0000003943110000,0x0000003943210000] [id=25384]
  0x00000212e2b60800 GCTaskThread "GC Thread#4" [stack: 0x0000003943210000,0x0000003943310000] [id=24360]
  0x00000212e2b5d800 GCTaskThread "GC Thread#5" [stack: 0x0000003943310000,0x0000003943410000] [id=20772]
  0x00000212ee97b800 GCTaskThread "GC Thread#6" [stack: 0x0000003942e10000,0x0000003942f10000] [id=7900]
  0x00000212ee7f1800 GCTaskThread "GC Thread#7" [stack: 0x0000003943410000,0x0000003943510000] [id=26992]
  0x00000212bcdd3000 ConcurrentGCThread "G1 Main Marker" [stack: 0x0000003941700000,0x0000003941800000] [id=23760]
  0x00000212bcdd4800 ConcurrentGCThread "G1 Conc#0" [stack: 0x0000003941800000,0x0000003941900000] [id=30828]
  0x00000212e07cc800 ConcurrentGCThread "G1 Refine#0" [stack: 0x0000003941900000,0x0000003941a00000] [id=29504]
  0x00000212e07ce800 ConcurrentGCThread "G1 Young RemSet Sampling" [stack: 0x0000003941a00000,0x0000003941b00000] [id=19340]

Threads with active compile tasks:

VM state:not at safepoint (normal execution)

VM Mutex/Monitor currently owned by a thread: None

Heap address: 0x0000000702200000, size: 4062 MB, Compressed Oops mode: Zero based, Oop shift amount: 3
Narrow klass base: 0x0000000800000000, Narrow klass shift: 3
Compressed class space size: 1073741824 Address: 0x0000000800b40000

Heap:
 garbage-first heap   total 374784K, used 103318K [0x0000000702200000, 0x0000000800000000)
  region size 1024K, 79 young (80896K), 6 survivors (6144K)
 Metaspace       used 7904K, capacity 10665K, committed 11008K, reserved 1058816K
  class space    used 379K, capacity 689K, committed 768K, reserved 1048576K
Heap Regions: E=young(eden), S=young(survivor), O=old, HS=humongous(starts), HC=humongous(continues), CS=collection set, F=free, A=archive, TAMS=top-at-mark-start (previous, next)
|   0|0x0000000702200000, 0x0000000702300000, 0x0000000702300000|100%| O|  |TAMS 0x0000000702200000, 0x0000000702200000| Untracked 
|   1|0x0000000702300000, 0x0000000702400000, 0x0000000702400000|100%| O|  |TAMS 0x0000000702300000, 0x0000000702300000| Untracked 
|   2|0x0000000702400000, 0x0000000702500000, 0x0000000702500000|100%| O|  |TAMS 0x0000000702400000, 0x0000000702400000| Untracked 
|   3|0x0000000702500000, 0x0000000702600000, 0x0000000702600000|100%| O|  |TAMS 0x0000000702500000, 0x0000000702500000| Untracked 
|   4|0x0000000702600000, 0x0000000702700000, 0x0000000702700000|100%| O|  |TAMS 0x0000000702600000, 0x0000000702600000| Untracked 
|   5|0x0000000702700000, 0x0000000702800000, 0x0000000702800000|100%| O|  |TAMS 0x0000000702700000, 0x0000000702700000| Untracked 
|   6|0x0000000702800000, 0x0000000702900000, 0x0000000702900000|100%| O|  |TAMS 0x0000000702800000, 0x0000000702800000| Untracked 
|   7|0x0000000702900000, 0x0000000702a00000, 0x0000000702a00000|100%| O|  |TAMS 0x0000000702900000, 0x0000000702900000| Untracked 
|   8|0x0000000702a00000, 0x0000000702b00000, 0x0000000702b00000|100%| O|  |TAMS 0x0000000702a00000, 0x0000000702a00000| Untracked 
|   9|0x0000000702b00000, 0x0000000702c00000, 0x0000000702c00000|100%| O|  |TAMS 0x0000000702b00000, 0x0000000702b00000| Untracked 
|  10|0x0000000702c00000, 0x0000000702d00000, 0x0000000702d00000|100%| O|  |TAMS 0x0000000702c00000, 0x0000000702c00000| Untracked 
|  11|0x0000000702d00000, 0x0000000702e00000, 0x0000000702e00000|100%| O|  |TAMS 0x0000000702d00000, 0x0000000702d00000| Untracked 
|  12|0x0000000702e00000, 0x0000000702f00000, 0x0000000702f00000|100%| O|  |TAMS 0x0000000702e00000, 0x0000000702e00000| Untracked 
|  13|0x0000000702f00000, 0x0000000703000000, 0x0000000703000000|100%| O|  |TAMS 0x0000000702f00000, 0x0000000702f00000| Untracked 
|  14|0x0000000703000000, 0x0000000703100000, 0x0000000703100000|100%| O|  |TAMS 0x0000000703000000, 0x0000000703000000| Untracked 
|  15|0x0000000703100000, 0x0000000703200000, 0x0000000703200000|100%| O|  |TAMS 0x0000000703100000, 0x0000000703100000| Untracked 
|  16|0x0000000703200000, 0x0000000703300000, 0x0000000703300000|100%| O|  |TAMS 0x0000000703200000, 0x0000000703200000| Untracked 
|  17|0x0000000703300000, 0x0000000703400000, 0x0000000703400000|100%| O|  |TAMS 0x0000000703300000, 0x0000000703300000| Untracked 
|  18|0x0000000703400000, 0x0000000703500000, 0x0000000703500000|100%| O|  |TAMS 0x0000000703400000, 0x0000000703400000| Untracked 
|  19|0x0000000703500000, 0x0000000703600000, 0x0000000703600000|100%| O|  |TAMS 0x0000000703500000, 0x0000000703500000| Untracked 
|  20|0x0000000703600000, 0x0000000703700000, 0x0000000703700000|100%| O|  |TAMS 0x0000000703600000, 0x0000000703600000| Untracked 
|  21|0x0000000703700000, 0x0000000703800000, 0x0000000703800000|100%| O|  |TAMS 0x0000000703700000, 0x0000000703700000| Untracked 
|  22|0x0000000703800000, 0x00000007038e5a00, 0x0000000703900000| 89%| O|  |TAMS 0x0000000703800000, 0x0000000703800000| Untracked 
|  23|0x0000000703900000, 0x0000000703900000, 0x0000000703a00000|  0%| F|  |TAMS 0x0000000703900000, 0x0000000703900000| Untracked 
|  24|0x0000000703a00000, 0x0000000703a00000, 0x0000000703b00000|  0%| F|  |TAMS 0x0000000703a00000, 0x0000000703a00000| Untracked 
|  25|0x0000000703b00000, 0x0000000703b00000, 0x0000000703c00000|  0%| F|  |TAMS 0x0000000703b00000, 0x0000000703b00000| Untracked 
|  26|0x0000000703c00000, 0x0000000703c00000, 0x0000000703d00000|  0%| F|  |TAMS 0x0000000703c00000, 0x0000000703c00000| Untracked 
|  27|0x0000000703d00000, 0x0000000703d00000, 0x0000000703e00000|  0%| F|  |TAMS 0x0000000703d00000, 0x0000000703d00000| Untracked 
|  28|0x0000000703e00000, 0x0000000703e00000, 0x0000000703f00000|  0%| F|  |TAMS 0x0000000703e00000, 0x0000000703e00000| Untracked 
|  29|0x0000000703f00000, 0x0000000703f00000, 0x0000000704000000|  0%| F|  |TAMS 0x0000000703f00000, 0x0000000703f00000| Untracked 
|  30|0x0000000704000000, 0x0000000704000000, 0x0000000704100000|  0%| F|  |TAMS 0x0000000704000000, 0x0000000704000000| Untracked 
|  31|0x0000000704100000, 0x0000000704100000, 0x0000000704200000|  0%| F|  |TAMS 0x0000000704100000, 0x0000000704100000| Untracked 
|  32|0x0000000704200000, 0x0000000704200000, 0x0000000704300000|  0%| F|  |TAMS 0x0000000704200000, 0x0000000704200000| Untracked 
|  33|0x0000000704300000, 0x0000000704300000, 0x0000000704400000|  0%| F|  |TAMS 0x0000000704300000, 0x0000000704300000| Untracked 
|  34|0x0000000704400000, 0x0000000704400000, 0x0000000704500000|  0%| F|  |TAMS 0x0000000704400000, 0x0000000704400000| Untracked 
|  35|0x0000000704500000, 0x0000000704500000, 0x0000000704600000|  0%| F|  |TAMS 0x0000000704500000, 0x0000000704500000| Untracked 
|  36|0x0000000704600000, 0x0000000704600000, 0x0000000704700000|  0%| F|  |TAMS 0x0000000704600000, 0x0000000704600000| Untracked 
|  37|0x0000000704700000, 0x0000000704700000, 0x0000000704800000|  0%| F|  |TAMS 0x0000000704700000, 0x0000000704700000| Untracked 
|  38|0x0000000704800000, 0x0000000704800000, 0x0000000704900000|  0%| F|  |TAMS 0x0000000704800000, 0x0000000704800000| Untracked 
|  39|0x0000000704900000, 0x0000000704900000, 0x0000000704a00000|  0%| F|  |TAMS 0x0000000704900000, 0x0000000704900000| Untracked 
|  40|0x0000000704a00000, 0x0000000704a00000, 0x0000000704b00000|  0%| F|  |TAMS 0x0000000704a00000, 0x0000000704a00000| Untracked 
|  41|0x0000000704b00000, 0x0000000704b00000, 0x0000000704c00000|  0%| F|  |TAMS 0x0000000704b00000, 0x0000000704b00000| Untracked 
|  42|0x0000000704c00000, 0x0000000704c00000, 0x0000000704d00000|  0%| F|  |TAMS 0x0000000704c00000, 0x0000000704c00000| Untracked 
|  43|0x0000000704d00000, 0x0000000704d00000, 0x0000000704e00000|  0%| F|  |TAMS 0x0000000704d00000, 0x0000000704d00000| Untracked 
|  44|0x0000000704e00000, 0x0000000704e00000, 0x0000000704f00000|  0%| F|  |TAMS 0x0000000704e00000, 0x0000000704e00000| Untracked 
|  45|0x0000000704f00000, 0x0000000704f00000, 0x0000000705000000|  0%| F|  |TAMS 0x0000000704f00000, 0x0000000704f00000| Untracked 
|  46|0x0000000705000000, 0x0000000705000000, 0x0000000705100000|  0%| F|  |TAMS 0x0000000705000000, 0x0000000705000000| Untracked 
|  47|0x0000000705100000, 0x0000000705100000, 0x0000000705200000|  0%| F|  |TAMS 0x0000000705100000, 0x0000000705100000| Untracked 
|  48|0x0000000705200000, 0x0000000705200000, 0x0000000705300000|  0%| F|  |TAMS 0x0000000705200000, 0x0000000705200000| Untracked 
|  49|0x0000000705300000, 0x0000000705300000, 0x0000000705400000|  0%| F|  |TAMS 0x0000000705300000, 0x0000000705300000| Untracked 
|  50|0x0000000705400000, 0x0000000705400000, 0x0000000705500000|  0%| F|  |TAMS 0x0000000705400000, 0x0000000705400000| Untracked 
|  51|0x0000000705500000, 0x0000000705500000, 0x0000000705600000|  0%| F|  |TAMS 0x0000000705500000, 0x0000000705500000| Untracked 
|  52|0x0000000705600000, 0x0000000705600000, 0x0000000705700000|  0%| F|  |TAMS 0x0000000705600000, 0x0000000705600000| Untracked 
|  53|0x0000000705700000, 0x0000000705700000, 0x0000000705800000|  0%| F|  |TAMS 0x0000000705700000, 0x0000000705700000| Untracked 
|  54|0x0000000705800000, 0x0000000705800000, 0x0000000705900000|  0%| F|  |TAMS 0x0000000705800000, 0x0000000705800000| Untracked 
|  55|0x0000000705900000, 0x0000000705900000, 0x0000000705a00000|  0%| F|  |TAMS 0x0000000705900000, 0x0000000705900000| Untracked 
|  56|0x0000000705a00000, 0x0000000705a00000, 0x0000000705b00000|  0%| F|  |TAMS 0x0000000705a00000, 0x0000000705a00000| Untracked 
|  57|0x0000000705b00000, 0x0000000705b00000, 0x0000000705c00000|  0%| F|  |TAMS 0x0000000705b00000, 0x0000000705b00000| Untracked 
|  58|0x0000000705c00000, 0x0000000705c00000, 0x0000000705d00000|  0%| F|  |TAMS 0x0000000705c00000, 0x0000000705c00000| Untracked 
|  59|0x0000000705d00000, 0x0000000705d00000, 0x0000000705e00000|  0%| F|  |TAMS 0x0000000705d00000, 0x0000000705d00000| Untracked 
|  60|0x0000000705e00000, 0x0000000705e00000, 0x0000000705f00000|  0%| F|  |TAMS 0x0000000705e00000, 0x0000000705e00000| Untracked 
|  61|0x0000000705f00000, 0x0000000705f00000, 0x0000000706000000|  0%| F|  |TAMS 0x0000000705f00000, 0x0000000705f00000| Untracked 
|  62|0x0000000706000000, 0x0000000706000000, 0x0000000706100000|  0%| F|  |TAMS 0x0000000706000000, 0x0000000706000000| Untracked 
|  63|0x0000000706100000, 0x0000000706100000, 0x0000000706200000|  0%| F|  |TAMS 0x0000000706100000, 0x0000000706100000| Untracked 
|  64|0x0000000706200000, 0x0000000706200000, 0x0000000706300000|  0%| F|  |TAMS 0x0000000706200000, 0x0000000706200000| Untracked 
|  65|0x0000000706300000, 0x0000000706300000, 0x0000000706400000|  0%| F|  |TAMS 0x0000000706300000, 0x0000000706300000| Untracked 
|  66|0x0000000706400000, 0x0000000706400000, 0x0000000706500000|  0%| F|  |TAMS 0x0000000706400000, 0x0000000706400000| Untracked 
|  67|0x0000000706500000, 0x0000000706500000, 0x0000000706600000|  0%| F|  |TAMS 0x0000000706500000, 0x0000000706500000| Untracked 
|  68|0x0000000706600000, 0x0000000706600000, 0x0000000706700000|  0%| F|  |TAMS 0x0000000706600000, 0x0000000706600000| Untracked 
|  69|0x0000000706700000, 0x0000000706700000, 0x0000000706800000|  0%| F|  |TAMS 0x0000000706700000, 0x0000000706700000| Untracked 
|  70|0x0000000706800000, 0x0000000706800000, 0x0000000706900000|  0%| F|  |TAMS 0x0000000706800000, 0x0000000706800000| Untracked 
|  71|0x0000000706900000, 0x0000000706900000, 0x0000000706a00000|  0%| F|  |TAMS 0x0000000706900000, 0x0000000706900000| Untracked 
|  72|0x0000000706a00000, 0x0000000706a00000, 0x0000000706b00000|  0%| F|  |TAMS 0x0000000706a00000, 0x0000000706a00000| Untracked 
|  73|0x0000000706b00000, 0x0000000706b00000, 0x0000000706c00000|  0%| F|  |TAMS 0x0000000706b00000, 0x0000000706b00000| Untracked 
|  74|0x0000000706c00000, 0x0000000706c00000, 0x0000000706d00000|  0%| F|  |TAMS 0x0000000706c00000, 0x0000000706c00000| Untracked 
|  75|0x0000000706d00000, 0x0000000706d00000, 0x0000000706e00000|  0%| F|  |TAMS 0x0000000706d00000, 0x0000000706d00000| Untracked 
|  76|0x0000000706e00000, 0x0000000706e00000, 0x0000000706f00000|  0%| F|  |TAMS 0x0000000706e00000, 0x0000000706e00000| Untracked 
|  77|0x0000000706f00000, 0x0000000706f00000, 0x0000000707000000|  0%| F|  |TAMS 0x0000000706f00000, 0x0000000706f00000| Untracked 
|  78|0x0000000707000000, 0x0000000707000000, 0x0000000707100000|  0%| F|  |TAMS 0x0000000707000000, 0x0000000707000000| Untracked 
|  79|0x0000000707100000, 0x0000000707100000, 0x0000000707200000|  0%| F|  |TAMS 0x0000000707100000, 0x0000000707100000| Untracked 
|  80|0x0000000707200000, 0x0000000707200000, 0x0000000707300000|  0%| F|  |TAMS 0x0000000707200000, 0x0000000707200000| Untracked 
|  81|0x0000000707300000, 0x0000000707300000, 0x0000000707400000|  0%| F|  |TAMS 0x0000000707300000, 0x0000000707300000| Untracked 
|  82|0x0000000707400000, 0x0000000707400000, 0x0000000707500000|  0%| F|  |TAMS 0x0000000707400000, 0x0000000707400000| Untracked 
|  83|0x0000000707500000, 0x0000000707500000, 0x0000000707600000|  0%| F|  |TAMS 0x0000000707500000, 0x0000000707500000| Untracked 
|  84|0x0000000707600000, 0x0000000707600000, 0x0000000707700000|  0%| F|  |TAMS 0x0000000707600000, 0x0000000707600000| Untracked 
|  85|0x0000000707700000, 0x0000000707700000, 0x0000000707800000|  0%| F|  |TAMS 0x0000000707700000, 0x0000000707700000| Untracked 
|  86|0x0000000707800000, 0x0000000707800000, 0x0000000707900000|  0%| F|  |TAMS 0x0000000707800000, 0x0000000707800000| Untracked 
|  87|0x0000000707900000, 0x0000000707900000, 0x0000000707a00000|  0%| F|  |TAMS 0x0000000707900000, 0x0000000707900000| Untracked 
|  88|0x0000000707a00000, 0x0000000707a00000, 0x0000000707b00000|  0%| F|  |TAMS 0x0000000707a00000, 0x0000000707a00000| Untracked 
|  89|0x0000000707b00000, 0x0000000707b00000, 0x0000000707c00000|  0%| F|  |TAMS 0x0000000707b00000, 0x0000000707b00000| Untracked 
|  90|0x0000000707c00000, 0x0000000707c00000, 0x0000000707d00000|  0%| F|  |TAMS 0x0000000707c00000, 0x0000000707c00000| Untracked 
|  91|0x0000000707d00000, 0x0000000707d00000, 0x0000000707e00000|  0%| F|  |TAMS 0x0000000707d00000, 0x0000000707d00000| Untracked 
|  92|0x0000000707e00000, 0x0000000707e00000, 0x0000000707f00000|  0%| F|  |TAMS 0x0000000707e00000, 0x0000000707e00000| Untracked 
|  93|0x0000000707f00000, 0x0000000707f00000, 0x0000000708000000|  0%| F|  |TAMS 0x0000000707f00000, 0x0000000707f00000| Untracked 
|  94|0x0000000708000000, 0x0000000708000000, 0x0000000708100000|  0%| F|  |TAMS 0x0000000708000000, 0x0000000708000000| Untracked 
|  95|0x0000000708100000, 0x0000000708100000, 0x0000000708200000|  0%| F|  |TAMS 0x0000000708100000, 0x0000000708100000| Untracked 
|  96|0x0000000708200000, 0x0000000708200000, 0x0000000708300000|  0%| F|  |TAMS 0x0000000708200000, 0x0000000708200000| Untracked 
|  97|0x0000000708300000, 0x0000000708300000, 0x0000000708400000|  0%| F|  |TAMS 0x0000000708300000, 0x0000000708300000| Untracked 
|  98|0x0000000708400000, 0x0000000708400000, 0x0000000708500000|  0%| F|  |TAMS 0x0000000708400000, 0x0000000708400000| Untracked 
|  99|0x0000000708500000, 0x0000000708500000, 0x0000000708600000|  0%| F|  |TAMS 0x0000000708500000, 0x0000000708500000| Untracked 
| 100|0x0000000708600000, 0x0000000708600000, 0x0000000708700000|  0%| F|  |TAMS 0x0000000708600000, 0x0000000708600000| Untracked 
| 101|0x0000000708700000, 0x0000000708700000, 0x0000000708800000|  0%| F|  |TAMS 0x0000000708700000, 0x0000000708700000| Untracked 
| 102|0x0000000708800000, 0x0000000708800000, 0x0000000708900000|  0%| F|  |TAMS 0x0000000708800000, 0x0000000708800000| Untracked 
| 103|0x0000000708900000, 0x0000000708900000, 0x0000000708a00000|  0%| F|  |TAMS 0x0000000708900000, 0x0000000708900000| Untracked 
| 104|0x0000000708a00000, 0x0000000708a00000, 0x0000000708b00000|  0%| F|  |TAMS 0x0000000708a00000, 0x0000000708a00000| Untracked 
| 105|0x0000000708b00000, 0x0000000708b00000, 0x0000000708c00000|  0%| F|  |TAMS 0x0000000708b00000, 0x0000000708b00000| Untracked 
| 106|0x0000000708c00000, 0x0000000708c00000, 0x0000000708d00000|  0%| F|  |TAMS 0x0000000708c00000, 0x0000000708c00000| Untracked 
| 107|0x0000000708d00000, 0x0000000708d00000, 0x0000000708e00000|  0%| F|  |TAMS 0x0000000708d00000, 0x0000000708d00000| Untracked 
| 108|0x0000000708e00000, 0x0000000708e00000, 0x0000000708f00000|  0%| F|  |TAMS 0x0000000708e00000, 0x0000000708e00000| Untracked 
| 109|0x0000000708f00000, 0x0000000708f00000, 0x0000000709000000|  0%| F|  |TAMS 0x0000000708f00000, 0x0000000708f00000| Untracked 
| 110|0x0000000709000000, 0x0000000709000000, 0x0000000709100000|  0%| F|  |TAMS 0x0000000709000000, 0x0000000709000000| Untracked 
| 111|0x0000000709100000, 0x0000000709100000, 0x0000000709200000|  0%| F|  |TAMS 0x0000000709100000, 0x0000000709100000| Untracked 
| 112|0x0000000709200000, 0x0000000709200000, 0x0000000709300000|  0%| F|  |TAMS 0x0000000709200000, 0x0000000709200000| Untracked 
| 113|0x0000000709300000, 0x0000000709300000, 0x0000000709400000|  0%| F|  |TAMS 0x0000000709300000, 0x0000000709300000| Untracked 
| 114|0x0000000709400000, 0x0000000709400000, 0x0000000709500000|  0%| F|  |TAMS 0x0000000709400000, 0x0000000709400000| Untracked 
| 115|0x0000000709500000, 0x0000000709500000, 0x0000000709600000|  0%| F|  |TAMS 0x0000000709500000, 0x0000000709500000| Untracked 
| 116|0x0000000709600000, 0x0000000709600000, 0x0000000709700000|  0%| F|  |TAMS 0x0000000709600000, 0x0000000709600000| Untracked 
| 117|0x0000000709700000, 0x0000000709700000, 0x0000000709800000|  0%| F|  |TAMS 0x0000000709700000, 0x0000000709700000| Untracked 
| 118|0x0000000709800000, 0x0000000709800000, 0x0000000709900000|  0%| F|  |TAMS 0x0000000709800000, 0x0000000709800000| Untracked 
| 119|0x0000000709900000, 0x0000000709900000, 0x0000000709a00000|  0%| F|  |TAMS 0x0000000709900000, 0x0000000709900000| Untracked 
| 120|0x0000000709a00000, 0x0000000709a00000, 0x0000000709b00000|  0%| F|  |TAMS 0x0000000709a00000, 0x0000000709a00000| Untracked 
| 121|0x0000000709b00000, 0x0000000709b00000, 0x0000000709c00000|  0%| F|  |TAMS 0x0000000709b00000, 0x0000000709b00000| Untracked 
| 122|0x0000000709c00000, 0x0000000709c00000, 0x0000000709d00000|  0%| F|  |TAMS 0x0000000709c00000, 0x0000000709c00000| Untracked 
| 123|0x0000000709d00000, 0x0000000709d00000, 0x0000000709e00000|  0%| F|  |TAMS 0x0000000709d00000, 0x0000000709d00000| Untracked 
| 124|0x0000000709e00000, 0x0000000709e00000, 0x0000000709f00000|  0%| F|  |TAMS 0x0000000709e00000, 0x0000000709e00000| Untracked 
| 125|0x0000000709f00000, 0x0000000709f00000, 0x000000070a000000|  0%| F|  |TAMS 0x0000000709f00000, 0x0000000709f00000| Untracked 
| 126|0x000000070a000000, 0x000000070a000000, 0x000000070a100000|  0%| F|  |TAMS 0x000000070a000000, 0x000000070a000000| Untracked 
| 127|0x000000070a100000, 0x000000070a100000, 0x000000070a200000|  0%| F|  |TAMS 0x000000070a100000, 0x000000070a100000| Untracked 
| 128|0x000000070a200000, 0x000000070a200000, 0x000000070a300000|  0%| F|  |TAMS 0x000000070a200000, 0x000000070a200000| Untracked 
| 129|0x000000070a300000, 0x000000070a300000, 0x000000070a400000|  0%| F|  |TAMS 0x000000070a300000, 0x000000070a300000| Untracked 
| 130|0x000000070a400000, 0x000000070a400000, 0x000000070a500000|  0%| F|  |TAMS 0x000000070a400000, 0x000000070a400000| Untracked 
| 131|0x000000070a500000, 0x000000070a500000, 0x000000070a600000|  0%| F|  |TAMS 0x000000070a500000, 0x000000070a500000| Untracked 
| 132|0x000000070a600000, 0x000000070a600000, 0x000000070a700000|  0%| F|  |TAMS 0x000000070a600000, 0x000000070a600000| Untracked 
| 133|0x000000070a700000, 0x000000070a700000, 0x000000070a800000|  0%| F|  |TAMS 0x000000070a700000, 0x000000070a700000| Untracked 
| 134|0x000000070a800000, 0x000000070a800000, 0x000000070a900000|  0%| F|  |TAMS 0x000000070a800000, 0x000000070a800000| Untracked 
| 135|0x000000070a900000, 0x000000070a900000, 0x000000070aa00000|  0%| F|  |TAMS 0x000000070a900000, 0x000000070a900000| Untracked 
| 136|0x000000070aa00000, 0x000000070aa00000, 0x000000070ab00000|  0%| F|  |TAMS 0x000000070aa00000, 0x000000070aa00000| Untracked 
| 137|0x000000070ab00000, 0x000000070ab00000, 0x000000070ac00000|  0%| F|  |TAMS 0x000000070ab00000, 0x000000070ab00000| Untracked 
| 138|0x000000070ac00000, 0x000000070ac00000, 0x000000070ad00000|  0%| F|  |TAMS 0x000000070ac00000, 0x000000070ac00000| Untracked 
| 139|0x000000070ad00000, 0x000000070ad00000, 0x000000070ae00000|  0%| F|  |TAMS 0x000000070ad00000, 0x000000070ad00000| Untracked 
| 140|0x000000070ae00000, 0x000000070ae00000, 0x000000070af00000|  0%| F|  |TAMS 0x000000070ae00000, 0x000000070ae00000| Untracked 
| 141|0x000000070af00000, 0x000000070b000000, 0x000000070b000000|100%| S|CS|TAMS 0x000000070af00000, 0x000000070af00000| Complete 
| 142|0x000000070b000000, 0x000000070b100000, 0x000000070b100000|100%| S|CS|TAMS 0x000000070b000000, 0x000000070b000000| Complete 
| 143|0x000000070b100000, 0x000000070b100000, 0x000000070b200000|  0%| F|  |TAMS 0x000000070b100000, 0x000000070b100000| Untracked 
| 144|0x000000070b200000, 0x000000070b200000, 0x000000070b300000|  0%| F|  |TAMS 0x000000070b200000, 0x000000070b200000| Untracked 
| 145|0x000000070b300000, 0x000000070b300000, 0x000000070b400000|  0%| F|  |TAMS 0x000000070b300000, 0x000000070b300000| Untracked 
| 146|0x000000070b400000, 0x000000070b400000, 0x000000070b500000|  0%| F|  |TAMS 0x000000070b400000, 0x000000070b400000| Untracked 
| 147|0x000000070b500000, 0x000000070b600000, 0x000000070b600000|100%| S|CS|TAMS 0x000000070b500000, 0x000000070b500000| Complete 
| 148|0x000000070b600000, 0x000000070b700000, 0x000000070b700000|100%| S|CS|TAMS 0x000000070b600000, 0x000000070b600000| Complete 
| 149|0x000000070b700000, 0x000000070b800000, 0x000000070b800000|100%| S|CS|TAMS 0x000000070b700000, 0x000000070b700000| Complete 
| 150|0x000000070b800000, 0x000000070b900000, 0x000000070b900000|100%| S|CS|TAMS 0x000000070b800000, 0x000000070b800000| Complete 
| 151|0x000000070b900000, 0x000000070b900000, 0x000000070ba00000|  0%| F|  |TAMS 0x000000070b900000, 0x000000070b900000| Untracked 
| 152|0x000000070ba00000, 0x000000070ba00000, 0x000000070bb00000|  0%| F|  |TAMS 0x000000070ba00000, 0x000000070ba00000| Untracked 
| 153|0x000000070bb00000, 0x000000070bb00000, 0x000000070bc00000|  0%| F|  |TAMS 0x000000070bb00000, 0x000000070bb00000| Untracked 
| 154|0x000000070bc00000, 0x000000070bc00000, 0x000000070bd00000|  0%| F|  |TAMS 0x000000070bc00000, 0x000000070bc00000| Untracked 
| 155|0x000000070bd00000, 0x000000070bd00000, 0x000000070be00000|  0%| F|  |TAMS 0x000000070bd00000, 0x000000070bd00000| Untracked 
| 156|0x000000070be00000, 0x000000070be00000, 0x000000070bf00000|  0%| F|  |TAMS 0x000000070be00000, 0x000000070be00000| Untracked 
| 157|0x000000070bf00000, 0x000000070bf00000, 0x000000070c000000|  0%| F|  |TAMS 0x000000070bf00000, 0x000000070bf00000| Untracked 
| 158|0x000000070c000000, 0x000000070c000000, 0x000000070c100000|  0%| F|  |TAMS 0x000000070c000000, 0x000000070c000000| Untracked 
| 159|0x000000070c100000, 0x000000070c100000, 0x000000070c200000|  0%| F|  |TAMS 0x000000070c100000, 0x000000070c100000| Untracked 
| 160|0x000000070c200000, 0x000000070c200000, 0x000000070c300000|  0%| F|  |TAMS 0x000000070c200000, 0x000000070c200000| Untracked 
| 161|0x000000070c300000, 0x000000070c300000, 0x000000070c400000|  0%| F|  |TAMS 0x000000070c300000, 0x000000070c300000| Untracked 
| 162|0x000000070c400000, 0x000000070c400000, 0x000000070c500000|  0%| F|  |TAMS 0x000000070c400000, 0x000000070c400000| Untracked 
| 163|0x000000070c500000, 0x000000070c500000, 0x000000070c600000|  0%| F|  |TAMS 0x000000070c500000, 0x000000070c500000| Untracked 
| 164|0x000000070c600000, 0x000000070c600000, 0x000000070c700000|  0%| F|  |TAMS 0x000000070c600000, 0x000000070c600000| Untracked 
| 165|0x000000070c700000, 0x000000070c700000, 0x000000070c800000|  0%| F|  |TAMS 0x000000070c700000, 0x000000070c700000| Untracked 
| 166|0x000000070c800000, 0x000000070c800000, 0x000000070c900000|  0%| F|  |TAMS 0x000000070c800000, 0x000000070c800000| Untracked 
| 167|0x000000070c900000, 0x000000070c900000, 0x000000070ca00000|  0%| F|  |TAMS 0x000000070c900000, 0x000000070c900000| Untracked 
| 168|0x000000070ca00000, 0x000000070ca00000, 0x000000070cb00000|  0%| F|  |TAMS 0x000000070ca00000, 0x000000070ca00000| Untracked 
| 169|0x000000070cb00000, 0x000000070cb00000, 0x000000070cc00000|  0%| F|  |TAMS 0x000000070cb00000, 0x000000070cb00000| Untracked 
| 170|0x000000070cc00000, 0x000000070cc00000, 0x000000070cd00000|  0%| F|  |TAMS 0x000000070cc00000, 0x000000070cc00000| Untracked 
| 171|0x000000070cd00000, 0x000000070cd00000, 0x000000070ce00000|  0%| F|  |TAMS 0x000000070cd00000, 0x000000070cd00000| Untracked 
| 172|0x000000070ce00000, 0x000000070ce00000, 0x000000070cf00000|  0%| F|  |TAMS 0x000000070ce00000, 0x000000070ce00000| Untracked 
| 173|0x000000070cf00000, 0x000000070cf00000, 0x000000070d000000|  0%| F|  |TAMS 0x000000070cf00000, 0x000000070cf00000| Untracked 
| 174|0x000000070d000000, 0x000000070d000000, 0x000000070d100000|  0%| F|  |TAMS 0x000000070d000000, 0x000000070d000000| Untracked 
| 175|0x000000070d100000, 0x000000070d100000, 0x000000070d200000|  0%| F|  |TAMS 0x000000070d100000, 0x000000070d100000| Untracked 
| 176|0x000000070d200000, 0x000000070d200000, 0x000000070d300000|  0%| F|  |TAMS 0x000000070d200000, 0x000000070d200000| Untracked 
| 177|0x000000070d300000, 0x000000070d300000, 0x000000070d400000|  0%| F|  |TAMS 0x000000070d300000, 0x000000070d300000| Untracked 
| 178|0x000000070d400000, 0x000000070d400000, 0x000000070d500000|  0%| F|  |TAMS 0x000000070d400000, 0x000000070d400000| Untracked 
| 179|0x000000070d500000, 0x000000070d500000, 0x000000070d600000|  0%| F|  |TAMS 0x000000070d500000, 0x000000070d500000| Untracked 
| 180|0x000000070d600000, 0x000000070d600000, 0x000000070d700000|  0%| F|  |TAMS 0x000000070d600000, 0x000000070d600000| Untracked 
| 181|0x000000070d700000, 0x000000070d700000, 0x000000070d800000|  0%| F|  |TAMS 0x000000070d700000, 0x000000070d700000| Untracked 
| 182|0x000000070d800000, 0x000000070d800000, 0x000000070d900000|  0%| F|  |TAMS 0x000000070d800000, 0x000000070d800000| Untracked 
| 183|0x000000070d900000, 0x000000070d900000, 0x000000070da00000|  0%| F|  |TAMS 0x000000070d900000, 0x000000070d900000| Untracked 
| 184|0x000000070da00000, 0x000000070da00000, 0x000000070db00000|  0%| F|  |TAMS 0x000000070da00000, 0x000000070da00000| Untracked 
| 185|0x000000070db00000, 0x000000070db00000, 0x000000070dc00000|  0%| F|  |TAMS 0x000000070db00000, 0x000000070db00000| Untracked 
| 186|0x000000070dc00000, 0x000000070dc00000, 0x000000070dd00000|  0%| F|  |TAMS 0x000000070dc00000, 0x000000070dc00000| Untracked 
| 187|0x000000070dd00000, 0x000000070dd00000, 0x000000070de00000|  0%| F|  |TAMS 0x000000070dd00000, 0x000000070dd00000| Untracked 
| 188|0x000000070de00000, 0x000000070de00000, 0x000000070df00000|  0%| F|  |TAMS 0x000000070de00000, 0x000000070de00000| Untracked 
| 189|0x000000070df00000, 0x000000070df00000, 0x000000070e000000|  0%| F|  |TAMS 0x000000070df00000, 0x000000070df00000| Untracked 
| 190|0x000000070e000000, 0x000000070e000000, 0x000000070e100000|  0%| F|  |TAMS 0x000000070e000000, 0x000000070e000000| Untracked 
| 191|0x000000070e100000, 0x000000070e100000, 0x000000070e200000|  0%| F|  |TAMS 0x000000070e100000, 0x000000070e100000| Untracked 
| 192|0x000000070e200000, 0x000000070e200000, 0x000000070e300000|  0%| F|  |TAMS 0x000000070e200000, 0x000000070e200000| Untracked 
| 193|0x000000070e300000, 0x000000070e300000, 0x000000070e400000|  0%| F|  |TAMS 0x000000070e300000, 0x000000070e300000| Untracked 
| 194|0x000000070e400000, 0x000000070e400000, 0x000000070e500000|  0%| F|  |TAMS 0x000000070e400000, 0x000000070e400000| Untracked 
| 195|0x000000070e500000, 0x000000070e500000, 0x000000070e600000|  0%| F|  |TAMS 0x000000070e500000, 0x000000070e500000| Untracked 
| 196|0x000000070e600000, 0x000000070e600000, 0x000000070e700000|  0%| F|  |TAMS 0x000000070e600000, 0x000000070e600000| Untracked 
| 197|0x000000070e700000, 0x000000070e700000, 0x000000070e800000|  0%| F|  |TAMS 0x000000070e700000, 0x000000070e700000| Untracked 
| 198|0x000000070e800000, 0x000000070e800000, 0x000000070e900000|  0%| F|  |TAMS 0x000000070e800000, 0x000000070e800000| Untracked 
| 199|0x000000070e900000, 0x000000070e900000, 0x000000070ea00000|  0%| F|  |TAMS 0x000000070e900000, 0x000000070e900000| Untracked 
| 200|0x000000070ea00000, 0x000000070ea00000, 0x000000070eb00000|  0%| F|  |TAMS 0x000000070ea00000, 0x000000070ea00000| Untracked 
| 201|0x000000070eb00000, 0x000000070eb00000, 0x000000070ec00000|  0%| F|  |TAMS 0x000000070eb00000, 0x000000070eb00000| Untracked 
| 202|0x000000070ec00000, 0x000000070ec00000, 0x000000070ed00000|  0%| F|  |TAMS 0x000000070ec00000, 0x000000070ec00000| Untracked 
| 203|0x000000070ed00000, 0x000000070ed00000, 0x000000070ee00000|  0%| F|  |TAMS 0x000000070ed00000, 0x000000070ed00000| Untracked 
| 204|0x000000070ee00000, 0x000000070ee00000, 0x000000070ef00000|  0%| F|  |TAMS 0x000000070ee00000, 0x000000070ee00000| Untracked 
| 205|0x000000070ef00000, 0x000000070ef00000, 0x000000070f000000|  0%| F|  |TAMS 0x000000070ef00000, 0x000000070ef00000| Untracked 
| 206|0x000000070f000000, 0x000000070f000000, 0x000000070f100000|  0%| F|  |TAMS 0x000000070f000000, 0x000000070f000000| Untracked 
| 207|0x000000070f100000, 0x000000070f100000, 0x000000070f200000|  0%| F|  |TAMS 0x000000070f100000, 0x000000070f100000| Untracked 
| 208|0x000000070f200000, 0x000000070f200000, 0x000000070f300000|  0%| F|  |TAMS 0x000000070f200000, 0x000000070f200000| Untracked 
| 209|0x000000070f300000, 0x000000070f300000, 0x000000070f400000|  0%| F|  |TAMS 0x000000070f300000, 0x000000070f300000| Untracked 
| 210|0x000000070f400000, 0x000000070f400000, 0x000000070f500000|  0%| F|  |TAMS 0x000000070f400000, 0x000000070f400000| Untracked 
| 211|0x000000070f500000, 0x000000070f500000, 0x000000070f600000|  0%| F|  |TAMS 0x000000070f500000, 0x000000070f500000| Untracked 
| 212|0x000000070f600000, 0x000000070f600000, 0x000000070f700000|  0%| F|  |TAMS 0x000000070f600000, 0x000000070f600000| Untracked 
| 213|0x000000070f700000, 0x000000070f700000, 0x000000070f800000|  0%| F|  |TAMS 0x000000070f700000, 0x000000070f700000| Untracked 
| 214|0x000000070f800000, 0x000000070f800000, 0x000000070f900000|  0%| F|  |TAMS 0x000000070f800000, 0x000000070f800000| Untracked 
| 215|0x000000070f900000, 0x000000070f900000, 0x000000070fa00000|  0%| F|  |TAMS 0x000000070f900000, 0x000000070f900000| Untracked 
| 216|0x000000070fa00000, 0x000000070fa00000, 0x000000070fb00000|  0%| F|  |TAMS 0x000000070fa00000, 0x000000070fa00000| Untracked 
| 217|0x000000070fb00000, 0x000000070fb00000, 0x000000070fc00000|  0%| F|  |TAMS 0x000000070fb00000, 0x000000070fb00000| Untracked 
| 218|0x000000070fc00000, 0x000000070fc00000, 0x000000070fd00000|  0%| F|  |TAMS 0x000000070fc00000, 0x000000070fc00000| Untracked 
| 219|0x000000070fd00000, 0x000000070fd00000, 0x000000070fe00000|  0%| F|  |TAMS 0x000000070fd00000, 0x000000070fd00000| Untracked 
| 220|0x000000070fe00000, 0x000000070fe00000, 0x000000070ff00000|  0%| F|  |TAMS 0x000000070fe00000, 0x000000070fe00000| Untracked 
| 221|0x000000070ff00000, 0x000000070ff00000, 0x0000000710000000|  0%| F|  |TAMS 0x000000070ff00000, 0x000000070ff00000| Untracked 
| 222|0x0000000710000000, 0x0000000710000000, 0x0000000710100000|  0%| F|  |TAMS 0x0000000710000000, 0x0000000710000000| Untracked 
| 223|0x0000000710100000, 0x0000000710100000, 0x0000000710200000|  0%| F|  |TAMS 0x0000000710100000, 0x0000000710100000| Untracked 
| 224|0x0000000710200000, 0x0000000710200000, 0x0000000710300000|  0%| F|  |TAMS 0x0000000710200000, 0x0000000710200000| Untracked 
| 225|0x0000000710300000, 0x0000000710300000, 0x0000000710400000|  0%| F|  |TAMS 0x0000000710300000, 0x0000000710300000| Untracked 
| 226|0x0000000710400000, 0x0000000710400000, 0x0000000710500000|  0%| F|  |TAMS 0x0000000710400000, 0x0000000710400000| Untracked 
| 227|0x0000000710500000, 0x0000000710500000, 0x0000000710600000|  0%| F|  |TAMS 0x0000000710500000, 0x0000000710500000| Untracked 
| 228|0x0000000710600000, 0x0000000710600000, 0x0000000710700000|  0%| F|  |TAMS 0x0000000710600000, 0x0000000710600000| Untracked 
| 229|0x0000000710700000, 0x0000000710700000, 0x0000000710800000|  0%| F|  |TAMS 0x0000000710700000, 0x0000000710700000| Untracked 
| 230|0x0000000710800000, 0x0000000710800000, 0x0000000710900000|  0%| F|  |TAMS 0x0000000710800000, 0x0000000710800000| Untracked 
| 231|0x0000000710900000, 0x0000000710900000, 0x0000000710a00000|  0%| F|  |TAMS 0x0000000710900000, 0x0000000710900000| Untracked 
| 232|0x0000000710a00000, 0x0000000710a00000, 0x0000000710b00000|  0%| F|  |TAMS 0x0000000710a00000, 0x0000000710a00000| Untracked 
| 233|0x0000000710b00000, 0x0000000710b00000, 0x0000000710c00000|  0%| F|  |TAMS 0x0000000710b00000, 0x0000000710b00000| Untracked 
| 234|0x0000000710c00000, 0x0000000710c00000, 0x0000000710d00000|  0%| F|  |TAMS 0x0000000710c00000, 0x0000000710c00000| Untracked 
| 235|0x0000000710d00000, 0x0000000710d00000, 0x0000000710e00000|  0%| F|  |TAMS 0x0000000710d00000, 0x0000000710d00000| Untracked 
| 236|0x0000000710e00000, 0x0000000710e00000, 0x0000000710f00000|  0%| F|  |TAMS 0x0000000710e00000, 0x0000000710e00000| Untracked 
| 237|0x0000000710f00000, 0x0000000710f00000, 0x0000000711000000|  0%| F|  |TAMS 0x0000000710f00000, 0x0000000710f00000| Untracked 
| 238|0x0000000711000000, 0x0000000711000000, 0x0000000711100000|  0%| F|  |TAMS 0x0000000711000000, 0x0000000711000000| Untracked 
| 239|0x0000000711100000, 0x0000000711100000, 0x0000000711200000|  0%| F|  |TAMS 0x0000000711100000, 0x0000000711100000| Untracked 
| 240|0x0000000711200000, 0x0000000711200000, 0x0000000711300000|  0%| F|  |TAMS 0x0000000711200000, 0x0000000711200000| Untracked 
| 241|0x0000000711300000, 0x0000000711300000, 0x0000000711400000|  0%| F|  |TAMS 0x0000000711300000, 0x0000000711300000| Untracked 
| 242|0x0000000711400000, 0x0000000711400000, 0x0000000711500000|  0%| F|  |TAMS 0x0000000711400000, 0x0000000711400000| Untracked 
| 243|0x0000000711500000, 0x0000000711500000, 0x0000000711600000|  0%| F|  |TAMS 0x0000000711500000, 0x0000000711500000| Untracked 
| 244|0x0000000711600000, 0x0000000711600000, 0x0000000711700000|  0%| F|  |TAMS 0x0000000711600000, 0x0000000711600000| Untracked 
| 245|0x0000000711700000, 0x0000000711700000, 0x0000000711800000|  0%| F|  |TAMS 0x0000000711700000, 0x0000000711700000| Untracked 
| 246|0x0000000711800000, 0x0000000711800000, 0x0000000711900000|  0%| F|  |TAMS 0x0000000711800000, 0x0000000711800000| Untracked 
| 247|0x0000000711900000, 0x0000000711900000, 0x0000000711a00000|  0%| F|  |TAMS 0x0000000711900000, 0x0000000711900000| Untracked 
| 248|0x0000000711a00000, 0x0000000711a00000, 0x0000000711b00000|  0%| F|  |TAMS 0x0000000711a00000, 0x0000000711a00000| Untracked 
| 249|0x0000000711b00000, 0x0000000711b00000, 0x0000000711c00000|  0%| F|  |TAMS 0x0000000711b00000, 0x0000000711b00000| Untracked 
| 250|0x0000000711c00000, 0x0000000711c00000, 0x0000000711d00000|  0%| F|  |TAMS 0x0000000711c00000, 0x0000000711c00000| Untracked 
| 251|0x0000000711d00000, 0x0000000711d00000, 0x0000000711e00000|  0%| F|  |TAMS 0x0000000711d00000, 0x0000000711d00000| Untracked 
| 252|0x0000000711e00000, 0x0000000711e00000, 0x0000000711f00000|  0%| F|  |TAMS 0x0000000711e00000, 0x0000000711e00000| Untracked 
| 253|0x0000000711f00000, 0x0000000711f00000, 0x0000000712000000|  0%| F|  |TAMS 0x0000000711f00000, 0x0000000711f00000| Untracked 
| 254|0x0000000712000000, 0x0000000712000000, 0x0000000712100000|  0%| F|  |TAMS 0x0000000712000000, 0x0000000712000000| Untracked 
| 255|0x0000000712100000, 0x0000000712100000, 0x0000000712200000|  0%| F|  |TAMS 0x0000000712100000, 0x0000000712100000| Untracked 
| 256|0x0000000712200000, 0x0000000712200000, 0x0000000712300000|  0%| F|  |TAMS 0x0000000712200000, 0x0000000712200000| Untracked 
| 257|0x0000000712300000, 0x0000000712300000, 0x0000000712400000|  0%| F|  |TAMS 0x0000000712300000, 0x0000000712300000| Untracked 
| 258|0x0000000712400000, 0x0000000712400000, 0x0000000712500000|  0%| F|  |TAMS 0x0000000712400000, 0x0000000712400000| Untracked 
| 259|0x0000000712500000, 0x0000000712500000, 0x0000000712600000|  0%| F|  |TAMS 0x0000000712500000, 0x0000000712500000| Untracked 
| 260|0x0000000712600000, 0x0000000712600000, 0x0000000712700000|  0%| F|  |TAMS 0x0000000712600000, 0x0000000712600000| Untracked 
| 261|0x0000000712700000, 0x0000000712700000, 0x0000000712800000|  0%| F|  |TAMS 0x0000000712700000, 0x0000000712700000| Untracked 
| 262|0x0000000712800000, 0x0000000712800000, 0x0000000712900000|  0%| F|  |TAMS 0x0000000712800000, 0x0000000712800000| Untracked 
| 263|0x0000000712900000, 0x0000000712900000, 0x0000000712a00000|  0%| F|  |TAMS 0x0000000712900000, 0x0000000712900000| Untracked 
| 264|0x0000000712a00000, 0x0000000712a00000, 0x0000000712b00000|  0%| F|  |TAMS 0x0000000712a00000, 0x0000000712a00000| Untracked 
| 265|0x0000000712b00000, 0x0000000712b00000, 0x0000000712c00000|  0%| F|  |TAMS 0x0000000712b00000, 0x0000000712b00000| Untracked 
| 266|0x0000000712c00000, 0x0000000712c00000, 0x0000000712d00000|  0%| F|  |TAMS 0x0000000712c00000, 0x0000000712c00000| Untracked 
| 267|0x0000000712d00000, 0x0000000712d00000, 0x0000000712e00000|  0%| F|  |TAMS 0x0000000712d00000, 0x0000000712d00000| Untracked 
| 268|0x0000000712e00000, 0x0000000712e00000, 0x0000000712f00000|  0%| F|  |TAMS 0x0000000712e00000, 0x0000000712e00000| Untracked 
| 269|0x0000000712f00000, 0x0000000712f00000, 0x0000000713000000|  0%| F|  |TAMS 0x0000000712f00000, 0x0000000712f00000| Untracked 
| 270|0x0000000713000000, 0x0000000713000000, 0x0000000713100000|  0%| F|  |TAMS 0x0000000713000000, 0x0000000713000000| Untracked 
| 271|0x0000000713100000, 0x0000000713100000, 0x0000000713200000|  0%| F|  |TAMS 0x0000000713100000, 0x0000000713100000| Untracked 
| 272|0x0000000713200000, 0x0000000713200000, 0x0000000713300000|  0%| F|  |TAMS 0x0000000713200000, 0x0000000713200000| Untracked 
| 273|0x0000000713300000, 0x0000000713300000, 0x0000000713400000|  0%| F|  |TAMS 0x0000000713300000, 0x0000000713300000| Untracked 
| 274|0x0000000713400000, 0x0000000713400000, 0x0000000713500000|  0%| F|  |TAMS 0x0000000713400000, 0x0000000713400000| Untracked 
| 275|0x0000000713500000, 0x0000000713500000, 0x0000000713600000|  0%| F|  |TAMS 0x0000000713500000, 0x0000000713500000| Untracked 
| 276|0x0000000713600000, 0x0000000713600000, 0x0000000713700000|  0%| F|  |TAMS 0x0000000713600000, 0x0000000713600000| Untracked 
| 277|0x0000000713700000, 0x0000000713700000, 0x0000000713800000|  0%| F|  |TAMS 0x0000000713700000, 0x0000000713700000| Untracked 
| 278|0x0000000713800000, 0x0000000713800000, 0x0000000713900000|  0%| F|  |TAMS 0x0000000713800000, 0x0000000713800000| Untracked 
| 279|0x0000000713900000, 0x0000000713900000, 0x0000000713a00000|  0%| F|  |TAMS 0x0000000713900000, 0x0000000713900000| Untracked 
| 280|0x0000000713a00000, 0x0000000713a00000, 0x0000000713b00000|  0%| F|  |TAMS 0x0000000713a00000, 0x0000000713a00000| Untracked 
| 281|0x0000000713b00000, 0x0000000713b00000, 0x0000000713c00000|  0%| F|  |TAMS 0x0000000713b00000, 0x0000000713b00000| Untracked 
| 282|0x0000000713c00000, 0x0000000713c00000, 0x0000000713d00000|  0%| F|  |TAMS 0x0000000713c00000, 0x0000000713c00000| Untracked 
| 283|0x0000000713d00000, 0x0000000713d00000, 0x0000000713e00000|  0%| F|  |TAMS 0x0000000713d00000, 0x0000000713d00000| Untracked 
| 284|0x0000000713e00000, 0x0000000713e00000, 0x0000000713f00000|  0%| F|  |TAMS 0x0000000713e00000, 0x0000000713e00000| Untracked 
| 285|0x0000000713f00000, 0x0000000713f00000, 0x0000000714000000|  0%| F|  |TAMS 0x0000000713f00000, 0x0000000713f00000| Untracked 
| 286|0x0000000714000000, 0x0000000714000000, 0x0000000714100000|  0%| F|  |TAMS 0x0000000714000000, 0x0000000714000000| Untracked 
| 287|0x0000000714100000, 0x0000000714100000, 0x0000000714200000|  0%| F|  |TAMS 0x0000000714100000, 0x0000000714100000| Untracked 
| 288|0x0000000714200000, 0x0000000714200000, 0x0000000714300000|  0%| F|  |TAMS 0x0000000714200000, 0x0000000714200000| Untracked 
| 289|0x0000000714300000, 0x0000000714300000, 0x0000000714400000|  0%| F|  |TAMS 0x0000000714300000, 0x0000000714300000| Untracked 
| 290|0x0000000714400000, 0x0000000714400000, 0x0000000714500000|  0%| F|  |TAMS 0x0000000714400000, 0x0000000714400000| Untracked 
| 291|0x0000000714500000, 0x0000000714500000, 0x0000000714600000|  0%| F|  |TAMS 0x0000000714500000, 0x0000000714500000| Untracked 
| 292|0x0000000714600000, 0x0000000714600000, 0x0000000714700000|  0%| F|  |TAMS 0x0000000714600000, 0x0000000714600000| Untracked 
| 293|0x0000000714700000, 0x0000000714780800, 0x0000000714800000| 50%| E|  |TAMS 0x0000000714700000, 0x0000000714700000| Complete 
| 294|0x0000000714800000, 0x0000000714900000, 0x0000000714900000|100%| E|CS|TAMS 0x0000000714800000, 0x0000000714800000| Complete 
| 295|0x0000000714900000, 0x0000000714a00000, 0x0000000714a00000|100%| E|CS|TAMS 0x0000000714900000, 0x0000000714900000| Complete 
| 296|0x0000000714a00000, 0x0000000714b00000, 0x0000000714b00000|100%| E|CS|TAMS 0x0000000714a00000, 0x0000000714a00000| Complete 
| 297|0x0000000714b00000, 0x0000000714c00000, 0x0000000714c00000|100%| E|CS|TAMS 0x0000000714b00000, 0x0000000714b00000| Complete 
| 298|0x0000000714c00000, 0x0000000714d00000, 0x0000000714d00000|100%| E|CS|TAMS 0x0000000714c00000, 0x0000000714c00000| Complete 
| 299|0x0000000714d00000, 0x0000000714e00000, 0x0000000714e00000|100%| E|CS|TAMS 0x0000000714d00000, 0x0000000714d00000| Complete 
| 300|0x0000000714e00000, 0x0000000714f00000, 0x0000000714f00000|100%| E|CS|TAMS 0x0000000714e00000, 0x0000000714e00000| Complete 
| 301|0x0000000714f00000, 0x0000000715000000, 0x0000000715000000|100%| E|CS|TAMS 0x0000000714f00000, 0x0000000714f00000| Complete 
| 302|0x0000000715000000, 0x0000000715100000, 0x0000000715100000|100%| E|CS|TAMS 0x0000000715000000, 0x0000000715000000| Complete 
| 303|0x0000000715100000, 0x0000000715200000, 0x0000000715200000|100%| E|CS|TAMS 0x0000000715100000, 0x0000000715100000| Complete 
| 304|0x0000000715200000, 0x0000000715300000, 0x0000000715300000|100%| E|CS|TAMS 0x0000000715200000, 0x0000000715200000| Complete 
| 305|0x0000000715300000, 0x0000000715400000, 0x0000000715400000|100%| E|CS|TAMS 0x0000000715300000, 0x0000000715300000| Complete 
| 306|0x0000000715400000, 0x0000000715500000, 0x0000000715500000|100%| E|CS|TAMS 0x0000000715400000, 0x0000000715400000| Complete 
| 307|0x0000000715500000, 0x0000000715600000, 0x0000000715600000|100%| E|CS|TAMS 0x0000000715500000, 0x0000000715500000| Complete 
| 308|0x0000000715600000, 0x0000000715700000, 0x0000000715700000|100%| E|CS|TAMS 0x0000000715600000, 0x0000000715600000| Complete 
| 309|0x0000000715700000, 0x0000000715800000, 0x0000000715800000|100%| E|CS|TAMS 0x0000000715700000, 0x0000000715700000| Complete 
| 310|0x0000000715800000, 0x0000000715900000, 0x0000000715900000|100%| E|CS|TAMS 0x0000000715800000, 0x0000000715800000| Complete 
| 311|0x0000000715900000, 0x0000000715a00000, 0x0000000715a00000|100%| E|CS|TAMS 0x0000000715900000, 0x0000000715900000| Complete 
| 312|0x0000000715a00000, 0x0000000715b00000, 0x0000000715b00000|100%| E|CS|TAMS 0x0000000715a00000, 0x0000000715a00000| Complete 
| 313|0x0000000715b00000, 0x0000000715c00000, 0x0000000715c00000|100%| E|CS|TAMS 0x0000000715b00000, 0x0000000715b00000| Complete 
| 314|0x0000000715c00000, 0x0000000715d00000, 0x0000000715d00000|100%| E|CS|TAMS 0x0000000715c00000, 0x0000000715c00000| Complete 
| 315|0x0000000715d00000, 0x0000000715e00000, 0x0000000715e00000|100%| E|CS|TAMS 0x0000000715d00000, 0x0000000715d00000| Complete 
| 316|0x0000000715e00000, 0x0000000715f00000, 0x0000000715f00000|100%| E|CS|TAMS 0x0000000715e00000, 0x0000000715e00000| Complete 
| 317|0x0000000715f00000, 0x0000000716000000, 0x0000000716000000|100%| E|CS|TAMS 0x0000000715f00000, 0x0000000715f00000| Complete 
| 318|0x0000000716000000, 0x0000000716100000, 0x0000000716100000|100%| E|CS|TAMS 0x0000000716000000, 0x0000000716000000| Complete 
| 319|0x0000000716100000, 0x0000000716200000, 0x0000000716200000|100%| E|CS|TAMS 0x0000000716100000, 0x0000000716100000| Complete 
| 320|0x0000000716200000, 0x0000000716300000, 0x0000000716300000|100%| E|CS|TAMS 0x0000000716200000, 0x0000000716200000| Complete 
| 321|0x0000000716300000, 0x0000000716400000, 0x0000000716400000|100%| E|CS|TAMS 0x0000000716300000, 0x0000000716300000| Complete 
| 322|0x0000000716400000, 0x0000000716500000, 0x0000000716500000|100%| E|CS|TAMS 0x0000000716400000, 0x0000000716400000| Complete 
| 323|0x0000000716500000, 0x0000000716600000, 0x0000000716600000|100%| E|CS|TAMS 0x0000000716500000, 0x0000000716500000| Complete 
| 324|0x0000000716600000, 0x0000000716700000, 0x0000000716700000|100%| E|CS|TAMS 0x0000000716600000, 0x0000000716600000| Complete 
| 325|0x0000000716700000, 0x0000000716800000, 0x0000000716800000|100%| E|CS|TAMS 0x0000000716700000, 0x0000000716700000| Complete 
| 326|0x0000000716800000, 0x0000000716900000, 0x0000000716900000|100%| E|CS|TAMS 0x0000000716800000, 0x0000000716800000| Complete 
| 327|0x0000000716900000, 0x0000000716a00000, 0x0000000716a00000|100%| E|CS|TAMS 0x0000000716900000, 0x0000000716900000| Complete 
| 328|0x0000000716a00000, 0x0000000716b00000, 0x0000000716b00000|100%| E|CS|TAMS 0x0000000716a00000, 0x0000000716a00000| Complete 
| 329|0x0000000716b00000, 0x0000000716c00000, 0x0000000716c00000|100%| E|CS|TAMS 0x0000000716b00000, 0x0000000716b00000| Complete 
| 330|0x0000000716c00000, 0x0000000716d00000, 0x0000000716d00000|100%| E|CS|TAMS 0x0000000716c00000, 0x0000000716c00000| Complete 
| 331|0x0000000716d00000, 0x0000000716e00000, 0x0000000716e00000|100%| E|CS|TAMS 0x0000000716d00000, 0x0000000716d00000| Complete 
| 332|0x0000000716e00000, 0x0000000716f00000, 0x0000000716f00000|100%| E|CS|TAMS 0x0000000716e00000, 0x0000000716e00000| Complete 
| 333|0x0000000716f00000, 0x0000000717000000, 0x0000000717000000|100%| E|CS|TAMS 0x0000000716f00000, 0x0000000716f00000| Complete 
| 334|0x0000000717000000, 0x0000000717100000, 0x0000000717100000|100%| E|CS|TAMS 0x0000000717000000, 0x0000000717000000| Complete 
| 335|0x0000000717100000, 0x0000000717200000, 0x0000000717200000|100%| E|CS|TAMS 0x0000000717100000, 0x0000000717100000| Complete 
| 336|0x0000000717200000, 0x0000000717300000, 0x0000000717300000|100%| E|CS|TAMS 0x0000000717200000, 0x0000000717200000| Complete 
| 337|0x0000000717300000, 0x0000000717400000, 0x0000000717400000|100%| E|CS|TAMS 0x0000000717300000, 0x0000000717300000| Complete 
| 338|0x0000000717400000, 0x0000000717500000, 0x0000000717500000|100%| E|CS|TAMS 0x0000000717400000, 0x0000000717400000| Complete 
| 339|0x0000000717500000, 0x0000000717600000, 0x0000000717600000|100%| E|CS|TAMS 0x0000000717500000, 0x0000000717500000| Complete 
| 340|0x0000000717600000, 0x0000000717700000, 0x0000000717700000|100%| E|CS|TAMS 0x0000000717600000, 0x0000000717600000| Complete 
| 341|0x0000000717700000, 0x0000000717800000, 0x0000000717800000|100%| E|CS|TAMS 0x0000000717700000, 0x0000000717700000| Complete 
| 342|0x0000000717800000, 0x0000000717900000, 0x0000000717900000|100%| E|CS|TAMS 0x0000000717800000, 0x0000000717800000| Complete 
| 343|0x0000000717900000, 0x0000000717a00000, 0x0000000717a00000|100%| E|CS|TAMS 0x0000000717900000, 0x0000000717900000| Complete 
| 344|0x0000000717a00000, 0x0000000717b00000, 0x0000000717b00000|100%| E|CS|TAMS 0x0000000717a00000, 0x0000000717a00000| Complete 
| 345|0x0000000717b00000, 0x0000000717c00000, 0x0000000717c00000|100%| E|CS|TAMS 0x0000000717b00000, 0x0000000717b00000| Complete 
| 346|0x0000000717c00000, 0x0000000717d00000, 0x0000000717d00000|100%| E|CS|TAMS 0x0000000717c00000, 0x0000000717c00000| Complete 
| 347|0x0000000717d00000, 0x0000000717e00000, 0x0000000717e00000|100%| E|CS|TAMS 0x0000000717d00000, 0x0000000717d00000| Complete 
| 348|0x0000000717e00000, 0x0000000717f00000, 0x0000000717f00000|100%| E|CS|TAMS 0x0000000717e00000, 0x0000000717e00000| Complete 
| 349|0x0000000717f00000, 0x0000000718000000, 0x0000000718000000|100%| E|CS|TAMS 0x0000000717f00000, 0x0000000717f00000| Complete 
| 350|0x0000000718000000, 0x0000000718100000, 0x0000000718100000|100%| E|CS|TAMS 0x0000000718000000, 0x0000000718000000| Complete 
| 351|0x0000000718100000, 0x0000000718200000, 0x0000000718200000|100%| E|CS|TAMS 0x0000000718100000, 0x0000000718100000| Complete 
| 352|0x0000000718200000, 0x0000000718300000, 0x0000000718300000|100%| E|CS|TAMS 0x0000000718200000, 0x0000000718200000| Complete 
| 353|0x0000000718300000, 0x0000000718400000, 0x0000000718400000|100%| E|CS|TAMS 0x0000000718300000, 0x0000000718300000| Complete 
| 354|0x0000000718400000, 0x0000000718500000, 0x0000000718500000|100%| E|CS|TAMS 0x0000000718400000, 0x0000000718400000| Complete 
| 355|0x0000000718500000, 0x0000000718600000, 0x0000000718600000|100%| E|CS|TAMS 0x0000000718500000, 0x0000000718500000| Complete 
| 356|0x0000000718600000, 0x0000000718700000, 0x0000000718700000|100%| E|CS|TAMS 0x0000000718600000, 0x0000000718600000| Complete 
| 357|0x0000000718700000, 0x0000000718800000, 0x0000000718800000|100%| E|CS|TAMS 0x0000000718700000, 0x0000000718700000| Complete 
| 358|0x0000000718800000, 0x0000000718900000, 0x0000000718900000|100%| E|CS|TAMS 0x0000000718800000, 0x0000000718800000| Complete 
| 359|0x0000000718900000, 0x0000000718a00000, 0x0000000718a00000|100%| E|CS|TAMS 0x0000000718900000, 0x0000000718900000| Complete 
| 360|0x0000000718a00000, 0x0000000718b00000, 0x0000000718b00000|100%| E|CS|TAMS 0x0000000718a00000, 0x0000000718a00000| Complete 
| 361|0x0000000718b00000, 0x0000000718c00000, 0x0000000718c00000|100%| E|CS|TAMS 0x0000000718b00000, 0x0000000718b00000| Complete 
| 362|0x0000000718c00000, 0x0000000718d00000, 0x0000000718d00000|100%| E|CS|TAMS 0x0000000718c00000, 0x0000000718c00000| Complete 
| 363|0x0000000718d00000, 0x0000000718e00000, 0x0000000718e00000|100%| E|CS|TAMS 0x0000000718d00000, 0x0000000718d00000| Complete 
| 364|0x0000000718e00000, 0x0000000718f00000, 0x0000000718f00000|100%| E|CS|TAMS 0x0000000718e00000, 0x0000000718e00000| Complete 
| 365|0x0000000718f00000, 0x0000000719000000, 0x0000000719000000|100%| E|CS|TAMS 0x0000000718f00000, 0x0000000718f00000| Complete 

Card table byte_map: [0x00000212d4e70000,0x00000212d5660000] _byte_map_base: 0x00000212d165f000

Marking Bits (Prev, Next): (CMBitMap*) 0x00000212bcdb2128, (CMBitMap*) 0x00000212bcdb2168
 Prev Bits: [0x00000212d5e50000, 0x00000212d9dc8000)
 Next Bits: [0x00000212d9dd0000, 0x00000212ddd48000)

Polling page: 0x00000212bacd0000

Metaspace:

Usage:
  Non-class:      9.74 MB capacity,     7.35 MB ( 75%) used,     2.38 MB ( 24%) free+waste,     9.88 KB ( <1%) overhead. 
      Class:    689.00 KB capacity,   379.27 KB ( 55%) used,   306.42 KB ( 44%) free+waste,     3.31 KB ( <1%) overhead. 
       Both:     10.42 MB capacity,     7.72 MB ( 74%) used,     2.68 MB ( 26%) free+waste,    13.19 KB ( <1%) overhead. 

Virtual space:
  Non-class space:       10.00 MB reserved,      10.00 MB (100%) committed 
      Class space:        1.00 GB reserved,     768.00 KB ( <1%) committed 
             Both:        1.01 GB reserved,      10.75 MB (  1%) committed 

Chunk freelists:
   Non-Class:  72.00 KB
       Class:  15.00 KB
        Both:  87.00 KB

MaxMetaspaceSize: 17179869184.00 GB
CompressedClassSpaceSize: 1.00 GB

CodeHeap 'non-profiled nmethods': size=120000Kb used=951Kb max_used=951Kb free=119048Kb
 bounds [0x00000212ccd10000, 0x00000212ccf80000, 0x00000212d4240000]
CodeHeap 'profiled nmethods': size=120000Kb used=3110Kb max_used=3110Kb free=116889Kb
 bounds [0x00000212c57e0000, 0x00000212c5af0000, 0x00000212ccd10000]
CodeHeap 'non-nmethods': size=5760Kb used=1619Kb max_used=1665Kb free=4140Kb
 bounds [0x00000212c5240000, 0x00000212c54b0000, 0x00000212c57e0000]
 total_blobs=3411 nmethods=1514 adapters=924
 compilation: enabled
              stopped_count=0, restarted_count=0
 full_count=0

Compilation events (20 events):
Event: 54.041 Thread 0x00000212e1183000 1506       4       guis.UIBoxState::setActiveElementBySameOffset (106 bytes)
Event: 54.055 Thread 0x00000212e1183000 nmethod 1506 0x00000212ccde8290 code [0x00000212ccde8480, 0x00000212ccde8d48]
Event: 55.240 Thread 0x00000212e1183000 1507       4       input.InputHandler::EnableButtons (21 bytes)
Event: 55.246 Thread 0x00000212e1183000 nmethod 1507 0x00000212ccde9510 code [0x00000212ccde96e0, 0x00000212ccde9b28]
Event: 57.245 Thread 0x00000212e1183000 1508       4       java.util.HashMap$HashIterator::<init> (79 bytes)
Event: 57.250 Thread 0x00000212e1183000 nmethod 1508 0x00000212ccde9e90 code [0x00000212ccdea020, 0x00000212ccdea418]
Event: 58.359 Thread 0x00000212e1183000 1509       4       battleClasses.BattleEnemyField::updateField (255 bytes)
Event: 58.382 Thread 0x00000212e1183000 nmethod 1509 0x00000212ccdea590 code [0x00000212ccdea7e0, 0x00000212ccdeb070]
Event: 60.941 Thread 0x00000212e1188800 1510       3       guis.UIBox::show (63 bytes)
Event: 60.941 Thread 0x00000212e1188800 nmethod 1510 0x00000212c5ae9210 code [0x00000212c5ae93e0, 0x00000212c5ae9760]
Event: 71.164 Thread 0x00000212e1183000 1511       4       gameEngine.Start::battleupdate (1113 bytes)
Event: 72.085 Thread 0x00000212e1183000 nmethod 1511 0x00000212ccdebb90 code [0x00000212ccdec3e0, 0x00000212ccdf3cf8]
Event: 74.944 Thread 0x00000212e1183000 1512       4       java.lang.StringLatin1::newString (17 bytes)
Event: 74.947 Thread 0x00000212e1183000 nmethod 1512 0x00000212ccdf8c10 code [0x00000212ccdf8da0, 0x00000212ccdf9178]
Event: 75.895 Thread 0x00000212e1183000 1513       4       java.lang.AbstractStringBuilder::putStringAt (29 bytes)
Event: 75.896 Thread 0x00000212e1183000 nmethod 1513 0x00000212ccdf9310 code [0x00000212ccdf94a0, 0x00000212ccdf9618]
Event: 88.090 Thread 0x00000212e1183000 1514       4       gameEngine.Start::Inputupdate (1771 bytes)
Event: 88.144 Thread 0x00000212e1183000 nmethod 1514 0x00000212ccdf9790 code [0x00000212ccdf9c60, 0x00000212ccdfb880]
Event: 88.144 Thread 0x00000212e1183000 1515       4       Scripter.Proccesor::proccesCommands (295 bytes)
Event: 88.146 Thread 0x00000212e1183000 nmethod 1515 0x00000212ccdfd210 code [0x00000212ccdfd3a0, 0x00000212ccdfd498]

GC Heap History (20 events):
Event: 392.053 GC heap before
{Heap before GC invocations=249 (full 0):
 garbage-first heap   total 374784K, used 246946K [0x0000000702200000, 0x0000000800000000)
  region size 1024K, 219 young (224256K), 7 survivors (7168K)
 Metaspace       used 7904K, capacity 10665K, committed 11008K, reserved 1058816K
  class space    used 379K, capacity 689K, committed 768K, reserved 1048576K
}
Event: 392.075 GC heap after
{Heap after GC invocations=250 (full 0):
 garbage-first heap   total 374784K, used 30614K [0x0000000702200000, 0x0000000800000000)
  region size 1024K, 7 young (7168K), 7 survivors (7168K)
 Metaspace       used 7904K, capacity 10665K, committed 11008K, reserved 1058816K
  class space    used 379K, capacity 689K, committed 768K, reserved 1048576K
}
Event: 394.323 GC heap before
{Heap before GC invocations=250 (full 0):
 garbage-first heap   total 374784K, used 247702K [0x0000000702200000, 0x0000000800000000)
  region size 1024K, 219 young (224256K), 7 survivors (7168K)
 Metaspace       used 7904K, capacity 10665K, committed 11008K, reserved 1058816K
  class space    used 379K, capacity 689K, committed 768K, reserved 1048576K
}
Event: 394.343 GC heap after
{Heap after GC invocations=251 (full 0):
 garbage-first heap   total 374784K, used 30228K [0x0000000702200000, 0x0000000800000000)
  region size 1024K, 7 young (7168K), 7 survivors (7168K)
 Metaspace       used 7904K, capacity 10665K, committed 11008K, reserved 1058816K
  class space    used 379K, capacity 689K, committed 768K, reserved 1048576K
}
Event: 396.069 GC heap before
{Heap before GC invocations=251 (full 0):
 garbage-first heap   total 374784K, used 247316K [0x0000000702200000, 0x0000000800000000)
  region size 1024K, 219 young (224256K), 7 survivors (7168K)
 Metaspace       used 7904K, capacity 10665K, committed 11008K, reserved 1058816K
  class space    used 379K, capacity 689K, committed 768K, reserved 1048576K
}
Event: 396.085 GC heap after
{Heap after GC invocations=252 (full 0):
 garbage-first heap   total 374784K, used 28876K [0x0000000702200000, 0x0000000800000000)
  region size 1024K, 6 young (6144K), 6 survivors (6144K)
 Metaspace       used 7904K, capacity 10665K, committed 11008K, reserved 1058816K
  class space    used 379K, capacity 689K, committed 768K, reserved 1048576K
}
Event: 398.238 GC heap before
{Heap before GC invocations=252 (full 0):
 garbage-first heap   total 374784K, used 246988K [0x0000000702200000, 0x0000000800000000)
  region size 1024K, 219 young (224256K), 6 survivors (6144K)
 Metaspace       used 7904K, capacity 10665K, committed 11008K, reserved 1058816K
  class space    used 379K, capacity 689K, committed 768K, reserved 1048576K
}
Event: 398.258 GC heap after
{Heap after GC invocations=253 (full 0):
 garbage-first heap   total 374784K, used 29845K [0x0000000702200000, 0x0000000800000000)
  region size 1024K, 7 young (7168K), 7 survivors (7168K)
 Metaspace       used 7904K, capacity 10665K, committed 11008K, reserved 1058816K
  class space    used 379K, capacity 689K, committed 768K, reserved 1048576K
}
Event: 400.388 GC heap before
{Heap before GC invocations=253 (full 0):
 garbage-first heap   total 374784K, used 246933K [0x0000000702200000, 0x0000000800000000)
  region size 1024K, 219 young (224256K), 7 survivors (7168K)
 Metaspace       used 7904K, capacity 10665K, committed 11008K, reserved 1058816K
  class space    used 379K, capacity 689K, committed 768K, reserved 1048576K
}
Event: 400.408 GC heap after
{Heap after GC invocations=254 (full 0):
 garbage-first heap   total 374784K, used 29732K [0x0000000702200000, 0x0000000800000000)
  region size 1024K, 7 young (7168K), 7 survivors (7168K)
 Metaspace       used 7904K, capacity 10665K, committed 11008K, reserved 1058816K
  class space    used 379K, capacity 689K, committed 768K, reserved 1048576K
}
Event: 402.638 GC heap before
{Heap before GC invocations=254 (full 0):
 garbage-first heap   total 374784K, used 246820K [0x0000000702200000, 0x0000000800000000)
  region size 1024K, 219 young (224256K), 7 survivors (7168K)
 Metaspace       used 7904K, capacity 10665K, committed 11008K, reserved 1058816K
  class space    used 379K, capacity 689K, committed 768K, reserved 1048576K
}
Event: 402.659 GC heap after
{Heap after GC invocations=255 (full 0):
 garbage-first heap   total 374784K, used 30313K [0x0000000702200000, 0x0000000800000000)
  region size 1024K, 7 young (7168K), 7 survivors (7168K)
 Metaspace       used 7904K, capacity 10665K, committed 11008K, reserved 1058816K
  class space    used 379K, capacity 689K, committed 768K, reserved 1048576K
}
Event: 404.889 GC heap before
{Heap before GC invocations=255 (full 0):
 garbage-first heap   total 374784K, used 247401K [0x0000000702200000, 0x0000000800000000)
  region size 1024K, 219 young (224256K), 7 survivors (7168K)
 Metaspace       used 7904K, capacity 10665K, committed 11008K, reserved 1058816K
  class space    used 379K, capacity 689K, committed 768K, reserved 1048576K
}
Event: 404.909 GC heap after
{Heap after GC invocations=256 (full 0):
 garbage-first heap   total 374784K, used 30191K [0x0000000702200000, 0x0000000800000000)
  region size 1024K, 7 young (7168K), 7 survivors (7168K)
 Metaspace       used 7904K, capacity 10665K, committed 11008K, reserved 1058816K
  class space    used 379K, capacity 689K, committed 768K, reserved 1048576K
}
Event: 407.469 GC heap before
{Heap before GC invocations=256 (full 0):
 garbage-first heap   total 374784K, used 247279K [0x0000000702200000, 0x0000000800000000)
  region size 1024K, 219 young (224256K), 7 survivors (7168K)
 Metaspace       used 7904K, capacity 10665K, committed 11008K, reserved 1058816K
  class space    used 379K, capacity 689K, committed 768K, reserved 1048576K
}
Event: 407.492 GC heap after
{Heap after GC invocations=257 (full 0):
 garbage-first heap   total 374784K, used 31069K [0x0000000702200000, 0x0000000800000000)
  region size 1024K, 8 young (8192K), 8 survivors (8192K)
 Metaspace       used 7904K, capacity 10665K, committed 11008K, reserved 1058816K
  class space    used 379K, capacity 689K, committed 768K, reserved 1048576K
}
Event: 409.823 GC heap before
{Heap before GC invocations=257 (full 0):
 garbage-first heap   total 374784K, used 247133K [0x0000000702200000, 0x0000000800000000)
  region size 1024K, 219 young (224256K), 8 survivors (8192K)
 Metaspace       used 7904K, capacity 10665K, committed 11008K, reserved 1058816K
  class space    used 379K, capacity 689K, committed 768K, reserved 1048576K
}
Event: 409.844 GC heap after
{Heap after GC invocations=258 (full 0):
 garbage-first heap   total 374784K, used 30614K [0x0000000702200000, 0x0000000800000000)
  region size 1024K, 7 young (7168K), 7 survivors (7168K)
 Metaspace       used 7904K, capacity 10665K, committed 11008K, reserved 1058816K
  class space    used 379K, capacity 689K, committed 768K, reserved 1048576K
}
Event: 411.822 GC heap before
{Heap before GC invocations=258 (full 0):
 garbage-first heap   total 374784K, used 247702K [0x0000000702200000, 0x0000000800000000)
  region size 1024K, 219 young (224256K), 7 survivors (7168K)
 Metaspace       used 7904K, capacity 10665K, committed 11008K, reserved 1058816K
  class space    used 379K, capacity 689K, committed 768K, reserved 1048576K
}
Event: 411.840 GC heap after
{Heap after GC invocations=259 (full 0):
 garbage-first heap   total 374784K, used 29590K [0x0000000702200000, 0x0000000800000000)
  region size 1024K, 6 young (6144K), 6 survivors (6144K)
 Metaspace       used 7904K, capacity 10665K, committed 11008K, reserved 1058816K
  class space    used 379K, capacity 689K, committed 768K, reserved 1048576K
}

Deoptimization events (20 events):
Event: 4.274 Thread 0x00000212bab6e000 Uncommon trap: trap_request=0xffffff66 fr.pc=0x00000212ccdb6388 relative=0x0000000000000168
Event: 4.274 Thread 0x00000212bab6e000 Uncommon trap: reason=speculate_class_check action=maybe_recompile pc=0x00000212ccdb6388 method=org.lwjgl.system.MemoryAccess$MemoryAccessorUnsafe.setup(Ljava/lang/Class;JI)Ljava/nio/Buffer; @ 53 c2
Event: 4.274 Thread 0x00000212bab6e000 DEOPT PACKING pc=0x00000212ccdb6388 sp=0x00000039415fecb0
Event: 4.274 Thread 0x00000212bab6e000 DEOPT UNPACKING pc=0x00000212c528912f sp=0x00000039415fec20 mode 2
Event: 4.682 Thread 0x00000212e08dd800 DEOPT PACKING pc=0x00000212c5a90872 sp=0x0000003941cfedc0
Event: 4.682 Thread 0x00000212e08dd800 DEOPT UNPACKING pc=0x00000212c528964e sp=0x0000003941cfe2d0 mode 0
Event: 4.684 Thread 0x00000212e08dd800 DEOPT PACKING pc=0x00000212c5a8ef42 sp=0x0000003941cfedc0
Event: 4.684 Thread 0x00000212e08dd800 DEOPT UNPACKING pc=0x00000212c528964e sp=0x0000003941cfe2d0 mode 0
Event: 5.134 Thread 0x00000212e08dd800 DEOPT PACKING pc=0x00000212c5a90872 sp=0x0000003941cfedc0
Event: 5.134 Thread 0x00000212e08dd800 DEOPT UNPACKING pc=0x00000212c528964e sp=0x0000003941cfe2d0 mode 0
Event: 5.136 Thread 0x00000212e08dd800 DEOPT PACKING pc=0x00000212c5a8ef42 sp=0x0000003941cfedc0
Event: 5.136 Thread 0x00000212e08dd800 DEOPT UNPACKING pc=0x00000212c528964e sp=0x0000003941cfe2d0 mode 0
Event: 5.579 Thread 0x00000212e08dd800 DEOPT PACKING pc=0x00000212c5a90872 sp=0x0000003941cfedc0
Event: 5.579 Thread 0x00000212e08dd800 DEOPT UNPACKING pc=0x00000212c528964e sp=0x0000003941cfe2d0 mode 0
Event: 6.046 Thread 0x00000212e08dd800 DEOPT PACKING pc=0x00000212c5a90872 sp=0x0000003941cfedc0
Event: 6.046 Thread 0x00000212e08dd800 DEOPT UNPACKING pc=0x00000212c528964e sp=0x0000003941cfe2d0 mode 0
Event: 49.557 Thread 0x00000212bab6e000 DEOPT PACKING pc=0x00000212c5ab76c6 sp=0x00000039415febc0
Event: 49.557 Thread 0x00000212bab6e000 DEOPT UNPACKING pc=0x00000212c528964e sp=0x00000039415fe208 mode 0
Event: 60.941 Thread 0x00000212bab6e000 DEOPT PACKING pc=0x00000212c5ad6014 sp=0x00000039415fec00
Event: 60.941 Thread 0x00000212bab6e000 DEOPT UNPACKING pc=0x00000212c528964e sp=0x00000039415fe078 mode 0

Classes unloaded (0 events):
No events

Classes redefined (0 events):
No events

Internal exceptions (4 events):
Event: 0.254 Thread 0x00000212bab6e000 Exception <a 'java/lang/NoSuchMethodError'{0x000000071162f2c8}: 'void java.lang.invoke.DelegatingMethodHandle$Holder.delegate(java.lang.Object, java.lang.Object, int, java.lang.Object)'> (0x000000071162f2c8) 
thrown [t:/workspace/open/src/hotspot/share/interpreter/linkResolver.cpp, line 767]
Event: 0.255 Thread 0x00000212bab6e000 Exception <a 'java/lang/NoSuchMethodError'{0x0000000711636020}: 'java.lang.Object java.lang.invoke.DirectMethodHandle$Holder.invokeStaticInit(java.lang.Object, java.lang.Object, java.lang.Object)'> (0x0000000711636020) 
thrown [t:/workspace/open/src/hotspot/share/interpreter/linkResolver.cpp, line 767]
Event: 1.408 Thread 0x00000212bab6e000 Exception <a 'sun/nio/fs/WindowsException'{0x00000007110ee790}> (0x00000007110ee790) 
thrown [t:/workspace/open/src/hotspot/share/prims/jni.cpp, line 598]
Event: 1.409 Thread 0x00000212bab6e000 Exception <a 'sun/nio/fs/WindowsException'{0x00000007110eec70}> (0x00000007110eec70) 
thrown [t:/workspace/open/src/hotspot/share/prims/jni.cpp, line 598]

Events (20 events):
Event: 396.069 Executing VM operation: G1CollectForAllocation
Event: 396.085 Executing VM operation: G1CollectForAllocation done
Event: 398.238 Executing VM operation: G1CollectForAllocation
Event: 398.258 Executing VM operation: G1CollectForAllocation done
Event: 400.388 Executing VM operation: G1CollectForAllocation
Event: 400.408 Executing VM operation: G1CollectForAllocation done
Event: 402.637 Executing VM operation: G1CollectForAllocation
Event: 402.659 Executing VM operation: G1CollectForAllocation done
Event: 402.684 Loaded shared library C:\Program Files\Java\jdk-13.0.2\bin\java.dll
Event: 402.685 Loaded shared library C:\Program Files\Java\jdk-13.0.2\bin\java.dll
Event: 402.687 Loaded shared library C:\Program Files\Java\jdk-13.0.2\bin\java.dll
Event: 402.688 Loaded shared library C:\Program Files\Java\jdk-13.0.2\bin\java.dll
Event: 404.889 Executing VM operation: G1CollectForAllocation
Event: 404.909 Executing VM operation: G1CollectForAllocation done
Event: 407.469 Executing VM operation: G1CollectForAllocation
Event: 407.492 Executing VM operation: G1CollectForAllocation done
Event: 409.823 Executing VM operation: G1CollectForAllocation
Event: 409.844 Executing VM operation: G1CollectForAllocation done
Event: 411.822 Executing VM operation: G1CollectForAllocation
Event: 411.840 Executing VM operation: G1CollectForAllocation done


Dynamic libraries:
0x00007ff7ece40000 - 0x00007ff7ece4f000 	C:\Program Files\Java\jdk-13.0.2\bin\javaw.exe
0x00007ffe97480000 - 0x00007ffe97670000 	C:\WINDOWS\SYSTEM32\ntdll.dll
0x00007ffe95a40000 - 0x00007ffe95af2000 	C:\WINDOWS\System32\KERNEL32.DLL
0x00007ffe944c0000 - 0x00007ffe94763000 	C:\WINDOWS\System32\KERNELBASE.dll
0x00007ffe951c0000 - 0x00007ffe952ba000 	C:\WINDOWS\System32\ucrtbase.dll
0x00007ffe76ac0000 - 0x00007ffe76ad5000 	C:\Program Files\Java\jdk-13.0.2\bin\VCRUNTIME140.dll
0x00007ffe76ae0000 - 0x00007ffe76af8000 	C:\Program Files\Java\jdk-13.0.2\bin\jli.dll
0x00007ffe961c0000 - 0x00007ffe96263000 	C:\WINDOWS\System32\ADVAPI32.dll
0x00007ffe95f90000 - 0x00007ffe9602e000 	C:\WINDOWS\System32\msvcrt.dll
0x00007ffe96270000 - 0x00007ffe96307000 	C:\WINDOWS\System32\sechost.dll
0x00007ffe960a0000 - 0x00007ffe961c0000 	C:\WINDOWS\System32\RPCRT4.dll
0x00007ffe96340000 - 0x00007ffe964d4000 	C:\WINDOWS\System32\USER32.dll
0x00007ffe952c0000 - 0x00007ffe952e1000 	C:\WINDOWS\System32\win32u.dll
0x00007ffe96540000 - 0x00007ffe96566000 	C:\WINDOWS\System32\GDI32.dll
0x00007ffe829d0000 - 0x00007ffe82c55000 	C:\WINDOWS\WinSxS\amd64_microsoft.windows.common-controls_6595b64144ccf1df_6.0.18362.592_none_e6c0b1911312be02\COMCTL32.dll
0x00007ffe95390000 - 0x00007ffe95524000 	C:\WINDOWS\System32\gdi32full.dll
0x00007ffe952f0000 - 0x00007ffe9538e000 	C:\WINDOWS\System32\msvcp_win.dll
0x00007ffe95630000 - 0x00007ffe95966000 	C:\WINDOWS\System32\combase.dll
0x00007ffe950b0000 - 0x00007ffe95130000 	C:\WINDOWS\System32\bcryptPrimitives.dll
0x00007ffe8b390000 - 0x00007ffe8b39a000 	C:\WINDOWS\SYSTEM32\VERSION.dll
0x00007ffe96310000 - 0x00007ffe9633e000 	C:\WINDOWS\System32\IMM32.DLL
0x00007ffe6c160000 - 0x00007ffe6c1fb000 	C:\Program Files\Java\jdk-13.0.2\bin\msvcp140.dll
0x00007ffe5d4f0000 - 0x00007ffe5e04d000 	C:\Program Files\Java\jdk-13.0.2\bin\server\jvm.dll
0x00007ffe95620000 - 0x00007ffe95628000 	C:\WINDOWS\System32\PSAPI.DLL
0x00007ffe92040000 - 0x00007ffe92064000 	C:\WINDOWS\SYSTEM32\WINMM.dll
0x00007ffe92250000 - 0x00007ffe92259000 	C:\WINDOWS\SYSTEM32\WSOCK32.dll
0x00007ffe96030000 - 0x00007ffe9609f000 	C:\WINDOWS\System32\WS2_32.dll
0x00007ffe91ca0000 - 0x00007ffe91ccd000 	C:\WINDOWS\SYSTEM32\winmmbase.dll
0x00007ffe95060000 - 0x00007ffe950aa000 	C:\WINDOWS\System32\cfgmgr32.dll
0x00007ffe943d0000 - 0x00007ffe943e1000 	C:\WINDOWS\System32\kernel.appcore.dll
0x00007ffe90ad0000 - 0x00007ffe90ae0000 	C:\Program Files\Java\jdk-13.0.2\bin\verify.dll
0x00007ffe92d30000 - 0x00007ffe92f24000 	C:\WINDOWS\SYSTEM32\DBGHELP.DLL
0x00007ffe7c480000 - 0x00007ffe7c4aa000 	C:\WINDOWS\SYSTEM32\dbgcore.DLL
0x00007ffe7ffc0000 - 0x00007ffe7ffe6000 	C:\Program Files\Java\jdk-13.0.2\bin\java.dll
0x00007ffe8f4a0000 - 0x00007ffe8f4b7000 	C:\Program Files\Java\jdk-13.0.2\bin\zip.dll
0x00007ffe90840000 - 0x00007ffe9084a000 	C:\Program Files\Java\jdk-13.0.2\bin\jimage.dll
0x00007ffe96d50000 - 0x00007ffe97435000 	C:\WINDOWS\System32\SHELL32.dll
0x00007ffe95b00000 - 0x00007ffe95ba9000 	C:\WINDOWS\System32\shcore.dll
0x00007ffe948e0000 - 0x00007ffe9505f000 	C:\WINDOWS\System32\windows.storage.dll
0x00007ffe943f0000 - 0x00007ffe9440f000 	C:\WINDOWS\System32\profapi.dll
0x00007ffe94360000 - 0x00007ffe943aa000 	C:\WINDOWS\System32\powrprof.dll
0x00007ffe94350000 - 0x00007ffe94360000 	C:\WINDOWS\System32\UMPDC.dll
0x00007ffe964e0000 - 0x00007ffe96532000 	C:\WINDOWS\System32\shlwapi.dll
0x00007ffe94770000 - 0x00007ffe94787000 	C:\WINDOWS\System32\cryptsp.dll
0x00007ffe8ed00000 - 0x00007ffe8ed19000 	C:\Program Files\Java\jdk-13.0.2\bin\net.dll
0x00007ffe847d0000 - 0x00007ffe848c0000 	C:\WINDOWS\SYSTEM32\WINHTTP.dll
0x00007ffe93bc0000 - 0x00007ffe93c27000 	C:\WINDOWS\system32\mswsock.dll
0x00007ffe8dba0000 - 0x00007ffe8dbb3000 	C:\Program Files\Java\jdk-13.0.2\bin\nio.dll
0x00007ffe6ca60000 - 0x00007ffe6cac0000 	C:\Users\jtkom\AppData\Local\Temp\lwjgljtkom\3.2.1-build-3\lwjgl.dll
0x00007ffe6bd50000 - 0x00007ffe6bdae000 	C:\Users\jtkom\AppData\Local\Temp\lwjgljtkom\3.2.1-build-3\glfw.dll
0x00007ffe92370000 - 0x00007ffe92409000 	C:\WINDOWS\system32\uxtheme.dll
0x00007ffe6c110000 - 0x00007ffe6c153000 	C:\WINDOWS\SYSTEM32\dinput8.dll
0x00007ffe76980000 - 0x00007ffe76991000 	C:\WINDOWS\SYSTEM32\xinput1_4.dll
0x00007ffe94150000 - 0x00007ffe9417a000 	C:\WINDOWS\SYSTEM32\DEVOBJ.dll
0x00007ffe92790000 - 0x00007ffe927bd000 	C:\WINDOWS\SYSTEM32\dwmapi.dll
0x00007ffe807c0000 - 0x00007ffe808da000 	C:\WINDOWS\SYSTEM32\inputhost.dll
0x00007ffe91bc0000 - 0x00007ffe91c94000 	C:\WINDOWS\SYSTEM32\CoreMessaging.dll
0x00007ffe8f810000 - 0x00007ffe8fb3a000 	C:\WINDOWS\SYSTEM32\CoreUIComponents.dll
0x00007ffe8f6b0000 - 0x00007ffe8f803000 	C:\WINDOWS\SYSTEM32\wintypes.dll
0x00007ffe909b0000 - 0x00007ffe90a9f000 	C:\WINDOWS\SYSTEM32\PROPSYS.dll
0x00007ffe95c30000 - 0x00007ffe95cf4000 	C:\WINDOWS\System32\OLEAUT32.dll
0x00007ffe93390000 - 0x00007ffe933c1000 	C:\WINDOWS\SYSTEM32\ntmarta.dll
0x00007ffe967a0000 - 0x00007ffe968d5000 	C:\WINDOWS\System32\MSCTF.dll
0x00007ffe39330000 - 0x00007ffe3943d000 	C:\Program Files (x86)\Razer\Razer Cortex\x64\k_fps64.dll
0x00007ffe390c0000 - 0x00007ffe3932f000 	C:\Program Files (x86)\Razer\Razer Cortex\x64\D3DCOMPILER_43.dll
0x00007ffe70310000 - 0x00007ffe7038f000 	C:\Program Files (x86)\Razer\Razer Cortex\x64\d3dx10_43.dll
0x00007ffe95dc0000 - 0x00007ffe95f16000 	C:\WINDOWS\System32\ole32.dll
0x00007ffe77bd0000 - 0x00007ffe77d26000 	C:\WINDOWS\SYSTEM32\OPENGL32.dll
0x00007ffe38e50000 - 0x00007ffe390b3000 	C:\Program Files (x86)\Razer\Razer Cortex\x64\d3dx9_43.dll
0x00007ffe7a700000 - 0x00007ffe7a72c000 	C:\WINDOWS\SYSTEM32\GLU32.dll
0x00007ffe92fa0000 - 0x00007ffe92fc0000 	C:\WINDOWS\SYSTEM32\dxcore.dll
0x00007ffe71d80000 - 0x00007ffe71dd7000 	C:\Program Files (x86)\Razer\Razer Cortex\x64\EasyHook64.dll
0x00007ffe90850000 - 0x00007ffe90857000 	C:\Program Files\Lenovo\Nerve Center\bin\x64\ShowTaskbarIcon.dll
0x00007ffe7ef40000 - 0x00007ffe7f02f000 	C:\WINDOWS\SYSTEM32\MSVCR120.dll
0x00007ffe92d20000 - 0x00007ffe92d2e000 	C:\WINDOWS\SYSTEM32\HID.DLL
0x00007ffe968e0000 - 0x00007ffe96d50000 	C:\WINDOWS\System32\SETUPAPI.DLL
0x00007ffe95130000 - 0x00007ffe95156000 	C:\WINDOWS\System32\bcrypt.dll
0x00007ffe95160000 - 0x00007ffe951bc000 	C:\WINDOWS\System32\WINTRUST.dll
0x00007ffe943b0000 - 0x00007ffe943c2000 	C:\WINDOWS\System32\MSASN1.dll
0x00007ffe94790000 - 0x00007ffe948d9000 	C:\WINDOWS\System32\CRYPT32.dll
0x00007ffe3d6a0000 - 0x00007ffe3fd78000 	C:\WINDOWS\System32\DriverStore\FileRepository\nvlti.inf_amd64_e7942e005b63b52f\nvoglv64.dll
0x00007ffe90b00000 - 0x00007ffe90b13000 	C:\WINDOWS\SYSTEM32\WTSAPI32.dll
0x00007ffe5f950000 - 0x00007ffe5fc14000 	C:\WINDOWS\system32\nvspcap64.dll
0x00007ffe93430000 - 0x00007ffe9348c000 	C:\WINDOWS\SYSTEM32\WINSTA.dll
0x00007ffe93030000 - 0x00007ffe9311b000 	C:\WINDOWS\SYSTEM32\dxgi.dll
0x00007ffe91280000 - 0x00007ffe914db000 	C:\WINDOWS\SYSTEM32\d3d11.dll
0x00007ffe6ae90000 - 0x00007ffe6af7f000 	C:\WINDOWS\System32\DriverStore\FileRepository\nvlti.inf_amd64_e7942e005b63b52f\nvldumdx.dll
0x00007ffe955f0000 - 0x00007ffe9560d000 	C:\WINDOWS\System32\imagehlp.dll
0x00007ffe93730000 - 0x00007ffe93763000 	C:\WINDOWS\system32\rsaenh.dll
0x00007ffe93d90000 - 0x00007ffe93d9c000 	C:\WINDOWS\SYSTEM32\CRYPTBASE.dll
0x00007ffe4da70000 - 0x00007ffe5010e000 	C:\WINDOWS\System32\DriverStore\FileRepository\nvlti.inf_amd64_e7942e005b63b52f\nvwgf2umx.dll
0x00007ffe8b240000 - 0x00007ffe8b26f000 	C:\WINDOWS\SYSTEM32\cryptnet.dll
0x00007ffe84d00000 - 0x00007ffe851ee000 	C:\WINDOWS\SYSTEM32\nvapi64.dll
0x00007ffe81750000 - 0x00007ffe817ee000 	C:\WINDOWS\System32\TextInputFramework.dll
0x00007ffe87030000 - 0x00007ffe872d6000 	C:\WINDOWS\System32\iertutil.dll
0x00007ffe6afc0000 - 0x00007ffe6b01a000 	C:\Users\jtkom\AppData\Local\Temp\lwjgljtkom\3.2.1-build-3\lwjgl_opengl.dll
0x00007ffe90980000 - 0x00007ffe90983000 	C:\Users\jtkom\AppData\Local\Temp\jomljtkom\a2476102\joml.dll
0x00007ffe8b4f0000 - 0x00007ffe8c340000 	C:\WINDOWS\System32\DriverStore\FileRepository\igdlh64.inf_amd64_ba34b5e302b5992f\igd10iumd64.dll
0x00007ffe93e90000 - 0x00007ffe93eb6000 	C:\WINDOWS\SYSTEM32\ncrypt.dll
0x00007ffe93e50000 - 0x00007ffe93e8b000 	C:\WINDOWS\SYSTEM32\NTASN1.dll
0x00007ffe8b270000 - 0x00007ffe8b38d000 	C:\WINDOWS\System32\DriverStore\FileRepository\igdlh64.inf_amd64_ba34b5e302b5992f\igdgmm64.dll
0x00007ffe88650000 - 0x00007ffe8a8f5000 	C:\WINDOWS\System32\DriverStore\FileRepository\igdlh64.inf_amd64_ba34b5e302b5992f\igc64.dll

dbghelp: loaded successfully - version: 4.0.5 - missing functions: none
symbol engine: initialized successfully - sym options: 0x614 - pdb path: .;C:\Program Files\Java\jdk-13.0.2\bin;C:\WINDOWS\SYSTEM32;C:\WINDOWS\WinSxS\amd64_microsoft.windows.common-controls_6595b64144ccf1df_6.0.18362.592_none_e6c0b1911312be02;C:\Program Files\Java\jdk-13.0.2\bin\server;C:\Users\jtkom\AppData\Local\Temp\lwjgljtkom\3.2.1-build-3;C:\Program Files (x86)\Razer\Razer Cortex\x64;C:\Program Files\Lenovo\Nerve Center\bin\x64;C:\WINDOWS\System32\DriverStore\FileRepository\nvlti.inf_amd64_e7942e005b63b52f;C:\Users\jtkom\AppData\Local\Temp\jomljtkom\a2476102;C:\WINDOWS\System32\DriverStore\FileRepository\igdlh64.inf_amd64_ba34b5e302b5992f

VM Arguments:
jvm_args: -Dfile.encoding=Cp1252 
java_command: gameEngine.Start
java_class_path (initial): D:\game3\Game\src;D:\game3\Game\libwin\joml-1.9.9-sources.jar;D:\game3\Game\libwin\joml-1.9.9.jar;D:\game3\Game\libwin\lwjgl-assimp-javadoc.jar;D:\game3\Game\libwin\lwjgl-assimp-natives-windows.jar;D:\game3\Game\libwin\lwjgl-assimp-sources.jar;D:\game3\Game\libwin\lwjgl-assimp.jar;D:\game3\Game\libwin\lwjgl-bgfx-javadoc.jar;D:\game3\Game\libwin\lwjgl-bgfx-natives-windows.jar;D:\game3\Game\libwin\lwjgl-bgfx-sources.jar;D:\game3\Game\libwin\lwjgl-bgfx.jar;D:\game3\Game\libwin\lwjgl-egl-javadoc.jar;D:\game3\Game\libwin\lwjgl-egl-sources.jar;D:\game3\Game\libwin\lwjgl-egl.jar;D:\game3\Game\libwin\lwjgl-glfw-javadoc.jar;D:\game3\Game\libwin\lwjgl-glfw-natives-windows.jar;D:\game3\Game\libwin\lwjgl-glfw-sources.jar;D:\game3\Game\libwin\lwjgl-glfw.jar;D:\game3\Game\libwin\lwjgl-javadoc.jar;D:\game3\Game\libwin\lwjgl-jawt-javadoc.jar;D:\game3\Game\libwin\lwjgl-jawt-sources.jar;D:\game3\Game\libwin\lwjgl-jawt.jar;D:\game3\Game\libwin\lwjgl-jemalloc-javadoc.jar;D:\game3\Game\libwin\lwjgl-jemalloc-natives-windows.jar;D:\game3\Game\libwin\lwjgl-jemalloc-sources.jar;D:\game3\Game\libwin\lwjgl-jemalloc.jar;D:\game3\Game\libwin\lwjgl-lmdb-javadoc.jar;D:\game3\Game\libwin\lwjgl-lmdb-natives-windows.jar;D:\game3\Game\libwin\lwjgl-lmdb-sources.jar;D:\game3\Game\libwin\lwjgl-lmdb.jar;D:\game3\Game\libwin\lwjgl-lz4-javadoc.jar;D:\game3\Game\libwin\lwjgl-lz4-natives-windows.jar;D:\game3\Game\libwin\lwjgl-lz4-sources.jar;D:\game3\Game\libwin\lwjgl-lz4.jar;D:\game3\Game\libwin\lwjgl-nanovg-javadoc.jar;D:\game3\Game\libwin\lwjgl-nanovg-natives-windows.jar;D:\game3\Game\libwin\lwjgl-nanovg-sources.jar;D:\game3\Game\libwin\lwjgl-nanovg.jar;D:\game3\Game\libwin\lwjgl-natives-windows.jar;D:\game3\Game\libwin\lwjgl-nfd-javadoc.jar;D:\game3\Game\libwin\lwjgl-nfd-natives-windows.jar;D:\game3\Game\libwin\lwjgl-nfd-sources.jar;D:\game3\Game\libwin\lwjgl-nfd.jar;D:\game3\Game\libwin\lwjgl-nuklear-javadoc.jar;D:\game3\Game\libwin\lwjgl-nuklear-natives-windows.jar;D:\game3
Launcher Type: SUN_STANDARD

[Global flags]
     intx CICompilerCount                          = 4                                         {product} {ergonomic}
     uint ConcGCThreads                            = 2                                         {product} {ergonomic}
     uint G1ConcRefinementThreads                  = 8                                         {product} {ergonomic}
   size_t G1HeapRegionSize                         = 1048576                                   {product} {ergonomic}
    uintx GCDrainStackTargetSize                   = 64                                        {product} {ergonomic}
   size_t InitialHeapSize                          = 266338304                                 {product} {ergonomic}
   size_t MarkStackSize                            = 4194304                                   {product} {ergonomic}
   size_t MaxHeapSize                              = 4259315712                                {product} {ergonomic}
   size_t MaxNewSize                               = 2555379712                                {product} {ergonomic}
   size_t MinHeapDeltaBytes                        = 1048576                                   {product} {ergonomic}
   size_t MinHeapSize                              = 8388608                                   {product} {ergonomic}
    uintx NonNMethodCodeHeapSize                   = 5839372                                {pd product} {ergonomic}
    uintx NonProfiledCodeHeapSize                  = 122909434                              {pd product} {ergonomic}
    uintx ProfiledCodeHeapSize                     = 122909434                              {pd product} {ergonomic}
    uintx ReservedCodeCacheSize                    = 251658240                              {pd product} {ergonomic}
     bool SegmentedCodeCache                       = true                                      {product} {ergonomic}
   size_t SoftMaxHeapSize                          = 4259315712                             {manageable} {ergonomic}
     bool UseCompressedClassPointers               = true                                 {lp64_product} {ergonomic}
     bool UseCompressedOops                        = true                                 {lp64_product} {ergonomic}
     bool UseG1GC                                  = true                                      {product} {ergonomic}
     bool UseLargePagesIndividualAllocation        = false                                  {pd product} {ergonomic}

Logging:
Log output configuration:
 #0: stdout all=warning uptime,level,tags
 #1: stderr all=off uptime,level,tags

Environment Variables:
PATH=C:/Program Files/Java/jdk-13.0.2/bin/server;C:/Program Files/Java/jdk-13.0.2/bin;C:\MY_CPU_ASSEMBLER\MY_CPU_ASSEMBLER\bin\Release;C:\Program Files\Intel\Intel(R) Management Engine Components\iCLS\;C:\Windows\system32;C:\Windows;C:\Windows\System32\Wbem;C:\Windows\System32\WindowsPowerShell\v1.0\;C:\Windows\System32\OpenSSH\;C:\Program Files (x86)\Intel\Intel(R) Management Engine Components\DAL;C:\Program Files\Intel\Intel(R) Management Engine Components\DAL;C:\Program Files (x86)\Intel\Intel(R) Management Engine Components\IPT;C:\Program Files\Intel\Intel(R) Management Engine Components\IPT;C:\WINDOWS\system32;C:\WINDOWS;C:\WINDOWS\System32\Wbem;C:\WINDOWS\System32\WindowsPowerShell\v1.0\;C:\WINDOWS\System32\OpenSSH\;C:\Program Files\NVIDIA Corporation\NVIDIA NvDLISR;C:\Program Files (x86)\NVIDIA Corporation\PhysX\Common;C:\Program Files\Java\jdk-13.0.2\bin\;C:\MinGW\bin;C:\Program Files (x86)\Vim\vim82;C:\Users\jtkom\AppData\Local\Microsoft\WindowsApps;C:\Users\jtkom\AppData\Local\GitHubDesktop\bin;C:\CodeRepository\eclipse;
USERNAME=jtkom
OS=Windows_NT
PROCESSOR_IDENTIFIER=Intel64 Family 6 Model 158 Stepping 9, GenuineIntel



---------------  S Y S T E M  ---------------

OS: Windows 10 , 64 bit Build 18362 (10.0.18362.329)

CPU:total 8 (initial active 8) (4 cores per cpu, 2 threads per core) family 6 model 158 stepping 9, cmov, cx8, fxsr, mmx, sse, sse2, sse3, ssse3, sse4.1, sse4.2, popcnt, avx, avx2, aes, clmul, erms, 3dnowpref, lzcnt, ht, tsc, tscinvbit, bmi1, bmi2, adx, fma

Memory: 4k page, system-wide physical 16244M (3086M free)
TotalPageFile size 65396M (AvailPageFile size 0M)
current process WorkingSet (physical memory assigned to process): 3051M, peak: 5194M
current process commit charge ("private bytes"): 7166M, peak: 7166M

vm_info: Java HotSpot(TM) 64-Bit Server VM (13.0.2+8) for windows-amd64 JRE (13.0.2+8), built on Dec 11 2019 09:20:33 by "mach5one" with unknown MS VC++:1916

END.
