#
# There is insufficient memory for the Java Runtime Environment to continue.
# Native memory allocation (malloc) failed to allocate 32744 bytes for ChunkPool::allocate
# Possible reasons:
#   The system is out of physical RAM or swap space
#   The process is running with CompressedOops enabled, and the Java Heap may be blocking the growth of the native heap
# Possible solutions:
#   Reduce memory load on the system
#   Increase physical memory or swap space
#   Check if swap backing store is full
#   Decrease Java heap size (-Xmx/-Xms)
#   Decrease number of Java threads
#   Decrease Java thread stack sizes (-Xss)
#   Set larger code cache with -XX:ReservedCodeCacheSize=
#   JVM is running with Zero Based Compressed Oops mode in which the Java heap is
#     placed in the first 32GB address space. The Java Heap base address is the
#     maximum limit for the native heap growth. Please use -XX:HeapBaseMinAddress
#     to set the Java Heap base and to place the Java Heap above 32GB virtual address.
# This output file may be truncated or incomplete.
#
#  Out of Memory Error (c:/cygwin64/tmp/openjdk-jdk13u-windows-x64-hotspot/workspace/build/src/src/hotspot/share/memory/arena.cpp:80), pid=17560, tid=15380
#
# JRE version: OpenJDK Runtime Environment (13.0.1+9) (build 13.0.1+9)
# Java VM: OpenJDK 64-Bit Server VM (13.0.1+9, mixed mode, sharing, tiered, compressed oops, g1 gc, windows-amd64)
# No core dump will be written. Minidumps are not enabled by default on client versions of Windows
#

---------------  S U M M A R Y ------------

Command Line: -Dfile.encoding=Cp1252 gameEngine.Start

Host: Intel(R) Core(TM) i7-7700HQ CPU @ 2.80GHz, 8 cores, 15G,  Windows 10 , 64 bit Build 18362 (10.0.18362.329)
Time: Sat Dec 21 19:20:38 2019 Pacific Standard Time elapsed time: 166 seconds (0d 0h 2m 46s)

---------------  T H R E A D  ---------------

Current thread (0x00000230deb47800):  JavaThread "C2 CompilerThread0" daemon [_thread_in_native, id=15380, stack(0x000000c2a7600000,0x000000c2a7700000)]


Current CompileTask:
C2: 166388 1486       4       gameEngine.Start::fps (223 bytes)

Stack: [0x000000c2a7600000,0x000000c2a7700000]
Native frames: (J=compiled Java code, j=interpreted, Vv=VM code, C=native code)
V  [jvm.dll+0x62d39a]
V  [jvm.dll+0x7d62ba]
V  [jvm.dll+0x7d7a6f]
V  [jvm.dll+0x7d8073]
V  [jvm.dll+0x24f3a8]
V  [jvm.dll+0xc4de6]
V  [jvm.dll+0xc513c]
V  [jvm.dll+0x1c0ac5]
V  [jvm.dll+0x1c0855]
V  [jvm.dll+0x1c40cf]
V  [jvm.dll+0x1c5449]
V  [jvm.dll+0x1c38e9]
V  [jvm.dll+0x1c3042]
V  [jvm.dll+0x1c3ded]
V  [jvm.dll+0x1c324e]
V  [jvm.dll+0x1b2892]
V  [jvm.dll+0x120153]
V  [jvm.dll+0x2bf186]
V  [jvm.dll+0x2c0c65]
V  [jvm.dll+0x64a474]
V  [jvm.dll+0x6420ff]
V  [jvm.dll+0x64173c]
V  [jvm.dll+0x63f5dd]
V  [jvm.dll+0x18f66c]
V  [jvm.dll+0x208083]
V  [jvm.dll+0x18cdcc]
V  [jvm.dll+0x2172dd]
V  [jvm.dll+0x21578b]
V  [jvm.dll+0x79bd26]
V  [jvm.dll+0x794e1a]
V  [jvm.dll+0x62c596]
C  [ucrtbase.dll+0x20e72]
C  [KERNEL32.DLL+0x17bd4]
C  [ntdll.dll+0x6ced1]


---------------  P R O C E S S  ---------------

Threads class SMR info:
_java_thread_list=0x00000230ec3f9cd0, length=10, elements={
0x00000230b83de000, 0x00000230de2a0000, 0x00000230de2a4000, 0x00000230deb43800,
0x00000230deb46800, 0x00000230deb47800, 0x00000230deb56000, 0x00000230deb5f000,
0x00000230dec97800, 0x00000230deca9000
}

Java Threads: ( => current thread )
  0x00000230b83de000 JavaThread "main" [_thread_in_Java, id=6336, stack(0x000000c2a6b00000,0x000000c2a6c00000)]
  0x00000230de2a0000 JavaThread "Reference Handler" daemon [_thread_blocked, id=12216, stack(0x000000c2a7200000,0x000000c2a7300000)]
  0x00000230de2a4000 JavaThread "Finalizer" daemon [_thread_blocked, id=11440, stack(0x000000c2a7300000,0x000000c2a7400000)]
  0x00000230deb43800 JavaThread "Signal Dispatcher" daemon [_thread_blocked, id=20664, stack(0x000000c2a7400000,0x000000c2a7500000)]
  0x00000230deb46800 JavaThread "Attach Listener" daemon [_thread_blocked, id=4004, stack(0x000000c2a7500000,0x000000c2a7600000)]
=>0x00000230deb47800 JavaThread "C2 CompilerThread0" daemon [_thread_in_native, id=15380, stack(0x000000c2a7600000,0x000000c2a7700000)]
  0x00000230deb56000 JavaThread "C1 CompilerThread0" daemon [_thread_in_native, id=3980, stack(0x000000c2a7700000,0x000000c2a7800000)]
  0x00000230deb5f000 JavaThread "Sweeper thread" daemon [_thread_blocked, id=18272, stack(0x000000c2a7800000,0x000000c2a7900000)]
  0x00000230dec97800 JavaThread "Service Thread" daemon [_thread_blocked, id=1144, stack(0x000000c2a7900000,0x000000c2a7a00000)]
  0x00000230deca9000 JavaThread "Common-Cleaner" daemon [_thread_blocked, id=1612, stack(0x000000c2a7b00000,0x000000c2a7c00000)]

Other Threads:
  0x00000230de29f000 VMThread "VM Thread" [stack: 0x000000c2a7100000,0x000000c2a7200000] [id=6624]
  0x00000230deca8800 WatcherThread [stack: 0x000000c2a7a00000,0x000000c2a7b00000] [id=13460]
  0x00000230ba493000 GCTaskThread "GC Thread#0" [stack: 0x000000c2a6c00000,0x000000c2a6d00000] [id=11940]
  0x00000230e0464000 GCTaskThread "GC Thread#1" [stack: 0x000000c2a8500000,0x000000c2a8600000] [id=5680]
  0x00000230e0460800 GCTaskThread "GC Thread#2" [stack: 0x000000c2a8600000,0x000000c2a8700000] [id=17436]
  0x00000230e0461000 GCTaskThread "GC Thread#3" [stack: 0x000000c2a8700000,0x000000c2a8800000] [id=9932]
  0x00000230e0462000 GCTaskThread "GC Thread#4" [stack: 0x000000c2a8800000,0x000000c2a8900000] [id=20920]
  0x00000230e027e000 GCTaskThread "GC Thread#5" [stack: 0x000000c2a8900000,0x000000c2a8a00000] [id=21708]
  0x00000230ec4bd800 GCTaskThread "GC Thread#6" [stack: 0x000000c2a6900000,0x000000c2a6a00000] [id=8772]
  0x00000230ba4b5000 ConcurrentGCThread "G1 Main Marker" [stack: 0x000000c2a6d00000,0x000000c2a6e00000] [id=548]
  0x00000230ba4b6000 ConcurrentGCThread "G1 Conc#0" [stack: 0x000000c2a6e00000,0x000000c2a6f00000] [id=11304]
  0x0000023531ca5800 ConcurrentGCThread "G1 Conc#1" [stack: 0x000000c2a6800000,0x000000c2a6900000] [id=7084]
  0x00000230de192000 ConcurrentGCThread "G1 Refine#0" [stack: 0x000000c2a6f00000,0x000000c2a7000000] [id=10688]
  0x00000230df761000 ConcurrentGCThread "G1 Refine#1" [stack: 0x000000c2a8400000,0x000000c2a8500000] [id=10196]
  0x00000230ee8be000 ConcurrentGCThread "G1 Refine#2" [stack: 0x000000c2a8a00000,0x000000c2a8b00000] [id=9404]
  0x00000230df762000 ConcurrentGCThread "G1 Refine#3" [stack: 0x000000c2a8b00000,0x000000c2a8c00000] [id=19416]
  0x00000230ec349000 ConcurrentGCThread "G1 Refine#4" [stack: 0x000000c2a8c00000,0x000000c2a8d00000] [id=11404]
  0x00000230ec35d000 ConcurrentGCThread "G1 Refine#5" [stack: 0x000000c2a8d00000,0x000000c2a8e00000] [id=14020]
  0x00000230ecfd9000 ConcurrentGCThread "G1 Refine#6" [stack: 0x000000c2a8e00000,0x000000c2a8f00000] [id=2956]
  0x000002335a49a800 ConcurrentGCThread "G1 Refine#7" [stack: 0x000000c2a8f00000,0x000000c2a9000000] [id=22308]
  0x00000230de195800 ConcurrentGCThread "G1 Young RemSet Sampling" [stack: 0x000000c2a7000000,0x000000c2a7100000] [id=13264]

Threads with active compile tasks:
C2 CompilerThread0   166450 1486       4       gameEngine.Start::fps (223 bytes)
C1 CompilerThread0   166450 1487 % !   3       gameEngine.Start::main @ 2588 (3494 bytes)

VM state:not at safepoint (normal execution)

VM Mutex/Monitor currently owned by a thread: None

Heap address: 0x0000000702200000, size: 4062 MB, Compressed Oops mode: Zero based, Oop shift amount: 3
Narrow klass base: 0x0000000800000000, Narrow klass shift: 3
Compressed class space size: 1073741824 Address: 0x0000000800b50000

Heap:
 garbage-first heap   total 324608K, used 207043K [0x0000000702200000, 0x0000000800000000)
  region size 1024K, 63 young (64512K), 13 survivors (13312K)
 Metaspace       used 7728K, capacity 10531K, committed 10752K, reserved 1058816K
  class space    used 367K, capacity 687K, committed 768K, reserved 1048576K
Heap Regions: E=young(eden), S=young(survivor), O=old, HS=humongous(starts), HC=humongous(continues), CS=collection set, F=free, A=archive, TAMS=top-at-mark-start (previous, next)
|   0|0x0000000702200000, 0x0000000702300000, 0x0000000702300000|100%| O|  |TAMS 0x0000000702200000, 0x0000000702200000| Untracked 
|   1|0x0000000702300000, 0x0000000702400000, 0x0000000702400000|100%| O|  |TAMS 0x0000000702400000, 0x0000000702300000| Untracked 
|   2|0x0000000702400000, 0x0000000702500000, 0x0000000702500000|100%| O|  |TAMS 0x0000000702400000, 0x0000000702400000| Untracked 
|   3|0x0000000702500000, 0x0000000702600000, 0x0000000702600000|100%| O|  |TAMS 0x0000000702500000, 0x0000000702500000| Untracked 
|   4|0x0000000702600000, 0x0000000702700000, 0x0000000702700000|100%| O|  |TAMS 0x0000000702600000, 0x0000000702600000| Untracked 
|   5|0x0000000702700000, 0x0000000702800000, 0x0000000702800000|100%| O|  |TAMS 0x0000000702700000, 0x0000000702700000| Untracked 
|   6|0x0000000702800000, 0x0000000702900000, 0x0000000702900000|100%| O|  |TAMS 0x0000000702800000, 0x0000000702800000| Untracked 
|   7|0x0000000702900000, 0x0000000702a00000, 0x0000000702a00000|100%| O|  |TAMS 0x0000000702900000, 0x0000000702900000| Untracked 
|   8|0x0000000702a00000, 0x0000000702b00000, 0x0000000702b00000|100%| O|  |TAMS 0x0000000702a00000, 0x0000000702a00000| Untracked 
|   9|0x0000000702b00000, 0x0000000702c00000, 0x0000000702c00000|100%| O|  |TAMS 0x0000000702b00000, 0x0000000702b00000| Untracked 
|  10|0x0000000702c00000, 0x0000000702d00000, 0x0000000702d00000|100%| O|  |TAMS 0x0000000702c00000, 0x0000000702c00000| Untracked 
|  11|0x0000000702d00000, 0x0000000702e00000, 0x0000000702e00000|100%| O|  |TAMS 0x0000000702d00000, 0x0000000702d00000| Untracked 
|  12|0x0000000702e00000, 0x0000000702f00000, 0x0000000702f00000|100%| O|  |TAMS 0x0000000702e00000, 0x0000000702e00000| Untracked 
|  13|0x0000000702f00000, 0x0000000703000000, 0x0000000703000000|100%| O|  |TAMS 0x0000000702f00000, 0x0000000702f00000| Untracked 
|  14|0x0000000703000000, 0x0000000703100000, 0x0000000703100000|100%| O|  |TAMS 0x0000000703000000, 0x0000000703000000| Untracked 
|  15|0x0000000703100000, 0x0000000703200000, 0x0000000703200000|100%| O|  |TAMS 0x0000000703100000, 0x0000000703100000| Untracked 
|  16|0x0000000703200000, 0x0000000703300000, 0x0000000703300000|100%| O|  |TAMS 0x0000000703200000, 0x0000000703200000| Untracked 
|  17|0x0000000703300000, 0x0000000703400000, 0x0000000703400000|100%| O|  |TAMS 0x0000000703300000, 0x0000000703300000| Untracked 
|  18|0x0000000703400000, 0x0000000703500000, 0x0000000703500000|100%| O|  |TAMS 0x0000000703400000, 0x0000000703400000| Untracked 
|  19|0x0000000703500000, 0x0000000703600000, 0x0000000703600000|100%| O|  |TAMS 0x0000000703500000, 0x0000000703500000| Untracked 
|  20|0x0000000703600000, 0x0000000703700000, 0x0000000703700000|100%| O|  |TAMS 0x0000000703600000, 0x0000000703600000| Untracked 
|  21|0x0000000703700000, 0x0000000703800000, 0x0000000703800000|100%| O|  |TAMS 0x0000000703700000, 0x0000000703700000| Untracked 
|  22|0x0000000703800000, 0x0000000703900000, 0x0000000703900000|100%| O|  |TAMS 0x0000000703800000, 0x0000000703800000| Untracked 
|  23|0x0000000703900000, 0x0000000703a00000, 0x0000000703a00000|100%| O|  |TAMS 0x0000000703900000, 0x0000000703900000| Untracked 
|  24|0x0000000703a00000, 0x0000000703b00000, 0x0000000703b00000|100%| O|  |TAMS 0x0000000703a00000, 0x0000000703a00000| Untracked 
|  25|0x0000000703b00000, 0x0000000703c00000, 0x0000000703c00000|100%| O|  |TAMS 0x0000000703b00000, 0x0000000703b00000| Untracked 
|  26|0x0000000703c00000, 0x0000000703d00000, 0x0000000703d00000|100%| O|  |TAMS 0x0000000703c00000, 0x0000000703c00000| Untracked 
|  27|0x0000000703d00000, 0x0000000703e00000, 0x0000000703e00000|100%| O|  |TAMS 0x0000000703d00000, 0x0000000703d00000| Untracked 
|  28|0x0000000703e00000, 0x0000000703f00000, 0x0000000703f00000|100%| O|  |TAMS 0x0000000703e00000, 0x0000000703e00000| Untracked 
|  29|0x0000000703f00000, 0x0000000704000000, 0x0000000704000000|100%| O|  |TAMS 0x0000000703f00000, 0x0000000703f00000| Untracked 
|  30|0x0000000704000000, 0x0000000704100000, 0x0000000704100000|100%| O|  |TAMS 0x0000000704000000, 0x0000000704000000| Untracked 
|  31|0x0000000704100000, 0x0000000704200000, 0x0000000704200000|100%| O|  |TAMS 0x0000000704100000, 0x0000000704100000| Untracked 
|  32|0x0000000704200000, 0x0000000704300000, 0x0000000704300000|100%| O|  |TAMS 0x0000000704200000, 0x0000000704200000| Untracked 
|  33|0x0000000704300000, 0x0000000704400000, 0x0000000704400000|100%| O|  |TAMS 0x0000000704300000, 0x0000000704300000| Untracked 
|  34|0x0000000704400000, 0x0000000704500000, 0x0000000704500000|100%| O|  |TAMS 0x0000000704400000, 0x0000000704400000| Untracked 
|  35|0x0000000704500000, 0x0000000704600000, 0x0000000704600000|100%| O|  |TAMS 0x0000000704500000, 0x0000000704500000| Untracked 
|  36|0x0000000704600000, 0x0000000704700000, 0x0000000704700000|100%| O|  |TAMS 0x0000000704600000, 0x0000000704600000| Untracked 
|  37|0x0000000704700000, 0x0000000704800000, 0x0000000704800000|100%| O|  |TAMS 0x0000000704700000, 0x0000000704700000| Untracked 
|  38|0x0000000704800000, 0x0000000704900000, 0x0000000704900000|100%| O|  |TAMS 0x0000000704800000, 0x0000000704800000| Untracked 
|  39|0x0000000704900000, 0x0000000704a00000, 0x0000000704a00000|100%| O|  |TAMS 0x0000000704900000, 0x0000000704900000| Untracked 
|  40|0x0000000704a00000, 0x0000000704b00000, 0x0000000704b00000|100%| O|  |TAMS 0x0000000704a00000, 0x0000000704a00000| Untracked 
|  41|0x0000000704b00000, 0x0000000704c00000, 0x0000000704c00000|100%| O|  |TAMS 0x0000000704b00000, 0x0000000704b00000| Untracked 
|  42|0x0000000704c00000, 0x0000000704d00000, 0x0000000704d00000|100%| O|  |TAMS 0x0000000704c00000, 0x0000000704c00000| Untracked 
|  43|0x0000000704d00000, 0x0000000704e00000, 0x0000000704e00000|100%| O|  |TAMS 0x0000000704d00000, 0x0000000704d00000| Untracked 
|  44|0x0000000704e00000, 0x0000000704f00000, 0x0000000704f00000|100%| O|  |TAMS 0x0000000704e00000, 0x0000000704e00000| Untracked 
|  45|0x0000000704f00000, 0x0000000705000000, 0x0000000705000000|100%| O|  |TAMS 0x0000000704f00000, 0x0000000704f00000| Untracked 
|  46|0x0000000705000000, 0x0000000705100000, 0x0000000705100000|100%| O|  |TAMS 0x0000000705000000, 0x0000000705000000| Untracked 
|  47|0x0000000705100000, 0x0000000705200000, 0x0000000705200000|100%| O|  |TAMS 0x0000000705100000, 0x0000000705100000| Untracked 
|  48|0x0000000705200000, 0x0000000705300000, 0x0000000705300000|100%| O|  |TAMS 0x0000000705200000, 0x0000000705200000| Untracked 
|  49|0x0000000705300000, 0x0000000705400000, 0x0000000705400000|100%| O|  |TAMS 0x0000000705300000, 0x0000000705300000| Untracked 
|  50|0x0000000705400000, 0x0000000705500000, 0x0000000705500000|100%| O|  |TAMS 0x0000000705400000, 0x0000000705400000| Untracked 
|  51|0x0000000705500000, 0x0000000705600000, 0x0000000705600000|100%| O|  |TAMS 0x0000000705500000, 0x0000000705500000| Untracked 
|  52|0x0000000705600000, 0x0000000705700000, 0x0000000705700000|100%| O|  |TAMS 0x0000000705600000, 0x0000000705600000| Untracked 
|  53|0x0000000705700000, 0x0000000705800000, 0x0000000705800000|100%| O|  |TAMS 0x0000000705700000, 0x0000000705700000| Untracked 
|  54|0x0000000705800000, 0x0000000705900000, 0x0000000705900000|100%| O|  |TAMS 0x0000000705800000, 0x0000000705800000| Untracked 
|  55|0x0000000705900000, 0x0000000705a00000, 0x0000000705a00000|100%| O|  |TAMS 0x0000000705900000, 0x0000000705900000| Untracked 
|  56|0x0000000705a00000, 0x0000000705b00000, 0x0000000705b00000|100%| O|  |TAMS 0x0000000705a00000, 0x0000000705a00000| Untracked 
|  57|0x0000000705b00000, 0x0000000705c00000, 0x0000000705c00000|100%| O|  |TAMS 0x0000000705b00000, 0x0000000705b00000| Untracked 
|  58|0x0000000705c00000, 0x0000000705d00000, 0x0000000705d00000|100%| O|  |TAMS 0x0000000705d00000, 0x0000000705c00000| Untracked 
|  59|0x0000000705d00000, 0x0000000705e00000, 0x0000000705e00000|100%| O|  |TAMS 0x0000000705e00000, 0x0000000705d00000| Untracked 
|  60|0x0000000705e00000, 0x0000000705f00000, 0x0000000705f00000|100%| O|  |TAMS 0x0000000705f00000, 0x0000000705e00000| Untracked 
|  61|0x0000000705f00000, 0x0000000706000000, 0x0000000706000000|100%| O|  |TAMS 0x0000000706000000, 0x0000000705f00000| Untracked 
|  62|0x0000000706000000, 0x0000000706100000, 0x0000000706100000|100%| O|  |TAMS 0x0000000706000000, 0x0000000706000000| Untracked 
|  63|0x0000000706100000, 0x0000000706200000, 0x0000000706200000|100%| O|  |TAMS 0x0000000706100000, 0x0000000706100000| Untracked 
|  64|0x0000000706200000, 0x0000000706300000, 0x0000000706300000|100%| O|  |TAMS 0x0000000706200000, 0x0000000706200000| Untracked 
|  65|0x0000000706300000, 0x0000000706400000, 0x0000000706400000|100%| O|  |TAMS 0x0000000706300000, 0x0000000706300000| Untracked 
|  66|0x0000000706400000, 0x0000000706500000, 0x0000000706500000|100%| O|  |TAMS 0x0000000706400000, 0x0000000706400000| Untracked 
|  67|0x0000000706500000, 0x0000000706600000, 0x0000000706600000|100%| O|  |TAMS 0x0000000706500000, 0x0000000706500000| Untracked 
|  68|0x0000000706600000, 0x0000000706700000, 0x0000000706700000|100%| O|  |TAMS 0x0000000706600000, 0x0000000706600000| Untracked 
|  69|0x0000000706700000, 0x0000000706800000, 0x0000000706800000|100%| O|  |TAMS 0x0000000706700000, 0x0000000706700000| Untracked 
|  70|0x0000000706800000, 0x0000000706900000, 0x0000000706900000|100%| O|  |TAMS 0x0000000706800000, 0x0000000706800000| Untracked 
|  71|0x0000000706900000, 0x0000000706a00000, 0x0000000706a00000|100%| O|  |TAMS 0x0000000706900000, 0x0000000706900000| Untracked 
|  72|0x0000000706a00000, 0x0000000706b00000, 0x0000000706b00000|100%| O|  |TAMS 0x0000000706a00000, 0x0000000706a00000| Untracked 
|  73|0x0000000706b00000, 0x0000000706c00000, 0x0000000706c00000|100%| O|  |TAMS 0x0000000706b00000, 0x0000000706b00000| Untracked 
|  74|0x0000000706c00000, 0x0000000706d00000, 0x0000000706d00000|100%| O|  |TAMS 0x0000000706c00000, 0x0000000706c00000| Untracked 
|  75|0x0000000706d00000, 0x0000000706e00000, 0x0000000706e00000|100%| O|  |TAMS 0x0000000706d00000, 0x0000000706d00000| Untracked 
|  76|0x0000000706e00000, 0x0000000706e30e00, 0x0000000706f00000| 19%| O|  |TAMS 0x0000000706e00000, 0x0000000706e00000| Untracked 
|  77|0x0000000706f00000, 0x0000000706f00000, 0x0000000707000000|  0%| F|  |TAMS 0x0000000706f00000, 0x0000000706f00000| Untracked 
|  78|0x0000000707000000, 0x0000000707000000, 0x0000000707100000|  0%| F|  |TAMS 0x0000000707000000, 0x0000000707000000| Untracked 
|  79|0x0000000707100000, 0x0000000707100000, 0x0000000707200000|  0%| F|  |TAMS 0x0000000707100000, 0x0000000707100000| Untracked 
|  80|0x0000000707200000, 0x0000000707200000, 0x0000000707300000|  0%| F|  |TAMS 0x0000000707200000, 0x0000000707200000| Untracked 
|  81|0x0000000707300000, 0x0000000707300000, 0x0000000707400000|  0%| F|  |TAMS 0x0000000707300000, 0x0000000707300000| Untracked 
|  82|0x0000000707400000, 0x0000000707400000, 0x0000000707500000|  0%| F|  |TAMS 0x0000000707400000, 0x0000000707400000| Untracked 
|  83|0x0000000707500000, 0x0000000707500000, 0x0000000707600000|  0%| F|  |TAMS 0x0000000707500000, 0x0000000707500000| Untracked 
|  84|0x0000000707600000, 0x0000000707600000, 0x0000000707700000|  0%| F|  |TAMS 0x0000000707600000, 0x0000000707600000| Untracked 
|  85|0x0000000707700000, 0x0000000707700000, 0x0000000707800000|  0%| F|  |TAMS 0x0000000707700000, 0x0000000707700000| Untracked 
|  86|0x0000000707800000, 0x0000000707800000, 0x0000000707900000|  0%| F|  |TAMS 0x0000000707800000, 0x0000000707800000| Untracked 
|  87|0x0000000707900000, 0x0000000707900000, 0x0000000707a00000|  0%| F|  |TAMS 0x0000000707900000, 0x0000000707900000| Untracked 
|  88|0x0000000707a00000, 0x0000000707a00000, 0x0000000707b00000|  0%| F|  |TAMS 0x0000000707a00000, 0x0000000707a00000| Untracked 
|  89|0x0000000707b00000, 0x0000000707b00000, 0x0000000707c00000|  0%| F|  |TAMS 0x0000000707b00000, 0x0000000707b00000| Untracked 
|  90|0x0000000707c00000, 0x0000000707c00000, 0x0000000707d00000|  0%| F|  |TAMS 0x0000000707c00000, 0x0000000707c00000| Untracked 
|  91|0x0000000707d00000, 0x0000000707d00000, 0x0000000707e00000|  0%| F|  |TAMS 0x0000000707d00000, 0x0000000707d00000| Untracked 
|  92|0x0000000707e00000, 0x0000000707e00000, 0x0000000707f00000|  0%| F|  |TAMS 0x0000000707e00000, 0x0000000707e00000| Untracked 
|  93|0x0000000707f00000, 0x0000000708000000, 0x0000000708000000|100%| O|  |TAMS 0x0000000708000000, 0x0000000707f00000| Untracked 
|  94|0x0000000708000000, 0x0000000708000000, 0x0000000708100000|  0%| F|  |TAMS 0x0000000708000000, 0x0000000708000000| Untracked 
|  95|0x0000000708100000, 0x0000000708200000, 0x0000000708200000|100%| O|  |TAMS 0x0000000708200000, 0x0000000708100000| Untracked 
|  96|0x0000000708200000, 0x0000000708200000, 0x0000000708300000|  0%| F|  |TAMS 0x0000000708200000, 0x0000000708200000| Untracked 
|  97|0x0000000708300000, 0x0000000708400000, 0x0000000708400000|100%| O|  |TAMS 0x0000000708300000, 0x0000000708300000| Untracked 
|  98|0x0000000708400000, 0x0000000708500000, 0x0000000708500000|100%| O|  |TAMS 0x0000000708500000, 0x0000000708400000| Untracked 
|  99|0x0000000708500000, 0x0000000708600000, 0x0000000708600000|100%| O|  |TAMS 0x0000000708600000, 0x0000000708500000| Untracked 
| 100|0x0000000708600000, 0x0000000708700000, 0x0000000708700000|100%| O|  |TAMS 0x0000000708700000, 0x0000000708600000| Untracked 
| 101|0x0000000708700000, 0x0000000708800000, 0x0000000708800000|100%| O|  |TAMS 0x0000000708800000, 0x0000000708700000| Untracked 
| 102|0x0000000708800000, 0x0000000708900000, 0x0000000708900000|100%| O|  |TAMS 0x0000000708900000, 0x0000000708800000| Untracked 
| 103|0x0000000708900000, 0x0000000708900000, 0x0000000708a00000|  0%| F|  |TAMS 0x0000000708900000, 0x0000000708900000| Untracked 
| 104|0x0000000708a00000, 0x0000000708a00000, 0x0000000708b00000|  0%| F|  |TAMS 0x0000000708a00000, 0x0000000708a00000| Untracked 
| 105|0x0000000708b00000, 0x0000000708c00000, 0x0000000708c00000|100%| O|  |TAMS 0x0000000708c00000, 0x0000000708b00000| Untracked 
| 106|0x0000000708c00000, 0x0000000708d00000, 0x0000000708d00000|100%| O|  |TAMS 0x0000000708c00000, 0x0000000708c00000| Untracked 
| 107|0x0000000708d00000, 0x0000000708e00000, 0x0000000708e00000|100%| O|  |TAMS 0x0000000708e00000, 0x0000000708d00000| Untracked 
| 108|0x0000000708e00000, 0x0000000708e00000, 0x0000000708f00000|  0%| F|  |TAMS 0x0000000708e00000, 0x0000000708e00000| Untracked 
| 109|0x0000000708f00000, 0x0000000709000000, 0x0000000709000000|100%| O|  |TAMS 0x0000000709000000, 0x0000000708f00000| Untracked 
| 110|0x0000000709000000, 0x0000000709100000, 0x0000000709100000|100%| O|  |TAMS 0x0000000709100000, 0x0000000709000000| Untracked 
| 111|0x0000000709100000, 0x0000000709200000, 0x0000000709200000|100%| O|  |TAMS 0x0000000709100000, 0x0000000709100000| Untracked 
| 112|0x0000000709200000, 0x0000000709200000, 0x0000000709300000|  0%| F|  |TAMS 0x0000000709200000, 0x0000000709200000| Untracked 
| 113|0x0000000709300000, 0x0000000709300000, 0x0000000709400000|  0%| F|  |TAMS 0x0000000709300000, 0x0000000709300000| Untracked 
| 114|0x0000000709400000, 0x0000000709400000, 0x0000000709500000|  0%| F|  |TAMS 0x0000000709400000, 0x0000000709400000| Untracked 
| 115|0x0000000709500000, 0x0000000709600000, 0x0000000709600000|100%| O|  |TAMS 0x0000000709500000, 0x0000000709500000| Untracked 
| 116|0x0000000709600000, 0x0000000709600000, 0x0000000709700000|  0%| F|  |TAMS 0x0000000709600000, 0x0000000709600000| Untracked 
| 117|0x0000000709700000, 0x0000000709800000, 0x0000000709800000|100%| O|  |TAMS 0x0000000709800000, 0x0000000709700000| Untracked 
| 118|0x0000000709800000, 0x0000000709900000, 0x0000000709900000|100%| O|  |TAMS 0x0000000709900000, 0x0000000709800000| Untracked 
| 119|0x0000000709900000, 0x0000000709900000, 0x0000000709a00000|  0%| F|  |TAMS 0x0000000709900000, 0x0000000709900000| Untracked 
| 120|0x0000000709a00000, 0x0000000709b00000, 0x0000000709b00000|100%| O|  |TAMS 0x0000000709a00000, 0x0000000709a00000| Untracked 
| 121|0x0000000709b00000, 0x0000000709b00000, 0x0000000709c00000|  0%| F|  |TAMS 0x0000000709b00000, 0x0000000709b00000| Untracked 
| 122|0x0000000709c00000, 0x0000000709c00000, 0x0000000709d00000|  0%| F|  |TAMS 0x0000000709c00000, 0x0000000709c00000| Untracked 
| 123|0x0000000709d00000, 0x0000000709e00000, 0x0000000709e00000|100%| O|  |TAMS 0x0000000709d00000, 0x0000000709d00000| Untracked 
| 124|0x0000000709e00000, 0x0000000709f00000, 0x0000000709f00000|100%| O|  |TAMS 0x0000000709e00000, 0x0000000709e00000| Untracked 
| 125|0x0000000709f00000, 0x000000070a000000, 0x000000070a000000|100%| O|  |TAMS 0x0000000709f00000, 0x0000000709f00000| Untracked 
| 126|0x000000070a000000, 0x000000070a100000, 0x000000070a100000|100%| O|  |TAMS 0x000000070a000000, 0x000000070a000000| Untracked 
| 127|0x000000070a100000, 0x000000070a200000, 0x000000070a200000|100%| O|  |TAMS 0x000000070a100000, 0x000000070a100000| Untracked 
| 128|0x000000070a200000, 0x000000070a300000, 0x000000070a300000|100%| O|  |TAMS 0x000000070a200000, 0x000000070a200000| Untracked 
| 129|0x000000070a300000, 0x000000070a400000, 0x000000070a400000|100%| O|  |TAMS 0x000000070a300000, 0x000000070a300000| Untracked 
| 130|0x000000070a400000, 0x000000070a500000, 0x000000070a500000|100%| O|  |TAMS 0x000000070a400000, 0x000000070a400000| Untracked 
| 131|0x000000070a500000, 0x000000070a500000, 0x000000070a600000|  0%| F|  |TAMS 0x000000070a500000, 0x000000070a500000| Untracked 
| 132|0x000000070a600000, 0x000000070a600000, 0x000000070a700000|  0%| F|  |TAMS 0x000000070a600000, 0x000000070a600000| Untracked 
| 133|0x000000070a700000, 0x000000070a700000, 0x000000070a800000|  0%| F|  |TAMS 0x000000070a700000, 0x000000070a700000| Untracked 
| 134|0x000000070a800000, 0x000000070a800000, 0x000000070a900000|  0%| F|  |TAMS 0x000000070a800000, 0x000000070a800000| Untracked 
| 135|0x000000070a900000, 0x000000070a900000, 0x000000070aa00000|  0%| F|  |TAMS 0x000000070a900000, 0x000000070a900000| Untracked 
| 136|0x000000070aa00000, 0x000000070aa00000, 0x000000070ab00000|  0%| F|  |TAMS 0x000000070aa00000, 0x000000070aa00000| Untracked 
| 137|0x000000070ab00000, 0x000000070ab00000, 0x000000070ac00000|  0%| F|  |TAMS 0x000000070ab00000, 0x000000070ab00000| Untracked 
| 138|0x000000070ac00000, 0x000000070ac00000, 0x000000070ad00000|  0%| F|  |TAMS 0x000000070ac00000, 0x000000070ac00000| Untracked 
| 139|0x000000070ad00000, 0x000000070ad00000, 0x000000070ae00000|  0%| F|  |TAMS 0x000000070ad00000, 0x000000070ad00000| Untracked 
| 140|0x000000070ae00000, 0x000000070ae00000, 0x000000070af00000|  0%| F|  |TAMS 0x000000070ae00000, 0x000000070ae00000| Untracked 
| 141|0x000000070af00000, 0x000000070b000000, 0x000000070b000000|100%| O|  |TAMS 0x000000070b000000, 0x000000070af00000| Untracked 
| 142|0x000000070b000000, 0x000000070b000000, 0x000000070b100000|  0%| F|  |TAMS 0x000000070b000000, 0x000000070b000000| Untracked 
| 143|0x000000070b100000, 0x000000070b200000, 0x000000070b200000|100%| O|  |TAMS 0x000000070b200000, 0x000000070b100000| Untracked 
| 144|0x000000070b200000, 0x000000070b200000, 0x000000070b300000|  0%| F|  |TAMS 0x000000070b200000, 0x000000070b200000| Untracked 
| 145|0x000000070b300000, 0x000000070b400000, 0x000000070b400000|100%| O|  |TAMS 0x000000070b400000, 0x000000070b300000| Untracked 
| 146|0x000000070b400000, 0x000000070b500000, 0x000000070b500000|100%| O|  |TAMS 0x000000070b500000, 0x000000070b400000| Untracked 
| 147|0x000000070b500000, 0x000000070b500000, 0x000000070b600000|  0%| F|  |TAMS 0x000000070b500000, 0x000000070b500000| Untracked 
| 148|0x000000070b600000, 0x000000070b600000, 0x000000070b700000|  0%| F|  |TAMS 0x000000070b600000, 0x000000070b600000| Untracked 
| 149|0x000000070b700000, 0x000000070b700000, 0x000000070b800000|  0%| F|  |TAMS 0x000000070b700000, 0x000000070b700000| Untracked 
| 150|0x000000070b800000, 0x000000070b800000, 0x000000070b900000|  0%| F|  |TAMS 0x000000070b800000, 0x000000070b800000| Untracked 
| 151|0x000000070b900000, 0x000000070b900000, 0x000000070ba00000|  0%| F|  |TAMS 0x000000070b900000, 0x000000070b900000| Untracked 
| 152|0x000000070ba00000, 0x000000070bb00000, 0x000000070bb00000|100%| O|  |TAMS 0x000000070bb00000, 0x000000070ba00000| Untracked 
| 153|0x000000070bb00000, 0x000000070bb00000, 0x000000070bc00000|  0%| F|  |TAMS 0x000000070bb00000, 0x000000070bb00000| Untracked 
| 154|0x000000070bc00000, 0x000000070bc00000, 0x000000070bd00000|  0%| F|  |TAMS 0x000000070bc00000, 0x000000070bc00000| Untracked 
| 155|0x000000070bd00000, 0x000000070bd00000, 0x000000070be00000|  0%| F|  |TAMS 0x000000070bd00000, 0x000000070bd00000| Untracked 
| 156|0x000000070be00000, 0x000000070be00000, 0x000000070bf00000|  0%| F|  |TAMS 0x000000070be00000, 0x000000070be00000| Untracked 
| 157|0x000000070bf00000, 0x000000070bf00000, 0x000000070c000000|  0%| F|  |TAMS 0x000000070bf00000, 0x000000070bf00000| Untracked 
| 158|0x000000070c000000, 0x000000070c100000, 0x000000070c100000|100%| O|  |TAMS 0x000000070c100000, 0x000000070c000000| Untracked 
| 159|0x000000070c100000, 0x000000070c100000, 0x000000070c200000|  0%| F|  |TAMS 0x000000070c100000, 0x000000070c100000| Untracked 
| 160|0x000000070c200000, 0x000000070c200000, 0x000000070c300000|  0%| F|  |TAMS 0x000000070c200000, 0x000000070c200000| Untracked 
| 161|0x000000070c300000, 0x000000070c400000, 0x000000070c400000|100%| O|  |TAMS 0x000000070c400000, 0x000000070c300000| Untracked 
| 162|0x000000070c400000, 0x000000070c400000, 0x000000070c500000|  0%| F|  |TAMS 0x000000070c400000, 0x000000070c400000| Untracked 
| 163|0x000000070c500000, 0x000000070c500000, 0x000000070c600000|  0%| F|  |TAMS 0x000000070c500000, 0x000000070c500000| Untracked 
| 164|0x000000070c600000, 0x000000070c600000, 0x000000070c700000|  0%| F|  |TAMS 0x000000070c600000, 0x000000070c600000| Untracked 
| 165|0x000000070c700000, 0x000000070c700000, 0x000000070c800000|  0%| F|  |TAMS 0x000000070c700000, 0x000000070c700000| Untracked 
| 166|0x000000070c800000, 0x000000070c800000, 0x000000070c900000|  0%| F|  |TAMS 0x000000070c800000, 0x000000070c800000| Untracked 
| 167|0x000000070c900000, 0x000000070c900000, 0x000000070ca00000|  0%| F|  |TAMS 0x000000070c900000, 0x000000070c900000| Untracked 
| 168|0x000000070ca00000, 0x000000070cb00000, 0x000000070cb00000|100%| O|  |TAMS 0x000000070ca00000, 0x000000070ca00000| Untracked 
| 169|0x000000070cb00000, 0x000000070cc00000, 0x000000070cc00000|100%| O|  |TAMS 0x000000070cb00000, 0x000000070cb00000| Untracked 
| 170|0x000000070cc00000, 0x000000070cd00000, 0x000000070cd00000|100%| O|  |TAMS 0x000000070cc00000, 0x000000070cc00000| Untracked 
| 171|0x000000070cd00000, 0x000000070ce00000, 0x000000070ce00000|100%| O|  |TAMS 0x000000070cd00000, 0x000000070cd00000| Untracked 
| 172|0x000000070ce00000, 0x000000070cf00000, 0x000000070cf00000|100%| O|  |TAMS 0x000000070ce00000, 0x000000070ce00000| Untracked 
| 173|0x000000070cf00000, 0x000000070d000000, 0x000000070d000000|100%| O|  |TAMS 0x000000070cf00000, 0x000000070cf00000| Untracked 
| 174|0x000000070d000000, 0x000000070d100000, 0x000000070d100000|100%| O|  |TAMS 0x000000070d000000, 0x000000070d000000| Untracked 
| 175|0x000000070d100000, 0x000000070d200000, 0x000000070d200000|100%| O|  |TAMS 0x000000070d100000, 0x000000070d100000| Untracked 
| 176|0x000000070d200000, 0x000000070d300000, 0x000000070d300000|100%| O|  |TAMS 0x000000070d200000, 0x000000070d200000| Untracked 
| 177|0x000000070d300000, 0x000000070d400000, 0x000000070d400000|100%| O|  |TAMS 0x000000070d300000, 0x000000070d300000| Untracked 
| 178|0x000000070d400000, 0x000000070d500000, 0x000000070d500000|100%| O|  |TAMS 0x000000070d400000, 0x000000070d400000| Untracked 
| 179|0x000000070d500000, 0x000000070d600000, 0x000000070d600000|100%| O|  |TAMS 0x000000070d500000, 0x000000070d500000| Untracked 
| 180|0x000000070d600000, 0x000000070d700000, 0x000000070d700000|100%| O|  |TAMS 0x000000070d600000, 0x000000070d600000| Untracked 
| 181|0x000000070d700000, 0x000000070d800000, 0x000000070d800000|100%| O|  |TAMS 0x000000070d700000, 0x000000070d700000| Untracked 
| 182|0x000000070d800000, 0x000000070d900000, 0x000000070d900000|100%| O|  |TAMS 0x000000070d800000, 0x000000070d800000| Untracked 
| 183|0x000000070d900000, 0x000000070da00000, 0x000000070da00000|100%| O|  |TAMS 0x000000070d900000, 0x000000070d900000| Untracked 
| 184|0x000000070da00000, 0x000000070db00000, 0x000000070db00000|100%| O|  |TAMS 0x000000070da00000, 0x000000070da00000| Untracked 
| 185|0x000000070db00000, 0x000000070dc00000, 0x000000070dc00000|100%| O|  |TAMS 0x000000070db00000, 0x000000070db00000| Untracked 
| 186|0x000000070dc00000, 0x000000070dd00000, 0x000000070dd00000|100%| O|  |TAMS 0x000000070dc00000, 0x000000070dc00000| Untracked 
| 187|0x000000070dd00000, 0x000000070de00000, 0x000000070de00000|100%| O|  |TAMS 0x000000070dd00000, 0x000000070dd00000| Untracked 
| 188|0x000000070de00000, 0x000000070df00000, 0x000000070df00000|100%| O|  |TAMS 0x000000070de00000, 0x000000070de00000| Untracked 
| 189|0x000000070df00000, 0x000000070e000000, 0x000000070e000000|100%| O|  |TAMS 0x000000070df00000, 0x000000070df00000| Untracked 
| 190|0x000000070e000000, 0x000000070e100000, 0x000000070e100000|100%| O|  |TAMS 0x000000070e000000, 0x000000070e000000| Untracked 
| 191|0x000000070e100000, 0x000000070e200000, 0x000000070e200000|100%| O|  |TAMS 0x000000070e100000, 0x000000070e100000| Untracked 
| 192|0x000000070e200000, 0x000000070e300000, 0x000000070e300000|100%| O|  |TAMS 0x000000070e200000, 0x000000070e200000| Untracked 
| 193|0x000000070e300000, 0x000000070e400000, 0x000000070e400000|100%| O|  |TAMS 0x000000070e300000, 0x000000070e300000| Untracked 
| 194|0x000000070e400000, 0x000000070e500000, 0x000000070e500000|100%| O|  |TAMS 0x000000070e400000, 0x000000070e400000| Untracked 
| 195|0x000000070e500000, 0x000000070e600000, 0x000000070e600000|100%| O|  |TAMS 0x000000070e500000, 0x000000070e500000| Untracked 
| 196|0x000000070e600000, 0x000000070e700000, 0x000000070e700000|100%| O|  |TAMS 0x000000070e600000, 0x000000070e600000| Untracked 
| 197|0x000000070e700000, 0x000000070e800000, 0x000000070e800000|100%| O|  |TAMS 0x000000070e700000, 0x000000070e700000| Untracked 
| 198|0x000000070e800000, 0x000000070e900000, 0x000000070e900000|100%| O|  |TAMS 0x000000070e800000, 0x000000070e800000| Untracked 
| 199|0x000000070e900000, 0x000000070e900000, 0x000000070ea00000|  0%| F|  |TAMS 0x000000070e900000, 0x000000070e900000| Untracked 
| 200|0x000000070ea00000, 0x000000070ea00000, 0x000000070eb00000|  0%| F|  |TAMS 0x000000070ea00000, 0x000000070ea00000| Untracked 
| 201|0x000000070eb00000, 0x000000070eb00000, 0x000000070ec00000|  0%| F|  |TAMS 0x000000070eb00000, 0x000000070eb00000| Untracked 
| 202|0x000000070ec00000, 0x000000070ec00000, 0x000000070ed00000|  0%| F|  |TAMS 0x000000070ec00000, 0x000000070ec00000| Untracked 
| 203|0x000000070ed00000, 0x000000070ee00000, 0x000000070ee00000|100%| S|CS|TAMS 0x000000070ed00000, 0x000000070ed00000| Complete 
| 204|0x000000070ee00000, 0x000000070ef00000, 0x000000070ef00000|100%| S|CS|TAMS 0x000000070ee00000, 0x000000070ee00000| Complete 
| 205|0x000000070ef00000, 0x000000070f000000, 0x000000070f000000|100%| S|CS|TAMS 0x000000070ef00000, 0x000000070ef00000| Complete 
| 206|0x000000070f000000, 0x000000070f100000, 0x000000070f100000|100%| S|CS|TAMS 0x000000070f000000, 0x000000070f000000| Complete 
| 207|0x000000070f100000, 0x000000070f200000, 0x000000070f200000|100%| S|CS|TAMS 0x000000070f100000, 0x000000070f100000| Complete 
| 208|0x000000070f200000, 0x000000070f300000, 0x000000070f300000|100%| S|CS|TAMS 0x000000070f200000, 0x000000070f200000| Complete 
| 209|0x000000070f300000, 0x000000070f400000, 0x000000070f400000|100%| S|CS|TAMS 0x000000070f300000, 0x000000070f300000| Complete 
| 210|0x000000070f400000, 0x000000070f500000, 0x000000070f500000|100%| S|CS|TAMS 0x000000070f400000, 0x000000070f400000| Complete 
| 211|0x000000070f500000, 0x000000070f600000, 0x000000070f600000|100%| S|CS|TAMS 0x000000070f500000, 0x000000070f500000| Complete 
| 212|0x000000070f600000, 0x000000070f700000, 0x000000070f700000|100%| S|CS|TAMS 0x000000070f600000, 0x000000070f600000| Complete 
| 213|0x000000070f700000, 0x000000070f800000, 0x000000070f800000|100%| S|CS|TAMS 0x000000070f700000, 0x000000070f700000| Complete 
| 214|0x000000070f800000, 0x000000070f900000, 0x000000070f900000|100%| S|CS|TAMS 0x000000070f800000, 0x000000070f800000| Complete 
| 215|0x000000070f900000, 0x000000070fa00000, 0x000000070fa00000|100%| S|CS|TAMS 0x000000070f900000, 0x000000070f900000| Complete 
| 216|0x000000070fa00000, 0x000000070fa00000, 0x000000070fb00000|  0%| F|  |TAMS 0x000000070fa00000, 0x000000070fa00000| Untracked 
| 217|0x000000070fb00000, 0x000000070fb00000, 0x000000070fc00000|  0%| F|  |TAMS 0x000000070fb00000, 0x000000070fb00000| Untracked 
| 218|0x000000070fc00000, 0x000000070fc00000, 0x000000070fd00000|  0%| F|  |TAMS 0x000000070fc00000, 0x000000070fc00000| Untracked 
| 219|0x000000070fd00000, 0x000000070fd00000, 0x000000070fe00000|  0%| F|  |TAMS 0x000000070fd00000, 0x000000070fd00000| Untracked 
| 220|0x000000070fe00000, 0x000000070fe00000, 0x000000070ff00000|  0%| F|  |TAMS 0x000000070fe00000, 0x000000070fe00000| Untracked 
| 221|0x000000070ff00000, 0x000000070ff00000, 0x0000000710000000|  0%| F|  |TAMS 0x000000070ff00000, 0x000000070ff00000| Untracked 
| 222|0x0000000710000000, 0x0000000710000000, 0x0000000710100000|  0%| F|  |TAMS 0x0000000710000000, 0x0000000710000000| Untracked 
| 223|0x0000000710100000, 0x0000000710100000, 0x0000000710200000|  0%| F|  |TAMS 0x0000000710100000, 0x0000000710100000| Untracked 
| 224|0x0000000710200000, 0x0000000710200000, 0x0000000710300000|  0%| F|  |TAMS 0x0000000710200000, 0x0000000710200000| Untracked 
| 225|0x0000000710300000, 0x0000000710300000, 0x0000000710400000|  0%| F|  |TAMS 0x0000000710300000, 0x0000000710300000| Untracked 
| 226|0x0000000710400000, 0x0000000710400000, 0x0000000710500000|  0%| F|  |TAMS 0x0000000710400000, 0x0000000710400000| Untracked 
| 227|0x0000000710500000, 0x0000000710500000, 0x0000000710600000|  0%| F|  |TAMS 0x0000000710500000, 0x0000000710500000| Untracked 
| 228|0x0000000710600000, 0x0000000710600000, 0x0000000710700000|  0%| F|  |TAMS 0x0000000710600000, 0x0000000710600000| Untracked 
| 229|0x0000000710700000, 0x0000000710700000, 0x0000000710800000|  0%| F|  |TAMS 0x0000000710700000, 0x0000000710700000| Untracked 
| 230|0x0000000710800000, 0x0000000710800000, 0x0000000710900000|  0%| F|  |TAMS 0x0000000710800000, 0x0000000710800000| Untracked 
| 231|0x0000000710900000, 0x0000000710900000, 0x0000000710a00000|  0%| F|  |TAMS 0x0000000710900000, 0x0000000710900000| Untracked 
| 232|0x0000000710a00000, 0x0000000710a00000, 0x0000000710b00000|  0%| F|  |TAMS 0x0000000710a00000, 0x0000000710a00000| Untracked 
| 233|0x0000000710b00000, 0x0000000710b00000, 0x0000000710c00000|  0%| F|  |TAMS 0x0000000710b00000, 0x0000000710b00000| Untracked 
| 234|0x0000000710c00000, 0x0000000710c00000, 0x0000000710d00000|  0%| F|  |TAMS 0x0000000710c00000, 0x0000000710c00000| Untracked 
| 235|0x0000000710d00000, 0x0000000710d00000, 0x0000000710e00000|  0%| F|  |TAMS 0x0000000710d00000, 0x0000000710d00000| Untracked 
| 236|0x0000000710e00000, 0x0000000710e00000, 0x0000000710f00000|  0%| F|  |TAMS 0x0000000710e00000, 0x0000000710e00000| Untracked 
| 237|0x0000000710f00000, 0x0000000710f00000, 0x0000000711000000|  0%| F|  |TAMS 0x0000000710f00000, 0x0000000710f00000| Untracked 
| 238|0x0000000711000000, 0x0000000711000000, 0x0000000711100000|  0%| F|  |TAMS 0x0000000711000000, 0x0000000711000000| Untracked 
| 239|0x0000000711100000, 0x0000000711100000, 0x0000000711200000|  0%| F|  |TAMS 0x0000000711100000, 0x0000000711100000| Untracked 
| 240|0x0000000711200000, 0x0000000711200000, 0x0000000711300000|  0%| F|  |TAMS 0x0000000711200000, 0x0000000711200000| Untracked 
| 241|0x0000000711300000, 0x0000000711300000, 0x0000000711400000|  0%| F|  |TAMS 0x0000000711300000, 0x0000000711300000| Untracked 
| 242|0x0000000711400000, 0x0000000711400000, 0x0000000711500000|  0%| F|  |TAMS 0x0000000711400000, 0x0000000711400000| Untracked 
| 243|0x0000000711500000, 0x0000000711500000, 0x0000000711600000|  0%| F|  |TAMS 0x0000000711500000, 0x0000000711500000| Untracked 
| 244|0x0000000711600000, 0x0000000711600000, 0x0000000711700000|  0%| F|  |TAMS 0x0000000711600000, 0x0000000711600000| Untracked 
| 245|0x0000000711700000, 0x0000000711700000, 0x0000000711800000|  0%| F|  |TAMS 0x0000000711700000, 0x0000000711700000| Untracked 
| 246|0x0000000711800000, 0x0000000711800000, 0x0000000711900000|  0%| F|  |TAMS 0x0000000711800000, 0x0000000711800000| Untracked 
| 247|0x0000000711900000, 0x0000000711900000, 0x0000000711a00000|  0%| F|  |TAMS 0x0000000711900000, 0x0000000711900000| Untracked 
| 248|0x0000000711a00000, 0x0000000711a00000, 0x0000000711b00000|  0%| F|  |TAMS 0x0000000711a00000, 0x0000000711a00000| Untracked 
| 249|0x0000000711b00000, 0x0000000711b00000, 0x0000000711c00000|  0%| F|  |TAMS 0x0000000711b00000, 0x0000000711b00000| Untracked 
| 250|0x0000000711c00000, 0x0000000711c00000, 0x0000000711d00000|  0%| F|  |TAMS 0x0000000711c00000, 0x0000000711c00000| Untracked 
| 251|0x0000000711d00000, 0x0000000711d00000, 0x0000000711e00000|  0%| F|  |TAMS 0x0000000711d00000, 0x0000000711d00000| Untracked 
| 252|0x0000000711e00000, 0x0000000711e00000, 0x0000000711f00000|  0%| F|  |TAMS 0x0000000711e00000, 0x0000000711e00000| Untracked 
| 253|0x0000000711f00000, 0x0000000711f00000, 0x0000000712000000|  0%| F|  |TAMS 0x0000000711f00000, 0x0000000711f00000| Untracked 
| 254|0x0000000712000000, 0x0000000712000000, 0x0000000712100000|  0%| F|  |TAMS 0x0000000712000000, 0x0000000712000000| Untracked 
| 255|0x0000000712100000, 0x0000000712100000, 0x0000000712200000|  0%| F|  |TAMS 0x0000000712100000, 0x0000000712100000| Untracked 
| 256|0x0000000712200000, 0x0000000712200000, 0x0000000712300000|  0%| F|  |TAMS 0x0000000712200000, 0x0000000712200000| Untracked 
| 257|0x0000000712300000, 0x0000000712300000, 0x0000000712400000|  0%| F|  |TAMS 0x0000000712300000, 0x0000000712300000| Untracked 
| 258|0x0000000712400000, 0x0000000712400000, 0x0000000712500000|  0%| F|  |TAMS 0x0000000712400000, 0x0000000712400000| Untracked 
| 259|0x0000000712500000, 0x0000000712500000, 0x0000000712600000|  0%| F|  |TAMS 0x0000000712500000, 0x0000000712500000| Untracked 
| 260|0x0000000712600000, 0x0000000712600000, 0x0000000712700000|  0%| F|  |TAMS 0x0000000712600000, 0x0000000712600000| Untracked 
| 261|0x0000000712700000, 0x0000000712700000, 0x0000000712800000|  0%| F|  |TAMS 0x0000000712700000, 0x0000000712700000| Untracked 
| 262|0x0000000712800000, 0x0000000712800000, 0x0000000712900000|  0%| F|  |TAMS 0x0000000712800000, 0x0000000712800000| Untracked 
| 263|0x0000000712900000, 0x0000000712900000, 0x0000000712a00000|  0%| F|  |TAMS 0x0000000712900000, 0x0000000712900000| Untracked 
| 264|0x0000000712a00000, 0x0000000712a00000, 0x0000000712b00000|  0%| F|  |TAMS 0x0000000712a00000, 0x0000000712a00000| Untracked 
| 265|0x0000000712b00000, 0x0000000712b00000, 0x0000000712c00000|  0%| F|  |TAMS 0x0000000712b00000, 0x0000000712b00000| Untracked 
| 266|0x0000000712c00000, 0x0000000712c80800, 0x0000000712d00000| 50%| E|  |TAMS 0x0000000712c00000, 0x0000000712c00000| Complete 
| 267|0x0000000712d00000, 0x0000000712e00000, 0x0000000712e00000|100%| E|CS|TAMS 0x0000000712d00000, 0x0000000712d00000| Complete 
| 268|0x0000000712e00000, 0x0000000712f00000, 0x0000000712f00000|100%| E|CS|TAMS 0x0000000712e00000, 0x0000000712e00000| Complete 
| 269|0x0000000712f00000, 0x0000000713000000, 0x0000000713000000|100%| E|CS|TAMS 0x0000000712f00000, 0x0000000712f00000| Complete 
| 270|0x0000000713000000, 0x0000000713100000, 0x0000000713100000|100%| E|CS|TAMS 0x0000000713000000, 0x0000000713000000| Complete 
| 271|0x0000000713100000, 0x0000000713200000, 0x0000000713200000|100%| E|CS|TAMS 0x0000000713100000, 0x0000000713100000| Complete 
| 272|0x0000000713200000, 0x0000000713300000, 0x0000000713300000|100%| E|CS|TAMS 0x0000000713200000, 0x0000000713200000| Complete 
| 273|0x0000000713300000, 0x0000000713400000, 0x0000000713400000|100%| E|CS|TAMS 0x0000000713300000, 0x0000000713300000| Complete 
| 274|0x0000000713400000, 0x0000000713500000, 0x0000000713500000|100%| E|CS|TAMS 0x0000000713400000, 0x0000000713400000| Complete 
| 275|0x0000000713500000, 0x0000000713600000, 0x0000000713600000|100%| E|CS|TAMS 0x0000000713500000, 0x0000000713500000| Complete 
| 276|0x0000000713600000, 0x0000000713700000, 0x0000000713700000|100%| E|CS|TAMS 0x0000000713600000, 0x0000000713600000| Complete 
| 277|0x0000000713700000, 0x0000000713800000, 0x0000000713800000|100%| E|CS|TAMS 0x0000000713700000, 0x0000000713700000| Complete 
| 278|0x0000000713800000, 0x0000000713900000, 0x0000000713900000|100%| E|CS|TAMS 0x0000000713800000, 0x0000000713800000| Complete 
| 279|0x0000000713900000, 0x0000000713a00000, 0x0000000713a00000|100%| E|CS|TAMS 0x0000000713900000, 0x0000000713900000| Complete 
| 280|0x0000000713a00000, 0x0000000713b00000, 0x0000000713b00000|100%| E|CS|TAMS 0x0000000713a00000, 0x0000000713a00000| Complete 
| 281|0x0000000713b00000, 0x0000000713c00000, 0x0000000713c00000|100%| E|CS|TAMS 0x0000000713b00000, 0x0000000713b00000| Complete 
| 282|0x0000000713c00000, 0x0000000713d00000, 0x0000000713d00000|100%| E|CS|TAMS 0x0000000713c00000, 0x0000000713c00000| Complete 
| 283|0x0000000713d00000, 0x0000000713e00000, 0x0000000713e00000|100%| E|CS|TAMS 0x0000000713d00000, 0x0000000713d00000| Complete 
| 284|0x0000000713e00000, 0x0000000713f00000, 0x0000000713f00000|100%| E|CS|TAMS 0x0000000713e00000, 0x0000000713e00000| Complete 
| 285|0x0000000713f00000, 0x0000000714000000, 0x0000000714000000|100%| E|CS|TAMS 0x0000000713f00000, 0x0000000713f00000| Complete 
| 286|0x0000000714000000, 0x0000000714100000, 0x0000000714100000|100%| E|CS|TAMS 0x0000000714000000, 0x0000000714000000| Complete 
| 287|0x0000000714100000, 0x0000000714200000, 0x0000000714200000|100%| E|CS|TAMS 0x0000000714100000, 0x0000000714100000| Complete 
| 288|0x0000000714200000, 0x0000000714300000, 0x0000000714300000|100%| E|CS|TAMS 0x0000000714200000, 0x0000000714200000| Complete 
| 289|0x0000000714300000, 0x0000000714400000, 0x0000000714400000|100%| E|CS|TAMS 0x0000000714300000, 0x0000000714300000| Complete 
| 290|0x0000000714400000, 0x0000000714500000, 0x0000000714500000|100%| E|CS|TAMS 0x0000000714400000, 0x0000000714400000| Complete 
| 291|0x0000000714500000, 0x0000000714600000, 0x0000000714600000|100%| E|CS|TAMS 0x0000000714500000, 0x0000000714500000| Complete 
| 292|0x0000000714600000, 0x0000000714700000, 0x0000000714700000|100%| E|CS|TAMS 0x0000000714600000, 0x0000000714600000| Complete 
| 293|0x0000000714700000, 0x0000000714800000, 0x0000000714800000|100%| E|CS|TAMS 0x0000000714700000, 0x0000000714700000| Complete 
| 294|0x0000000714800000, 0x0000000714900000, 0x0000000714900000|100%| E|CS|TAMS 0x0000000714800000, 0x0000000714800000| Complete 
| 295|0x0000000714900000, 0x0000000714a00000, 0x0000000714a00000|100%| E|CS|TAMS 0x0000000714900000, 0x0000000714900000| Complete 
| 296|0x0000000714a00000, 0x0000000714b00000, 0x0000000714b00000|100%| E|CS|TAMS 0x0000000714a00000, 0x0000000714a00000| Complete 
| 297|0x0000000714b00000, 0x0000000714c00000, 0x0000000714c00000|100%| E|CS|TAMS 0x0000000714b00000, 0x0000000714b00000| Complete 
| 298|0x0000000714c00000, 0x0000000714d00000, 0x0000000714d00000|100%| E|CS|TAMS 0x0000000714c00000, 0x0000000714c00000| Complete 
| 299|0x0000000714d00000, 0x0000000714e00000, 0x0000000714e00000|100%| E|CS|TAMS 0x0000000714d00000, 0x0000000714d00000| Complete 
| 300|0x0000000714e00000, 0x0000000714f00000, 0x0000000714f00000|100%| E|CS|TAMS 0x0000000714e00000, 0x0000000714e00000| Complete 
| 301|0x0000000714f00000, 0x0000000715000000, 0x0000000715000000|100%| E|CS|TAMS 0x0000000714f00000, 0x0000000714f00000| Complete 
| 302|0x0000000715000000, 0x0000000715100000, 0x0000000715100000|100%| E|CS|TAMS 0x0000000715000000, 0x0000000715000000| Complete 
| 303|0x0000000715100000, 0x0000000715200000, 0x0000000715200000|100%| E|CS|TAMS 0x0000000715100000, 0x0000000715100000| Complete 
| 304|0x0000000715200000, 0x0000000715300000, 0x0000000715300000|100%| E|CS|TAMS 0x0000000715200000, 0x0000000715200000| Complete 
| 305|0x0000000715300000, 0x0000000715400000, 0x0000000715400000|100%| E|CS|TAMS 0x0000000715300000, 0x0000000715300000| Complete 
| 306|0x0000000715400000, 0x0000000715500000, 0x0000000715500000|100%| E|CS|TAMS 0x0000000715400000, 0x0000000715400000| Complete 
| 307|0x0000000715500000, 0x0000000715600000, 0x0000000715600000|100%| E|CS|TAMS 0x0000000715500000, 0x0000000715500000| Complete 
| 308|0x0000000715600000, 0x0000000715700000, 0x0000000715700000|100%| E|CS|TAMS 0x0000000715600000, 0x0000000715600000| Complete 
| 309|0x0000000715700000, 0x0000000715800000, 0x0000000715800000|100%| E|CS|TAMS 0x0000000715700000, 0x0000000715700000| Complete 
| 310|0x0000000715800000, 0x0000000715900000, 0x0000000715900000|100%| E|CS|TAMS 0x0000000715800000, 0x0000000715800000| Complete 
| 311|0x0000000715900000, 0x0000000715a00000, 0x0000000715a00000|100%| E|CS|TAMS 0x0000000715900000, 0x0000000715900000| Complete 
| 312|0x0000000715a00000, 0x0000000715b00000, 0x0000000715b00000|100%| E|CS|TAMS 0x0000000715a00000, 0x0000000715a00000| Complete 
| 313|0x0000000715b00000, 0x0000000715c00000, 0x0000000715c00000|100%| E|CS|TAMS 0x0000000715b00000, 0x0000000715b00000| Complete 
| 314|0x0000000715c00000, 0x0000000715d00000, 0x0000000715d00000|100%| E|CS|TAMS 0x0000000715c00000, 0x0000000715c00000| Complete 
| 315|0x0000000715d00000, 0x0000000715e00000, 0x0000000715e00000|100%| E|CS|TAMS 0x0000000715d00000, 0x0000000715d00000| Complete 
| 316|0x0000000715e00000, 0x0000000715f00000, 0x0000000715f00000|100%| E|CS|TAMS 0x0000000715e00000, 0x0000000715e00000| Complete 

Card table byte_map: [0x00000230d2830000,0x00000230d3020000] _byte_map_base: 0x00000230cf01f000

Marking Bits (Prev, Next): (CMBitMap*) 0x00000230ba493c88, (CMBitMap*) 0x00000230ba493cc8
 Prev Bits: [0x00000230d3810000, 0x00000230d7788000)
 Next Bits: [0x00000230d7790000, 0x00000230db708000)

Polling page: 0x00000230b83e0000

Metaspace:

Usage:
  Non-class:      9.61 MB capacity,     7.19 MB ( 75%) used,     2.42 MB ( 25%) free+waste,     9.50 KB ( <1%) overhead. 
      Class:    687.00 KB capacity,   367.53 KB ( 53%) used,   316.28 KB ( 46%) free+waste,     3.19 KB ( <1%) overhead. 
       Both:     10.28 MB capacity,     7.55 MB ( 73%) used,     2.72 MB ( 26%) free+waste,    12.69 KB ( <1%) overhead. 

Virtual space:
  Non-class space:       10.00 MB reserved,       9.75 MB ( 98%) committed 
      Class space:        1.00 GB reserved,     768.00 KB ( <1%) committed 
             Both:        1.01 GB reserved,      10.50 MB (  1%) committed 

Chunk freelists:
   Non-Class:  76.00 KB
       Class:  17.00 KB
        Both:  93.00 KB

MaxMetaspaceSize: 17179869184.00 GB
CompressedClassSpaceSize: 1.00 GB

CodeHeap 'non-profiled nmethods': size=120000Kb used=781Kb max_used=781Kb free=119218Kb
 bounds [0x00000230ca6c0000, 0x00000230ca930000, 0x00000230d1bf0000]
CodeHeap 'profiled nmethods': size=120000Kb used=2710Kb max_used=2710Kb free=117289Kb
 bounds [0x00000230c3190000, 0x00000230c3440000, 0x00000230ca6c0000]
CodeHeap 'non-nmethods': size=5760Kb used=1620Kb max_used=1667Kb free=4139Kb
 bounds [0x00000230c2bf0000, 0x00000230c2e60000, 0x00000230c3190000]
 total_blobs=3374 nmethods=1483 adapters=922
 compilation: enabled
              stopped_count=0, restarted_count=0
 full_count=0

Compilation events (20 events):
Event: 114.645 Thread 0x00000230deb47800 nmethod 1476 0x00000230ca781110 code [0x00000230ca7812a0, 0x00000230ca7813b8]
Event: 114.646 Thread 0x00000230deb47800 1477       4       animation.Animate::drawAnimatedModel (30 bytes)
Event: 114.648 Thread 0x00000230deb47800 nmethod 1477 0x00000230ca781490 code [0x00000230ca781640, 0x00000230ca781808]
Event: 114.648 Thread 0x00000230deb47800 1478       4       Scripter.Proccesor::proccesCommands (295 bytes)
Event: 114.649 Thread 0x00000230deb47800 nmethod 1478 0x00000230ca781a10 code [0x00000230ca781ba0, 0x00000230ca781c98]
Event: 114.657 Thread 0x00000230deb47800 1479       4       gameEngine.MapLoader::flushModel (8 bytes)
Event: 114.659 Thread 0x00000230deb47800 nmethod 1479 0x00000230ca781e10 code [0x00000230ca782000, 0x00000230ca782250]
Event: 132.873 Thread 0x00000230deb47800 1480       4       animation.AnimationHandler::amountInList (9 bytes)
Event: 132.874 Thread 0x00000230deb47800 nmethod 1480 0x00000230ca782590 code [0x00000230ca782720, 0x00000230ca782798]
Event: 132.874 Thread 0x00000230deb47800 1481       4       textrendering.TextBuilder::UIdrawString (26 bytes)
Event: 132.886 Thread 0x00000230deb47800 nmethod 1481 0x00000230ca782890 code [0x00000230ca782a20, 0x00000230ca782b88]
Event: 132.886 Thread 0x00000230deb47800 1482       4       gameEngine.Window::render (8 bytes)
Event: 132.887 Thread 0x00000230deb47800 nmethod 1482 0x00000230ca782c90 code [0x00000230ca782e20, 0x00000230ca782ee8]
Event: 166.325 Thread 0x00000230deb47800 1483       4       gameEngine.Timer::getTIme (9 bytes)
Event: 166.325 Thread 0x00000230deb47800 nmethod 1483 0x00000230ca783010 code [0x00000230ca7831c0, 0x00000230ca783218]
Event: 166.384 Thread 0x00000230deb47800 1485       4       gameEngine.Render::disable (5 bytes)
Event: 166.384 Thread 0x00000230deb56000 1484       3       gameEngine.Start::fps (223 bytes)
Event: 166.384 Thread 0x00000230deb47800 nmethod 1485 0x00000230ca783310 code [0x00000230ca7834a0, 0x00000230ca7834f8]
Event: 166.385 Thread 0x00000230deb56000 nmethod 1484 0x00000230c3434b10 code [0x00000230c3434d80, 0x00000230c34356b0]
Event: 166.385 Thread 0x00000230deb47800 1486       4       gameEngine.Start::fps (223 bytes)

GC Heap History (20 events):
Event: 77.682 GC heap before
{Heap before GC invocations=16 (full 0):
 garbage-first heap   total 324608K, used 113829K [0x0000000702200000, 0x0000000800000000)
  region size 1024K, 15 young (15360K), 2 survivors (2048K)
 Metaspace       used 7715K, capacity 10531K, committed 10752K, reserved 1058816K
  class space    used 367K, capacity 687K, committed 768K, reserved 1048576K
}
Event: 77.705 GC heap after
{Heap after GC invocations=17 (full 0):
 garbage-first heap   total 324608K, used 75153K [0x0000000702200000, 0x0000000800000000)
  region size 1024K, 2 young (2048K), 2 survivors (2048K)
 Metaspace       used 7715K, capacity 10531K, committed 10752K, reserved 1058816K
  class space    used 367K, capacity 687K, committed 768K, reserved 1048576K
}
Event: 103.030 GC heap before
{Heap before GC invocations=17 (full 0):
 garbage-first heap   total 324608K, used 210321K [0x0000000702200000, 0x0000000800000000)
  region size 1024K, 134 young (137216K), 2 survivors (2048K)
 Metaspace       used 7715K, capacity 10531K, committed 10752K, reserved 1058816K
  class space    used 367K, capacity 687K, committed 768K, reserved 1048576K
}
Event: 103.256 GC heap after
{Heap after GC invocations=18 (full 0):
 garbage-first heap   total 324608K, used 155839K [0x0000000702200000, 0x0000000800000000)
  region size 1024K, 17 young (17408K), 17 survivors (17408K)
 Metaspace       used 7715K, capacity 10531K, committed 10752K, reserved 1058816K
  class space    used 367K, capacity 687K, committed 768K, reserved 1048576K
}
Event: 114.778 GC heap before
{Heap before GC invocations=18 (full 0):
 garbage-first heap   total 324608K, used 217279K [0x0000000702200000, 0x0000000800000000)
  region size 1024K, 77 young (78848K), 17 survivors (17408K)
 Metaspace       used 7715K, capacity 10531K, committed 10752K, reserved 1058816K
  class space    used 367K, capacity 687K, committed 768K, reserved 1048576K
}
Event: 114.874 GC heap after
{Heap after GC invocations=19 (full 0):
 garbage-first heap   total 324608K, used 175104K [0x0000000702200000, 0x0000000800000000)
  region size 1024K, 10 young (10240K), 10 survivors (10240K)
 Metaspace       used 7715K, capacity 10531K, committed 10752K, reserved 1058816K
  class space    used 367K, capacity 687K, committed 768K, reserved 1048576K
}
Event: 124.288 GC heap before
{Heap before GC invocations=19 (full 0):
 garbage-first heap   total 324608K, used 225280K [0x0000000702200000, 0x0000000800000000)
  region size 1024K, 59 young (60416K), 10 survivors (10240K)
 Metaspace       used 7715K, capacity 10531K, committed 10752K, reserved 1058816K
  class space    used 367K, capacity 687K, committed 768K, reserved 1048576K
}
Event: 124.366 GC heap after
{Heap after GC invocations=20 (full 0):
 garbage-first heap   total 324608K, used 196096K [0x0000000702200000, 0x0000000800000000)
  region size 1024K, 8 young (8192K), 8 survivors (8192K)
 Metaspace       used 7715K, capacity 10531K, committed 10752K, reserved 1058816K
  class space    used 367K, capacity 687K, committed 768K, reserved 1048576K
}
Event: 132.491 GC heap before
{Heap before GC invocations=21 (full 0):
 garbage-first heap   total 324608K, used 226816K [0x0000000702200000, 0x0000000800000000)
  region size 1024K, 46 young (47104K), 8 survivors (8192K)
 Metaspace       used 7715K, capacity 10531K, committed 10752K, reserved 1058816K
  class space    used 367K, capacity 687K, committed 768K, reserved 1048576K
}
Event: 132.555 GC heap after
{Heap after GC invocations=22 (full 0):
 garbage-first heap   total 324608K, used 203776K [0x0000000702200000, 0x0000000800000000)
  region size 1024K, 6 young (6144K), 6 survivors (6144K)
 Metaspace       used 7715K, capacity 10531K, committed 10752K, reserved 1058816K
  class space    used 367K, capacity 687K, committed 768K, reserved 1048576K
}
Event: 134.741 GC heap before
{Heap before GC invocations=22 (full 0):
 garbage-first heap   total 324608K, used 212992K [0x0000000702200000, 0x0000000800000000)
  region size 1024K, 15 young (15360K), 6 survivors (6144K)
 Metaspace       used 7715K, capacity 10531K, committed 10752K, reserved 1058816K
  class space    used 367K, capacity 687K, committed 768K, reserved 1048576K
}
Event: 134.763 GC heap after
{Heap after GC invocations=23 (full 0):
 garbage-first heap   total 324608K, used 173056K [0x0000000702200000, 0x0000000800000000)
  region size 1024K, 2 young (2048K), 2 survivors (2048K)
 Metaspace       used 7715K, capacity 10531K, committed 10752K, reserved 1058816K
  class space    used 367K, capacity 687K, committed 768K, reserved 1048576K
}
Event: 137.741 GC heap before
{Heap before GC invocations=23 (full 0):
 garbage-first heap   total 324608K, used 186368K [0x0000000702200000, 0x0000000800000000)
  region size 1024K, 15 young (15360K), 2 survivors (2048K)
 Metaspace       used 7715K, capacity 10531K, committed 10752K, reserved 1058816K
  class space    used 367K, capacity 687K, committed 768K, reserved 1048576K
}
Event: 137.764 GC heap after
{Heap after GC invocations=24 (full 0):
 garbage-first heap   total 324608K, used 147912K [0x0000000702200000, 0x0000000800000000)
  region size 1024K, 2 young (2048K), 2 survivors (2048K)
 Metaspace       used 7715K, capacity 10531K, committed 10752K, reserved 1058816K
  class space    used 367K, capacity 687K, committed 768K, reserved 1048576K
}
Event: 140.809 GC heap before
{Heap before GC invocations=24 (full 0):
 garbage-first heap   total 324608K, used 161224K [0x0000000702200000, 0x0000000800000000)
  region size 1024K, 15 young (15360K), 2 survivors (2048K)
 Metaspace       used 7715K, capacity 10531K, committed 10752K, reserved 1058816K
  class space    used 367K, capacity 687K, committed 768K, reserved 1048576K
}
Event: 140.834 GC heap after
{Heap after GC invocations=25 (full 0):
 garbage-first heap   total 324608K, used 121856K [0x0000000702200000, 0x0000000800000000)
  region size 1024K, 2 young (2048K), 2 survivors (2048K)
 Metaspace       used 7715K, capacity 10531K, committed 10752K, reserved 1058816K
  class space    used 367K, capacity 687K, committed 768K, reserved 1048576K
}
Event: 144.006 GC heap before
{Heap before GC invocations=25 (full 0):
 garbage-first heap   total 324608K, used 135168K [0x0000000702200000, 0x0000000800000000)
  region size 1024K, 15 young (15360K), 2 survivors (2048K)
 Metaspace       used 7715K, capacity 10531K, committed 10752K, reserved 1058816K
  class space    used 367K, capacity 687K, committed 768K, reserved 1048576K
}
Event: 144.022 GC heap after
{Heap after GC invocations=26 (full 0):
 garbage-first heap   total 324608K, used 96975K [0x0000000702200000, 0x0000000800000000)
  region size 1024K, 2 young (2048K), 2 survivors (2048K)
 Metaspace       used 7715K, capacity 10531K, committed 10752K, reserved 1058816K
  class space    used 367K, capacity 687K, committed 768K, reserved 1048576K
}
Event: 165.354 GC heap before
{Heap before GC invocations=26 (full 0):
 garbage-first heap   total 324608K, used 198351K [0x0000000702200000, 0x0000000800000000)
  region size 1024K, 101 young (103424K), 2 survivors (2048K)
 Metaspace       used 7715K, capacity 10531K, committed 10752K, reserved 1058816K
  class space    used 367K, capacity 687K, committed 768K, reserved 1048576K
}
Event: 165.521 GC heap after
{Heap after GC invocations=27 (full 0):
 garbage-first heap   total 324608K, used 156867K [0x0000000702200000, 0x0000000800000000)
  region size 1024K, 13 young (13312K), 13 survivors (13312K)
 Metaspace       used 7715K, capacity 10531K, committed 10752K, reserved 1058816K
  class space    used 367K, capacity 687K, committed 768K, reserved 1048576K
}

Deoptimization events (20 events):
Event: 24.750 Thread 0x00000230de2a0000 DEOPT PACKING pc=0x00000230c3432b42 sp=0x000000c2a72ff290
Event: 24.750 Thread 0x00000230de2a0000 DEOPT UNPACKING pc=0x00000230c2c3964e sp=0x000000c2a72fe7a0 mode 0
Event: 24.754 Thread 0x00000230de2a0000 DEOPT PACKING pc=0x00000230c3432b42 sp=0x000000c2a72ff290
Event: 24.754 Thread 0x00000230de2a0000 DEOPT UNPACKING pc=0x00000230c2c3964e sp=0x000000c2a72fe7a0 mode 0
Event: 24.757 Thread 0x00000230de2a0000 DEOPT PACKING pc=0x00000230c3432b42 sp=0x000000c2a72ff290
Event: 24.757 Thread 0x00000230de2a0000 DEOPT UNPACKING pc=0x00000230c2c3964e sp=0x000000c2a72fe7a0 mode 0
Event: 24.779 Thread 0x00000230de2a0000 Uncommon trap: trap_request=0xffffffde fr.pc=0x00000230ca7551cc relative=0x0000000000000bcc
Event: 24.779 Thread 0x00000230de2a0000 Uncommon trap: reason=class_check action=maybe_recompile pc=0x00000230ca7551cc method=java.lang.ref.Reference.processPendingReferences()V @ 44 c2
Event: 24.779 Thread 0x00000230de2a0000 DEOPT PACKING pc=0x00000230ca7551cc sp=0x000000c2a72ff2f0
Event: 24.779 Thread 0x00000230de2a0000 DEOPT UNPACKING pc=0x00000230c2c3912f sp=0x000000c2a72ff2a8 mode 2
Event: 25.198 Thread 0x00000230de2a0000 DEOPT PACKING pc=0x00000230c3434472 sp=0x000000c2a72ff290
Event: 25.198 Thread 0x00000230de2a0000 DEOPT UNPACKING pc=0x00000230c2c3964e sp=0x000000c2a72fe7a0 mode 0
Event: 25.199 Thread 0x00000230de2a0000 Uncommon trap: trap_request=0xffffff45 fr.pc=0x00000230ca7552ec relative=0x0000000000000cec
Event: 25.199 Thread 0x00000230de2a0000 Uncommon trap: reason=unstable_if action=reinterpret pc=0x00000230ca7552ec method=java.lang.ref.Reference.processPendingReferences()V @ 28 c2
Event: 25.199 Thread 0x00000230de2a0000 DEOPT PACKING pc=0x00000230ca7552ec sp=0x000000c2a72ff2f0
Event: 25.199 Thread 0x00000230de2a0000 DEOPT UNPACKING pc=0x00000230c2c3912f sp=0x000000c2a72ff2a8 mode 2
Event: 166.264 Thread 0x00000230b83de000 Uncommon trap: trap_request=0xffffff45 fr.pc=0x00000230ca77f5e4 relative=0x00000000000004c4
Event: 166.264 Thread 0x00000230b83de000 Uncommon trap: reason=unstable_if action=reinterpret pc=0x00000230ca77f5e4 method=gameEngine.Start.fps()V @ 179 c2
Event: 166.264 Thread 0x00000230b83de000 DEOPT PACKING pc=0x00000230ca77f5e4 sp=0x000000c2a6bfef40
Event: 166.264 Thread 0x00000230b83de000 DEOPT UNPACKING pc=0x00000230c2c3912f sp=0x000000c2a6bfef08 mode 2

Classes unloaded (0 events):
No events

Classes redefined (0 events):
No events

Internal exceptions (5 events):
Event: 0.300 Thread 0x00000230b83de000 Exception <a 'java/lang/NoSuchMethodError'{0x0000000711622a78}: 'void java.lang.invoke.DelegatingMethodHandle$Holder.delegate(java.lang.Object, java.lang.Object, int, java.lang.Object)'> (0x0000000711622a78) 
thrown [c:/cygwin64/tmp/openjdk-jdk13u-windows-x64-hotspot/workspace/build/src/src/hotspot/share/interpreter/linkResolver.cpp, line 767]
Event: 0.301 Thread 0x00000230b83de000 Exception <a 'java/lang/NoSuchMethodError'{0x00000007116297d0}: 'java.lang.Object java.lang.invoke.DirectMethodHandle$Holder.invokeStaticInit(java.lang.Object, java.lang.Object, java.lang.Object)'> (0x00000007116297d0) 
thrown [c:/cygwin64/tmp/openjdk-jdk13u-windows-x64-hotspot/workspace/build/src/src/hotspot/share/interpreter/linkResolver.cpp, line 767]
Event: 1.639 Thread 0x00000230b83de000 Exception <a 'sun/nio/fs/WindowsException'{0x00000007110e2d60}> (0x00000007110e2d60) 
thrown [c:/cygwin64/tmp/openjdk-jdk13u-windows-x64-hotspot/workspace/build/src/src/hotspot/share/prims/jni.cpp, line 598]
Event: 1.639 Thread 0x00000230b83de000 Exception <a 'sun/nio/fs/WindowsException'{0x00000007110e3240}> (0x00000007110e3240) 
thrown [c:/cygwin64/tmp/openjdk-jdk13u-windows-x64-hotspot/workspace/build/src/src/hotspot/share/prims/jni.cpp, line 598]
Event: 25.199 Thread 0x00000230de2a0000 Implicit null exception at 0x00000230ca754822 to 0x00000230ca7552e2

Events (20 events):
Event: 114.778 Executing VM operation: G1CollectForAllocation
Event: 114.874 Executing VM operation: G1CollectForAllocation done
Event: 124.288 Executing VM operation: G1CollectForAllocation
Event: 124.366 Executing VM operation: G1CollectForAllocation done
Event: 124.628 Executing VM operation: G1Concurrent
Event: 124.673 Executing VM operation: G1Concurrent done
Event: 124.772 Executing VM operation: G1Concurrent
Event: 124.772 Executing VM operation: G1Concurrent done
Event: 132.491 Executing VM operation: G1CollectForAllocation
Event: 132.555 Executing VM operation: G1CollectForAllocation done
Event: 134.741 Executing VM operation: G1CollectForAllocation
Event: 134.763 Executing VM operation: G1CollectForAllocation done
Event: 137.741 Executing VM operation: G1CollectForAllocation
Event: 137.764 Executing VM operation: G1CollectForAllocation done
Event: 140.809 Executing VM operation: G1CollectForAllocation
Event: 140.834 Executing VM operation: G1CollectForAllocation done
Event: 144.006 Executing VM operation: G1CollectForAllocation
Event: 144.022 Executing VM operation: G1CollectForAllocation done
Event: 165.354 Executing VM operation: G1CollectForAllocation
Event: 165.521 Executing VM operation: G1CollectForAllocation done


Dynamic libraries:
0x00007ff69fcd0000 - 0x00007ff69fcdd000 	C:\Program Files\AdoptOpenJDK\jdk-13.0.1.9-hotspot\bin\javaw.exe
0x00007ffe4dca0000 - 0x00007ffe4de90000 	C:\WINDOWS\SYSTEM32\ntdll.dll
0x00007ffe4cf60000 - 0x00007ffe4d012000 	C:\WINDOWS\System32\KERNEL32.DLL
0x00007ffe4b200000 - 0x00007ffe4b4a3000 	C:\WINDOWS\System32\KERNELBASE.dll
0x00007ffe4b060000 - 0x00007ffe4b15a000 	C:\WINDOWS\System32\ucrtbase.dll
0x00007ffe47080000 - 0x00007ffe47098000 	C:\Program Files\AdoptOpenJDK\jdk-13.0.1.9-hotspot\bin\jli.dll
0x00007ffe41d10000 - 0x00007ffe41d26000 	C:\Program Files\AdoptOpenJDK\jdk-13.0.1.9-hotspot\bin\VCRUNTIME140.dll
0x00007ffe4c160000 - 0x00007ffe4c2f4000 	C:\WINDOWS\System32\USER32.dll
0x00007ffe4b030000 - 0x00007ffe4b051000 	C:\WINDOWS\System32\win32u.dll
0x00007ffe4dab0000 - 0x00007ffe4dad6000 	C:\WINDOWS\System32\GDI32.dll
0x00007ffe4ac30000 - 0x00007ffe4adc4000 	C:\WINDOWS\System32\gdi32full.dll
0x00007ffe4b160000 - 0x00007ffe4b1fe000 	C:\WINDOWS\System32\msvcp_win.dll
0x00007ffe39c60000 - 0x00007ffe39ee5000 	C:\WINDOWS\WinSxS\amd64_microsoft.windows.common-controls_6595b64144ccf1df_6.0.18362.535_none_e6c3b34713100821\COMCTL32.dll
0x00007ffe4c010000 - 0x00007ffe4c0ae000 	C:\WINDOWS\System32\msvcrt.dll
0x00007ffe4d640000 - 0x00007ffe4d976000 	C:\WINDOWS\System32\combase.dll
0x00007ffe4c4e0000 - 0x00007ffe4c600000 	C:\WINDOWS\System32\RPCRT4.dll
0x00007ffe4af50000 - 0x00007ffe4afd0000 	C:\WINDOWS\System32\bcryptPrimitives.dll
0x00007ffe4c370000 - 0x00007ffe4c39e000 	C:\WINDOWS\System32\IMM32.DLL
0x00007ffe1b2e0000 - 0x00007ffe1b37b000 	C:\Program Files\AdoptOpenJDK\jdk-13.0.1.9-hotspot\bin\msvcp140.dll
0x00007ffe0f600000 - 0x00007ffe101f4000 	C:\Program Files\AdoptOpenJDK\jdk-13.0.1.9-hotspot\bin\server\jvm.dll
0x00007ffe4dbb0000 - 0x00007ffe4dc53000 	C:\WINDOWS\System32\ADVAPI32.dll
0x00007ffe4c3a0000 - 0x00007ffe4c437000 	C:\WINDOWS\System32\sechost.dll
0x00007ffe4c000000 - 0x00007ffe4c008000 	C:\WINDOWS\System32\PSAPI.DLL
0x00007ffe26b40000 - 0x00007ffe26b49000 	C:\WINDOWS\SYSTEM32\WSOCK32.dll
0x00007ffe3f8f0000 - 0x00007ffe3f8fa000 	C:\WINDOWS\SYSTEM32\VERSION.dll
0x00007ffe48190000 - 0x00007ffe481b4000 	C:\WINDOWS\SYSTEM32\WINMM.dll
0x00007ffe4c300000 - 0x00007ffe4c36f000 	C:\WINDOWS\System32\WS2_32.dll
0x00007ffe48160000 - 0x00007ffe4818d000 	C:\WINDOWS\SYSTEM32\winmmbase.dll
0x00007ffe4bd00000 - 0x00007ffe4bd4a000 	C:\WINDOWS\System32\cfgmgr32.dll
0x00007ffe4ac10000 - 0x00007ffe4ac21000 	C:\WINDOWS\System32\kernel.appcore.dll
0x00007ffe41dc0000 - 0x00007ffe41dd0000 	C:\Program Files\AdoptOpenJDK\jdk-13.0.1.9-hotspot\bin\verify.dll
0x00007ffe49550000 - 0x00007ffe49744000 	C:\WINDOWS\SYSTEM32\DBGHELP.DLL
0x00007ffe2da70000 - 0x00007ffe2da9a000 	C:\WINDOWS\SYSTEM32\dbgcore.DLL
0x00007ffe38aa0000 - 0x00007ffe38ac6000 	C:\Program Files\AdoptOpenJDK\jdk-13.0.1.9-hotspot\bin\java.dll
0x00007ffe2d170000 - 0x00007ffe2d187000 	C:\Program Files\AdoptOpenJDK\jdk-13.0.1.9-hotspot\bin\zip.dll
0x00007ffe41d60000 - 0x00007ffe41d6a000 	C:\Program Files\AdoptOpenJDK\jdk-13.0.1.9-hotspot\bin\jimage.dll
0x00007ffe4c6c0000 - 0x00007ffe4cda5000 	C:\WINDOWS\System32\SHELL32.dll
0x00007ffe4c0b0000 - 0x00007ffe4c159000 	C:\WINDOWS\System32\shcore.dll
0x00007ffe4b4b0000 - 0x00007ffe4bc2f000 	C:\WINDOWS\System32\windows.storage.dll
0x00007ffe4abf0000 - 0x00007ffe4ac0f000 	C:\WINDOWS\System32\profapi.dll
0x00007ffe4aba0000 - 0x00007ffe4abea000 	C:\WINDOWS\System32\powrprof.dll
0x00007ffe4ab70000 - 0x00007ffe4ab80000 	C:\WINDOWS\System32\UMPDC.dll
0x00007ffe4bfa0000 - 0x00007ffe4bff2000 	C:\WINDOWS\System32\shlwapi.dll
0x00007ffe4bc30000 - 0x00007ffe4bc47000 	C:\WINDOWS\System32\cryptsp.dll
0x00007ffe28400000 - 0x00007ffe28419000 	C:\Program Files\AdoptOpenJDK\jdk-13.0.1.9-hotspot\bin\net.dll
0x00007ffe3b0c0000 - 0x00007ffe3b1b0000 	C:\WINDOWS\SYSTEM32\WINHTTP.dll
0x00007ffe4a3e0000 - 0x00007ffe4a447000 	C:\WINDOWS\system32\mswsock.dll
0x00007ffe283e0000 - 0x00007ffe283f3000 	C:\Program Files\AdoptOpenJDK\jdk-13.0.1.9-hotspot\bin\nio.dll
0x00007ffe385c0000 - 0x00007ffe38620000 	C:\Users\jtkom\AppData\Local\Temp\lwjgljtkom\3.2.1-build-3\lwjgl.dll
0x00007ffe1a0e0000 - 0x00007ffe1a13e000 	C:\Users\jtkom\AppData\Local\Temp\lwjgljtkom\3.2.1-build-3\glfw.dll
0x00007ffe48b90000 - 0x00007ffe48c29000 	C:\WINDOWS\system32\uxtheme.dll
0x00007ffe2d210000 - 0x00007ffe2d253000 	C:\WINDOWS\SYSTEM32\dinput8.dll
0x00007ffe237e0000 - 0x00007ffe237f1000 	C:\WINDOWS\SYSTEM32\xinput1_4.dll
0x00007ffe4a970000 - 0x00007ffe4a99a000 	C:\WINDOWS\SYSTEM32\DEVOBJ.dll
0x00007ffe48ee0000 - 0x00007ffe48f0d000 	C:\WINDOWS\SYSTEM32\dwmapi.dll
0x00007ffe3e330000 - 0x00007ffe3e44a000 	C:\WINDOWS\SYSTEM32\inputhost.dll
0x00007ffe46590000 - 0x00007ffe466e3000 	C:\WINDOWS\SYSTEM32\wintypes.dll
0x00007ffe487e0000 - 0x00007ffe488b4000 	C:\WINDOWS\SYSTEM32\CoreMessaging.dll
0x00007ffe467c0000 - 0x00007ffe46aea000 	C:\WINDOWS\SYSTEM32\CoreUIComponents.dll
0x00007ffe471d0000 - 0x00007ffe472bf000 	C:\WINDOWS\SYSTEM32\PROPSYS.dll
0x00007ffe4d980000 - 0x00007ffe4da44000 	C:\WINDOWS\System32\OLEAUT32.dll
0x00007ffe49cc0000 - 0x00007ffe49cf1000 	C:\WINDOWS\SYSTEM32\ntmarta.dll
0x00007ffe4d500000 - 0x00007ffe4d635000 	C:\WINDOWS\System32\MSCTF.dll
0x00007ffde38d0000 - 0x00007ffde39dd000 	C:\Program Files (x86)\Razer\Razer Cortex\x64\k_fps64.dll
0x00007ffde3600000 - 0x00007ffde3657000 	C:\Program Files (x86)\Razer\Razer Cortex\x64\EasyHook64.dll
0x00007ffde3660000 - 0x00007ffde38cf000 	C:\Program Files (x86)\Razer\Razer Cortex\x64\D3DCOMPILER_43.dll
0x00007ffdf8200000 - 0x00007ffdf827f000 	C:\Program Files (x86)\Razer\Razer Cortex\x64\d3dx10_43.dll
0x00007ffe4bd50000 - 0x00007ffe4bea6000 	C:\WINDOWS\System32\ole32.dll
0x00007ffe1f540000 - 0x00007ffe1f696000 	C:\WINDOWS\SYSTEM32\OPENGL32.dll
0x00007ffde3390000 - 0x00007ffde35f3000 	C:\Program Files (x86)\Razer\Razer Cortex\x64\d3dx9_43.dll
0x00007ffe25be0000 - 0x00007ffe25c0c000 	C:\WINDOWS\SYSTEM32\GLU32.dll
0x00007ffe497c0000 - 0x00007ffe497e0000 	C:\WINDOWS\SYSTEM32\dxcore.dll
0x00007ffe49420000 - 0x00007ffe4942e000 	C:\WINDOWS\SYSTEM32\HID.DLL
0x00007ffe4d020000 - 0x00007ffe4d490000 	C:\WINDOWS\System32\SETUPAPI.DLL
0x00007ffe4add0000 - 0x00007ffe4adf6000 	C:\WINDOWS\System32\bcrypt.dll
0x00007ffe4afd0000 - 0x00007ffe4b02c000 	C:\WINDOWS\System32\WINTRUST.dll
0x00007ffe4ab80000 - 0x00007ffe4ab92000 	C:\WINDOWS\System32\MSASN1.dll
0x00007ffe4ae00000 - 0x00007ffe4af49000 	C:\WINDOWS\System32\CRYPT32.dll
0x0000000069440000 - 0x000000006ba79000 	C:\WINDOWS\System32\DriverStore\FileRepository\nvlti.inf_amd64_c0cfdefe088aa746\nvoglv64.dll
0x00007ffe47330000 - 0x00007ffe47343000 	C:\WINDOWS\SYSTEM32\WTSAPI32.dll
0x00007ffdfbae0000 - 0x00007ffdfbda2000 	C:\WINDOWS\system32\nvspcap64.dll
0x00007ffe49f80000 - 0x00007ffe49fdc000 	C:\WINDOWS\SYSTEM32\WINSTA.dll
0x00007ffe49850000 - 0x00007ffe4993b000 	C:\WINDOWS\SYSTEM32\dxgi.dll
0x00007ffe47aa0000 - 0x00007ffe47cfb000 	C:\WINDOWS\SYSTEM32\d3d11.dll
0x00007ffe1adb0000 - 0x00007ffe1ae9e000 	C:\WINDOWS\System32\DriverStore\FileRepository\nvlti.inf_amd64_c0cfdefe088aa746\nvldumdx.dll
0x00007ffe4c4c0000 - 0x00007ffe4c4dd000 	C:\WINDOWS\System32\imagehlp.dll
0x00007ffe49ef0000 - 0x00007ffe49f23000 	C:\WINDOWS\system32\rsaenh.dll
0x00007ffe4a5b0000 - 0x00007ffe4a5bc000 	C:\WINDOWS\SYSTEM32\CRYPTBASE.dll
0x00007ffdec090000 - 0x00007ffdee6eb000 	C:\WINDOWS\System32\DriverStore\FileRepository\nvlti.inf_amd64_c0cfdefe088aa746\nvwgf2umx.dll
0x00007ffe3a3b0000 - 0x00007ffe3a8a7000 	C:\WINDOWS\SYSTEM32\nvapi64.dll
0x00007ffe3e450000 - 0x00007ffe3e4ee000 	C:\WINDOWS\System32\TextInputFramework.dll
0x00007ffe3cd50000 - 0x00007ffe3cff6000 	C:\WINDOWS\System32\iertutil.dll
0x00007ffe12a60000 - 0x00007ffe12aba000 	C:\Users\jtkom\AppData\Local\Temp\lwjgljtkom\3.2.1-build-3\lwjgl_opengl.dll
0x00007ffe47300000 - 0x00007ffe47303000 	C:\Users\jtkom\AppData\Local\Temp\jomljtkom\a2476102\joml.dll
0x00007ffe41f30000 - 0x00007ffe42d80000 	C:\WINDOWS\System32\DriverStore\FileRepository\igdlh64.inf_amd64_ba34b5e302b5992f\igd10iumd64.dll
0x00007ffe4a6b0000 - 0x00007ffe4a6d6000 	C:\WINDOWS\SYSTEM32\ncrypt.dll
0x00007ffe4a670000 - 0x00007ffe4a6ab000 	C:\WINDOWS\SYSTEM32\NTASN1.dll
0x00007ffe41bb0000 - 0x00007ffe41ccd000 	C:\WINDOWS\System32\DriverStore\FileRepository\igdlh64.inf_amd64_ba34b5e302b5992f\igdgmm64.dll
0x00007ffe3f900000 - 0x00007ffe41ba5000 	C:\WINDOWS\System32\DriverStore\FileRepository\igdlh64.inf_amd64_ba34b5e302b5992f\igc64.dll

dbghelp: loaded successfully - version: 4.0.5 - missing functions: none
symbol engine: initialized successfully - sym options: 0x614 - pdb path: .;C:\Program Files\AdoptOpenJDK\jdk-13.0.1.9-hotspot\bin;C:\WINDOWS\SYSTEM32;C:\WINDOWS\WinSxS\amd64_microsoft.windows.common-controls_6595b64144ccf1df_6.0.18362.535_none_e6c3b34713100821;C:\Program Files\AdoptOpenJDK\jdk-13.0.1.9-hotspot\bin\server;C:\Users\jtkom\AppData\Local\Temp\lwjgljtkom\3.2.1-build-3;C:\Program Files (x86)\Razer\Razer Cortex\x64;C:\WINDOWS\System32\DriverStore\FileRepository\nvlti.inf_amd64_c0cfdefe088aa746;C:\Users\jtkom\AppData\Local\Temp\jomljtkom\a2476102;C:\WINDOWS\System32\DriverStore\FileRepository\igdlh64.inf_amd64_ba34b5e302b5992f

VM Arguments:
jvm_args: -Dfile.encoding=Cp1252 
java_command: gameEngine.Start
java_class_path (initial): D:\game3\Game\src;D:\game3\Game\libwin\joml-1.9.9-sources.jar;D:\game3\Game\libwin\joml-1.9.9.jar;D:\game3\Game\libwin\lwjgl-assimp-javadoc.jar;D:\game3\Game\libwin\lwjgl-assimp-natives-windows.jar;D:\game3\Game\libwin\lwjgl-assimp-sources.jar;D:\game3\Game\libwin\lwjgl-assimp.jar;D:\game3\Game\libwin\lwjgl-bgfx-javadoc.jar;D:\game3\Game\libwin\lwjgl-bgfx-natives-windows.jar;D:\game3\Game\libwin\lwjgl-bgfx-sources.jar;D:\game3\Game\libwin\lwjgl-bgfx.jar;D:\game3\Game\libwin\lwjgl-egl-javadoc.jar;D:\game3\Game\libwin\lwjgl-egl-sources.jar;D:\game3\Game\libwin\lwjgl-egl.jar;D:\game3\Game\libwin\lwjgl-glfw-javadoc.jar;D:\game3\Game\libwin\lwjgl-glfw-natives-windows.jar;D:\game3\Game\libwin\lwjgl-glfw-sources.jar;D:\game3\Game\libwin\lwjgl-glfw.jar;D:\game3\Game\libwin\lwjgl-javadoc.jar;D:\game3\Game\libwin\lwjgl-jawt-javadoc.jar;D:\game3\Game\libwin\lwjgl-jawt-sources.jar;D:\game3\Game\libwin\lwjgl-jawt.jar;D:\game3\Game\libwin\lwjgl-jemalloc-javadoc.jar;D:\game3\Game\libwin\lwjgl-jemalloc-natives-windows.jar;D:\game3\Game\libwin\lwjgl-jemalloc-sources.jar;D:\game3\Game\libwin\lwjgl-jemalloc.jar;D:\game3\Game\libwin\lwjgl-lmdb-javadoc.jar;D:\game3\Game\libwin\lwjgl-lmdb-natives-windows.jar;D:\game3\Game\libwin\lwjgl-lmdb-sources.jar;D:\game3\Game\libwin\lwjgl-lmdb.jar;D:\game3\Game\libwin\lwjgl-lz4-javadoc.jar;D:\game3\Game\libwin\lwjgl-lz4-natives-windows.jar;D:\game3\Game\libwin\lwjgl-lz4-sources.jar;D:\game3\Game\libwin\lwjgl-lz4.jar;D:\game3\Game\libwin\lwjgl-nanovg-javadoc.jar;D:\game3\Game\libwin\lwjgl-nanovg-natives-windows.jar;D:\game3\Game\libwin\lwjgl-nanovg-sources.jar;D:\game3\Game\libwin\lwjgl-nanovg.jar;D:\game3\Game\libwin\lwjgl-natives-windows.jar;D:\game3\Game\libwin\lwjgl-nfd-javadoc.jar;D:\game3\Game\libwin\lwjgl-nfd-natives-windows.jar;D:\game3\Game\libwin\lwjgl-nfd-sources.jar;D:\game3\Game\libwin\lwjgl-nfd.jar;D:\game3\Game\libwin\lwjgl-nuklear-javadoc.jar;D:\game3\Game\libwin\lwjgl-nuklear-natives-windows.jar;D:\game3
Launcher Type: SUN_STANDARD

[Global flags]
     intx CICompilerCount                          = 4                                         {product} {ergonomic}
     uint ConcGCThreads                            = 2                                         {product} {ergonomic}
     uint G1ConcRefinementThreads                  = 8                                         {product} {ergonomic}
   size_t G1HeapRegionSize                         = 1048576                                   {product} {ergonomic}
    uintx GCDrainStackTargetSize                   = 64                                        {product} {ergonomic}
   size_t InitialHeapSize                          = 266338304                                 {product} {ergonomic}
   size_t MarkStackSize                            = 4194304                                   {product} {ergonomic}
   size_t MaxHeapSize                              = 4259315712                                {product} {ergonomic}
   size_t MaxNewSize                               = 2555379712                                {product} {ergonomic}
   size_t MinHeapDeltaBytes                        = 1048576                                   {product} {ergonomic}
   size_t MinHeapSize                              = 8388608                                   {product} {ergonomic}
    uintx NonNMethodCodeHeapSize                   = 5836300                                {pd product} {ergonomic}
    uintx NonProfiledCodeHeapSize                  = 122910970                              {pd product} {ergonomic}
    uintx ProfiledCodeHeapSize                     = 122910970                              {pd product} {ergonomic}
    uintx ReservedCodeCacheSize                    = 251658240                              {pd product} {ergonomic}
     bool SegmentedCodeCache                       = true                                      {product} {ergonomic}
   size_t SoftMaxHeapSize                          = 4259315712                             {manageable} {ergonomic}
     bool UseCompressedClassPointers               = true                                 {lp64_product} {ergonomic}
     bool UseCompressedOops                        = true                                 {lp64_product} {ergonomic}
     bool UseG1GC                                  = true                                      {product} {ergonomic}
     bool UseLargePagesIndividualAllocation        = false                                  {pd product} {ergonomic}

Logging:
Log output configuration:
 #0: stdout all=warning uptime,level,tags
 #1: stderr all=off uptime,level,tags

Environment Variables:
JAVA_HOME=C:\Program Files\Java\jdk-10.0.2
PATH=C:/Program Files/AdoptOpenJDK/jdk-13.0.1.9-hotspot/bin/client;C:/Program Files/AdoptOpenJDK/jdk-13.0.1.9-hotspot/bin;C:\Program Files\AdoptOpenJDK\jdk-13.0.1.9-hotspot\bin;C:\Program Files\Python37\Scripts\;C:\Program Files\Python37\;C:\Program Files (x86)\Common Files\Oracle\Java\javapath;C:\Program Files\Intel\Intel(R) Management Engine Components\iCLS\;C:\Windows\system32;C:\Windows;C:\Windows\System32\Wbem;C:\Windows\System32\WindowsPowerShell\v1.0\;C:\Windows\System32\OpenSSH\;C:\Program Files (x86)\Intel\Intel(R) Management Engine Components\DAL;C:\Program Files\Intel\Intel(R) Management Engine Components\DAL;C:\Program Files (x86)\Intel\Intel(R) Management Engine Components\IPT;C:\Program Files\Intel\Intel(R) Management Engine Components\IPT;C:\android-sdk\tools;C:\android-sdk\platform-tools;C:\Users\jtkom\AppData\Local\Microsoft\WindowsApps;C:\adb;C:\Program Files\Microsoft VS Code\bin;C:\Program Files\Git\cmd;C:\Users\jtkom\eclipse\java-photon\eclipse.exe;C:\Program Files\NASM;C:\Program Files\Python37\Scripts;C:\Program Files (x86)\NVIDIA Corporation\PhysX\Common;C:\apache-maven-3.6.0\bin;C:\Program Files\dotnet\;C:\Program Files\Java\jdk-10.0.2;C:\eda\ghdl\GHDL\20181129-mingw32-mcode\bin;C:\eda\gtkwave\gtkwave\bin;C:\eda;C:\WINDOWS\system32;C:\WINDOWS;C:\WINDOWS\System32\Wbem;C:\WINDOWS\System32\WindowsPowerShell\v1.0\;C:\WINDOWS\System32\OpenSSH\;C:\Program Files\NVIDIA Corporation\NVIDIA NvDLISR;C:\Gradle\gradle-5.6.3-all;C:\Gradle\gradle-5.6.3-all\gradle-5.6.3\bin;C:\Users\jtkom\AppData\Local\Microsoft\WindowsApps;C:\Users\jtkom\AppData\Local\GitHubDesktop\bin;C:\Users\jtkom\AppData\Local\Programs\Microsoft VS Code\bin;C:\Users\jtkom\AppData\Local\Microsoft\WindowsApps;;C:\Program Files\JetBrains\IntelliJ IDEA Community Edition 2019.2.3\bin;;C:\CodeRepository\eclipse;
USERNAME=jtkom
OS=Windows_NT
PROCESSOR_IDENTIFIER=Intel64 Family 6 Model 158 Stepping 9, GenuineIntel



---------------  S Y S T E M  ---------------

OS: Windows 10 , 64 bit Build 18362 (10.0.18362.329)

CPU:total 8 (initial active 8) (4 cores per cpu, 2 threads per core) family 6 model 158 stepping 9, cmov, cx8, fxsr, mmx, sse, sse2, sse3, ssse3, sse4.1, sse4.2, popcnt, avx, avx2, aes, clmul, erms, 3dnowpref, lzcnt, ht, tsc, tscinvbit, bmi1, bmi2, adx, fma

Memory: 4k page, system-wide physical 16244M (8619M free)
TotalPageFile size 65396M (AvailPageFile size 4M)
current process WorkingSet (physical memory assigned to process): 676M, peak: 676M
current process commit charge ("private bytes"): 6838M, peak: 6838M

vm_info: OpenJDK 64-Bit Server VM (13.0.1+9) for windows-amd64 JRE (13.0.1+9), built on Oct 26 2019 10:16:33 by "" with MS VC++ 15.8 (VS2017)

END.
